[2023-03-29T01:10:30.509+0000] {taskinstance.py:1084} INFO - Dependencies all met for dep_context=non-requeueable deps ti=<TaskInstance: my_dag.my_task scheduled__2023-03-29T01:05:00+00:00 [queued]>
[2023-03-29T01:10:30.683+0000] {taskinstance.py:1084} INFO - Dependencies all met for dep_context=requeueable deps ti=<TaskInstance: my_dag.my_task scheduled__2023-03-29T01:05:00+00:00 [queued]>
[2023-03-29T01:10:30.688+0000] {taskinstance.py:1282} INFO - 
--------------------------------------------------------------------------------
[2023-03-29T01:10:30.691+0000] {taskinstance.py:1283} INFO - Starting attempt 1 of 1
[2023-03-29T01:10:30.694+0000] {taskinstance.py:1284} INFO - 
--------------------------------------------------------------------------------
[2023-03-29T01:10:31.146+0000] {taskinstance.py:1303} INFO - Executing <Task(BashOperator): my_task> on 2023-03-29 01:05:00+00:00
[2023-03-29T01:10:31.738+0000] {standard_task_runner.py:55} INFO - Started process 1063 to run task
[2023-03-29T01:10:31.784+0000] {standard_task_runner.py:82} INFO - Running: ['***', 'tasks', 'run', 'my_dag', 'my_task', 'scheduled__2023-03-29T01:05:00+00:00', '--job-id', '287', '--raw', '--subdir', 'DAGS_FOLDER/test.py', '--cfg-path', '/tmp/tmpox47c76g']
[2023-03-29T01:10:31.814+0000] {standard_task_runner.py:83} INFO - Job 287: Subtask my_task
[2023-03-29T01:10:32.074+0000] {task_command.py:388} INFO - Running <TaskInstance: my_dag.my_task scheduled__2023-03-29T01:05:00+00:00 [running]> on host 18cf4662f3ac
[2023-03-29T01:40:31.743+0000] {taskinstance.py:1511} INFO - Exporting the following env vars:
AIRFLOW_CTX_DAG_OWNER=***
AIRFLOW_CTX_DAG_ID=my_dag
AIRFLOW_CTX_TASK_ID=my_task
AIRFLOW_CTX_EXECUTION_DATE=2023-03-29T01:05:00+00:00
AIRFLOW_CTX_TRY_NUMBER=1
AIRFLOW_CTX_DAG_RUN_ID=scheduled__2023-03-29T01:05:00+00:00
[2023-03-29T01:40:32.420+0000] {subprocess.py:63} INFO - Tmp dir root location: 
 /tmp
[2023-03-29T01:40:32.434+0000] {subprocess.py:75} INFO - Running command: ['/bin/bash', '-c', 'for i in {1..5}; do echo $i; sleep 1; done']
[2023-03-29T01:40:32.839+0000] {subprocess.py:86} INFO - Output:
[2023-03-29T01:40:33.121+0000] {subprocess.py:93} INFO - 1
[2023-03-29T01:40:34.266+0000] {subprocess.py:93} INFO - 2
[2023-03-29T01:40:44.478+0000] {subprocess.py:93} INFO - 3
[2023-03-29T01:40:46.947+0000] {subprocess.py:93} INFO - 4
[2023-03-29T01:40:47.914+0000] {subprocess.py:93} INFO - 5
[2023-03-29T01:40:49.525+0000] {subprocess.py:97} INFO - Command exited with return code 0
[2023-03-29T01:41:02.747+0000] {taskinstance.py:1326} INFO - Marking task as SUCCESS. dag_id=my_dag, task_id=my_task, execution_date=20230329T010500, start_date=20230329T011030, end_date=20230329T014102
[2023-03-29T01:41:12.366+0000] {local_task_job.py:212} INFO - Task exited with return code 0
[2023-03-29T01:41:17.432+0000] {taskinstance.py:2585} INFO - 0 downstream tasks scheduled from follow-on schedule check
