[2023-03-27T11:28:35.820+0000] {processor.py:153} INFO - Started process (PID=95) to work on /home/airflow/.local/lib/python3.7/site-packages/airflow/example_dags/example_branch_labels.py
[2023-03-27T11:28:35.838+0000] {processor.py:743} INFO - Processing file /home/airflow/.local/lib/python3.7/site-packages/airflow/example_dags/example_branch_labels.py for tasks to queue
[2023-03-27T11:28:35.861+0000] {logging_mixin.py:137} INFO - [2023-03-27T11:28:35.851+0000] {dagbag.py:532} INFO - Filling up the DagBag from /home/airflow/.local/lib/python3.7/site-packages/airflow/example_dags/example_branch_labels.py
[2023-03-27T11:28:36.528+0000] {processor.py:753} INFO - DAG(s) dict_keys(['example_branch_labels']) retrieved from /home/airflow/.local/lib/python3.7/site-packages/airflow/example_dags/example_branch_labels.py
[2023-03-27T11:28:37.863+0000] {logging_mixin.py:137} INFO - [2023-03-27T11:28:37.832+0000] {dag.py:2693} INFO - Sync 1 DAGs
[2023-03-27T11:28:45.081+0000] {logging_mixin.py:137} INFO - [2023-03-27T11:28:45.053+0000] {dag.py:3444} INFO - Setting next_dagrun for example_branch_labels to 2023-03-26T00:00:00+00:00, run_after=2023-03-27T00:00:00+00:00
[2023-03-27T11:28:46.321+0000] {processor.py:175} INFO - Processing /home/airflow/.local/lib/python3.7/site-packages/airflow/example_dags/example_branch_labels.py took 10.606 seconds
[2023-03-27T11:47:44.955+0000] {processor.py:153} INFO - Started process (PID=86) to work on /home/airflow/.local/lib/python3.7/site-packages/airflow/example_dags/example_branch_labels.py
[2023-03-27T11:47:45.099+0000] {processor.py:743} INFO - Processing file /home/airflow/.local/lib/python3.7/site-packages/airflow/example_dags/example_branch_labels.py for tasks to queue
[2023-03-27T11:47:45.186+0000] {logging_mixin.py:137} INFO - [2023-03-27T11:47:45.186+0000] {dagbag.py:532} INFO - Filling up the DagBag from /home/airflow/.local/lib/python3.7/site-packages/airflow/example_dags/example_branch_labels.py
[2023-03-27T11:47:46.261+0000] {processor.py:753} INFO - DAG(s) dict_keys(['example_branch_labels']) retrieved from /home/airflow/.local/lib/python3.7/site-packages/airflow/example_dags/example_branch_labels.py
[2023-03-27T11:47:49.968+0000] {logging_mixin.py:137} INFO - [2023-03-27T11:47:49.945+0000] {dag.py:2693} INFO - Sync 1 DAGs
[2023-03-27T11:47:50.887+0000] {logging_mixin.py:137} INFO - [2023-03-27T11:47:50.887+0000] {dag.py:3444} INFO - Setting next_dagrun for example_branch_labels to 2023-03-26T00:00:00+00:00, run_after=2023-03-27T00:00:00+00:00
[2023-03-27T11:47:54.279+0000] {processor.py:175} INFO - Processing /home/airflow/.local/lib/python3.7/site-packages/airflow/example_dags/example_branch_labels.py took 9.656 seconds
[2023-03-27T11:54:43.740+0000] {processor.py:153} INFO - Started process (PID=205) to work on /home/airflow/.local/lib/python3.7/site-packages/airflow/example_dags/example_branch_labels.py
[2023-03-27T11:54:44.495+0000] {processor.py:743} INFO - Processing file /home/airflow/.local/lib/python3.7/site-packages/airflow/example_dags/example_branch_labels.py for tasks to queue
[2023-03-27T11:54:44.545+0000] {logging_mixin.py:137} INFO - [2023-03-27T11:54:44.539+0000] {dagbag.py:532} INFO - Filling up the DagBag from /home/airflow/.local/lib/python3.7/site-packages/airflow/example_dags/example_branch_labels.py
[2023-03-27T11:54:50.100+0000] {processor.py:753} INFO - DAG(s) dict_keys(['example_branch_labels']) retrieved from /home/airflow/.local/lib/python3.7/site-packages/airflow/example_dags/example_branch_labels.py
[2023-03-27T11:54:55.201+0000] {logging_mixin.py:137} INFO - [2023-03-27T11:54:55.127+0000] {dag.py:2693} INFO - Sync 1 DAGs
[2023-03-27T11:55:08.637+0000] {logging_mixin.py:137} INFO - [2023-03-27T11:55:08.572+0000] {dag.py:3444} INFO - Setting next_dagrun for example_branch_labels to 2023-03-26T00:00:00+00:00, run_after=2023-03-27T00:00:00+00:00
[2023-03-27T13:23:29.634+0000] {processor.py:153} INFO - Started process (PID=163) to work on /home/airflow/.local/lib/python3.7/site-packages/airflow/example_dags/example_branch_labels.py
[2023-03-27T13:23:30.431+0000] {processor.py:743} INFO - Processing file /home/airflow/.local/lib/python3.7/site-packages/airflow/example_dags/example_branch_labels.py for tasks to queue
[2023-03-27T13:23:30.499+0000] {logging_mixin.py:137} INFO - [2023-03-27T13:23:30.499+0000] {dagbag.py:532} INFO - Filling up the DagBag from /home/airflow/.local/lib/python3.7/site-packages/airflow/example_dags/example_branch_labels.py
[2023-03-27T13:23:33.455+0000] {processor.py:753} INFO - DAG(s) dict_keys(['example_branch_labels']) retrieved from /home/airflow/.local/lib/python3.7/site-packages/airflow/example_dags/example_branch_labels.py
[2023-03-27T13:23:35.324+0000] {logging_mixin.py:137} INFO - [2023-03-27T13:23:35.323+0000] {dag.py:2693} INFO - Sync 1 DAGs
[2023-03-27T13:23:44.784+0000] {logging_mixin.py:137} INFO - [2023-03-27T13:23:44.771+0000] {dag.py:3444} INFO - Setting next_dagrun for example_branch_labels to 2023-03-26T00:00:00+00:00, run_after=2023-03-27T00:00:00+00:00
[2023-03-27T13:23:47.995+0000] {processor.py:175} INFO - Processing /home/airflow/.local/lib/python3.7/site-packages/airflow/example_dags/example_branch_labels.py took 20.581 seconds
[2023-03-27T13:26:42.107+0000] {processor.py:153} INFO - Started process (PID=238) to work on /home/airflow/.local/lib/python3.7/site-packages/airflow/example_dags/example_branch_labels.py
[2023-03-27T13:26:42.124+0000] {processor.py:743} INFO - Processing file /home/airflow/.local/lib/python3.7/site-packages/airflow/example_dags/example_branch_labels.py for tasks to queue
[2023-03-27T13:26:42.131+0000] {logging_mixin.py:137} INFO - [2023-03-27T13:26:42.131+0000] {dagbag.py:532} INFO - Filling up the DagBag from /home/airflow/.local/lib/python3.7/site-packages/airflow/example_dags/example_branch_labels.py
[2023-03-27T13:26:42.457+0000] {processor.py:753} INFO - DAG(s) dict_keys(['example_branch_labels']) retrieved from /home/airflow/.local/lib/python3.7/site-packages/airflow/example_dags/example_branch_labels.py
[2023-03-27T13:26:42.638+0000] {logging_mixin.py:137} INFO - [2023-03-27T13:26:42.637+0000] {dag.py:2693} INFO - Sync 1 DAGs
[2023-03-27T13:26:44.481+0000] {logging_mixin.py:137} INFO - [2023-03-27T13:26:44.481+0000] {dag.py:3444} INFO - Setting next_dagrun for example_branch_labels to 2023-03-26T00:00:00+00:00, run_after=2023-03-27T00:00:00+00:00
[2023-03-27T13:26:44.744+0000] {processor.py:175} INFO - Processing /home/airflow/.local/lib/python3.7/site-packages/airflow/example_dags/example_branch_labels.py took 2.740 seconds
[2023-03-27T13:28:49.961+0000] {processor.py:153} INFO - Started process (PID=302) to work on /home/airflow/.local/lib/python3.7/site-packages/airflow/example_dags/example_branch_labels.py
[2023-03-27T13:28:49.996+0000] {processor.py:743} INFO - Processing file /home/airflow/.local/lib/python3.7/site-packages/airflow/example_dags/example_branch_labels.py for tasks to queue
[2023-03-27T13:28:50.067+0000] {logging_mixin.py:137} INFO - [2023-03-27T13:28:50.066+0000] {dagbag.py:532} INFO - Filling up the DagBag from /home/airflow/.local/lib/python3.7/site-packages/airflow/example_dags/example_branch_labels.py
[2023-03-27T13:28:50.534+0000] {processor.py:753} INFO - DAG(s) dict_keys(['example_branch_labels']) retrieved from /home/airflow/.local/lib/python3.7/site-packages/airflow/example_dags/example_branch_labels.py
[2023-03-27T13:28:50.901+0000] {logging_mixin.py:137} INFO - [2023-03-27T13:28:50.901+0000] {dag.py:2693} INFO - Sync 1 DAGs
[2023-03-27T13:28:52.589+0000] {logging_mixin.py:137} INFO - [2023-03-27T13:28:52.589+0000] {dag.py:3444} INFO - Setting next_dagrun for example_branch_labels to 2023-03-26T00:00:00+00:00, run_after=2023-03-27T00:00:00+00:00
[2023-03-27T13:28:53.076+0000] {processor.py:175} INFO - Processing /home/airflow/.local/lib/python3.7/site-packages/airflow/example_dags/example_branch_labels.py took 3.307 seconds
[2023-03-27T13:30:58.256+0000] {processor.py:153} INFO - Started process (PID=361) to work on /home/airflow/.local/lib/python3.7/site-packages/airflow/example_dags/example_branch_labels.py
[2023-03-27T13:30:58.306+0000] {processor.py:743} INFO - Processing file /home/airflow/.local/lib/python3.7/site-packages/airflow/example_dags/example_branch_labels.py for tasks to queue
[2023-03-27T13:30:58.472+0000] {logging_mixin.py:137} INFO - [2023-03-27T13:30:58.472+0000] {dagbag.py:532} INFO - Filling up the DagBag from /home/airflow/.local/lib/python3.7/site-packages/airflow/example_dags/example_branch_labels.py
[2023-03-27T13:30:59.531+0000] {processor.py:753} INFO - DAG(s) dict_keys(['example_branch_labels']) retrieved from /home/airflow/.local/lib/python3.7/site-packages/airflow/example_dags/example_branch_labels.py
[2023-03-27T13:31:02.720+0000] {logging_mixin.py:137} INFO - [2023-03-27T13:31:02.720+0000] {dag.py:2693} INFO - Sync 1 DAGs
[2023-03-27T13:31:03.485+0000] {logging_mixin.py:137} INFO - [2023-03-27T13:31:03.484+0000] {dag.py:3444} INFO - Setting next_dagrun for example_branch_labels to 2023-03-26T00:00:00+00:00, run_after=2023-03-27T00:00:00+00:00
[2023-03-27T13:31:03.905+0000] {processor.py:175} INFO - Processing /home/airflow/.local/lib/python3.7/site-packages/airflow/example_dags/example_branch_labels.py took 5.863 seconds
[2023-03-27T13:33:04.486+0000] {processor.py:153} INFO - Started process (PID=419) to work on /home/airflow/.local/lib/python3.7/site-packages/airflow/example_dags/example_branch_labels.py
[2023-03-27T13:33:05.280+0000] {processor.py:743} INFO - Processing file /home/airflow/.local/lib/python3.7/site-packages/airflow/example_dags/example_branch_labels.py for tasks to queue
[2023-03-27T13:33:05.328+0000] {logging_mixin.py:137} INFO - [2023-03-27T13:33:05.328+0000] {dagbag.py:532} INFO - Filling up the DagBag from /home/airflow/.local/lib/python3.7/site-packages/airflow/example_dags/example_branch_labels.py
[2023-03-27T13:33:06.156+0000] {processor.py:753} INFO - DAG(s) dict_keys(['example_branch_labels']) retrieved from /home/airflow/.local/lib/python3.7/site-packages/airflow/example_dags/example_branch_labels.py
[2023-03-27T13:33:07.933+0000] {logging_mixin.py:137} INFO - [2023-03-27T13:33:07.922+0000] {dag.py:2693} INFO - Sync 1 DAGs
[2023-03-27T13:33:10.805+0000] {logging_mixin.py:137} INFO - [2023-03-27T13:33:10.792+0000] {dag.py:3444} INFO - Setting next_dagrun for example_branch_labels to 2023-03-26T00:00:00+00:00, run_after=2023-03-27T00:00:00+00:00
[2023-03-27T13:33:12.611+0000] {processor.py:175} INFO - Processing /home/airflow/.local/lib/python3.7/site-packages/airflow/example_dags/example_branch_labels.py took 8.383 seconds
[2023-03-27T13:34:57.357+0000] {processor.py:153} INFO - Started process (PID=477) to work on /home/airflow/.local/lib/python3.7/site-packages/airflow/example_dags/example_branch_labels.py
[2023-03-27T13:34:57.381+0000] {processor.py:743} INFO - Processing file /home/airflow/.local/lib/python3.7/site-packages/airflow/example_dags/example_branch_labels.py for tasks to queue
[2023-03-27T13:34:57.423+0000] {logging_mixin.py:137} INFO - [2023-03-27T13:34:57.419+0000] {dagbag.py:532} INFO - Filling up the DagBag from /home/airflow/.local/lib/python3.7/site-packages/airflow/example_dags/example_branch_labels.py
[2023-03-27T13:34:57.773+0000] {processor.py:753} INFO - DAG(s) dict_keys(['example_branch_labels']) retrieved from /home/airflow/.local/lib/python3.7/site-packages/airflow/example_dags/example_branch_labels.py
[2023-03-27T13:34:58.451+0000] {logging_mixin.py:137} INFO - [2023-03-27T13:34:58.450+0000] {dag.py:2693} INFO - Sync 1 DAGs
[2023-03-27T13:34:58.985+0000] {logging_mixin.py:137} INFO - [2023-03-27T13:34:58.985+0000] {dag.py:3444} INFO - Setting next_dagrun for example_branch_labels to 2023-03-26T00:00:00+00:00, run_after=2023-03-27T00:00:00+00:00
[2023-03-27T13:34:59.316+0000] {processor.py:175} INFO - Processing /home/airflow/.local/lib/python3.7/site-packages/airflow/example_dags/example_branch_labels.py took 2.014 seconds
[2023-03-27T13:36:57.904+0000] {processor.py:153} INFO - Started process (PID=529) to work on /home/airflow/.local/lib/python3.7/site-packages/airflow/example_dags/example_branch_labels.py
[2023-03-27T13:36:57.943+0000] {processor.py:743} INFO - Processing file /home/airflow/.local/lib/python3.7/site-packages/airflow/example_dags/example_branch_labels.py for tasks to queue
[2023-03-27T13:36:57.953+0000] {logging_mixin.py:137} INFO - [2023-03-27T13:36:57.952+0000] {dagbag.py:532} INFO - Filling up the DagBag from /home/airflow/.local/lib/python3.7/site-packages/airflow/example_dags/example_branch_labels.py
[2023-03-27T13:36:58.672+0000] {processor.py:753} INFO - DAG(s) dict_keys(['example_branch_labels']) retrieved from /home/airflow/.local/lib/python3.7/site-packages/airflow/example_dags/example_branch_labels.py
[2023-03-27T13:36:59.511+0000] {logging_mixin.py:137} INFO - [2023-03-27T13:36:59.472+0000] {dag.py:2693} INFO - Sync 1 DAGs
[2023-03-27T13:37:00.870+0000] {logging_mixin.py:137} INFO - [2023-03-27T13:37:00.870+0000] {dag.py:3444} INFO - Setting next_dagrun for example_branch_labels to 2023-03-26T00:00:00+00:00, run_after=2023-03-27T00:00:00+00:00
[2023-03-27T13:37:01.664+0000] {processor.py:175} INFO - Processing /home/airflow/.local/lib/python3.7/site-packages/airflow/example_dags/example_branch_labels.py took 4.102 seconds
[2023-03-27T13:38:17.857+0000] {processor.py:153} INFO - Started process (PID=580) to work on /home/airflow/.local/lib/python3.7/site-packages/airflow/example_dags/example_branch_labels.py
[2023-03-27T13:38:17.871+0000] {processor.py:743} INFO - Processing file /home/airflow/.local/lib/python3.7/site-packages/airflow/example_dags/example_branch_labels.py for tasks to queue
[2023-03-27T13:38:17.887+0000] {logging_mixin.py:137} INFO - [2023-03-27T13:38:17.886+0000] {dagbag.py:532} INFO - Filling up the DagBag from /home/airflow/.local/lib/python3.7/site-packages/airflow/example_dags/example_branch_labels.py
[2023-03-27T13:38:18.470+0000] {processor.py:753} INFO - DAG(s) dict_keys(['example_branch_labels']) retrieved from /home/airflow/.local/lib/python3.7/site-packages/airflow/example_dags/example_branch_labels.py
[2023-03-27T13:38:19.423+0000] {logging_mixin.py:137} INFO - [2023-03-27T13:38:19.423+0000] {dag.py:2693} INFO - Sync 1 DAGs
[2023-03-27T13:38:20.605+0000] {logging_mixin.py:137} INFO - [2023-03-27T13:38:20.604+0000] {dag.py:3444} INFO - Setting next_dagrun for example_branch_labels to 2023-03-26T00:00:00+00:00, run_after=2023-03-27T00:00:00+00:00
[2023-03-27T13:38:21.294+0000] {processor.py:175} INFO - Processing /home/airflow/.local/lib/python3.7/site-packages/airflow/example_dags/example_branch_labels.py took 3.515 seconds
[2023-03-27T13:39:45.524+0000] {processor.py:153} INFO - Started process (PID=632) to work on /home/airflow/.local/lib/python3.7/site-packages/airflow/example_dags/example_branch_labels.py
[2023-03-27T13:39:45.600+0000] {processor.py:743} INFO - Processing file /home/airflow/.local/lib/python3.7/site-packages/airflow/example_dags/example_branch_labels.py for tasks to queue
[2023-03-27T13:39:45.628+0000] {logging_mixin.py:137} INFO - [2023-03-27T13:39:45.619+0000] {dagbag.py:532} INFO - Filling up the DagBag from /home/airflow/.local/lib/python3.7/site-packages/airflow/example_dags/example_branch_labels.py
[2023-03-27T13:39:45.994+0000] {processor.py:753} INFO - DAG(s) dict_keys(['example_branch_labels']) retrieved from /home/airflow/.local/lib/python3.7/site-packages/airflow/example_dags/example_branch_labels.py
[2023-03-27T13:39:52.365+0000] {logging_mixin.py:137} INFO - [2023-03-27T13:39:52.360+0000] {dag.py:2693} INFO - Sync 1 DAGs
[2023-03-27T13:39:53.942+0000] {logging_mixin.py:137} INFO - [2023-03-27T13:39:53.941+0000] {dag.py:3444} INFO - Setting next_dagrun for example_branch_labels to 2023-03-26T00:00:00+00:00, run_after=2023-03-27T00:00:00+00:00
[2023-03-27T13:39:54.339+0000] {processor.py:175} INFO - Processing /home/airflow/.local/lib/python3.7/site-packages/airflow/example_dags/example_branch_labels.py took 8.835 seconds
[2023-03-27T13:41:52.258+0000] {processor.py:153} INFO - Started process (PID=711) to work on /home/airflow/.local/lib/python3.7/site-packages/airflow/example_dags/example_branch_labels.py
[2023-03-27T13:41:52.286+0000] {processor.py:743} INFO - Processing file /home/airflow/.local/lib/python3.7/site-packages/airflow/example_dags/example_branch_labels.py for tasks to queue
[2023-03-27T13:41:52.312+0000] {logging_mixin.py:137} INFO - [2023-03-27T13:41:52.311+0000] {dagbag.py:532} INFO - Filling up the DagBag from /home/airflow/.local/lib/python3.7/site-packages/airflow/example_dags/example_branch_labels.py
[2023-03-27T13:41:52.728+0000] {processor.py:753} INFO - DAG(s) dict_keys(['example_branch_labels']) retrieved from /home/airflow/.local/lib/python3.7/site-packages/airflow/example_dags/example_branch_labels.py
[2023-03-27T13:41:53.197+0000] {logging_mixin.py:137} INFO - [2023-03-27T13:41:53.196+0000] {dag.py:2693} INFO - Sync 1 DAGs
[2023-03-27T13:41:53.923+0000] {logging_mixin.py:137} INFO - [2023-03-27T13:41:53.922+0000] {dag.py:3444} INFO - Setting next_dagrun for example_branch_labels to 2023-03-26T00:00:00+00:00, run_after=2023-03-27T00:00:00+00:00
[2023-03-27T13:41:54.340+0000] {processor.py:175} INFO - Processing /home/airflow/.local/lib/python3.7/site-packages/airflow/example_dags/example_branch_labels.py took 2.250 seconds
[2023-03-27T13:44:33.997+0000] {processor.py:153} INFO - Started process (PID=767) to work on /home/airflow/.local/lib/python3.7/site-packages/airflow/example_dags/example_branch_labels.py
[2023-03-27T13:44:34.029+0000] {processor.py:743} INFO - Processing file /home/airflow/.local/lib/python3.7/site-packages/airflow/example_dags/example_branch_labels.py for tasks to queue
[2023-03-27T13:44:34.045+0000] {logging_mixin.py:137} INFO - [2023-03-27T13:44:34.045+0000] {dagbag.py:532} INFO - Filling up the DagBag from /home/airflow/.local/lib/python3.7/site-packages/airflow/example_dags/example_branch_labels.py
[2023-03-27T13:44:34.664+0000] {processor.py:753} INFO - DAG(s) dict_keys(['example_branch_labels']) retrieved from /home/airflow/.local/lib/python3.7/site-packages/airflow/example_dags/example_branch_labels.py
[2023-03-27T13:44:35.253+0000] {logging_mixin.py:137} INFO - [2023-03-27T13:44:35.252+0000] {dag.py:2693} INFO - Sync 1 DAGs
[2023-03-27T13:44:36.398+0000] {logging_mixin.py:137} INFO - [2023-03-27T13:44:36.365+0000] {dag.py:3444} INFO - Setting next_dagrun for example_branch_labels to 2023-03-26T00:00:00+00:00, run_after=2023-03-27T00:00:00+00:00
[2023-03-27T13:44:37.540+0000] {processor.py:175} INFO - Processing /home/airflow/.local/lib/python3.7/site-packages/airflow/example_dags/example_branch_labels.py took 3.998 seconds
[2023-03-27T18:06:47.515+0000] {processor.py:153} INFO - Started process (PID=161) to work on /home/airflow/.local/lib/python3.7/site-packages/airflow/example_dags/example_branch_labels.py
[2023-03-27T18:06:47.714+0000] {processor.py:743} INFO - Processing file /home/airflow/.local/lib/python3.7/site-packages/airflow/example_dags/example_branch_labels.py for tasks to queue
[2023-03-27T18:06:47.892+0000] {logging_mixin.py:137} INFO - [2023-03-27T18:06:47.891+0000] {dagbag.py:532} INFO - Filling up the DagBag from /home/airflow/.local/lib/python3.7/site-packages/airflow/example_dags/example_branch_labels.py
[2023-03-27T18:06:49.934+0000] {processor.py:753} INFO - DAG(s) dict_keys(['example_branch_labels']) retrieved from /home/airflow/.local/lib/python3.7/site-packages/airflow/example_dags/example_branch_labels.py
[2023-03-27T18:06:53.311+0000] {logging_mixin.py:137} INFO - [2023-03-27T18:06:53.295+0000] {dag.py:2693} INFO - Sync 1 DAGs
[2023-03-27T18:06:56.075+0000] {logging_mixin.py:137} INFO - [2023-03-27T18:06:56.075+0000] {dag.py:3444} INFO - Setting next_dagrun for example_branch_labels to 2023-03-26T00:00:00+00:00, run_after=2023-03-27T00:00:00+00:00
[2023-03-27T18:06:57.553+0000] {processor.py:175} INFO - Processing /home/airflow/.local/lib/python3.7/site-packages/airflow/example_dags/example_branch_labels.py took 10.584 seconds
[2023-03-27T18:11:31.501+0000] {processor.py:153} INFO - Started process (PID=250) to work on /home/airflow/.local/lib/python3.7/site-packages/airflow/example_dags/example_branch_labels.py
[2023-03-27T18:11:31.619+0000] {processor.py:743} INFO - Processing file /home/airflow/.local/lib/python3.7/site-packages/airflow/example_dags/example_branch_labels.py for tasks to queue
[2023-03-27T18:11:31.652+0000] {logging_mixin.py:137} INFO - [2023-03-27T18:11:31.652+0000] {dagbag.py:532} INFO - Filling up the DagBag from /home/airflow/.local/lib/python3.7/site-packages/airflow/example_dags/example_branch_labels.py
[2023-03-27T18:11:32.508+0000] {processor.py:753} INFO - DAG(s) dict_keys(['example_branch_labels']) retrieved from /home/airflow/.local/lib/python3.7/site-packages/airflow/example_dags/example_branch_labels.py
[2023-03-27T18:11:33.938+0000] {logging_mixin.py:137} INFO - [2023-03-27T18:11:33.937+0000] {dag.py:2693} INFO - Sync 1 DAGs
[2023-03-27T18:11:35.448+0000] {logging_mixin.py:137} INFO - [2023-03-27T18:11:35.447+0000] {dag.py:3444} INFO - Setting next_dagrun for example_branch_labels to 2023-03-26T00:00:00+00:00, run_after=2023-03-27T00:00:00+00:00
[2023-03-27T18:11:36.072+0000] {processor.py:175} INFO - Processing /home/airflow/.local/lib/python3.7/site-packages/airflow/example_dags/example_branch_labels.py took 4.623 seconds
[2023-03-27T18:16:42.244+0000] {processor.py:153} INFO - Started process (PID=347) to work on /home/airflow/.local/lib/python3.7/site-packages/airflow/example_dags/example_branch_labels.py
[2023-03-27T18:16:42.321+0000] {processor.py:743} INFO - Processing file /home/airflow/.local/lib/python3.7/site-packages/airflow/example_dags/example_branch_labels.py for tasks to queue
[2023-03-27T18:16:42.417+0000] {logging_mixin.py:137} INFO - [2023-03-27T18:16:42.379+0000] {dagbag.py:532} INFO - Filling up the DagBag from /home/airflow/.local/lib/python3.7/site-packages/airflow/example_dags/example_branch_labels.py
[2023-03-27T18:16:43.097+0000] {processor.py:753} INFO - DAG(s) dict_keys(['example_branch_labels']) retrieved from /home/airflow/.local/lib/python3.7/site-packages/airflow/example_dags/example_branch_labels.py
[2023-03-27T18:16:44.565+0000] {logging_mixin.py:137} INFO - [2023-03-27T18:16:44.564+0000] {dag.py:2693} INFO - Sync 1 DAGs
[2023-03-27T18:16:46.910+0000] {logging_mixin.py:137} INFO - [2023-03-27T18:16:46.867+0000] {dag.py:3444} INFO - Setting next_dagrun for example_branch_labels to 2023-03-26T00:00:00+00:00, run_after=2023-03-27T00:00:00+00:00
[2023-03-27T18:16:47.999+0000] {processor.py:175} INFO - Processing /home/airflow/.local/lib/python3.7/site-packages/airflow/example_dags/example_branch_labels.py took 6.109 seconds
[2023-03-27T18:22:02.796+0000] {processor.py:153} INFO - Started process (PID=438) to work on /home/airflow/.local/lib/python3.7/site-packages/airflow/example_dags/example_branch_labels.py
[2023-03-27T18:22:02.871+0000] {processor.py:743} INFO - Processing file /home/airflow/.local/lib/python3.7/site-packages/airflow/example_dags/example_branch_labels.py for tasks to queue
[2023-03-27T18:22:02.924+0000] {logging_mixin.py:137} INFO - [2023-03-27T18:22:02.924+0000] {dagbag.py:532} INFO - Filling up the DagBag from /home/airflow/.local/lib/python3.7/site-packages/airflow/example_dags/example_branch_labels.py
[2023-03-27T18:22:03.658+0000] {processor.py:753} INFO - DAG(s) dict_keys(['example_branch_labels']) retrieved from /home/airflow/.local/lib/python3.7/site-packages/airflow/example_dags/example_branch_labels.py
[2023-03-27T18:22:04.406+0000] {logging_mixin.py:137} INFO - [2023-03-27T18:22:04.404+0000] {dag.py:2693} INFO - Sync 1 DAGs
[2023-03-27T18:22:05.646+0000] {logging_mixin.py:137} INFO - [2023-03-27T18:22:05.634+0000] {dag.py:3444} INFO - Setting next_dagrun for example_branch_labels to 2023-03-26T00:00:00+00:00, run_after=2023-03-27T00:00:00+00:00
[2023-03-27T18:22:08.956+0000] {processor.py:175} INFO - Processing /home/airflow/.local/lib/python3.7/site-packages/airflow/example_dags/example_branch_labels.py took 6.689 seconds
[2023-03-27T18:25:36.416+0000] {processor.py:153} INFO - Started process (PID=511) to work on /home/airflow/.local/lib/python3.7/site-packages/airflow/example_dags/example_branch_labels.py
[2023-03-27T18:25:36.428+0000] {processor.py:743} INFO - Processing file /home/airflow/.local/lib/python3.7/site-packages/airflow/example_dags/example_branch_labels.py for tasks to queue
[2023-03-27T18:25:36.796+0000] {logging_mixin.py:137} INFO - [2023-03-27T18:25:36.789+0000] {dagbag.py:532} INFO - Filling up the DagBag from /home/airflow/.local/lib/python3.7/site-packages/airflow/example_dags/example_branch_labels.py
[2023-03-27T18:25:37.698+0000] {processor.py:753} INFO - DAG(s) dict_keys(['example_branch_labels']) retrieved from /home/airflow/.local/lib/python3.7/site-packages/airflow/example_dags/example_branch_labels.py
[2023-03-27T18:25:39.037+0000] {logging_mixin.py:137} INFO - [2023-03-27T18:25:39.035+0000] {dag.py:2693} INFO - Sync 1 DAGs
[2023-03-27T18:25:40.786+0000] {logging_mixin.py:137} INFO - [2023-03-27T18:25:40.786+0000] {dag.py:3444} INFO - Setting next_dagrun for example_branch_labels to 2023-03-26T00:00:00+00:00, run_after=2023-03-27T00:00:00+00:00
[2023-03-27T18:25:41.999+0000] {processor.py:175} INFO - Processing /home/airflow/.local/lib/python3.7/site-packages/airflow/example_dags/example_branch_labels.py took 6.117 seconds
[2023-03-27T18:28:59.454+0000] {processor.py:153} INFO - Started process (PID=580) to work on /home/airflow/.local/lib/python3.7/site-packages/airflow/example_dags/example_branch_labels.py
[2023-03-27T18:28:59.617+0000] {processor.py:743} INFO - Processing file /home/airflow/.local/lib/python3.7/site-packages/airflow/example_dags/example_branch_labels.py for tasks to queue
[2023-03-27T18:28:59.672+0000] {logging_mixin.py:137} INFO - [2023-03-27T18:28:59.672+0000] {dagbag.py:532} INFO - Filling up the DagBag from /home/airflow/.local/lib/python3.7/site-packages/airflow/example_dags/example_branch_labels.py
[2023-03-27T18:29:00.147+0000] {processor.py:753} INFO - DAG(s) dict_keys(['example_branch_labels']) retrieved from /home/airflow/.local/lib/python3.7/site-packages/airflow/example_dags/example_branch_labels.py
[2023-03-27T18:29:00.913+0000] {logging_mixin.py:137} INFO - [2023-03-27T18:29:00.913+0000] {dag.py:2693} INFO - Sync 1 DAGs
[2023-03-27T18:29:01.861+0000] {logging_mixin.py:137} INFO - [2023-03-27T18:29:01.861+0000] {dag.py:3444} INFO - Setting next_dagrun for example_branch_labels to 2023-03-26T00:00:00+00:00, run_after=2023-03-27T00:00:00+00:00
[2023-03-27T18:29:02.398+0000] {processor.py:175} INFO - Processing /home/airflow/.local/lib/python3.7/site-packages/airflow/example_dags/example_branch_labels.py took 3.174 seconds
[2023-03-27T18:30:13.130+0000] {processor.py:153} INFO - Started process (PID=627) to work on /home/airflow/.local/lib/python3.7/site-packages/airflow/example_dags/example_branch_labels.py
[2023-03-27T18:30:13.184+0000] {processor.py:743} INFO - Processing file /home/airflow/.local/lib/python3.7/site-packages/airflow/example_dags/example_branch_labels.py for tasks to queue
[2023-03-27T18:30:13.254+0000] {logging_mixin.py:137} INFO - [2023-03-27T18:30:13.224+0000] {dagbag.py:532} INFO - Filling up the DagBag from /home/airflow/.local/lib/python3.7/site-packages/airflow/example_dags/example_branch_labels.py
[2023-03-27T18:30:13.578+0000] {processor.py:753} INFO - DAG(s) dict_keys(['example_branch_labels']) retrieved from /home/airflow/.local/lib/python3.7/site-packages/airflow/example_dags/example_branch_labels.py
[2023-03-27T18:30:14.482+0000] {logging_mixin.py:137} INFO - [2023-03-27T18:30:14.482+0000] {dag.py:2693} INFO - Sync 1 DAGs
[2023-03-27T18:30:15.144+0000] {logging_mixin.py:137} INFO - [2023-03-27T18:30:15.144+0000] {dag.py:3444} INFO - Setting next_dagrun for example_branch_labels to 2023-03-26T00:00:00+00:00, run_after=2023-03-27T00:00:00+00:00
[2023-03-27T18:30:15.546+0000] {processor.py:175} INFO - Processing /home/airflow/.local/lib/python3.7/site-packages/airflow/example_dags/example_branch_labels.py took 2.421 seconds
[2023-03-27T18:31:52.202+0000] {processor.py:153} INFO - Started process (PID=699) to work on /home/airflow/.local/lib/python3.7/site-packages/airflow/example_dags/example_branch_labels.py
[2023-03-27T18:31:52.211+0000] {processor.py:743} INFO - Processing file /home/airflow/.local/lib/python3.7/site-packages/airflow/example_dags/example_branch_labels.py for tasks to queue
[2023-03-27T18:31:52.221+0000] {logging_mixin.py:137} INFO - [2023-03-27T18:31:52.220+0000] {dagbag.py:532} INFO - Filling up the DagBag from /home/airflow/.local/lib/python3.7/site-packages/airflow/example_dags/example_branch_labels.py
[2023-03-27T18:31:52.682+0000] {processor.py:753} INFO - DAG(s) dict_keys(['example_branch_labels']) retrieved from /home/airflow/.local/lib/python3.7/site-packages/airflow/example_dags/example_branch_labels.py
[2023-03-27T18:31:53.356+0000] {logging_mixin.py:137} INFO - [2023-03-27T18:31:53.356+0000] {dag.py:2693} INFO - Sync 1 DAGs
[2023-03-27T18:31:54.441+0000] {logging_mixin.py:137} INFO - [2023-03-27T18:31:54.440+0000] {dag.py:3444} INFO - Setting next_dagrun for example_branch_labels to 2023-03-26T00:00:00+00:00, run_after=2023-03-27T00:00:00+00:00
[2023-03-27T18:31:54.941+0000] {processor.py:175} INFO - Processing /home/airflow/.local/lib/python3.7/site-packages/airflow/example_dags/example_branch_labels.py took 2.696 seconds
[2023-03-27T21:08:02.208+0000] {processor.py:153} INFO - Started process (PID=768) to work on /home/airflow/.local/lib/python3.7/site-packages/airflow/example_dags/example_branch_labels.py
[2023-03-27T21:08:02.244+0000] {processor.py:743} INFO - Processing file /home/airflow/.local/lib/python3.7/site-packages/airflow/example_dags/example_branch_labels.py for tasks to queue
[2023-03-27T21:08:02.262+0000] {logging_mixin.py:137} INFO - [2023-03-27T21:08:02.262+0000] {dagbag.py:532} INFO - Filling up the DagBag from /home/airflow/.local/lib/python3.7/site-packages/airflow/example_dags/example_branch_labels.py
[2023-03-27T21:08:02.638+0000] {processor.py:753} INFO - DAG(s) dict_keys(['example_branch_labels']) retrieved from /home/airflow/.local/lib/python3.7/site-packages/airflow/example_dags/example_branch_labels.py
[2023-03-27T21:08:03.093+0000] {logging_mixin.py:137} INFO - [2023-03-27T21:08:03.092+0000] {dag.py:2693} INFO - Sync 1 DAGs
[2023-03-27T21:08:03.961+0000] {logging_mixin.py:137} INFO - [2023-03-27T21:08:03.960+0000] {dag.py:3444} INFO - Setting next_dagrun for example_branch_labels to 2023-03-26T00:00:00+00:00, run_after=2023-03-27T00:00:00+00:00
[2023-03-27T21:08:04.740+0000] {processor.py:175} INFO - Processing /home/airflow/.local/lib/python3.7/site-packages/airflow/example_dags/example_branch_labels.py took 2.584 seconds
[2023-03-27T21:43:06.902+0000] {processor.py:153} INFO - Started process (PID=857) to work on /home/airflow/.local/lib/python3.7/site-packages/airflow/example_dags/example_branch_labels.py
[2023-03-27T21:43:07.025+0000] {processor.py:743} INFO - Processing file /home/airflow/.local/lib/python3.7/site-packages/airflow/example_dags/example_branch_labels.py for tasks to queue
[2023-03-27T21:43:07.088+0000] {logging_mixin.py:137} INFO - [2023-03-27T21:43:07.087+0000] {dagbag.py:532} INFO - Filling up the DagBag from /home/airflow/.local/lib/python3.7/site-packages/airflow/example_dags/example_branch_labels.py
[2023-03-27T21:43:07.951+0000] {processor.py:753} INFO - DAG(s) dict_keys(['example_branch_labels']) retrieved from /home/airflow/.local/lib/python3.7/site-packages/airflow/example_dags/example_branch_labels.py
[2023-03-27T21:43:09.806+0000] {logging_mixin.py:137} INFO - [2023-03-27T21:43:09.806+0000] {dag.py:2693} INFO - Sync 1 DAGs
[2023-03-27T21:43:15.500+0000] {logging_mixin.py:137} INFO - [2023-03-27T21:43:15.477+0000] {dag.py:3444} INFO - Setting next_dagrun for example_branch_labels to 2023-03-26T00:00:00+00:00, run_after=2023-03-27T00:00:00+00:00
[2023-03-27T21:43:17.202+0000] {processor.py:175} INFO - Processing /home/airflow/.local/lib/python3.7/site-packages/airflow/example_dags/example_branch_labels.py took 10.348 seconds
[2023-03-27T21:45:43.107+0000] {processor.py:153} INFO - Started process (PID=914) to work on /home/airflow/.local/lib/python3.7/site-packages/airflow/example_dags/example_branch_labels.py
[2023-03-27T21:45:43.211+0000] {processor.py:743} INFO - Processing file /home/airflow/.local/lib/python3.7/site-packages/airflow/example_dags/example_branch_labels.py for tasks to queue
[2023-03-27T21:45:43.263+0000] {logging_mixin.py:137} INFO - [2023-03-27T21:45:43.251+0000] {dagbag.py:532} INFO - Filling up the DagBag from /home/airflow/.local/lib/python3.7/site-packages/airflow/example_dags/example_branch_labels.py
[2023-03-27T21:45:44.126+0000] {processor.py:753} INFO - DAG(s) dict_keys(['example_branch_labels']) retrieved from /home/airflow/.local/lib/python3.7/site-packages/airflow/example_dags/example_branch_labels.py
[2023-03-27T21:45:46.552+0000] {logging_mixin.py:137} INFO - [2023-03-27T21:45:46.551+0000] {dag.py:2693} INFO - Sync 1 DAGs
[2023-03-27T21:45:47.784+0000] {logging_mixin.py:137} INFO - [2023-03-27T21:45:47.784+0000] {dag.py:3444} INFO - Setting next_dagrun for example_branch_labels to 2023-03-26T00:00:00+00:00, run_after=2023-03-27T00:00:00+00:00
[2023-03-27T21:45:48.699+0000] {processor.py:175} INFO - Processing /home/airflow/.local/lib/python3.7/site-packages/airflow/example_dags/example_branch_labels.py took 5.665 seconds
[2023-03-27T21:47:30.622+0000] {processor.py:153} INFO - Started process (PID=974) to work on /home/airflow/.local/lib/python3.7/site-packages/airflow/example_dags/example_branch_labels.py
[2023-03-27T21:47:30.659+0000] {processor.py:743} INFO - Processing file /home/airflow/.local/lib/python3.7/site-packages/airflow/example_dags/example_branch_labels.py for tasks to queue
[2023-03-27T21:47:30.666+0000] {logging_mixin.py:137} INFO - [2023-03-27T21:47:30.666+0000] {dagbag.py:532} INFO - Filling up the DagBag from /home/airflow/.local/lib/python3.7/site-packages/airflow/example_dags/example_branch_labels.py
[2023-03-27T21:47:31.499+0000] {processor.py:753} INFO - DAG(s) dict_keys(['example_branch_labels']) retrieved from /home/airflow/.local/lib/python3.7/site-packages/airflow/example_dags/example_branch_labels.py
[2023-03-27T21:47:36.326+0000] {logging_mixin.py:137} INFO - [2023-03-27T21:47:36.264+0000] {dag.py:2693} INFO - Sync 1 DAGs
[2023-03-27T21:47:40.047+0000] {logging_mixin.py:137} INFO - [2023-03-27T21:47:40.045+0000] {dag.py:3444} INFO - Setting next_dagrun for example_branch_labels to 2023-03-26T00:00:00+00:00, run_after=2023-03-27T00:00:00+00:00
[2023-03-27T21:47:42.394+0000] {processor.py:175} INFO - Processing /home/airflow/.local/lib/python3.7/site-packages/airflow/example_dags/example_branch_labels.py took 11.407 seconds
[2023-03-27T21:51:30.078+0000] {processor.py:153} INFO - Started process (PID=1048) to work on /home/airflow/.local/lib/python3.7/site-packages/airflow/example_dags/example_branch_labels.py
[2023-03-27T21:51:30.096+0000] {processor.py:743} INFO - Processing file /home/airflow/.local/lib/python3.7/site-packages/airflow/example_dags/example_branch_labels.py for tasks to queue
[2023-03-27T21:51:30.131+0000] {logging_mixin.py:137} INFO - [2023-03-27T21:51:30.129+0000] {dagbag.py:532} INFO - Filling up the DagBag from /home/airflow/.local/lib/python3.7/site-packages/airflow/example_dags/example_branch_labels.py
[2023-03-27T21:51:31.503+0000] {processor.py:753} INFO - DAG(s) dict_keys(['example_branch_labels']) retrieved from /home/airflow/.local/lib/python3.7/site-packages/airflow/example_dags/example_branch_labels.py
[2023-03-27T21:51:33.071+0000] {logging_mixin.py:137} INFO - [2023-03-27T21:51:33.071+0000] {dag.py:2693} INFO - Sync 1 DAGs
[2023-03-27T21:51:36.064+0000] {logging_mixin.py:137} INFO - [2023-03-27T21:51:36.063+0000] {dag.py:3444} INFO - Setting next_dagrun for example_branch_labels to 2023-03-26T00:00:00+00:00, run_after=2023-03-27T00:00:00+00:00
[2023-03-27T21:51:38.533+0000] {processor.py:175} INFO - Processing /home/airflow/.local/lib/python3.7/site-packages/airflow/example_dags/example_branch_labels.py took 8.599 seconds
[2023-03-27T21:53:08.679+0000] {processor.py:153} INFO - Started process (PID=1107) to work on /home/airflow/.local/lib/python3.7/site-packages/airflow/example_dags/example_branch_labels.py
[2023-03-27T21:53:08.693+0000] {processor.py:743} INFO - Processing file /home/airflow/.local/lib/python3.7/site-packages/airflow/example_dags/example_branch_labels.py for tasks to queue
[2023-03-27T21:53:08.710+0000] {logging_mixin.py:137} INFO - [2023-03-27T21:53:08.705+0000] {dagbag.py:532} INFO - Filling up the DagBag from /home/airflow/.local/lib/python3.7/site-packages/airflow/example_dags/example_branch_labels.py
[2023-03-27T21:53:08.992+0000] {processor.py:753} INFO - DAG(s) dict_keys(['example_branch_labels']) retrieved from /home/airflow/.local/lib/python3.7/site-packages/airflow/example_dags/example_branch_labels.py
[2023-03-27T21:53:09.584+0000] {logging_mixin.py:137} INFO - [2023-03-27T21:53:09.583+0000] {dag.py:2693} INFO - Sync 1 DAGs
[2023-03-27T21:53:10.139+0000] {logging_mixin.py:137} INFO - [2023-03-27T21:53:10.138+0000] {dag.py:3444} INFO - Setting next_dagrun for example_branch_labels to 2023-03-26T00:00:00+00:00, run_after=2023-03-27T00:00:00+00:00
[2023-03-27T21:53:10.456+0000] {processor.py:175} INFO - Processing /home/airflow/.local/lib/python3.7/site-packages/airflow/example_dags/example_branch_labels.py took 1.807 seconds
[2023-03-27T22:24:48.937+0000] {processor.py:153} INFO - Started process (PID=1168) to work on /home/airflow/.local/lib/python3.7/site-packages/airflow/example_dags/example_branch_labels.py
[2023-03-27T22:24:48.950+0000] {processor.py:743} INFO - Processing file /home/airflow/.local/lib/python3.7/site-packages/airflow/example_dags/example_branch_labels.py for tasks to queue
[2023-03-27T22:24:48.973+0000] {logging_mixin.py:137} INFO - [2023-03-27T22:24:48.972+0000] {dagbag.py:532} INFO - Filling up the DagBag from /home/airflow/.local/lib/python3.7/site-packages/airflow/example_dags/example_branch_labels.py
[2023-03-27T22:24:49.234+0000] {processor.py:753} INFO - DAG(s) dict_keys(['example_branch_labels']) retrieved from /home/airflow/.local/lib/python3.7/site-packages/airflow/example_dags/example_branch_labels.py
[2023-03-27T22:24:49.323+0000] {logging_mixin.py:137} INFO - [2023-03-27T22:24:49.323+0000] {dag.py:2693} INFO - Sync 1 DAGs
[2023-03-27T22:24:49.542+0000] {logging_mixin.py:137} INFO - [2023-03-27T22:24:49.542+0000] {dag.py:3444} INFO - Setting next_dagrun for example_branch_labels to 2023-03-26T00:00:00+00:00, run_after=2023-03-27T00:00:00+00:00
[2023-03-27T22:24:49.724+0000] {processor.py:175} INFO - Processing /home/airflow/.local/lib/python3.7/site-packages/airflow/example_dags/example_branch_labels.py took 0.879 seconds
[2023-03-27T22:25:43.459+0000] {processor.py:153} INFO - Started process (PID=1223) to work on /home/airflow/.local/lib/python3.7/site-packages/airflow/example_dags/example_branch_labels.py
[2023-03-27T22:25:43.525+0000] {processor.py:743} INFO - Processing file /home/airflow/.local/lib/python3.7/site-packages/airflow/example_dags/example_branch_labels.py for tasks to queue
[2023-03-27T22:25:43.617+0000] {logging_mixin.py:137} INFO - [2023-03-27T22:25:43.615+0000] {dagbag.py:532} INFO - Filling up the DagBag from /home/airflow/.local/lib/python3.7/site-packages/airflow/example_dags/example_branch_labels.py
[2023-03-27T22:25:44.082+0000] {processor.py:753} INFO - DAG(s) dict_keys(['example_branch_labels']) retrieved from /home/airflow/.local/lib/python3.7/site-packages/airflow/example_dags/example_branch_labels.py
[2023-03-27T22:25:44.644+0000] {logging_mixin.py:137} INFO - [2023-03-27T22:25:44.643+0000] {dag.py:2693} INFO - Sync 1 DAGs
[2023-03-27T22:25:45.087+0000] {logging_mixin.py:137} INFO - [2023-03-27T22:25:45.086+0000] {dag.py:3444} INFO - Setting next_dagrun for example_branch_labels to 2023-03-26T00:00:00+00:00, run_after=2023-03-27T00:00:00+00:00
[2023-03-27T22:25:45.579+0000] {processor.py:175} INFO - Processing /home/airflow/.local/lib/python3.7/site-packages/airflow/example_dags/example_branch_labels.py took 2.268 seconds
[2023-03-27T22:26:46.511+0000] {processor.py:153} INFO - Started process (PID=1271) to work on /home/airflow/.local/lib/python3.7/site-packages/airflow/example_dags/example_branch_labels.py
[2023-03-27T22:26:46.525+0000] {processor.py:743} INFO - Processing file /home/airflow/.local/lib/python3.7/site-packages/airflow/example_dags/example_branch_labels.py for tasks to queue
[2023-03-27T22:26:46.543+0000] {logging_mixin.py:137} INFO - [2023-03-27T22:26:46.542+0000] {dagbag.py:532} INFO - Filling up the DagBag from /home/airflow/.local/lib/python3.7/site-packages/airflow/example_dags/example_branch_labels.py
[2023-03-27T22:26:48.152+0000] {processor.py:753} INFO - DAG(s) dict_keys(['example_branch_labels']) retrieved from /home/airflow/.local/lib/python3.7/site-packages/airflow/example_dags/example_branch_labels.py
[2023-03-27T22:26:52.739+0000] {logging_mixin.py:137} INFO - [2023-03-27T22:26:52.738+0000] {dag.py:2693} INFO - Sync 1 DAGs
[2023-03-27T22:26:53.912+0000] {logging_mixin.py:137} INFO - [2023-03-27T22:26:53.910+0000] {dag.py:3444} INFO - Setting next_dagrun for example_branch_labels to 2023-03-26T00:00:00+00:00, run_after=2023-03-27T00:00:00+00:00
[2023-03-27T22:26:54.533+0000] {processor.py:175} INFO - Processing /home/airflow/.local/lib/python3.7/site-packages/airflow/example_dags/example_branch_labels.py took 8.105 seconds
[2023-03-27T22:28:05.225+0000] {processor.py:153} INFO - Started process (PID=1332) to work on /home/airflow/.local/lib/python3.7/site-packages/airflow/example_dags/example_branch_labels.py
[2023-03-27T22:28:05.249+0000] {processor.py:743} INFO - Processing file /home/airflow/.local/lib/python3.7/site-packages/airflow/example_dags/example_branch_labels.py for tasks to queue
[2023-03-27T22:28:05.271+0000] {logging_mixin.py:137} INFO - [2023-03-27T22:28:05.270+0000] {dagbag.py:532} INFO - Filling up the DagBag from /home/airflow/.local/lib/python3.7/site-packages/airflow/example_dags/example_branch_labels.py
[2023-03-27T22:28:05.856+0000] {processor.py:753} INFO - DAG(s) dict_keys(['example_branch_labels']) retrieved from /home/airflow/.local/lib/python3.7/site-packages/airflow/example_dags/example_branch_labels.py
[2023-03-27T22:28:07.111+0000] {logging_mixin.py:137} INFO - [2023-03-27T22:28:07.094+0000] {dag.py:2693} INFO - Sync 1 DAGs
[2023-03-27T22:28:07.791+0000] {logging_mixin.py:137} INFO - [2023-03-27T22:28:07.791+0000] {dag.py:3444} INFO - Setting next_dagrun for example_branch_labels to 2023-03-26T00:00:00+00:00, run_after=2023-03-27T00:00:00+00:00
[2023-03-27T22:28:08.207+0000] {processor.py:175} INFO - Processing /home/airflow/.local/lib/python3.7/site-packages/airflow/example_dags/example_branch_labels.py took 2.997 seconds
[2023-03-27T22:29:48.750+0000] {processor.py:153} INFO - Started process (PID=1404) to work on /home/airflow/.local/lib/python3.7/site-packages/airflow/example_dags/example_branch_labels.py
[2023-03-27T22:29:48.760+0000] {processor.py:743} INFO - Processing file /home/airflow/.local/lib/python3.7/site-packages/airflow/example_dags/example_branch_labels.py for tasks to queue
[2023-03-27T22:29:48.764+0000] {logging_mixin.py:137} INFO - [2023-03-27T22:29:48.763+0000] {dagbag.py:532} INFO - Filling up the DagBag from /home/airflow/.local/lib/python3.7/site-packages/airflow/example_dags/example_branch_labels.py
[2023-03-27T22:29:49.175+0000] {processor.py:753} INFO - DAG(s) dict_keys(['example_branch_labels']) retrieved from /home/airflow/.local/lib/python3.7/site-packages/airflow/example_dags/example_branch_labels.py
[2023-03-27T22:29:49.815+0000] {logging_mixin.py:137} INFO - [2023-03-27T22:29:49.811+0000] {dag.py:2693} INFO - Sync 1 DAGs
[2023-03-27T22:29:50.072+0000] {logging_mixin.py:137} INFO - [2023-03-27T22:29:50.072+0000] {dag.py:3444} INFO - Setting next_dagrun for example_branch_labels to 2023-03-26T00:00:00+00:00, run_after=2023-03-27T00:00:00+00:00
[2023-03-27T22:29:50.609+0000] {processor.py:175} INFO - Processing /home/airflow/.local/lib/python3.7/site-packages/airflow/example_dags/example_branch_labels.py took 1.866 seconds
[2023-03-27T22:31:35.431+0000] {processor.py:153} INFO - Started process (PID=1481) to work on /home/airflow/.local/lib/python3.7/site-packages/airflow/example_dags/example_branch_labels.py
[2023-03-27T22:31:35.555+0000] {processor.py:743} INFO - Processing file /home/airflow/.local/lib/python3.7/site-packages/airflow/example_dags/example_branch_labels.py for tasks to queue
[2023-03-27T22:31:35.569+0000] {logging_mixin.py:137} INFO - [2023-03-27T22:31:35.568+0000] {dagbag.py:532} INFO - Filling up the DagBag from /home/airflow/.local/lib/python3.7/site-packages/airflow/example_dags/example_branch_labels.py
[2023-03-27T22:31:36.344+0000] {processor.py:753} INFO - DAG(s) dict_keys(['example_branch_labels']) retrieved from /home/airflow/.local/lib/python3.7/site-packages/airflow/example_dags/example_branch_labels.py
[2023-03-27T22:33:45.496+0000] {logging_mixin.py:137} INFO - [2023-03-27T22:33:45.346+0000] {dag.py:2693} INFO - Sync 1 DAGs
[2023-03-27T23:09:08.230+0000] {processor.py:153} INFO - Started process (PID=58) to work on /home/airflow/.local/lib/python3.7/site-packages/airflow/example_dags/example_branch_labels.py
[2023-03-27T23:09:08.282+0000] {processor.py:743} INFO - Processing file /home/airflow/.local/lib/python3.7/site-packages/airflow/example_dags/example_branch_labels.py for tasks to queue
[2023-03-27T23:09:08.292+0000] {logging_mixin.py:137} INFO - [2023-03-27T23:09:08.292+0000] {dagbag.py:532} INFO - Filling up the DagBag from /home/airflow/.local/lib/python3.7/site-packages/airflow/example_dags/example_branch_labels.py
[2023-03-27T23:09:09.018+0000] {processor.py:753} INFO - DAG(s) dict_keys(['example_branch_labels']) retrieved from /home/airflow/.local/lib/python3.7/site-packages/airflow/example_dags/example_branch_labels.py
[2023-03-27T23:09:09.544+0000] {logging_mixin.py:137} INFO - [2023-03-27T23:09:09.543+0000] {dag.py:2693} INFO - Sync 1 DAGs
[2023-03-27T23:09:09.755+0000] {logging_mixin.py:137} INFO - [2023-03-27T23:09:09.754+0000] {dag.py:3444} INFO - Setting next_dagrun for example_branch_labels to 2023-03-26T00:00:00+00:00, run_after=2023-03-27T00:00:00+00:00
[2023-03-27T23:09:10.673+0000] {processor.py:175} INFO - Processing /home/airflow/.local/lib/python3.7/site-packages/airflow/example_dags/example_branch_labels.py took 2.617 seconds
[2023-03-27T23:10:14.975+0000] {processor.py:153} INFO - Started process (PID=114) to work on /home/airflow/.local/lib/python3.7/site-packages/airflow/example_dags/example_branch_labels.py
[2023-03-27T23:10:14.983+0000] {processor.py:743} INFO - Processing file /home/airflow/.local/lib/python3.7/site-packages/airflow/example_dags/example_branch_labels.py for tasks to queue
[2023-03-27T23:10:14.986+0000] {logging_mixin.py:137} INFO - [2023-03-27T23:10:14.986+0000] {dagbag.py:532} INFO - Filling up the DagBag from /home/airflow/.local/lib/python3.7/site-packages/airflow/example_dags/example_branch_labels.py
[2023-03-27T23:10:15.127+0000] {processor.py:753} INFO - DAG(s) dict_keys(['example_branch_labels']) retrieved from /home/airflow/.local/lib/python3.7/site-packages/airflow/example_dags/example_branch_labels.py
[2023-03-27T23:10:15.308+0000] {logging_mixin.py:137} INFO - [2023-03-27T23:10:15.308+0000] {dag.py:2693} INFO - Sync 1 DAGs
[2023-03-27T23:10:15.540+0000] {logging_mixin.py:137} INFO - [2023-03-27T23:10:15.540+0000] {dag.py:3444} INFO - Setting next_dagrun for example_branch_labels to 2023-03-26T00:00:00+00:00, run_after=2023-03-27T00:00:00+00:00
[2023-03-27T23:10:15.638+0000] {processor.py:175} INFO - Processing /home/airflow/.local/lib/python3.7/site-packages/airflow/example_dags/example_branch_labels.py took 0.706 seconds
[2023-03-27T23:10:55.241+0000] {processor.py:153} INFO - Started process (PID=163) to work on /home/airflow/.local/lib/python3.7/site-packages/airflow/example_dags/example_branch_labels.py
[2023-03-27T23:10:55.248+0000] {processor.py:743} INFO - Processing file /home/airflow/.local/lib/python3.7/site-packages/airflow/example_dags/example_branch_labels.py for tasks to queue
[2023-03-27T23:10:55.251+0000] {logging_mixin.py:137} INFO - [2023-03-27T23:10:55.250+0000] {dagbag.py:532} INFO - Filling up the DagBag from /home/airflow/.local/lib/python3.7/site-packages/airflow/example_dags/example_branch_labels.py
[2023-03-27T23:10:55.360+0000] {processor.py:753} INFO - DAG(s) dict_keys(['example_branch_labels']) retrieved from /home/airflow/.local/lib/python3.7/site-packages/airflow/example_dags/example_branch_labels.py
[2023-03-27T23:10:55.476+0000] {logging_mixin.py:137} INFO - [2023-03-27T23:10:55.476+0000] {dag.py:2693} INFO - Sync 1 DAGs
[2023-03-27T23:10:55.586+0000] {logging_mixin.py:137} INFO - [2023-03-27T23:10:55.586+0000] {dag.py:3444} INFO - Setting next_dagrun for example_branch_labels to 2023-03-26T00:00:00+00:00, run_after=2023-03-27T00:00:00+00:00
[2023-03-27T23:10:55.732+0000] {processor.py:175} INFO - Processing /home/airflow/.local/lib/python3.7/site-packages/airflow/example_dags/example_branch_labels.py took 0.519 seconds
[2023-03-27T23:11:26.662+0000] {processor.py:153} INFO - Started process (PID=212) to work on /home/airflow/.local/lib/python3.7/site-packages/airflow/example_dags/example_branch_labels.py
[2023-03-27T23:11:26.666+0000] {processor.py:743} INFO - Processing file /home/airflow/.local/lib/python3.7/site-packages/airflow/example_dags/example_branch_labels.py for tasks to queue
[2023-03-27T23:11:26.669+0000] {logging_mixin.py:137} INFO - [2023-03-27T23:11:26.668+0000] {dagbag.py:532} INFO - Filling up the DagBag from /home/airflow/.local/lib/python3.7/site-packages/airflow/example_dags/example_branch_labels.py
[2023-03-27T23:11:26.712+0000] {processor.py:753} INFO - DAG(s) dict_keys(['example_branch_labels']) retrieved from /home/airflow/.local/lib/python3.7/site-packages/airflow/example_dags/example_branch_labels.py
[2023-03-27T23:11:26.764+0000] {logging_mixin.py:137} INFO - [2023-03-27T23:11:26.764+0000] {dag.py:2693} INFO - Sync 1 DAGs
[2023-03-27T23:11:26.822+0000] {logging_mixin.py:137} INFO - [2023-03-27T23:11:26.821+0000] {dag.py:3444} INFO - Setting next_dagrun for example_branch_labels to 2023-03-26T00:00:00+00:00, run_after=2023-03-27T00:00:00+00:00
[2023-03-27T23:11:26.872+0000] {processor.py:175} INFO - Processing /home/airflow/.local/lib/python3.7/site-packages/airflow/example_dags/example_branch_labels.py took 0.216 seconds
[2023-03-27T23:12:08.377+0000] {processor.py:153} INFO - Started process (PID=264) to work on /home/airflow/.local/lib/python3.7/site-packages/airflow/example_dags/example_branch_labels.py
[2023-03-27T23:12:08.399+0000] {processor.py:743} INFO - Processing file /home/airflow/.local/lib/python3.7/site-packages/airflow/example_dags/example_branch_labels.py for tasks to queue
[2023-03-27T23:12:08.415+0000] {logging_mixin.py:137} INFO - [2023-03-27T23:12:08.414+0000] {dagbag.py:532} INFO - Filling up the DagBag from /home/airflow/.local/lib/python3.7/site-packages/airflow/example_dags/example_branch_labels.py
[2023-03-27T23:12:08.663+0000] {processor.py:753} INFO - DAG(s) dict_keys(['example_branch_labels']) retrieved from /home/airflow/.local/lib/python3.7/site-packages/airflow/example_dags/example_branch_labels.py
[2023-03-27T23:12:09.079+0000] {logging_mixin.py:137} INFO - [2023-03-27T23:12:09.076+0000] {dag.py:2693} INFO - Sync 1 DAGs
[2023-03-27T23:12:09.410+0000] {logging_mixin.py:137} INFO - [2023-03-27T23:12:09.410+0000] {dag.py:3444} INFO - Setting next_dagrun for example_branch_labels to 2023-03-26T00:00:00+00:00, run_after=2023-03-27T00:00:00+00:00
[2023-03-27T23:12:09.631+0000] {processor.py:175} INFO - Processing /home/airflow/.local/lib/python3.7/site-packages/airflow/example_dags/example_branch_labels.py took 1.557 seconds
[2023-03-27T23:12:39.897+0000] {processor.py:153} INFO - Started process (PID=312) to work on /home/airflow/.local/lib/python3.7/site-packages/airflow/example_dags/example_branch_labels.py
[2023-03-27T23:12:39.901+0000] {processor.py:743} INFO - Processing file /home/airflow/.local/lib/python3.7/site-packages/airflow/example_dags/example_branch_labels.py for tasks to queue
[2023-03-27T23:12:39.904+0000] {logging_mixin.py:137} INFO - [2023-03-27T23:12:39.904+0000] {dagbag.py:532} INFO - Filling up the DagBag from /home/airflow/.local/lib/python3.7/site-packages/airflow/example_dags/example_branch_labels.py
[2023-03-27T23:12:39.956+0000] {processor.py:753} INFO - DAG(s) dict_keys(['example_branch_labels']) retrieved from /home/airflow/.local/lib/python3.7/site-packages/airflow/example_dags/example_branch_labels.py
[2023-03-27T23:12:40.107+0000] {logging_mixin.py:137} INFO - [2023-03-27T23:12:40.106+0000] {dag.py:2693} INFO - Sync 1 DAGs
[2023-03-27T23:12:40.185+0000] {logging_mixin.py:137} INFO - [2023-03-27T23:12:40.184+0000] {dag.py:3444} INFO - Setting next_dagrun for example_branch_labels to 2023-03-26T00:00:00+00:00, run_after=2023-03-27T00:00:00+00:00
[2023-03-27T23:12:40.231+0000] {processor.py:175} INFO - Processing /home/airflow/.local/lib/python3.7/site-packages/airflow/example_dags/example_branch_labels.py took 0.348 seconds
[2023-03-27T23:13:10.441+0000] {processor.py:153} INFO - Started process (PID=361) to work on /home/airflow/.local/lib/python3.7/site-packages/airflow/example_dags/example_branch_labels.py
[2023-03-27T23:13:10.456+0000] {processor.py:743} INFO - Processing file /home/airflow/.local/lib/python3.7/site-packages/airflow/example_dags/example_branch_labels.py for tasks to queue
[2023-03-27T23:13:10.466+0000] {logging_mixin.py:137} INFO - [2023-03-27T23:13:10.466+0000] {dagbag.py:532} INFO - Filling up the DagBag from /home/airflow/.local/lib/python3.7/site-packages/airflow/example_dags/example_branch_labels.py
[2023-03-27T23:13:10.532+0000] {processor.py:753} INFO - DAG(s) dict_keys(['example_branch_labels']) retrieved from /home/airflow/.local/lib/python3.7/site-packages/airflow/example_dags/example_branch_labels.py
[2023-03-27T23:13:10.639+0000] {logging_mixin.py:137} INFO - [2023-03-27T23:13:10.639+0000] {dag.py:2693} INFO - Sync 1 DAGs
[2023-03-27T23:13:10.827+0000] {logging_mixin.py:137} INFO - [2023-03-27T23:13:10.827+0000] {dag.py:3444} INFO - Setting next_dagrun for example_branch_labels to 2023-03-26T00:00:00+00:00, run_after=2023-03-27T00:00:00+00:00
[2023-03-27T23:13:11.137+0000] {processor.py:175} INFO - Processing /home/airflow/.local/lib/python3.7/site-packages/airflow/example_dags/example_branch_labels.py took 0.709 seconds
[2023-03-27T23:13:41.939+0000] {processor.py:153} INFO - Started process (PID=410) to work on /home/airflow/.local/lib/python3.7/site-packages/airflow/example_dags/example_branch_labels.py
[2023-03-27T23:13:41.950+0000] {processor.py:743} INFO - Processing file /home/airflow/.local/lib/python3.7/site-packages/airflow/example_dags/example_branch_labels.py for tasks to queue
[2023-03-27T23:13:41.955+0000] {logging_mixin.py:137} INFO - [2023-03-27T23:13:41.954+0000] {dagbag.py:532} INFO - Filling up the DagBag from /home/airflow/.local/lib/python3.7/site-packages/airflow/example_dags/example_branch_labels.py
[2023-03-27T23:13:42.016+0000] {processor.py:753} INFO - DAG(s) dict_keys(['example_branch_labels']) retrieved from /home/airflow/.local/lib/python3.7/site-packages/airflow/example_dags/example_branch_labels.py
[2023-03-27T23:13:42.155+0000] {logging_mixin.py:137} INFO - [2023-03-27T23:13:42.155+0000] {dag.py:2693} INFO - Sync 1 DAGs
[2023-03-27T23:13:42.397+0000] {logging_mixin.py:137} INFO - [2023-03-27T23:13:42.397+0000] {dag.py:3444} INFO - Setting next_dagrun for example_branch_labels to 2023-03-26T00:00:00+00:00, run_after=2023-03-27T00:00:00+00:00
[2023-03-27T23:13:42.490+0000] {processor.py:175} INFO - Processing /home/airflow/.local/lib/python3.7/site-packages/airflow/example_dags/example_branch_labels.py took 0.569 seconds
[2023-03-27T23:14:13.257+0000] {processor.py:153} INFO - Started process (PID=459) to work on /home/airflow/.local/lib/python3.7/site-packages/airflow/example_dags/example_branch_labels.py
[2023-03-27T23:14:13.263+0000] {processor.py:743} INFO - Processing file /home/airflow/.local/lib/python3.7/site-packages/airflow/example_dags/example_branch_labels.py for tasks to queue
[2023-03-27T23:14:13.266+0000] {logging_mixin.py:137} INFO - [2023-03-27T23:14:13.266+0000] {dagbag.py:532} INFO - Filling up the DagBag from /home/airflow/.local/lib/python3.7/site-packages/airflow/example_dags/example_branch_labels.py
[2023-03-27T23:14:13.310+0000] {processor.py:753} INFO - DAG(s) dict_keys(['example_branch_labels']) retrieved from /home/airflow/.local/lib/python3.7/site-packages/airflow/example_dags/example_branch_labels.py
[2023-03-27T23:14:13.395+0000] {logging_mixin.py:137} INFO - [2023-03-27T23:14:13.395+0000] {dag.py:2693} INFO - Sync 1 DAGs
[2023-03-27T23:14:13.473+0000] {logging_mixin.py:137} INFO - [2023-03-27T23:14:13.473+0000] {dag.py:3444} INFO - Setting next_dagrun for example_branch_labels to 2023-03-26T00:00:00+00:00, run_after=2023-03-27T00:00:00+00:00
[2023-03-27T23:14:13.536+0000] {processor.py:175} INFO - Processing /home/airflow/.local/lib/python3.7/site-packages/airflow/example_dags/example_branch_labels.py took 0.286 seconds
[2023-03-27T23:14:43.887+0000] {processor.py:153} INFO - Started process (PID=508) to work on /home/airflow/.local/lib/python3.7/site-packages/airflow/example_dags/example_branch_labels.py
[2023-03-27T23:14:43.892+0000] {processor.py:743} INFO - Processing file /home/airflow/.local/lib/python3.7/site-packages/airflow/example_dags/example_branch_labels.py for tasks to queue
[2023-03-27T23:14:43.899+0000] {logging_mixin.py:137} INFO - [2023-03-27T23:14:43.898+0000] {dagbag.py:532} INFO - Filling up the DagBag from /home/airflow/.local/lib/python3.7/site-packages/airflow/example_dags/example_branch_labels.py
[2023-03-27T23:14:43.932+0000] {processor.py:753} INFO - DAG(s) dict_keys(['example_branch_labels']) retrieved from /home/airflow/.local/lib/python3.7/site-packages/airflow/example_dags/example_branch_labels.py
[2023-03-27T23:14:43.993+0000] {logging_mixin.py:137} INFO - [2023-03-27T23:14:43.993+0000] {dag.py:2693} INFO - Sync 1 DAGs
[2023-03-27T23:14:44.057+0000] {logging_mixin.py:137} INFO - [2023-03-27T23:14:44.057+0000] {dag.py:3444} INFO - Setting next_dagrun for example_branch_labels to 2023-03-26T00:00:00+00:00, run_after=2023-03-27T00:00:00+00:00
[2023-03-27T23:14:44.157+0000] {processor.py:175} INFO - Processing /home/airflow/.local/lib/python3.7/site-packages/airflow/example_dags/example_branch_labels.py took 0.280 seconds
[2023-03-27T23:15:14.458+0000] {processor.py:153} INFO - Started process (PID=557) to work on /home/airflow/.local/lib/python3.7/site-packages/airflow/example_dags/example_branch_labels.py
[2023-03-27T23:15:14.462+0000] {processor.py:743} INFO - Processing file /home/airflow/.local/lib/python3.7/site-packages/airflow/example_dags/example_branch_labels.py for tasks to queue
[2023-03-27T23:15:14.469+0000] {logging_mixin.py:137} INFO - [2023-03-27T23:15:14.468+0000] {dagbag.py:532} INFO - Filling up the DagBag from /home/airflow/.local/lib/python3.7/site-packages/airflow/example_dags/example_branch_labels.py
[2023-03-27T23:15:14.522+0000] {processor.py:753} INFO - DAG(s) dict_keys(['example_branch_labels']) retrieved from /home/airflow/.local/lib/python3.7/site-packages/airflow/example_dags/example_branch_labels.py
[2023-03-27T23:15:14.605+0000] {logging_mixin.py:137} INFO - [2023-03-27T23:15:14.604+0000] {dag.py:2693} INFO - Sync 1 DAGs
[2023-03-27T23:15:14.693+0000] {logging_mixin.py:137} INFO - [2023-03-27T23:15:14.692+0000] {dag.py:3444} INFO - Setting next_dagrun for example_branch_labels to 2023-03-26T00:00:00+00:00, run_after=2023-03-27T00:00:00+00:00
[2023-03-27T23:15:14.756+0000] {processor.py:175} INFO - Processing /home/airflow/.local/lib/python3.7/site-packages/airflow/example_dags/example_branch_labels.py took 0.311 seconds
[2023-03-27T23:15:45.795+0000] {processor.py:153} INFO - Started process (PID=606) to work on /home/airflow/.local/lib/python3.7/site-packages/airflow/example_dags/example_branch_labels.py
[2023-03-27T23:15:45.825+0000] {processor.py:743} INFO - Processing file /home/airflow/.local/lib/python3.7/site-packages/airflow/example_dags/example_branch_labels.py for tasks to queue
[2023-03-27T23:15:45.873+0000] {logging_mixin.py:137} INFO - [2023-03-27T23:15:45.871+0000] {dagbag.py:532} INFO - Filling up the DagBag from /home/airflow/.local/lib/python3.7/site-packages/airflow/example_dags/example_branch_labels.py
[2023-03-27T23:15:46.003+0000] {processor.py:753} INFO - DAG(s) dict_keys(['example_branch_labels']) retrieved from /home/airflow/.local/lib/python3.7/site-packages/airflow/example_dags/example_branch_labels.py
[2023-03-27T23:15:46.107+0000] {logging_mixin.py:137} INFO - [2023-03-27T23:15:46.107+0000] {dag.py:2693} INFO - Sync 1 DAGs
[2023-03-27T23:15:46.216+0000] {logging_mixin.py:137} INFO - [2023-03-27T23:15:46.215+0000] {dag.py:3444} INFO - Setting next_dagrun for example_branch_labels to 2023-03-26T00:00:00+00:00, run_after=2023-03-27T00:00:00+00:00
[2023-03-27T23:15:46.324+0000] {processor.py:175} INFO - Processing /home/airflow/.local/lib/python3.7/site-packages/airflow/example_dags/example_branch_labels.py took 0.649 seconds
[2023-03-27T23:16:16.965+0000] {processor.py:153} INFO - Started process (PID=654) to work on /home/airflow/.local/lib/python3.7/site-packages/airflow/example_dags/example_branch_labels.py
[2023-03-27T23:16:16.969+0000] {processor.py:743} INFO - Processing file /home/airflow/.local/lib/python3.7/site-packages/airflow/example_dags/example_branch_labels.py for tasks to queue
[2023-03-27T23:16:16.974+0000] {logging_mixin.py:137} INFO - [2023-03-27T23:16:16.973+0000] {dagbag.py:532} INFO - Filling up the DagBag from /home/airflow/.local/lib/python3.7/site-packages/airflow/example_dags/example_branch_labels.py
[2023-03-27T23:16:17.106+0000] {processor.py:753} INFO - DAG(s) dict_keys(['example_branch_labels']) retrieved from /home/airflow/.local/lib/python3.7/site-packages/airflow/example_dags/example_branch_labels.py
[2023-03-27T23:16:17.201+0000] {logging_mixin.py:137} INFO - [2023-03-27T23:16:17.201+0000] {dag.py:2693} INFO - Sync 1 DAGs
[2023-03-27T23:16:17.266+0000] {logging_mixin.py:137} INFO - [2023-03-27T23:16:17.265+0000] {dag.py:3444} INFO - Setting next_dagrun for example_branch_labels to 2023-03-26T00:00:00+00:00, run_after=2023-03-27T00:00:00+00:00
[2023-03-27T23:16:17.311+0000] {processor.py:175} INFO - Processing /home/airflow/.local/lib/python3.7/site-packages/airflow/example_dags/example_branch_labels.py took 0.353 seconds
[2023-03-27T23:16:47.627+0000] {processor.py:153} INFO - Started process (PID=703) to work on /home/airflow/.local/lib/python3.7/site-packages/airflow/example_dags/example_branch_labels.py
[2023-03-27T23:16:47.639+0000] {processor.py:743} INFO - Processing file /home/airflow/.local/lib/python3.7/site-packages/airflow/example_dags/example_branch_labels.py for tasks to queue
[2023-03-27T23:16:47.649+0000] {logging_mixin.py:137} INFO - [2023-03-27T23:16:47.648+0000] {dagbag.py:532} INFO - Filling up the DagBag from /home/airflow/.local/lib/python3.7/site-packages/airflow/example_dags/example_branch_labels.py
[2023-03-27T23:16:47.707+0000] {processor.py:753} INFO - DAG(s) dict_keys(['example_branch_labels']) retrieved from /home/airflow/.local/lib/python3.7/site-packages/airflow/example_dags/example_branch_labels.py
[2023-03-27T23:16:47.839+0000] {logging_mixin.py:137} INFO - [2023-03-27T23:16:47.839+0000] {dag.py:2693} INFO - Sync 1 DAGs
[2023-03-27T23:16:48.018+0000] {logging_mixin.py:137} INFO - [2023-03-27T23:16:48.018+0000] {dag.py:3444} INFO - Setting next_dagrun for example_branch_labels to 2023-03-26T00:00:00+00:00, run_after=2023-03-27T00:00:00+00:00
[2023-03-27T23:16:48.108+0000] {processor.py:175} INFO - Processing /home/airflow/.local/lib/python3.7/site-packages/airflow/example_dags/example_branch_labels.py took 0.492 seconds
[2023-03-27T23:17:18.201+0000] {processor.py:153} INFO - Started process (PID=751) to work on /home/airflow/.local/lib/python3.7/site-packages/airflow/example_dags/example_branch_labels.py
[2023-03-27T23:17:18.204+0000] {processor.py:743} INFO - Processing file /home/airflow/.local/lib/python3.7/site-packages/airflow/example_dags/example_branch_labels.py for tasks to queue
[2023-03-27T23:17:18.208+0000] {logging_mixin.py:137} INFO - [2023-03-27T23:17:18.208+0000] {dagbag.py:532} INFO - Filling up the DagBag from /home/airflow/.local/lib/python3.7/site-packages/airflow/example_dags/example_branch_labels.py
[2023-03-27T23:17:18.242+0000] {processor.py:753} INFO - DAG(s) dict_keys(['example_branch_labels']) retrieved from /home/airflow/.local/lib/python3.7/site-packages/airflow/example_dags/example_branch_labels.py
[2023-03-27T23:17:18.323+0000] {logging_mixin.py:137} INFO - [2023-03-27T23:17:18.323+0000] {dag.py:2693} INFO - Sync 1 DAGs
[2023-03-27T23:17:18.386+0000] {logging_mixin.py:137} INFO - [2023-03-27T23:17:18.385+0000] {dag.py:3444} INFO - Setting next_dagrun for example_branch_labels to 2023-03-26T00:00:00+00:00, run_after=2023-03-27T00:00:00+00:00
[2023-03-27T23:17:18.490+0000] {processor.py:175} INFO - Processing /home/airflow/.local/lib/python3.7/site-packages/airflow/example_dags/example_branch_labels.py took 0.295 seconds
[2023-03-27T23:17:48.777+0000] {processor.py:153} INFO - Started process (PID=806) to work on /home/airflow/.local/lib/python3.7/site-packages/airflow/example_dags/example_branch_labels.py
[2023-03-27T23:17:48.783+0000] {processor.py:743} INFO - Processing file /home/airflow/.local/lib/python3.7/site-packages/airflow/example_dags/example_branch_labels.py for tasks to queue
[2023-03-27T23:17:48.787+0000] {logging_mixin.py:137} INFO - [2023-03-27T23:17:48.786+0000] {dagbag.py:532} INFO - Filling up the DagBag from /home/airflow/.local/lib/python3.7/site-packages/airflow/example_dags/example_branch_labels.py
[2023-03-27T23:17:48.844+0000] {processor.py:753} INFO - DAG(s) dict_keys(['example_branch_labels']) retrieved from /home/airflow/.local/lib/python3.7/site-packages/airflow/example_dags/example_branch_labels.py
[2023-03-27T23:17:48.956+0000] {logging_mixin.py:137} INFO - [2023-03-27T23:17:48.955+0000] {dag.py:2693} INFO - Sync 1 DAGs
[2023-03-27T23:17:49.019+0000] {logging_mixin.py:137} INFO - [2023-03-27T23:17:49.018+0000] {dag.py:3444} INFO - Setting next_dagrun for example_branch_labels to 2023-03-26T00:00:00+00:00, run_after=2023-03-27T00:00:00+00:00
[2023-03-27T23:17:49.057+0000] {processor.py:175} INFO - Processing /home/airflow/.local/lib/python3.7/site-packages/airflow/example_dags/example_branch_labels.py took 0.291 seconds
[2023-03-27T23:18:19.352+0000] {processor.py:153} INFO - Started process (PID=856) to work on /home/airflow/.local/lib/python3.7/site-packages/airflow/example_dags/example_branch_labels.py
[2023-03-27T23:18:19.355+0000] {processor.py:743} INFO - Processing file /home/airflow/.local/lib/python3.7/site-packages/airflow/example_dags/example_branch_labels.py for tasks to queue
[2023-03-27T23:18:19.359+0000] {logging_mixin.py:137} INFO - [2023-03-27T23:18:19.359+0000] {dagbag.py:532} INFO - Filling up the DagBag from /home/airflow/.local/lib/python3.7/site-packages/airflow/example_dags/example_branch_labels.py
[2023-03-27T23:18:19.392+0000] {processor.py:753} INFO - DAG(s) dict_keys(['example_branch_labels']) retrieved from /home/airflow/.local/lib/python3.7/site-packages/airflow/example_dags/example_branch_labels.py
[2023-03-27T23:18:19.462+0000] {logging_mixin.py:137} INFO - [2023-03-27T23:18:19.462+0000] {dag.py:2693} INFO - Sync 1 DAGs
[2023-03-27T23:18:19.546+0000] {logging_mixin.py:137} INFO - [2023-03-27T23:18:19.546+0000] {dag.py:3444} INFO - Setting next_dagrun for example_branch_labels to 2023-03-26T00:00:00+00:00, run_after=2023-03-27T00:00:00+00:00
[2023-03-27T23:18:19.606+0000] {processor.py:175} INFO - Processing /home/airflow/.local/lib/python3.7/site-packages/airflow/example_dags/example_branch_labels.py took 0.264 seconds
[2023-03-27T23:18:50.400+0000] {processor.py:153} INFO - Started process (PID=905) to work on /home/airflow/.local/lib/python3.7/site-packages/airflow/example_dags/example_branch_labels.py
[2023-03-27T23:18:50.404+0000] {processor.py:743} INFO - Processing file /home/airflow/.local/lib/python3.7/site-packages/airflow/example_dags/example_branch_labels.py for tasks to queue
[2023-03-27T23:18:50.409+0000] {logging_mixin.py:137} INFO - [2023-03-27T23:18:50.408+0000] {dagbag.py:532} INFO - Filling up the DagBag from /home/airflow/.local/lib/python3.7/site-packages/airflow/example_dags/example_branch_labels.py
[2023-03-27T23:18:50.447+0000] {processor.py:753} INFO - DAG(s) dict_keys(['example_branch_labels']) retrieved from /home/airflow/.local/lib/python3.7/site-packages/airflow/example_dags/example_branch_labels.py
[2023-03-27T23:18:50.523+0000] {logging_mixin.py:137} INFO - [2023-03-27T23:18:50.522+0000] {dag.py:2693} INFO - Sync 1 DAGs
[2023-03-27T23:18:50.594+0000] {logging_mixin.py:137} INFO - [2023-03-27T23:18:50.593+0000] {dag.py:3444} INFO - Setting next_dagrun for example_branch_labels to 2023-03-26T00:00:00+00:00, run_after=2023-03-27T00:00:00+00:00
[2023-03-27T23:18:50.647+0000] {processor.py:175} INFO - Processing /home/airflow/.local/lib/python3.7/site-packages/airflow/example_dags/example_branch_labels.py took 0.274 seconds
[2023-03-27T23:19:20.733+0000] {processor.py:153} INFO - Started process (PID=953) to work on /home/airflow/.local/lib/python3.7/site-packages/airflow/example_dags/example_branch_labels.py
[2023-03-27T23:19:20.737+0000] {processor.py:743} INFO - Processing file /home/airflow/.local/lib/python3.7/site-packages/airflow/example_dags/example_branch_labels.py for tasks to queue
[2023-03-27T23:19:20.739+0000] {logging_mixin.py:137} INFO - [2023-03-27T23:19:20.739+0000] {dagbag.py:532} INFO - Filling up the DagBag from /home/airflow/.local/lib/python3.7/site-packages/airflow/example_dags/example_branch_labels.py
[2023-03-27T23:19:20.772+0000] {processor.py:753} INFO - DAG(s) dict_keys(['example_branch_labels']) retrieved from /home/airflow/.local/lib/python3.7/site-packages/airflow/example_dags/example_branch_labels.py
[2023-03-27T23:19:20.958+0000] {logging_mixin.py:137} INFO - [2023-03-27T23:19:20.958+0000] {dag.py:2693} INFO - Sync 1 DAGs
[2023-03-27T23:19:21.040+0000] {logging_mixin.py:137} INFO - [2023-03-27T23:19:21.040+0000] {dag.py:3444} INFO - Setting next_dagrun for example_branch_labels to 2023-03-26T00:00:00+00:00, run_after=2023-03-27T00:00:00+00:00
[2023-03-27T23:19:21.123+0000] {processor.py:175} INFO - Processing /home/airflow/.local/lib/python3.7/site-packages/airflow/example_dags/example_branch_labels.py took 0.398 seconds
[2023-03-27T23:19:51.207+0000] {processor.py:153} INFO - Started process (PID=1002) to work on /home/airflow/.local/lib/python3.7/site-packages/airflow/example_dags/example_branch_labels.py
[2023-03-27T23:19:51.211+0000] {processor.py:743} INFO - Processing file /home/airflow/.local/lib/python3.7/site-packages/airflow/example_dags/example_branch_labels.py for tasks to queue
[2023-03-27T23:19:51.215+0000] {logging_mixin.py:137} INFO - [2023-03-27T23:19:51.214+0000] {dagbag.py:532} INFO - Filling up the DagBag from /home/airflow/.local/lib/python3.7/site-packages/airflow/example_dags/example_branch_labels.py
[2023-03-27T23:19:51.253+0000] {processor.py:753} INFO - DAG(s) dict_keys(['example_branch_labels']) retrieved from /home/airflow/.local/lib/python3.7/site-packages/airflow/example_dags/example_branch_labels.py
[2023-03-27T23:19:51.321+0000] {logging_mixin.py:137} INFO - [2023-03-27T23:19:51.321+0000] {dag.py:2693} INFO - Sync 1 DAGs
[2023-03-27T23:19:51.393+0000] {logging_mixin.py:137} INFO - [2023-03-27T23:19:51.393+0000] {dag.py:3444} INFO - Setting next_dagrun for example_branch_labels to 2023-03-26T00:00:00+00:00, run_after=2023-03-27T00:00:00+00:00
[2023-03-27T23:19:51.448+0000] {processor.py:175} INFO - Processing /home/airflow/.local/lib/python3.7/site-packages/airflow/example_dags/example_branch_labels.py took 0.250 seconds
[2023-03-27T23:20:21.626+0000] {processor.py:153} INFO - Started process (PID=1051) to work on /home/airflow/.local/lib/python3.7/site-packages/airflow/example_dags/example_branch_labels.py
[2023-03-27T23:20:21.631+0000] {processor.py:743} INFO - Processing file /home/airflow/.local/lib/python3.7/site-packages/airflow/example_dags/example_branch_labels.py for tasks to queue
[2023-03-27T23:20:21.635+0000] {logging_mixin.py:137} INFO - [2023-03-27T23:20:21.635+0000] {dagbag.py:532} INFO - Filling up the DagBag from /home/airflow/.local/lib/python3.7/site-packages/airflow/example_dags/example_branch_labels.py
[2023-03-27T23:20:21.668+0000] {processor.py:753} INFO - DAG(s) dict_keys(['example_branch_labels']) retrieved from /home/airflow/.local/lib/python3.7/site-packages/airflow/example_dags/example_branch_labels.py
[2023-03-27T23:20:21.726+0000] {logging_mixin.py:137} INFO - [2023-03-27T23:20:21.725+0000] {dag.py:2693} INFO - Sync 1 DAGs
[2023-03-27T23:20:21.800+0000] {logging_mixin.py:137} INFO - [2023-03-27T23:20:21.800+0000] {dag.py:3444} INFO - Setting next_dagrun for example_branch_labels to 2023-03-26T00:00:00+00:00, run_after=2023-03-27T00:00:00+00:00
[2023-03-27T23:20:21.871+0000] {processor.py:175} INFO - Processing /home/airflow/.local/lib/python3.7/site-packages/airflow/example_dags/example_branch_labels.py took 0.261 seconds
[2023-03-27T23:20:52.218+0000] {processor.py:153} INFO - Started process (PID=1101) to work on /home/airflow/.local/lib/python3.7/site-packages/airflow/example_dags/example_branch_labels.py
[2023-03-27T23:20:52.222+0000] {processor.py:743} INFO - Processing file /home/airflow/.local/lib/python3.7/site-packages/airflow/example_dags/example_branch_labels.py for tasks to queue
[2023-03-27T23:20:52.225+0000] {logging_mixin.py:137} INFO - [2023-03-27T23:20:52.224+0000] {dagbag.py:532} INFO - Filling up the DagBag from /home/airflow/.local/lib/python3.7/site-packages/airflow/example_dags/example_branch_labels.py
[2023-03-27T23:20:52.285+0000] {processor.py:753} INFO - DAG(s) dict_keys(['example_branch_labels']) retrieved from /home/airflow/.local/lib/python3.7/site-packages/airflow/example_dags/example_branch_labels.py
[2023-03-27T23:20:52.395+0000] {logging_mixin.py:137} INFO - [2023-03-27T23:20:52.395+0000] {dag.py:2693} INFO - Sync 1 DAGs
[2023-03-27T23:20:52.521+0000] {logging_mixin.py:137} INFO - [2023-03-27T23:20:52.512+0000] {dag.py:3444} INFO - Setting next_dagrun for example_branch_labels to 2023-03-26T00:00:00+00:00, run_after=2023-03-27T00:00:00+00:00
[2023-03-27T23:20:52.662+0000] {processor.py:175} INFO - Processing /home/airflow/.local/lib/python3.7/site-packages/airflow/example_dags/example_branch_labels.py took 0.461 seconds
[2023-03-27T23:21:23.355+0000] {processor.py:153} INFO - Started process (PID=1150) to work on /home/airflow/.local/lib/python3.7/site-packages/airflow/example_dags/example_branch_labels.py
[2023-03-27T23:21:23.359+0000] {processor.py:743} INFO - Processing file /home/airflow/.local/lib/python3.7/site-packages/airflow/example_dags/example_branch_labels.py for tasks to queue
[2023-03-27T23:21:23.361+0000] {logging_mixin.py:137} INFO - [2023-03-27T23:21:23.361+0000] {dagbag.py:532} INFO - Filling up the DagBag from /home/airflow/.local/lib/python3.7/site-packages/airflow/example_dags/example_branch_labels.py
[2023-03-27T23:21:23.389+0000] {processor.py:753} INFO - DAG(s) dict_keys(['example_branch_labels']) retrieved from /home/airflow/.local/lib/python3.7/site-packages/airflow/example_dags/example_branch_labels.py
[2023-03-27T23:21:23.504+0000] {logging_mixin.py:137} INFO - [2023-03-27T23:21:23.504+0000] {dag.py:2693} INFO - Sync 1 DAGs
[2023-03-27T23:21:23.587+0000] {logging_mixin.py:137} INFO - [2023-03-27T23:21:23.587+0000] {dag.py:3444} INFO - Setting next_dagrun for example_branch_labels to 2023-03-26T00:00:00+00:00, run_after=2023-03-27T00:00:00+00:00
[2023-03-27T23:21:23.648+0000] {processor.py:175} INFO - Processing /home/airflow/.local/lib/python3.7/site-packages/airflow/example_dags/example_branch_labels.py took 0.301 seconds
[2023-03-27T23:21:53.903+0000] {processor.py:153} INFO - Started process (PID=1200) to work on /home/airflow/.local/lib/python3.7/site-packages/airflow/example_dags/example_branch_labels.py
[2023-03-27T23:21:53.909+0000] {processor.py:743} INFO - Processing file /home/airflow/.local/lib/python3.7/site-packages/airflow/example_dags/example_branch_labels.py for tasks to queue
[2023-03-27T23:21:53.913+0000] {logging_mixin.py:137} INFO - [2023-03-27T23:21:53.912+0000] {dagbag.py:532} INFO - Filling up the DagBag from /home/airflow/.local/lib/python3.7/site-packages/airflow/example_dags/example_branch_labels.py
[2023-03-27T23:21:53.955+0000] {processor.py:753} INFO - DAG(s) dict_keys(['example_branch_labels']) retrieved from /home/airflow/.local/lib/python3.7/site-packages/airflow/example_dags/example_branch_labels.py
[2023-03-27T23:21:54.036+0000] {logging_mixin.py:137} INFO - [2023-03-27T23:21:54.036+0000] {dag.py:2693} INFO - Sync 1 DAGs
[2023-03-27T23:21:54.112+0000] {logging_mixin.py:137} INFO - [2023-03-27T23:21:54.111+0000] {dag.py:3444} INFO - Setting next_dagrun for example_branch_labels to 2023-03-26T00:00:00+00:00, run_after=2023-03-27T00:00:00+00:00
[2023-03-27T23:21:54.188+0000] {processor.py:175} INFO - Processing /home/airflow/.local/lib/python3.7/site-packages/airflow/example_dags/example_branch_labels.py took 0.301 seconds
[2023-03-27T23:22:24.428+0000] {processor.py:153} INFO - Started process (PID=1248) to work on /home/airflow/.local/lib/python3.7/site-packages/airflow/example_dags/example_branch_labels.py
[2023-03-27T23:22:24.436+0000] {processor.py:743} INFO - Processing file /home/airflow/.local/lib/python3.7/site-packages/airflow/example_dags/example_branch_labels.py for tasks to queue
[2023-03-27T23:22:24.442+0000] {logging_mixin.py:137} INFO - [2023-03-27T23:22:24.442+0000] {dagbag.py:532} INFO - Filling up the DagBag from /home/airflow/.local/lib/python3.7/site-packages/airflow/example_dags/example_branch_labels.py
[2023-03-27T23:22:24.477+0000] {processor.py:753} INFO - DAG(s) dict_keys(['example_branch_labels']) retrieved from /home/airflow/.local/lib/python3.7/site-packages/airflow/example_dags/example_branch_labels.py
[2023-03-27T23:22:24.537+0000] {logging_mixin.py:137} INFO - [2023-03-27T23:22:24.536+0000] {dag.py:2693} INFO - Sync 1 DAGs
[2023-03-27T23:22:24.608+0000] {logging_mixin.py:137} INFO - [2023-03-27T23:22:24.607+0000] {dag.py:3444} INFO - Setting next_dagrun for example_branch_labels to 2023-03-26T00:00:00+00:00, run_after=2023-03-27T00:00:00+00:00
[2023-03-27T23:22:24.686+0000] {processor.py:175} INFO - Processing /home/airflow/.local/lib/python3.7/site-packages/airflow/example_dags/example_branch_labels.py took 0.274 seconds
[2023-03-27T23:22:55.481+0000] {processor.py:153} INFO - Started process (PID=1297) to work on /home/airflow/.local/lib/python3.7/site-packages/airflow/example_dags/example_branch_labels.py
[2023-03-27T23:22:55.487+0000] {processor.py:743} INFO - Processing file /home/airflow/.local/lib/python3.7/site-packages/airflow/example_dags/example_branch_labels.py for tasks to queue
[2023-03-27T23:22:55.491+0000] {logging_mixin.py:137} INFO - [2023-03-27T23:22:55.490+0000] {dagbag.py:532} INFO - Filling up the DagBag from /home/airflow/.local/lib/python3.7/site-packages/airflow/example_dags/example_branch_labels.py
[2023-03-27T23:22:55.530+0000] {processor.py:753} INFO - DAG(s) dict_keys(['example_branch_labels']) retrieved from /home/airflow/.local/lib/python3.7/site-packages/airflow/example_dags/example_branch_labels.py
[2023-03-27T23:22:55.598+0000] {logging_mixin.py:137} INFO - [2023-03-27T23:22:55.598+0000] {dag.py:2693} INFO - Sync 1 DAGs
[2023-03-27T23:22:55.671+0000] {logging_mixin.py:137} INFO - [2023-03-27T23:22:55.671+0000] {dag.py:3444} INFO - Setting next_dagrun for example_branch_labels to 2023-03-26T00:00:00+00:00, run_after=2023-03-27T00:00:00+00:00
[2023-03-27T23:22:55.733+0000] {processor.py:175} INFO - Processing /home/airflow/.local/lib/python3.7/site-packages/airflow/example_dags/example_branch_labels.py took 0.263 seconds
[2023-03-27T23:23:25.965+0000] {processor.py:153} INFO - Started process (PID=1346) to work on /home/airflow/.local/lib/python3.7/site-packages/airflow/example_dags/example_branch_labels.py
[2023-03-27T23:23:25.980+0000] {processor.py:743} INFO - Processing file /home/airflow/.local/lib/python3.7/site-packages/airflow/example_dags/example_branch_labels.py for tasks to queue
[2023-03-27T23:23:25.983+0000] {logging_mixin.py:137} INFO - [2023-03-27T23:23:25.983+0000] {dagbag.py:532} INFO - Filling up the DagBag from /home/airflow/.local/lib/python3.7/site-packages/airflow/example_dags/example_branch_labels.py
[2023-03-27T23:23:26.089+0000] {processor.py:753} INFO - DAG(s) dict_keys(['example_branch_labels']) retrieved from /home/airflow/.local/lib/python3.7/site-packages/airflow/example_dags/example_branch_labels.py
[2023-03-27T23:23:26.242+0000] {logging_mixin.py:137} INFO - [2023-03-27T23:23:26.242+0000] {dag.py:2693} INFO - Sync 1 DAGs
[2023-03-27T23:23:26.386+0000] {logging_mixin.py:137} INFO - [2023-03-27T23:23:26.378+0000] {dag.py:3444} INFO - Setting next_dagrun for example_branch_labels to 2023-03-26T00:00:00+00:00, run_after=2023-03-27T00:00:00+00:00
[2023-03-27T23:23:26.465+0000] {processor.py:175} INFO - Processing /home/airflow/.local/lib/python3.7/site-packages/airflow/example_dags/example_branch_labels.py took 0.518 seconds
[2023-03-27T23:23:56.681+0000] {processor.py:153} INFO - Started process (PID=1395) to work on /home/airflow/.local/lib/python3.7/site-packages/airflow/example_dags/example_branch_labels.py
[2023-03-27T23:23:56.687+0000] {processor.py:743} INFO - Processing file /home/airflow/.local/lib/python3.7/site-packages/airflow/example_dags/example_branch_labels.py for tasks to queue
[2023-03-27T23:23:56.697+0000] {logging_mixin.py:137} INFO - [2023-03-27T23:23:56.696+0000] {dagbag.py:532} INFO - Filling up the DagBag from /home/airflow/.local/lib/python3.7/site-packages/airflow/example_dags/example_branch_labels.py
[2023-03-27T23:23:56.800+0000] {processor.py:753} INFO - DAG(s) dict_keys(['example_branch_labels']) retrieved from /home/airflow/.local/lib/python3.7/site-packages/airflow/example_dags/example_branch_labels.py
[2023-03-27T23:23:56.940+0000] {logging_mixin.py:137} INFO - [2023-03-27T23:23:56.939+0000] {dag.py:2693} INFO - Sync 1 DAGs
[2023-03-27T23:23:57.097+0000] {logging_mixin.py:137} INFO - [2023-03-27T23:23:57.097+0000] {dag.py:3444} INFO - Setting next_dagrun for example_branch_labels to 2023-03-26T00:00:00+00:00, run_after=2023-03-27T00:00:00+00:00
[2023-03-27T23:23:57.194+0000] {processor.py:175} INFO - Processing /home/airflow/.local/lib/python3.7/site-packages/airflow/example_dags/example_branch_labels.py took 0.519 seconds
[2023-03-27T23:24:27.793+0000] {processor.py:153} INFO - Started process (PID=1445) to work on /home/airflow/.local/lib/python3.7/site-packages/airflow/example_dags/example_branch_labels.py
[2023-03-27T23:24:27.797+0000] {processor.py:743} INFO - Processing file /home/airflow/.local/lib/python3.7/site-packages/airflow/example_dags/example_branch_labels.py for tasks to queue
[2023-03-27T23:24:27.800+0000] {logging_mixin.py:137} INFO - [2023-03-27T23:24:27.800+0000] {dagbag.py:532} INFO - Filling up the DagBag from /home/airflow/.local/lib/python3.7/site-packages/airflow/example_dags/example_branch_labels.py
[2023-03-27T23:24:27.829+0000] {processor.py:753} INFO - DAG(s) dict_keys(['example_branch_labels']) retrieved from /home/airflow/.local/lib/python3.7/site-packages/airflow/example_dags/example_branch_labels.py
[2023-03-27T23:24:27.896+0000] {logging_mixin.py:137} INFO - [2023-03-27T23:24:27.896+0000] {dag.py:2693} INFO - Sync 1 DAGs
[2023-03-27T23:24:27.970+0000] {logging_mixin.py:137} INFO - [2023-03-27T23:24:27.969+0000] {dag.py:3444} INFO - Setting next_dagrun for example_branch_labels to 2023-03-26T00:00:00+00:00, run_after=2023-03-27T00:00:00+00:00
[2023-03-27T23:24:28.087+0000] {processor.py:175} INFO - Processing /home/airflow/.local/lib/python3.7/site-packages/airflow/example_dags/example_branch_labels.py took 0.300 seconds
[2023-03-27T23:54:55.870+0000] {processor.py:153} INFO - Started process (PID=1493) to work on /home/airflow/.local/lib/python3.7/site-packages/airflow/example_dags/example_branch_labels.py
[2023-03-27T23:54:55.880+0000] {processor.py:743} INFO - Processing file /home/airflow/.local/lib/python3.7/site-packages/airflow/example_dags/example_branch_labels.py for tasks to queue
[2023-03-27T23:54:55.883+0000] {logging_mixin.py:137} INFO - [2023-03-27T23:54:55.882+0000] {dagbag.py:532} INFO - Filling up the DagBag from /home/airflow/.local/lib/python3.7/site-packages/airflow/example_dags/example_branch_labels.py
[2023-03-27T23:54:55.978+0000] {processor.py:753} INFO - DAG(s) dict_keys(['example_branch_labels']) retrieved from /home/airflow/.local/lib/python3.7/site-packages/airflow/example_dags/example_branch_labels.py
[2023-03-27T23:54:56.233+0000] {logging_mixin.py:137} INFO - [2023-03-27T23:54:56.232+0000] {dag.py:2693} INFO - Sync 1 DAGs
[2023-03-27T23:54:56.388+0000] {logging_mixin.py:137} INFO - [2023-03-27T23:54:56.378+0000] {dag.py:3444} INFO - Setting next_dagrun for example_branch_labels to 2023-03-26T00:00:00+00:00, run_after=2023-03-27T00:00:00+00:00
[2023-03-27T23:54:56.659+0000] {processor.py:175} INFO - Processing /home/airflow/.local/lib/python3.7/site-packages/airflow/example_dags/example_branch_labels.py took 0.815 seconds
[2023-03-27T23:55:27.098+0000] {processor.py:153} INFO - Started process (PID=1541) to work on /home/airflow/.local/lib/python3.7/site-packages/airflow/example_dags/example_branch_labels.py
[2023-03-27T23:55:27.109+0000] {processor.py:743} INFO - Processing file /home/airflow/.local/lib/python3.7/site-packages/airflow/example_dags/example_branch_labels.py for tasks to queue
[2023-03-27T23:55:27.112+0000] {logging_mixin.py:137} INFO - [2023-03-27T23:55:27.112+0000] {dagbag.py:532} INFO - Filling up the DagBag from /home/airflow/.local/lib/python3.7/site-packages/airflow/example_dags/example_branch_labels.py
[2023-03-27T23:55:27.211+0000] {processor.py:753} INFO - DAG(s) dict_keys(['example_branch_labels']) retrieved from /home/airflow/.local/lib/python3.7/site-packages/airflow/example_dags/example_branch_labels.py
[2023-03-27T23:55:27.297+0000] {logging_mixin.py:137} INFO - [2023-03-27T23:55:27.297+0000] {dag.py:2693} INFO - Sync 1 DAGs
[2023-03-27T23:55:27.375+0000] {logging_mixin.py:137} INFO - [2023-03-27T23:55:27.375+0000] {dag.py:3444} INFO - Setting next_dagrun for example_branch_labels to 2023-03-26T00:00:00+00:00, run_after=2023-03-27T00:00:00+00:00
[2023-03-27T23:55:27.480+0000] {processor.py:175} INFO - Processing /home/airflow/.local/lib/python3.7/site-packages/airflow/example_dags/example_branch_labels.py took 0.406 seconds
[2023-03-27T23:55:57.850+0000] {processor.py:153} INFO - Started process (PID=1590) to work on /home/airflow/.local/lib/python3.7/site-packages/airflow/example_dags/example_branch_labels.py
[2023-03-27T23:55:57.854+0000] {processor.py:743} INFO - Processing file /home/airflow/.local/lib/python3.7/site-packages/airflow/example_dags/example_branch_labels.py for tasks to queue
[2023-03-27T23:55:57.857+0000] {logging_mixin.py:137} INFO - [2023-03-27T23:55:57.856+0000] {dagbag.py:532} INFO - Filling up the DagBag from /home/airflow/.local/lib/python3.7/site-packages/airflow/example_dags/example_branch_labels.py
[2023-03-27T23:55:57.884+0000] {processor.py:753} INFO - DAG(s) dict_keys(['example_branch_labels']) retrieved from /home/airflow/.local/lib/python3.7/site-packages/airflow/example_dags/example_branch_labels.py
[2023-03-27T23:55:57.944+0000] {logging_mixin.py:137} INFO - [2023-03-27T23:55:57.944+0000] {dag.py:2693} INFO - Sync 1 DAGs
[2023-03-27T23:55:57.993+0000] {logging_mixin.py:137} INFO - [2023-03-27T23:55:57.993+0000] {dag.py:3444} INFO - Setting next_dagrun for example_branch_labels to 2023-03-26T00:00:00+00:00, run_after=2023-03-27T00:00:00+00:00
[2023-03-27T23:55:58.040+0000] {processor.py:175} INFO - Processing /home/airflow/.local/lib/python3.7/site-packages/airflow/example_dags/example_branch_labels.py took 0.200 seconds
[2023-03-27T23:56:28.553+0000] {processor.py:153} INFO - Started process (PID=1639) to work on /home/airflow/.local/lib/python3.7/site-packages/airflow/example_dags/example_branch_labels.py
[2023-03-27T23:56:28.557+0000] {processor.py:743} INFO - Processing file /home/airflow/.local/lib/python3.7/site-packages/airflow/example_dags/example_branch_labels.py for tasks to queue
[2023-03-27T23:56:28.561+0000] {logging_mixin.py:137} INFO - [2023-03-27T23:56:28.561+0000] {dagbag.py:532} INFO - Filling up the DagBag from /home/airflow/.local/lib/python3.7/site-packages/airflow/example_dags/example_branch_labels.py
[2023-03-27T23:56:28.599+0000] {processor.py:753} INFO - DAG(s) dict_keys(['example_branch_labels']) retrieved from /home/airflow/.local/lib/python3.7/site-packages/airflow/example_dags/example_branch_labels.py
[2023-03-27T23:56:28.655+0000] {logging_mixin.py:137} INFO - [2023-03-27T23:56:28.655+0000] {dag.py:2693} INFO - Sync 1 DAGs
[2023-03-27T23:56:28.699+0000] {logging_mixin.py:137} INFO - [2023-03-27T23:56:28.698+0000] {dag.py:3444} INFO - Setting next_dagrun for example_branch_labels to 2023-03-26T00:00:00+00:00, run_after=2023-03-27T00:00:00+00:00
[2023-03-27T23:56:28.908+0000] {processor.py:175} INFO - Processing /home/airflow/.local/lib/python3.7/site-packages/airflow/example_dags/example_branch_labels.py took 0.365 seconds
[2023-03-27T23:56:59.045+0000] {processor.py:153} INFO - Started process (PID=1688) to work on /home/airflow/.local/lib/python3.7/site-packages/airflow/example_dags/example_branch_labels.py
[2023-03-27T23:56:59.048+0000] {processor.py:743} INFO - Processing file /home/airflow/.local/lib/python3.7/site-packages/airflow/example_dags/example_branch_labels.py for tasks to queue
[2023-03-27T23:56:59.052+0000] {logging_mixin.py:137} INFO - [2023-03-27T23:56:59.052+0000] {dagbag.py:532} INFO - Filling up the DagBag from /home/airflow/.local/lib/python3.7/site-packages/airflow/example_dags/example_branch_labels.py
[2023-03-27T23:56:59.087+0000] {processor.py:753} INFO - DAG(s) dict_keys(['example_branch_labels']) retrieved from /home/airflow/.local/lib/python3.7/site-packages/airflow/example_dags/example_branch_labels.py
[2023-03-27T23:56:59.135+0000] {logging_mixin.py:137} INFO - [2023-03-27T23:56:59.135+0000] {dag.py:2693} INFO - Sync 1 DAGs
[2023-03-27T23:56:59.182+0000] {logging_mixin.py:137} INFO - [2023-03-27T23:56:59.182+0000] {dag.py:3444} INFO - Setting next_dagrun for example_branch_labels to 2023-03-26T00:00:00+00:00, run_after=2023-03-27T00:00:00+00:00
[2023-03-27T23:56:59.228+0000] {processor.py:175} INFO - Processing /home/airflow/.local/lib/python3.7/site-packages/airflow/example_dags/example_branch_labels.py took 0.194 seconds
[2023-03-27T23:57:29.886+0000] {processor.py:153} INFO - Started process (PID=1737) to work on /home/airflow/.local/lib/python3.7/site-packages/airflow/example_dags/example_branch_labels.py
[2023-03-27T23:57:29.890+0000] {processor.py:743} INFO - Processing file /home/airflow/.local/lib/python3.7/site-packages/airflow/example_dags/example_branch_labels.py for tasks to queue
[2023-03-27T23:57:29.894+0000] {logging_mixin.py:137} INFO - [2023-03-27T23:57:29.893+0000] {dagbag.py:532} INFO - Filling up the DagBag from /home/airflow/.local/lib/python3.7/site-packages/airflow/example_dags/example_branch_labels.py
[2023-03-27T23:57:29.934+0000] {processor.py:753} INFO - DAG(s) dict_keys(['example_branch_labels']) retrieved from /home/airflow/.local/lib/python3.7/site-packages/airflow/example_dags/example_branch_labels.py
[2023-03-27T23:57:29.987+0000] {logging_mixin.py:137} INFO - [2023-03-27T23:57:29.986+0000] {dag.py:2693} INFO - Sync 1 DAGs
[2023-03-27T23:57:30.032+0000] {logging_mixin.py:137} INFO - [2023-03-27T23:57:30.032+0000] {dag.py:3444} INFO - Setting next_dagrun for example_branch_labels to 2023-03-26T00:00:00+00:00, run_after=2023-03-27T00:00:00+00:00
[2023-03-27T23:57:30.069+0000] {processor.py:175} INFO - Processing /home/airflow/.local/lib/python3.7/site-packages/airflow/example_dags/example_branch_labels.py took 0.197 seconds
[2023-03-27T23:58:01.252+0000] {processor.py:153} INFO - Started process (PID=1786) to work on /home/airflow/.local/lib/python3.7/site-packages/airflow/example_dags/example_branch_labels.py
[2023-03-27T23:58:01.260+0000] {processor.py:743} INFO - Processing file /home/airflow/.local/lib/python3.7/site-packages/airflow/example_dags/example_branch_labels.py for tasks to queue
[2023-03-27T23:58:01.280+0000] {logging_mixin.py:137} INFO - [2023-03-27T23:58:01.278+0000] {dagbag.py:532} INFO - Filling up the DagBag from /home/airflow/.local/lib/python3.7/site-packages/airflow/example_dags/example_branch_labels.py
[2023-03-27T23:58:01.354+0000] {processor.py:753} INFO - DAG(s) dict_keys(['example_branch_labels']) retrieved from /home/airflow/.local/lib/python3.7/site-packages/airflow/example_dags/example_branch_labels.py
[2023-03-27T23:58:01.574+0000] {logging_mixin.py:137} INFO - [2023-03-27T23:58:01.574+0000] {dag.py:2693} INFO - Sync 1 DAGs
[2023-03-27T23:58:01.650+0000] {logging_mixin.py:137} INFO - [2023-03-27T23:58:01.650+0000] {dag.py:3444} INFO - Setting next_dagrun for example_branch_labels to 2023-03-26T00:00:00+00:00, run_after=2023-03-27T00:00:00+00:00
[2023-03-27T23:58:01.687+0000] {processor.py:175} INFO - Processing /home/airflow/.local/lib/python3.7/site-packages/airflow/example_dags/example_branch_labels.py took 0.468 seconds
[2023-03-27T23:58:32.354+0000] {processor.py:153} INFO - Started process (PID=1836) to work on /home/airflow/.local/lib/python3.7/site-packages/airflow/example_dags/example_branch_labels.py
[2023-03-27T23:58:32.359+0000] {processor.py:743} INFO - Processing file /home/airflow/.local/lib/python3.7/site-packages/airflow/example_dags/example_branch_labels.py for tasks to queue
[2023-03-27T23:58:32.365+0000] {logging_mixin.py:137} INFO - [2023-03-27T23:58:32.364+0000] {dagbag.py:532} INFO - Filling up the DagBag from /home/airflow/.local/lib/python3.7/site-packages/airflow/example_dags/example_branch_labels.py
[2023-03-27T23:58:32.452+0000] {processor.py:753} INFO - DAG(s) dict_keys(['example_branch_labels']) retrieved from /home/airflow/.local/lib/python3.7/site-packages/airflow/example_dags/example_branch_labels.py
[2023-03-27T23:58:32.513+0000] {logging_mixin.py:137} INFO - [2023-03-27T23:58:32.512+0000] {dag.py:2693} INFO - Sync 1 DAGs
[2023-03-27T23:58:32.587+0000] {logging_mixin.py:137} INFO - [2023-03-27T23:58:32.587+0000] {dag.py:3444} INFO - Setting next_dagrun for example_branch_labels to 2023-03-26T00:00:00+00:00, run_after=2023-03-27T00:00:00+00:00
[2023-03-27T23:58:32.910+0000] {processor.py:175} INFO - Processing /home/airflow/.local/lib/python3.7/site-packages/airflow/example_dags/example_branch_labels.py took 0.565 seconds
[2023-03-27T23:59:03.448+0000] {processor.py:153} INFO - Started process (PID=1885) to work on /home/airflow/.local/lib/python3.7/site-packages/airflow/example_dags/example_branch_labels.py
[2023-03-27T23:59:03.454+0000] {processor.py:743} INFO - Processing file /home/airflow/.local/lib/python3.7/site-packages/airflow/example_dags/example_branch_labels.py for tasks to queue
[2023-03-27T23:59:03.457+0000] {logging_mixin.py:137} INFO - [2023-03-27T23:59:03.457+0000] {dagbag.py:532} INFO - Filling up the DagBag from /home/airflow/.local/lib/python3.7/site-packages/airflow/example_dags/example_branch_labels.py
[2023-03-27T23:59:03.510+0000] {processor.py:753} INFO - DAG(s) dict_keys(['example_branch_labels']) retrieved from /home/airflow/.local/lib/python3.7/site-packages/airflow/example_dags/example_branch_labels.py
[2023-03-27T23:59:03.586+0000] {logging_mixin.py:137} INFO - [2023-03-27T23:59:03.586+0000] {dag.py:2693} INFO - Sync 1 DAGs
[2023-03-27T23:59:03.712+0000] {logging_mixin.py:137} INFO - [2023-03-27T23:59:03.711+0000] {dag.py:3444} INFO - Setting next_dagrun for example_branch_labels to 2023-03-26T00:00:00+00:00, run_after=2023-03-27T00:00:00+00:00
[2023-03-27T23:59:03.768+0000] {processor.py:175} INFO - Processing /home/airflow/.local/lib/python3.7/site-packages/airflow/example_dags/example_branch_labels.py took 0.346 seconds
[2023-03-27T23:59:35.542+0000] {processor.py:153} INFO - Started process (PID=1934) to work on /home/airflow/.local/lib/python3.7/site-packages/airflow/example_dags/example_branch_labels.py
[2023-03-27T23:59:35.577+0000] {processor.py:743} INFO - Processing file /home/airflow/.local/lib/python3.7/site-packages/airflow/example_dags/example_branch_labels.py for tasks to queue
[2023-03-27T23:59:35.581+0000] {logging_mixin.py:137} INFO - [2023-03-27T23:59:35.580+0000] {dagbag.py:532} INFO - Filling up the DagBag from /home/airflow/.local/lib/python3.7/site-packages/airflow/example_dags/example_branch_labels.py
[2023-03-27T23:59:35.640+0000] {processor.py:753} INFO - DAG(s) dict_keys(['example_branch_labels']) retrieved from /home/airflow/.local/lib/python3.7/site-packages/airflow/example_dags/example_branch_labels.py
[2023-03-27T23:59:36.237+0000] {logging_mixin.py:137} INFO - [2023-03-27T23:59:36.237+0000] {dag.py:2693} INFO - Sync 1 DAGs
[2023-03-27T23:59:36.766+0000] {logging_mixin.py:137} INFO - [2023-03-27T23:59:36.765+0000] {dag.py:3444} INFO - Setting next_dagrun for example_branch_labels to 2023-03-26T00:00:00+00:00, run_after=2023-03-27T00:00:00+00:00
[2023-03-27T23:59:36.932+0000] {processor.py:175} INFO - Processing /home/airflow/.local/lib/python3.7/site-packages/airflow/example_dags/example_branch_labels.py took 1.518 seconds
