[2023-03-27T11:50:16.281+0000] {processor.py:153} INFO - Started process (PID=134) to work on /home/airflow/.local/lib/python3.7/site-packages/airflow/example_dags/example_skip_dag.py
[2023-03-27T11:50:16.326+0000] {processor.py:743} INFO - Processing file /home/airflow/.local/lib/python3.7/site-packages/airflow/example_dags/example_skip_dag.py for tasks to queue
[2023-03-27T11:50:16.329+0000] {logging_mixin.py:137} INFO - [2023-03-27T11:50:16.329+0000] {dagbag.py:532} INFO - Filling up the DagBag from /home/airflow/.local/lib/python3.7/site-packages/airflow/example_dags/example_skip_dag.py
[2023-03-27T11:50:17.600+0000] {processor.py:753} INFO - DAG(s) dict_keys(['example_skip_dag']) retrieved from /home/airflow/.local/lib/python3.7/site-packages/airflow/example_dags/example_skip_dag.py
[2023-03-27T11:50:24.556+0000] {logging_mixin.py:137} INFO - [2023-03-27T11:50:24.556+0000] {dag.py:2693} INFO - Sync 1 DAGs
[2023-03-27T11:50:28.841+0000] {logging_mixin.py:137} INFO - [2023-03-27T11:50:28.803+0000] {dag.py:3444} INFO - Setting next_dagrun for example_skip_dag to 2023-03-26T11:50:28.788143+00:00, run_after=2023-03-27T11:50:28.788143+00:00
[2023-03-27T11:50:31.033+0000] {processor.py:175} INFO - Processing /home/airflow/.local/lib/python3.7/site-packages/airflow/example_dags/example_skip_dag.py took 15.031 seconds
[2023-03-27T13:25:35.583+0000] {processor.py:153} INFO - Started process (PID=210) to work on /home/airflow/.local/lib/python3.7/site-packages/airflow/example_dags/example_skip_dag.py
[2023-03-27T13:25:35.668+0000] {processor.py:743} INFO - Processing file /home/airflow/.local/lib/python3.7/site-packages/airflow/example_dags/example_skip_dag.py for tasks to queue
[2023-03-27T13:25:35.715+0000] {logging_mixin.py:137} INFO - [2023-03-27T13:25:35.706+0000] {dagbag.py:532} INFO - Filling up the DagBag from /home/airflow/.local/lib/python3.7/site-packages/airflow/example_dags/example_skip_dag.py
[2023-03-27T13:25:36.969+0000] {processor.py:753} INFO - DAG(s) dict_keys(['example_skip_dag']) retrieved from /home/airflow/.local/lib/python3.7/site-packages/airflow/example_dags/example_skip_dag.py
[2023-03-27T13:25:37.946+0000] {logging_mixin.py:137} INFO - [2023-03-27T13:25:37.946+0000] {dag.py:2693} INFO - Sync 1 DAGs
[2023-03-27T13:25:38.593+0000] {logging_mixin.py:137} INFO - [2023-03-27T13:25:38.592+0000] {dag.py:3444} INFO - Setting next_dagrun for example_skip_dag to 2023-03-26T13:25:38.584127+00:00, run_after=2023-03-27T13:25:38.584127+00:00
[2023-03-27T13:25:41.085+0000] {processor.py:175} INFO - Processing /home/airflow/.local/lib/python3.7/site-packages/airflow/example_dags/example_skip_dag.py took 5.755 seconds
[2023-03-27T13:27:58.694+0000] {processor.py:153} INFO - Started process (PID=280) to work on /home/airflow/.local/lib/python3.7/site-packages/airflow/example_dags/example_skip_dag.py
[2023-03-27T13:27:58.726+0000] {processor.py:743} INFO - Processing file /home/airflow/.local/lib/python3.7/site-packages/airflow/example_dags/example_skip_dag.py for tasks to queue
[2023-03-27T13:27:58.730+0000] {logging_mixin.py:137} INFO - [2023-03-27T13:27:58.730+0000] {dagbag.py:532} INFO - Filling up the DagBag from /home/airflow/.local/lib/python3.7/site-packages/airflow/example_dags/example_skip_dag.py
[2023-03-27T13:27:58.911+0000] {processor.py:753} INFO - DAG(s) dict_keys(['example_skip_dag']) retrieved from /home/airflow/.local/lib/python3.7/site-packages/airflow/example_dags/example_skip_dag.py
[2023-03-27T13:27:59.278+0000] {logging_mixin.py:137} INFO - [2023-03-27T13:27:59.277+0000] {dag.py:2693} INFO - Sync 1 DAGs
[2023-03-27T13:27:59.680+0000] {logging_mixin.py:137} INFO - [2023-03-27T13:27:59.679+0000] {dag.py:3444} INFO - Setting next_dagrun for example_skip_dag to 2023-03-26T13:27:59.666321+00:00, run_after=2023-03-27T13:27:59.666321+00:00
[2023-03-27T13:28:00.070+0000] {processor.py:175} INFO - Processing /home/airflow/.local/lib/python3.7/site-packages/airflow/example_dags/example_skip_dag.py took 1.482 seconds
[2023-03-27T13:32:04.348+0000] {processor.py:153} INFO - Started process (PID=393) to work on /home/airflow/.local/lib/python3.7/site-packages/airflow/example_dags/example_skip_dag.py
[2023-03-27T13:32:04.396+0000] {processor.py:743} INFO - Processing file /home/airflow/.local/lib/python3.7/site-packages/airflow/example_dags/example_skip_dag.py for tasks to queue
[2023-03-27T13:32:04.424+0000] {logging_mixin.py:137} INFO - [2023-03-27T13:32:04.424+0000] {dagbag.py:532} INFO - Filling up the DagBag from /home/airflow/.local/lib/python3.7/site-packages/airflow/example_dags/example_skip_dag.py
[2023-03-27T13:32:05.003+0000] {processor.py:753} INFO - DAG(s) dict_keys(['example_skip_dag']) retrieved from /home/airflow/.local/lib/python3.7/site-packages/airflow/example_dags/example_skip_dag.py
[2023-03-27T13:32:06.571+0000] {logging_mixin.py:137} INFO - [2023-03-27T13:32:06.570+0000] {dag.py:2693} INFO - Sync 1 DAGs
[2023-03-27T13:32:11.906+0000] {logging_mixin.py:137} INFO - [2023-03-27T13:32:11.905+0000] {dag.py:3444} INFO - Setting next_dagrun for example_skip_dag to 2023-03-26T13:32:11.822104+00:00, run_after=2023-03-27T13:32:11.822104+00:00
[2023-03-27T13:32:14.895+0000] {processor.py:175} INFO - Processing /home/airflow/.local/lib/python3.7/site-packages/airflow/example_dags/example_skip_dag.py took 10.627 seconds
[2023-03-27T13:35:35.210+0000] {processor.py:153} INFO - Started process (PID=503) to work on /home/airflow/.local/lib/python3.7/site-packages/airflow/example_dags/example_skip_dag.py
[2023-03-27T13:35:35.236+0000] {processor.py:743} INFO - Processing file /home/airflow/.local/lib/python3.7/site-packages/airflow/example_dags/example_skip_dag.py for tasks to queue
[2023-03-27T13:35:35.252+0000] {logging_mixin.py:137} INFO - [2023-03-27T13:35:35.252+0000] {dagbag.py:532} INFO - Filling up the DagBag from /home/airflow/.local/lib/python3.7/site-packages/airflow/example_dags/example_skip_dag.py
[2023-03-27T13:35:35.826+0000] {processor.py:753} INFO - DAG(s) dict_keys(['example_skip_dag']) retrieved from /home/airflow/.local/lib/python3.7/site-packages/airflow/example_dags/example_skip_dag.py
[2023-03-27T13:35:38.395+0000] {logging_mixin.py:137} INFO - [2023-03-27T13:35:38.394+0000] {dag.py:2693} INFO - Sync 1 DAGs
[2023-03-27T13:35:43.780+0000] {logging_mixin.py:137} INFO - [2023-03-27T13:35:43.779+0000] {dag.py:3444} INFO - Setting next_dagrun for example_skip_dag to 2023-03-26T13:35:43.777665+00:00, run_after=2023-03-27T13:35:43.777665+00:00
[2023-03-27T13:35:44.996+0000] {processor.py:175} INFO - Processing /home/airflow/.local/lib/python3.7/site-packages/airflow/example_dags/example_skip_dag.py took 9.930 seconds
[2023-03-27T13:38:49.640+0000] {processor.py:153} INFO - Started process (PID=604) to work on /home/airflow/.local/lib/python3.7/site-packages/airflow/example_dags/example_skip_dag.py
[2023-03-27T13:38:49.754+0000] {processor.py:743} INFO - Processing file /home/airflow/.local/lib/python3.7/site-packages/airflow/example_dags/example_skip_dag.py for tasks to queue
[2023-03-27T13:38:49.783+0000] {logging_mixin.py:137} INFO - [2023-03-27T13:38:49.766+0000] {dagbag.py:532} INFO - Filling up the DagBag from /home/airflow/.local/lib/python3.7/site-packages/airflow/example_dags/example_skip_dag.py
[2023-03-27T13:38:50.066+0000] {processor.py:753} INFO - DAG(s) dict_keys(['example_skip_dag']) retrieved from /home/airflow/.local/lib/python3.7/site-packages/airflow/example_dags/example_skip_dag.py
[2023-03-27T13:38:50.720+0000] {logging_mixin.py:137} INFO - [2023-03-27T13:38:50.692+0000] {dag.py:2693} INFO - Sync 1 DAGs
[2023-03-27T13:38:51.197+0000] {logging_mixin.py:137} INFO - [2023-03-27T13:38:51.197+0000] {dag.py:3444} INFO - Setting next_dagrun for example_skip_dag to 2023-03-26T13:38:51.196951+00:00, run_after=2023-03-27T13:38:51.196951+00:00
[2023-03-27T13:38:51.543+0000] {processor.py:175} INFO - Processing /home/airflow/.local/lib/python3.7/site-packages/airflow/example_dags/example_skip_dag.py took 1.962 seconds
[2023-03-27T13:41:29.879+0000] {processor.py:153} INFO - Started process (PID=690) to work on /home/airflow/.local/lib/python3.7/site-packages/airflow/example_dags/example_skip_dag.py
[2023-03-27T13:41:29.896+0000] {processor.py:743} INFO - Processing file /home/airflow/.local/lib/python3.7/site-packages/airflow/example_dags/example_skip_dag.py for tasks to queue
[2023-03-27T13:41:29.906+0000] {logging_mixin.py:137} INFO - [2023-03-27T13:41:29.906+0000] {dagbag.py:532} INFO - Filling up the DagBag from /home/airflow/.local/lib/python3.7/site-packages/airflow/example_dags/example_skip_dag.py
[2023-03-27T13:41:30.287+0000] {processor.py:753} INFO - DAG(s) dict_keys(['example_skip_dag']) retrieved from /home/airflow/.local/lib/python3.7/site-packages/airflow/example_dags/example_skip_dag.py
[2023-03-27T13:41:30.869+0000] {logging_mixin.py:137} INFO - [2023-03-27T13:41:30.868+0000] {dag.py:2693} INFO - Sync 1 DAGs
[2023-03-27T13:41:31.333+0000] {logging_mixin.py:137} INFO - [2023-03-27T13:41:31.333+0000] {dag.py:3444} INFO - Setting next_dagrun for example_skip_dag to 2023-03-26T13:41:31.333141+00:00, run_after=2023-03-27T13:41:31.333141+00:00
[2023-03-27T13:41:31.692+0000] {processor.py:175} INFO - Processing /home/airflow/.local/lib/python3.7/site-packages/airflow/example_dags/example_skip_dag.py took 1.880 seconds
[2023-03-27T18:08:33.103+0000] {processor.py:153} INFO - Started process (PID=207) to work on /home/airflow/.local/lib/python3.7/site-packages/airflow/example_dags/example_skip_dag.py
[2023-03-27T18:08:33.186+0000] {processor.py:743} INFO - Processing file /home/airflow/.local/lib/python3.7/site-packages/airflow/example_dags/example_skip_dag.py for tasks to queue
[2023-03-27T18:08:33.229+0000] {logging_mixin.py:137} INFO - [2023-03-27T18:08:33.217+0000] {dagbag.py:532} INFO - Filling up the DagBag from /home/airflow/.local/lib/python3.7/site-packages/airflow/example_dags/example_skip_dag.py
[2023-03-27T18:08:34.515+0000] {processor.py:753} INFO - DAG(s) dict_keys(['example_skip_dag']) retrieved from /home/airflow/.local/lib/python3.7/site-packages/airflow/example_dags/example_skip_dag.py
[2023-03-27T18:08:36.180+0000] {logging_mixin.py:137} INFO - [2023-03-27T18:08:36.180+0000] {dag.py:2693} INFO - Sync 1 DAGs
[2023-03-27T18:08:37.673+0000] {logging_mixin.py:137} INFO - [2023-03-27T18:08:37.672+0000] {dag.py:3444} INFO - Setting next_dagrun for example_skip_dag to 2023-03-26T18:08:37.671433+00:00, run_after=2023-03-27T18:08:37.671433+00:00
[2023-03-27T18:08:38.476+0000] {processor.py:175} INFO - Processing /home/airflow/.local/lib/python3.7/site-packages/airflow/example_dags/example_skip_dag.py took 5.668 seconds
[2023-03-27T18:14:17.824+0000] {processor.py:153} INFO - Started process (PID=298) to work on /home/airflow/.local/lib/python3.7/site-packages/airflow/example_dags/example_skip_dag.py
[2023-03-27T18:14:18.016+0000] {processor.py:743} INFO - Processing file /home/airflow/.local/lib/python3.7/site-packages/airflow/example_dags/example_skip_dag.py for tasks to queue
[2023-03-27T18:14:18.159+0000] {logging_mixin.py:137} INFO - [2023-03-27T18:14:18.110+0000] {dagbag.py:532} INFO - Filling up the DagBag from /home/airflow/.local/lib/python3.7/site-packages/airflow/example_dags/example_skip_dag.py
[2023-03-27T18:14:19.121+0000] {processor.py:753} INFO - DAG(s) dict_keys(['example_skip_dag']) retrieved from /home/airflow/.local/lib/python3.7/site-packages/airflow/example_dags/example_skip_dag.py
[2023-03-27T18:14:20.097+0000] {logging_mixin.py:137} INFO - [2023-03-27T18:14:20.097+0000] {dag.py:2693} INFO - Sync 1 DAGs
[2023-03-27T18:14:20.816+0000] {logging_mixin.py:137} INFO - [2023-03-27T18:14:20.792+0000] {dag.py:3444} INFO - Setting next_dagrun for example_skip_dag to 2023-03-26T18:14:20.791556+00:00, run_after=2023-03-27T18:14:20.791556+00:00
[2023-03-27T18:14:22.249+0000] {processor.py:175} INFO - Processing /home/airflow/.local/lib/python3.7/site-packages/airflow/example_dags/example_skip_dag.py took 4.480 seconds
[2023-03-27T18:24:32.857+0000] {processor.py:153} INFO - Started process (PID=483) to work on /home/airflow/.local/lib/python3.7/site-packages/airflow/example_dags/example_skip_dag.py
[2023-03-27T18:24:32.866+0000] {processor.py:743} INFO - Processing file /home/airflow/.local/lib/python3.7/site-packages/airflow/example_dags/example_skip_dag.py for tasks to queue
[2023-03-27T18:24:32.881+0000] {logging_mixin.py:137} INFO - [2023-03-27T18:24:32.878+0000] {dagbag.py:532} INFO - Filling up the DagBag from /home/airflow/.local/lib/python3.7/site-packages/airflow/example_dags/example_skip_dag.py
[2023-03-27T18:24:34.096+0000] {processor.py:753} INFO - DAG(s) dict_keys(['example_skip_dag']) retrieved from /home/airflow/.local/lib/python3.7/site-packages/airflow/example_dags/example_skip_dag.py
[2023-03-27T18:24:37.676+0000] {logging_mixin.py:137} INFO - [2023-03-27T18:24:37.676+0000] {dag.py:2693} INFO - Sync 1 DAGs
[2023-03-27T18:24:41.623+0000] {logging_mixin.py:137} INFO - [2023-03-27T18:24:41.622+0000] {dag.py:3444} INFO - Setting next_dagrun for example_skip_dag to 2023-03-26T18:24:41.602810+00:00, run_after=2023-03-27T18:24:41.602810+00:00
[2023-03-27T18:24:44.689+0000] {processor.py:175} INFO - Processing /home/airflow/.local/lib/python3.7/site-packages/airflow/example_dags/example_skip_dag.py took 11.930 seconds
[2023-03-27T18:29:37.098+0000] {processor.py:153} INFO - Started process (PID=606) to work on /home/airflow/.local/lib/python3.7/site-packages/airflow/example_dags/example_skip_dag.py
[2023-03-27T18:29:37.139+0000] {processor.py:743} INFO - Processing file /home/airflow/.local/lib/python3.7/site-packages/airflow/example_dags/example_skip_dag.py for tasks to queue
[2023-03-27T18:29:37.165+0000] {logging_mixin.py:137} INFO - [2023-03-27T18:29:37.158+0000] {dagbag.py:532} INFO - Filling up the DagBag from /home/airflow/.local/lib/python3.7/site-packages/airflow/example_dags/example_skip_dag.py
[2023-03-27T18:29:37.492+0000] {processor.py:753} INFO - DAG(s) dict_keys(['example_skip_dag']) retrieved from /home/airflow/.local/lib/python3.7/site-packages/airflow/example_dags/example_skip_dag.py
[2023-03-27T18:29:37.973+0000] {logging_mixin.py:137} INFO - [2023-03-27T18:29:37.972+0000] {dag.py:2693} INFO - Sync 1 DAGs
[2023-03-27T18:29:38.932+0000] {logging_mixin.py:137} INFO - [2023-03-27T18:29:38.932+0000] {dag.py:3444} INFO - Setting next_dagrun for example_skip_dag to 2023-03-26T18:29:38.931692+00:00, run_after=2023-03-27T18:29:38.931692+00:00
[2023-03-27T18:29:39.627+0000] {processor.py:175} INFO - Processing /home/airflow/.local/lib/python3.7/site-packages/airflow/example_dags/example_skip_dag.py took 2.579 seconds
[2023-03-27T18:31:03.580+0000] {processor.py:153} INFO - Started process (PID=671) to work on /home/airflow/.local/lib/python3.7/site-packages/airflow/example_dags/example_skip_dag.py
[2023-03-27T18:31:03.612+0000] {processor.py:743} INFO - Processing file /home/airflow/.local/lib/python3.7/site-packages/airflow/example_dags/example_skip_dag.py for tasks to queue
[2023-03-27T18:31:03.627+0000] {logging_mixin.py:137} INFO - [2023-03-27T18:31:03.626+0000] {dagbag.py:532} INFO - Filling up the DagBag from /home/airflow/.local/lib/python3.7/site-packages/airflow/example_dags/example_skip_dag.py
[2023-03-27T18:31:03.766+0000] {processor.py:753} INFO - DAG(s) dict_keys(['example_skip_dag']) retrieved from /home/airflow/.local/lib/python3.7/site-packages/airflow/example_dags/example_skip_dag.py
[2023-03-27T18:31:04.104+0000] {logging_mixin.py:137} INFO - [2023-03-27T18:31:04.104+0000] {dag.py:2693} INFO - Sync 1 DAGs
[2023-03-27T18:31:04.405+0000] {logging_mixin.py:137} INFO - [2023-03-27T18:31:04.405+0000] {dag.py:3444} INFO - Setting next_dagrun for example_skip_dag to 2023-03-26T18:31:04.404533+00:00, run_after=2023-03-27T18:31:04.404533+00:00
[2023-03-27T18:31:05.492+0000] {processor.py:175} INFO - Processing /home/airflow/.local/lib/python3.7/site-packages/airflow/example_dags/example_skip_dag.py took 1.954 seconds
[2023-03-27T21:07:39.662+0000] {processor.py:153} INFO - Started process (PID=752) to work on /home/airflow/.local/lib/python3.7/site-packages/airflow/example_dags/example_skip_dag.py
[2023-03-27T21:07:39.669+0000] {processor.py:743} INFO - Processing file /home/airflow/.local/lib/python3.7/site-packages/airflow/example_dags/example_skip_dag.py for tasks to queue
[2023-03-27T21:07:39.674+0000] {logging_mixin.py:137} INFO - [2023-03-27T21:07:39.674+0000] {dagbag.py:532} INFO - Filling up the DagBag from /home/airflow/.local/lib/python3.7/site-packages/airflow/example_dags/example_skip_dag.py
[2023-03-27T21:07:40.118+0000] {processor.py:753} INFO - DAG(s) dict_keys(['example_skip_dag']) retrieved from /home/airflow/.local/lib/python3.7/site-packages/airflow/example_dags/example_skip_dag.py
[2023-03-27T21:07:40.614+0000] {logging_mixin.py:137} INFO - [2023-03-27T21:07:40.613+0000] {dag.py:2693} INFO - Sync 1 DAGs
[2023-03-27T21:07:41.227+0000] {logging_mixin.py:137} INFO - [2023-03-27T21:07:41.226+0000] {dag.py:3444} INFO - Setting next_dagrun for example_skip_dag to 2023-03-26T21:07:41.226340+00:00, run_after=2023-03-27T21:07:41.226340+00:00
[2023-03-27T21:07:41.656+0000] {processor.py:175} INFO - Processing /home/airflow/.local/lib/python3.7/site-packages/airflow/example_dags/example_skip_dag.py took 2.027 seconds
[2023-03-27T21:41:55.872+0000] {processor.py:153} INFO - Started process (PID=827) to work on /home/airflow/.local/lib/python3.7/site-packages/airflow/example_dags/example_skip_dag.py
[2023-03-27T21:41:55.911+0000] {processor.py:743} INFO - Processing file /home/airflow/.local/lib/python3.7/site-packages/airflow/example_dags/example_skip_dag.py for tasks to queue
[2023-03-27T21:41:55.928+0000] {logging_mixin.py:137} INFO - [2023-03-27T21:41:55.925+0000] {dagbag.py:532} INFO - Filling up the DagBag from /home/airflow/.local/lib/python3.7/site-packages/airflow/example_dags/example_skip_dag.py
[2023-03-27T21:41:56.357+0000] {processor.py:753} INFO - DAG(s) dict_keys(['example_skip_dag']) retrieved from /home/airflow/.local/lib/python3.7/site-packages/airflow/example_dags/example_skip_dag.py
[2023-03-27T21:41:58.320+0000] {logging_mixin.py:137} INFO - [2023-03-27T21:41:58.320+0000] {dag.py:2693} INFO - Sync 1 DAGs
[2023-03-27T21:41:59.048+0000] {logging_mixin.py:137} INFO - [2023-03-27T21:41:59.047+0000] {dag.py:3444} INFO - Setting next_dagrun for example_skip_dag to 2023-03-26T21:41:59.047274+00:00, run_after=2023-03-27T21:41:59.047274+00:00
[2023-03-27T21:41:59.756+0000] {processor.py:175} INFO - Processing /home/airflow/.local/lib/python3.7/site-packages/airflow/example_dags/example_skip_dag.py took 3.985 seconds
[2023-03-27T21:46:40.685+0000] {processor.py:153} INFO - Started process (PID=947) to work on /home/airflow/.local/lib/python3.7/site-packages/airflow/example_dags/example_skip_dag.py
[2023-03-27T21:46:40.729+0000] {processor.py:743} INFO - Processing file /home/airflow/.local/lib/python3.7/site-packages/airflow/example_dags/example_skip_dag.py for tasks to queue
[2023-03-27T21:46:40.743+0000] {logging_mixin.py:137} INFO - [2023-03-27T21:46:40.741+0000] {dagbag.py:532} INFO - Filling up the DagBag from /home/airflow/.local/lib/python3.7/site-packages/airflow/example_dags/example_skip_dag.py
[2023-03-27T21:46:41.112+0000] {processor.py:753} INFO - DAG(s) dict_keys(['example_skip_dag']) retrieved from /home/airflow/.local/lib/python3.7/site-packages/airflow/example_dags/example_skip_dag.py
[2023-03-27T21:46:41.719+0000] {logging_mixin.py:137} INFO - [2023-03-27T21:46:41.716+0000] {dag.py:2693} INFO - Sync 1 DAGs
[2023-03-27T21:46:43.354+0000] {logging_mixin.py:137} INFO - [2023-03-27T21:46:43.354+0000] {dag.py:3444} INFO - Setting next_dagrun for example_skip_dag to 2023-03-26T21:46:43.353927+00:00, run_after=2023-03-27T21:46:43.353927+00:00
[2023-03-27T21:46:44.088+0000] {processor.py:175} INFO - Processing /home/airflow/.local/lib/python3.7/site-packages/airflow/example_dags/example_skip_dag.py took 3.467 seconds
[2023-03-27T21:52:52.708+0000] {processor.py:153} INFO - Started process (PID=1090) to work on /home/airflow/.local/lib/python3.7/site-packages/airflow/example_dags/example_skip_dag.py
[2023-03-27T21:52:52.730+0000] {processor.py:743} INFO - Processing file /home/airflow/.local/lib/python3.7/site-packages/airflow/example_dags/example_skip_dag.py for tasks to queue
[2023-03-27T21:52:52.744+0000] {logging_mixin.py:137} INFO - [2023-03-27T21:52:52.743+0000] {dagbag.py:532} INFO - Filling up the DagBag from /home/airflow/.local/lib/python3.7/site-packages/airflow/example_dags/example_skip_dag.py
[2023-03-27T21:52:52.883+0000] {processor.py:753} INFO - DAG(s) dict_keys(['example_skip_dag']) retrieved from /home/airflow/.local/lib/python3.7/site-packages/airflow/example_dags/example_skip_dag.py
[2023-03-27T21:52:55.266+0000] {logging_mixin.py:137} INFO - [2023-03-27T21:52:55.266+0000] {dag.py:2693} INFO - Sync 1 DAGs
[2023-03-27T21:52:55.423+0000] {logging_mixin.py:137} INFO - [2023-03-27T21:52:55.423+0000] {dag.py:3444} INFO - Setting next_dagrun for example_skip_dag to 2023-03-26T21:52:55.422795+00:00, run_after=2023-03-27T21:52:55.422795+00:00
[2023-03-27T21:52:55.528+0000] {processor.py:175} INFO - Processing /home/airflow/.local/lib/python3.7/site-packages/airflow/example_dags/example_skip_dag.py took 2.842 seconds
[2023-03-27T21:53:33.388+0000] {processor.py:153} INFO - Started process (PID=1140) to work on /home/airflow/.local/lib/python3.7/site-packages/airflow/example_dags/example_skip_dag.py
[2023-03-27T21:53:33.443+0000] {processor.py:743} INFO - Processing file /home/airflow/.local/lib/python3.7/site-packages/airflow/example_dags/example_skip_dag.py for tasks to queue
[2023-03-27T21:53:33.464+0000] {logging_mixin.py:137} INFO - [2023-03-27T21:53:33.464+0000] {dagbag.py:532} INFO - Filling up the DagBag from /home/airflow/.local/lib/python3.7/site-packages/airflow/example_dags/example_skip_dag.py
[2023-03-27T21:53:33.773+0000] {processor.py:753} INFO - DAG(s) dict_keys(['example_skip_dag']) retrieved from /home/airflow/.local/lib/python3.7/site-packages/airflow/example_dags/example_skip_dag.py
[2023-03-27T21:53:34.237+0000] {logging_mixin.py:137} INFO - [2023-03-27T21:53:34.236+0000] {dag.py:2693} INFO - Sync 1 DAGs
[2023-03-27T21:53:35.002+0000] {logging_mixin.py:137} INFO - [2023-03-27T21:53:35.002+0000] {dag.py:3444} INFO - Setting next_dagrun for example_skip_dag to 2023-03-26T21:53:35.001936+00:00, run_after=2023-03-27T21:53:35.001936+00:00
[2023-03-27T21:53:35.470+0000] {processor.py:175} INFO - Processing /home/airflow/.local/lib/python3.7/site-packages/airflow/example_dags/example_skip_dag.py took 2.095 seconds
[2023-03-27T22:25:10.292+0000] {processor.py:153} INFO - Started process (PID=1195) to work on /home/airflow/.local/lib/python3.7/site-packages/airflow/example_dags/example_skip_dag.py
[2023-03-27T22:25:10.308+0000] {processor.py:743} INFO - Processing file /home/airflow/.local/lib/python3.7/site-packages/airflow/example_dags/example_skip_dag.py for tasks to queue
[2023-03-27T22:25:10.312+0000] {logging_mixin.py:137} INFO - [2023-03-27T22:25:10.311+0000] {dagbag.py:532} INFO - Filling up the DagBag from /home/airflow/.local/lib/python3.7/site-packages/airflow/example_dags/example_skip_dag.py
[2023-03-27T22:25:10.540+0000] {processor.py:753} INFO - DAG(s) dict_keys(['example_skip_dag']) retrieved from /home/airflow/.local/lib/python3.7/site-packages/airflow/example_dags/example_skip_dag.py
[2023-03-27T22:25:11.078+0000] {logging_mixin.py:137} INFO - [2023-03-27T22:25:11.078+0000] {dag.py:2693} INFO - Sync 1 DAGs
[2023-03-27T22:25:11.407+0000] {logging_mixin.py:137} INFO - [2023-03-27T22:25:11.407+0000] {dag.py:3444} INFO - Setting next_dagrun for example_skip_dag to 2023-03-26T22:25:11.405723+00:00, run_after=2023-03-27T22:25:11.405723+00:00
[2023-03-27T22:25:11.639+0000] {processor.py:175} INFO - Processing /home/airflow/.local/lib/python3.7/site-packages/airflow/example_dags/example_skip_dag.py took 1.354 seconds
[2023-03-27T22:26:21.339+0000] {processor.py:153} INFO - Started process (PID=1251) to work on /home/airflow/.local/lib/python3.7/site-packages/airflow/example_dags/example_skip_dag.py
[2023-03-27T22:26:21.343+0000] {processor.py:743} INFO - Processing file /home/airflow/.local/lib/python3.7/site-packages/airflow/example_dags/example_skip_dag.py for tasks to queue
[2023-03-27T22:26:21.348+0000] {logging_mixin.py:137} INFO - [2023-03-27T22:26:21.348+0000] {dagbag.py:532} INFO - Filling up the DagBag from /home/airflow/.local/lib/python3.7/site-packages/airflow/example_dags/example_skip_dag.py
[2023-03-27T22:26:21.864+0000] {processor.py:753} INFO - DAG(s) dict_keys(['example_skip_dag']) retrieved from /home/airflow/.local/lib/python3.7/site-packages/airflow/example_dags/example_skip_dag.py
[2023-03-27T22:26:22.642+0000] {logging_mixin.py:137} INFO - [2023-03-27T22:26:22.642+0000] {dag.py:2693} INFO - Sync 1 DAGs
[2023-03-27T22:26:22.978+0000] {logging_mixin.py:137} INFO - [2023-03-27T22:26:22.978+0000] {dag.py:3444} INFO - Setting next_dagrun for example_skip_dag to 2023-03-26T22:26:22.977544+00:00, run_after=2023-03-27T22:26:22.977544+00:00
[2023-03-27T22:26:23.133+0000] {processor.py:175} INFO - Processing /home/airflow/.local/lib/python3.7/site-packages/airflow/example_dags/example_skip_dag.py took 1.875 seconds
[2023-03-27T22:27:48.769+0000] {processor.py:153} INFO - Started process (PID=1319) to work on /home/airflow/.local/lib/python3.7/site-packages/airflow/example_dags/example_skip_dag.py
[2023-03-27T22:27:48.799+0000] {processor.py:743} INFO - Processing file /home/airflow/.local/lib/python3.7/site-packages/airflow/example_dags/example_skip_dag.py for tasks to queue
[2023-03-27T22:27:48.864+0000] {logging_mixin.py:137} INFO - [2023-03-27T22:27:48.856+0000] {dagbag.py:532} INFO - Filling up the DagBag from /home/airflow/.local/lib/python3.7/site-packages/airflow/example_dags/example_skip_dag.py
[2023-03-27T22:27:50.233+0000] {processor.py:753} INFO - DAG(s) dict_keys(['example_skip_dag']) retrieved from /home/airflow/.local/lib/python3.7/site-packages/airflow/example_dags/example_skip_dag.py
[2023-03-27T22:27:50.761+0000] {logging_mixin.py:137} INFO - [2023-03-27T22:27:50.760+0000] {dag.py:2693} INFO - Sync 1 DAGs
[2023-03-27T22:27:51.118+0000] {logging_mixin.py:137} INFO - [2023-03-27T22:27:51.117+0000] {dag.py:3444} INFO - Setting next_dagrun for example_skip_dag to 2023-03-26T22:27:51.117224+00:00, run_after=2023-03-27T22:27:51.117224+00:00
[2023-03-27T22:27:51.379+0000] {processor.py:175} INFO - Processing /home/airflow/.local/lib/python3.7/site-packages/airflow/example_dags/example_skip_dag.py took 2.688 seconds
[2023-03-27T22:29:29.663+0000] {processor.py:153} INFO - Started process (PID=1393) to work on /home/airflow/.local/lib/python3.7/site-packages/airflow/example_dags/example_skip_dag.py
[2023-03-27T22:29:29.673+0000] {processor.py:743} INFO - Processing file /home/airflow/.local/lib/python3.7/site-packages/airflow/example_dags/example_skip_dag.py for tasks to queue
[2023-03-27T22:29:29.693+0000] {logging_mixin.py:137} INFO - [2023-03-27T22:29:29.691+0000] {dagbag.py:532} INFO - Filling up the DagBag from /home/airflow/.local/lib/python3.7/site-packages/airflow/example_dags/example_skip_dag.py
[2023-03-27T22:29:30.097+0000] {processor.py:753} INFO - DAG(s) dict_keys(['example_skip_dag']) retrieved from /home/airflow/.local/lib/python3.7/site-packages/airflow/example_dags/example_skip_dag.py
[2023-03-27T22:29:31.062+0000] {logging_mixin.py:137} INFO - [2023-03-27T22:29:31.062+0000] {dag.py:2693} INFO - Sync 1 DAGs
[2023-03-27T22:29:31.803+0000] {logging_mixin.py:137} INFO - [2023-03-27T22:29:31.803+0000] {dag.py:3444} INFO - Setting next_dagrun for example_skip_dag to 2023-03-26T22:29:31.802466+00:00, run_after=2023-03-27T22:29:31.802466+00:00
[2023-03-27T22:29:32.050+0000] {processor.py:175} INFO - Processing /home/airflow/.local/lib/python3.7/site-packages/airflow/example_dags/example_skip_dag.py took 2.426 seconds
[2023-03-27T22:31:19.110+0000] {processor.py:153} INFO - Started process (PID=1464) to work on /home/airflow/.local/lib/python3.7/site-packages/airflow/example_dags/example_skip_dag.py
[2023-03-27T22:31:19.132+0000] {processor.py:743} INFO - Processing file /home/airflow/.local/lib/python3.7/site-packages/airflow/example_dags/example_skip_dag.py for tasks to queue
[2023-03-27T22:31:19.140+0000] {logging_mixin.py:137} INFO - [2023-03-27T22:31:19.140+0000] {dagbag.py:532} INFO - Filling up the DagBag from /home/airflow/.local/lib/python3.7/site-packages/airflow/example_dags/example_skip_dag.py
[2023-03-27T22:31:19.262+0000] {processor.py:753} INFO - DAG(s) dict_keys(['example_skip_dag']) retrieved from /home/airflow/.local/lib/python3.7/site-packages/airflow/example_dags/example_skip_dag.py
[2023-03-27T22:31:19.528+0000] {logging_mixin.py:137} INFO - [2023-03-27T22:31:19.520+0000] {dag.py:2693} INFO - Sync 1 DAGs
[2023-03-27T22:31:19.816+0000] {logging_mixin.py:137} INFO - [2023-03-27T22:31:19.816+0000] {dag.py:3444} INFO - Setting next_dagrun for example_skip_dag to 2023-03-26T22:31:19.815713+00:00, run_after=2023-03-27T22:31:19.815713+00:00
[2023-03-27T22:31:19.989+0000] {processor.py:175} INFO - Processing /home/airflow/.local/lib/python3.7/site-packages/airflow/example_dags/example_skip_dag.py took 0.906 seconds
[2023-03-27T23:09:37.548+0000] {processor.py:153} INFO - Started process (PID=78) to work on /home/airflow/.local/lib/python3.7/site-packages/airflow/example_dags/example_skip_dag.py
[2023-03-27T23:09:37.978+0000] {processor.py:743} INFO - Processing file /home/airflow/.local/lib/python3.7/site-packages/airflow/example_dags/example_skip_dag.py for tasks to queue
[2023-03-27T23:09:38.116+0000] {logging_mixin.py:137} INFO - [2023-03-27T23:09:38.104+0000] {dagbag.py:532} INFO - Filling up the DagBag from /home/airflow/.local/lib/python3.7/site-packages/airflow/example_dags/example_skip_dag.py
[2023-03-27T23:09:39.084+0000] {processor.py:753} INFO - DAG(s) dict_keys(['example_skip_dag']) retrieved from /home/airflow/.local/lib/python3.7/site-packages/airflow/example_dags/example_skip_dag.py
[2023-03-27T23:09:40.135+0000] {logging_mixin.py:137} INFO - [2023-03-27T23:09:40.135+0000] {dag.py:2693} INFO - Sync 1 DAGs
[2023-03-27T23:09:40.954+0000] {logging_mixin.py:137} INFO - [2023-03-27T23:09:40.934+0000] {dag.py:3444} INFO - Setting next_dagrun for example_skip_dag to 2023-03-26T23:09:40.932704+00:00, run_after=2023-03-27T23:09:40.932704+00:00
[2023-03-27T23:09:42.426+0000] {processor.py:175} INFO - Processing /home/airflow/.local/lib/python3.7/site-packages/airflow/example_dags/example_skip_dag.py took 5.379 seconds
[2023-03-27T23:10:25.483+0000] {processor.py:153} INFO - Started process (PID=134) to work on /home/airflow/.local/lib/python3.7/site-packages/airflow/example_dags/example_skip_dag.py
[2023-03-27T23:10:25.488+0000] {processor.py:743} INFO - Processing file /home/airflow/.local/lib/python3.7/site-packages/airflow/example_dags/example_skip_dag.py for tasks to queue
[2023-03-27T23:10:25.493+0000] {logging_mixin.py:137} INFO - [2023-03-27T23:10:25.492+0000] {dagbag.py:532} INFO - Filling up the DagBag from /home/airflow/.local/lib/python3.7/site-packages/airflow/example_dags/example_skip_dag.py
[2023-03-27T23:10:25.533+0000] {processor.py:753} INFO - DAG(s) dict_keys(['example_skip_dag']) retrieved from /home/airflow/.local/lib/python3.7/site-packages/airflow/example_dags/example_skip_dag.py
[2023-03-27T23:10:25.621+0000] {logging_mixin.py:137} INFO - [2023-03-27T23:10:25.621+0000] {dag.py:2693} INFO - Sync 1 DAGs
[2023-03-27T23:10:25.682+0000] {logging_mixin.py:137} INFO - [2023-03-27T23:10:25.682+0000] {dag.py:3444} INFO - Setting next_dagrun for example_skip_dag to 2023-03-26T23:10:25.681451+00:00, run_after=2023-03-27T23:10:25.681451+00:00
[2023-03-27T23:10:25.735+0000] {processor.py:175} INFO - Processing /home/airflow/.local/lib/python3.7/site-packages/airflow/example_dags/example_skip_dag.py took 0.264 seconds
[2023-03-27T23:11:00.432+0000] {processor.py:153} INFO - Started process (PID=183) to work on /home/airflow/.local/lib/python3.7/site-packages/airflow/example_dags/example_skip_dag.py
[2023-03-27T23:11:00.437+0000] {processor.py:743} INFO - Processing file /home/airflow/.local/lib/python3.7/site-packages/airflow/example_dags/example_skip_dag.py for tasks to queue
[2023-03-27T23:11:00.444+0000] {logging_mixin.py:137} INFO - [2023-03-27T23:11:00.442+0000] {dagbag.py:532} INFO - Filling up the DagBag from /home/airflow/.local/lib/python3.7/site-packages/airflow/example_dags/example_skip_dag.py
[2023-03-27T23:11:00.493+0000] {processor.py:753} INFO - DAG(s) dict_keys(['example_skip_dag']) retrieved from /home/airflow/.local/lib/python3.7/site-packages/airflow/example_dags/example_skip_dag.py
[2023-03-27T23:11:00.567+0000] {logging_mixin.py:137} INFO - [2023-03-27T23:11:00.567+0000] {dag.py:2693} INFO - Sync 1 DAGs
[2023-03-27T23:11:00.701+0000] {logging_mixin.py:137} INFO - [2023-03-27T23:11:00.700+0000] {dag.py:3444} INFO - Setting next_dagrun for example_skip_dag to 2023-03-26T23:11:00.698598+00:00, run_after=2023-03-27T23:11:00.698598+00:00
[2023-03-27T23:11:00.755+0000] {processor.py:175} INFO - Processing /home/airflow/.local/lib/python3.7/site-packages/airflow/example_dags/example_skip_dag.py took 0.333 seconds
[2023-03-27T23:11:31.063+0000] {processor.py:153} INFO - Started process (PID=233) to work on /home/airflow/.local/lib/python3.7/site-packages/airflow/example_dags/example_skip_dag.py
[2023-03-27T23:11:31.069+0000] {processor.py:743} INFO - Processing file /home/airflow/.local/lib/python3.7/site-packages/airflow/example_dags/example_skip_dag.py for tasks to queue
[2023-03-27T23:11:31.077+0000] {logging_mixin.py:137} INFO - [2023-03-27T23:11:31.076+0000] {dagbag.py:532} INFO - Filling up the DagBag from /home/airflow/.local/lib/python3.7/site-packages/airflow/example_dags/example_skip_dag.py
[2023-03-27T23:11:31.118+0000] {processor.py:753} INFO - DAG(s) dict_keys(['example_skip_dag']) retrieved from /home/airflow/.local/lib/python3.7/site-packages/airflow/example_dags/example_skip_dag.py
[2023-03-27T23:11:31.203+0000] {logging_mixin.py:137} INFO - [2023-03-27T23:11:31.203+0000] {dag.py:2693} INFO - Sync 1 DAGs
[2023-03-27T23:11:31.303+0000] {logging_mixin.py:137} INFO - [2023-03-27T23:11:31.302+0000] {dag.py:3444} INFO - Setting next_dagrun for example_skip_dag to 2023-03-26T23:11:31.301741+00:00, run_after=2023-03-27T23:11:31.301741+00:00
[2023-03-27T23:11:31.362+0000] {processor.py:175} INFO - Processing /home/airflow/.local/lib/python3.7/site-packages/airflow/example_dags/example_skip_dag.py took 0.323 seconds
[2023-03-27T23:12:16.025+0000] {processor.py:153} INFO - Started process (PID=290) to work on /home/airflow/.local/lib/python3.7/site-packages/airflow/example_dags/example_skip_dag.py
[2023-03-27T23:12:16.031+0000] {processor.py:743} INFO - Processing file /home/airflow/.local/lib/python3.7/site-packages/airflow/example_dags/example_skip_dag.py for tasks to queue
[2023-03-27T23:12:16.038+0000] {logging_mixin.py:137} INFO - [2023-03-27T23:12:16.038+0000] {dagbag.py:532} INFO - Filling up the DagBag from /home/airflow/.local/lib/python3.7/site-packages/airflow/example_dags/example_skip_dag.py
[2023-03-27T23:12:16.073+0000] {processor.py:753} INFO - DAG(s) dict_keys(['example_skip_dag']) retrieved from /home/airflow/.local/lib/python3.7/site-packages/airflow/example_dags/example_skip_dag.py
[2023-03-27T23:12:16.121+0000] {logging_mixin.py:137} INFO - [2023-03-27T23:12:16.121+0000] {dag.py:2693} INFO - Sync 1 DAGs
[2023-03-27T23:12:16.179+0000] {logging_mixin.py:137} INFO - [2023-03-27T23:12:16.178+0000] {dag.py:3444} INFO - Setting next_dagrun for example_skip_dag to 2023-03-26T23:12:16.177872+00:00, run_after=2023-03-27T23:12:16.177872+00:00
[2023-03-27T23:12:16.220+0000] {processor.py:175} INFO - Processing /home/airflow/.local/lib/python3.7/site-packages/airflow/example_dags/example_skip_dag.py took 0.214 seconds
[2023-03-27T23:12:46.683+0000] {processor.py:153} INFO - Started process (PID=339) to work on /home/airflow/.local/lib/python3.7/site-packages/airflow/example_dags/example_skip_dag.py
[2023-03-27T23:12:46.689+0000] {processor.py:743} INFO - Processing file /home/airflow/.local/lib/python3.7/site-packages/airflow/example_dags/example_skip_dag.py for tasks to queue
[2023-03-27T23:12:46.704+0000] {logging_mixin.py:137} INFO - [2023-03-27T23:12:46.703+0000] {dagbag.py:532} INFO - Filling up the DagBag from /home/airflow/.local/lib/python3.7/site-packages/airflow/example_dags/example_skip_dag.py
[2023-03-27T23:12:46.786+0000] {processor.py:753} INFO - DAG(s) dict_keys(['example_skip_dag']) retrieved from /home/airflow/.local/lib/python3.7/site-packages/airflow/example_dags/example_skip_dag.py
[2023-03-27T23:12:46.867+0000] {logging_mixin.py:137} INFO - [2023-03-27T23:12:46.867+0000] {dag.py:2693} INFO - Sync 1 DAGs
[2023-03-27T23:12:46.960+0000] {logging_mixin.py:137} INFO - [2023-03-27T23:12:46.959+0000] {dag.py:3444} INFO - Setting next_dagrun for example_skip_dag to 2023-03-26T23:12:46.959157+00:00, run_after=2023-03-27T23:12:46.959157+00:00
[2023-03-27T23:12:47.012+0000] {processor.py:175} INFO - Processing /home/airflow/.local/lib/python3.7/site-packages/airflow/example_dags/example_skip_dag.py took 0.334 seconds
[2023-03-27T23:13:25.410+0000] {processor.py:153} INFO - Started process (PID=391) to work on /home/airflow/.local/lib/python3.7/site-packages/airflow/example_dags/example_skip_dag.py
[2023-03-27T23:13:25.417+0000] {processor.py:743} INFO - Processing file /home/airflow/.local/lib/python3.7/site-packages/airflow/example_dags/example_skip_dag.py for tasks to queue
[2023-03-27T23:13:25.423+0000] {logging_mixin.py:137} INFO - [2023-03-27T23:13:25.422+0000] {dagbag.py:532} INFO - Filling up the DagBag from /home/airflow/.local/lib/python3.7/site-packages/airflow/example_dags/example_skip_dag.py
[2023-03-27T23:13:25.476+0000] {processor.py:753} INFO - DAG(s) dict_keys(['example_skip_dag']) retrieved from /home/airflow/.local/lib/python3.7/site-packages/airflow/example_dags/example_skip_dag.py
[2023-03-27T23:13:25.550+0000] {logging_mixin.py:137} INFO - [2023-03-27T23:13:25.550+0000] {dag.py:2693} INFO - Sync 1 DAGs
[2023-03-27T23:13:25.645+0000] {logging_mixin.py:137} INFO - [2023-03-27T23:13:25.645+0000] {dag.py:3444} INFO - Setting next_dagrun for example_skip_dag to 2023-03-26T23:13:25.644604+00:00, run_after=2023-03-27T23:13:25.644604+00:00
[2023-03-27T23:13:25.712+0000] {processor.py:175} INFO - Processing /home/airflow/.local/lib/python3.7/site-packages/airflow/example_dags/example_skip_dag.py took 0.312 seconds
[2023-03-27T23:13:57.173+0000] {processor.py:153} INFO - Started process (PID=440) to work on /home/airflow/.local/lib/python3.7/site-packages/airflow/example_dags/example_skip_dag.py
[2023-03-27T23:13:57.177+0000] {processor.py:743} INFO - Processing file /home/airflow/.local/lib/python3.7/site-packages/airflow/example_dags/example_skip_dag.py for tasks to queue
[2023-03-27T23:13:57.186+0000] {logging_mixin.py:137} INFO - [2023-03-27T23:13:57.185+0000] {dagbag.py:532} INFO - Filling up the DagBag from /home/airflow/.local/lib/python3.7/site-packages/airflow/example_dags/example_skip_dag.py
[2023-03-27T23:13:57.259+0000] {processor.py:753} INFO - DAG(s) dict_keys(['example_skip_dag']) retrieved from /home/airflow/.local/lib/python3.7/site-packages/airflow/example_dags/example_skip_dag.py
[2023-03-27T23:13:57.420+0000] {logging_mixin.py:137} INFO - [2023-03-27T23:13:57.416+0000] {dag.py:2693} INFO - Sync 1 DAGs
[2023-03-27T23:13:57.569+0000] {logging_mixin.py:137} INFO - [2023-03-27T23:13:57.568+0000] {dag.py:3444} INFO - Setting next_dagrun for example_skip_dag to 2023-03-26T23:13:57.568482+00:00, run_after=2023-03-27T23:13:57.568482+00:00
[2023-03-27T23:13:57.630+0000] {processor.py:175} INFO - Processing /home/airflow/.local/lib/python3.7/site-packages/airflow/example_dags/example_skip_dag.py took 0.472 seconds
[2023-03-27T23:14:29.269+0000] {processor.py:153} INFO - Started process (PID=490) to work on /home/airflow/.local/lib/python3.7/site-packages/airflow/example_dags/example_skip_dag.py
[2023-03-27T23:14:29.274+0000] {processor.py:743} INFO - Processing file /home/airflow/.local/lib/python3.7/site-packages/airflow/example_dags/example_skip_dag.py for tasks to queue
[2023-03-27T23:14:29.277+0000] {logging_mixin.py:137} INFO - [2023-03-27T23:14:29.277+0000] {dagbag.py:532} INFO - Filling up the DagBag from /home/airflow/.local/lib/python3.7/site-packages/airflow/example_dags/example_skip_dag.py
[2023-03-27T23:14:29.320+0000] {processor.py:753} INFO - DAG(s) dict_keys(['example_skip_dag']) retrieved from /home/airflow/.local/lib/python3.7/site-packages/airflow/example_dags/example_skip_dag.py
[2023-03-27T23:14:29.454+0000] {logging_mixin.py:137} INFO - [2023-03-27T23:14:29.454+0000] {dag.py:2693} INFO - Sync 1 DAGs
[2023-03-27T23:14:29.543+0000] {logging_mixin.py:137} INFO - [2023-03-27T23:14:29.543+0000] {dag.py:3444} INFO - Setting next_dagrun for example_skip_dag to 2023-03-26T23:14:29.543327+00:00, run_after=2023-03-27T23:14:29.543327+00:00
[2023-03-27T23:14:29.719+0000] {processor.py:175} INFO - Processing /home/airflow/.local/lib/python3.7/site-packages/airflow/example_dags/example_skip_dag.py took 0.465 seconds
[2023-03-27T23:15:00.070+0000] {processor.py:153} INFO - Started process (PID=539) to work on /home/airflow/.local/lib/python3.7/site-packages/airflow/example_dags/example_skip_dag.py
[2023-03-27T23:15:00.082+0000] {processor.py:743} INFO - Processing file /home/airflow/.local/lib/python3.7/site-packages/airflow/example_dags/example_skip_dag.py for tasks to queue
[2023-03-27T23:15:00.092+0000] {logging_mixin.py:137} INFO - [2023-03-27T23:15:00.092+0000] {dagbag.py:532} INFO - Filling up the DagBag from /home/airflow/.local/lib/python3.7/site-packages/airflow/example_dags/example_skip_dag.py
[2023-03-27T23:15:00.138+0000] {processor.py:753} INFO - DAG(s) dict_keys(['example_skip_dag']) retrieved from /home/airflow/.local/lib/python3.7/site-packages/airflow/example_dags/example_skip_dag.py
[2023-03-27T23:15:00.206+0000] {logging_mixin.py:137} INFO - [2023-03-27T23:15:00.206+0000] {dag.py:2693} INFO - Sync 1 DAGs
[2023-03-27T23:15:00.268+0000] {logging_mixin.py:137} INFO - [2023-03-27T23:15:00.268+0000] {dag.py:3444} INFO - Setting next_dagrun for example_skip_dag to 2023-03-26T23:15:00.267393+00:00, run_after=2023-03-27T23:15:00.267393+00:00
[2023-03-27T23:15:00.319+0000] {processor.py:175} INFO - Processing /home/airflow/.local/lib/python3.7/site-packages/airflow/example_dags/example_skip_dag.py took 0.262 seconds
[2023-03-27T23:15:30.754+0000] {processor.py:153} INFO - Started process (PID=588) to work on /home/airflow/.local/lib/python3.7/site-packages/airflow/example_dags/example_skip_dag.py
[2023-03-27T23:15:30.759+0000] {processor.py:743} INFO - Processing file /home/airflow/.local/lib/python3.7/site-packages/airflow/example_dags/example_skip_dag.py for tasks to queue
[2023-03-27T23:15:30.764+0000] {logging_mixin.py:137} INFO - [2023-03-27T23:15:30.763+0000] {dagbag.py:532} INFO - Filling up the DagBag from /home/airflow/.local/lib/python3.7/site-packages/airflow/example_dags/example_skip_dag.py
[2023-03-27T23:15:30.796+0000] {processor.py:753} INFO - DAG(s) dict_keys(['example_skip_dag']) retrieved from /home/airflow/.local/lib/python3.7/site-packages/airflow/example_dags/example_skip_dag.py
[2023-03-27T23:15:30.855+0000] {logging_mixin.py:137} INFO - [2023-03-27T23:15:30.855+0000] {dag.py:2693} INFO - Sync 1 DAGs
[2023-03-27T23:15:30.904+0000] {logging_mixin.py:137} INFO - [2023-03-27T23:15:30.904+0000] {dag.py:3444} INFO - Setting next_dagrun for example_skip_dag to 2023-03-26T23:15:30.903793+00:00, run_after=2023-03-27T23:15:30.903793+00:00
[2023-03-27T23:15:30.949+0000] {processor.py:175} INFO - Processing /home/airflow/.local/lib/python3.7/site-packages/airflow/example_dags/example_skip_dag.py took 0.202 seconds
[2023-03-27T23:16:01.047+0000] {processor.py:153} INFO - Started process (PID=636) to work on /home/airflow/.local/lib/python3.7/site-packages/airflow/example_dags/example_skip_dag.py
[2023-03-27T23:16:01.051+0000] {processor.py:743} INFO - Processing file /home/airflow/.local/lib/python3.7/site-packages/airflow/example_dags/example_skip_dag.py for tasks to queue
[2023-03-27T23:16:01.055+0000] {logging_mixin.py:137} INFO - [2023-03-27T23:16:01.055+0000] {dagbag.py:532} INFO - Filling up the DagBag from /home/airflow/.local/lib/python3.7/site-packages/airflow/example_dags/example_skip_dag.py
[2023-03-27T23:16:01.097+0000] {processor.py:753} INFO - DAG(s) dict_keys(['example_skip_dag']) retrieved from /home/airflow/.local/lib/python3.7/site-packages/airflow/example_dags/example_skip_dag.py
[2023-03-27T23:16:01.170+0000] {logging_mixin.py:137} INFO - [2023-03-27T23:16:01.169+0000] {dag.py:2693} INFO - Sync 1 DAGs
[2023-03-27T23:16:01.259+0000] {logging_mixin.py:137} INFO - [2023-03-27T23:16:01.258+0000] {dag.py:3444} INFO - Setting next_dagrun for example_skip_dag to 2023-03-26T23:16:01.257680+00:00, run_after=2023-03-27T23:16:01.257680+00:00
[2023-03-27T23:16:01.324+0000] {processor.py:175} INFO - Processing /home/airflow/.local/lib/python3.7/site-packages/airflow/example_dags/example_skip_dag.py took 0.289 seconds
[2023-03-27T23:16:32.108+0000] {processor.py:153} INFO - Started process (PID=685) to work on /home/airflow/.local/lib/python3.7/site-packages/airflow/example_dags/example_skip_dag.py
[2023-03-27T23:16:32.116+0000] {processor.py:743} INFO - Processing file /home/airflow/.local/lib/python3.7/site-packages/airflow/example_dags/example_skip_dag.py for tasks to queue
[2023-03-27T23:16:32.119+0000] {logging_mixin.py:137} INFO - [2023-03-27T23:16:32.118+0000] {dagbag.py:532} INFO - Filling up the DagBag from /home/airflow/.local/lib/python3.7/site-packages/airflow/example_dags/example_skip_dag.py
[2023-03-27T23:16:32.145+0000] {processor.py:753} INFO - DAG(s) dict_keys(['example_skip_dag']) retrieved from /home/airflow/.local/lib/python3.7/site-packages/airflow/example_dags/example_skip_dag.py
[2023-03-27T23:16:32.208+0000] {logging_mixin.py:137} INFO - [2023-03-27T23:16:32.208+0000] {dag.py:2693} INFO - Sync 1 DAGs
[2023-03-27T23:16:32.263+0000] {logging_mixin.py:137} INFO - [2023-03-27T23:16:32.263+0000] {dag.py:3444} INFO - Setting next_dagrun for example_skip_dag to 2023-03-26T23:16:32.263209+00:00, run_after=2023-03-27T23:16:32.263209+00:00
[2023-03-27T23:16:32.318+0000] {processor.py:175} INFO - Processing /home/airflow/.local/lib/python3.7/site-packages/airflow/example_dags/example_skip_dag.py took 0.219 seconds
[2023-03-27T23:17:03.082+0000] {processor.py:153} INFO - Started process (PID=733) to work on /home/airflow/.local/lib/python3.7/site-packages/airflow/example_dags/example_skip_dag.py
[2023-03-27T23:17:03.086+0000] {processor.py:743} INFO - Processing file /home/airflow/.local/lib/python3.7/site-packages/airflow/example_dags/example_skip_dag.py for tasks to queue
[2023-03-27T23:17:03.088+0000] {logging_mixin.py:137} INFO - [2023-03-27T23:17:03.088+0000] {dagbag.py:532} INFO - Filling up the DagBag from /home/airflow/.local/lib/python3.7/site-packages/airflow/example_dags/example_skip_dag.py
[2023-03-27T23:17:03.128+0000] {processor.py:753} INFO - DAG(s) dict_keys(['example_skip_dag']) retrieved from /home/airflow/.local/lib/python3.7/site-packages/airflow/example_dags/example_skip_dag.py
[2023-03-27T23:17:03.179+0000] {logging_mixin.py:137} INFO - [2023-03-27T23:17:03.178+0000] {dag.py:2693} INFO - Sync 1 DAGs
[2023-03-27T23:17:03.230+0000] {logging_mixin.py:137} INFO - [2023-03-27T23:17:03.230+0000] {dag.py:3444} INFO - Setting next_dagrun for example_skip_dag to 2023-03-26T23:17:03.229779+00:00, run_after=2023-03-27T23:17:03.229779+00:00
[2023-03-27T23:17:03.275+0000] {processor.py:175} INFO - Processing /home/airflow/.local/lib/python3.7/site-packages/airflow/example_dags/example_skip_dag.py took 0.210 seconds
[2023-03-27T23:17:33.566+0000] {processor.py:153} INFO - Started process (PID=782) to work on /home/airflow/.local/lib/python3.7/site-packages/airflow/example_dags/example_skip_dag.py
[2023-03-27T23:17:33.571+0000] {processor.py:743} INFO - Processing file /home/airflow/.local/lib/python3.7/site-packages/airflow/example_dags/example_skip_dag.py for tasks to queue
[2023-03-27T23:17:33.585+0000] {logging_mixin.py:137} INFO - [2023-03-27T23:17:33.584+0000] {dagbag.py:532} INFO - Filling up the DagBag from /home/airflow/.local/lib/python3.7/site-packages/airflow/example_dags/example_skip_dag.py
[2023-03-27T23:17:33.651+0000] {processor.py:753} INFO - DAG(s) dict_keys(['example_skip_dag']) retrieved from /home/airflow/.local/lib/python3.7/site-packages/airflow/example_dags/example_skip_dag.py
[2023-03-27T23:17:33.728+0000] {logging_mixin.py:137} INFO - [2023-03-27T23:17:33.728+0000] {dag.py:2693} INFO - Sync 1 DAGs
[2023-03-27T23:17:33.778+0000] {logging_mixin.py:137} INFO - [2023-03-27T23:17:33.778+0000] {dag.py:3444} INFO - Setting next_dagrun for example_skip_dag to 2023-03-26T23:17:33.777971+00:00, run_after=2023-03-27T23:17:33.777971+00:00
[2023-03-27T23:17:33.859+0000] {processor.py:175} INFO - Processing /home/airflow/.local/lib/python3.7/site-packages/airflow/example_dags/example_skip_dag.py took 0.319 seconds
[2023-03-27T23:18:03.976+0000] {processor.py:153} INFO - Started process (PID=830) to work on /home/airflow/.local/lib/python3.7/site-packages/airflow/example_dags/example_skip_dag.py
[2023-03-27T23:18:03.979+0000] {processor.py:743} INFO - Processing file /home/airflow/.local/lib/python3.7/site-packages/airflow/example_dags/example_skip_dag.py for tasks to queue
[2023-03-27T23:18:03.982+0000] {logging_mixin.py:137} INFO - [2023-03-27T23:18:03.981+0000] {dagbag.py:532} INFO - Filling up the DagBag from /home/airflow/.local/lib/python3.7/site-packages/airflow/example_dags/example_skip_dag.py
[2023-03-27T23:18:04.013+0000] {processor.py:753} INFO - DAG(s) dict_keys(['example_skip_dag']) retrieved from /home/airflow/.local/lib/python3.7/site-packages/airflow/example_dags/example_skip_dag.py
[2023-03-27T23:18:04.069+0000] {logging_mixin.py:137} INFO - [2023-03-27T23:18:04.069+0000] {dag.py:2693} INFO - Sync 1 DAGs
[2023-03-27T23:18:04.121+0000] {logging_mixin.py:137} INFO - [2023-03-27T23:18:04.121+0000] {dag.py:3444} INFO - Setting next_dagrun for example_skip_dag to 2023-03-26T23:18:04.120652+00:00, run_after=2023-03-27T23:18:04.120652+00:00
[2023-03-27T23:18:04.164+0000] {processor.py:175} INFO - Processing /home/airflow/.local/lib/python3.7/site-packages/airflow/example_dags/example_skip_dag.py took 0.200 seconds
[2023-03-27T23:18:34.368+0000] {processor.py:153} INFO - Started process (PID=879) to work on /home/airflow/.local/lib/python3.7/site-packages/airflow/example_dags/example_skip_dag.py
[2023-03-27T23:18:34.371+0000] {processor.py:743} INFO - Processing file /home/airflow/.local/lib/python3.7/site-packages/airflow/example_dags/example_skip_dag.py for tasks to queue
[2023-03-27T23:18:34.375+0000] {logging_mixin.py:137} INFO - [2023-03-27T23:18:34.374+0000] {dagbag.py:532} INFO - Filling up the DagBag from /home/airflow/.local/lib/python3.7/site-packages/airflow/example_dags/example_skip_dag.py
[2023-03-27T23:18:34.418+0000] {processor.py:753} INFO - DAG(s) dict_keys(['example_skip_dag']) retrieved from /home/airflow/.local/lib/python3.7/site-packages/airflow/example_dags/example_skip_dag.py
[2023-03-27T23:18:34.481+0000] {logging_mixin.py:137} INFO - [2023-03-27T23:18:34.481+0000] {dag.py:2693} INFO - Sync 1 DAGs
[2023-03-27T23:18:34.550+0000] {logging_mixin.py:137} INFO - [2023-03-27T23:18:34.549+0000] {dag.py:3444} INFO - Setting next_dagrun for example_skip_dag to 2023-03-26T23:18:34.549075+00:00, run_after=2023-03-27T23:18:34.549075+00:00
[2023-03-27T23:18:34.612+0000] {processor.py:175} INFO - Processing /home/airflow/.local/lib/python3.7/site-packages/airflow/example_dags/example_skip_dag.py took 0.252 seconds
[2023-03-27T23:19:06.014+0000] {processor.py:153} INFO - Started process (PID=929) to work on /home/airflow/.local/lib/python3.7/site-packages/airflow/example_dags/example_skip_dag.py
[2023-03-27T23:19:06.023+0000] {processor.py:743} INFO - Processing file /home/airflow/.local/lib/python3.7/site-packages/airflow/example_dags/example_skip_dag.py for tasks to queue
[2023-03-27T23:19:06.030+0000] {logging_mixin.py:137} INFO - [2023-03-27T23:19:06.030+0000] {dagbag.py:532} INFO - Filling up the DagBag from /home/airflow/.local/lib/python3.7/site-packages/airflow/example_dags/example_skip_dag.py
[2023-03-27T23:19:06.135+0000] {processor.py:753} INFO - DAG(s) dict_keys(['example_skip_dag']) retrieved from /home/airflow/.local/lib/python3.7/site-packages/airflow/example_dags/example_skip_dag.py
[2023-03-27T23:19:06.287+0000] {logging_mixin.py:137} INFO - [2023-03-27T23:19:06.287+0000] {dag.py:2693} INFO - Sync 1 DAGs
[2023-03-27T23:19:06.585+0000] {logging_mixin.py:137} INFO - [2023-03-27T23:19:06.585+0000] {dag.py:3444} INFO - Setting next_dagrun for example_skip_dag to 2023-03-26T23:19:06.584988+00:00, run_after=2023-03-27T23:19:06.584988+00:00
[2023-03-27T23:19:06.698+0000] {processor.py:175} INFO - Processing /home/airflow/.local/lib/python3.7/site-packages/airflow/example_dags/example_skip_dag.py took 0.702 seconds
[2023-03-27T23:19:36.873+0000] {processor.py:153} INFO - Started process (PID=978) to work on /home/airflow/.local/lib/python3.7/site-packages/airflow/example_dags/example_skip_dag.py
[2023-03-27T23:19:36.876+0000] {processor.py:743} INFO - Processing file /home/airflow/.local/lib/python3.7/site-packages/airflow/example_dags/example_skip_dag.py for tasks to queue
[2023-03-27T23:19:36.879+0000] {logging_mixin.py:137} INFO - [2023-03-27T23:19:36.878+0000] {dagbag.py:532} INFO - Filling up the DagBag from /home/airflow/.local/lib/python3.7/site-packages/airflow/example_dags/example_skip_dag.py
[2023-03-27T23:19:36.906+0000] {processor.py:753} INFO - DAG(s) dict_keys(['example_skip_dag']) retrieved from /home/airflow/.local/lib/python3.7/site-packages/airflow/example_dags/example_skip_dag.py
[2023-03-27T23:19:36.963+0000] {logging_mixin.py:137} INFO - [2023-03-27T23:19:36.962+0000] {dag.py:2693} INFO - Sync 1 DAGs
[2023-03-27T23:19:37.015+0000] {logging_mixin.py:137} INFO - [2023-03-27T23:19:37.015+0000] {dag.py:3444} INFO - Setting next_dagrun for example_skip_dag to 2023-03-26T23:19:37.014776+00:00, run_after=2023-03-27T23:19:37.014776+00:00
[2023-03-27T23:19:37.057+0000] {processor.py:175} INFO - Processing /home/airflow/.local/lib/python3.7/site-packages/airflow/example_dags/example_skip_dag.py took 0.191 seconds
[2023-03-27T23:20:07.559+0000] {processor.py:153} INFO - Started process (PID=1027) to work on /home/airflow/.local/lib/python3.7/site-packages/airflow/example_dags/example_skip_dag.py
[2023-03-27T23:20:07.563+0000] {processor.py:743} INFO - Processing file /home/airflow/.local/lib/python3.7/site-packages/airflow/example_dags/example_skip_dag.py for tasks to queue
[2023-03-27T23:20:07.568+0000] {logging_mixin.py:137} INFO - [2023-03-27T23:20:07.567+0000] {dagbag.py:532} INFO - Filling up the DagBag from /home/airflow/.local/lib/python3.7/site-packages/airflow/example_dags/example_skip_dag.py
[2023-03-27T23:20:07.602+0000] {processor.py:753} INFO - DAG(s) dict_keys(['example_skip_dag']) retrieved from /home/airflow/.local/lib/python3.7/site-packages/airflow/example_dags/example_skip_dag.py
[2023-03-27T23:20:07.655+0000] {logging_mixin.py:137} INFO - [2023-03-27T23:20:07.655+0000] {dag.py:2693} INFO - Sync 1 DAGs
[2023-03-27T23:20:07.728+0000] {logging_mixin.py:137} INFO - [2023-03-27T23:20:07.727+0000] {dag.py:3444} INFO - Setting next_dagrun for example_skip_dag to 2023-03-26T23:20:07.727222+00:00, run_after=2023-03-27T23:20:07.727222+00:00
[2023-03-27T23:20:07.776+0000] {processor.py:175} INFO - Processing /home/airflow/.local/lib/python3.7/site-packages/airflow/example_dags/example_skip_dag.py took 0.232 seconds
[2023-03-27T23:20:38.360+0000] {processor.py:153} INFO - Started process (PID=1076) to work on /home/airflow/.local/lib/python3.7/site-packages/airflow/example_dags/example_skip_dag.py
[2023-03-27T23:20:38.364+0000] {processor.py:743} INFO - Processing file /home/airflow/.local/lib/python3.7/site-packages/airflow/example_dags/example_skip_dag.py for tasks to queue
[2023-03-27T23:20:38.371+0000] {logging_mixin.py:137} INFO - [2023-03-27T23:20:38.370+0000] {dagbag.py:532} INFO - Filling up the DagBag from /home/airflow/.local/lib/python3.7/site-packages/airflow/example_dags/example_skip_dag.py
[2023-03-27T23:20:38.406+0000] {processor.py:753} INFO - DAG(s) dict_keys(['example_skip_dag']) retrieved from /home/airflow/.local/lib/python3.7/site-packages/airflow/example_dags/example_skip_dag.py
[2023-03-27T23:20:38.502+0000] {logging_mixin.py:137} INFO - [2023-03-27T23:20:38.502+0000] {dag.py:2693} INFO - Sync 1 DAGs
[2023-03-27T23:20:38.590+0000] {logging_mixin.py:137} INFO - [2023-03-27T23:20:38.589+0000] {dag.py:3444} INFO - Setting next_dagrun for example_skip_dag to 2023-03-26T23:20:38.588982+00:00, run_after=2023-03-27T23:20:38.588982+00:00
[2023-03-27T23:20:38.641+0000] {processor.py:175} INFO - Processing /home/airflow/.local/lib/python3.7/site-packages/airflow/example_dags/example_skip_dag.py took 0.291 seconds
[2023-03-27T23:21:09.769+0000] {processor.py:153} INFO - Started process (PID=1125) to work on /home/airflow/.local/lib/python3.7/site-packages/airflow/example_dags/example_skip_dag.py
[2023-03-27T23:21:09.777+0000] {processor.py:743} INFO - Processing file /home/airflow/.local/lib/python3.7/site-packages/airflow/example_dags/example_skip_dag.py for tasks to queue
[2023-03-27T23:21:09.779+0000] {logging_mixin.py:137} INFO - [2023-03-27T23:21:09.779+0000] {dagbag.py:532} INFO - Filling up the DagBag from /home/airflow/.local/lib/python3.7/site-packages/airflow/example_dags/example_skip_dag.py
[2023-03-27T23:21:09.886+0000] {processor.py:753} INFO - DAG(s) dict_keys(['example_skip_dag']) retrieved from /home/airflow/.local/lib/python3.7/site-packages/airflow/example_dags/example_skip_dag.py
[2023-03-27T23:21:10.018+0000] {logging_mixin.py:137} INFO - [2023-03-27T23:21:10.018+0000] {dag.py:2693} INFO - Sync 1 DAGs
[2023-03-27T23:21:10.124+0000] {logging_mixin.py:137} INFO - [2023-03-27T23:21:10.122+0000] {dag.py:3444} INFO - Setting next_dagrun for example_skip_dag to 2023-03-26T23:21:10.122398+00:00, run_after=2023-03-27T23:21:10.122398+00:00
[2023-03-27T23:21:10.168+0000] {processor.py:175} INFO - Processing /home/airflow/.local/lib/python3.7/site-packages/airflow/example_dags/example_skip_dag.py took 0.438 seconds
[2023-03-27T23:21:40.899+0000] {processor.py:153} INFO - Started process (PID=1174) to work on /home/airflow/.local/lib/python3.7/site-packages/airflow/example_dags/example_skip_dag.py
[2023-03-27T23:21:40.914+0000] {processor.py:743} INFO - Processing file /home/airflow/.local/lib/python3.7/site-packages/airflow/example_dags/example_skip_dag.py for tasks to queue
[2023-03-27T23:21:40.927+0000] {logging_mixin.py:137} INFO - [2023-03-27T23:21:40.927+0000] {dagbag.py:532} INFO - Filling up the DagBag from /home/airflow/.local/lib/python3.7/site-packages/airflow/example_dags/example_skip_dag.py
[2023-03-27T23:21:40.988+0000] {processor.py:753} INFO - DAG(s) dict_keys(['example_skip_dag']) retrieved from /home/airflow/.local/lib/python3.7/site-packages/airflow/example_dags/example_skip_dag.py
[2023-03-27T23:21:41.139+0000] {logging_mixin.py:137} INFO - [2023-03-27T23:21:41.139+0000] {dag.py:2693} INFO - Sync 1 DAGs
[2023-03-27T23:21:41.245+0000] {logging_mixin.py:137} INFO - [2023-03-27T23:21:41.245+0000] {dag.py:3444} INFO - Setting next_dagrun for example_skip_dag to 2023-03-26T23:21:41.245227+00:00, run_after=2023-03-27T23:21:41.245227+00:00
[2023-03-27T23:21:41.288+0000] {processor.py:175} INFO - Processing /home/airflow/.local/lib/python3.7/site-packages/airflow/example_dags/example_skip_dag.py took 0.410 seconds
[2023-03-27T23:22:11.799+0000] {processor.py:153} INFO - Started process (PID=1224) to work on /home/airflow/.local/lib/python3.7/site-packages/airflow/example_dags/example_skip_dag.py
[2023-03-27T23:22:11.819+0000] {processor.py:743} INFO - Processing file /home/airflow/.local/lib/python3.7/site-packages/airflow/example_dags/example_skip_dag.py for tasks to queue
[2023-03-27T23:22:11.825+0000] {logging_mixin.py:137} INFO - [2023-03-27T23:22:11.825+0000] {dagbag.py:532} INFO - Filling up the DagBag from /home/airflow/.local/lib/python3.7/site-packages/airflow/example_dags/example_skip_dag.py
[2023-03-27T23:22:11.864+0000] {processor.py:753} INFO - DAG(s) dict_keys(['example_skip_dag']) retrieved from /home/airflow/.local/lib/python3.7/site-packages/airflow/example_dags/example_skip_dag.py
[2023-03-27T23:22:11.938+0000] {logging_mixin.py:137} INFO - [2023-03-27T23:22:11.937+0000] {dag.py:2693} INFO - Sync 1 DAGs
[2023-03-27T23:22:11.998+0000] {logging_mixin.py:137} INFO - [2023-03-27T23:22:11.998+0000] {dag.py:3444} INFO - Setting next_dagrun for example_skip_dag to 2023-03-26T23:22:11.997399+00:00, run_after=2023-03-27T23:22:11.997399+00:00
[2023-03-27T23:22:12.048+0000] {processor.py:175} INFO - Processing /home/airflow/.local/lib/python3.7/site-packages/airflow/example_dags/example_skip_dag.py took 0.266 seconds
[2023-03-27T23:22:42.634+0000] {processor.py:153} INFO - Started process (PID=1272) to work on /home/airflow/.local/lib/python3.7/site-packages/airflow/example_dags/example_skip_dag.py
[2023-03-27T23:22:42.641+0000] {processor.py:743} INFO - Processing file /home/airflow/.local/lib/python3.7/site-packages/airflow/example_dags/example_skip_dag.py for tasks to queue
[2023-03-27T23:22:42.645+0000] {logging_mixin.py:137} INFO - [2023-03-27T23:22:42.645+0000] {dagbag.py:532} INFO - Filling up the DagBag from /home/airflow/.local/lib/python3.7/site-packages/airflow/example_dags/example_skip_dag.py
[2023-03-27T23:22:42.683+0000] {processor.py:753} INFO - DAG(s) dict_keys(['example_skip_dag']) retrieved from /home/airflow/.local/lib/python3.7/site-packages/airflow/example_dags/example_skip_dag.py
[2023-03-27T23:22:42.738+0000] {logging_mixin.py:137} INFO - [2023-03-27T23:22:42.738+0000] {dag.py:2693} INFO - Sync 1 DAGs
[2023-03-27T23:22:42.814+0000] {logging_mixin.py:137} INFO - [2023-03-27T23:22:42.814+0000] {dag.py:3444} INFO - Setting next_dagrun for example_skip_dag to 2023-03-26T23:22:42.814127+00:00, run_after=2023-03-27T23:22:42.814127+00:00
[2023-03-27T23:22:42.859+0000] {processor.py:175} INFO - Processing /home/airflow/.local/lib/python3.7/site-packages/airflow/example_dags/example_skip_dag.py took 0.239 seconds
[2023-03-27T23:23:13.634+0000] {processor.py:153} INFO - Started process (PID=1321) to work on /home/airflow/.local/lib/python3.7/site-packages/airflow/example_dags/example_skip_dag.py
[2023-03-27T23:23:13.636+0000] {processor.py:743} INFO - Processing file /home/airflow/.local/lib/python3.7/site-packages/airflow/example_dags/example_skip_dag.py for tasks to queue
[2023-03-27T23:23:13.641+0000] {logging_mixin.py:137} INFO - [2023-03-27T23:23:13.640+0000] {dagbag.py:532} INFO - Filling up the DagBag from /home/airflow/.local/lib/python3.7/site-packages/airflow/example_dags/example_skip_dag.py
[2023-03-27T23:23:13.670+0000] {processor.py:753} INFO - DAG(s) dict_keys(['example_skip_dag']) retrieved from /home/airflow/.local/lib/python3.7/site-packages/airflow/example_dags/example_skip_dag.py
[2023-03-27T23:23:13.733+0000] {logging_mixin.py:137} INFO - [2023-03-27T23:23:13.732+0000] {dag.py:2693} INFO - Sync 1 DAGs
[2023-03-27T23:23:13.796+0000] {logging_mixin.py:137} INFO - [2023-03-27T23:23:13.796+0000] {dag.py:3444} INFO - Setting next_dagrun for example_skip_dag to 2023-03-26T23:23:13.795899+00:00, run_after=2023-03-27T23:23:13.795899+00:00
[2023-03-27T23:23:13.841+0000] {processor.py:175} INFO - Processing /home/airflow/.local/lib/python3.7/site-packages/airflow/example_dags/example_skip_dag.py took 0.214 seconds
[2023-03-27T23:23:44.728+0000] {processor.py:153} INFO - Started process (PID=1370) to work on /home/airflow/.local/lib/python3.7/site-packages/airflow/example_dags/example_skip_dag.py
[2023-03-27T23:23:44.734+0000] {processor.py:743} INFO - Processing file /home/airflow/.local/lib/python3.7/site-packages/airflow/example_dags/example_skip_dag.py for tasks to queue
[2023-03-27T23:23:44.737+0000] {logging_mixin.py:137} INFO - [2023-03-27T23:23:44.736+0000] {dagbag.py:532} INFO - Filling up the DagBag from /home/airflow/.local/lib/python3.7/site-packages/airflow/example_dags/example_skip_dag.py
[2023-03-27T23:23:44.772+0000] {processor.py:753} INFO - DAG(s) dict_keys(['example_skip_dag']) retrieved from /home/airflow/.local/lib/python3.7/site-packages/airflow/example_dags/example_skip_dag.py
[2023-03-27T23:23:44.883+0000] {logging_mixin.py:137} INFO - [2023-03-27T23:23:44.883+0000] {dag.py:2693} INFO - Sync 1 DAGs
[2023-03-27T23:23:45.033+0000] {logging_mixin.py:137} INFO - [2023-03-27T23:23:45.033+0000] {dag.py:3444} INFO - Setting next_dagrun for example_skip_dag to 2023-03-26T23:23:45.033191+00:00, run_after=2023-03-27T23:23:45.033191+00:00
[2023-03-27T23:23:45.176+0000] {processor.py:175} INFO - Processing /home/airflow/.local/lib/python3.7/site-packages/airflow/example_dags/example_skip_dag.py took 0.454 seconds
[2023-03-27T23:24:15.353+0000] {processor.py:153} INFO - Started process (PID=1419) to work on /home/airflow/.local/lib/python3.7/site-packages/airflow/example_dags/example_skip_dag.py
[2023-03-27T23:24:15.359+0000] {processor.py:743} INFO - Processing file /home/airflow/.local/lib/python3.7/site-packages/airflow/example_dags/example_skip_dag.py for tasks to queue
[2023-03-27T23:24:15.362+0000] {logging_mixin.py:137} INFO - [2023-03-27T23:24:15.362+0000] {dagbag.py:532} INFO - Filling up the DagBag from /home/airflow/.local/lib/python3.7/site-packages/airflow/example_dags/example_skip_dag.py
[2023-03-27T23:24:15.405+0000] {processor.py:753} INFO - DAG(s) dict_keys(['example_skip_dag']) retrieved from /home/airflow/.local/lib/python3.7/site-packages/airflow/example_dags/example_skip_dag.py
[2023-03-27T23:24:15.468+0000] {logging_mixin.py:137} INFO - [2023-03-27T23:24:15.468+0000] {dag.py:2693} INFO - Sync 1 DAGs
[2023-03-27T23:24:15.577+0000] {logging_mixin.py:137} INFO - [2023-03-27T23:24:15.577+0000] {dag.py:3444} INFO - Setting next_dagrun for example_skip_dag to 2023-03-26T23:24:15.577023+00:00, run_after=2023-03-27T23:24:15.577023+00:00
[2023-03-27T23:24:15.643+0000] {processor.py:175} INFO - Processing /home/airflow/.local/lib/python3.7/site-packages/airflow/example_dags/example_skip_dag.py took 0.296 seconds
[2023-03-27T23:24:46.196+0000] {processor.py:153} INFO - Started process (PID=1469) to work on /home/airflow/.local/lib/python3.7/site-packages/airflow/example_dags/example_skip_dag.py
[2023-03-27T23:24:46.200+0000] {processor.py:743} INFO - Processing file /home/airflow/.local/lib/python3.7/site-packages/airflow/example_dags/example_skip_dag.py for tasks to queue
[2023-03-27T23:24:46.202+0000] {logging_mixin.py:137} INFO - [2023-03-27T23:24:46.202+0000] {dagbag.py:532} INFO - Filling up the DagBag from /home/airflow/.local/lib/python3.7/site-packages/airflow/example_dags/example_skip_dag.py
[2023-03-27T23:24:46.232+0000] {processor.py:753} INFO - DAG(s) dict_keys(['example_skip_dag']) retrieved from /home/airflow/.local/lib/python3.7/site-packages/airflow/example_dags/example_skip_dag.py
[2023-03-27T23:24:46.305+0000] {logging_mixin.py:137} INFO - [2023-03-27T23:24:46.305+0000] {dag.py:2693} INFO - Sync 1 DAGs
[2023-03-27T23:24:46.372+0000] {logging_mixin.py:137} INFO - [2023-03-27T23:24:46.372+0000] {dag.py:3444} INFO - Setting next_dagrun for example_skip_dag to 2023-03-26T23:24:46.371704+00:00, run_after=2023-03-27T23:24:46.371704+00:00
[2023-03-27T23:24:46.415+0000] {processor.py:175} INFO - Processing /home/airflow/.local/lib/python3.7/site-packages/airflow/example_dags/example_skip_dag.py took 0.225 seconds
[2023-03-27T23:55:00.981+0000] {processor.py:153} INFO - Started process (PID=1513) to work on /home/airflow/.local/lib/python3.7/site-packages/airflow/example_dags/example_skip_dag.py
[2023-03-27T23:55:00.986+0000] {processor.py:743} INFO - Processing file /home/airflow/.local/lib/python3.7/site-packages/airflow/example_dags/example_skip_dag.py for tasks to queue
[2023-03-27T23:55:00.996+0000] {logging_mixin.py:137} INFO - [2023-03-27T23:55:00.993+0000] {dagbag.py:532} INFO - Filling up the DagBag from /home/airflow/.local/lib/python3.7/site-packages/airflow/example_dags/example_skip_dag.py
[2023-03-27T23:55:01.055+0000] {processor.py:753} INFO - DAG(s) dict_keys(['example_skip_dag']) retrieved from /home/airflow/.local/lib/python3.7/site-packages/airflow/example_dags/example_skip_dag.py
[2023-03-27T23:55:01.129+0000] {logging_mixin.py:137} INFO - [2023-03-27T23:55:01.129+0000] {dag.py:2693} INFO - Sync 1 DAGs
[2023-03-27T23:55:01.184+0000] {logging_mixin.py:137} INFO - [2023-03-27T23:55:01.184+0000] {dag.py:3444} INFO - Setting next_dagrun for example_skip_dag to 2023-03-26T23:55:01.184047+00:00, run_after=2023-03-27T23:55:01.184047+00:00
[2023-03-27T23:55:01.228+0000] {processor.py:175} INFO - Processing /home/airflow/.local/lib/python3.7/site-packages/airflow/example_dags/example_skip_dag.py took 0.260 seconds
[2023-03-27T23:55:32.493+0000] {processor.py:153} INFO - Started process (PID=1561) to work on /home/airflow/.local/lib/python3.7/site-packages/airflow/example_dags/example_skip_dag.py
[2023-03-27T23:55:32.496+0000] {processor.py:743} INFO - Processing file /home/airflow/.local/lib/python3.7/site-packages/airflow/example_dags/example_skip_dag.py for tasks to queue
[2023-03-27T23:55:32.500+0000] {logging_mixin.py:137} INFO - [2023-03-27T23:55:32.500+0000] {dagbag.py:532} INFO - Filling up the DagBag from /home/airflow/.local/lib/python3.7/site-packages/airflow/example_dags/example_skip_dag.py
[2023-03-27T23:55:32.528+0000] {processor.py:753} INFO - DAG(s) dict_keys(['example_skip_dag']) retrieved from /home/airflow/.local/lib/python3.7/site-packages/airflow/example_dags/example_skip_dag.py
[2023-03-27T23:55:32.590+0000] {logging_mixin.py:137} INFO - [2023-03-27T23:55:32.590+0000] {dag.py:2693} INFO - Sync 1 DAGs
[2023-03-27T23:55:32.664+0000] {logging_mixin.py:137} INFO - [2023-03-27T23:55:32.663+0000] {dag.py:3444} INFO - Setting next_dagrun for example_skip_dag to 2023-03-26T23:55:32.663522+00:00, run_after=2023-03-27T23:55:32.663522+00:00
[2023-03-27T23:55:32.703+0000] {processor.py:175} INFO - Processing /home/airflow/.local/lib/python3.7/site-packages/airflow/example_dags/example_skip_dag.py took 0.219 seconds
[2023-03-27T23:56:10.346+0000] {processor.py:153} INFO - Started process (PID=1610) to work on /home/airflow/.local/lib/python3.7/site-packages/airflow/example_dags/example_skip_dag.py
[2023-03-27T23:56:10.350+0000] {processor.py:743} INFO - Processing file /home/airflow/.local/lib/python3.7/site-packages/airflow/example_dags/example_skip_dag.py for tasks to queue
[2023-03-27T23:56:10.354+0000] {logging_mixin.py:137} INFO - [2023-03-27T23:56:10.353+0000] {dagbag.py:532} INFO - Filling up the DagBag from /home/airflow/.local/lib/python3.7/site-packages/airflow/example_dags/example_skip_dag.py
[2023-03-27T23:56:10.385+0000] {processor.py:753} INFO - DAG(s) dict_keys(['example_skip_dag']) retrieved from /home/airflow/.local/lib/python3.7/site-packages/airflow/example_dags/example_skip_dag.py
[2023-03-27T23:56:10.458+0000] {logging_mixin.py:137} INFO - [2023-03-27T23:56:10.457+0000] {dag.py:2693} INFO - Sync 1 DAGs
[2023-03-27T23:56:10.510+0000] {logging_mixin.py:137} INFO - [2023-03-27T23:56:10.510+0000] {dag.py:3444} INFO - Setting next_dagrun for example_skip_dag to 2023-03-26T23:56:10.509826+00:00, run_after=2023-03-27T23:56:10.509826+00:00
[2023-03-27T23:56:10.559+0000] {processor.py:175} INFO - Processing /home/airflow/.local/lib/python3.7/site-packages/airflow/example_dags/example_skip_dag.py took 0.224 seconds
[2023-03-27T23:56:42.658+0000] {processor.py:153} INFO - Started process (PID=1659) to work on /home/airflow/.local/lib/python3.7/site-packages/airflow/example_dags/example_skip_dag.py
[2023-03-27T23:56:42.671+0000] {processor.py:743} INFO - Processing file /home/airflow/.local/lib/python3.7/site-packages/airflow/example_dags/example_skip_dag.py for tasks to queue
[2023-03-27T23:56:42.674+0000] {logging_mixin.py:137} INFO - [2023-03-27T23:56:42.673+0000] {dagbag.py:532} INFO - Filling up the DagBag from /home/airflow/.local/lib/python3.7/site-packages/airflow/example_dags/example_skip_dag.py
[2023-03-27T23:56:42.735+0000] {processor.py:753} INFO - DAG(s) dict_keys(['example_skip_dag']) retrieved from /home/airflow/.local/lib/python3.7/site-packages/airflow/example_dags/example_skip_dag.py
[2023-03-27T23:56:42.835+0000] {logging_mixin.py:137} INFO - [2023-03-27T23:56:42.835+0000] {dag.py:2693} INFO - Sync 1 DAGs
[2023-03-27T23:56:42.981+0000] {logging_mixin.py:137} INFO - [2023-03-27T23:56:42.981+0000] {dag.py:3444} INFO - Setting next_dagrun for example_skip_dag to 2023-03-26T23:56:42.981183+00:00, run_after=2023-03-27T23:56:42.981183+00:00
[2023-03-27T23:56:43.058+0000] {processor.py:175} INFO - Processing /home/airflow/.local/lib/python3.7/site-packages/airflow/example_dags/example_skip_dag.py took 0.405 seconds
[2023-03-27T23:57:13.966+0000] {processor.py:153} INFO - Started process (PID=1708) to work on /home/airflow/.local/lib/python3.7/site-packages/airflow/example_dags/example_skip_dag.py
[2023-03-27T23:57:13.978+0000] {processor.py:743} INFO - Processing file /home/airflow/.local/lib/python3.7/site-packages/airflow/example_dags/example_skip_dag.py for tasks to queue
[2023-03-27T23:57:13.982+0000] {logging_mixin.py:137} INFO - [2023-03-27T23:57:13.981+0000] {dagbag.py:532} INFO - Filling up the DagBag from /home/airflow/.local/lib/python3.7/site-packages/airflow/example_dags/example_skip_dag.py
[2023-03-27T23:57:14.036+0000] {processor.py:753} INFO - DAG(s) dict_keys(['example_skip_dag']) retrieved from /home/airflow/.local/lib/python3.7/site-packages/airflow/example_dags/example_skip_dag.py
[2023-03-27T23:57:14.136+0000] {logging_mixin.py:137} INFO - [2023-03-27T23:57:14.136+0000] {dag.py:2693} INFO - Sync 1 DAGs
[2023-03-27T23:57:14.229+0000] {logging_mixin.py:137} INFO - [2023-03-27T23:57:14.228+0000] {dag.py:3444} INFO - Setting next_dagrun for example_skip_dag to 2023-03-26T23:57:14.228378+00:00, run_after=2023-03-27T23:57:14.228378+00:00
[2023-03-27T23:57:14.306+0000] {processor.py:175} INFO - Processing /home/airflow/.local/lib/python3.7/site-packages/airflow/example_dags/example_skip_dag.py took 0.360 seconds
[2023-03-27T23:57:44.381+0000] {processor.py:153} INFO - Started process (PID=1757) to work on /home/airflow/.local/lib/python3.7/site-packages/airflow/example_dags/example_skip_dag.py
[2023-03-27T23:57:44.384+0000] {processor.py:743} INFO - Processing file /home/airflow/.local/lib/python3.7/site-packages/airflow/example_dags/example_skip_dag.py for tasks to queue
[2023-03-27T23:57:44.386+0000] {logging_mixin.py:137} INFO - [2023-03-27T23:57:44.386+0000] {dagbag.py:532} INFO - Filling up the DagBag from /home/airflow/.local/lib/python3.7/site-packages/airflow/example_dags/example_skip_dag.py
[2023-03-27T23:57:44.414+0000] {processor.py:753} INFO - DAG(s) dict_keys(['example_skip_dag']) retrieved from /home/airflow/.local/lib/python3.7/site-packages/airflow/example_dags/example_skip_dag.py
[2023-03-27T23:57:44.477+0000] {logging_mixin.py:137} INFO - [2023-03-27T23:57:44.476+0000] {dag.py:2693} INFO - Sync 1 DAGs
[2023-03-27T23:57:44.524+0000] {logging_mixin.py:137} INFO - [2023-03-27T23:57:44.523+0000] {dag.py:3444} INFO - Setting next_dagrun for example_skip_dag to 2023-03-26T23:57:44.523476+00:00, run_after=2023-03-27T23:57:44.523476+00:00
[2023-03-27T23:57:44.567+0000] {processor.py:175} INFO - Processing /home/airflow/.local/lib/python3.7/site-packages/airflow/example_dags/example_skip_dag.py took 0.194 seconds
[2023-03-27T23:58:14.961+0000] {processor.py:153} INFO - Started process (PID=1806) to work on /home/airflow/.local/lib/python3.7/site-packages/airflow/example_dags/example_skip_dag.py
[2023-03-27T23:58:14.965+0000] {processor.py:743} INFO - Processing file /home/airflow/.local/lib/python3.7/site-packages/airflow/example_dags/example_skip_dag.py for tasks to queue
[2023-03-27T23:58:14.968+0000] {logging_mixin.py:137} INFO - [2023-03-27T23:58:14.967+0000] {dagbag.py:532} INFO - Filling up the DagBag from /home/airflow/.local/lib/python3.7/site-packages/airflow/example_dags/example_skip_dag.py
[2023-03-27T23:58:15.020+0000] {processor.py:753} INFO - DAG(s) dict_keys(['example_skip_dag']) retrieved from /home/airflow/.local/lib/python3.7/site-packages/airflow/example_dags/example_skip_dag.py
[2023-03-27T23:58:15.076+0000] {logging_mixin.py:137} INFO - [2023-03-27T23:58:15.075+0000] {dag.py:2693} INFO - Sync 1 DAGs
[2023-03-27T23:58:15.121+0000] {logging_mixin.py:137} INFO - [2023-03-27T23:58:15.121+0000] {dag.py:3444} INFO - Setting next_dagrun for example_skip_dag to 2023-03-26T23:58:15.120867+00:00, run_after=2023-03-27T23:58:15.120867+00:00
[2023-03-27T23:58:15.172+0000] {processor.py:175} INFO - Processing /home/airflow/.local/lib/python3.7/site-packages/airflow/example_dags/example_skip_dag.py took 0.220 seconds
[2023-03-27T23:58:48.628+0000] {processor.py:153} INFO - Started process (PID=1863) to work on /home/airflow/.local/lib/python3.7/site-packages/airflow/example_dags/example_skip_dag.py
[2023-03-27T23:58:48.631+0000] {processor.py:743} INFO - Processing file /home/airflow/.local/lib/python3.7/site-packages/airflow/example_dags/example_skip_dag.py for tasks to queue
[2023-03-27T23:58:48.634+0000] {logging_mixin.py:137} INFO - [2023-03-27T23:58:48.633+0000] {dagbag.py:532} INFO - Filling up the DagBag from /home/airflow/.local/lib/python3.7/site-packages/airflow/example_dags/example_skip_dag.py
[2023-03-27T23:58:48.668+0000] {processor.py:753} INFO - DAG(s) dict_keys(['example_skip_dag']) retrieved from /home/airflow/.local/lib/python3.7/site-packages/airflow/example_dags/example_skip_dag.py
[2023-03-27T23:58:48.772+0000] {logging_mixin.py:137} INFO - [2023-03-27T23:58:48.772+0000] {dag.py:2693} INFO - Sync 1 DAGs
[2023-03-27T23:58:48.878+0000] {logging_mixin.py:137} INFO - [2023-03-27T23:58:48.878+0000] {dag.py:3444} INFO - Setting next_dagrun for example_skip_dag to 2023-03-26T23:58:48.877441+00:00, run_after=2023-03-27T23:58:48.877441+00:00
[2023-03-27T23:58:48.956+0000] {processor.py:175} INFO - Processing /home/airflow/.local/lib/python3.7/site-packages/airflow/example_dags/example_skip_dag.py took 0.343 seconds
[2023-03-27T23:59:19.716+0000] {processor.py:153} INFO - Started process (PID=1912) to work on /home/airflow/.local/lib/python3.7/site-packages/airflow/example_dags/example_skip_dag.py
[2023-03-27T23:59:19.721+0000] {processor.py:743} INFO - Processing file /home/airflow/.local/lib/python3.7/site-packages/airflow/example_dags/example_skip_dag.py for tasks to queue
[2023-03-27T23:59:19.724+0000] {logging_mixin.py:137} INFO - [2023-03-27T23:59:19.724+0000] {dagbag.py:532} INFO - Filling up the DagBag from /home/airflow/.local/lib/python3.7/site-packages/airflow/example_dags/example_skip_dag.py
[2023-03-27T23:59:19.764+0000] {processor.py:753} INFO - DAG(s) dict_keys(['example_skip_dag']) retrieved from /home/airflow/.local/lib/python3.7/site-packages/airflow/example_dags/example_skip_dag.py
[2023-03-27T23:59:19.838+0000] {logging_mixin.py:137} INFO - [2023-03-27T23:59:19.838+0000] {dag.py:2693} INFO - Sync 1 DAGs
[2023-03-27T23:59:19.916+0000] {logging_mixin.py:137} INFO - [2023-03-27T23:59:19.915+0000] {dag.py:3444} INFO - Setting next_dagrun for example_skip_dag to 2023-03-26T23:59:19.915134+00:00, run_after=2023-03-27T23:59:19.915134+00:00
[2023-03-27T23:59:20.016+0000] {processor.py:175} INFO - Processing /home/airflow/.local/lib/python3.7/site-packages/airflow/example_dags/example_skip_dag.py took 0.313 seconds
[2023-03-27T23:59:51.704+0000] {processor.py:153} INFO - Started process (PID=1961) to work on /home/airflow/.local/lib/python3.7/site-packages/airflow/example_dags/example_skip_dag.py
[2023-03-27T23:59:51.727+0000] {processor.py:743} INFO - Processing file /home/airflow/.local/lib/python3.7/site-packages/airflow/example_dags/example_skip_dag.py for tasks to queue
[2023-03-27T23:59:51.775+0000] {logging_mixin.py:137} INFO - [2023-03-27T23:59:51.774+0000] {dagbag.py:532} INFO - Filling up the DagBag from /home/airflow/.local/lib/python3.7/site-packages/airflow/example_dags/example_skip_dag.py
[2023-03-27T23:59:51.884+0000] {processor.py:753} INFO - DAG(s) dict_keys(['example_skip_dag']) retrieved from /home/airflow/.local/lib/python3.7/site-packages/airflow/example_dags/example_skip_dag.py
[2023-03-27T23:59:51.981+0000] {logging_mixin.py:137} INFO - [2023-03-27T23:59:51.980+0000] {dag.py:2693} INFO - Sync 1 DAGs
[2023-03-27T23:59:52.170+0000] {logging_mixin.py:137} INFO - [2023-03-27T23:59:52.170+0000] {dag.py:3444} INFO - Setting next_dagrun for example_skip_dag to 2023-03-26T23:59:52.169268+00:00, run_after=2023-03-27T23:59:52.169268+00:00
[2023-03-27T23:59:52.264+0000] {processor.py:175} INFO - Processing /home/airflow/.local/lib/python3.7/site-packages/airflow/example_dags/example_skip_dag.py took 0.589 seconds
