[2023-03-27T11:29:57.165+0000] {processor.py:153} INFO - Started process (PID=118) to work on /home/airflow/.local/lib/python3.7/site-packages/airflow/example_dags/example_short_circuit_operator.py
[2023-03-27T11:29:57.175+0000] {processor.py:743} INFO - Processing file /home/airflow/.local/lib/python3.7/site-packages/airflow/example_dags/example_short_circuit_operator.py for tasks to queue
[2023-03-27T11:29:57.189+0000] {logging_mixin.py:137} INFO - [2023-03-27T11:29:57.188+0000] {dagbag.py:532} INFO - Filling up the DagBag from /home/airflow/.local/lib/python3.7/site-packages/airflow/example_dags/example_short_circuit_operator.py
[2023-03-27T11:29:57.478+0000] {processor.py:753} INFO - DAG(s) dict_keys(['example_short_circuit_operator']) retrieved from /home/airflow/.local/lib/python3.7/site-packages/airflow/example_dags/example_short_circuit_operator.py
[2023-03-27T11:30:02.554+0000] {logging_mixin.py:137} INFO - [2023-03-27T11:30:02.554+0000] {dag.py:2693} INFO - Sync 1 DAGs
[2023-03-27T11:30:10.510+0000] {logging_mixin.py:137} INFO - [2023-03-27T11:30:10.509+0000] {dag.py:3444} INFO - Setting next_dagrun for example_short_circuit_operator to 2023-03-26T11:30:10.507983+00:00, run_after=2023-03-27T11:30:10.507983+00:00
[2023-03-27T11:30:14.511+0000] {processor.py:175} INFO - Processing /home/airflow/.local/lib/python3.7/site-packages/airflow/example_dags/example_short_circuit_operator.py took 17.371 seconds
[2023-03-27T11:48:37.216+0000] {processor.py:153} INFO - Started process (PID=102) to work on /home/airflow/.local/lib/python3.7/site-packages/airflow/example_dags/example_short_circuit_operator.py
[2023-03-27T11:48:37.517+0000] {processor.py:743} INFO - Processing file /home/airflow/.local/lib/python3.7/site-packages/airflow/example_dags/example_short_circuit_operator.py for tasks to queue
[2023-03-27T11:48:37.677+0000] {logging_mixin.py:137} INFO - [2023-03-27T11:48:37.677+0000] {dagbag.py:532} INFO - Filling up the DagBag from /home/airflow/.local/lib/python3.7/site-packages/airflow/example_dags/example_short_circuit_operator.py
[2023-03-27T11:48:38.465+0000] {processor.py:753} INFO - DAG(s) dict_keys(['example_short_circuit_operator']) retrieved from /home/airflow/.local/lib/python3.7/site-packages/airflow/example_dags/example_short_circuit_operator.py
[2023-03-27T11:48:39.225+0000] {logging_mixin.py:137} INFO - [2023-03-27T11:48:39.225+0000] {dag.py:2693} INFO - Sync 1 DAGs
[2023-03-27T11:48:42.172+0000] {logging_mixin.py:137} INFO - [2023-03-27T11:48:42.131+0000] {dag.py:3444} INFO - Setting next_dagrun for example_short_circuit_operator to 2023-03-26T11:48:42.071302+00:00, run_after=2023-03-27T11:48:42.071302+00:00
[2023-03-27T11:48:45.015+0000] {processor.py:175} INFO - Processing /home/airflow/.local/lib/python3.7/site-packages/airflow/example_dags/example_short_circuit_operator.py took 9.582 seconds
[2023-03-27T13:24:21.840+0000] {processor.py:153} INFO - Started process (PID=186) to work on /home/airflow/.local/lib/python3.7/site-packages/airflow/example_dags/example_short_circuit_operator.py
[2023-03-27T13:24:21.865+0000] {processor.py:743} INFO - Processing file /home/airflow/.local/lib/python3.7/site-packages/airflow/example_dags/example_short_circuit_operator.py for tasks to queue
[2023-03-27T13:24:21.873+0000] {logging_mixin.py:137} INFO - [2023-03-27T13:24:21.870+0000] {dagbag.py:532} INFO - Filling up the DagBag from /home/airflow/.local/lib/python3.7/site-packages/airflow/example_dags/example_short_circuit_operator.py
[2023-03-27T13:24:21.991+0000] {processor.py:753} INFO - DAG(s) dict_keys(['example_short_circuit_operator']) retrieved from /home/airflow/.local/lib/python3.7/site-packages/airflow/example_dags/example_short_circuit_operator.py
[2023-03-27T13:24:22.497+0000] {logging_mixin.py:137} INFO - [2023-03-27T13:24:22.497+0000] {dag.py:2693} INFO - Sync 1 DAGs
[2023-03-27T13:24:22.977+0000] {logging_mixin.py:137} INFO - [2023-03-27T13:24:22.977+0000] {dag.py:3444} INFO - Setting next_dagrun for example_short_circuit_operator to 2023-03-26T13:24:22.976860+00:00, run_after=2023-03-27T13:24:22.976860+00:00
[2023-03-27T13:24:23.312+0000] {processor.py:175} INFO - Processing /home/airflow/.local/lib/python3.7/site-packages/airflow/example_dags/example_short_circuit_operator.py took 1.512 seconds
[2023-03-27T13:27:20.718+0000] {processor.py:153} INFO - Started process (PID=262) to work on /home/airflow/.local/lib/python3.7/site-packages/airflow/example_dags/example_short_circuit_operator.py
[2023-03-27T13:27:20.887+0000] {processor.py:743} INFO - Processing file /home/airflow/.local/lib/python3.7/site-packages/airflow/example_dags/example_short_circuit_operator.py for tasks to queue
[2023-03-27T13:27:20.983+0000] {logging_mixin.py:137} INFO - [2023-03-27T13:27:20.983+0000] {dagbag.py:532} INFO - Filling up the DagBag from /home/airflow/.local/lib/python3.7/site-packages/airflow/example_dags/example_short_circuit_operator.py
[2023-03-27T13:27:22.303+0000] {processor.py:753} INFO - DAG(s) dict_keys(['example_short_circuit_operator']) retrieved from /home/airflow/.local/lib/python3.7/site-packages/airflow/example_dags/example_short_circuit_operator.py
[2023-03-27T13:27:23.534+0000] {logging_mixin.py:137} INFO - [2023-03-27T13:27:23.534+0000] {dag.py:2693} INFO - Sync 1 DAGs
[2023-03-27T13:27:24.263+0000] {logging_mixin.py:137} INFO - [2023-03-27T13:27:24.262+0000] {dag.py:3444} INFO - Setting next_dagrun for example_short_circuit_operator to 2023-03-26T13:27:24.254297+00:00, run_after=2023-03-27T13:27:24.254297+00:00
[2023-03-27T13:27:24.745+0000] {processor.py:175} INFO - Processing /home/airflow/.local/lib/python3.7/site-packages/airflow/example_dags/example_short_circuit_operator.py took 4.295 seconds
[2023-03-27T13:29:42.772+0000] {processor.py:153} INFO - Started process (PID=325) to work on /home/airflow/.local/lib/python3.7/site-packages/airflow/example_dags/example_short_circuit_operator.py
[2023-03-27T13:29:42.845+0000] {processor.py:743} INFO - Processing file /home/airflow/.local/lib/python3.7/site-packages/airflow/example_dags/example_short_circuit_operator.py for tasks to queue
[2023-03-27T13:29:42.868+0000] {logging_mixin.py:137} INFO - [2023-03-27T13:29:42.868+0000] {dagbag.py:532} INFO - Filling up the DagBag from /home/airflow/.local/lib/python3.7/site-packages/airflow/example_dags/example_short_circuit_operator.py
[2023-03-27T13:29:44.706+0000] {processor.py:753} INFO - DAG(s) dict_keys(['example_short_circuit_operator']) retrieved from /home/airflow/.local/lib/python3.7/site-packages/airflow/example_dags/example_short_circuit_operator.py
[2023-03-27T13:29:48.208+0000] {logging_mixin.py:137} INFO - [2023-03-27T13:29:48.208+0000] {dag.py:2693} INFO - Sync 1 DAGs
[2023-03-27T13:29:49.984+0000] {logging_mixin.py:137} INFO - [2023-03-27T13:29:49.983+0000] {dag.py:3444} INFO - Setting next_dagrun for example_short_circuit_operator to 2023-03-26T13:29:49.982715+00:00, run_after=2023-03-27T13:29:49.982715+00:00
[2023-03-27T13:29:50.993+0000] {processor.py:175} INFO - Processing /home/airflow/.local/lib/python3.7/site-packages/airflow/example_dags/example_short_circuit_operator.py took 8.508 seconds
[2023-03-27T13:33:32.659+0000] {processor.py:153} INFO - Started process (PID=429) to work on /home/airflow/.local/lib/python3.7/site-packages/airflow/example_dags/example_short_circuit_operator.py
[2023-03-27T13:33:32.678+0000] {processor.py:743} INFO - Processing file /home/airflow/.local/lib/python3.7/site-packages/airflow/example_dags/example_short_circuit_operator.py for tasks to queue
[2023-03-27T13:33:32.692+0000] {logging_mixin.py:137} INFO - [2023-03-27T13:33:32.692+0000] {dagbag.py:532} INFO - Filling up the DagBag from /home/airflow/.local/lib/python3.7/site-packages/airflow/example_dags/example_short_circuit_operator.py
[2023-03-27T13:33:32.910+0000] {processor.py:753} INFO - DAG(s) dict_keys(['example_short_circuit_operator']) retrieved from /home/airflow/.local/lib/python3.7/site-packages/airflow/example_dags/example_short_circuit_operator.py
[2023-03-27T13:33:33.198+0000] {logging_mixin.py:137} INFO - [2023-03-27T13:33:33.198+0000] {dag.py:2693} INFO - Sync 1 DAGs
[2023-03-27T13:33:34.327+0000] {logging_mixin.py:137} INFO - [2023-03-27T13:33:34.182+0000] {dag.py:3444} INFO - Setting next_dagrun for example_short_circuit_operator to 2023-03-26T13:33:34.181908+00:00, run_after=2023-03-27T13:33:34.181908+00:00
[2023-03-27T13:33:35.442+0000] {processor.py:175} INFO - Processing /home/airflow/.local/lib/python3.7/site-packages/airflow/example_dags/example_short_circuit_operator.py took 2.823 seconds
[2023-03-27T13:35:15.363+0000] {processor.py:153} INFO - Started process (PID=486) to work on /home/airflow/.local/lib/python3.7/site-packages/airflow/example_dags/example_short_circuit_operator.py
[2023-03-27T13:35:15.398+0000] {processor.py:743} INFO - Processing file /home/airflow/.local/lib/python3.7/site-packages/airflow/example_dags/example_short_circuit_operator.py for tasks to queue
[2023-03-27T13:35:15.434+0000] {logging_mixin.py:137} INFO - [2023-03-27T13:35:15.433+0000] {dagbag.py:532} INFO - Filling up the DagBag from /home/airflow/.local/lib/python3.7/site-packages/airflow/example_dags/example_short_circuit_operator.py
[2023-03-27T13:35:15.855+0000] {processor.py:753} INFO - DAG(s) dict_keys(['example_short_circuit_operator']) retrieved from /home/airflow/.local/lib/python3.7/site-packages/airflow/example_dags/example_short_circuit_operator.py
[2023-03-27T13:35:16.325+0000] {logging_mixin.py:137} INFO - [2023-03-27T13:35:16.325+0000] {dag.py:2693} INFO - Sync 1 DAGs
[2023-03-27T13:35:16.932+0000] {logging_mixin.py:137} INFO - [2023-03-27T13:35:16.931+0000] {dag.py:3444} INFO - Setting next_dagrun for example_short_circuit_operator to 2023-03-26T13:35:16.930841+00:00, run_after=2023-03-27T13:35:16.930841+00:00
[2023-03-27T13:35:17.858+0000] {processor.py:175} INFO - Processing /home/airflow/.local/lib/python3.7/site-packages/airflow/example_dags/example_short_circuit_operator.py took 2.568 seconds
[2023-03-27T13:38:32.872+0000] {processor.py:153} INFO - Started process (PID=587) to work on /home/airflow/.local/lib/python3.7/site-packages/airflow/example_dags/example_short_circuit_operator.py
[2023-03-27T13:38:32.881+0000] {processor.py:743} INFO - Processing file /home/airflow/.local/lib/python3.7/site-packages/airflow/example_dags/example_short_circuit_operator.py for tasks to queue
[2023-03-27T13:38:32.892+0000] {logging_mixin.py:137} INFO - [2023-03-27T13:38:32.889+0000] {dagbag.py:532} INFO - Filling up the DagBag from /home/airflow/.local/lib/python3.7/site-packages/airflow/example_dags/example_short_circuit_operator.py
[2023-03-27T13:38:33.653+0000] {processor.py:753} INFO - DAG(s) dict_keys(['example_short_circuit_operator']) retrieved from /home/airflow/.local/lib/python3.7/site-packages/airflow/example_dags/example_short_circuit_operator.py
[2023-03-27T13:38:34.621+0000] {logging_mixin.py:137} INFO - [2023-03-27T13:38:34.621+0000] {dag.py:2693} INFO - Sync 1 DAGs
[2023-03-27T13:38:35.001+0000] {logging_mixin.py:137} INFO - [2023-03-27T13:38:35.000+0000] {dag.py:3444} INFO - Setting next_dagrun for example_short_circuit_operator to 2023-03-26T13:38:34.996625+00:00, run_after=2023-03-27T13:38:34.996625+00:00
[2023-03-27T13:38:35.166+0000] {processor.py:175} INFO - Processing /home/airflow/.local/lib/python3.7/site-packages/airflow/example_dags/example_short_circuit_operator.py took 2.441 seconds
[2023-03-27T13:41:08.285+0000] {processor.py:153} INFO - Started process (PID=673) to work on /home/airflow/.local/lib/python3.7/site-packages/airflow/example_dags/example_short_circuit_operator.py
[2023-03-27T13:41:08.302+0000] {processor.py:743} INFO - Processing file /home/airflow/.local/lib/python3.7/site-packages/airflow/example_dags/example_short_circuit_operator.py for tasks to queue
[2023-03-27T13:41:08.326+0000] {logging_mixin.py:137} INFO - [2023-03-27T13:41:08.318+0000] {dagbag.py:532} INFO - Filling up the DagBag from /home/airflow/.local/lib/python3.7/site-packages/airflow/example_dags/example_short_circuit_operator.py
[2023-03-27T13:41:08.734+0000] {processor.py:753} INFO - DAG(s) dict_keys(['example_short_circuit_operator']) retrieved from /home/airflow/.local/lib/python3.7/site-packages/airflow/example_dags/example_short_circuit_operator.py
[2023-03-27T13:41:09.167+0000] {logging_mixin.py:137} INFO - [2023-03-27T13:41:09.166+0000] {dag.py:2693} INFO - Sync 1 DAGs
[2023-03-27T13:41:09.923+0000] {logging_mixin.py:137} INFO - [2023-03-27T13:41:09.923+0000] {dag.py:3444} INFO - Setting next_dagrun for example_short_circuit_operator to 2023-03-26T13:41:09.907058+00:00, run_after=2023-03-27T13:41:09.907058+00:00
[2023-03-27T13:41:10.400+0000] {processor.py:175} INFO - Processing /home/airflow/.local/lib/python3.7/site-packages/airflow/example_dags/example_short_circuit_operator.py took 2.210 seconds
[2023-03-27T13:44:59.806+0000] {processor.py:153} INFO - Started process (PID=783) to work on /home/airflow/.local/lib/python3.7/site-packages/airflow/example_dags/example_short_circuit_operator.py
[2023-03-27T13:44:59.868+0000] {processor.py:743} INFO - Processing file /home/airflow/.local/lib/python3.7/site-packages/airflow/example_dags/example_short_circuit_operator.py for tasks to queue
[2023-03-27T13:44:59.901+0000] {logging_mixin.py:137} INFO - [2023-03-27T13:44:59.901+0000] {dagbag.py:532} INFO - Filling up the DagBag from /home/airflow/.local/lib/python3.7/site-packages/airflow/example_dags/example_short_circuit_operator.py
[2023-03-27T13:45:01.053+0000] {processor.py:753} INFO - DAG(s) dict_keys(['example_short_circuit_operator']) retrieved from /home/airflow/.local/lib/python3.7/site-packages/airflow/example_dags/example_short_circuit_operator.py
[2023-03-27T13:45:02.018+0000] {logging_mixin.py:137} INFO - [2023-03-27T13:45:02.017+0000] {dag.py:2693} INFO - Sync 1 DAGs
[2023-03-27T13:45:03.283+0000] {logging_mixin.py:137} INFO - [2023-03-27T13:45:03.282+0000] {dag.py:3444} INFO - Setting next_dagrun for example_short_circuit_operator to 2023-03-26T13:45:03.256244+00:00, run_after=2023-03-27T13:45:03.256244+00:00
[2023-03-27T13:45:04.181+0000] {processor.py:175} INFO - Processing /home/airflow/.local/lib/python3.7/site-packages/airflow/example_dags/example_short_circuit_operator.py took 4.671 seconds
[2023-03-27T18:07:35.562+0000] {processor.py:153} INFO - Started process (PID=183) to work on /home/airflow/.local/lib/python3.7/site-packages/airflow/example_dags/example_short_circuit_operator.py
[2023-03-27T18:07:35.602+0000] {processor.py:743} INFO - Processing file /home/airflow/.local/lib/python3.7/site-packages/airflow/example_dags/example_short_circuit_operator.py for tasks to queue
[2023-03-27T18:07:35.607+0000] {logging_mixin.py:137} INFO - [2023-03-27T18:07:35.606+0000] {dagbag.py:532} INFO - Filling up the DagBag from /home/airflow/.local/lib/python3.7/site-packages/airflow/example_dags/example_short_circuit_operator.py
[2023-03-27T18:07:36.051+0000] {processor.py:753} INFO - DAG(s) dict_keys(['example_short_circuit_operator']) retrieved from /home/airflow/.local/lib/python3.7/site-packages/airflow/example_dags/example_short_circuit_operator.py
[2023-03-27T18:07:39.976+0000] {logging_mixin.py:137} INFO - [2023-03-27T18:07:39.975+0000] {dag.py:2693} INFO - Sync 1 DAGs
[2023-03-27T18:07:42.778+0000] {logging_mixin.py:137} INFO - [2023-03-27T18:07:42.778+0000] {dag.py:3444} INFO - Setting next_dagrun for example_short_circuit_operator to 2023-03-26T18:07:42.728603+00:00, run_after=2023-03-27T18:07:42.728603+00:00
[2023-03-27T18:07:44.828+0000] {processor.py:175} INFO - Processing /home/airflow/.local/lib/python3.7/site-packages/airflow/example_dags/example_short_circuit_operator.py took 9.333 seconds
[2023-03-27T18:12:15.277+0000] {processor.py:153} INFO - Started process (PID=265) to work on /home/airflow/.local/lib/python3.7/site-packages/airflow/example_dags/example_short_circuit_operator.py
[2023-03-27T18:12:15.293+0000] {processor.py:743} INFO - Processing file /home/airflow/.local/lib/python3.7/site-packages/airflow/example_dags/example_short_circuit_operator.py for tasks to queue
[2023-03-27T18:12:15.337+0000] {logging_mixin.py:137} INFO - [2023-03-27T18:12:15.337+0000] {dagbag.py:532} INFO - Filling up the DagBag from /home/airflow/.local/lib/python3.7/site-packages/airflow/example_dags/example_short_circuit_operator.py
[2023-03-27T18:12:15.883+0000] {processor.py:753} INFO - DAG(s) dict_keys(['example_short_circuit_operator']) retrieved from /home/airflow/.local/lib/python3.7/site-packages/airflow/example_dags/example_short_circuit_operator.py
[2023-03-27T18:12:29.995+0000] {logging_mixin.py:137} INFO - [2023-03-27T18:12:29.928+0000] {dag.py:2693} INFO - Sync 1 DAGs
[2023-03-27T18:12:31.511+0000] {logging_mixin.py:137} INFO - [2023-03-27T18:12:31.510+0000] {dag.py:3444} INFO - Setting next_dagrun for example_short_circuit_operator to 2023-03-26T18:12:31.509767+00:00, run_after=2023-03-27T18:12:31.509767+00:00
[2023-03-27T18:12:32.243+0000] {processor.py:175} INFO - Processing /home/airflow/.local/lib/python3.7/site-packages/airflow/example_dags/example_short_circuit_operator.py took 17.251 seconds
[2023-03-27T18:17:28.007+0000] {processor.py:153} INFO - Started process (PID=364) to work on /home/airflow/.local/lib/python3.7/site-packages/airflow/example_dags/example_short_circuit_operator.py
[2023-03-27T18:17:28.036+0000] {processor.py:743} INFO - Processing file /home/airflow/.local/lib/python3.7/site-packages/airflow/example_dags/example_short_circuit_operator.py for tasks to queue
[2023-03-27T18:17:28.090+0000] {logging_mixin.py:137} INFO - [2023-03-27T18:17:28.090+0000] {dagbag.py:532} INFO - Filling up the DagBag from /home/airflow/.local/lib/python3.7/site-packages/airflow/example_dags/example_short_circuit_operator.py
[2023-03-27T18:17:29.778+0000] {processor.py:753} INFO - DAG(s) dict_keys(['example_short_circuit_operator']) retrieved from /home/airflow/.local/lib/python3.7/site-packages/airflow/example_dags/example_short_circuit_operator.py
[2023-03-27T18:17:31.339+0000] {logging_mixin.py:137} INFO - [2023-03-27T18:17:31.338+0000] {dag.py:2693} INFO - Sync 1 DAGs
[2023-03-27T18:17:32.208+0000] {logging_mixin.py:137} INFO - [2023-03-27T18:17:32.207+0000] {dag.py:3444} INFO - Setting next_dagrun for example_short_circuit_operator to 2023-03-26T18:17:32.206567+00:00, run_after=2023-03-27T18:17:32.206567+00:00
[2023-03-27T18:17:33.154+0000] {processor.py:175} INFO - Processing /home/airflow/.local/lib/python3.7/site-packages/airflow/example_dags/example_short_circuit_operator.py took 5.245 seconds
[2023-03-27T18:22:42.954+0000] {processor.py:153} INFO - Started process (PID=454) to work on /home/airflow/.local/lib/python3.7/site-packages/airflow/example_dags/example_short_circuit_operator.py
[2023-03-27T18:22:42.982+0000] {processor.py:743} INFO - Processing file /home/airflow/.local/lib/python3.7/site-packages/airflow/example_dags/example_short_circuit_operator.py for tasks to queue
[2023-03-27T18:22:43.002+0000] {logging_mixin.py:137} INFO - [2023-03-27T18:22:43.002+0000] {dagbag.py:532} INFO - Filling up the DagBag from /home/airflow/.local/lib/python3.7/site-packages/airflow/example_dags/example_short_circuit_operator.py
[2023-03-27T18:22:44.037+0000] {processor.py:753} INFO - DAG(s) dict_keys(['example_short_circuit_operator']) retrieved from /home/airflow/.local/lib/python3.7/site-packages/airflow/example_dags/example_short_circuit_operator.py
[2023-03-27T18:22:55.806+0000] {logging_mixin.py:137} INFO - [2023-03-27T18:22:53.871+0000] {dag.py:2693} INFO - Sync 1 DAGs
[2023-03-27T18:23:09.451+0000] {logging_mixin.py:137} INFO - [2023-03-27T18:23:09.450+0000] {dag.py:3444} INFO - Setting next_dagrun for example_short_circuit_operator to 2023-03-26T18:23:09.450163+00:00, run_after=2023-03-27T18:23:09.450163+00:00
[2023-03-27T18:23:10.998+0000] {processor.py:175} INFO - Processing /home/airflow/.local/lib/python3.7/site-packages/airflow/example_dags/example_short_circuit_operator.py took 28.245 seconds
[2023-03-27T18:26:12.562+0000] {processor.py:153} INFO - Started process (PID=527) to work on /home/airflow/.local/lib/python3.7/site-packages/airflow/example_dags/example_short_circuit_operator.py
[2023-03-27T18:26:12.587+0000] {processor.py:743} INFO - Processing file /home/airflow/.local/lib/python3.7/site-packages/airflow/example_dags/example_short_circuit_operator.py for tasks to queue
[2023-03-27T18:26:12.593+0000] {logging_mixin.py:137} INFO - [2023-03-27T18:26:12.592+0000] {dagbag.py:532} INFO - Filling up the DagBag from /home/airflow/.local/lib/python3.7/site-packages/airflow/example_dags/example_short_circuit_operator.py
[2023-03-27T18:26:36.210+0000] {processor.py:753} INFO - DAG(s) dict_keys(['example_short_circuit_operator']) retrieved from /home/airflow/.local/lib/python3.7/site-packages/airflow/example_dags/example_short_circuit_operator.py
[2023-03-27T18:26:44.344+0000] {logging_mixin.py:137} INFO - [2023-03-27T18:26:44.343+0000] {dag.py:2693} INFO - Sync 1 DAGs
[2023-03-27T18:26:46.584+0000] {logging_mixin.py:137} INFO - [2023-03-27T18:26:46.584+0000] {dag.py:3444} INFO - Setting next_dagrun for example_short_circuit_operator to 2023-03-26T18:26:46.574983+00:00, run_after=2023-03-27T18:26:46.574983+00:00
[2023-03-27T18:26:47.696+0000] {processor.py:175} INFO - Processing /home/airflow/.local/lib/python3.7/site-packages/airflow/example_dags/example_short_circuit_operator.py took 35.486 seconds
[2023-03-27T18:29:17.400+0000] {processor.py:153} INFO - Started process (PID=596) to work on /home/airflow/.local/lib/python3.7/site-packages/airflow/example_dags/example_short_circuit_operator.py
[2023-03-27T18:29:17.457+0000] {processor.py:743} INFO - Processing file /home/airflow/.local/lib/python3.7/site-packages/airflow/example_dags/example_short_circuit_operator.py for tasks to queue
[2023-03-27T18:29:17.476+0000] {logging_mixin.py:137} INFO - [2023-03-27T18:29:17.476+0000] {dagbag.py:532} INFO - Filling up the DagBag from /home/airflow/.local/lib/python3.7/site-packages/airflow/example_dags/example_short_circuit_operator.py
[2023-03-27T18:29:17.880+0000] {processor.py:753} INFO - DAG(s) dict_keys(['example_short_circuit_operator']) retrieved from /home/airflow/.local/lib/python3.7/site-packages/airflow/example_dags/example_short_circuit_operator.py
[2023-03-27T18:29:18.410+0000] {logging_mixin.py:137} INFO - [2023-03-27T18:29:18.410+0000] {dag.py:2693} INFO - Sync 1 DAGs
[2023-03-27T18:29:19.076+0000] {logging_mixin.py:137} INFO - [2023-03-27T18:29:19.075+0000] {dag.py:3444} INFO - Setting next_dagrun for example_short_circuit_operator to 2023-03-26T18:29:19.075344+00:00, run_after=2023-03-27T18:29:19.075344+00:00
[2023-03-27T18:29:20.304+0000] {processor.py:175} INFO - Processing /home/airflow/.local/lib/python3.7/site-packages/airflow/example_dags/example_short_circuit_operator.py took 3.099 seconds
[2023-03-27T18:30:46.601+0000] {processor.py:153} INFO - Started process (PID=654) to work on /home/airflow/.local/lib/python3.7/site-packages/airflow/example_dags/example_short_circuit_operator.py
[2023-03-27T18:30:46.724+0000] {processor.py:743} INFO - Processing file /home/airflow/.local/lib/python3.7/site-packages/airflow/example_dags/example_short_circuit_operator.py for tasks to queue
[2023-03-27T18:30:46.745+0000] {logging_mixin.py:137} INFO - [2023-03-27T18:30:46.740+0000] {dagbag.py:532} INFO - Filling up the DagBag from /home/airflow/.local/lib/python3.7/site-packages/airflow/example_dags/example_short_circuit_operator.py
[2023-03-27T18:30:47.071+0000] {processor.py:753} INFO - DAG(s) dict_keys(['example_short_circuit_operator']) retrieved from /home/airflow/.local/lib/python3.7/site-packages/airflow/example_dags/example_short_circuit_operator.py
[2023-03-27T18:30:47.617+0000] {logging_mixin.py:137} INFO - [2023-03-27T18:30:47.617+0000] {dag.py:2693} INFO - Sync 1 DAGs
[2023-03-27T18:30:48.020+0000] {logging_mixin.py:137} INFO - [2023-03-27T18:30:48.019+0000] {dag.py:3444} INFO - Setting next_dagrun for example_short_circuit_operator to 2023-03-26T18:30:48.019210+00:00, run_after=2023-03-27T18:30:48.019210+00:00
[2023-03-27T18:30:48.363+0000] {processor.py:175} INFO - Processing /home/airflow/.local/lib/python3.7/site-packages/airflow/example_dags/example_short_circuit_operator.py took 1.768 seconds
[2023-03-27T21:07:27.817+0000] {processor.py:153} INFO - Started process (PID=742) to work on /home/airflow/.local/lib/python3.7/site-packages/airflow/example_dags/example_short_circuit_operator.py
[2023-03-27T21:07:27.826+0000] {processor.py:743} INFO - Processing file /home/airflow/.local/lib/python3.7/site-packages/airflow/example_dags/example_short_circuit_operator.py for tasks to queue
[2023-03-27T21:07:27.831+0000] {logging_mixin.py:137} INFO - [2023-03-27T21:07:27.831+0000] {dagbag.py:532} INFO - Filling up the DagBag from /home/airflow/.local/lib/python3.7/site-packages/airflow/example_dags/example_short_circuit_operator.py
[2023-03-27T21:07:27.989+0000] {processor.py:753} INFO - DAG(s) dict_keys(['example_short_circuit_operator']) retrieved from /home/airflow/.local/lib/python3.7/site-packages/airflow/example_dags/example_short_circuit_operator.py
[2023-03-27T21:07:28.242+0000] {logging_mixin.py:137} INFO - [2023-03-27T21:07:28.231+0000] {dag.py:2693} INFO - Sync 1 DAGs
[2023-03-27T21:07:28.623+0000] {logging_mixin.py:137} INFO - [2023-03-27T21:07:28.623+0000] {dag.py:3444} INFO - Setting next_dagrun for example_short_circuit_operator to 2023-03-26T21:07:28.622816+00:00, run_after=2023-03-27T21:07:28.622816+00:00
[2023-03-27T21:07:28.771+0000] {processor.py:175} INFO - Processing /home/airflow/.local/lib/python3.7/site-packages/airflow/example_dags/example_short_circuit_operator.py took 0.983 seconds
[2023-03-27T21:41:38.682+0000] {processor.py:153} INFO - Started process (PID=810) to work on /home/airflow/.local/lib/python3.7/site-packages/airflow/example_dags/example_short_circuit_operator.py
[2023-03-27T21:41:38.689+0000] {processor.py:743} INFO - Processing file /home/airflow/.local/lib/python3.7/site-packages/airflow/example_dags/example_short_circuit_operator.py for tasks to queue
[2023-03-27T21:41:38.694+0000] {logging_mixin.py:137} INFO - [2023-03-27T21:41:38.694+0000] {dagbag.py:532} INFO - Filling up the DagBag from /home/airflow/.local/lib/python3.7/site-packages/airflow/example_dags/example_short_circuit_operator.py
[2023-03-27T21:41:39.535+0000] {processor.py:753} INFO - DAG(s) dict_keys(['example_short_circuit_operator']) retrieved from /home/airflow/.local/lib/python3.7/site-packages/airflow/example_dags/example_short_circuit_operator.py
[2023-03-27T21:41:40.241+0000] {logging_mixin.py:137} INFO - [2023-03-27T21:41:40.240+0000] {dag.py:2693} INFO - Sync 1 DAGs
[2023-03-27T21:41:40.794+0000] {logging_mixin.py:137} INFO - [2023-03-27T21:41:40.794+0000] {dag.py:3444} INFO - Setting next_dagrun for example_short_circuit_operator to 2023-03-26T21:41:40.793942+00:00, run_after=2023-03-27T21:41:40.793942+00:00
[2023-03-27T21:41:40.979+0000] {processor.py:175} INFO - Processing /home/airflow/.local/lib/python3.7/site-packages/airflow/example_dags/example_short_circuit_operator.py took 2.324 seconds
[2023-03-27T21:46:16.833+0000] {processor.py:153} INFO - Started process (PID=930) to work on /home/airflow/.local/lib/python3.7/site-packages/airflow/example_dags/example_short_circuit_operator.py
[2023-03-27T21:46:16.864+0000] {processor.py:743} INFO - Processing file /home/airflow/.local/lib/python3.7/site-packages/airflow/example_dags/example_short_circuit_operator.py for tasks to queue
[2023-03-27T21:46:16.947+0000] {logging_mixin.py:137} INFO - [2023-03-27T21:46:16.946+0000] {dagbag.py:532} INFO - Filling up the DagBag from /home/airflow/.local/lib/python3.7/site-packages/airflow/example_dags/example_short_circuit_operator.py
[2023-03-27T21:46:20.304+0000] {processor.py:753} INFO - DAG(s) dict_keys(['example_short_circuit_operator']) retrieved from /home/airflow/.local/lib/python3.7/site-packages/airflow/example_dags/example_short_circuit_operator.py
[2023-03-27T21:46:22.729+0000] {logging_mixin.py:137} INFO - [2023-03-27T21:46:22.729+0000] {dag.py:2693} INFO - Sync 1 DAGs
[2023-03-27T21:46:23.518+0000] {logging_mixin.py:137} INFO - [2023-03-27T21:46:23.518+0000] {dag.py:3444} INFO - Setting next_dagrun for example_short_circuit_operator to 2023-03-26T21:46:23.517940+00:00, run_after=2023-03-27T21:46:23.517940+00:00
[2023-03-27T21:46:23.879+0000] {processor.py:175} INFO - Processing /home/airflow/.local/lib/python3.7/site-packages/airflow/example_dags/example_short_circuit_operator.py took 7.155 seconds
[2023-03-27T21:52:31.901+0000] {processor.py:153} INFO - Started process (PID=1072) to work on /home/airflow/.local/lib/python3.7/site-packages/airflow/example_dags/example_short_circuit_operator.py
[2023-03-27T21:52:31.967+0000] {processor.py:743} INFO - Processing file /home/airflow/.local/lib/python3.7/site-packages/airflow/example_dags/example_short_circuit_operator.py for tasks to queue
[2023-03-27T21:52:31.995+0000] {logging_mixin.py:137} INFO - [2023-03-27T21:52:31.995+0000] {dagbag.py:532} INFO - Filling up the DagBag from /home/airflow/.local/lib/python3.7/site-packages/airflow/example_dags/example_short_circuit_operator.py
[2023-03-27T21:52:34.689+0000] {processor.py:753} INFO - DAG(s) dict_keys(['example_short_circuit_operator']) retrieved from /home/airflow/.local/lib/python3.7/site-packages/airflow/example_dags/example_short_circuit_operator.py
[2023-03-27T21:52:37.065+0000] {logging_mixin.py:137} INFO - [2023-03-27T21:52:37.064+0000] {dag.py:2693} INFO - Sync 1 DAGs
[2023-03-27T21:52:37.323+0000] {logging_mixin.py:137} INFO - [2023-03-27T21:52:37.322+0000] {dag.py:3444} INFO - Setting next_dagrun for example_short_circuit_operator to 2023-03-26T21:52:37.321809+00:00, run_after=2023-03-27T21:52:37.321809+00:00
[2023-03-27T21:52:39.067+0000] {processor.py:175} INFO - Processing /home/airflow/.local/lib/python3.7/site-packages/airflow/example_dags/example_short_circuit_operator.py took 7.241 seconds
[2023-03-27T21:53:21.626+0000] {processor.py:153} INFO - Started process (PID=1121) to work on /home/airflow/.local/lib/python3.7/site-packages/airflow/example_dags/example_short_circuit_operator.py
[2023-03-27T21:53:21.633+0000] {processor.py:743} INFO - Processing file /home/airflow/.local/lib/python3.7/site-packages/airflow/example_dags/example_short_circuit_operator.py for tasks to queue
[2023-03-27T21:53:21.637+0000] {logging_mixin.py:137} INFO - [2023-03-27T21:53:21.636+0000] {dagbag.py:532} INFO - Filling up the DagBag from /home/airflow/.local/lib/python3.7/site-packages/airflow/example_dags/example_short_circuit_operator.py
[2023-03-27T21:53:21.712+0000] {processor.py:753} INFO - DAG(s) dict_keys(['example_short_circuit_operator']) retrieved from /home/airflow/.local/lib/python3.7/site-packages/airflow/example_dags/example_short_circuit_operator.py
[2023-03-27T21:53:21.976+0000] {logging_mixin.py:137} INFO - [2023-03-27T21:53:21.976+0000] {dag.py:2693} INFO - Sync 1 DAGs
[2023-03-27T21:53:22.177+0000] {logging_mixin.py:137} INFO - [2023-03-27T21:53:22.177+0000] {dag.py:3444} INFO - Setting next_dagrun for example_short_circuit_operator to 2023-03-26T21:53:22.176273+00:00, run_after=2023-03-27T21:53:22.176273+00:00
[2023-03-27T21:53:22.407+0000] {processor.py:175} INFO - Processing /home/airflow/.local/lib/python3.7/site-packages/airflow/example_dags/example_short_circuit_operator.py took 0.796 seconds
[2023-03-27T22:24:59.395+0000] {processor.py:153} INFO - Started process (PID=1177) to work on /home/airflow/.local/lib/python3.7/site-packages/airflow/example_dags/example_short_circuit_operator.py
[2023-03-27T22:24:59.400+0000] {processor.py:743} INFO - Processing file /home/airflow/.local/lib/python3.7/site-packages/airflow/example_dags/example_short_circuit_operator.py for tasks to queue
[2023-03-27T22:24:59.407+0000] {logging_mixin.py:137} INFO - [2023-03-27T22:24:59.407+0000] {dagbag.py:532} INFO - Filling up the DagBag from /home/airflow/.local/lib/python3.7/site-packages/airflow/example_dags/example_short_circuit_operator.py
[2023-03-27T22:24:59.507+0000] {processor.py:753} INFO - DAG(s) dict_keys(['example_short_circuit_operator']) retrieved from /home/airflow/.local/lib/python3.7/site-packages/airflow/example_dags/example_short_circuit_operator.py
[2023-03-27T22:24:59.839+0000] {logging_mixin.py:137} INFO - [2023-03-27T22:24:59.839+0000] {dag.py:2693} INFO - Sync 1 DAGs
[2023-03-27T22:25:00.368+0000] {logging_mixin.py:137} INFO - [2023-03-27T22:25:00.367+0000] {dag.py:3444} INFO - Setting next_dagrun for example_short_circuit_operator to 2023-03-26T22:25:00.366830+00:00, run_after=2023-03-27T22:25:00.366830+00:00
[2023-03-27T22:25:00.707+0000] {processor.py:175} INFO - Processing /home/airflow/.local/lib/python3.7/site-packages/airflow/example_dags/example_short_circuit_operator.py took 1.349 seconds
[2023-03-27T22:25:59.328+0000] {processor.py:153} INFO - Started process (PID=1233) to work on /home/airflow/.local/lib/python3.7/site-packages/airflow/example_dags/example_short_circuit_operator.py
[2023-03-27T22:25:59.390+0000] {processor.py:743} INFO - Processing file /home/airflow/.local/lib/python3.7/site-packages/airflow/example_dags/example_short_circuit_operator.py for tasks to queue
[2023-03-27T22:25:59.409+0000] {logging_mixin.py:137} INFO - [2023-03-27T22:25:59.409+0000] {dagbag.py:532} INFO - Filling up the DagBag from /home/airflow/.local/lib/python3.7/site-packages/airflow/example_dags/example_short_circuit_operator.py
[2023-03-27T22:26:02.203+0000] {processor.py:753} INFO - DAG(s) dict_keys(['example_short_circuit_operator']) retrieved from /home/airflow/.local/lib/python3.7/site-packages/airflow/example_dags/example_short_circuit_operator.py
[2023-03-27T22:26:04.069+0000] {logging_mixin.py:137} INFO - [2023-03-27T22:26:04.068+0000] {dag.py:2693} INFO - Sync 1 DAGs
[2023-03-27T22:26:05.092+0000] {logging_mixin.py:137} INFO - [2023-03-27T22:26:05.091+0000] {dag.py:3444} INFO - Setting next_dagrun for example_short_circuit_operator to 2023-03-26T22:26:05.083569+00:00, run_after=2023-03-27T22:26:05.083569+00:00
[2023-03-27T22:26:05.638+0000] {processor.py:175} INFO - Processing /home/airflow/.local/lib/python3.7/site-packages/airflow/example_dags/example_short_circuit_operator.py took 6.496 seconds
[2023-03-27T22:27:25.741+0000] {processor.py:153} INFO - Started process (PID=1301) to work on /home/airflow/.local/lib/python3.7/site-packages/airflow/example_dags/example_short_circuit_operator.py
[2023-03-27T22:27:25.745+0000] {processor.py:743} INFO - Processing file /home/airflow/.local/lib/python3.7/site-packages/airflow/example_dags/example_short_circuit_operator.py for tasks to queue
[2023-03-27T22:27:25.749+0000] {logging_mixin.py:137} INFO - [2023-03-27T22:27:25.748+0000] {dagbag.py:532} INFO - Filling up the DagBag from /home/airflow/.local/lib/python3.7/site-packages/airflow/example_dags/example_short_circuit_operator.py
[2023-03-27T22:27:26.232+0000] {processor.py:753} INFO - DAG(s) dict_keys(['example_short_circuit_operator']) retrieved from /home/airflow/.local/lib/python3.7/site-packages/airflow/example_dags/example_short_circuit_operator.py
[2023-03-27T22:27:26.881+0000] {logging_mixin.py:137} INFO - [2023-03-27T22:27:26.876+0000] {dag.py:2693} INFO - Sync 1 DAGs
[2023-03-27T22:27:27.364+0000] {logging_mixin.py:137} INFO - [2023-03-27T22:27:27.363+0000] {dag.py:3444} INFO - Setting next_dagrun for example_short_circuit_operator to 2023-03-26T22:27:27.362862+00:00, run_after=2023-03-27T22:27:27.362862+00:00
[2023-03-27T22:27:28.034+0000] {processor.py:175} INFO - Processing /home/airflow/.local/lib/python3.7/site-packages/airflow/example_dags/example_short_circuit_operator.py took 2.369 seconds
[2023-03-27T22:29:05.094+0000] {processor.py:153} INFO - Started process (PID=1375) to work on /home/airflow/.local/lib/python3.7/site-packages/airflow/example_dags/example_short_circuit_operator.py
[2023-03-27T22:29:05.115+0000] {processor.py:743} INFO - Processing file /home/airflow/.local/lib/python3.7/site-packages/airflow/example_dags/example_short_circuit_operator.py for tasks to queue
[2023-03-27T22:29:05.138+0000] {logging_mixin.py:137} INFO - [2023-03-27T22:29:05.135+0000] {dagbag.py:532} INFO - Filling up the DagBag from /home/airflow/.local/lib/python3.7/site-packages/airflow/example_dags/example_short_circuit_operator.py
[2023-03-27T22:29:05.395+0000] {processor.py:753} INFO - DAG(s) dict_keys(['example_short_circuit_operator']) retrieved from /home/airflow/.local/lib/python3.7/site-packages/airflow/example_dags/example_short_circuit_operator.py
[2023-03-27T22:29:05.756+0000] {logging_mixin.py:137} INFO - [2023-03-27T22:29:05.755+0000] {dag.py:2693} INFO - Sync 1 DAGs
[2023-03-27T22:29:06.032+0000] {logging_mixin.py:137} INFO - [2023-03-27T22:29:06.031+0000] {dag.py:3444} INFO - Setting next_dagrun for example_short_circuit_operator to 2023-03-26T22:29:06.030552+00:00, run_after=2023-03-27T22:29:06.030552+00:00
[2023-03-27T22:29:06.419+0000] {processor.py:175} INFO - Processing /home/airflow/.local/lib/python3.7/site-packages/airflow/example_dags/example_short_circuit_operator.py took 1.343 seconds
[2023-03-27T22:30:59.168+0000] {processor.py:153} INFO - Started process (PID=1447) to work on /home/airflow/.local/lib/python3.7/site-packages/airflow/example_dags/example_short_circuit_operator.py
[2023-03-27T22:30:59.175+0000] {processor.py:743} INFO - Processing file /home/airflow/.local/lib/python3.7/site-packages/airflow/example_dags/example_short_circuit_operator.py for tasks to queue
[2023-03-27T22:30:59.184+0000] {logging_mixin.py:137} INFO - [2023-03-27T22:30:59.183+0000] {dagbag.py:532} INFO - Filling up the DagBag from /home/airflow/.local/lib/python3.7/site-packages/airflow/example_dags/example_short_circuit_operator.py
[2023-03-27T22:30:59.821+0000] {processor.py:753} INFO - DAG(s) dict_keys(['example_short_circuit_operator']) retrieved from /home/airflow/.local/lib/python3.7/site-packages/airflow/example_dags/example_short_circuit_operator.py
[2023-03-27T22:31:00.025+0000] {logging_mixin.py:137} INFO - [2023-03-27T22:31:00.024+0000] {dag.py:2693} INFO - Sync 1 DAGs
[2023-03-27T22:31:00.377+0000] {logging_mixin.py:137} INFO - [2023-03-27T22:31:00.376+0000] {dag.py:3444} INFO - Setting next_dagrun for example_short_circuit_operator to 2023-03-26T22:31:00.375778+00:00, run_after=2023-03-27T22:31:00.375778+00:00
[2023-03-27T22:31:01.633+0000] {processor.py:175} INFO - Processing /home/airflow/.local/lib/python3.7/site-packages/airflow/example_dags/example_short_circuit_operator.py took 2.591 seconds
[2023-03-27T23:09:21.684+0000] {processor.py:153} INFO - Started process (PID=67) to work on /home/airflow/.local/lib/python3.7/site-packages/airflow/example_dags/example_short_circuit_operator.py
[2023-03-27T23:09:21.700+0000] {processor.py:743} INFO - Processing file /home/airflow/.local/lib/python3.7/site-packages/airflow/example_dags/example_short_circuit_operator.py for tasks to queue
[2023-03-27T23:09:21.718+0000] {logging_mixin.py:137} INFO - [2023-03-27T23:09:21.714+0000] {dagbag.py:532} INFO - Filling up the DagBag from /home/airflow/.local/lib/python3.7/site-packages/airflow/example_dags/example_short_circuit_operator.py
[2023-03-27T23:09:21.972+0000] {processor.py:753} INFO - DAG(s) dict_keys(['example_short_circuit_operator']) retrieved from /home/airflow/.local/lib/python3.7/site-packages/airflow/example_dags/example_short_circuit_operator.py
[2023-03-27T23:09:24.280+0000] {logging_mixin.py:137} INFO - [2023-03-27T23:09:24.277+0000] {dag.py:2693} INFO - Sync 1 DAGs
[2023-03-27T23:09:24.978+0000] {logging_mixin.py:137} INFO - [2023-03-27T23:09:24.978+0000] {dag.py:3444} INFO - Setting next_dagrun for example_short_circuit_operator to 2023-03-26T23:09:24.974801+00:00, run_after=2023-03-27T23:09:24.974801+00:00
[2023-03-27T23:09:25.394+0000] {processor.py:175} INFO - Processing /home/airflow/.local/lib/python3.7/site-packages/airflow/example_dags/example_short_circuit_operator.py took 3.731 seconds
[2023-03-27T23:10:22.046+0000] {processor.py:153} INFO - Started process (PID=123) to work on /home/airflow/.local/lib/python3.7/site-packages/airflow/example_dags/example_short_circuit_operator.py
[2023-03-27T23:10:22.065+0000] {processor.py:743} INFO - Processing file /home/airflow/.local/lib/python3.7/site-packages/airflow/example_dags/example_short_circuit_operator.py for tasks to queue
[2023-03-27T23:10:22.090+0000] {logging_mixin.py:137} INFO - [2023-03-27T23:10:22.088+0000] {dagbag.py:532} INFO - Filling up the DagBag from /home/airflow/.local/lib/python3.7/site-packages/airflow/example_dags/example_short_circuit_operator.py
[2023-03-27T23:10:22.287+0000] {processor.py:753} INFO - DAG(s) dict_keys(['example_short_circuit_operator']) retrieved from /home/airflow/.local/lib/python3.7/site-packages/airflow/example_dags/example_short_circuit_operator.py
[2023-03-27T23:10:22.544+0000] {logging_mixin.py:137} INFO - [2023-03-27T23:10:22.543+0000] {dag.py:2693} INFO - Sync 1 DAGs
[2023-03-27T23:10:22.655+0000] {logging_mixin.py:137} INFO - [2023-03-27T23:10:22.655+0000] {dag.py:3444} INFO - Setting next_dagrun for example_short_circuit_operator to 2023-03-26T23:10:22.654650+00:00, run_after=2023-03-27T23:10:22.654650+00:00
[2023-03-27T23:10:22.745+0000] {processor.py:175} INFO - Processing /home/airflow/.local/lib/python3.7/site-packages/airflow/example_dags/example_short_circuit_operator.py took 0.736 seconds
[2023-03-27T23:10:57.733+0000] {processor.py:153} INFO - Started process (PID=172) to work on /home/airflow/.local/lib/python3.7/site-packages/airflow/example_dags/example_short_circuit_operator.py
[2023-03-27T23:10:57.740+0000] {processor.py:743} INFO - Processing file /home/airflow/.local/lib/python3.7/site-packages/airflow/example_dags/example_short_circuit_operator.py for tasks to queue
[2023-03-27T23:10:57.745+0000] {logging_mixin.py:137} INFO - [2023-03-27T23:10:57.744+0000] {dagbag.py:532} INFO - Filling up the DagBag from /home/airflow/.local/lib/python3.7/site-packages/airflow/example_dags/example_short_circuit_operator.py
[2023-03-27T23:10:57.795+0000] {processor.py:753} INFO - DAG(s) dict_keys(['example_short_circuit_operator']) retrieved from /home/airflow/.local/lib/python3.7/site-packages/airflow/example_dags/example_short_circuit_operator.py
[2023-03-27T23:10:57.880+0000] {logging_mixin.py:137} INFO - [2023-03-27T23:10:57.879+0000] {dag.py:2693} INFO - Sync 1 DAGs
[2023-03-27T23:10:57.950+0000] {logging_mixin.py:137} INFO - [2023-03-27T23:10:57.950+0000] {dag.py:3444} INFO - Setting next_dagrun for example_short_circuit_operator to 2023-03-26T23:10:57.948917+00:00, run_after=2023-03-27T23:10:57.948917+00:00
[2023-03-27T23:10:58.026+0000] {processor.py:175} INFO - Processing /home/airflow/.local/lib/python3.7/site-packages/airflow/example_dags/example_short_circuit_operator.py took 0.309 seconds
[2023-03-27T23:11:28.434+0000] {processor.py:153} INFO - Started process (PID=221) to work on /home/airflow/.local/lib/python3.7/site-packages/airflow/example_dags/example_short_circuit_operator.py
[2023-03-27T23:11:28.440+0000] {processor.py:743} INFO - Processing file /home/airflow/.local/lib/python3.7/site-packages/airflow/example_dags/example_short_circuit_operator.py for tasks to queue
[2023-03-27T23:11:28.444+0000] {logging_mixin.py:137} INFO - [2023-03-27T23:11:28.443+0000] {dagbag.py:532} INFO - Filling up the DagBag from /home/airflow/.local/lib/python3.7/site-packages/airflow/example_dags/example_short_circuit_operator.py
[2023-03-27T23:11:28.510+0000] {processor.py:753} INFO - DAG(s) dict_keys(['example_short_circuit_operator']) retrieved from /home/airflow/.local/lib/python3.7/site-packages/airflow/example_dags/example_short_circuit_operator.py
[2023-03-27T23:11:28.599+0000] {logging_mixin.py:137} INFO - [2023-03-27T23:11:28.599+0000] {dag.py:2693} INFO - Sync 1 DAGs
[2023-03-27T23:11:28.691+0000] {logging_mixin.py:137} INFO - [2023-03-27T23:11:28.691+0000] {dag.py:3444} INFO - Setting next_dagrun for example_short_circuit_operator to 2023-03-26T23:11:28.690349+00:00, run_after=2023-03-27T23:11:28.690349+00:00
[2023-03-27T23:11:28.743+0000] {processor.py:175} INFO - Processing /home/airflow/.local/lib/python3.7/site-packages/airflow/example_dags/example_short_circuit_operator.py took 0.319 seconds
[2023-03-27T23:12:13.523+0000] {processor.py:153} INFO - Started process (PID=273) to work on /home/airflow/.local/lib/python3.7/site-packages/airflow/example_dags/example_short_circuit_operator.py
[2023-03-27T23:12:13.527+0000] {processor.py:743} INFO - Processing file /home/airflow/.local/lib/python3.7/site-packages/airflow/example_dags/example_short_circuit_operator.py for tasks to queue
[2023-03-27T23:12:13.533+0000] {logging_mixin.py:137} INFO - [2023-03-27T23:12:13.532+0000] {dagbag.py:532} INFO - Filling up the DagBag from /home/airflow/.local/lib/python3.7/site-packages/airflow/example_dags/example_short_circuit_operator.py
[2023-03-27T23:12:13.574+0000] {processor.py:753} INFO - DAG(s) dict_keys(['example_short_circuit_operator']) retrieved from /home/airflow/.local/lib/python3.7/site-packages/airflow/example_dags/example_short_circuit_operator.py
[2023-03-27T23:12:13.636+0000] {logging_mixin.py:137} INFO - [2023-03-27T23:12:13.636+0000] {dag.py:2693} INFO - Sync 1 DAGs
[2023-03-27T23:12:13.690+0000] {logging_mixin.py:137} INFO - [2023-03-27T23:12:13.689+0000] {dag.py:3444} INFO - Setting next_dagrun for example_short_circuit_operator to 2023-03-26T23:12:13.689163+00:00, run_after=2023-03-27T23:12:13.689163+00:00
[2023-03-27T23:12:13.731+0000] {processor.py:175} INFO - Processing /home/airflow/.local/lib/python3.7/site-packages/airflow/example_dags/example_short_circuit_operator.py took 0.227 seconds
[2023-03-27T23:12:44.017+0000] {processor.py:153} INFO - Started process (PID=321) to work on /home/airflow/.local/lib/python3.7/site-packages/airflow/example_dags/example_short_circuit_operator.py
[2023-03-27T23:12:44.021+0000] {processor.py:743} INFO - Processing file /home/airflow/.local/lib/python3.7/site-packages/airflow/example_dags/example_short_circuit_operator.py for tasks to queue
[2023-03-27T23:12:44.031+0000] {logging_mixin.py:137} INFO - [2023-03-27T23:12:44.029+0000] {dagbag.py:532} INFO - Filling up the DagBag from /home/airflow/.local/lib/python3.7/site-packages/airflow/example_dags/example_short_circuit_operator.py
[2023-03-27T23:12:44.078+0000] {processor.py:753} INFO - DAG(s) dict_keys(['example_short_circuit_operator']) retrieved from /home/airflow/.local/lib/python3.7/site-packages/airflow/example_dags/example_short_circuit_operator.py
[2023-03-27T23:12:44.236+0000] {logging_mixin.py:137} INFO - [2023-03-27T23:12:44.235+0000] {dag.py:2693} INFO - Sync 1 DAGs
[2023-03-27T23:12:44.328+0000] {logging_mixin.py:137} INFO - [2023-03-27T23:12:44.328+0000] {dag.py:3444} INFO - Setting next_dagrun for example_short_circuit_operator to 2023-03-26T23:12:44.327495+00:00, run_after=2023-03-27T23:12:44.327495+00:00
[2023-03-27T23:12:44.379+0000] {processor.py:175} INFO - Processing /home/airflow/.local/lib/python3.7/site-packages/airflow/example_dags/example_short_circuit_operator.py took 0.373 seconds
[2023-03-27T23:13:20.462+0000] {processor.py:153} INFO - Started process (PID=377) to work on /home/airflow/.local/lib/python3.7/site-packages/airflow/example_dags/example_short_circuit_operator.py
[2023-03-27T23:13:20.468+0000] {processor.py:743} INFO - Processing file /home/airflow/.local/lib/python3.7/site-packages/airflow/example_dags/example_short_circuit_operator.py for tasks to queue
[2023-03-27T23:13:20.472+0000] {logging_mixin.py:137} INFO - [2023-03-27T23:13:20.471+0000] {dagbag.py:532} INFO - Filling up the DagBag from /home/airflow/.local/lib/python3.7/site-packages/airflow/example_dags/example_short_circuit_operator.py
[2023-03-27T23:13:20.533+0000] {processor.py:753} INFO - DAG(s) dict_keys(['example_short_circuit_operator']) retrieved from /home/airflow/.local/lib/python3.7/site-packages/airflow/example_dags/example_short_circuit_operator.py
[2023-03-27T23:13:20.696+0000] {logging_mixin.py:137} INFO - [2023-03-27T23:13:20.695+0000] {dag.py:2693} INFO - Sync 1 DAGs
[2023-03-27T23:13:20.815+0000] {logging_mixin.py:137} INFO - [2023-03-27T23:13:20.815+0000] {dag.py:3444} INFO - Setting next_dagrun for example_short_circuit_operator to 2023-03-26T23:13:20.813840+00:00, run_after=2023-03-27T23:13:20.813840+00:00
[2023-03-27T23:13:20.916+0000] {processor.py:175} INFO - Processing /home/airflow/.local/lib/python3.7/site-packages/airflow/example_dags/example_short_circuit_operator.py took 0.510 seconds
[2023-03-27T23:13:52.140+0000] {processor.py:153} INFO - Started process (PID=426) to work on /home/airflow/.local/lib/python3.7/site-packages/airflow/example_dags/example_short_circuit_operator.py
[2023-03-27T23:13:52.146+0000] {processor.py:743} INFO - Processing file /home/airflow/.local/lib/python3.7/site-packages/airflow/example_dags/example_short_circuit_operator.py for tasks to queue
[2023-03-27T23:13:52.152+0000] {logging_mixin.py:137} INFO - [2023-03-27T23:13:52.152+0000] {dagbag.py:532} INFO - Filling up the DagBag from /home/airflow/.local/lib/python3.7/site-packages/airflow/example_dags/example_short_circuit_operator.py
[2023-03-27T23:13:52.296+0000] {processor.py:753} INFO - DAG(s) dict_keys(['example_short_circuit_operator']) retrieved from /home/airflow/.local/lib/python3.7/site-packages/airflow/example_dags/example_short_circuit_operator.py
[2023-03-27T23:13:52.505+0000] {logging_mixin.py:137} INFO - [2023-03-27T23:13:52.504+0000] {dag.py:2693} INFO - Sync 1 DAGs
[2023-03-27T23:13:52.788+0000] {logging_mixin.py:137} INFO - [2023-03-27T23:13:52.788+0000] {dag.py:3444} INFO - Setting next_dagrun for example_short_circuit_operator to 2023-03-26T23:13:52.777868+00:00, run_after=2023-03-27T23:13:52.777868+00:00
[2023-03-27T23:13:52.947+0000] {processor.py:175} INFO - Processing /home/airflow/.local/lib/python3.7/site-packages/airflow/example_dags/example_short_circuit_operator.py took 0.838 seconds
[2023-03-27T23:14:23.253+0000] {processor.py:153} INFO - Started process (PID=475) to work on /home/airflow/.local/lib/python3.7/site-packages/airflow/example_dags/example_short_circuit_operator.py
[2023-03-27T23:14:23.259+0000] {processor.py:743} INFO - Processing file /home/airflow/.local/lib/python3.7/site-packages/airflow/example_dags/example_short_circuit_operator.py for tasks to queue
[2023-03-27T23:14:23.270+0000] {logging_mixin.py:137} INFO - [2023-03-27T23:14:23.269+0000] {dagbag.py:532} INFO - Filling up the DagBag from /home/airflow/.local/lib/python3.7/site-packages/airflow/example_dags/example_short_circuit_operator.py
[2023-03-27T23:14:23.317+0000] {processor.py:753} INFO - DAG(s) dict_keys(['example_short_circuit_operator']) retrieved from /home/airflow/.local/lib/python3.7/site-packages/airflow/example_dags/example_short_circuit_operator.py
[2023-03-27T23:14:23.413+0000] {logging_mixin.py:137} INFO - [2023-03-27T23:14:23.412+0000] {dag.py:2693} INFO - Sync 1 DAGs
[2023-03-27T23:14:23.486+0000] {logging_mixin.py:137} INFO - [2023-03-27T23:14:23.486+0000] {dag.py:3444} INFO - Setting next_dagrun for example_short_circuit_operator to 2023-03-26T23:14:23.485456+00:00, run_after=2023-03-27T23:14:23.485456+00:00
[2023-03-27T23:14:23.546+0000] {processor.py:175} INFO - Processing /home/airflow/.local/lib/python3.7/site-packages/airflow/example_dags/example_short_circuit_operator.py took 0.312 seconds
[2023-03-27T23:14:53.831+0000] {processor.py:153} INFO - Started process (PID=524) to work on /home/airflow/.local/lib/python3.7/site-packages/airflow/example_dags/example_short_circuit_operator.py
[2023-03-27T23:14:53.838+0000] {processor.py:743} INFO - Processing file /home/airflow/.local/lib/python3.7/site-packages/airflow/example_dags/example_short_circuit_operator.py for tasks to queue
[2023-03-27T23:14:53.845+0000] {logging_mixin.py:137} INFO - [2023-03-27T23:14:53.844+0000] {dagbag.py:532} INFO - Filling up the DagBag from /home/airflow/.local/lib/python3.7/site-packages/airflow/example_dags/example_short_circuit_operator.py
[2023-03-27T23:14:53.943+0000] {processor.py:753} INFO - DAG(s) dict_keys(['example_short_circuit_operator']) retrieved from /home/airflow/.local/lib/python3.7/site-packages/airflow/example_dags/example_short_circuit_operator.py
[2023-03-27T23:14:54.024+0000] {logging_mixin.py:137} INFO - [2023-03-27T23:14:54.024+0000] {dag.py:2693} INFO - Sync 1 DAGs
[2023-03-27T23:14:54.089+0000] {logging_mixin.py:137} INFO - [2023-03-27T23:14:54.088+0000] {dag.py:3444} INFO - Setting next_dagrun for example_short_circuit_operator to 2023-03-26T23:14:54.087693+00:00, run_after=2023-03-27T23:14:54.087693+00:00
[2023-03-27T23:14:54.145+0000] {processor.py:175} INFO - Processing /home/airflow/.local/lib/python3.7/site-packages/airflow/example_dags/example_short_circuit_operator.py took 0.324 seconds
[2023-03-27T23:15:24.383+0000] {processor.py:153} INFO - Started process (PID=573) to work on /home/airflow/.local/lib/python3.7/site-packages/airflow/example_dags/example_short_circuit_operator.py
[2023-03-27T23:15:24.387+0000] {processor.py:743} INFO - Processing file /home/airflow/.local/lib/python3.7/site-packages/airflow/example_dags/example_short_circuit_operator.py for tasks to queue
[2023-03-27T23:15:24.390+0000] {logging_mixin.py:137} INFO - [2023-03-27T23:15:24.390+0000] {dagbag.py:532} INFO - Filling up the DagBag from /home/airflow/.local/lib/python3.7/site-packages/airflow/example_dags/example_short_circuit_operator.py
[2023-03-27T23:15:24.426+0000] {processor.py:753} INFO - DAG(s) dict_keys(['example_short_circuit_operator']) retrieved from /home/airflow/.local/lib/python3.7/site-packages/airflow/example_dags/example_short_circuit_operator.py
[2023-03-27T23:15:24.490+0000] {logging_mixin.py:137} INFO - [2023-03-27T23:15:24.490+0000] {dag.py:2693} INFO - Sync 1 DAGs
[2023-03-27T23:15:24.555+0000] {logging_mixin.py:137} INFO - [2023-03-27T23:15:24.554+0000] {dag.py:3444} INFO - Setting next_dagrun for example_short_circuit_operator to 2023-03-26T23:15:24.554147+00:00, run_after=2023-03-27T23:15:24.554147+00:00
[2023-03-27T23:15:24.595+0000] {processor.py:175} INFO - Processing /home/airflow/.local/lib/python3.7/site-packages/airflow/example_dags/example_short_circuit_operator.py took 0.219 seconds
[2023-03-27T23:15:54.813+0000] {processor.py:153} INFO - Started process (PID=621) to work on /home/airflow/.local/lib/python3.7/site-packages/airflow/example_dags/example_short_circuit_operator.py
[2023-03-27T23:15:54.818+0000] {processor.py:743} INFO - Processing file /home/airflow/.local/lib/python3.7/site-packages/airflow/example_dags/example_short_circuit_operator.py for tasks to queue
[2023-03-27T23:15:54.823+0000] {logging_mixin.py:137} INFO - [2023-03-27T23:15:54.823+0000] {dagbag.py:532} INFO - Filling up the DagBag from /home/airflow/.local/lib/python3.7/site-packages/airflow/example_dags/example_short_circuit_operator.py
[2023-03-27T23:15:54.865+0000] {processor.py:753} INFO - DAG(s) dict_keys(['example_short_circuit_operator']) retrieved from /home/airflow/.local/lib/python3.7/site-packages/airflow/example_dags/example_short_circuit_operator.py
[2023-03-27T23:15:54.927+0000] {logging_mixin.py:137} INFO - [2023-03-27T23:15:54.926+0000] {dag.py:2693} INFO - Sync 1 DAGs
[2023-03-27T23:15:54.976+0000] {logging_mixin.py:137} INFO - [2023-03-27T23:15:54.976+0000] {dag.py:3444} INFO - Setting next_dagrun for example_short_circuit_operator to 2023-03-26T23:15:54.975888+00:00, run_after=2023-03-27T23:15:54.975888+00:00
[2023-03-27T23:15:55.017+0000] {processor.py:175} INFO - Processing /home/airflow/.local/lib/python3.7/site-packages/airflow/example_dags/example_short_circuit_operator.py took 0.218 seconds
[2023-03-27T23:16:26.161+0000] {processor.py:153} INFO - Started process (PID=672) to work on /home/airflow/.local/lib/python3.7/site-packages/airflow/example_dags/example_short_circuit_operator.py
[2023-03-27T23:16:26.166+0000] {processor.py:743} INFO - Processing file /home/airflow/.local/lib/python3.7/site-packages/airflow/example_dags/example_short_circuit_operator.py for tasks to queue
[2023-03-27T23:16:26.169+0000] {logging_mixin.py:137} INFO - [2023-03-27T23:16:26.169+0000] {dagbag.py:532} INFO - Filling up the DagBag from /home/airflow/.local/lib/python3.7/site-packages/airflow/example_dags/example_short_circuit_operator.py
[2023-03-27T23:16:26.217+0000] {processor.py:753} INFO - DAG(s) dict_keys(['example_short_circuit_operator']) retrieved from /home/airflow/.local/lib/python3.7/site-packages/airflow/example_dags/example_short_circuit_operator.py
[2023-03-27T23:16:26.293+0000] {logging_mixin.py:137} INFO - [2023-03-27T23:16:26.293+0000] {dag.py:2693} INFO - Sync 1 DAGs
[2023-03-27T23:16:26.404+0000] {logging_mixin.py:137} INFO - [2023-03-27T23:16:26.404+0000] {dag.py:3444} INFO - Setting next_dagrun for example_short_circuit_operator to 2023-03-26T23:16:26.403877+00:00, run_after=2023-03-27T23:16:26.403877+00:00
[2023-03-27T23:16:26.450+0000] {processor.py:175} INFO - Processing /home/airflow/.local/lib/python3.7/site-packages/airflow/example_dags/example_short_circuit_operator.py took 0.299 seconds
[2023-03-27T23:16:57.402+0000] {processor.py:153} INFO - Started process (PID=720) to work on /home/airflow/.local/lib/python3.7/site-packages/airflow/example_dags/example_short_circuit_operator.py
[2023-03-27T23:16:57.409+0000] {processor.py:743} INFO - Processing file /home/airflow/.local/lib/python3.7/site-packages/airflow/example_dags/example_short_circuit_operator.py for tasks to queue
[2023-03-27T23:16:57.414+0000] {logging_mixin.py:137} INFO - [2023-03-27T23:16:57.414+0000] {dagbag.py:532} INFO - Filling up the DagBag from /home/airflow/.local/lib/python3.7/site-packages/airflow/example_dags/example_short_circuit_operator.py
[2023-03-27T23:16:57.466+0000] {processor.py:753} INFO - DAG(s) dict_keys(['example_short_circuit_operator']) retrieved from /home/airflow/.local/lib/python3.7/site-packages/airflow/example_dags/example_short_circuit_operator.py
[2023-03-27T23:16:57.539+0000] {logging_mixin.py:137} INFO - [2023-03-27T23:16:57.539+0000] {dag.py:2693} INFO - Sync 1 DAGs
[2023-03-27T23:16:57.590+0000] {logging_mixin.py:137} INFO - [2023-03-27T23:16:57.590+0000] {dag.py:3444} INFO - Setting next_dagrun for example_short_circuit_operator to 2023-03-26T23:16:57.590368+00:00, run_after=2023-03-27T23:16:57.590368+00:00
[2023-03-27T23:16:57.649+0000] {processor.py:175} INFO - Processing /home/airflow/.local/lib/python3.7/site-packages/airflow/example_dags/example_short_circuit_operator.py took 0.263 seconds
[2023-03-27T23:17:28.290+0000] {processor.py:153} INFO - Started process (PID=769) to work on /home/airflow/.local/lib/python3.7/site-packages/airflow/example_dags/example_short_circuit_operator.py
[2023-03-27T23:17:28.294+0000] {processor.py:743} INFO - Processing file /home/airflow/.local/lib/python3.7/site-packages/airflow/example_dags/example_short_circuit_operator.py for tasks to queue
[2023-03-27T23:17:28.298+0000] {logging_mixin.py:137} INFO - [2023-03-27T23:17:28.298+0000] {dagbag.py:532} INFO - Filling up the DagBag from /home/airflow/.local/lib/python3.7/site-packages/airflow/example_dags/example_short_circuit_operator.py
[2023-03-27T23:17:28.336+0000] {processor.py:753} INFO - DAG(s) dict_keys(['example_short_circuit_operator']) retrieved from /home/airflow/.local/lib/python3.7/site-packages/airflow/example_dags/example_short_circuit_operator.py
[2023-03-27T23:17:28.401+0000] {logging_mixin.py:137} INFO - [2023-03-27T23:17:28.400+0000] {dag.py:2693} INFO - Sync 1 DAGs
[2023-03-27T23:17:28.457+0000] {logging_mixin.py:137} INFO - [2023-03-27T23:17:28.456+0000] {dag.py:3444} INFO - Setting next_dagrun for example_short_circuit_operator to 2023-03-26T23:17:28.456459+00:00, run_after=2023-03-27T23:17:28.456459+00:00
[2023-03-27T23:17:28.498+0000] {processor.py:175} INFO - Processing /home/airflow/.local/lib/python3.7/site-packages/airflow/example_dags/example_short_circuit_operator.py took 0.217 seconds
[2023-03-27T23:17:59.053+0000] {processor.py:153} INFO - Started process (PID=818) to work on /home/airflow/.local/lib/python3.7/site-packages/airflow/example_dags/example_short_circuit_operator.py
[2023-03-27T23:17:59.057+0000] {processor.py:743} INFO - Processing file /home/airflow/.local/lib/python3.7/site-packages/airflow/example_dags/example_short_circuit_operator.py for tasks to queue
[2023-03-27T23:17:59.059+0000] {logging_mixin.py:137} INFO - [2023-03-27T23:17:59.059+0000] {dagbag.py:532} INFO - Filling up the DagBag from /home/airflow/.local/lib/python3.7/site-packages/airflow/example_dags/example_short_circuit_operator.py
[2023-03-27T23:17:59.100+0000] {processor.py:753} INFO - DAG(s) dict_keys(['example_short_circuit_operator']) retrieved from /home/airflow/.local/lib/python3.7/site-packages/airflow/example_dags/example_short_circuit_operator.py
[2023-03-27T23:17:59.154+0000] {logging_mixin.py:137} INFO - [2023-03-27T23:17:59.154+0000] {dag.py:2693} INFO - Sync 1 DAGs
[2023-03-27T23:17:59.203+0000] {logging_mixin.py:137} INFO - [2023-03-27T23:17:59.203+0000] {dag.py:3444} INFO - Setting next_dagrun for example_short_circuit_operator to 2023-03-26T23:17:59.203319+00:00, run_after=2023-03-27T23:17:59.203319+00:00
[2023-03-27T23:17:59.239+0000] {processor.py:175} INFO - Processing /home/airflow/.local/lib/python3.7/site-packages/airflow/example_dags/example_short_circuit_operator.py took 0.197 seconds
[2023-03-27T23:18:30.314+0000] {processor.py:153} INFO - Started process (PID=867) to work on /home/airflow/.local/lib/python3.7/site-packages/airflow/example_dags/example_short_circuit_operator.py
[2023-03-27T23:18:30.326+0000] {processor.py:743} INFO - Processing file /home/airflow/.local/lib/python3.7/site-packages/airflow/example_dags/example_short_circuit_operator.py for tasks to queue
[2023-03-27T23:18:30.330+0000] {logging_mixin.py:137} INFO - [2023-03-27T23:18:30.329+0000] {dagbag.py:532} INFO - Filling up the DagBag from /home/airflow/.local/lib/python3.7/site-packages/airflow/example_dags/example_short_circuit_operator.py
[2023-03-27T23:18:30.404+0000] {processor.py:753} INFO - DAG(s) dict_keys(['example_short_circuit_operator']) retrieved from /home/airflow/.local/lib/python3.7/site-packages/airflow/example_dags/example_short_circuit_operator.py
[2023-03-27T23:18:30.536+0000] {logging_mixin.py:137} INFO - [2023-03-27T23:18:30.536+0000] {dag.py:2693} INFO - Sync 1 DAGs
[2023-03-27T23:18:30.641+0000] {logging_mixin.py:137} INFO - [2023-03-27T23:18:30.641+0000] {dag.py:3444} INFO - Setting next_dagrun for example_short_circuit_operator to 2023-03-26T23:18:30.640712+00:00, run_after=2023-03-27T23:18:30.640712+00:00
[2023-03-27T23:18:30.683+0000] {processor.py:175} INFO - Processing /home/airflow/.local/lib/python3.7/site-packages/airflow/example_dags/example_short_circuit_operator.py took 0.385 seconds
[2023-03-27T23:19:00.827+0000] {processor.py:153} INFO - Started process (PID=916) to work on /home/airflow/.local/lib/python3.7/site-packages/airflow/example_dags/example_short_circuit_operator.py
[2023-03-27T23:19:00.831+0000] {processor.py:743} INFO - Processing file /home/airflow/.local/lib/python3.7/site-packages/airflow/example_dags/example_short_circuit_operator.py for tasks to queue
[2023-03-27T23:19:00.837+0000] {logging_mixin.py:137} INFO - [2023-03-27T23:19:00.837+0000] {dagbag.py:532} INFO - Filling up the DagBag from /home/airflow/.local/lib/python3.7/site-packages/airflow/example_dags/example_short_circuit_operator.py
[2023-03-27T23:19:00.906+0000] {processor.py:753} INFO - DAG(s) dict_keys(['example_short_circuit_operator']) retrieved from /home/airflow/.local/lib/python3.7/site-packages/airflow/example_dags/example_short_circuit_operator.py
[2023-03-27T23:19:00.975+0000] {logging_mixin.py:137} INFO - [2023-03-27T23:19:00.975+0000] {dag.py:2693} INFO - Sync 1 DAGs
[2023-03-27T23:19:01.038+0000] {logging_mixin.py:137} INFO - [2023-03-27T23:19:01.038+0000] {dag.py:3444} INFO - Setting next_dagrun for example_short_circuit_operator to 2023-03-26T23:19:01.037519+00:00, run_after=2023-03-27T23:19:01.037519+00:00
[2023-03-27T23:19:01.087+0000] {processor.py:175} INFO - Processing /home/airflow/.local/lib/python3.7/site-packages/airflow/example_dags/example_short_circuit_operator.py took 0.272 seconds
[2023-03-27T23:19:31.324+0000] {processor.py:153} INFO - Started process (PID=965) to work on /home/airflow/.local/lib/python3.7/site-packages/airflow/example_dags/example_short_circuit_operator.py
[2023-03-27T23:19:31.327+0000] {processor.py:743} INFO - Processing file /home/airflow/.local/lib/python3.7/site-packages/airflow/example_dags/example_short_circuit_operator.py for tasks to queue
[2023-03-27T23:19:31.330+0000] {logging_mixin.py:137} INFO - [2023-03-27T23:19:31.330+0000] {dagbag.py:532} INFO - Filling up the DagBag from /home/airflow/.local/lib/python3.7/site-packages/airflow/example_dags/example_short_circuit_operator.py
[2023-03-27T23:19:31.373+0000] {processor.py:753} INFO - DAG(s) dict_keys(['example_short_circuit_operator']) retrieved from /home/airflow/.local/lib/python3.7/site-packages/airflow/example_dags/example_short_circuit_operator.py
[2023-03-27T23:19:31.452+0000] {logging_mixin.py:137} INFO - [2023-03-27T23:19:31.448+0000] {dag.py:2693} INFO - Sync 1 DAGs
[2023-03-27T23:19:31.529+0000] {logging_mixin.py:137} INFO - [2023-03-27T23:19:31.529+0000] {dag.py:3444} INFO - Setting next_dagrun for example_short_circuit_operator to 2023-03-26T23:19:31.528605+00:00, run_after=2023-03-27T23:19:31.528605+00:00
[2023-03-27T23:19:31.568+0000] {processor.py:175} INFO - Processing /home/airflow/.local/lib/python3.7/site-packages/airflow/example_dags/example_short_circuit_operator.py took 0.253 seconds
[2023-03-27T23:20:02.066+0000] {processor.py:153} INFO - Started process (PID=1014) to work on /home/airflow/.local/lib/python3.7/site-packages/airflow/example_dags/example_short_circuit_operator.py
[2023-03-27T23:20:02.069+0000] {processor.py:743} INFO - Processing file /home/airflow/.local/lib/python3.7/site-packages/airflow/example_dags/example_short_circuit_operator.py for tasks to queue
[2023-03-27T23:20:02.073+0000] {logging_mixin.py:137} INFO - [2023-03-27T23:20:02.072+0000] {dagbag.py:532} INFO - Filling up the DagBag from /home/airflow/.local/lib/python3.7/site-packages/airflow/example_dags/example_short_circuit_operator.py
[2023-03-27T23:20:02.105+0000] {processor.py:753} INFO - DAG(s) dict_keys(['example_short_circuit_operator']) retrieved from /home/airflow/.local/lib/python3.7/site-packages/airflow/example_dags/example_short_circuit_operator.py
[2023-03-27T23:20:02.161+0000] {logging_mixin.py:137} INFO - [2023-03-27T23:20:02.161+0000] {dag.py:2693} INFO - Sync 1 DAGs
[2023-03-27T23:20:02.210+0000] {logging_mixin.py:137} INFO - [2023-03-27T23:20:02.210+0000] {dag.py:3444} INFO - Setting next_dagrun for example_short_circuit_operator to 2023-03-26T23:20:02.210036+00:00, run_after=2023-03-27T23:20:02.210036+00:00
[2023-03-27T23:20:02.256+0000] {processor.py:175} INFO - Processing /home/airflow/.local/lib/python3.7/site-packages/airflow/example_dags/example_short_circuit_operator.py took 0.196 seconds
[2023-03-27T23:20:32.418+0000] {processor.py:153} INFO - Started process (PID=1063) to work on /home/airflow/.local/lib/python3.7/site-packages/airflow/example_dags/example_short_circuit_operator.py
[2023-03-27T23:20:32.423+0000] {processor.py:743} INFO - Processing file /home/airflow/.local/lib/python3.7/site-packages/airflow/example_dags/example_short_circuit_operator.py for tasks to queue
[2023-03-27T23:20:32.426+0000] {logging_mixin.py:137} INFO - [2023-03-27T23:20:32.426+0000] {dagbag.py:532} INFO - Filling up the DagBag from /home/airflow/.local/lib/python3.7/site-packages/airflow/example_dags/example_short_circuit_operator.py
[2023-03-27T23:20:32.458+0000] {processor.py:753} INFO - DAG(s) dict_keys(['example_short_circuit_operator']) retrieved from /home/airflow/.local/lib/python3.7/site-packages/airflow/example_dags/example_short_circuit_operator.py
[2023-03-27T23:20:32.512+0000] {logging_mixin.py:137} INFO - [2023-03-27T23:20:32.512+0000] {dag.py:2693} INFO - Sync 1 DAGs
[2023-03-27T23:20:32.565+0000] {logging_mixin.py:137} INFO - [2023-03-27T23:20:32.564+0000] {dag.py:3444} INFO - Setting next_dagrun for example_short_circuit_operator to 2023-03-26T23:20:32.564406+00:00, run_after=2023-03-27T23:20:32.564406+00:00
[2023-03-27T23:20:32.620+0000] {processor.py:175} INFO - Processing /home/airflow/.local/lib/python3.7/site-packages/airflow/example_dags/example_short_circuit_operator.py took 0.211 seconds
[2023-03-27T23:21:03.782+0000] {processor.py:153} INFO - Started process (PID=1112) to work on /home/airflow/.local/lib/python3.7/site-packages/airflow/example_dags/example_short_circuit_operator.py
[2023-03-27T23:21:03.789+0000] {processor.py:743} INFO - Processing file /home/airflow/.local/lib/python3.7/site-packages/airflow/example_dags/example_short_circuit_operator.py for tasks to queue
[2023-03-27T23:21:03.802+0000] {logging_mixin.py:137} INFO - [2023-03-27T23:21:03.802+0000] {dagbag.py:532} INFO - Filling up the DagBag from /home/airflow/.local/lib/python3.7/site-packages/airflow/example_dags/example_short_circuit_operator.py
[2023-03-27T23:21:03.869+0000] {processor.py:753} INFO - DAG(s) dict_keys(['example_short_circuit_operator']) retrieved from /home/airflow/.local/lib/python3.7/site-packages/airflow/example_dags/example_short_circuit_operator.py
[2023-03-27T23:21:04.035+0000] {logging_mixin.py:137} INFO - [2023-03-27T23:21:04.035+0000] {dag.py:2693} INFO - Sync 1 DAGs
[2023-03-27T23:21:04.191+0000] {logging_mixin.py:137} INFO - [2023-03-27T23:21:04.191+0000] {dag.py:3444} INFO - Setting next_dagrun for example_short_circuit_operator to 2023-03-26T23:21:04.190790+00:00, run_after=2023-03-27T23:21:04.190790+00:00
[2023-03-27T23:21:04.262+0000] {processor.py:175} INFO - Processing /home/airflow/.local/lib/python3.7/site-packages/airflow/example_dags/example_short_circuit_operator.py took 0.511 seconds
[2023-03-27T23:21:34.418+0000] {processor.py:153} INFO - Started process (PID=1161) to work on /home/airflow/.local/lib/python3.7/site-packages/airflow/example_dags/example_short_circuit_operator.py
[2023-03-27T23:21:34.422+0000] {processor.py:743} INFO - Processing file /home/airflow/.local/lib/python3.7/site-packages/airflow/example_dags/example_short_circuit_operator.py for tasks to queue
[2023-03-27T23:21:34.426+0000] {logging_mixin.py:137} INFO - [2023-03-27T23:21:34.425+0000] {dagbag.py:532} INFO - Filling up the DagBag from /home/airflow/.local/lib/python3.7/site-packages/airflow/example_dags/example_short_circuit_operator.py
[2023-03-27T23:21:34.464+0000] {processor.py:753} INFO - DAG(s) dict_keys(['example_short_circuit_operator']) retrieved from /home/airflow/.local/lib/python3.7/site-packages/airflow/example_dags/example_short_circuit_operator.py
[2023-03-27T23:21:34.520+0000] {logging_mixin.py:137} INFO - [2023-03-27T23:21:34.520+0000] {dag.py:2693} INFO - Sync 1 DAGs
[2023-03-27T23:21:34.573+0000] {logging_mixin.py:137} INFO - [2023-03-27T23:21:34.573+0000] {dag.py:3444} INFO - Setting next_dagrun for example_short_circuit_operator to 2023-03-26T23:21:34.573285+00:00, run_after=2023-03-27T23:21:34.573285+00:00
[2023-03-27T23:21:34.619+0000] {processor.py:175} INFO - Processing /home/airflow/.local/lib/python3.7/site-packages/airflow/example_dags/example_short_circuit_operator.py took 0.210 seconds
[2023-03-27T23:22:05.186+0000] {processor.py:153} INFO - Started process (PID=1211) to work on /home/airflow/.local/lib/python3.7/site-packages/airflow/example_dags/example_short_circuit_operator.py
[2023-03-27T23:22:05.190+0000] {processor.py:743} INFO - Processing file /home/airflow/.local/lib/python3.7/site-packages/airflow/example_dags/example_short_circuit_operator.py for tasks to queue
[2023-03-27T23:22:05.194+0000] {logging_mixin.py:137} INFO - [2023-03-27T23:22:05.194+0000] {dagbag.py:532} INFO - Filling up the DagBag from /home/airflow/.local/lib/python3.7/site-packages/airflow/example_dags/example_short_circuit_operator.py
[2023-03-27T23:22:05.244+0000] {processor.py:753} INFO - DAG(s) dict_keys(['example_short_circuit_operator']) retrieved from /home/airflow/.local/lib/python3.7/site-packages/airflow/example_dags/example_short_circuit_operator.py
[2023-03-27T23:22:05.318+0000] {logging_mixin.py:137} INFO - [2023-03-27T23:22:05.318+0000] {dag.py:2693} INFO - Sync 1 DAGs
[2023-03-27T23:22:05.387+0000] {logging_mixin.py:137} INFO - [2023-03-27T23:22:05.386+0000] {dag.py:3444} INFO - Setting next_dagrun for example_short_circuit_operator to 2023-03-26T23:22:05.386565+00:00, run_after=2023-03-27T23:22:05.386565+00:00
[2023-03-27T23:22:05.439+0000] {processor.py:175} INFO - Processing /home/airflow/.local/lib/python3.7/site-packages/airflow/example_dags/example_short_circuit_operator.py took 0.263 seconds
[2023-03-27T23:22:36.224+0000] {processor.py:153} INFO - Started process (PID=1259) to work on /home/airflow/.local/lib/python3.7/site-packages/airflow/example_dags/example_short_circuit_operator.py
[2023-03-27T23:22:36.228+0000] {processor.py:743} INFO - Processing file /home/airflow/.local/lib/python3.7/site-packages/airflow/example_dags/example_short_circuit_operator.py for tasks to queue
[2023-03-27T23:22:36.231+0000] {logging_mixin.py:137} INFO - [2023-03-27T23:22:36.230+0000] {dagbag.py:532} INFO - Filling up the DagBag from /home/airflow/.local/lib/python3.7/site-packages/airflow/example_dags/example_short_circuit_operator.py
[2023-03-27T23:22:36.298+0000] {processor.py:753} INFO - DAG(s) dict_keys(['example_short_circuit_operator']) retrieved from /home/airflow/.local/lib/python3.7/site-packages/airflow/example_dags/example_short_circuit_operator.py
[2023-03-27T23:22:36.433+0000] {logging_mixin.py:137} INFO - [2023-03-27T23:22:36.433+0000] {dag.py:2693} INFO - Sync 1 DAGs
[2023-03-27T23:22:36.524+0000] {logging_mixin.py:137} INFO - [2023-03-27T23:22:36.523+0000] {dag.py:3444} INFO - Setting next_dagrun for example_short_circuit_operator to 2023-03-26T23:22:36.523321+00:00, run_after=2023-03-27T23:22:36.523321+00:00
[2023-03-27T23:22:36.586+0000] {processor.py:175} INFO - Processing /home/airflow/.local/lib/python3.7/site-packages/airflow/example_dags/example_short_circuit_operator.py took 0.379 seconds
[2023-03-27T23:23:08.113+0000] {processor.py:153} INFO - Started process (PID=1309) to work on /home/airflow/.local/lib/python3.7/site-packages/airflow/example_dags/example_short_circuit_operator.py
[2023-03-27T23:23:08.126+0000] {processor.py:743} INFO - Processing file /home/airflow/.local/lib/python3.7/site-packages/airflow/example_dags/example_short_circuit_operator.py for tasks to queue
[2023-03-27T23:23:08.139+0000] {logging_mixin.py:137} INFO - [2023-03-27T23:23:08.139+0000] {dagbag.py:532} INFO - Filling up the DagBag from /home/airflow/.local/lib/python3.7/site-packages/airflow/example_dags/example_short_circuit_operator.py
[2023-03-27T23:23:08.224+0000] {processor.py:753} INFO - DAG(s) dict_keys(['example_short_circuit_operator']) retrieved from /home/airflow/.local/lib/python3.7/site-packages/airflow/example_dags/example_short_circuit_operator.py
[2023-03-27T23:23:08.326+0000] {logging_mixin.py:137} INFO - [2023-03-27T23:23:08.325+0000] {dag.py:2693} INFO - Sync 1 DAGs
[2023-03-27T23:23:08.435+0000] {logging_mixin.py:137} INFO - [2023-03-27T23:23:08.435+0000] {dag.py:3444} INFO - Setting next_dagrun for example_short_circuit_operator to 2023-03-26T23:23:08.434587+00:00, run_after=2023-03-27T23:23:08.434587+00:00
[2023-03-27T23:23:08.509+0000] {processor.py:175} INFO - Processing /home/airflow/.local/lib/python3.7/site-packages/airflow/example_dags/example_short_circuit_operator.py took 0.433 seconds
[2023-03-27T23:23:39.068+0000] {processor.py:153} INFO - Started process (PID=1358) to work on /home/airflow/.local/lib/python3.7/site-packages/airflow/example_dags/example_short_circuit_operator.py
[2023-03-27T23:23:39.071+0000] {processor.py:743} INFO - Processing file /home/airflow/.local/lib/python3.7/site-packages/airflow/example_dags/example_short_circuit_operator.py for tasks to queue
[2023-03-27T23:23:39.075+0000] {logging_mixin.py:137} INFO - [2023-03-27T23:23:39.075+0000] {dagbag.py:532} INFO - Filling up the DagBag from /home/airflow/.local/lib/python3.7/site-packages/airflow/example_dags/example_short_circuit_operator.py
[2023-03-27T23:23:39.117+0000] {processor.py:753} INFO - DAG(s) dict_keys(['example_short_circuit_operator']) retrieved from /home/airflow/.local/lib/python3.7/site-packages/airflow/example_dags/example_short_circuit_operator.py
[2023-03-27T23:23:39.203+0000] {logging_mixin.py:137} INFO - [2023-03-27T23:23:39.203+0000] {dag.py:2693} INFO - Sync 1 DAGs
[2023-03-27T23:23:39.263+0000] {logging_mixin.py:137} INFO - [2023-03-27T23:23:39.263+0000] {dag.py:3444} INFO - Setting next_dagrun for example_short_circuit_operator to 2023-03-26T23:23:39.262764+00:00, run_after=2023-03-27T23:23:39.262764+00:00
[2023-03-27T23:23:39.306+0000] {processor.py:175} INFO - Processing /home/airflow/.local/lib/python3.7/site-packages/airflow/example_dags/example_short_circuit_operator.py took 0.249 seconds
[2023-03-27T23:24:09.557+0000] {processor.py:153} INFO - Started process (PID=1407) to work on /home/airflow/.local/lib/python3.7/site-packages/airflow/example_dags/example_short_circuit_operator.py
[2023-03-27T23:24:09.561+0000] {processor.py:743} INFO - Processing file /home/airflow/.local/lib/python3.7/site-packages/airflow/example_dags/example_short_circuit_operator.py for tasks to queue
[2023-03-27T23:24:09.565+0000] {logging_mixin.py:137} INFO - [2023-03-27T23:24:09.565+0000] {dagbag.py:532} INFO - Filling up the DagBag from /home/airflow/.local/lib/python3.7/site-packages/airflow/example_dags/example_short_circuit_operator.py
[2023-03-27T23:24:09.607+0000] {processor.py:753} INFO - DAG(s) dict_keys(['example_short_circuit_operator']) retrieved from /home/airflow/.local/lib/python3.7/site-packages/airflow/example_dags/example_short_circuit_operator.py
[2023-03-27T23:24:09.706+0000] {logging_mixin.py:137} INFO - [2023-03-27T23:24:09.706+0000] {dag.py:2693} INFO - Sync 1 DAGs
[2023-03-27T23:24:09.764+0000] {logging_mixin.py:137} INFO - [2023-03-27T23:24:09.764+0000] {dag.py:3444} INFO - Setting next_dagrun for example_short_circuit_operator to 2023-03-26T23:24:09.764155+00:00, run_after=2023-03-27T23:24:09.764155+00:00
[2023-03-27T23:24:09.814+0000] {processor.py:175} INFO - Processing /home/airflow/.local/lib/python3.7/site-packages/airflow/example_dags/example_short_circuit_operator.py took 0.267 seconds
[2023-03-27T23:24:40.327+0000] {processor.py:153} INFO - Started process (PID=1457) to work on /home/airflow/.local/lib/python3.7/site-packages/airflow/example_dags/example_short_circuit_operator.py
[2023-03-27T23:24:40.333+0000] {processor.py:743} INFO - Processing file /home/airflow/.local/lib/python3.7/site-packages/airflow/example_dags/example_short_circuit_operator.py for tasks to queue
[2023-03-27T23:24:40.341+0000] {logging_mixin.py:137} INFO - [2023-03-27T23:24:40.341+0000] {dagbag.py:532} INFO - Filling up the DagBag from /home/airflow/.local/lib/python3.7/site-packages/airflow/example_dags/example_short_circuit_operator.py
[2023-03-27T23:24:40.380+0000] {processor.py:753} INFO - DAG(s) dict_keys(['example_short_circuit_operator']) retrieved from /home/airflow/.local/lib/python3.7/site-packages/airflow/example_dags/example_short_circuit_operator.py
[2023-03-27T23:24:40.431+0000] {logging_mixin.py:137} INFO - [2023-03-27T23:24:40.431+0000] {dag.py:2693} INFO - Sync 1 DAGs
[2023-03-27T23:24:40.496+0000] {logging_mixin.py:137} INFO - [2023-03-27T23:24:40.495+0000] {dag.py:3444} INFO - Setting next_dagrun for example_short_circuit_operator to 2023-03-26T23:24:40.494134+00:00, run_after=2023-03-27T23:24:40.494134+00:00
[2023-03-27T23:24:40.536+0000] {processor.py:175} INFO - Processing /home/airflow/.local/lib/python3.7/site-packages/airflow/example_dags/example_short_circuit_operator.py took 0.225 seconds
[2023-03-27T23:54:58.752+0000] {processor.py:153} INFO - Started process (PID=1502) to work on /home/airflow/.local/lib/python3.7/site-packages/airflow/example_dags/example_short_circuit_operator.py
[2023-03-27T23:54:58.767+0000] {processor.py:743} INFO - Processing file /home/airflow/.local/lib/python3.7/site-packages/airflow/example_dags/example_short_circuit_operator.py for tasks to queue
[2023-03-27T23:54:58.778+0000] {logging_mixin.py:137} INFO - [2023-03-27T23:54:58.776+0000] {dagbag.py:532} INFO - Filling up the DagBag from /home/airflow/.local/lib/python3.7/site-packages/airflow/example_dags/example_short_circuit_operator.py
[2023-03-27T23:54:58.855+0000] {processor.py:753} INFO - DAG(s) dict_keys(['example_short_circuit_operator']) retrieved from /home/airflow/.local/lib/python3.7/site-packages/airflow/example_dags/example_short_circuit_operator.py
[2023-03-27T23:54:58.928+0000] {logging_mixin.py:137} INFO - [2023-03-27T23:54:58.927+0000] {dag.py:2693} INFO - Sync 1 DAGs
[2023-03-27T23:54:58.990+0000] {logging_mixin.py:137} INFO - [2023-03-27T23:54:58.989+0000] {dag.py:3444} INFO - Setting next_dagrun for example_short_circuit_operator to 2023-03-26T23:54:58.989273+00:00, run_after=2023-03-27T23:54:58.989273+00:00
[2023-03-27T23:54:59.042+0000] {processor.py:175} INFO - Processing /home/airflow/.local/lib/python3.7/site-packages/airflow/example_dags/example_short_circuit_operator.py took 0.305 seconds
[2023-03-27T23:55:30.419+0000] {processor.py:153} INFO - Started process (PID=1550) to work on /home/airflow/.local/lib/python3.7/site-packages/airflow/example_dags/example_short_circuit_operator.py
[2023-03-27T23:55:30.424+0000] {processor.py:743} INFO - Processing file /home/airflow/.local/lib/python3.7/site-packages/airflow/example_dags/example_short_circuit_operator.py for tasks to queue
[2023-03-27T23:55:30.429+0000] {logging_mixin.py:137} INFO - [2023-03-27T23:55:30.428+0000] {dagbag.py:532} INFO - Filling up the DagBag from /home/airflow/.local/lib/python3.7/site-packages/airflow/example_dags/example_short_circuit_operator.py
[2023-03-27T23:55:30.468+0000] {processor.py:753} INFO - DAG(s) dict_keys(['example_short_circuit_operator']) retrieved from /home/airflow/.local/lib/python3.7/site-packages/airflow/example_dags/example_short_circuit_operator.py
[2023-03-27T23:55:30.534+0000] {logging_mixin.py:137} INFO - [2023-03-27T23:55:30.534+0000] {dag.py:2693} INFO - Sync 1 DAGs
[2023-03-27T23:55:30.610+0000] {logging_mixin.py:137} INFO - [2023-03-27T23:55:30.609+0000] {dag.py:3444} INFO - Setting next_dagrun for example_short_circuit_operator to 2023-03-26T23:55:30.606966+00:00, run_after=2023-03-27T23:55:30.606966+00:00
[2023-03-27T23:55:30.661+0000] {processor.py:175} INFO - Processing /home/airflow/.local/lib/python3.7/site-packages/airflow/example_dags/example_short_circuit_operator.py took 0.252 seconds
[2023-03-27T23:56:03.540+0000] {processor.py:153} INFO - Started process (PID=1599) to work on /home/airflow/.local/lib/python3.7/site-packages/airflow/example_dags/example_short_circuit_operator.py
[2023-03-27T23:56:03.544+0000] {processor.py:743} INFO - Processing file /home/airflow/.local/lib/python3.7/site-packages/airflow/example_dags/example_short_circuit_operator.py for tasks to queue
[2023-03-27T23:56:03.556+0000] {logging_mixin.py:137} INFO - [2023-03-27T23:56:03.555+0000] {dagbag.py:532} INFO - Filling up the DagBag from /home/airflow/.local/lib/python3.7/site-packages/airflow/example_dags/example_short_circuit_operator.py
[2023-03-27T23:56:03.636+0000] {processor.py:753} INFO - DAG(s) dict_keys(['example_short_circuit_operator']) retrieved from /home/airflow/.local/lib/python3.7/site-packages/airflow/example_dags/example_short_circuit_operator.py
[2023-03-27T23:56:03.838+0000] {logging_mixin.py:137} INFO - [2023-03-27T23:56:03.838+0000] {dag.py:2693} INFO - Sync 1 DAGs
[2023-03-27T23:56:04.021+0000] {logging_mixin.py:137} INFO - [2023-03-27T23:56:04.020+0000] {dag.py:3444} INFO - Setting next_dagrun for example_short_circuit_operator to 2023-03-26T23:56:04.020054+00:00, run_after=2023-03-27T23:56:04.020054+00:00
[2023-03-27T23:56:04.173+0000] {processor.py:175} INFO - Processing /home/airflow/.local/lib/python3.7/site-packages/airflow/example_dags/example_short_circuit_operator.py took 0.662 seconds
[2023-03-27T23:56:34.503+0000] {processor.py:153} INFO - Started process (PID=1648) to work on /home/airflow/.local/lib/python3.7/site-packages/airflow/example_dags/example_short_circuit_operator.py
[2023-03-27T23:56:34.506+0000] {processor.py:743} INFO - Processing file /home/airflow/.local/lib/python3.7/site-packages/airflow/example_dags/example_short_circuit_operator.py for tasks to queue
[2023-03-27T23:56:34.510+0000] {logging_mixin.py:137} INFO - [2023-03-27T23:56:34.509+0000] {dagbag.py:532} INFO - Filling up the DagBag from /home/airflow/.local/lib/python3.7/site-packages/airflow/example_dags/example_short_circuit_operator.py
[2023-03-27T23:56:34.544+0000] {processor.py:753} INFO - DAG(s) dict_keys(['example_short_circuit_operator']) retrieved from /home/airflow/.local/lib/python3.7/site-packages/airflow/example_dags/example_short_circuit_operator.py
[2023-03-27T23:56:34.599+0000] {logging_mixin.py:137} INFO - [2023-03-27T23:56:34.599+0000] {dag.py:2693} INFO - Sync 1 DAGs
[2023-03-27T23:56:34.817+0000] {logging_mixin.py:137} INFO - [2023-03-27T23:56:34.817+0000] {dag.py:3444} INFO - Setting next_dagrun for example_short_circuit_operator to 2023-03-26T23:56:34.817046+00:00, run_after=2023-03-27T23:56:34.817046+00:00
[2023-03-27T23:56:34.854+0000] {processor.py:175} INFO - Processing /home/airflow/.local/lib/python3.7/site-packages/airflow/example_dags/example_short_circuit_operator.py took 0.361 seconds
[2023-03-27T23:57:05.102+0000] {processor.py:153} INFO - Started process (PID=1697) to work on /home/airflow/.local/lib/python3.7/site-packages/airflow/example_dags/example_short_circuit_operator.py
[2023-03-27T23:57:05.106+0000] {processor.py:743} INFO - Processing file /home/airflow/.local/lib/python3.7/site-packages/airflow/example_dags/example_short_circuit_operator.py for tasks to queue
[2023-03-27T23:57:05.109+0000] {logging_mixin.py:137} INFO - [2023-03-27T23:57:05.109+0000] {dagbag.py:532} INFO - Filling up the DagBag from /home/airflow/.local/lib/python3.7/site-packages/airflow/example_dags/example_short_circuit_operator.py
[2023-03-27T23:57:05.148+0000] {processor.py:753} INFO - DAG(s) dict_keys(['example_short_circuit_operator']) retrieved from /home/airflow/.local/lib/python3.7/site-packages/airflow/example_dags/example_short_circuit_operator.py
[2023-03-27T23:57:05.262+0000] {logging_mixin.py:137} INFO - [2023-03-27T23:57:05.262+0000] {dag.py:2693} INFO - Sync 1 DAGs
[2023-03-27T23:57:05.350+0000] {logging_mixin.py:137} INFO - [2023-03-27T23:57:05.350+0000] {dag.py:3444} INFO - Setting next_dagrun for example_short_circuit_operator to 2023-03-26T23:57:05.349667+00:00, run_after=2023-03-27T23:57:05.349667+00:00
[2023-03-27T23:57:05.398+0000] {processor.py:175} INFO - Processing /home/airflow/.local/lib/python3.7/site-packages/airflow/example_dags/example_short_circuit_operator.py took 0.306 seconds
[2023-03-27T23:57:35.602+0000] {processor.py:153} INFO - Started process (PID=1746) to work on /home/airflow/.local/lib/python3.7/site-packages/airflow/example_dags/example_short_circuit_operator.py
[2023-03-27T23:57:35.605+0000] {processor.py:743} INFO - Processing file /home/airflow/.local/lib/python3.7/site-packages/airflow/example_dags/example_short_circuit_operator.py for tasks to queue
[2023-03-27T23:57:35.609+0000] {logging_mixin.py:137} INFO - [2023-03-27T23:57:35.608+0000] {dagbag.py:532} INFO - Filling up the DagBag from /home/airflow/.local/lib/python3.7/site-packages/airflow/example_dags/example_short_circuit_operator.py
[2023-03-27T23:57:35.652+0000] {processor.py:753} INFO - DAG(s) dict_keys(['example_short_circuit_operator']) retrieved from /home/airflow/.local/lib/python3.7/site-packages/airflow/example_dags/example_short_circuit_operator.py
[2023-03-27T23:57:35.764+0000] {logging_mixin.py:137} INFO - [2023-03-27T23:57:35.763+0000] {dag.py:2693} INFO - Sync 1 DAGs
[2023-03-27T23:57:35.838+0000] {logging_mixin.py:137} INFO - [2023-03-27T23:57:35.837+0000] {dag.py:3444} INFO - Setting next_dagrun for example_short_circuit_operator to 2023-03-26T23:57:35.836957+00:00, run_after=2023-03-27T23:57:35.836957+00:00
[2023-03-27T23:57:35.907+0000] {processor.py:175} INFO - Processing /home/airflow/.local/lib/python3.7/site-packages/airflow/example_dags/example_short_circuit_operator.py took 0.315 seconds
[2023-03-27T23:58:06.165+0000] {processor.py:153} INFO - Started process (PID=1795) to work on /home/airflow/.local/lib/python3.7/site-packages/airflow/example_dags/example_short_circuit_operator.py
[2023-03-27T23:58:06.170+0000] {processor.py:743} INFO - Processing file /home/airflow/.local/lib/python3.7/site-packages/airflow/example_dags/example_short_circuit_operator.py for tasks to queue
[2023-03-27T23:58:06.174+0000] {logging_mixin.py:137} INFO - [2023-03-27T23:58:06.173+0000] {dagbag.py:532} INFO - Filling up the DagBag from /home/airflow/.local/lib/python3.7/site-packages/airflow/example_dags/example_short_circuit_operator.py
[2023-03-27T23:58:06.210+0000] {processor.py:753} INFO - DAG(s) dict_keys(['example_short_circuit_operator']) retrieved from /home/airflow/.local/lib/python3.7/site-packages/airflow/example_dags/example_short_circuit_operator.py
[2023-03-27T23:58:06.290+0000] {logging_mixin.py:137} INFO - [2023-03-27T23:58:06.289+0000] {dag.py:2693} INFO - Sync 1 DAGs
[2023-03-27T23:58:06.374+0000] {logging_mixin.py:137} INFO - [2023-03-27T23:58:06.374+0000] {dag.py:3444} INFO - Setting next_dagrun for example_short_circuit_operator to 2023-03-26T23:58:06.374222+00:00, run_after=2023-03-27T23:58:06.374222+00:00
[2023-03-27T23:58:06.412+0000] {processor.py:175} INFO - Processing /home/airflow/.local/lib/python3.7/site-packages/airflow/example_dags/example_short_circuit_operator.py took 0.255 seconds
[2023-03-27T23:58:37.529+0000] {processor.py:153} INFO - Started process (PID=1845) to work on /home/airflow/.local/lib/python3.7/site-packages/airflow/example_dags/example_short_circuit_operator.py
[2023-03-27T23:58:37.532+0000] {processor.py:743} INFO - Processing file /home/airflow/.local/lib/python3.7/site-packages/airflow/example_dags/example_short_circuit_operator.py for tasks to queue
[2023-03-27T23:58:37.536+0000] {logging_mixin.py:137} INFO - [2023-03-27T23:58:37.536+0000] {dagbag.py:532} INFO - Filling up the DagBag from /home/airflow/.local/lib/python3.7/site-packages/airflow/example_dags/example_short_circuit_operator.py
[2023-03-27T23:58:37.573+0000] {processor.py:753} INFO - DAG(s) dict_keys(['example_short_circuit_operator']) retrieved from /home/airflow/.local/lib/python3.7/site-packages/airflow/example_dags/example_short_circuit_operator.py
[2023-03-27T23:58:37.632+0000] {logging_mixin.py:137} INFO - [2023-03-27T23:58:37.631+0000] {dag.py:2693} INFO - Sync 1 DAGs
[2023-03-27T23:58:37.901+0000] {logging_mixin.py:137} INFO - [2023-03-27T23:58:37.901+0000] {dag.py:3444} INFO - Setting next_dagrun for example_short_circuit_operator to 2023-03-26T23:58:37.900854+00:00, run_after=2023-03-27T23:58:37.900854+00:00
[2023-03-27T23:58:37.941+0000] {processor.py:175} INFO - Processing /home/airflow/.local/lib/python3.7/site-packages/airflow/example_dags/example_short_circuit_operator.py took 0.425 seconds
[2023-03-27T23:59:08.413+0000] {processor.py:153} INFO - Started process (PID=1894) to work on /home/airflow/.local/lib/python3.7/site-packages/airflow/example_dags/example_short_circuit_operator.py
[2023-03-27T23:59:08.417+0000] {processor.py:743} INFO - Processing file /home/airflow/.local/lib/python3.7/site-packages/airflow/example_dags/example_short_circuit_operator.py for tasks to queue
[2023-03-27T23:59:08.421+0000] {logging_mixin.py:137} INFO - [2023-03-27T23:59:08.421+0000] {dagbag.py:532} INFO - Filling up the DagBag from /home/airflow/.local/lib/python3.7/site-packages/airflow/example_dags/example_short_circuit_operator.py
[2023-03-27T23:59:08.477+0000] {processor.py:753} INFO - DAG(s) dict_keys(['example_short_circuit_operator']) retrieved from /home/airflow/.local/lib/python3.7/site-packages/airflow/example_dags/example_short_circuit_operator.py
[2023-03-27T23:59:08.638+0000] {logging_mixin.py:137} INFO - [2023-03-27T23:59:08.638+0000] {dag.py:2693} INFO - Sync 1 DAGs
[2023-03-27T23:59:08.688+0000] {logging_mixin.py:137} INFO - [2023-03-27T23:59:08.688+0000] {dag.py:3444} INFO - Setting next_dagrun for example_short_circuit_operator to 2023-03-26T23:59:08.687486+00:00, run_after=2023-03-27T23:59:08.687486+00:00
[2023-03-27T23:59:08.733+0000] {processor.py:175} INFO - Processing /home/airflow/.local/lib/python3.7/site-packages/airflow/example_dags/example_short_circuit_operator.py took 0.333 seconds
[2023-03-27T23:59:42.745+0000] {processor.py:153} INFO - Started process (PID=1943) to work on /home/airflow/.local/lib/python3.7/site-packages/airflow/example_dags/example_short_circuit_operator.py
[2023-03-27T23:59:42.765+0000] {processor.py:743} INFO - Processing file /home/airflow/.local/lib/python3.7/site-packages/airflow/example_dags/example_short_circuit_operator.py for tasks to queue
[2023-03-27T23:59:42.794+0000] {logging_mixin.py:137} INFO - [2023-03-27T23:59:42.793+0000] {dagbag.py:532} INFO - Filling up the DagBag from /home/airflow/.local/lib/python3.7/site-packages/airflow/example_dags/example_short_circuit_operator.py
[2023-03-27T23:59:43.170+0000] {processor.py:753} INFO - DAG(s) dict_keys(['example_short_circuit_operator']) retrieved from /home/airflow/.local/lib/python3.7/site-packages/airflow/example_dags/example_short_circuit_operator.py
[2023-03-27T23:59:44.316+0000] {logging_mixin.py:137} INFO - [2023-03-27T23:59:44.314+0000] {dag.py:2693} INFO - Sync 1 DAGs
[2023-03-27T23:59:45.411+0000] {logging_mixin.py:137} INFO - [2023-03-27T23:59:45.411+0000] {dag.py:3444} INFO - Setting next_dagrun for example_short_circuit_operator to 2023-03-26T23:59:45.355808+00:00, run_after=2023-03-27T23:59:45.355808+00:00
[2023-03-27T23:59:45.838+0000] {processor.py:175} INFO - Processing /home/airflow/.local/lib/python3.7/site-packages/airflow/example_dags/example_short_circuit_operator.py took 3.186 seconds
