[2023-03-27T11:51:02.621+0000] {processor.py:153} INFO - Started process (PID=145) to work on /home/airflow/.local/lib/python3.7/site-packages/airflow/example_dags/example_branch_day_of_week_operator.py
[2023-03-27T11:51:02.633+0000] {processor.py:743} INFO - Processing file /home/airflow/.local/lib/python3.7/site-packages/airflow/example_dags/example_branch_day_of_week_operator.py for tasks to queue
[2023-03-27T11:51:02.650+0000] {logging_mixin.py:137} INFO - [2023-03-27T11:51:02.650+0000] {dagbag.py:532} INFO - Filling up the DagBag from /home/airflow/.local/lib/python3.7/site-packages/airflow/example_dags/example_branch_day_of_week_operator.py
[2023-03-27T11:51:03.521+0000] {processor.py:753} INFO - DAG(s) dict_keys(['example_weekday_branch_operator']) retrieved from /home/airflow/.local/lib/python3.7/site-packages/airflow/example_dags/example_branch_day_of_week_operator.py
[2023-03-27T11:51:12.879+0000] {logging_mixin.py:137} INFO - [2023-03-27T11:51:12.625+0000] {dag.py:2693} INFO - Sync 1 DAGs
[2023-03-27T11:51:27.860+0000] {logging_mixin.py:137} INFO - [2023-03-27T11:51:27.666+0000] {dag.py:3444} INFO - Setting next_dagrun for example_weekday_branch_operator to 2023-03-26T00:00:00+00:00, run_after=2023-03-27T00:00:00+00:00
[2023-03-27T11:51:32.990+0000] {processor.py:175} INFO - Processing /home/airflow/.local/lib/python3.7/site-packages/airflow/example_dags/example_branch_day_of_week_operator.py took 30.444 seconds
[2023-03-27T13:25:49.955+0000] {processor.py:153} INFO - Started process (PID=214) to work on /home/airflow/.local/lib/python3.7/site-packages/airflow/example_dags/example_branch_day_of_week_operator.py
[2023-03-27T13:25:50.041+0000] {processor.py:743} INFO - Processing file /home/airflow/.local/lib/python3.7/site-packages/airflow/example_dags/example_branch_day_of_week_operator.py for tasks to queue
[2023-03-27T13:25:50.071+0000] {logging_mixin.py:137} INFO - [2023-03-27T13:25:50.071+0000] {dagbag.py:532} INFO - Filling up the DagBag from /home/airflow/.local/lib/python3.7/site-packages/airflow/example_dags/example_branch_day_of_week_operator.py
[2023-03-27T13:25:51.773+0000] {processor.py:753} INFO - DAG(s) dict_keys(['example_weekday_branch_operator']) retrieved from /home/airflow/.local/lib/python3.7/site-packages/airflow/example_dags/example_branch_day_of_week_operator.py
[2023-03-27T13:25:58.546+0000] {logging_mixin.py:137} INFO - [2023-03-27T13:25:58.545+0000] {dag.py:2693} INFO - Sync 1 DAGs
[2023-03-27T13:26:02.862+0000] {logging_mixin.py:137} INFO - [2023-03-27T13:26:02.815+0000] {dag.py:3444} INFO - Setting next_dagrun for example_weekday_branch_operator to 2023-03-26T00:00:00+00:00, run_after=2023-03-27T00:00:00+00:00
[2023-03-27T13:26:11.347+0000] {processor.py:175} INFO - Processing /home/airflow/.local/lib/python3.7/site-packages/airflow/example_dags/example_branch_day_of_week_operator.py took 21.670 seconds
[2023-03-27T13:30:11.124+0000] {processor.py:153} INFO - Started process (PID=335) to work on /home/airflow/.local/lib/python3.7/site-packages/airflow/example_dags/example_branch_day_of_week_operator.py
[2023-03-27T13:30:11.162+0000] {processor.py:743} INFO - Processing file /home/airflow/.local/lib/python3.7/site-packages/airflow/example_dags/example_branch_day_of_week_operator.py for tasks to queue
[2023-03-27T13:30:11.227+0000] {logging_mixin.py:137} INFO - [2023-03-27T13:30:11.227+0000] {dagbag.py:532} INFO - Filling up the DagBag from /home/airflow/.local/lib/python3.7/site-packages/airflow/example_dags/example_branch_day_of_week_operator.py
[2023-03-27T13:30:12.594+0000] {processor.py:753} INFO - DAG(s) dict_keys(['example_weekday_branch_operator']) retrieved from /home/airflow/.local/lib/python3.7/site-packages/airflow/example_dags/example_branch_day_of_week_operator.py
[2023-03-27T13:30:13.252+0000] {logging_mixin.py:137} INFO - [2023-03-27T13:30:13.250+0000] {dag.py:2693} INFO - Sync 1 DAGs
[2023-03-27T13:30:13.573+0000] {logging_mixin.py:137} INFO - [2023-03-27T13:30:13.572+0000] {dag.py:3444} INFO - Setting next_dagrun for example_weekday_branch_operator to 2023-03-26T00:00:00+00:00, run_after=2023-03-27T00:00:00+00:00
[2023-03-27T13:30:13.859+0000] {processor.py:175} INFO - Processing /home/airflow/.local/lib/python3.7/site-packages/airflow/example_dags/example_branch_day_of_week_operator.py took 3.069 seconds
[2023-03-27T13:34:17.450+0000] {processor.py:153} INFO - Started process (PID=452) to work on /home/airflow/.local/lib/python3.7/site-packages/airflow/example_dags/example_branch_day_of_week_operator.py
[2023-03-27T13:34:17.461+0000] {processor.py:743} INFO - Processing file /home/airflow/.local/lib/python3.7/site-packages/airflow/example_dags/example_branch_day_of_week_operator.py for tasks to queue
[2023-03-27T13:34:17.480+0000] {logging_mixin.py:137} INFO - [2023-03-27T13:34:17.480+0000] {dagbag.py:532} INFO - Filling up the DagBag from /home/airflow/.local/lib/python3.7/site-packages/airflow/example_dags/example_branch_day_of_week_operator.py
[2023-03-27T13:34:17.920+0000] {processor.py:753} INFO - DAG(s) dict_keys(['example_weekday_branch_operator']) retrieved from /home/airflow/.local/lib/python3.7/site-packages/airflow/example_dags/example_branch_day_of_week_operator.py
[2023-03-27T13:34:18.625+0000] {logging_mixin.py:137} INFO - [2023-03-27T13:34:18.624+0000] {dag.py:2693} INFO - Sync 1 DAGs
[2023-03-27T13:34:19.766+0000] {logging_mixin.py:137} INFO - [2023-03-27T13:34:19.760+0000] {dag.py:3444} INFO - Setting next_dagrun for example_weekday_branch_operator to 2023-03-26T00:00:00+00:00, run_after=2023-03-27T00:00:00+00:00
[2023-03-27T13:34:20.582+0000] {processor.py:175} INFO - Processing /home/airflow/.local/lib/python3.7/site-packages/airflow/example_dags/example_branch_day_of_week_operator.py took 3.235 seconds
[2023-03-27T13:37:42.656+0000] {processor.py:153} INFO - Started process (PID=555) to work on /home/airflow/.local/lib/python3.7/site-packages/airflow/example_dags/example_branch_day_of_week_operator.py
[2023-03-27T13:37:42.730+0000] {processor.py:743} INFO - Processing file /home/airflow/.local/lib/python3.7/site-packages/airflow/example_dags/example_branch_day_of_week_operator.py for tasks to queue
[2023-03-27T13:37:42.785+0000] {logging_mixin.py:137} INFO - [2023-03-27T13:37:42.765+0000] {dagbag.py:532} INFO - Filling up the DagBag from /home/airflow/.local/lib/python3.7/site-packages/airflow/example_dags/example_branch_day_of_week_operator.py
[2023-03-27T13:37:43.988+0000] {processor.py:753} INFO - DAG(s) dict_keys(['example_weekday_branch_operator']) retrieved from /home/airflow/.local/lib/python3.7/site-packages/airflow/example_dags/example_branch_day_of_week_operator.py
[2023-03-27T13:37:45.303+0000] {logging_mixin.py:137} INFO - [2023-03-27T13:37:45.303+0000] {dag.py:2693} INFO - Sync 1 DAGs
[2023-03-27T13:37:47.559+0000] {logging_mixin.py:137} INFO - [2023-03-27T13:37:47.559+0000] {dag.py:3444} INFO - Setting next_dagrun for example_weekday_branch_operator to 2023-03-26T00:00:00+00:00, run_after=2023-03-27T00:00:00+00:00
[2023-03-27T13:37:48.305+0000] {processor.py:175} INFO - Processing /home/airflow/.local/lib/python3.7/site-packages/airflow/example_dags/example_branch_day_of_week_operator.py took 5.836 seconds
[2023-03-27T13:40:07.139+0000] {processor.py:153} INFO - Started process (PID=638) to work on /home/airflow/.local/lib/python3.7/site-packages/airflow/example_dags/example_branch_day_of_week_operator.py
[2023-03-27T13:40:07.160+0000] {processor.py:743} INFO - Processing file /home/airflow/.local/lib/python3.7/site-packages/airflow/example_dags/example_branch_day_of_week_operator.py for tasks to queue
[2023-03-27T13:40:07.185+0000] {logging_mixin.py:137} INFO - [2023-03-27T13:40:07.184+0000] {dagbag.py:532} INFO - Filling up the DagBag from /home/airflow/.local/lib/python3.7/site-packages/airflow/example_dags/example_branch_day_of_week_operator.py
[2023-03-27T13:40:07.429+0000] {processor.py:753} INFO - DAG(s) dict_keys(['example_weekday_branch_operator']) retrieved from /home/airflow/.local/lib/python3.7/site-packages/airflow/example_dags/example_branch_day_of_week_operator.py
[2023-03-27T13:40:08.216+0000] {logging_mixin.py:137} INFO - [2023-03-27T13:40:08.216+0000] {dag.py:2693} INFO - Sync 1 DAGs
[2023-03-27T13:40:08.601+0000] {logging_mixin.py:137} INFO - [2023-03-27T13:40:08.600+0000] {dag.py:3444} INFO - Setting next_dagrun for example_weekday_branch_operator to 2023-03-26T00:00:00+00:00, run_after=2023-03-27T00:00:00+00:00
[2023-03-27T13:40:08.752+0000] {processor.py:175} INFO - Processing /home/airflow/.local/lib/python3.7/site-packages/airflow/example_dags/example_branch_day_of_week_operator.py took 1.682 seconds
[2023-03-27T13:43:22.501+0000] {processor.py:153} INFO - Started process (PID=734) to work on /home/airflow/.local/lib/python3.7/site-packages/airflow/example_dags/example_branch_day_of_week_operator.py
[2023-03-27T13:43:22.778+0000] {processor.py:743} INFO - Processing file /home/airflow/.local/lib/python3.7/site-packages/airflow/example_dags/example_branch_day_of_week_operator.py for tasks to queue
[2023-03-27T13:43:22.792+0000] {logging_mixin.py:137} INFO - [2023-03-27T13:43:22.792+0000] {dagbag.py:532} INFO - Filling up the DagBag from /home/airflow/.local/lib/python3.7/site-packages/airflow/example_dags/example_branch_day_of_week_operator.py
[2023-03-27T13:43:26.543+0000] {processor.py:753} INFO - DAG(s) dict_keys(['example_weekday_branch_operator']) retrieved from /home/airflow/.local/lib/python3.7/site-packages/airflow/example_dags/example_branch_day_of_week_operator.py
[2023-03-27T13:43:38.085+0000] {logging_mixin.py:137} INFO - [2023-03-27T13:43:38.083+0000] {dag.py:2693} INFO - Sync 1 DAGs
[2023-03-27T13:43:41.356+0000] {logging_mixin.py:137} INFO - [2023-03-27T13:43:41.242+0000] {dag.py:3444} INFO - Setting next_dagrun for example_weekday_branch_operator to 2023-03-26T00:00:00+00:00, run_after=2023-03-27T00:00:00+00:00
[2023-03-27T13:43:43.452+0000] {processor.py:175} INFO - Processing /home/airflow/.local/lib/python3.7/site-packages/airflow/example_dags/example_branch_day_of_week_operator.py took 21.040 seconds
[2023-03-27T18:08:56.286+0000] {processor.py:153} INFO - Started process (PID=212) to work on /home/airflow/.local/lib/python3.7/site-packages/airflow/example_dags/example_branch_day_of_week_operator.py
[2023-03-27T18:08:56.969+0000] {processor.py:743} INFO - Processing file /home/airflow/.local/lib/python3.7/site-packages/airflow/example_dags/example_branch_day_of_week_operator.py for tasks to queue
[2023-03-27T18:08:57.188+0000] {logging_mixin.py:137} INFO - [2023-03-27T18:08:57.188+0000] {dagbag.py:532} INFO - Filling up the DagBag from /home/airflow/.local/lib/python3.7/site-packages/airflow/example_dags/example_branch_day_of_week_operator.py
[2023-03-27T18:08:59.516+0000] {processor.py:753} INFO - DAG(s) dict_keys(['example_weekday_branch_operator']) retrieved from /home/airflow/.local/lib/python3.7/site-packages/airflow/example_dags/example_branch_day_of_week_operator.py
[2023-03-27T18:09:02.868+0000] {logging_mixin.py:137} INFO - [2023-03-27T18:09:02.867+0000] {dag.py:2693} INFO - Sync 1 DAGs
[2023-03-27T18:09:07.788+0000] {logging_mixin.py:137} INFO - [2023-03-27T18:09:07.768+0000] {dag.py:3444} INFO - Setting next_dagrun for example_weekday_branch_operator to 2023-03-26T00:00:00+00:00, run_after=2023-03-27T00:00:00+00:00
[2023-03-27T18:09:11.738+0000] {processor.py:175} INFO - Processing /home/airflow/.local/lib/python3.7/site-packages/airflow/example_dags/example_branch_day_of_week_operator.py took 15.564 seconds
[2023-03-27T18:17:54.090+0000] {processor.py:153} INFO - Started process (PID=378) to work on /home/airflow/.local/lib/python3.7/site-packages/airflow/example_dags/example_branch_day_of_week_operator.py
[2023-03-27T18:17:54.232+0000] {processor.py:743} INFO - Processing file /home/airflow/.local/lib/python3.7/site-packages/airflow/example_dags/example_branch_day_of_week_operator.py for tasks to queue
[2023-03-27T18:17:54.243+0000] {logging_mixin.py:137} INFO - [2023-03-27T18:17:54.243+0000] {dagbag.py:532} INFO - Filling up the DagBag from /home/airflow/.local/lib/python3.7/site-packages/airflow/example_dags/example_branch_day_of_week_operator.py
[2023-03-27T18:17:54.835+0000] {processor.py:753} INFO - DAG(s) dict_keys(['example_weekday_branch_operator']) retrieved from /home/airflow/.local/lib/python3.7/site-packages/airflow/example_dags/example_branch_day_of_week_operator.py
[2023-03-27T18:17:55.886+0000] {logging_mixin.py:137} INFO - [2023-03-27T18:17:55.886+0000] {dag.py:2693} INFO - Sync 1 DAGs
[2023-03-27T18:17:56.791+0000] {logging_mixin.py:137} INFO - [2023-03-27T18:17:56.790+0000] {dag.py:3444} INFO - Setting next_dagrun for example_weekday_branch_operator to 2023-03-26T00:00:00+00:00, run_after=2023-03-27T00:00:00+00:00
[2023-03-27T18:17:57.200+0000] {processor.py:175} INFO - Processing /home/airflow/.local/lib/python3.7/site-packages/airflow/example_dags/example_branch_day_of_week_operator.py took 3.125 seconds
[2023-03-27T18:27:52.075+0000] {processor.py:153} INFO - Started process (PID=549) to work on /home/airflow/.local/lib/python3.7/site-packages/airflow/example_dags/example_branch_day_of_week_operator.py
[2023-03-27T18:27:52.093+0000] {processor.py:743} INFO - Processing file /home/airflow/.local/lib/python3.7/site-packages/airflow/example_dags/example_branch_day_of_week_operator.py for tasks to queue
[2023-03-27T18:27:52.098+0000] {logging_mixin.py:137} INFO - [2023-03-27T18:27:52.097+0000] {dagbag.py:532} INFO - Filling up the DagBag from /home/airflow/.local/lib/python3.7/site-packages/airflow/example_dags/example_branch_day_of_week_operator.py
[2023-03-27T18:27:53.258+0000] {processor.py:753} INFO - DAG(s) dict_keys(['example_weekday_branch_operator']) retrieved from /home/airflow/.local/lib/python3.7/site-packages/airflow/example_dags/example_branch_day_of_week_operator.py
[2023-03-27T18:27:55.048+0000] {logging_mixin.py:137} INFO - [2023-03-27T18:27:55.047+0000] {dag.py:2693} INFO - Sync 1 DAGs
[2023-03-27T18:27:58.237+0000] {logging_mixin.py:137} INFO - [2023-03-27T18:27:57.950+0000] {dag.py:3444} INFO - Setting next_dagrun for example_weekday_branch_operator to 2023-03-26T00:00:00+00:00, run_after=2023-03-27T00:00:00+00:00
[2023-03-27T18:28:03.671+0000] {processor.py:175} INFO - Processing /home/airflow/.local/lib/python3.7/site-packages/airflow/example_dags/example_branch_day_of_week_operator.py took 11.714 seconds
[2023-03-27T18:30:20.990+0000] {processor.py:153} INFO - Started process (PID=639) to work on /home/airflow/.local/lib/python3.7/site-packages/airflow/example_dags/example_branch_day_of_week_operator.py
[2023-03-27T18:30:21.053+0000] {processor.py:743} INFO - Processing file /home/airflow/.local/lib/python3.7/site-packages/airflow/example_dags/example_branch_day_of_week_operator.py for tasks to queue
[2023-03-27T18:30:21.076+0000] {logging_mixin.py:137} INFO - [2023-03-27T18:30:21.061+0000] {dagbag.py:532} INFO - Filling up the DagBag from /home/airflow/.local/lib/python3.7/site-packages/airflow/example_dags/example_branch_day_of_week_operator.py
[2023-03-27T18:30:21.468+0000] {processor.py:753} INFO - DAG(s) dict_keys(['example_weekday_branch_operator']) retrieved from /home/airflow/.local/lib/python3.7/site-packages/airflow/example_dags/example_branch_day_of_week_operator.py
[2023-03-27T18:30:22.149+0000] {logging_mixin.py:137} INFO - [2023-03-27T18:30:22.128+0000] {dag.py:2693} INFO - Sync 1 DAGs
[2023-03-27T18:30:22.785+0000] {logging_mixin.py:137} INFO - [2023-03-27T18:30:22.785+0000] {dag.py:3444} INFO - Setting next_dagrun for example_weekday_branch_operator to 2023-03-26T00:00:00+00:00, run_after=2023-03-27T00:00:00+00:00
[2023-03-27T18:30:23.420+0000] {processor.py:175} INFO - Processing /home/airflow/.local/lib/python3.7/site-packages/airflow/example_dags/example_branch_day_of_week_operator.py took 2.502 seconds
[2023-03-27T18:32:06.718+0000] {processor.py:153} INFO - Started process (PID=706) to work on /home/airflow/.local/lib/python3.7/site-packages/airflow/example_dags/example_branch_day_of_week_operator.py
[2023-03-27T18:32:06.801+0000] {processor.py:743} INFO - Processing file /home/airflow/.local/lib/python3.7/site-packages/airflow/example_dags/example_branch_day_of_week_operator.py for tasks to queue
[2023-03-27T18:32:06.828+0000] {logging_mixin.py:137} INFO - [2023-03-27T18:32:06.828+0000] {dagbag.py:532} INFO - Filling up the DagBag from /home/airflow/.local/lib/python3.7/site-packages/airflow/example_dags/example_branch_day_of_week_operator.py
[2023-03-27T18:32:07.091+0000] {processor.py:753} INFO - DAG(s) dict_keys(['example_weekday_branch_operator']) retrieved from /home/airflow/.local/lib/python3.7/site-packages/airflow/example_dags/example_branch_day_of_week_operator.py
[2023-03-27T18:32:07.621+0000] {logging_mixin.py:137} INFO - [2023-03-27T18:32:07.620+0000] {dag.py:2693} INFO - Sync 1 DAGs
[2023-03-27T18:32:10.141+0000] {logging_mixin.py:137} INFO - [2023-03-27T18:32:10.140+0000] {dag.py:3444} INFO - Setting next_dagrun for example_weekday_branch_operator to 2023-03-26T00:00:00+00:00, run_after=2023-03-27T00:00:00+00:00
[2023-03-27T18:32:11.555+0000] {processor.py:175} INFO - Processing /home/airflow/.local/lib/python3.7/site-packages/airflow/example_dags/example_branch_day_of_week_operator.py took 4.927 seconds
[2023-03-27T21:08:23.248+0000] {processor.py:153} INFO - Started process (PID=774) to work on /home/airflow/.local/lib/python3.7/site-packages/airflow/example_dags/example_branch_day_of_week_operator.py
[2023-03-27T21:08:23.357+0000] {processor.py:743} INFO - Processing file /home/airflow/.local/lib/python3.7/site-packages/airflow/example_dags/example_branch_day_of_week_operator.py for tasks to queue
[2023-03-27T21:08:23.390+0000] {logging_mixin.py:137} INFO - [2023-03-27T21:08:23.390+0000] {dagbag.py:532} INFO - Filling up the DagBag from /home/airflow/.local/lib/python3.7/site-packages/airflow/example_dags/example_branch_day_of_week_operator.py
[2023-03-27T21:08:24.304+0000] {processor.py:753} INFO - DAG(s) dict_keys(['example_weekday_branch_operator']) retrieved from /home/airflow/.local/lib/python3.7/site-packages/airflow/example_dags/example_branch_day_of_week_operator.py
[2023-03-27T21:08:25.021+0000] {logging_mixin.py:137} INFO - [2023-03-27T21:08:25.021+0000] {dag.py:2693} INFO - Sync 1 DAGs
[2023-03-27T21:08:25.822+0000] {logging_mixin.py:137} INFO - [2023-03-27T21:08:25.822+0000] {dag.py:3444} INFO - Setting next_dagrun for example_weekday_branch_operator to 2023-03-26T00:00:00+00:00, run_after=2023-03-27T00:00:00+00:00
[2023-03-27T21:08:26.217+0000] {processor.py:175} INFO - Processing /home/airflow/.local/lib/python3.7/site-packages/airflow/example_dags/example_branch_day_of_week_operator.py took 3.224 seconds
[2023-03-27T21:44:16.553+0000] {processor.py:153} INFO - Started process (PID=881) to work on /home/airflow/.local/lib/python3.7/site-packages/airflow/example_dags/example_branch_day_of_week_operator.py
[2023-03-27T21:44:16.592+0000] {processor.py:743} INFO - Processing file /home/airflow/.local/lib/python3.7/site-packages/airflow/example_dags/example_branch_day_of_week_operator.py for tasks to queue
[2023-03-27T21:44:16.640+0000] {logging_mixin.py:137} INFO - [2023-03-27T21:44:16.636+0000] {dagbag.py:532} INFO - Filling up the DagBag from /home/airflow/.local/lib/python3.7/site-packages/airflow/example_dags/example_branch_day_of_week_operator.py
[2023-03-27T21:44:19.403+0000] {processor.py:753} INFO - DAG(s) dict_keys(['example_weekday_branch_operator']) retrieved from /home/airflow/.local/lib/python3.7/site-packages/airflow/example_dags/example_branch_day_of_week_operator.py
[2023-03-27T21:44:21.073+0000] {logging_mixin.py:137} INFO - [2023-03-27T21:44:21.032+0000] {dag.py:2693} INFO - Sync 1 DAGs
[2023-03-27T21:44:23.232+0000] {logging_mixin.py:137} INFO - [2023-03-27T21:44:23.224+0000] {dag.py:3444} INFO - Setting next_dagrun for example_weekday_branch_operator to 2023-03-26T00:00:00+00:00, run_after=2023-03-27T00:00:00+00:00
[2023-03-27T21:44:23.573+0000] {processor.py:175} INFO - Processing /home/airflow/.local/lib/python3.7/site-packages/airflow/example_dags/example_branch_day_of_week_operator.py took 7.129 seconds
[2023-03-27T21:49:03.138+0000] {processor.py:153} INFO - Started process (PID=999) to work on /home/airflow/.local/lib/python3.7/site-packages/airflow/example_dags/example_branch_day_of_week_operator.py
[2023-03-27T21:49:03.267+0000] {processor.py:743} INFO - Processing file /home/airflow/.local/lib/python3.7/site-packages/airflow/example_dags/example_branch_day_of_week_operator.py for tasks to queue
[2023-03-27T21:49:03.492+0000] {logging_mixin.py:137} INFO - [2023-03-27T21:49:03.492+0000] {dagbag.py:532} INFO - Filling up the DagBag from /home/airflow/.local/lib/python3.7/site-packages/airflow/example_dags/example_branch_day_of_week_operator.py
[2023-03-27T21:49:11.087+0000] {processor.py:753} INFO - DAG(s) dict_keys(['example_weekday_branch_operator']) retrieved from /home/airflow/.local/lib/python3.7/site-packages/airflow/example_dags/example_branch_day_of_week_operator.py
[2023-03-27T21:49:15.849+0000] {logging_mixin.py:137} INFO - [2023-03-27T21:49:15.849+0000] {dag.py:2693} INFO - Sync 1 DAGs
[2023-03-27T21:49:21.187+0000] {logging_mixin.py:137} INFO - [2023-03-27T21:49:21.182+0000] {dag.py:3444} INFO - Setting next_dagrun for example_weekday_branch_operator to 2023-03-26T00:00:00+00:00, run_after=2023-03-27T00:00:00+00:00
[2023-03-27T21:49:24.715+0000] {processor.py:175} INFO - Processing /home/airflow/.local/lib/python3.7/site-packages/airflow/example_dags/example_branch_day_of_week_operator.py took 21.993 seconds
[2023-03-27T21:52:56.627+0000] {processor.py:153} INFO - Started process (PID=1094) to work on /home/airflow/.local/lib/python3.7/site-packages/airflow/example_dags/example_branch_day_of_week_operator.py
[2023-03-27T21:52:56.643+0000] {processor.py:743} INFO - Processing file /home/airflow/.local/lib/python3.7/site-packages/airflow/example_dags/example_branch_day_of_week_operator.py for tasks to queue
[2023-03-27T21:52:56.653+0000] {logging_mixin.py:137} INFO - [2023-03-27T21:52:56.653+0000] {dagbag.py:532} INFO - Filling up the DagBag from /home/airflow/.local/lib/python3.7/site-packages/airflow/example_dags/example_branch_day_of_week_operator.py
[2023-03-27T21:52:56.741+0000] {processor.py:753} INFO - DAG(s) dict_keys(['example_weekday_branch_operator']) retrieved from /home/airflow/.local/lib/python3.7/site-packages/airflow/example_dags/example_branch_day_of_week_operator.py
[2023-03-27T21:52:58.752+0000] {logging_mixin.py:137} INFO - [2023-03-27T21:52:58.748+0000] {dag.py:2693} INFO - Sync 1 DAGs
[2023-03-27T21:52:59.199+0000] {logging_mixin.py:137} INFO - [2023-03-27T21:52:59.199+0000] {dag.py:3444} INFO - Setting next_dagrun for example_weekday_branch_operator to 2023-03-26T00:00:00+00:00, run_after=2023-03-27T00:00:00+00:00
[2023-03-27T21:52:59.333+0000] {processor.py:175} INFO - Processing /home/airflow/.local/lib/python3.7/site-packages/airflow/example_dags/example_branch_day_of_week_operator.py took 2.725 seconds
[2023-03-27T22:24:34.671+0000] {processor.py:153} INFO - Started process (PID=1160) to work on /home/airflow/.local/lib/python3.7/site-packages/airflow/example_dags/example_branch_day_of_week_operator.py
[2023-03-27T22:24:34.691+0000] {processor.py:743} INFO - Processing file /home/airflow/.local/lib/python3.7/site-packages/airflow/example_dags/example_branch_day_of_week_operator.py for tasks to queue
[2023-03-27T22:24:34.714+0000] {logging_mixin.py:137} INFO - [2023-03-27T22:24:34.714+0000] {dagbag.py:532} INFO - Filling up the DagBag from /home/airflow/.local/lib/python3.7/site-packages/airflow/example_dags/example_branch_day_of_week_operator.py
[2023-03-27T22:24:35.445+0000] {processor.py:753} INFO - DAG(s) dict_keys(['example_weekday_branch_operator']) retrieved from /home/airflow/.local/lib/python3.7/site-packages/airflow/example_dags/example_branch_day_of_week_operator.py
[2023-03-27T22:24:35.871+0000] {logging_mixin.py:137} INFO - [2023-03-27T22:24:35.870+0000] {dag.py:2693} INFO - Sync 1 DAGs
[2023-03-27T22:24:36.118+0000] {logging_mixin.py:137} INFO - [2023-03-27T22:24:36.118+0000] {dag.py:3444} INFO - Setting next_dagrun for example_weekday_branch_operator to 2023-03-26T00:00:00+00:00, run_after=2023-03-27T00:00:00+00:00
[2023-03-27T22:24:36.367+0000] {processor.py:175} INFO - Processing /home/airflow/.local/lib/python3.7/site-packages/airflow/example_dags/example_branch_day_of_week_operator.py took 1.757 seconds
[2023-03-27T22:25:43.664+0000] {processor.py:153} INFO - Started process (PID=1224) to work on /home/airflow/.local/lib/python3.7/site-packages/airflow/example_dags/example_branch_day_of_week_operator.py
[2023-03-27T22:25:43.673+0000] {processor.py:743} INFO - Processing file /home/airflow/.local/lib/python3.7/site-packages/airflow/example_dags/example_branch_day_of_week_operator.py for tasks to queue
[2023-03-27T22:25:43.702+0000] {logging_mixin.py:137} INFO - [2023-03-27T22:25:43.701+0000] {dagbag.py:532} INFO - Filling up the DagBag from /home/airflow/.local/lib/python3.7/site-packages/airflow/example_dags/example_branch_day_of_week_operator.py
[2023-03-27T22:25:44.071+0000] {processor.py:753} INFO - DAG(s) dict_keys(['example_weekday_branch_operator']) retrieved from /home/airflow/.local/lib/python3.7/site-packages/airflow/example_dags/example_branch_day_of_week_operator.py
[2023-03-27T22:25:44.625+0000] {logging_mixin.py:137} INFO - [2023-03-27T22:25:44.625+0000] {dag.py:2693} INFO - Sync 1 DAGs
[2023-03-27T22:25:45.244+0000] {logging_mixin.py:137} INFO - [2023-03-27T22:25:45.244+0000] {dag.py:3444} INFO - Setting next_dagrun for example_weekday_branch_operator to 2023-03-26T00:00:00+00:00, run_after=2023-03-27T00:00:00+00:00
[2023-03-27T22:25:45.540+0000] {processor.py:175} INFO - Processing /home/airflow/.local/lib/python3.7/site-packages/airflow/example_dags/example_branch_day_of_week_operator.py took 2.024 seconds
[2023-03-27T22:26:59.093+0000] {processor.py:153} INFO - Started process (PID=1277) to work on /home/airflow/.local/lib/python3.7/site-packages/airflow/example_dags/example_branch_day_of_week_operator.py
[2023-03-27T22:26:59.119+0000] {processor.py:743} INFO - Processing file /home/airflow/.local/lib/python3.7/site-packages/airflow/example_dags/example_branch_day_of_week_operator.py for tasks to queue
[2023-03-27T22:26:59.170+0000] {logging_mixin.py:137} INFO - [2023-03-27T22:26:59.170+0000] {dagbag.py:532} INFO - Filling up the DagBag from /home/airflow/.local/lib/python3.7/site-packages/airflow/example_dags/example_branch_day_of_week_operator.py
[2023-03-27T22:26:59.385+0000] {processor.py:753} INFO - DAG(s) dict_keys(['example_weekday_branch_operator']) retrieved from /home/airflow/.local/lib/python3.7/site-packages/airflow/example_dags/example_branch_day_of_week_operator.py
[2023-03-27T22:26:59.783+0000] {logging_mixin.py:137} INFO - [2023-03-27T22:26:59.782+0000] {dag.py:2693} INFO - Sync 1 DAGs
[2023-03-27T22:27:00.798+0000] {logging_mixin.py:137} INFO - [2023-03-27T22:27:00.798+0000] {dag.py:3444} INFO - Setting next_dagrun for example_weekday_branch_operator to 2023-03-26T00:00:00+00:00, run_after=2023-03-27T00:00:00+00:00
[2023-03-27T22:27:01.132+0000] {processor.py:175} INFO - Processing /home/airflow/.local/lib/python3.7/site-packages/airflow/example_dags/example_branch_day_of_week_operator.py took 2.191 seconds
[2023-03-27T22:28:21.017+0000] {processor.py:153} INFO - Started process (PID=1348) to work on /home/airflow/.local/lib/python3.7/site-packages/airflow/example_dags/example_branch_day_of_week_operator.py
[2023-03-27T22:28:21.027+0000] {processor.py:743} INFO - Processing file /home/airflow/.local/lib/python3.7/site-packages/airflow/example_dags/example_branch_day_of_week_operator.py for tasks to queue
[2023-03-27T22:28:23.719+0000] {logging_mixin.py:137} INFO - [2023-03-27T22:28:23.717+0000] {dagbag.py:532} INFO - Filling up the DagBag from /home/airflow/.local/lib/python3.7/site-packages/airflow/example_dags/example_branch_day_of_week_operator.py
[2023-03-27T22:28:27.964+0000] {processor.py:753} INFO - DAG(s) dict_keys(['example_weekday_branch_operator']) retrieved from /home/airflow/.local/lib/python3.7/site-packages/airflow/example_dags/example_branch_day_of_week_operator.py
[2023-03-27T22:28:28.316+0000] {logging_mixin.py:137} INFO - [2023-03-27T22:28:28.314+0000] {dag.py:2693} INFO - Sync 1 DAGs
[2023-03-27T22:28:30.907+0000] {logging_mixin.py:137} INFO - [2023-03-27T22:28:30.906+0000] {dag.py:3444} INFO - Setting next_dagrun for example_weekday_branch_operator to 2023-03-26T00:00:00+00:00, run_after=2023-03-27T00:00:00+00:00
[2023-03-27T22:28:31.761+0000] {processor.py:175} INFO - Processing /home/airflow/.local/lib/python3.7/site-packages/airflow/example_dags/example_branch_day_of_week_operator.py took 10.800 seconds
[2023-03-27T22:30:13.889+0000] {processor.py:153} INFO - Started process (PID=1420) to work on /home/airflow/.local/lib/python3.7/site-packages/airflow/example_dags/example_branch_day_of_week_operator.py
[2023-03-27T22:30:13.894+0000] {processor.py:743} INFO - Processing file /home/airflow/.local/lib/python3.7/site-packages/airflow/example_dags/example_branch_day_of_week_operator.py for tasks to queue
[2023-03-27T22:30:13.899+0000] {logging_mixin.py:137} INFO - [2023-03-27T22:30:13.898+0000] {dagbag.py:532} INFO - Filling up the DagBag from /home/airflow/.local/lib/python3.7/site-packages/airflow/example_dags/example_branch_day_of_week_operator.py
[2023-03-27T22:30:14.042+0000] {processor.py:753} INFO - DAG(s) dict_keys(['example_weekday_branch_operator']) retrieved from /home/airflow/.local/lib/python3.7/site-packages/airflow/example_dags/example_branch_day_of_week_operator.py
[2023-03-27T22:30:14.331+0000] {logging_mixin.py:137} INFO - [2023-03-27T22:30:14.330+0000] {dag.py:2693} INFO - Sync 1 DAGs
[2023-03-27T22:30:14.844+0000] {logging_mixin.py:137} INFO - [2023-03-27T22:30:14.844+0000] {dag.py:3444} INFO - Setting next_dagrun for example_weekday_branch_operator to 2023-03-26T00:00:00+00:00, run_after=2023-03-27T00:00:00+00:00
[2023-03-27T22:30:15.232+0000] {processor.py:175} INFO - Processing /home/airflow/.local/lib/python3.7/site-packages/airflow/example_dags/example_branch_day_of_week_operator.py took 1.476 seconds
[2023-03-27T23:09:47.610+0000] {processor.py:153} INFO - Started process (PID=89) to work on /home/airflow/.local/lib/python3.7/site-packages/airflow/example_dags/example_branch_day_of_week_operator.py
[2023-03-27T23:09:47.641+0000] {processor.py:743} INFO - Processing file /home/airflow/.local/lib/python3.7/site-packages/airflow/example_dags/example_branch_day_of_week_operator.py for tasks to queue
[2023-03-27T23:09:47.691+0000] {logging_mixin.py:137} INFO - [2023-03-27T23:09:47.691+0000] {dagbag.py:532} INFO - Filling up the DagBag from /home/airflow/.local/lib/python3.7/site-packages/airflow/example_dags/example_branch_day_of_week_operator.py
[2023-03-27T23:09:48.671+0000] {processor.py:753} INFO - DAG(s) dict_keys(['example_weekday_branch_operator']) retrieved from /home/airflow/.local/lib/python3.7/site-packages/airflow/example_dags/example_branch_day_of_week_operator.py
[2023-03-27T23:09:51.293+0000] {logging_mixin.py:137} INFO - [2023-03-27T23:09:51.292+0000] {dag.py:2693} INFO - Sync 1 DAGs
[2023-03-27T23:09:51.506+0000] {logging_mixin.py:137} INFO - [2023-03-27T23:09:51.506+0000] {dag.py:3444} INFO - Setting next_dagrun for example_weekday_branch_operator to 2023-03-26T00:00:00+00:00, run_after=2023-03-27T00:00:00+00:00
[2023-03-27T23:09:51.621+0000] {processor.py:175} INFO - Processing /home/airflow/.local/lib/python3.7/site-packages/airflow/example_dags/example_branch_day_of_week_operator.py took 4.063 seconds
[2023-03-27T23:10:26.122+0000] {processor.py:153} INFO - Started process (PID=138) to work on /home/airflow/.local/lib/python3.7/site-packages/airflow/example_dags/example_branch_day_of_week_operator.py
[2023-03-27T23:10:26.126+0000] {processor.py:743} INFO - Processing file /home/airflow/.local/lib/python3.7/site-packages/airflow/example_dags/example_branch_day_of_week_operator.py for tasks to queue
[2023-03-27T23:10:26.130+0000] {logging_mixin.py:137} INFO - [2023-03-27T23:10:26.130+0000] {dagbag.py:532} INFO - Filling up the DagBag from /home/airflow/.local/lib/python3.7/site-packages/airflow/example_dags/example_branch_day_of_week_operator.py
[2023-03-27T23:10:26.176+0000] {processor.py:753} INFO - DAG(s) dict_keys(['example_weekday_branch_operator']) retrieved from /home/airflow/.local/lib/python3.7/site-packages/airflow/example_dags/example_branch_day_of_week_operator.py
[2023-03-27T23:10:26.264+0000] {logging_mixin.py:137} INFO - [2023-03-27T23:10:26.262+0000] {dag.py:2693} INFO - Sync 1 DAGs
[2023-03-27T23:10:26.347+0000] {logging_mixin.py:137} INFO - [2023-03-27T23:10:26.347+0000] {dag.py:3444} INFO - Setting next_dagrun for example_weekday_branch_operator to 2023-03-26T00:00:00+00:00, run_after=2023-03-27T00:00:00+00:00
[2023-03-27T23:10:26.416+0000] {processor.py:175} INFO - Processing /home/airflow/.local/lib/python3.7/site-packages/airflow/example_dags/example_branch_day_of_week_operator.py took 0.306 seconds
[2023-03-27T23:11:02.276+0000] {processor.py:153} INFO - Started process (PID=189) to work on /home/airflow/.local/lib/python3.7/site-packages/airflow/example_dags/example_branch_day_of_week_operator.py
[2023-03-27T23:11:02.282+0000] {processor.py:743} INFO - Processing file /home/airflow/.local/lib/python3.7/site-packages/airflow/example_dags/example_branch_day_of_week_operator.py for tasks to queue
[2023-03-27T23:11:02.284+0000] {logging_mixin.py:137} INFO - [2023-03-27T23:11:02.284+0000] {dagbag.py:532} INFO - Filling up the DagBag from /home/airflow/.local/lib/python3.7/site-packages/airflow/example_dags/example_branch_day_of_week_operator.py
[2023-03-27T23:11:02.335+0000] {processor.py:753} INFO - DAG(s) dict_keys(['example_weekday_branch_operator']) retrieved from /home/airflow/.local/lib/python3.7/site-packages/airflow/example_dags/example_branch_day_of_week_operator.py
[2023-03-27T23:11:02.395+0000] {logging_mixin.py:137} INFO - [2023-03-27T23:11:02.395+0000] {dag.py:2693} INFO - Sync 1 DAGs
[2023-03-27T23:11:02.461+0000] {logging_mixin.py:137} INFO - [2023-03-27T23:11:02.460+0000] {dag.py:3444} INFO - Setting next_dagrun for example_weekday_branch_operator to 2023-03-26T00:00:00+00:00, run_after=2023-03-27T00:00:00+00:00
[2023-03-27T23:11:02.533+0000] {processor.py:175} INFO - Processing /home/airflow/.local/lib/python3.7/site-packages/airflow/example_dags/example_branch_day_of_week_operator.py took 0.266 seconds
[2023-03-27T23:11:32.885+0000] {processor.py:153} INFO - Started process (PID=238) to work on /home/airflow/.local/lib/python3.7/site-packages/airflow/example_dags/example_branch_day_of_week_operator.py
[2023-03-27T23:11:32.901+0000] {processor.py:743} INFO - Processing file /home/airflow/.local/lib/python3.7/site-packages/airflow/example_dags/example_branch_day_of_week_operator.py for tasks to queue
[2023-03-27T23:11:32.909+0000] {logging_mixin.py:137} INFO - [2023-03-27T23:11:32.908+0000] {dagbag.py:532} INFO - Filling up the DagBag from /home/airflow/.local/lib/python3.7/site-packages/airflow/example_dags/example_branch_day_of_week_operator.py
[2023-03-27T23:11:32.977+0000] {processor.py:753} INFO - DAG(s) dict_keys(['example_weekday_branch_operator']) retrieved from /home/airflow/.local/lib/python3.7/site-packages/airflow/example_dags/example_branch_day_of_week_operator.py
[2023-03-27T23:11:33.055+0000] {logging_mixin.py:137} INFO - [2023-03-27T23:11:33.055+0000] {dag.py:2693} INFO - Sync 1 DAGs
[2023-03-27T23:11:33.126+0000] {logging_mixin.py:137} INFO - [2023-03-27T23:11:33.126+0000] {dag.py:3444} INFO - Setting next_dagrun for example_weekday_branch_operator to 2023-03-26T00:00:00+00:00, run_after=2023-03-27T00:00:00+00:00
[2023-03-27T23:11:33.162+0000] {processor.py:175} INFO - Processing /home/airflow/.local/lib/python3.7/site-packages/airflow/example_dags/example_branch_day_of_week_operator.py took 0.294 seconds
[2023-03-27T23:12:17.477+0000] {processor.py:153} INFO - Started process (PID=297) to work on /home/airflow/.local/lib/python3.7/site-packages/airflow/example_dags/example_branch_day_of_week_operator.py
[2023-03-27T23:12:17.481+0000] {processor.py:743} INFO - Processing file /home/airflow/.local/lib/python3.7/site-packages/airflow/example_dags/example_branch_day_of_week_operator.py for tasks to queue
[2023-03-27T23:12:17.484+0000] {logging_mixin.py:137} INFO - [2023-03-27T23:12:17.483+0000] {dagbag.py:532} INFO - Filling up the DagBag from /home/airflow/.local/lib/python3.7/site-packages/airflow/example_dags/example_branch_day_of_week_operator.py
[2023-03-27T23:12:17.534+0000] {processor.py:753} INFO - DAG(s) dict_keys(['example_weekday_branch_operator']) retrieved from /home/airflow/.local/lib/python3.7/site-packages/airflow/example_dags/example_branch_day_of_week_operator.py
[2023-03-27T23:12:17.623+0000] {logging_mixin.py:137} INFO - [2023-03-27T23:12:17.622+0000] {dag.py:2693} INFO - Sync 1 DAGs
[2023-03-27T23:12:17.699+0000] {logging_mixin.py:137} INFO - [2023-03-27T23:12:17.699+0000] {dag.py:3444} INFO - Setting next_dagrun for example_weekday_branch_operator to 2023-03-26T00:00:00+00:00, run_after=2023-03-27T00:00:00+00:00
[2023-03-27T23:12:17.747+0000] {processor.py:175} INFO - Processing /home/airflow/.local/lib/python3.7/site-packages/airflow/example_dags/example_branch_day_of_week_operator.py took 0.276 seconds
[2023-03-27T23:12:47.952+0000] {processor.py:153} INFO - Started process (PID=346) to work on /home/airflow/.local/lib/python3.7/site-packages/airflow/example_dags/example_branch_day_of_week_operator.py
[2023-03-27T23:12:47.957+0000] {processor.py:743} INFO - Processing file /home/airflow/.local/lib/python3.7/site-packages/airflow/example_dags/example_branch_day_of_week_operator.py for tasks to queue
[2023-03-27T23:12:47.959+0000] {logging_mixin.py:137} INFO - [2023-03-27T23:12:47.959+0000] {dagbag.py:532} INFO - Filling up the DagBag from /home/airflow/.local/lib/python3.7/site-packages/airflow/example_dags/example_branch_day_of_week_operator.py
[2023-03-27T23:12:48.009+0000] {processor.py:753} INFO - DAG(s) dict_keys(['example_weekday_branch_operator']) retrieved from /home/airflow/.local/lib/python3.7/site-packages/airflow/example_dags/example_branch_day_of_week_operator.py
[2023-03-27T23:12:48.073+0000] {logging_mixin.py:137} INFO - [2023-03-27T23:12:48.073+0000] {dag.py:2693} INFO - Sync 1 DAGs
[2023-03-27T23:12:48.209+0000] {logging_mixin.py:137} INFO - [2023-03-27T23:12:48.208+0000] {dag.py:3444} INFO - Setting next_dagrun for example_weekday_branch_operator to 2023-03-26T00:00:00+00:00, run_after=2023-03-27T00:00:00+00:00
[2023-03-27T23:12:48.341+0000] {processor.py:175} INFO - Processing /home/airflow/.local/lib/python3.7/site-packages/airflow/example_dags/example_branch_day_of_week_operator.py took 0.403 seconds
[2023-03-27T23:13:26.164+0000] {processor.py:153} INFO - Started process (PID=395) to work on /home/airflow/.local/lib/python3.7/site-packages/airflow/example_dags/example_branch_day_of_week_operator.py
[2023-03-27T23:13:26.170+0000] {processor.py:743} INFO - Processing file /home/airflow/.local/lib/python3.7/site-packages/airflow/example_dags/example_branch_day_of_week_operator.py for tasks to queue
[2023-03-27T23:13:26.175+0000] {logging_mixin.py:137} INFO - [2023-03-27T23:13:26.174+0000] {dagbag.py:532} INFO - Filling up the DagBag from /home/airflow/.local/lib/python3.7/site-packages/airflow/example_dags/example_branch_day_of_week_operator.py
[2023-03-27T23:13:26.217+0000] {processor.py:753} INFO - DAG(s) dict_keys(['example_weekday_branch_operator']) retrieved from /home/airflow/.local/lib/python3.7/site-packages/airflow/example_dags/example_branch_day_of_week_operator.py
[2023-03-27T23:13:26.311+0000] {logging_mixin.py:137} INFO - [2023-03-27T23:13:26.310+0000] {dag.py:2693} INFO - Sync 1 DAGs
[2023-03-27T23:13:26.568+0000] {logging_mixin.py:137} INFO - [2023-03-27T23:13:26.567+0000] {dag.py:3444} INFO - Setting next_dagrun for example_weekday_branch_operator to 2023-03-26T00:00:00+00:00, run_after=2023-03-27T00:00:00+00:00
[2023-03-27T23:13:26.756+0000] {processor.py:175} INFO - Processing /home/airflow/.local/lib/python3.7/site-packages/airflow/example_dags/example_branch_day_of_week_operator.py took 0.605 seconds
[2023-03-27T23:13:58.588+0000] {processor.py:153} INFO - Started process (PID=445) to work on /home/airflow/.local/lib/python3.7/site-packages/airflow/example_dags/example_branch_day_of_week_operator.py
[2023-03-27T23:13:58.591+0000] {processor.py:743} INFO - Processing file /home/airflow/.local/lib/python3.7/site-packages/airflow/example_dags/example_branch_day_of_week_operator.py for tasks to queue
[2023-03-27T23:13:58.594+0000] {logging_mixin.py:137} INFO - [2023-03-27T23:13:58.594+0000] {dagbag.py:532} INFO - Filling up the DagBag from /home/airflow/.local/lib/python3.7/site-packages/airflow/example_dags/example_branch_day_of_week_operator.py
[2023-03-27T23:13:58.668+0000] {processor.py:753} INFO - DAG(s) dict_keys(['example_weekday_branch_operator']) retrieved from /home/airflow/.local/lib/python3.7/site-packages/airflow/example_dags/example_branch_day_of_week_operator.py
[2023-03-27T23:13:58.776+0000] {logging_mixin.py:137} INFO - [2023-03-27T23:13:58.776+0000] {dag.py:2693} INFO - Sync 1 DAGs
[2023-03-27T23:13:58.904+0000] {logging_mixin.py:137} INFO - [2023-03-27T23:13:58.904+0000] {dag.py:3444} INFO - Setting next_dagrun for example_weekday_branch_operator to 2023-03-26T00:00:00+00:00, run_after=2023-03-27T00:00:00+00:00
[2023-03-27T23:13:58.997+0000] {processor.py:175} INFO - Processing /home/airflow/.local/lib/python3.7/site-packages/airflow/example_dags/example_branch_day_of_week_operator.py took 0.432 seconds
[2023-03-27T23:14:31.214+0000] {processor.py:153} INFO - Started process (PID=494) to work on /home/airflow/.local/lib/python3.7/site-packages/airflow/example_dags/example_branch_day_of_week_operator.py
[2023-03-27T23:14:31.228+0000] {processor.py:743} INFO - Processing file /home/airflow/.local/lib/python3.7/site-packages/airflow/example_dags/example_branch_day_of_week_operator.py for tasks to queue
[2023-03-27T23:14:31.239+0000] {logging_mixin.py:137} INFO - [2023-03-27T23:14:31.239+0000] {dagbag.py:532} INFO - Filling up the DagBag from /home/airflow/.local/lib/python3.7/site-packages/airflow/example_dags/example_branch_day_of_week_operator.py
[2023-03-27T23:14:31.420+0000] {processor.py:753} INFO - DAG(s) dict_keys(['example_weekday_branch_operator']) retrieved from /home/airflow/.local/lib/python3.7/site-packages/airflow/example_dags/example_branch_day_of_week_operator.py
[2023-03-27T23:14:31.941+0000] {logging_mixin.py:137} INFO - [2023-03-27T23:14:31.941+0000] {dag.py:2693} INFO - Sync 1 DAGs
[2023-03-27T23:14:32.738+0000] {logging_mixin.py:137} INFO - [2023-03-27T23:14:32.738+0000] {dag.py:3444} INFO - Setting next_dagrun for example_weekday_branch_operator to 2023-03-26T00:00:00+00:00, run_after=2023-03-27T00:00:00+00:00
[2023-03-27T23:14:32.902+0000] {processor.py:175} INFO - Processing /home/airflow/.local/lib/python3.7/site-packages/airflow/example_dags/example_branch_day_of_week_operator.py took 1.723 seconds
[2023-03-27T23:15:03.156+0000] {processor.py:153} INFO - Started process (PID=543) to work on /home/airflow/.local/lib/python3.7/site-packages/airflow/example_dags/example_branch_day_of_week_operator.py
[2023-03-27T23:15:03.160+0000] {processor.py:743} INFO - Processing file /home/airflow/.local/lib/python3.7/site-packages/airflow/example_dags/example_branch_day_of_week_operator.py for tasks to queue
[2023-03-27T23:15:03.163+0000] {logging_mixin.py:137} INFO - [2023-03-27T23:15:03.163+0000] {dagbag.py:532} INFO - Filling up the DagBag from /home/airflow/.local/lib/python3.7/site-packages/airflow/example_dags/example_branch_day_of_week_operator.py
[2023-03-27T23:15:03.194+0000] {processor.py:753} INFO - DAG(s) dict_keys(['example_weekday_branch_operator']) retrieved from /home/airflow/.local/lib/python3.7/site-packages/airflow/example_dags/example_branch_day_of_week_operator.py
[2023-03-27T23:15:03.258+0000] {logging_mixin.py:137} INFO - [2023-03-27T23:15:03.257+0000] {dag.py:2693} INFO - Sync 1 DAGs
[2023-03-27T23:15:03.321+0000] {logging_mixin.py:137} INFO - [2023-03-27T23:15:03.321+0000] {dag.py:3444} INFO - Setting next_dagrun for example_weekday_branch_operator to 2023-03-26T00:00:00+00:00, run_after=2023-03-27T00:00:00+00:00
[2023-03-27T23:15:03.364+0000] {processor.py:175} INFO - Processing /home/airflow/.local/lib/python3.7/site-packages/airflow/example_dags/example_branch_day_of_week_operator.py took 0.216 seconds
[2023-03-27T23:15:34.267+0000] {processor.py:153} INFO - Started process (PID=592) to work on /home/airflow/.local/lib/python3.7/site-packages/airflow/example_dags/example_branch_day_of_week_operator.py
[2023-03-27T23:15:34.278+0000] {processor.py:743} INFO - Processing file /home/airflow/.local/lib/python3.7/site-packages/airflow/example_dags/example_branch_day_of_week_operator.py for tasks to queue
[2023-03-27T23:15:34.288+0000] {logging_mixin.py:137} INFO - [2023-03-27T23:15:34.288+0000] {dagbag.py:532} INFO - Filling up the DagBag from /home/airflow/.local/lib/python3.7/site-packages/airflow/example_dags/example_branch_day_of_week_operator.py
[2023-03-27T23:15:34.489+0000] {processor.py:753} INFO - DAG(s) dict_keys(['example_weekday_branch_operator']) retrieved from /home/airflow/.local/lib/python3.7/site-packages/airflow/example_dags/example_branch_day_of_week_operator.py
[2023-03-27T23:15:34.585+0000] {logging_mixin.py:137} INFO - [2023-03-27T23:15:34.585+0000] {dag.py:2693} INFO - Sync 1 DAGs
[2023-03-27T23:15:34.651+0000] {logging_mixin.py:137} INFO - [2023-03-27T23:15:34.651+0000] {dag.py:3444} INFO - Setting next_dagrun for example_weekday_branch_operator to 2023-03-26T00:00:00+00:00, run_after=2023-03-27T00:00:00+00:00
[2023-03-27T23:15:34.702+0000] {processor.py:175} INFO - Processing /home/airflow/.local/lib/python3.7/site-packages/airflow/example_dags/example_branch_day_of_week_operator.py took 0.503 seconds
[2023-03-27T23:16:05.910+0000] {processor.py:153} INFO - Started process (PID=640) to work on /home/airflow/.local/lib/python3.7/site-packages/airflow/example_dags/example_branch_day_of_week_operator.py
[2023-03-27T23:16:05.914+0000] {processor.py:743} INFO - Processing file /home/airflow/.local/lib/python3.7/site-packages/airflow/example_dags/example_branch_day_of_week_operator.py for tasks to queue
[2023-03-27T23:16:05.925+0000] {logging_mixin.py:137} INFO - [2023-03-27T23:16:05.925+0000] {dagbag.py:532} INFO - Filling up the DagBag from /home/airflow/.local/lib/python3.7/site-packages/airflow/example_dags/example_branch_day_of_week_operator.py
[2023-03-27T23:16:05.990+0000] {processor.py:753} INFO - DAG(s) dict_keys(['example_weekday_branch_operator']) retrieved from /home/airflow/.local/lib/python3.7/site-packages/airflow/example_dags/example_branch_day_of_week_operator.py
[2023-03-27T23:16:06.077+0000] {logging_mixin.py:137} INFO - [2023-03-27T23:16:06.077+0000] {dag.py:2693} INFO - Sync 1 DAGs
[2023-03-27T23:16:06.158+0000] {logging_mixin.py:137} INFO - [2023-03-27T23:16:06.158+0000] {dag.py:3444} INFO - Setting next_dagrun for example_weekday_branch_operator to 2023-03-26T00:00:00+00:00, run_after=2023-03-27T00:00:00+00:00
[2023-03-27T23:16:06.211+0000] {processor.py:175} INFO - Processing /home/airflow/.local/lib/python3.7/site-packages/airflow/example_dags/example_branch_day_of_week_operator.py took 0.326 seconds
[2023-03-27T23:16:36.500+0000] {processor.py:153} INFO - Started process (PID=689) to work on /home/airflow/.local/lib/python3.7/site-packages/airflow/example_dags/example_branch_day_of_week_operator.py
[2023-03-27T23:16:36.510+0000] {processor.py:743} INFO - Processing file /home/airflow/.local/lib/python3.7/site-packages/airflow/example_dags/example_branch_day_of_week_operator.py for tasks to queue
[2023-03-27T23:16:36.512+0000] {logging_mixin.py:137} INFO - [2023-03-27T23:16:36.512+0000] {dagbag.py:532} INFO - Filling up the DagBag from /home/airflow/.local/lib/python3.7/site-packages/airflow/example_dags/example_branch_day_of_week_operator.py
[2023-03-27T23:16:36.550+0000] {processor.py:753} INFO - DAG(s) dict_keys(['example_weekday_branch_operator']) retrieved from /home/airflow/.local/lib/python3.7/site-packages/airflow/example_dags/example_branch_day_of_week_operator.py
[2023-03-27T23:16:36.611+0000] {logging_mixin.py:137} INFO - [2023-03-27T23:16:36.611+0000] {dag.py:2693} INFO - Sync 1 DAGs
[2023-03-27T23:16:36.681+0000] {logging_mixin.py:137} INFO - [2023-03-27T23:16:36.680+0000] {dag.py:3444} INFO - Setting next_dagrun for example_weekday_branch_operator to 2023-03-26T00:00:00+00:00, run_after=2023-03-27T00:00:00+00:00
[2023-03-27T23:16:36.749+0000] {processor.py:175} INFO - Processing /home/airflow/.local/lib/python3.7/site-packages/airflow/example_dags/example_branch_day_of_week_operator.py took 0.256 seconds
[2023-03-27T23:17:08.328+0000] {processor.py:153} INFO - Started process (PID=738) to work on /home/airflow/.local/lib/python3.7/site-packages/airflow/example_dags/example_branch_day_of_week_operator.py
[2023-03-27T23:17:08.341+0000] {processor.py:743} INFO - Processing file /home/airflow/.local/lib/python3.7/site-packages/airflow/example_dags/example_branch_day_of_week_operator.py for tasks to queue
[2023-03-27T23:17:08.348+0000] {logging_mixin.py:137} INFO - [2023-03-27T23:17:08.347+0000] {dagbag.py:532} INFO - Filling up the DagBag from /home/airflow/.local/lib/python3.7/site-packages/airflow/example_dags/example_branch_day_of_week_operator.py
[2023-03-27T23:17:08.410+0000] {processor.py:753} INFO - DAG(s) dict_keys(['example_weekday_branch_operator']) retrieved from /home/airflow/.local/lib/python3.7/site-packages/airflow/example_dags/example_branch_day_of_week_operator.py
[2023-03-27T23:17:08.547+0000] {logging_mixin.py:137} INFO - [2023-03-27T23:17:08.547+0000] {dag.py:2693} INFO - Sync 1 DAGs
[2023-03-27T23:17:08.654+0000] {logging_mixin.py:137} INFO - [2023-03-27T23:17:08.654+0000] {dag.py:3444} INFO - Setting next_dagrun for example_weekday_branch_operator to 2023-03-26T00:00:00+00:00, run_after=2023-03-27T00:00:00+00:00
[2023-03-27T23:17:08.697+0000] {processor.py:175} INFO - Processing /home/airflow/.local/lib/python3.7/site-packages/airflow/example_dags/example_branch_day_of_week_operator.py took 0.386 seconds
[2023-03-27T23:17:38.817+0000] {processor.py:153} INFO - Started process (PID=787) to work on /home/airflow/.local/lib/python3.7/site-packages/airflow/example_dags/example_branch_day_of_week_operator.py
[2023-03-27T23:17:38.822+0000] {processor.py:743} INFO - Processing file /home/airflow/.local/lib/python3.7/site-packages/airflow/example_dags/example_branch_day_of_week_operator.py for tasks to queue
[2023-03-27T23:17:38.825+0000] {logging_mixin.py:137} INFO - [2023-03-27T23:17:38.825+0000] {dagbag.py:532} INFO - Filling up the DagBag from /home/airflow/.local/lib/python3.7/site-packages/airflow/example_dags/example_branch_day_of_week_operator.py
[2023-03-27T23:17:38.860+0000] {processor.py:753} INFO - DAG(s) dict_keys(['example_weekday_branch_operator']) retrieved from /home/airflow/.local/lib/python3.7/site-packages/airflow/example_dags/example_branch_day_of_week_operator.py
[2023-03-27T23:17:38.926+0000] {logging_mixin.py:137} INFO - [2023-03-27T23:17:38.925+0000] {dag.py:2693} INFO - Sync 1 DAGs
[2023-03-27T23:17:38.980+0000] {logging_mixin.py:137} INFO - [2023-03-27T23:17:38.980+0000] {dag.py:3444} INFO - Setting next_dagrun for example_weekday_branch_operator to 2023-03-26T00:00:00+00:00, run_after=2023-03-27T00:00:00+00:00
[2023-03-27T23:17:39.020+0000] {processor.py:175} INFO - Processing /home/airflow/.local/lib/python3.7/site-packages/airflow/example_dags/example_branch_day_of_week_operator.py took 0.216 seconds
[2023-03-27T23:18:09.479+0000] {processor.py:153} INFO - Started process (PID=836) to work on /home/airflow/.local/lib/python3.7/site-packages/airflow/example_dags/example_branch_day_of_week_operator.py
[2023-03-27T23:18:09.491+0000] {processor.py:743} INFO - Processing file /home/airflow/.local/lib/python3.7/site-packages/airflow/example_dags/example_branch_day_of_week_operator.py for tasks to queue
[2023-03-27T23:18:09.494+0000] {logging_mixin.py:137} INFO - [2023-03-27T23:18:09.493+0000] {dagbag.py:532} INFO - Filling up the DagBag from /home/airflow/.local/lib/python3.7/site-packages/airflow/example_dags/example_branch_day_of_week_operator.py
[2023-03-27T23:18:09.560+0000] {processor.py:753} INFO - DAG(s) dict_keys(['example_weekday_branch_operator']) retrieved from /home/airflow/.local/lib/python3.7/site-packages/airflow/example_dags/example_branch_day_of_week_operator.py
[2023-03-27T23:18:09.628+0000] {logging_mixin.py:137} INFO - [2023-03-27T23:18:09.627+0000] {dag.py:2693} INFO - Sync 1 DAGs
[2023-03-27T23:18:09.752+0000] {logging_mixin.py:137} INFO - [2023-03-27T23:18:09.751+0000] {dag.py:3444} INFO - Setting next_dagrun for example_weekday_branch_operator to 2023-03-26T00:00:00+00:00, run_after=2023-03-27T00:00:00+00:00
[2023-03-27T23:18:09.845+0000] {processor.py:175} INFO - Processing /home/airflow/.local/lib/python3.7/site-packages/airflow/example_dags/example_branch_day_of_week_operator.py took 0.390 seconds
[2023-03-27T23:18:40.340+0000] {processor.py:153} INFO - Started process (PID=885) to work on /home/airflow/.local/lib/python3.7/site-packages/airflow/example_dags/example_branch_day_of_week_operator.py
[2023-03-27T23:18:40.343+0000] {processor.py:743} INFO - Processing file /home/airflow/.local/lib/python3.7/site-packages/airflow/example_dags/example_branch_day_of_week_operator.py for tasks to queue
[2023-03-27T23:18:40.348+0000] {logging_mixin.py:137} INFO - [2023-03-27T23:18:40.348+0000] {dagbag.py:532} INFO - Filling up the DagBag from /home/airflow/.local/lib/python3.7/site-packages/airflow/example_dags/example_branch_day_of_week_operator.py
[2023-03-27T23:18:40.403+0000] {processor.py:753} INFO - DAG(s) dict_keys(['example_weekday_branch_operator']) retrieved from /home/airflow/.local/lib/python3.7/site-packages/airflow/example_dags/example_branch_day_of_week_operator.py
[2023-03-27T23:18:40.477+0000] {logging_mixin.py:137} INFO - [2023-03-27T23:18:40.476+0000] {dag.py:2693} INFO - Sync 1 DAGs
[2023-03-27T23:18:40.540+0000] {logging_mixin.py:137} INFO - [2023-03-27T23:18:40.540+0000] {dag.py:3444} INFO - Setting next_dagrun for example_weekday_branch_operator to 2023-03-26T00:00:00+00:00, run_after=2023-03-27T00:00:00+00:00
[2023-03-27T23:18:40.582+0000] {processor.py:175} INFO - Processing /home/airflow/.local/lib/python3.7/site-packages/airflow/example_dags/example_branch_day_of_week_operator.py took 0.254 seconds
[2023-03-27T23:19:10.846+0000] {processor.py:153} INFO - Started process (PID=934) to work on /home/airflow/.local/lib/python3.7/site-packages/airflow/example_dags/example_branch_day_of_week_operator.py
[2023-03-27T23:19:10.850+0000] {processor.py:743} INFO - Processing file /home/airflow/.local/lib/python3.7/site-packages/airflow/example_dags/example_branch_day_of_week_operator.py for tasks to queue
[2023-03-27T23:19:10.854+0000] {logging_mixin.py:137} INFO - [2023-03-27T23:19:10.854+0000] {dagbag.py:532} INFO - Filling up the DagBag from /home/airflow/.local/lib/python3.7/site-packages/airflow/example_dags/example_branch_day_of_week_operator.py
[2023-03-27T23:19:10.937+0000] {processor.py:753} INFO - DAG(s) dict_keys(['example_weekday_branch_operator']) retrieved from /home/airflow/.local/lib/python3.7/site-packages/airflow/example_dags/example_branch_day_of_week_operator.py
[2023-03-27T23:19:11.044+0000] {logging_mixin.py:137} INFO - [2023-03-27T23:19:11.043+0000] {dag.py:2693} INFO - Sync 1 DAGs
[2023-03-27T23:19:11.104+0000] {logging_mixin.py:137} INFO - [2023-03-27T23:19:11.103+0000] {dag.py:3444} INFO - Setting next_dagrun for example_weekday_branch_operator to 2023-03-26T00:00:00+00:00, run_after=2023-03-27T00:00:00+00:00
[2023-03-27T23:19:11.151+0000] {processor.py:175} INFO - Processing /home/airflow/.local/lib/python3.7/site-packages/airflow/example_dags/example_branch_day_of_week_operator.py took 0.322 seconds
[2023-03-27T23:19:42.009+0000] {processor.py:153} INFO - Started process (PID=983) to work on /home/airflow/.local/lib/python3.7/site-packages/airflow/example_dags/example_branch_day_of_week_operator.py
[2023-03-27T23:19:42.018+0000] {processor.py:743} INFO - Processing file /home/airflow/.local/lib/python3.7/site-packages/airflow/example_dags/example_branch_day_of_week_operator.py for tasks to queue
[2023-03-27T23:19:42.024+0000] {logging_mixin.py:137} INFO - [2023-03-27T23:19:42.023+0000] {dagbag.py:532} INFO - Filling up the DagBag from /home/airflow/.local/lib/python3.7/site-packages/airflow/example_dags/example_branch_day_of_week_operator.py
[2023-03-27T23:19:42.151+0000] {processor.py:753} INFO - DAG(s) dict_keys(['example_weekday_branch_operator']) retrieved from /home/airflow/.local/lib/python3.7/site-packages/airflow/example_dags/example_branch_day_of_week_operator.py
[2023-03-27T23:19:42.218+0000] {logging_mixin.py:137} INFO - [2023-03-27T23:19:42.218+0000] {dag.py:2693} INFO - Sync 1 DAGs
[2023-03-27T23:19:42.363+0000] {logging_mixin.py:137} INFO - [2023-03-27T23:19:42.363+0000] {dag.py:3444} INFO - Setting next_dagrun for example_weekday_branch_operator to 2023-03-26T00:00:00+00:00, run_after=2023-03-27T00:00:00+00:00
[2023-03-27T23:19:42.445+0000] {processor.py:175} INFO - Processing /home/airflow/.local/lib/python3.7/site-packages/airflow/example_dags/example_branch_day_of_week_operator.py took 0.455 seconds
[2023-03-27T23:20:12.545+0000] {processor.py:153} INFO - Started process (PID=1032) to work on /home/airflow/.local/lib/python3.7/site-packages/airflow/example_dags/example_branch_day_of_week_operator.py
[2023-03-27T23:20:12.549+0000] {processor.py:743} INFO - Processing file /home/airflow/.local/lib/python3.7/site-packages/airflow/example_dags/example_branch_day_of_week_operator.py for tasks to queue
[2023-03-27T23:20:12.551+0000] {logging_mixin.py:137} INFO - [2023-03-27T23:20:12.551+0000] {dagbag.py:532} INFO - Filling up the DagBag from /home/airflow/.local/lib/python3.7/site-packages/airflow/example_dags/example_branch_day_of_week_operator.py
[2023-03-27T23:20:12.582+0000] {processor.py:753} INFO - DAG(s) dict_keys(['example_weekday_branch_operator']) retrieved from /home/airflow/.local/lib/python3.7/site-packages/airflow/example_dags/example_branch_day_of_week_operator.py
[2023-03-27T23:20:12.638+0000] {logging_mixin.py:137} INFO - [2023-03-27T23:20:12.638+0000] {dag.py:2693} INFO - Sync 1 DAGs
[2023-03-27T23:20:12.688+0000] {logging_mixin.py:137} INFO - [2023-03-27T23:20:12.688+0000] {dag.py:3444} INFO - Setting next_dagrun for example_weekday_branch_operator to 2023-03-26T00:00:00+00:00, run_after=2023-03-27T00:00:00+00:00
[2023-03-27T23:20:12.732+0000] {processor.py:175} INFO - Processing /home/airflow/.local/lib/python3.7/site-packages/airflow/example_dags/example_branch_day_of_week_operator.py took 0.196 seconds
[2023-03-27T23:20:43.189+0000] {processor.py:153} INFO - Started process (PID=1081) to work on /home/airflow/.local/lib/python3.7/site-packages/airflow/example_dags/example_branch_day_of_week_operator.py
[2023-03-27T23:20:43.193+0000] {processor.py:743} INFO - Processing file /home/airflow/.local/lib/python3.7/site-packages/airflow/example_dags/example_branch_day_of_week_operator.py for tasks to queue
[2023-03-27T23:20:43.197+0000] {logging_mixin.py:137} INFO - [2023-03-27T23:20:43.197+0000] {dagbag.py:532} INFO - Filling up the DagBag from /home/airflow/.local/lib/python3.7/site-packages/airflow/example_dags/example_branch_day_of_week_operator.py
[2023-03-27T23:20:43.254+0000] {processor.py:753} INFO - DAG(s) dict_keys(['example_weekday_branch_operator']) retrieved from /home/airflow/.local/lib/python3.7/site-packages/airflow/example_dags/example_branch_day_of_week_operator.py
[2023-03-27T23:20:43.355+0000] {logging_mixin.py:137} INFO - [2023-03-27T23:20:43.355+0000] {dag.py:2693} INFO - Sync 1 DAGs
[2023-03-27T23:20:43.422+0000] {logging_mixin.py:137} INFO - [2023-03-27T23:20:43.422+0000] {dag.py:3444} INFO - Setting next_dagrun for example_weekday_branch_operator to 2023-03-26T00:00:00+00:00, run_after=2023-03-27T00:00:00+00:00
[2023-03-27T23:20:43.470+0000] {processor.py:175} INFO - Processing /home/airflow/.local/lib/python3.7/site-packages/airflow/example_dags/example_branch_day_of_week_operator.py took 0.290 seconds
[2023-03-27T23:21:13.624+0000] {processor.py:153} INFO - Started process (PID=1130) to work on /home/airflow/.local/lib/python3.7/site-packages/airflow/example_dags/example_branch_day_of_week_operator.py
[2023-03-27T23:21:13.627+0000] {processor.py:743} INFO - Processing file /home/airflow/.local/lib/python3.7/site-packages/airflow/example_dags/example_branch_day_of_week_operator.py for tasks to queue
[2023-03-27T23:21:13.631+0000] {logging_mixin.py:137} INFO - [2023-03-27T23:21:13.630+0000] {dagbag.py:532} INFO - Filling up the DagBag from /home/airflow/.local/lib/python3.7/site-packages/airflow/example_dags/example_branch_day_of_week_operator.py
[2023-03-27T23:21:13.672+0000] {processor.py:753} INFO - DAG(s) dict_keys(['example_weekday_branch_operator']) retrieved from /home/airflow/.local/lib/python3.7/site-packages/airflow/example_dags/example_branch_day_of_week_operator.py
[2023-03-27T23:21:13.759+0000] {logging_mixin.py:137} INFO - [2023-03-27T23:21:13.759+0000] {dag.py:2693} INFO - Sync 1 DAGs
[2023-03-27T23:21:13.828+0000] {logging_mixin.py:137} INFO - [2023-03-27T23:21:13.828+0000] {dag.py:3444} INFO - Setting next_dagrun for example_weekday_branch_operator to 2023-03-26T00:00:00+00:00, run_after=2023-03-27T00:00:00+00:00
[2023-03-27T23:21:13.890+0000] {processor.py:175} INFO - Processing /home/airflow/.local/lib/python3.7/site-packages/airflow/example_dags/example_branch_day_of_week_operator.py took 0.275 seconds
[2023-03-27T23:21:44.081+0000] {processor.py:153} INFO - Started process (PID=1179) to work on /home/airflow/.local/lib/python3.7/site-packages/airflow/example_dags/example_branch_day_of_week_operator.py
[2023-03-27T23:21:44.091+0000] {processor.py:743} INFO - Processing file /home/airflow/.local/lib/python3.7/site-packages/airflow/example_dags/example_branch_day_of_week_operator.py for tasks to queue
[2023-03-27T23:21:44.096+0000] {logging_mixin.py:137} INFO - [2023-03-27T23:21:44.096+0000] {dagbag.py:532} INFO - Filling up the DagBag from /home/airflow/.local/lib/python3.7/site-packages/airflow/example_dags/example_branch_day_of_week_operator.py
[2023-03-27T23:21:44.145+0000] {processor.py:753} INFO - DAG(s) dict_keys(['example_weekday_branch_operator']) retrieved from /home/airflow/.local/lib/python3.7/site-packages/airflow/example_dags/example_branch_day_of_week_operator.py
[2023-03-27T23:21:44.234+0000] {logging_mixin.py:137} INFO - [2023-03-27T23:21:44.233+0000] {dag.py:2693} INFO - Sync 1 DAGs
[2023-03-27T23:21:44.295+0000] {logging_mixin.py:137} INFO - [2023-03-27T23:21:44.294+0000] {dag.py:3444} INFO - Setting next_dagrun for example_weekday_branch_operator to 2023-03-26T00:00:00+00:00, run_after=2023-03-27T00:00:00+00:00
[2023-03-27T23:21:44.335+0000] {processor.py:175} INFO - Processing /home/airflow/.local/lib/python3.7/site-packages/airflow/example_dags/example_branch_day_of_week_operator.py took 0.262 seconds
[2023-03-27T23:22:15.041+0000] {processor.py:153} INFO - Started process (PID=1229) to work on /home/airflow/.local/lib/python3.7/site-packages/airflow/example_dags/example_branch_day_of_week_operator.py
[2023-03-27T23:22:15.050+0000] {processor.py:743} INFO - Processing file /home/airflow/.local/lib/python3.7/site-packages/airflow/example_dags/example_branch_day_of_week_operator.py for tasks to queue
[2023-03-27T23:22:15.068+0000] {logging_mixin.py:137} INFO - [2023-03-27T23:22:15.068+0000] {dagbag.py:532} INFO - Filling up the DagBag from /home/airflow/.local/lib/python3.7/site-packages/airflow/example_dags/example_branch_day_of_week_operator.py
[2023-03-27T23:22:15.113+0000] {processor.py:753} INFO - DAG(s) dict_keys(['example_weekday_branch_operator']) retrieved from /home/airflow/.local/lib/python3.7/site-packages/airflow/example_dags/example_branch_day_of_week_operator.py
[2023-03-27T23:22:15.254+0000] {logging_mixin.py:137} INFO - [2023-03-27T23:22:15.253+0000] {dag.py:2693} INFO - Sync 1 DAGs
[2023-03-27T23:22:15.330+0000] {logging_mixin.py:137} INFO - [2023-03-27T23:22:15.330+0000] {dag.py:3444} INFO - Setting next_dagrun for example_weekday_branch_operator to 2023-03-26T00:00:00+00:00, run_after=2023-03-27T00:00:00+00:00
[2023-03-27T23:22:15.403+0000] {processor.py:175} INFO - Processing /home/airflow/.local/lib/python3.7/site-packages/airflow/example_dags/example_branch_day_of_week_operator.py took 0.377 seconds
[2023-03-27T23:22:45.548+0000] {processor.py:153} INFO - Started process (PID=1277) to work on /home/airflow/.local/lib/python3.7/site-packages/airflow/example_dags/example_branch_day_of_week_operator.py
[2023-03-27T23:22:45.551+0000] {processor.py:743} INFO - Processing file /home/airflow/.local/lib/python3.7/site-packages/airflow/example_dags/example_branch_day_of_week_operator.py for tasks to queue
[2023-03-27T23:22:45.554+0000] {logging_mixin.py:137} INFO - [2023-03-27T23:22:45.554+0000] {dagbag.py:532} INFO - Filling up the DagBag from /home/airflow/.local/lib/python3.7/site-packages/airflow/example_dags/example_branch_day_of_week_operator.py
[2023-03-27T23:22:45.584+0000] {processor.py:753} INFO - DAG(s) dict_keys(['example_weekday_branch_operator']) retrieved from /home/airflow/.local/lib/python3.7/site-packages/airflow/example_dags/example_branch_day_of_week_operator.py
[2023-03-27T23:22:45.636+0000] {logging_mixin.py:137} INFO - [2023-03-27T23:22:45.636+0000] {dag.py:2693} INFO - Sync 1 DAGs
[2023-03-27T23:22:45.687+0000] {logging_mixin.py:137} INFO - [2023-03-27T23:22:45.686+0000] {dag.py:3444} INFO - Setting next_dagrun for example_weekday_branch_operator to 2023-03-26T00:00:00+00:00, run_after=2023-03-27T00:00:00+00:00
[2023-03-27T23:22:45.726+0000] {processor.py:175} INFO - Processing /home/airflow/.local/lib/python3.7/site-packages/airflow/example_dags/example_branch_day_of_week_operator.py took 0.185 seconds
[2023-03-27T23:23:16.374+0000] {processor.py:153} INFO - Started process (PID=1326) to work on /home/airflow/.local/lib/python3.7/site-packages/airflow/example_dags/example_branch_day_of_week_operator.py
[2023-03-27T23:23:16.378+0000] {processor.py:743} INFO - Processing file /home/airflow/.local/lib/python3.7/site-packages/airflow/example_dags/example_branch_day_of_week_operator.py for tasks to queue
[2023-03-27T23:23:16.382+0000] {logging_mixin.py:137} INFO - [2023-03-27T23:23:16.382+0000] {dagbag.py:532} INFO - Filling up the DagBag from /home/airflow/.local/lib/python3.7/site-packages/airflow/example_dags/example_branch_day_of_week_operator.py
[2023-03-27T23:23:16.412+0000] {processor.py:753} INFO - DAG(s) dict_keys(['example_weekday_branch_operator']) retrieved from /home/airflow/.local/lib/python3.7/site-packages/airflow/example_dags/example_branch_day_of_week_operator.py
[2023-03-27T23:23:16.463+0000] {logging_mixin.py:137} INFO - [2023-03-27T23:23:16.463+0000] {dag.py:2693} INFO - Sync 1 DAGs
[2023-03-27T23:23:16.513+0000] {logging_mixin.py:137} INFO - [2023-03-27T23:23:16.512+0000] {dag.py:3444} INFO - Setting next_dagrun for example_weekday_branch_operator to 2023-03-26T00:00:00+00:00, run_after=2023-03-27T00:00:00+00:00
[2023-03-27T23:23:16.554+0000] {processor.py:175} INFO - Processing /home/airflow/.local/lib/python3.7/site-packages/airflow/example_dags/example_branch_day_of_week_operator.py took 0.194 seconds
[2023-03-27T23:23:46.812+0000] {processor.py:153} INFO - Started process (PID=1375) to work on /home/airflow/.local/lib/python3.7/site-packages/airflow/example_dags/example_branch_day_of_week_operator.py
[2023-03-27T23:23:46.817+0000] {processor.py:743} INFO - Processing file /home/airflow/.local/lib/python3.7/site-packages/airflow/example_dags/example_branch_day_of_week_operator.py for tasks to queue
[2023-03-27T23:23:46.821+0000] {logging_mixin.py:137} INFO - [2023-03-27T23:23:46.820+0000] {dagbag.py:532} INFO - Filling up the DagBag from /home/airflow/.local/lib/python3.7/site-packages/airflow/example_dags/example_branch_day_of_week_operator.py
[2023-03-27T23:23:46.860+0000] {processor.py:753} INFO - DAG(s) dict_keys(['example_weekday_branch_operator']) retrieved from /home/airflow/.local/lib/python3.7/site-packages/airflow/example_dags/example_branch_day_of_week_operator.py
[2023-03-27T23:23:46.911+0000] {logging_mixin.py:137} INFO - [2023-03-27T23:23:46.911+0000] {dag.py:2693} INFO - Sync 1 DAGs
[2023-03-27T23:23:46.965+0000] {logging_mixin.py:137} INFO - [2023-03-27T23:23:46.964+0000] {dag.py:3444} INFO - Setting next_dagrun for example_weekday_branch_operator to 2023-03-26T00:00:00+00:00, run_after=2023-03-27T00:00:00+00:00
[2023-03-27T23:23:47.005+0000] {processor.py:175} INFO - Processing /home/airflow/.local/lib/python3.7/site-packages/airflow/example_dags/example_branch_day_of_week_operator.py took 0.202 seconds
[2023-03-27T23:24:17.487+0000] {processor.py:153} INFO - Started process (PID=1424) to work on /home/airflow/.local/lib/python3.7/site-packages/airflow/example_dags/example_branch_day_of_week_operator.py
[2023-03-27T23:24:17.490+0000] {processor.py:743} INFO - Processing file /home/airflow/.local/lib/python3.7/site-packages/airflow/example_dags/example_branch_day_of_week_operator.py for tasks to queue
[2023-03-27T23:24:17.496+0000] {logging_mixin.py:137} INFO - [2023-03-27T23:24:17.495+0000] {dagbag.py:532} INFO - Filling up the DagBag from /home/airflow/.local/lib/python3.7/site-packages/airflow/example_dags/example_branch_day_of_week_operator.py
[2023-03-27T23:24:17.552+0000] {processor.py:753} INFO - DAG(s) dict_keys(['example_weekday_branch_operator']) retrieved from /home/airflow/.local/lib/python3.7/site-packages/airflow/example_dags/example_branch_day_of_week_operator.py
[2023-03-27T23:24:17.665+0000] {logging_mixin.py:137} INFO - [2023-03-27T23:24:17.665+0000] {dag.py:2693} INFO - Sync 1 DAGs
[2023-03-27T23:24:17.769+0000] {logging_mixin.py:137} INFO - [2023-03-27T23:24:17.769+0000] {dag.py:3444} INFO - Setting next_dagrun for example_weekday_branch_operator to 2023-03-26T00:00:00+00:00, run_after=2023-03-27T00:00:00+00:00
[2023-03-27T23:24:17.843+0000] {processor.py:175} INFO - Processing /home/airflow/.local/lib/python3.7/site-packages/airflow/example_dags/example_branch_day_of_week_operator.py took 0.367 seconds
[2023-03-27T23:55:01.624+0000] {processor.py:153} INFO - Started process (PID=1517) to work on /home/airflow/.local/lib/python3.7/site-packages/airflow/example_dags/example_branch_day_of_week_operator.py
[2023-03-27T23:55:01.628+0000] {processor.py:743} INFO - Processing file /home/airflow/.local/lib/python3.7/site-packages/airflow/example_dags/example_branch_day_of_week_operator.py for tasks to queue
[2023-03-27T23:55:01.631+0000] {logging_mixin.py:137} INFO - [2023-03-27T23:55:01.631+0000] {dagbag.py:532} INFO - Filling up the DagBag from /home/airflow/.local/lib/python3.7/site-packages/airflow/example_dags/example_branch_day_of_week_operator.py
[2023-03-27T23:55:01.665+0000] {processor.py:753} INFO - DAG(s) dict_keys(['example_weekday_branch_operator']) retrieved from /home/airflow/.local/lib/python3.7/site-packages/airflow/example_dags/example_branch_day_of_week_operator.py
[2023-03-27T23:55:01.738+0000] {logging_mixin.py:137} INFO - [2023-03-27T23:55:01.738+0000] {dag.py:2693} INFO - Sync 1 DAGs
[2023-03-27T23:55:01.801+0000] {logging_mixin.py:137} INFO - [2023-03-27T23:55:01.801+0000] {dag.py:3444} INFO - Setting next_dagrun for example_weekday_branch_operator to 2023-03-26T00:00:00+00:00, run_after=2023-03-27T00:00:00+00:00
[2023-03-27T23:55:01.874+0000] {processor.py:175} INFO - Processing /home/airflow/.local/lib/python3.7/site-packages/airflow/example_dags/example_branch_day_of_week_operator.py took 0.260 seconds
[2023-03-27T23:55:33.156+0000] {processor.py:153} INFO - Started process (PID=1565) to work on /home/airflow/.local/lib/python3.7/site-packages/airflow/example_dags/example_branch_day_of_week_operator.py
[2023-03-27T23:55:33.161+0000] {processor.py:743} INFO - Processing file /home/airflow/.local/lib/python3.7/site-packages/airflow/example_dags/example_branch_day_of_week_operator.py for tasks to queue
[2023-03-27T23:55:33.165+0000] {logging_mixin.py:137} INFO - [2023-03-27T23:55:33.164+0000] {dagbag.py:532} INFO - Filling up the DagBag from /home/airflow/.local/lib/python3.7/site-packages/airflow/example_dags/example_branch_day_of_week_operator.py
[2023-03-27T23:55:33.202+0000] {processor.py:753} INFO - DAG(s) dict_keys(['example_weekday_branch_operator']) retrieved from /home/airflow/.local/lib/python3.7/site-packages/airflow/example_dags/example_branch_day_of_week_operator.py
[2023-03-27T23:55:33.268+0000] {logging_mixin.py:137} INFO - [2023-03-27T23:55:33.268+0000] {dag.py:2693} INFO - Sync 1 DAGs
[2023-03-27T23:55:33.358+0000] {logging_mixin.py:137} INFO - [2023-03-27T23:55:33.357+0000] {dag.py:3444} INFO - Setting next_dagrun for example_weekday_branch_operator to 2023-03-26T00:00:00+00:00, run_after=2023-03-27T00:00:00+00:00
[2023-03-27T23:55:33.399+0000] {processor.py:175} INFO - Processing /home/airflow/.local/lib/python3.7/site-packages/airflow/example_dags/example_branch_day_of_week_operator.py took 0.253 seconds
[2023-03-27T23:56:11.199+0000] {processor.py:153} INFO - Started process (PID=1614) to work on /home/airflow/.local/lib/python3.7/site-packages/airflow/example_dags/example_branch_day_of_week_operator.py
[2023-03-27T23:56:11.204+0000] {processor.py:743} INFO - Processing file /home/airflow/.local/lib/python3.7/site-packages/airflow/example_dags/example_branch_day_of_week_operator.py for tasks to queue
[2023-03-27T23:56:11.208+0000] {logging_mixin.py:137} INFO - [2023-03-27T23:56:11.208+0000] {dagbag.py:532} INFO - Filling up the DagBag from /home/airflow/.local/lib/python3.7/site-packages/airflow/example_dags/example_branch_day_of_week_operator.py
[2023-03-27T23:56:11.247+0000] {processor.py:753} INFO - DAG(s) dict_keys(['example_weekday_branch_operator']) retrieved from /home/airflow/.local/lib/python3.7/site-packages/airflow/example_dags/example_branch_day_of_week_operator.py
[2023-03-27T23:56:11.320+0000] {logging_mixin.py:137} INFO - [2023-03-27T23:56:11.320+0000] {dag.py:2693} INFO - Sync 1 DAGs
[2023-03-27T23:56:11.383+0000] {logging_mixin.py:137} INFO - [2023-03-27T23:56:11.383+0000] {dag.py:3444} INFO - Setting next_dagrun for example_weekday_branch_operator to 2023-03-26T00:00:00+00:00, run_after=2023-03-27T00:00:00+00:00
[2023-03-27T23:56:11.423+0000] {processor.py:175} INFO - Processing /home/airflow/.local/lib/python3.7/site-packages/airflow/example_dags/example_branch_day_of_week_operator.py took 0.238 seconds
[2023-03-27T23:56:43.924+0000] {processor.py:153} INFO - Started process (PID=1663) to work on /home/airflow/.local/lib/python3.7/site-packages/airflow/example_dags/example_branch_day_of_week_operator.py
[2023-03-27T23:56:43.928+0000] {processor.py:743} INFO - Processing file /home/airflow/.local/lib/python3.7/site-packages/airflow/example_dags/example_branch_day_of_week_operator.py for tasks to queue
[2023-03-27T23:56:43.936+0000] {logging_mixin.py:137} INFO - [2023-03-27T23:56:43.932+0000] {dagbag.py:532} INFO - Filling up the DagBag from /home/airflow/.local/lib/python3.7/site-packages/airflow/example_dags/example_branch_day_of_week_operator.py
[2023-03-27T23:56:43.990+0000] {processor.py:753} INFO - DAG(s) dict_keys(['example_weekday_branch_operator']) retrieved from /home/airflow/.local/lib/python3.7/site-packages/airflow/example_dags/example_branch_day_of_week_operator.py
[2023-03-27T23:56:44.046+0000] {logging_mixin.py:137} INFO - [2023-03-27T23:56:44.046+0000] {dag.py:2693} INFO - Sync 1 DAGs
[2023-03-27T23:56:44.116+0000] {logging_mixin.py:137} INFO - [2023-03-27T23:56:44.116+0000] {dag.py:3444} INFO - Setting next_dagrun for example_weekday_branch_operator to 2023-03-26T00:00:00+00:00, run_after=2023-03-27T00:00:00+00:00
[2023-03-27T23:56:44.196+0000] {processor.py:175} INFO - Processing /home/airflow/.local/lib/python3.7/site-packages/airflow/example_dags/example_branch_day_of_week_operator.py took 0.297 seconds
[2023-03-27T23:57:14.831+0000] {processor.py:153} INFO - Started process (PID=1712) to work on /home/airflow/.local/lib/python3.7/site-packages/airflow/example_dags/example_branch_day_of_week_operator.py
[2023-03-27T23:57:14.840+0000] {processor.py:743} INFO - Processing file /home/airflow/.local/lib/python3.7/site-packages/airflow/example_dags/example_branch_day_of_week_operator.py for tasks to queue
[2023-03-27T23:57:14.846+0000] {logging_mixin.py:137} INFO - [2023-03-27T23:57:14.846+0000] {dagbag.py:532} INFO - Filling up the DagBag from /home/airflow/.local/lib/python3.7/site-packages/airflow/example_dags/example_branch_day_of_week_operator.py
[2023-03-27T23:57:14.923+0000] {processor.py:753} INFO - DAG(s) dict_keys(['example_weekday_branch_operator']) retrieved from /home/airflow/.local/lib/python3.7/site-packages/airflow/example_dags/example_branch_day_of_week_operator.py
[2023-03-27T23:57:15.038+0000] {logging_mixin.py:137} INFO - [2023-03-27T23:57:15.036+0000] {dag.py:2693} INFO - Sync 1 DAGs
[2023-03-27T23:57:15.165+0000] {logging_mixin.py:137} INFO - [2023-03-27T23:57:15.164+0000] {dag.py:3444} INFO - Setting next_dagrun for example_weekday_branch_operator to 2023-03-26T00:00:00+00:00, run_after=2023-03-27T00:00:00+00:00
[2023-03-27T23:57:15.396+0000] {processor.py:175} INFO - Processing /home/airflow/.local/lib/python3.7/site-packages/airflow/example_dags/example_branch_day_of_week_operator.py took 0.579 seconds
[2023-03-27T23:57:46.375+0000] {processor.py:153} INFO - Started process (PID=1769) to work on /home/airflow/.local/lib/python3.7/site-packages/airflow/example_dags/example_branch_day_of_week_operator.py
[2023-03-27T23:57:46.378+0000] {processor.py:743} INFO - Processing file /home/airflow/.local/lib/python3.7/site-packages/airflow/example_dags/example_branch_day_of_week_operator.py for tasks to queue
[2023-03-27T23:57:46.381+0000] {logging_mixin.py:137} INFO - [2023-03-27T23:57:46.380+0000] {dagbag.py:532} INFO - Filling up the DagBag from /home/airflow/.local/lib/python3.7/site-packages/airflow/example_dags/example_branch_day_of_week_operator.py
[2023-03-27T23:57:46.421+0000] {processor.py:753} INFO - DAG(s) dict_keys(['example_weekday_branch_operator']) retrieved from /home/airflow/.local/lib/python3.7/site-packages/airflow/example_dags/example_branch_day_of_week_operator.py
[2023-03-27T23:57:46.475+0000] {logging_mixin.py:137} INFO - [2023-03-27T23:57:46.475+0000] {dag.py:2693} INFO - Sync 1 DAGs
[2023-03-27T23:57:46.534+0000] {logging_mixin.py:137} INFO - [2023-03-27T23:57:46.534+0000] {dag.py:3444} INFO - Setting next_dagrun for example_weekday_branch_operator to 2023-03-26T00:00:00+00:00, run_after=2023-03-27T00:00:00+00:00
[2023-03-27T23:57:46.607+0000] {processor.py:175} INFO - Processing /home/airflow/.local/lib/python3.7/site-packages/airflow/example_dags/example_branch_day_of_week_operator.py took 0.238 seconds
[2023-03-27T23:58:17.095+0000] {processor.py:153} INFO - Started process (PID=1819) to work on /home/airflow/.local/lib/python3.7/site-packages/airflow/example_dags/example_branch_day_of_week_operator.py
[2023-03-27T23:58:17.100+0000] {processor.py:743} INFO - Processing file /home/airflow/.local/lib/python3.7/site-packages/airflow/example_dags/example_branch_day_of_week_operator.py for tasks to queue
[2023-03-27T23:58:17.102+0000] {logging_mixin.py:137} INFO - [2023-03-27T23:58:17.102+0000] {dagbag.py:532} INFO - Filling up the DagBag from /home/airflow/.local/lib/python3.7/site-packages/airflow/example_dags/example_branch_day_of_week_operator.py
[2023-03-27T23:58:17.145+0000] {processor.py:753} INFO - DAG(s) dict_keys(['example_weekday_branch_operator']) retrieved from /home/airflow/.local/lib/python3.7/site-packages/airflow/example_dags/example_branch_day_of_week_operator.py
[2023-03-27T23:58:17.201+0000] {logging_mixin.py:137} INFO - [2023-03-27T23:58:17.201+0000] {dag.py:2693} INFO - Sync 1 DAGs
[2023-03-27T23:58:17.248+0000] {logging_mixin.py:137} INFO - [2023-03-27T23:58:17.248+0000] {dag.py:3444} INFO - Setting next_dagrun for example_weekday_branch_operator to 2023-03-26T00:00:00+00:00, run_after=2023-03-27T00:00:00+00:00
[2023-03-27T23:58:17.288+0000] {processor.py:175} INFO - Processing /home/airflow/.local/lib/python3.7/site-packages/airflow/example_dags/example_branch_day_of_week_operator.py took 0.203 seconds
[2023-03-27T23:58:49.442+0000] {processor.py:153} INFO - Started process (PID=1867) to work on /home/airflow/.local/lib/python3.7/site-packages/airflow/example_dags/example_branch_day_of_week_operator.py
[2023-03-27T23:58:49.447+0000] {processor.py:743} INFO - Processing file /home/airflow/.local/lib/python3.7/site-packages/airflow/example_dags/example_branch_day_of_week_operator.py for tasks to queue
[2023-03-27T23:58:49.451+0000] {logging_mixin.py:137} INFO - [2023-03-27T23:58:49.450+0000] {dagbag.py:532} INFO - Filling up the DagBag from /home/airflow/.local/lib/python3.7/site-packages/airflow/example_dags/example_branch_day_of_week_operator.py
[2023-03-27T23:58:49.486+0000] {processor.py:753} INFO - DAG(s) dict_keys(['example_weekday_branch_operator']) retrieved from /home/airflow/.local/lib/python3.7/site-packages/airflow/example_dags/example_branch_day_of_week_operator.py
[2023-03-27T23:58:49.556+0000] {logging_mixin.py:137} INFO - [2023-03-27T23:58:49.556+0000] {dag.py:2693} INFO - Sync 1 DAGs
[2023-03-27T23:58:49.640+0000] {logging_mixin.py:137} INFO - [2023-03-27T23:58:49.640+0000] {dag.py:3444} INFO - Setting next_dagrun for example_weekday_branch_operator to 2023-03-26T00:00:00+00:00, run_after=2023-03-27T00:00:00+00:00
[2023-03-27T23:58:49.696+0000] {processor.py:175} INFO - Processing /home/airflow/.local/lib/python3.7/site-packages/airflow/example_dags/example_branch_day_of_week_operator.py took 0.264 seconds
[2023-03-27T23:59:20.502+0000] {processor.py:153} INFO - Started process (PID=1916) to work on /home/airflow/.local/lib/python3.7/site-packages/airflow/example_dags/example_branch_day_of_week_operator.py
[2023-03-27T23:59:20.506+0000] {processor.py:743} INFO - Processing file /home/airflow/.local/lib/python3.7/site-packages/airflow/example_dags/example_branch_day_of_week_operator.py for tasks to queue
[2023-03-27T23:59:20.511+0000] {logging_mixin.py:137} INFO - [2023-03-27T23:59:20.510+0000] {dagbag.py:532} INFO - Filling up the DagBag from /home/airflow/.local/lib/python3.7/site-packages/airflow/example_dags/example_branch_day_of_week_operator.py
[2023-03-27T23:59:20.564+0000] {processor.py:753} INFO - DAG(s) dict_keys(['example_weekday_branch_operator']) retrieved from /home/airflow/.local/lib/python3.7/site-packages/airflow/example_dags/example_branch_day_of_week_operator.py
[2023-03-27T23:59:20.651+0000] {logging_mixin.py:137} INFO - [2023-03-27T23:59:20.651+0000] {dag.py:2693} INFO - Sync 1 DAGs
[2023-03-27T23:59:20.738+0000] {logging_mixin.py:137} INFO - [2023-03-27T23:59:20.737+0000] {dag.py:3444} INFO - Setting next_dagrun for example_weekday_branch_operator to 2023-03-26T00:00:00+00:00, run_after=2023-03-27T00:00:00+00:00
[2023-03-27T23:59:20.880+0000] {processor.py:175} INFO - Processing /home/airflow/.local/lib/python3.7/site-packages/airflow/example_dags/example_branch_day_of_week_operator.py took 0.397 seconds
[2023-03-27T23:59:52.732+0000] {processor.py:153} INFO - Started process (PID=1965) to work on /home/airflow/.local/lib/python3.7/site-packages/airflow/example_dags/example_branch_day_of_week_operator.py
[2023-03-27T23:59:52.738+0000] {processor.py:743} INFO - Processing file /home/airflow/.local/lib/python3.7/site-packages/airflow/example_dags/example_branch_day_of_week_operator.py for tasks to queue
[2023-03-27T23:59:52.742+0000] {logging_mixin.py:137} INFO - [2023-03-27T23:59:52.742+0000] {dagbag.py:532} INFO - Filling up the DagBag from /home/airflow/.local/lib/python3.7/site-packages/airflow/example_dags/example_branch_day_of_week_operator.py
[2023-03-27T23:59:52.779+0000] {processor.py:753} INFO - DAG(s) dict_keys(['example_weekday_branch_operator']) retrieved from /home/airflow/.local/lib/python3.7/site-packages/airflow/example_dags/example_branch_day_of_week_operator.py
[2023-03-27T23:59:52.840+0000] {logging_mixin.py:137} INFO - [2023-03-27T23:59:52.840+0000] {dag.py:2693} INFO - Sync 1 DAGs
[2023-03-27T23:59:52.920+0000] {logging_mixin.py:137} INFO - [2023-03-27T23:59:52.920+0000] {dag.py:3444} INFO - Setting next_dagrun for example_weekday_branch_operator to 2023-03-26T00:00:00+00:00, run_after=2023-03-27T00:00:00+00:00
[2023-03-27T23:59:52.987+0000] {processor.py:175} INFO - Processing /home/airflow/.local/lib/python3.7/site-packages/airflow/example_dags/example_branch_day_of_week_operator.py took 0.267 seconds
