[2023-03-27T11:51:04.058+0000] {processor.py:153} INFO - Started process (PID=146) to work on /home/airflow/.local/lib/python3.7/site-packages/airflow/example_dags/example_bash_operator.py
[2023-03-27T11:51:04.184+0000] {processor.py:743} INFO - Processing file /home/airflow/.local/lib/python3.7/site-packages/airflow/example_dags/example_bash_operator.py for tasks to queue
[2023-03-27T11:51:04.367+0000] {logging_mixin.py:137} INFO - [2023-03-27T11:51:04.263+0000] {dagbag.py:532} INFO - Filling up the DagBag from /home/airflow/.local/lib/python3.7/site-packages/airflow/example_dags/example_bash_operator.py
[2023-03-27T11:51:12.349+0000] {processor.py:753} INFO - DAG(s) dict_keys(['example_bash_operator']) retrieved from /home/airflow/.local/lib/python3.7/site-packages/airflow/example_dags/example_bash_operator.py
[2023-03-27T11:51:32.802+0000] {logging_mixin.py:137} INFO - [2023-03-27T11:51:32.757+0000] {dag.py:2693} INFO - Sync 1 DAGs
[2023-03-27T11:51:35.578+0000] {logging_mixin.py:137} INFO - [2023-03-27T11:51:35.575+0000] {dag.py:3444} INFO - Setting next_dagrun for example_bash_operator to 2023-03-26T00:00:00+00:00, run_after=2023-03-27T00:00:00+00:00
[2023-03-27T11:51:37.367+0000] {processor.py:175} INFO - Processing /home/airflow/.local/lib/python3.7/site-packages/airflow/example_dags/example_bash_operator.py took 33.719 seconds
[2023-03-27T13:25:51.859+0000] {processor.py:153} INFO - Started process (PID=215) to work on /home/airflow/.local/lib/python3.7/site-packages/airflow/example_dags/example_bash_operator.py
[2023-03-27T13:25:51.892+0000] {processor.py:743} INFO - Processing file /home/airflow/.local/lib/python3.7/site-packages/airflow/example_dags/example_bash_operator.py for tasks to queue
[2023-03-27T13:25:51.906+0000] {logging_mixin.py:137} INFO - [2023-03-27T13:25:51.900+0000] {dagbag.py:532} INFO - Filling up the DagBag from /home/airflow/.local/lib/python3.7/site-packages/airflow/example_dags/example_bash_operator.py
[2023-03-27T13:25:58.608+0000] {processor.py:753} INFO - DAG(s) dict_keys(['example_bash_operator']) retrieved from /home/airflow/.local/lib/python3.7/site-packages/airflow/example_dags/example_bash_operator.py
[2023-03-27T13:26:11.918+0000] {logging_mixin.py:137} INFO - [2023-03-27T13:26:11.917+0000] {dag.py:2693} INFO - Sync 1 DAGs
[2023-03-27T13:26:13.602+0000] {logging_mixin.py:137} INFO - [2023-03-27T13:26:13.601+0000] {dag.py:3444} INFO - Setting next_dagrun for example_bash_operator to 2023-03-26T00:00:00+00:00, run_after=2023-03-27T00:00:00+00:00
[2023-03-27T13:26:14.902+0000] {processor.py:175} INFO - Processing /home/airflow/.local/lib/python3.7/site-packages/airflow/example_dags/example_bash_operator.py took 23.085 seconds
[2023-03-27T13:30:12.403+0000] {processor.py:153} INFO - Started process (PID=337) to work on /home/airflow/.local/lib/python3.7/site-packages/airflow/example_dags/example_bash_operator.py
[2023-03-27T13:30:12.476+0000] {processor.py:743} INFO - Processing file /home/airflow/.local/lib/python3.7/site-packages/airflow/example_dags/example_bash_operator.py for tasks to queue
[2023-03-27T13:30:12.533+0000] {logging_mixin.py:137} INFO - [2023-03-27T13:30:12.488+0000] {dagbag.py:532} INFO - Filling up the DagBag from /home/airflow/.local/lib/python3.7/site-packages/airflow/example_dags/example_bash_operator.py
[2023-03-27T13:30:13.228+0000] {processor.py:753} INFO - DAG(s) dict_keys(['example_bash_operator']) retrieved from /home/airflow/.local/lib/python3.7/site-packages/airflow/example_dags/example_bash_operator.py
[2023-03-27T13:30:14.142+0000] {logging_mixin.py:137} INFO - [2023-03-27T13:30:14.142+0000] {dag.py:2693} INFO - Sync 1 DAGs
[2023-03-27T13:30:15.454+0000] {logging_mixin.py:137} INFO - [2023-03-27T13:30:15.454+0000] {dag.py:3444} INFO - Setting next_dagrun for example_bash_operator to 2023-03-26T00:00:00+00:00, run_after=2023-03-27T00:00:00+00:00
[2023-03-27T13:30:16.138+0000] {processor.py:175} INFO - Processing /home/airflow/.local/lib/python3.7/site-packages/airflow/example_dags/example_bash_operator.py took 4.171 seconds
[2023-03-27T13:34:19.237+0000] {processor.py:153} INFO - Started process (PID=453) to work on /home/airflow/.local/lib/python3.7/site-packages/airflow/example_dags/example_bash_operator.py
[2023-03-27T13:34:19.434+0000] {processor.py:743} INFO - Processing file /home/airflow/.local/lib/python3.7/site-packages/airflow/example_dags/example_bash_operator.py for tasks to queue
[2023-03-27T13:34:19.456+0000] {logging_mixin.py:137} INFO - [2023-03-27T13:34:19.441+0000] {dagbag.py:532} INFO - Filling up the DagBag from /home/airflow/.local/lib/python3.7/site-packages/airflow/example_dags/example_bash_operator.py
[2023-03-27T13:34:20.884+0000] {processor.py:753} INFO - DAG(s) dict_keys(['example_bash_operator']) retrieved from /home/airflow/.local/lib/python3.7/site-packages/airflow/example_dags/example_bash_operator.py
[2023-03-27T13:34:23.121+0000] {logging_mixin.py:137} INFO - [2023-03-27T13:34:23.121+0000] {dag.py:2693} INFO - Sync 1 DAGs
[2023-03-27T13:34:27.101+0000] {logging_mixin.py:137} INFO - [2023-03-27T13:34:27.082+0000] {dag.py:3444} INFO - Setting next_dagrun for example_bash_operator to 2023-03-26T00:00:00+00:00, run_after=2023-03-27T00:00:00+00:00
[2023-03-27T13:34:29.249+0000] {processor.py:175} INFO - Processing /home/airflow/.local/lib/python3.7/site-packages/airflow/example_dags/example_bash_operator.py took 10.325 seconds
[2023-03-27T13:37:49.969+0000] {processor.py:153} INFO - Started process (PID=556) to work on /home/airflow/.local/lib/python3.7/site-packages/airflow/example_dags/example_bash_operator.py
[2023-03-27T13:37:50.189+0000] {processor.py:743} INFO - Processing file /home/airflow/.local/lib/python3.7/site-packages/airflow/example_dags/example_bash_operator.py for tasks to queue
[2023-03-27T13:37:50.277+0000] {logging_mixin.py:137} INFO - [2023-03-27T13:37:50.246+0000] {dagbag.py:532} INFO - Filling up the DagBag from /home/airflow/.local/lib/python3.7/site-packages/airflow/example_dags/example_bash_operator.py
[2023-03-27T13:37:51.136+0000] {processor.py:753} INFO - DAG(s) dict_keys(['example_bash_operator']) retrieved from /home/airflow/.local/lib/python3.7/site-packages/airflow/example_dags/example_bash_operator.py
[2023-03-27T13:37:53.689+0000] {logging_mixin.py:137} INFO - [2023-03-27T13:37:53.688+0000] {dag.py:2693} INFO - Sync 1 DAGs
[2023-03-27T13:37:54.993+0000] {logging_mixin.py:137} INFO - [2023-03-27T13:37:54.992+0000] {dag.py:3444} INFO - Setting next_dagrun for example_bash_operator to 2023-03-26T00:00:00+00:00, run_after=2023-03-27T00:00:00+00:00
[2023-03-27T13:37:55.411+0000] {processor.py:175} INFO - Processing /home/airflow/.local/lib/python3.7/site-packages/airflow/example_dags/example_bash_operator.py took 6.058 seconds
[2023-03-27T13:40:08.934+0000] {processor.py:153} INFO - Started process (PID=639) to work on /home/airflow/.local/lib/python3.7/site-packages/airflow/example_dags/example_bash_operator.py
[2023-03-27T13:40:08.948+0000] {processor.py:743} INFO - Processing file /home/airflow/.local/lib/python3.7/site-packages/airflow/example_dags/example_bash_operator.py for tasks to queue
[2023-03-27T13:40:08.977+0000] {logging_mixin.py:137} INFO - [2023-03-27T13:40:08.976+0000] {dagbag.py:532} INFO - Filling up the DagBag from /home/airflow/.local/lib/python3.7/site-packages/airflow/example_dags/example_bash_operator.py
[2023-03-27T13:40:09.697+0000] {processor.py:753} INFO - DAG(s) dict_keys(['example_bash_operator']) retrieved from /home/airflow/.local/lib/python3.7/site-packages/airflow/example_dags/example_bash_operator.py
[2023-03-27T13:40:10.484+0000] {logging_mixin.py:137} INFO - [2023-03-27T13:40:10.484+0000] {dag.py:2693} INFO - Sync 1 DAGs
[2023-03-27T13:40:11.619+0000] {logging_mixin.py:137} INFO - [2023-03-27T13:40:11.525+0000] {dag.py:3444} INFO - Setting next_dagrun for example_bash_operator to 2023-03-26T00:00:00+00:00, run_after=2023-03-27T00:00:00+00:00
[2023-03-27T13:40:13.122+0000] {processor.py:175} INFO - Processing /home/airflow/.local/lib/python3.7/site-packages/airflow/example_dags/example_bash_operator.py took 4.207 seconds
[2023-03-27T13:43:32.421+0000] {processor.py:153} INFO - Started process (PID=735) to work on /home/airflow/.local/lib/python3.7/site-packages/airflow/example_dags/example_bash_operator.py
[2023-03-27T13:43:33.247+0000] {processor.py:743} INFO - Processing file /home/airflow/.local/lib/python3.7/site-packages/airflow/example_dags/example_bash_operator.py for tasks to queue
[2023-03-27T13:43:33.650+0000] {logging_mixin.py:137} INFO - [2023-03-27T13:43:33.648+0000] {dagbag.py:532} INFO - Filling up the DagBag from /home/airflow/.local/lib/python3.7/site-packages/airflow/example_dags/example_bash_operator.py
[2023-03-27T13:43:39.706+0000] {processor.py:753} INFO - DAG(s) dict_keys(['example_bash_operator']) retrieved from /home/airflow/.local/lib/python3.7/site-packages/airflow/example_dags/example_bash_operator.py
[2023-03-27T13:43:45.029+0000] {logging_mixin.py:137} INFO - [2023-03-27T13:43:45.027+0000] {dag.py:2693} INFO - Sync 1 DAGs
[2023-03-27T13:43:46.196+0000] {logging_mixin.py:137} INFO - [2023-03-27T13:43:46.196+0000] {dag.py:3444} INFO - Setting next_dagrun for example_bash_operator to 2023-03-26T00:00:00+00:00, run_after=2023-03-27T00:00:00+00:00
[2023-03-27T13:43:47.050+0000] {processor.py:175} INFO - Processing /home/airflow/.local/lib/python3.7/site-packages/airflow/example_dags/example_bash_operator.py took 16.525 seconds
[2023-03-27T18:09:06.771+0000] {processor.py:153} INFO - Started process (PID=219) to work on /home/airflow/.local/lib/python3.7/site-packages/airflow/example_dags/example_bash_operator.py
[2023-03-27T18:09:06.899+0000] {processor.py:743} INFO - Processing file /home/airflow/.local/lib/python3.7/site-packages/airflow/example_dags/example_bash_operator.py for tasks to queue
[2023-03-27T18:09:06.928+0000] {logging_mixin.py:137} INFO - [2023-03-27T18:09:06.927+0000] {dagbag.py:532} INFO - Filling up the DagBag from /home/airflow/.local/lib/python3.7/site-packages/airflow/example_dags/example_bash_operator.py
[2023-03-27T18:09:11.701+0000] {processor.py:753} INFO - DAG(s) dict_keys(['example_bash_operator']) retrieved from /home/airflow/.local/lib/python3.7/site-packages/airflow/example_dags/example_bash_operator.py
[2023-03-27T18:09:13.368+0000] {logging_mixin.py:137} INFO - [2023-03-27T18:09:13.368+0000] {dag.py:2693} INFO - Sync 1 DAGs
[2023-03-27T18:09:15.692+0000] {logging_mixin.py:137} INFO - [2023-03-27T18:09:15.692+0000] {dag.py:3444} INFO - Setting next_dagrun for example_bash_operator to 2023-03-26T00:00:00+00:00, run_after=2023-03-27T00:00:00+00:00
[2023-03-27T18:09:17.026+0000] {processor.py:175} INFO - Processing /home/airflow/.local/lib/python3.7/site-packages/airflow/example_dags/example_bash_operator.py took 10.331 seconds
[2023-03-27T18:17:55.709+0000] {processor.py:153} INFO - Started process (PID=379) to work on /home/airflow/.local/lib/python3.7/site-packages/airflow/example_dags/example_bash_operator.py
[2023-03-27T18:17:55.725+0000] {processor.py:743} INFO - Processing file /home/airflow/.local/lib/python3.7/site-packages/airflow/example_dags/example_bash_operator.py for tasks to queue
[2023-03-27T18:17:55.740+0000] {logging_mixin.py:137} INFO - [2023-03-27T18:17:55.740+0000] {dagbag.py:532} INFO - Filling up the DagBag from /home/airflow/.local/lib/python3.7/site-packages/airflow/example_dags/example_bash_operator.py
[2023-03-27T18:17:56.685+0000] {processor.py:753} INFO - DAG(s) dict_keys(['example_bash_operator']) retrieved from /home/airflow/.local/lib/python3.7/site-packages/airflow/example_dags/example_bash_operator.py
[2023-03-27T18:17:59.210+0000] {logging_mixin.py:137} INFO - [2023-03-27T18:17:59.193+0000] {dag.py:2693} INFO - Sync 1 DAGs
[2023-03-27T18:18:01.399+0000] {logging_mixin.py:137} INFO - [2023-03-27T18:18:01.398+0000] {dag.py:3444} INFO - Setting next_dagrun for example_bash_operator to 2023-03-26T00:00:00+00:00, run_after=2023-03-27T00:00:00+00:00
[2023-03-27T18:18:03.349+0000] {processor.py:175} INFO - Processing /home/airflow/.local/lib/python3.7/site-packages/airflow/example_dags/example_bash_operator.py took 7.704 seconds
[2023-03-27T18:28:08.845+0000] {processor.py:153} INFO - Started process (PID=558) to work on /home/airflow/.local/lib/python3.7/site-packages/airflow/example_dags/example_bash_operator.py
[2023-03-27T18:28:08.879+0000] {processor.py:743} INFO - Processing file /home/airflow/.local/lib/python3.7/site-packages/airflow/example_dags/example_bash_operator.py for tasks to queue
[2023-03-27T18:28:08.883+0000] {logging_mixin.py:137} INFO - [2023-03-27T18:28:08.883+0000] {dagbag.py:532} INFO - Filling up the DagBag from /home/airflow/.local/lib/python3.7/site-packages/airflow/example_dags/example_bash_operator.py
[2023-03-27T18:28:10.652+0000] {processor.py:753} INFO - DAG(s) dict_keys(['example_bash_operator']) retrieved from /home/airflow/.local/lib/python3.7/site-packages/airflow/example_dags/example_bash_operator.py
[2023-03-27T18:28:12.051+0000] {logging_mixin.py:137} INFO - [2023-03-27T18:28:12.051+0000] {dag.py:2693} INFO - Sync 1 DAGs
[2023-03-27T18:28:12.868+0000] {logging_mixin.py:137} INFO - [2023-03-27T18:28:12.868+0000] {dag.py:3444} INFO - Setting next_dagrun for example_bash_operator to 2023-03-26T00:00:00+00:00, run_after=2023-03-27T00:00:00+00:00
[2023-03-27T18:28:13.373+0000] {processor.py:175} INFO - Processing /home/airflow/.local/lib/python3.7/site-packages/airflow/example_dags/example_bash_operator.py took 4.943 seconds
[2023-03-27T18:30:21.276+0000] {processor.py:153} INFO - Started process (PID=640) to work on /home/airflow/.local/lib/python3.7/site-packages/airflow/example_dags/example_bash_operator.py
[2023-03-27T18:30:21.296+0000] {processor.py:743} INFO - Processing file /home/airflow/.local/lib/python3.7/site-packages/airflow/example_dags/example_bash_operator.py for tasks to queue
[2023-03-27T18:30:21.312+0000] {logging_mixin.py:137} INFO - [2023-03-27T18:30:21.312+0000] {dagbag.py:532} INFO - Filling up the DagBag from /home/airflow/.local/lib/python3.7/site-packages/airflow/example_dags/example_bash_operator.py
[2023-03-27T18:30:22.118+0000] {processor.py:753} INFO - DAG(s) dict_keys(['example_bash_operator']) retrieved from /home/airflow/.local/lib/python3.7/site-packages/airflow/example_dags/example_bash_operator.py
[2023-03-27T18:30:22.924+0000] {logging_mixin.py:137} INFO - [2023-03-27T18:30:22.923+0000] {dag.py:2693} INFO - Sync 1 DAGs
[2023-03-27T18:30:23.572+0000] {logging_mixin.py:137} INFO - [2023-03-27T18:30:23.572+0000] {dag.py:3444} INFO - Setting next_dagrun for example_bash_operator to 2023-03-26T00:00:00+00:00, run_after=2023-03-27T00:00:00+00:00
[2023-03-27T18:30:24.036+0000] {processor.py:175} INFO - Processing /home/airflow/.local/lib/python3.7/site-packages/airflow/example_dags/example_bash_operator.py took 2.843 seconds
[2023-03-27T18:32:10.792+0000] {processor.py:153} INFO - Started process (PID=707) to work on /home/airflow/.local/lib/python3.7/site-packages/airflow/example_dags/example_bash_operator.py
[2023-03-27T18:32:10.972+0000] {processor.py:743} INFO - Processing file /home/airflow/.local/lib/python3.7/site-packages/airflow/example_dags/example_bash_operator.py for tasks to queue
[2023-03-27T18:32:10.978+0000] {logging_mixin.py:137} INFO - [2023-03-27T18:32:10.978+0000] {dagbag.py:532} INFO - Filling up the DagBag from /home/airflow/.local/lib/python3.7/site-packages/airflow/example_dags/example_bash_operator.py
[2023-03-27T18:32:11.789+0000] {processor.py:753} INFO - DAG(s) dict_keys(['example_bash_operator']) retrieved from /home/airflow/.local/lib/python3.7/site-packages/airflow/example_dags/example_bash_operator.py
[2023-03-27T18:32:12.755+0000] {logging_mixin.py:137} INFO - [2023-03-27T18:32:12.754+0000] {dag.py:2693} INFO - Sync 1 DAGs
[2023-03-27T18:32:13.265+0000] {logging_mixin.py:137} INFO - [2023-03-27T18:32:13.265+0000] {dag.py:3444} INFO - Setting next_dagrun for example_bash_operator to 2023-03-26T00:00:00+00:00, run_after=2023-03-27T00:00:00+00:00
[2023-03-27T18:32:13.644+0000] {processor.py:175} INFO - Processing /home/airflow/.local/lib/python3.7/site-packages/airflow/example_dags/example_bash_operator.py took 3.389 seconds
[2023-03-27T21:08:26.842+0000] {processor.py:153} INFO - Started process (PID=775) to work on /home/airflow/.local/lib/python3.7/site-packages/airflow/example_dags/example_bash_operator.py
[2023-03-27T21:08:26.881+0000] {processor.py:743} INFO - Processing file /home/airflow/.local/lib/python3.7/site-packages/airflow/example_dags/example_bash_operator.py for tasks to queue
[2023-03-27T21:08:26.929+0000] {logging_mixin.py:137} INFO - [2023-03-27T21:08:26.895+0000] {dagbag.py:532} INFO - Filling up the DagBag from /home/airflow/.local/lib/python3.7/site-packages/airflow/example_dags/example_bash_operator.py
[2023-03-27T21:08:27.744+0000] {processor.py:753} INFO - DAG(s) dict_keys(['example_bash_operator']) retrieved from /home/airflow/.local/lib/python3.7/site-packages/airflow/example_dags/example_bash_operator.py
[2023-03-27T21:08:28.544+0000] {logging_mixin.py:137} INFO - [2023-03-27T21:08:28.543+0000] {dag.py:2693} INFO - Sync 1 DAGs
[2023-03-27T21:08:29.232+0000] {logging_mixin.py:137} INFO - [2023-03-27T21:08:29.232+0000] {dag.py:3444} INFO - Setting next_dagrun for example_bash_operator to 2023-03-26T00:00:00+00:00, run_after=2023-03-27T00:00:00+00:00
[2023-03-27T21:08:30.100+0000] {processor.py:175} INFO - Processing /home/airflow/.local/lib/python3.7/site-packages/airflow/example_dags/example_bash_operator.py took 3.341 seconds
[2023-03-27T21:44:23.932+0000] {processor.py:153} INFO - Started process (PID=882) to work on /home/airflow/.local/lib/python3.7/site-packages/airflow/example_dags/example_bash_operator.py
[2023-03-27T21:44:23.948+0000] {processor.py:743} INFO - Processing file /home/airflow/.local/lib/python3.7/site-packages/airflow/example_dags/example_bash_operator.py for tasks to queue
[2023-03-27T21:44:23.995+0000] {logging_mixin.py:137} INFO - [2023-03-27T21:44:23.985+0000] {dagbag.py:532} INFO - Filling up the DagBag from /home/airflow/.local/lib/python3.7/site-packages/airflow/example_dags/example_bash_operator.py
[2023-03-27T21:44:25.946+0000] {processor.py:753} INFO - DAG(s) dict_keys(['example_bash_operator']) retrieved from /home/airflow/.local/lib/python3.7/site-packages/airflow/example_dags/example_bash_operator.py
[2023-03-27T21:44:40.699+0000] {logging_mixin.py:137} INFO - [2023-03-27T21:44:40.698+0000] {dag.py:2693} INFO - Sync 1 DAGs
[2023-03-27T21:44:41.770+0000] {logging_mixin.py:137} INFO - [2023-03-27T21:44:41.770+0000] {dag.py:3444} INFO - Setting next_dagrun for example_bash_operator to 2023-03-26T00:00:00+00:00, run_after=2023-03-27T00:00:00+00:00
[2023-03-27T21:44:42.428+0000] {processor.py:175} INFO - Processing /home/airflow/.local/lib/python3.7/site-packages/airflow/example_dags/example_bash_operator.py took 18.598 seconds
[2023-03-27T21:49:15.376+0000] {processor.py:153} INFO - Started process (PID=1008) to work on /home/airflow/.local/lib/python3.7/site-packages/airflow/example_dags/example_bash_operator.py
[2023-03-27T21:49:15.413+0000] {processor.py:743} INFO - Processing file /home/airflow/.local/lib/python3.7/site-packages/airflow/example_dags/example_bash_operator.py for tasks to queue
[2023-03-27T21:49:15.428+0000] {logging_mixin.py:137} INFO - [2023-03-27T21:49:15.421+0000] {dagbag.py:532} INFO - Filling up the DagBag from /home/airflow/.local/lib/python3.7/site-packages/airflow/example_dags/example_bash_operator.py
[2023-03-27T21:49:22.052+0000] {processor.py:753} INFO - DAG(s) dict_keys(['example_bash_operator']) retrieved from /home/airflow/.local/lib/python3.7/site-packages/airflow/example_dags/example_bash_operator.py
[2023-03-27T21:49:25.756+0000] {logging_mixin.py:137} INFO - [2023-03-27T21:49:25.756+0000] {dag.py:2693} INFO - Sync 1 DAGs
[2023-03-27T21:49:27.676+0000] {logging_mixin.py:137} INFO - [2023-03-27T21:49:27.676+0000] {dag.py:3444} INFO - Setting next_dagrun for example_bash_operator to 2023-03-26T00:00:00+00:00, run_after=2023-03-27T00:00:00+00:00
[2023-03-27T21:49:32.128+0000] {processor.py:175} INFO - Processing /home/airflow/.local/lib/python3.7/site-packages/airflow/example_dags/example_bash_operator.py took 17.435 seconds
[2023-03-27T21:53:16.921+0000] {processor.py:153} INFO - Started process (PID=1114) to work on /home/airflow/.local/lib/python3.7/site-packages/airflow/example_dags/example_bash_operator.py
[2023-03-27T21:53:16.933+0000] {processor.py:743} INFO - Processing file /home/airflow/.local/lib/python3.7/site-packages/airflow/example_dags/example_bash_operator.py for tasks to queue
[2023-03-27T21:53:16.956+0000] {logging_mixin.py:137} INFO - [2023-03-27T21:53:16.956+0000] {dagbag.py:532} INFO - Filling up the DagBag from /home/airflow/.local/lib/python3.7/site-packages/airflow/example_dags/example_bash_operator.py
[2023-03-27T21:53:17.174+0000] {processor.py:753} INFO - DAG(s) dict_keys(['example_bash_operator']) retrieved from /home/airflow/.local/lib/python3.7/site-packages/airflow/example_dags/example_bash_operator.py
[2023-03-27T21:53:18.917+0000] {logging_mixin.py:137} INFO - [2023-03-27T21:53:18.898+0000] {dag.py:2693} INFO - Sync 1 DAGs
[2023-03-27T21:53:19.307+0000] {logging_mixin.py:137} INFO - [2023-03-27T21:53:19.304+0000] {dag.py:3444} INFO - Setting next_dagrun for example_bash_operator to 2023-03-26T00:00:00+00:00, run_after=2023-03-27T00:00:00+00:00
[2023-03-27T21:53:19.526+0000] {processor.py:175} INFO - Processing /home/airflow/.local/lib/python3.7/site-packages/airflow/example_dags/example_bash_operator.py took 2.690 seconds
[2023-03-27T22:25:20.067+0000] {processor.py:153} INFO - Started process (PID=1199) to work on /home/airflow/.local/lib/python3.7/site-packages/airflow/example_dags/example_bash_operator.py
[2023-03-27T22:25:20.199+0000] {processor.py:743} INFO - Processing file /home/airflow/.local/lib/python3.7/site-packages/airflow/example_dags/example_bash_operator.py for tasks to queue
[2023-03-27T22:25:20.243+0000] {logging_mixin.py:137} INFO - [2023-03-27T22:25:20.239+0000] {dagbag.py:532} INFO - Filling up the DagBag from /home/airflow/.local/lib/python3.7/site-packages/airflow/example_dags/example_bash_operator.py
[2023-03-27T22:25:20.398+0000] {processor.py:753} INFO - DAG(s) dict_keys(['example_bash_operator']) retrieved from /home/airflow/.local/lib/python3.7/site-packages/airflow/example_dags/example_bash_operator.py
[2023-03-27T22:25:20.688+0000] {logging_mixin.py:137} INFO - [2023-03-27T22:25:20.671+0000] {dag.py:2693} INFO - Sync 1 DAGs
[2023-03-27T22:25:21.087+0000] {logging_mixin.py:137} INFO - [2023-03-27T22:25:21.086+0000] {dag.py:3444} INFO - Setting next_dagrun for example_bash_operator to 2023-03-26T00:00:00+00:00, run_after=2023-03-27T00:00:00+00:00
[2023-03-27T22:25:21.310+0000] {processor.py:175} INFO - Processing /home/airflow/.local/lib/python3.7/site-packages/airflow/example_dags/example_bash_operator.py took 1.274 seconds
[2023-03-27T22:27:00.946+0000] {processor.py:153} INFO - Started process (PID=1278) to work on /home/airflow/.local/lib/python3.7/site-packages/airflow/example_dags/example_bash_operator.py
[2023-03-27T22:27:00.971+0000] {processor.py:743} INFO - Processing file /home/airflow/.local/lib/python3.7/site-packages/airflow/example_dags/example_bash_operator.py for tasks to queue
[2023-03-27T22:27:00.978+0000] {logging_mixin.py:137} INFO - [2023-03-27T22:27:00.974+0000] {dagbag.py:532} INFO - Filling up the DagBag from /home/airflow/.local/lib/python3.7/site-packages/airflow/example_dags/example_bash_operator.py
[2023-03-27T22:27:01.587+0000] {processor.py:753} INFO - DAG(s) dict_keys(['example_bash_operator']) retrieved from /home/airflow/.local/lib/python3.7/site-packages/airflow/example_dags/example_bash_operator.py
[2023-03-27T22:27:02.143+0000] {logging_mixin.py:137} INFO - [2023-03-27T22:27:02.143+0000] {dag.py:2693} INFO - Sync 1 DAGs
[2023-03-27T22:27:02.726+0000] {logging_mixin.py:137} INFO - [2023-03-27T22:27:02.725+0000] {dag.py:3444} INFO - Setting next_dagrun for example_bash_operator to 2023-03-26T00:00:00+00:00, run_after=2023-03-27T00:00:00+00:00
[2023-03-27T22:27:03.097+0000] {processor.py:175} INFO - Processing /home/airflow/.local/lib/python3.7/site-packages/airflow/example_dags/example_bash_operator.py took 2.198 seconds
[2023-03-27T22:28:29.638+0000] {processor.py:153} INFO - Started process (PID=1349) to work on /home/airflow/.local/lib/python3.7/site-packages/airflow/example_dags/example_bash_operator.py
[2023-03-27T22:28:29.672+0000] {processor.py:743} INFO - Processing file /home/airflow/.local/lib/python3.7/site-packages/airflow/example_dags/example_bash_operator.py for tasks to queue
[2023-03-27T22:28:29.714+0000] {logging_mixin.py:137} INFO - [2023-03-27T22:28:29.714+0000] {dagbag.py:532} INFO - Filling up the DagBag from /home/airflow/.local/lib/python3.7/site-packages/airflow/example_dags/example_bash_operator.py
[2023-03-27T22:28:30.854+0000] {processor.py:753} INFO - DAG(s) dict_keys(['example_bash_operator']) retrieved from /home/airflow/.local/lib/python3.7/site-packages/airflow/example_dags/example_bash_operator.py
[2023-03-27T22:28:32.732+0000] {logging_mixin.py:137} INFO - [2023-03-27T22:28:32.731+0000] {dag.py:2693} INFO - Sync 1 DAGs
[2023-03-27T22:28:33.152+0000] {logging_mixin.py:137} INFO - [2023-03-27T22:28:33.151+0000] {dag.py:3444} INFO - Setting next_dagrun for example_bash_operator to 2023-03-26T00:00:00+00:00, run_after=2023-03-27T00:00:00+00:00
[2023-03-27T22:28:33.823+0000] {processor.py:175} INFO - Processing /home/airflow/.local/lib/python3.7/site-packages/airflow/example_dags/example_bash_operator.py took 4.444 seconds
[2023-03-27T22:30:14.477+0000] {processor.py:153} INFO - Started process (PID=1421) to work on /home/airflow/.local/lib/python3.7/site-packages/airflow/example_dags/example_bash_operator.py
[2023-03-27T22:30:14.487+0000] {processor.py:743} INFO - Processing file /home/airflow/.local/lib/python3.7/site-packages/airflow/example_dags/example_bash_operator.py for tasks to queue
[2023-03-27T22:30:14.503+0000] {logging_mixin.py:137} INFO - [2023-03-27T22:30:14.497+0000] {dagbag.py:532} INFO - Filling up the DagBag from /home/airflow/.local/lib/python3.7/site-packages/airflow/example_dags/example_bash_operator.py
[2023-03-27T22:30:15.141+0000] {processor.py:753} INFO - DAG(s) dict_keys(['example_bash_operator']) retrieved from /home/airflow/.local/lib/python3.7/site-packages/airflow/example_dags/example_bash_operator.py
[2023-03-27T22:30:15.787+0000] {logging_mixin.py:137} INFO - [2023-03-27T22:30:15.786+0000] {dag.py:2693} INFO - Sync 1 DAGs
[2023-03-27T22:30:16.598+0000] {logging_mixin.py:137} INFO - [2023-03-27T22:30:16.598+0000] {dag.py:3444} INFO - Setting next_dagrun for example_bash_operator to 2023-03-26T00:00:00+00:00, run_after=2023-03-27T00:00:00+00:00
[2023-03-27T22:30:16.888+0000] {processor.py:175} INFO - Processing /home/airflow/.local/lib/python3.7/site-packages/airflow/example_dags/example_bash_operator.py took 2.436 seconds
[2023-03-27T23:09:51.639+0000] {processor.py:153} INFO - Started process (PID=90) to work on /home/airflow/.local/lib/python3.7/site-packages/airflow/example_dags/example_bash_operator.py
[2023-03-27T23:09:51.659+0000] {processor.py:743} INFO - Processing file /home/airflow/.local/lib/python3.7/site-packages/airflow/example_dags/example_bash_operator.py for tasks to queue
[2023-03-27T23:09:51.677+0000] {logging_mixin.py:137} INFO - [2023-03-27T23:09:51.676+0000] {dagbag.py:532} INFO - Filling up the DagBag from /home/airflow/.local/lib/python3.7/site-packages/airflow/example_dags/example_bash_operator.py
[2023-03-27T23:09:52.284+0000] {processor.py:753} INFO - DAG(s) dict_keys(['example_bash_operator']) retrieved from /home/airflow/.local/lib/python3.7/site-packages/airflow/example_dags/example_bash_operator.py
[2023-03-27T23:09:53.099+0000] {logging_mixin.py:137} INFO - [2023-03-27T23:09:53.083+0000] {dag.py:2693} INFO - Sync 1 DAGs
[2023-03-27T23:09:54.298+0000] {logging_mixin.py:137} INFO - [2023-03-27T23:09:54.298+0000] {dag.py:3444} INFO - Setting next_dagrun for example_bash_operator to 2023-03-26T00:00:00+00:00, run_after=2023-03-27T00:00:00+00:00
[2023-03-27T23:09:54.619+0000] {processor.py:175} INFO - Processing /home/airflow/.local/lib/python3.7/site-packages/airflow/example_dags/example_bash_operator.py took 3.011 seconds
[2023-03-27T23:10:26.293+0000] {processor.py:153} INFO - Started process (PID=139) to work on /home/airflow/.local/lib/python3.7/site-packages/airflow/example_dags/example_bash_operator.py
[2023-03-27T23:10:26.301+0000] {processor.py:743} INFO - Processing file /home/airflow/.local/lib/python3.7/site-packages/airflow/example_dags/example_bash_operator.py for tasks to queue
[2023-03-27T23:10:26.304+0000] {logging_mixin.py:137} INFO - [2023-03-27T23:10:26.303+0000] {dagbag.py:532} INFO - Filling up the DagBag from /home/airflow/.local/lib/python3.7/site-packages/airflow/example_dags/example_bash_operator.py
[2023-03-27T23:10:26.384+0000] {processor.py:753} INFO - DAG(s) dict_keys(['example_bash_operator']) retrieved from /home/airflow/.local/lib/python3.7/site-packages/airflow/example_dags/example_bash_operator.py
[2023-03-27T23:10:26.529+0000] {logging_mixin.py:137} INFO - [2023-03-27T23:10:26.529+0000] {dag.py:2693} INFO - Sync 1 DAGs
[2023-03-27T23:10:26.623+0000] {logging_mixin.py:137} INFO - [2023-03-27T23:10:26.623+0000] {dag.py:3444} INFO - Setting next_dagrun for example_bash_operator to 2023-03-26T00:00:00+00:00, run_after=2023-03-27T00:00:00+00:00
[2023-03-27T23:10:26.669+0000] {processor.py:175} INFO - Processing /home/airflow/.local/lib/python3.7/site-packages/airflow/example_dags/example_bash_operator.py took 0.383 seconds
[2023-03-27T23:11:02.648+0000] {processor.py:153} INFO - Started process (PID=190) to work on /home/airflow/.local/lib/python3.7/site-packages/airflow/example_dags/example_bash_operator.py
[2023-03-27T23:11:02.652+0000] {processor.py:743} INFO - Processing file /home/airflow/.local/lib/python3.7/site-packages/airflow/example_dags/example_bash_operator.py for tasks to queue
[2023-03-27T23:11:02.657+0000] {logging_mixin.py:137} INFO - [2023-03-27T23:11:02.656+0000] {dagbag.py:532} INFO - Filling up the DagBag from /home/airflow/.local/lib/python3.7/site-packages/airflow/example_dags/example_bash_operator.py
[2023-03-27T23:11:02.720+0000] {processor.py:753} INFO - DAG(s) dict_keys(['example_bash_operator']) retrieved from /home/airflow/.local/lib/python3.7/site-packages/airflow/example_dags/example_bash_operator.py
[2023-03-27T23:11:02.821+0000] {logging_mixin.py:137} INFO - [2023-03-27T23:11:02.821+0000] {dag.py:2693} INFO - Sync 1 DAGs
[2023-03-27T23:11:02.909+0000] {logging_mixin.py:137} INFO - [2023-03-27T23:11:02.909+0000] {dag.py:3444} INFO - Setting next_dagrun for example_bash_operator to 2023-03-26T00:00:00+00:00, run_after=2023-03-27T00:00:00+00:00
[2023-03-27T23:11:02.944+0000] {processor.py:175} INFO - Processing /home/airflow/.local/lib/python3.7/site-packages/airflow/example_dags/example_bash_operator.py took 0.315 seconds
[2023-03-27T23:11:33.220+0000] {processor.py:153} INFO - Started process (PID=239) to work on /home/airflow/.local/lib/python3.7/site-packages/airflow/example_dags/example_bash_operator.py
[2023-03-27T23:11:33.227+0000] {processor.py:743} INFO - Processing file /home/airflow/.local/lib/python3.7/site-packages/airflow/example_dags/example_bash_operator.py for tasks to queue
[2023-03-27T23:11:33.229+0000] {logging_mixin.py:137} INFO - [2023-03-27T23:11:33.229+0000] {dagbag.py:532} INFO - Filling up the DagBag from /home/airflow/.local/lib/python3.7/site-packages/airflow/example_dags/example_bash_operator.py
[2023-03-27T23:11:33.273+0000] {processor.py:753} INFO - DAG(s) dict_keys(['example_bash_operator']) retrieved from /home/airflow/.local/lib/python3.7/site-packages/airflow/example_dags/example_bash_operator.py
[2023-03-27T23:11:33.351+0000] {logging_mixin.py:137} INFO - [2023-03-27T23:11:33.350+0000] {dag.py:2693} INFO - Sync 1 DAGs
[2023-03-27T23:11:33.415+0000] {logging_mixin.py:137} INFO - [2023-03-27T23:11:33.415+0000] {dag.py:3444} INFO - Setting next_dagrun for example_bash_operator to 2023-03-26T00:00:00+00:00, run_after=2023-03-27T00:00:00+00:00
[2023-03-27T23:11:33.463+0000] {processor.py:175} INFO - Processing /home/airflow/.local/lib/python3.7/site-packages/airflow/example_dags/example_bash_operator.py took 0.252 seconds
[2023-03-27T23:12:17.625+0000] {processor.py:153} INFO - Started process (PID=298) to work on /home/airflow/.local/lib/python3.7/site-packages/airflow/example_dags/example_bash_operator.py
[2023-03-27T23:12:17.629+0000] {processor.py:743} INFO - Processing file /home/airflow/.local/lib/python3.7/site-packages/airflow/example_dags/example_bash_operator.py for tasks to queue
[2023-03-27T23:12:17.632+0000] {logging_mixin.py:137} INFO - [2023-03-27T23:12:17.632+0000] {dagbag.py:532} INFO - Filling up the DagBag from /home/airflow/.local/lib/python3.7/site-packages/airflow/example_dags/example_bash_operator.py
[2023-03-27T23:12:17.681+0000] {processor.py:753} INFO - DAG(s) dict_keys(['example_bash_operator']) retrieved from /home/airflow/.local/lib/python3.7/site-packages/airflow/example_dags/example_bash_operator.py
[2023-03-27T23:12:17.783+0000] {logging_mixin.py:137} INFO - [2023-03-27T23:12:17.783+0000] {dag.py:2693} INFO - Sync 1 DAGs
[2023-03-27T23:12:17.877+0000] {logging_mixin.py:137} INFO - [2023-03-27T23:12:17.876+0000] {dag.py:3444} INFO - Setting next_dagrun for example_bash_operator to 2023-03-26T00:00:00+00:00, run_after=2023-03-27T00:00:00+00:00
[2023-03-27T23:12:18.024+0000] {processor.py:175} INFO - Processing /home/airflow/.local/lib/python3.7/site-packages/airflow/example_dags/example_bash_operator.py took 0.408 seconds
[2023-03-27T23:12:48.306+0000] {processor.py:153} INFO - Started process (PID=347) to work on /home/airflow/.local/lib/python3.7/site-packages/airflow/example_dags/example_bash_operator.py
[2023-03-27T23:12:48.310+0000] {processor.py:743} INFO - Processing file /home/airflow/.local/lib/python3.7/site-packages/airflow/example_dags/example_bash_operator.py for tasks to queue
[2023-03-27T23:12:48.319+0000] {logging_mixin.py:137} INFO - [2023-03-27T23:12:48.318+0000] {dagbag.py:532} INFO - Filling up the DagBag from /home/airflow/.local/lib/python3.7/site-packages/airflow/example_dags/example_bash_operator.py
[2023-03-27T23:12:48.495+0000] {processor.py:753} INFO - DAG(s) dict_keys(['example_bash_operator']) retrieved from /home/airflow/.local/lib/python3.7/site-packages/airflow/example_dags/example_bash_operator.py
[2023-03-27T23:12:48.937+0000] {logging_mixin.py:137} INFO - [2023-03-27T23:12:48.936+0000] {dag.py:2693} INFO - Sync 1 DAGs
[2023-03-27T23:12:49.080+0000] {logging_mixin.py:137} INFO - [2023-03-27T23:12:49.080+0000] {dag.py:3444} INFO - Setting next_dagrun for example_bash_operator to 2023-03-26T00:00:00+00:00, run_after=2023-03-27T00:00:00+00:00
[2023-03-27T23:12:49.167+0000] {processor.py:175} INFO - Processing /home/airflow/.local/lib/python3.7/site-packages/airflow/example_dags/example_bash_operator.py took 0.893 seconds
[2023-03-27T23:13:26.693+0000] {processor.py:153} INFO - Started process (PID=396) to work on /home/airflow/.local/lib/python3.7/site-packages/airflow/example_dags/example_bash_operator.py
[2023-03-27T23:13:26.708+0000] {processor.py:743} INFO - Processing file /home/airflow/.local/lib/python3.7/site-packages/airflow/example_dags/example_bash_operator.py for tasks to queue
[2023-03-27T23:13:26.711+0000] {logging_mixin.py:137} INFO - [2023-03-27T23:13:26.711+0000] {dagbag.py:532} INFO - Filling up the DagBag from /home/airflow/.local/lib/python3.7/site-packages/airflow/example_dags/example_bash_operator.py
[2023-03-27T23:13:26.818+0000] {processor.py:753} INFO - DAG(s) dict_keys(['example_bash_operator']) retrieved from /home/airflow/.local/lib/python3.7/site-packages/airflow/example_dags/example_bash_operator.py
[2023-03-27T23:13:26.924+0000] {logging_mixin.py:137} INFO - [2023-03-27T23:13:26.924+0000] {dag.py:2693} INFO - Sync 1 DAGs
[2023-03-27T23:13:27.007+0000] {logging_mixin.py:137} INFO - [2023-03-27T23:13:27.007+0000] {dag.py:3444} INFO - Setting next_dagrun for example_bash_operator to 2023-03-26T00:00:00+00:00, run_after=2023-03-27T00:00:00+00:00
[2023-03-27T23:13:27.056+0000] {processor.py:175} INFO - Processing /home/airflow/.local/lib/python3.7/site-packages/airflow/example_dags/example_bash_operator.py took 0.382 seconds
[2023-03-27T23:13:59.114+0000] {processor.py:153} INFO - Started process (PID=446) to work on /home/airflow/.local/lib/python3.7/site-packages/airflow/example_dags/example_bash_operator.py
[2023-03-27T23:13:59.123+0000] {processor.py:743} INFO - Processing file /home/airflow/.local/lib/python3.7/site-packages/airflow/example_dags/example_bash_operator.py for tasks to queue
[2023-03-27T23:13:59.140+0000] {logging_mixin.py:137} INFO - [2023-03-27T23:13:59.140+0000] {dagbag.py:532} INFO - Filling up the DagBag from /home/airflow/.local/lib/python3.7/site-packages/airflow/example_dags/example_bash_operator.py
[2023-03-27T23:13:59.245+0000] {processor.py:753} INFO - DAG(s) dict_keys(['example_bash_operator']) retrieved from /home/airflow/.local/lib/python3.7/site-packages/airflow/example_dags/example_bash_operator.py
[2023-03-27T23:13:59.380+0000] {logging_mixin.py:137} INFO - [2023-03-27T23:13:59.380+0000] {dag.py:2693} INFO - Sync 1 DAGs
[2023-03-27T23:13:59.474+0000] {logging_mixin.py:137} INFO - [2023-03-27T23:13:59.474+0000] {dag.py:3444} INFO - Setting next_dagrun for example_bash_operator to 2023-03-26T00:00:00+00:00, run_after=2023-03-27T00:00:00+00:00
[2023-03-27T23:13:59.585+0000] {processor.py:175} INFO - Processing /home/airflow/.local/lib/python3.7/site-packages/airflow/example_dags/example_bash_operator.py took 0.478 seconds
[2023-03-27T23:14:32.694+0000] {processor.py:153} INFO - Started process (PID=495) to work on /home/airflow/.local/lib/python3.7/site-packages/airflow/example_dags/example_bash_operator.py
[2023-03-27T23:14:32.699+0000] {processor.py:743} INFO - Processing file /home/airflow/.local/lib/python3.7/site-packages/airflow/example_dags/example_bash_operator.py for tasks to queue
[2023-03-27T23:14:32.704+0000] {logging_mixin.py:137} INFO - [2023-03-27T23:14:32.703+0000] {dagbag.py:532} INFO - Filling up the DagBag from /home/airflow/.local/lib/python3.7/site-packages/airflow/example_dags/example_bash_operator.py
[2023-03-27T23:14:32.817+0000] {processor.py:753} INFO - DAG(s) dict_keys(['example_bash_operator']) retrieved from /home/airflow/.local/lib/python3.7/site-packages/airflow/example_dags/example_bash_operator.py
[2023-03-27T23:14:33.006+0000] {logging_mixin.py:137} INFO - [2023-03-27T23:14:33.006+0000] {dag.py:2693} INFO - Sync 1 DAGs
[2023-03-27T23:14:33.070+0000] {logging_mixin.py:137} INFO - [2023-03-27T23:14:33.070+0000] {dag.py:3444} INFO - Setting next_dagrun for example_bash_operator to 2023-03-26T00:00:00+00:00, run_after=2023-03-27T00:00:00+00:00
[2023-03-27T23:14:33.147+0000] {processor.py:175} INFO - Processing /home/airflow/.local/lib/python3.7/site-packages/airflow/example_dags/example_bash_operator.py took 0.481 seconds
[2023-03-27T23:15:03.430+0000] {processor.py:153} INFO - Started process (PID=544) to work on /home/airflow/.local/lib/python3.7/site-packages/airflow/example_dags/example_bash_operator.py
[2023-03-27T23:15:03.442+0000] {processor.py:743} INFO - Processing file /home/airflow/.local/lib/python3.7/site-packages/airflow/example_dags/example_bash_operator.py for tasks to queue
[2023-03-27T23:15:03.452+0000] {logging_mixin.py:137} INFO - [2023-03-27T23:15:03.451+0000] {dagbag.py:532} INFO - Filling up the DagBag from /home/airflow/.local/lib/python3.7/site-packages/airflow/example_dags/example_bash_operator.py
[2023-03-27T23:15:03.546+0000] {processor.py:753} INFO - DAG(s) dict_keys(['example_bash_operator']) retrieved from /home/airflow/.local/lib/python3.7/site-packages/airflow/example_dags/example_bash_operator.py
[2023-03-27T23:15:03.730+0000] {logging_mixin.py:137} INFO - [2023-03-27T23:15:03.730+0000] {dag.py:2693} INFO - Sync 1 DAGs
[2023-03-27T23:15:03.829+0000] {logging_mixin.py:137} INFO - [2023-03-27T23:15:03.828+0000] {dag.py:3444} INFO - Setting next_dagrun for example_bash_operator to 2023-03-26T00:00:00+00:00, run_after=2023-03-27T00:00:00+00:00
[2023-03-27T23:15:03.895+0000] {processor.py:175} INFO - Processing /home/airflow/.local/lib/python3.7/site-packages/airflow/example_dags/example_bash_operator.py took 0.472 seconds
[2023-03-27T23:15:34.792+0000] {processor.py:153} INFO - Started process (PID=593) to work on /home/airflow/.local/lib/python3.7/site-packages/airflow/example_dags/example_bash_operator.py
[2023-03-27T23:15:34.798+0000] {processor.py:743} INFO - Processing file /home/airflow/.local/lib/python3.7/site-packages/airflow/example_dags/example_bash_operator.py for tasks to queue
[2023-03-27T23:15:34.810+0000] {logging_mixin.py:137} INFO - [2023-03-27T23:15:34.804+0000] {dagbag.py:532} INFO - Filling up the DagBag from /home/airflow/.local/lib/python3.7/site-packages/airflow/example_dags/example_bash_operator.py
[2023-03-27T23:15:34.904+0000] {processor.py:753} INFO - DAG(s) dict_keys(['example_bash_operator']) retrieved from /home/airflow/.local/lib/python3.7/site-packages/airflow/example_dags/example_bash_operator.py
[2023-03-27T23:15:35.050+0000] {logging_mixin.py:137} INFO - [2023-03-27T23:15:35.050+0000] {dag.py:2693} INFO - Sync 1 DAGs
[2023-03-27T23:15:35.207+0000] {logging_mixin.py:137} INFO - [2023-03-27T23:15:35.207+0000] {dag.py:3444} INFO - Setting next_dagrun for example_bash_operator to 2023-03-26T00:00:00+00:00, run_after=2023-03-27T00:00:00+00:00
[2023-03-27T23:15:35.253+0000] {processor.py:175} INFO - Processing /home/airflow/.local/lib/python3.7/site-packages/airflow/example_dags/example_bash_operator.py took 0.473 seconds
[2023-03-27T23:16:06.280+0000] {processor.py:153} INFO - Started process (PID=641) to work on /home/airflow/.local/lib/python3.7/site-packages/airflow/example_dags/example_bash_operator.py
[2023-03-27T23:16:06.285+0000] {processor.py:743} INFO - Processing file /home/airflow/.local/lib/python3.7/site-packages/airflow/example_dags/example_bash_operator.py for tasks to queue
[2023-03-27T23:16:06.288+0000] {logging_mixin.py:137} INFO - [2023-03-27T23:16:06.287+0000] {dagbag.py:532} INFO - Filling up the DagBag from /home/airflow/.local/lib/python3.7/site-packages/airflow/example_dags/example_bash_operator.py
[2023-03-27T23:16:06.391+0000] {processor.py:753} INFO - DAG(s) dict_keys(['example_bash_operator']) retrieved from /home/airflow/.local/lib/python3.7/site-packages/airflow/example_dags/example_bash_operator.py
[2023-03-27T23:16:06.508+0000] {logging_mixin.py:137} INFO - [2023-03-27T23:16:06.508+0000] {dag.py:2693} INFO - Sync 1 DAGs
[2023-03-27T23:16:06.596+0000] {logging_mixin.py:137} INFO - [2023-03-27T23:16:06.596+0000] {dag.py:3444} INFO - Setting next_dagrun for example_bash_operator to 2023-03-26T00:00:00+00:00, run_after=2023-03-27T00:00:00+00:00
[2023-03-27T23:16:06.656+0000] {processor.py:175} INFO - Processing /home/airflow/.local/lib/python3.7/site-packages/airflow/example_dags/example_bash_operator.py took 0.384 seconds
[2023-03-27T23:16:36.852+0000] {processor.py:153} INFO - Started process (PID=691) to work on /home/airflow/.local/lib/python3.7/site-packages/airflow/example_dags/example_bash_operator.py
[2023-03-27T23:16:36.856+0000] {processor.py:743} INFO - Processing file /home/airflow/.local/lib/python3.7/site-packages/airflow/example_dags/example_bash_operator.py for tasks to queue
[2023-03-27T23:16:36.859+0000] {logging_mixin.py:137} INFO - [2023-03-27T23:16:36.858+0000] {dagbag.py:532} INFO - Filling up the DagBag from /home/airflow/.local/lib/python3.7/site-packages/airflow/example_dags/example_bash_operator.py
[2023-03-27T23:16:36.967+0000] {processor.py:753} INFO - DAG(s) dict_keys(['example_bash_operator']) retrieved from /home/airflow/.local/lib/python3.7/site-packages/airflow/example_dags/example_bash_operator.py
[2023-03-27T23:16:37.055+0000] {logging_mixin.py:137} INFO - [2023-03-27T23:16:37.055+0000] {dag.py:2693} INFO - Sync 1 DAGs
[2023-03-27T23:16:37.200+0000] {logging_mixin.py:137} INFO - [2023-03-27T23:16:37.199+0000] {dag.py:3444} INFO - Setting next_dagrun for example_bash_operator to 2023-03-26T00:00:00+00:00, run_after=2023-03-27T00:00:00+00:00
[2023-03-27T23:16:37.266+0000] {processor.py:175} INFO - Processing /home/airflow/.local/lib/python3.7/site-packages/airflow/example_dags/example_bash_operator.py took 0.422 seconds
[2023-03-27T23:17:08.477+0000] {processor.py:153} INFO - Started process (PID=739) to work on /home/airflow/.local/lib/python3.7/site-packages/airflow/example_dags/example_bash_operator.py
[2023-03-27T23:17:08.491+0000] {processor.py:743} INFO - Processing file /home/airflow/.local/lib/python3.7/site-packages/airflow/example_dags/example_bash_operator.py for tasks to queue
[2023-03-27T23:17:08.501+0000] {logging_mixin.py:137} INFO - [2023-03-27T23:17:08.501+0000] {dagbag.py:532} INFO - Filling up the DagBag from /home/airflow/.local/lib/python3.7/site-packages/airflow/example_dags/example_bash_operator.py
[2023-03-27T23:17:08.571+0000] {processor.py:753} INFO - DAG(s) dict_keys(['example_bash_operator']) retrieved from /home/airflow/.local/lib/python3.7/site-packages/airflow/example_dags/example_bash_operator.py
[2023-03-27T23:17:08.669+0000] {logging_mixin.py:137} INFO - [2023-03-27T23:17:08.669+0000] {dag.py:2693} INFO - Sync 1 DAGs
[2023-03-27T23:17:08.761+0000] {logging_mixin.py:137} INFO - [2023-03-27T23:17:08.760+0000] {dag.py:3444} INFO - Setting next_dagrun for example_bash_operator to 2023-03-26T00:00:00+00:00, run_after=2023-03-27T00:00:00+00:00
[2023-03-27T23:17:08.820+0000] {processor.py:175} INFO - Processing /home/airflow/.local/lib/python3.7/site-packages/airflow/example_dags/example_bash_operator.py took 0.363 seconds
[2023-03-27T23:17:39.078+0000] {processor.py:153} INFO - Started process (PID=788) to work on /home/airflow/.local/lib/python3.7/site-packages/airflow/example_dags/example_bash_operator.py
[2023-03-27T23:17:39.082+0000] {processor.py:743} INFO - Processing file /home/airflow/.local/lib/python3.7/site-packages/airflow/example_dags/example_bash_operator.py for tasks to queue
[2023-03-27T23:17:39.088+0000] {logging_mixin.py:137} INFO - [2023-03-27T23:17:39.087+0000] {dagbag.py:532} INFO - Filling up the DagBag from /home/airflow/.local/lib/python3.7/site-packages/airflow/example_dags/example_bash_operator.py
[2023-03-27T23:17:39.164+0000] {processor.py:753} INFO - DAG(s) dict_keys(['example_bash_operator']) retrieved from /home/airflow/.local/lib/python3.7/site-packages/airflow/example_dags/example_bash_operator.py
[2023-03-27T23:17:39.260+0000] {logging_mixin.py:137} INFO - [2023-03-27T23:17:39.259+0000] {dag.py:2693} INFO - Sync 1 DAGs
[2023-03-27T23:17:39.310+0000] {logging_mixin.py:137} INFO - [2023-03-27T23:17:39.310+0000] {dag.py:3444} INFO - Setting next_dagrun for example_bash_operator to 2023-03-26T00:00:00+00:00, run_after=2023-03-27T00:00:00+00:00
[2023-03-27T23:17:39.351+0000] {processor.py:175} INFO - Processing /home/airflow/.local/lib/python3.7/site-packages/airflow/example_dags/example_bash_operator.py took 0.290 seconds
[2023-03-27T23:18:09.593+0000] {processor.py:153} INFO - Started process (PID=837) to work on /home/airflow/.local/lib/python3.7/site-packages/airflow/example_dags/example_bash_operator.py
[2023-03-27T23:18:09.596+0000] {processor.py:743} INFO - Processing file /home/airflow/.local/lib/python3.7/site-packages/airflow/example_dags/example_bash_operator.py for tasks to queue
[2023-03-27T23:18:09.601+0000] {logging_mixin.py:137} INFO - [2023-03-27T23:18:09.600+0000] {dagbag.py:532} INFO - Filling up the DagBag from /home/airflow/.local/lib/python3.7/site-packages/airflow/example_dags/example_bash_operator.py
[2023-03-27T23:18:09.713+0000] {processor.py:753} INFO - DAG(s) dict_keys(['example_bash_operator']) retrieved from /home/airflow/.local/lib/python3.7/site-packages/airflow/example_dags/example_bash_operator.py
[2023-03-27T23:18:09.950+0000] {logging_mixin.py:137} INFO - [2023-03-27T23:18:09.949+0000] {dag.py:2693} INFO - Sync 1 DAGs
[2023-03-27T23:18:10.091+0000] {logging_mixin.py:137} INFO - [2023-03-27T23:18:10.091+0000] {dag.py:3444} INFO - Setting next_dagrun for example_bash_operator to 2023-03-26T00:00:00+00:00, run_after=2023-03-27T00:00:00+00:00
[2023-03-27T23:18:10.256+0000] {processor.py:175} INFO - Processing /home/airflow/.local/lib/python3.7/site-packages/airflow/example_dags/example_bash_operator.py took 0.706 seconds
[2023-03-27T23:18:40.407+0000] {processor.py:153} INFO - Started process (PID=886) to work on /home/airflow/.local/lib/python3.7/site-packages/airflow/example_dags/example_bash_operator.py
[2023-03-27T23:18:40.412+0000] {processor.py:743} INFO - Processing file /home/airflow/.local/lib/python3.7/site-packages/airflow/example_dags/example_bash_operator.py for tasks to queue
[2023-03-27T23:18:40.418+0000] {logging_mixin.py:137} INFO - [2023-03-27T23:18:40.417+0000] {dagbag.py:532} INFO - Filling up the DagBag from /home/airflow/.local/lib/python3.7/site-packages/airflow/example_dags/example_bash_operator.py
[2023-03-27T23:18:40.495+0000] {processor.py:753} INFO - DAG(s) dict_keys(['example_bash_operator']) retrieved from /home/airflow/.local/lib/python3.7/site-packages/airflow/example_dags/example_bash_operator.py
[2023-03-27T23:18:40.603+0000] {logging_mixin.py:137} INFO - [2023-03-27T23:18:40.603+0000] {dag.py:2693} INFO - Sync 1 DAGs
[2023-03-27T23:18:40.695+0000] {logging_mixin.py:137} INFO - [2023-03-27T23:18:40.694+0000] {dag.py:3444} INFO - Setting next_dagrun for example_bash_operator to 2023-03-26T00:00:00+00:00, run_after=2023-03-27T00:00:00+00:00
[2023-03-27T23:18:40.739+0000] {processor.py:175} INFO - Processing /home/airflow/.local/lib/python3.7/site-packages/airflow/example_dags/example_bash_operator.py took 0.346 seconds
[2023-03-27T23:19:11.055+0000] {processor.py:153} INFO - Started process (PID=936) to work on /home/airflow/.local/lib/python3.7/site-packages/airflow/example_dags/example_bash_operator.py
[2023-03-27T23:19:11.059+0000] {processor.py:743} INFO - Processing file /home/airflow/.local/lib/python3.7/site-packages/airflow/example_dags/example_bash_operator.py for tasks to queue
[2023-03-27T23:19:11.063+0000] {logging_mixin.py:137} INFO - [2023-03-27T23:19:11.063+0000] {dagbag.py:532} INFO - Filling up the DagBag from /home/airflow/.local/lib/python3.7/site-packages/airflow/example_dags/example_bash_operator.py
[2023-03-27T23:19:11.114+0000] {processor.py:753} INFO - DAG(s) dict_keys(['example_bash_operator']) retrieved from /home/airflow/.local/lib/python3.7/site-packages/airflow/example_dags/example_bash_operator.py
[2023-03-27T23:19:11.233+0000] {logging_mixin.py:137} INFO - [2023-03-27T23:19:11.232+0000] {dag.py:2693} INFO - Sync 1 DAGs
[2023-03-27T23:19:11.335+0000] {logging_mixin.py:137} INFO - [2023-03-27T23:19:11.335+0000] {dag.py:3444} INFO - Setting next_dagrun for example_bash_operator to 2023-03-26T00:00:00+00:00, run_after=2023-03-27T00:00:00+00:00
[2023-03-27T23:19:11.381+0000] {processor.py:175} INFO - Processing /home/airflow/.local/lib/python3.7/site-packages/airflow/example_dags/example_bash_operator.py took 0.334 seconds
[2023-03-27T23:19:42.095+0000] {processor.py:153} INFO - Started process (PID=984) to work on /home/airflow/.local/lib/python3.7/site-packages/airflow/example_dags/example_bash_operator.py
[2023-03-27T23:19:42.100+0000] {processor.py:743} INFO - Processing file /home/airflow/.local/lib/python3.7/site-packages/airflow/example_dags/example_bash_operator.py for tasks to queue
[2023-03-27T23:19:42.103+0000] {logging_mixin.py:137} INFO - [2023-03-27T23:19:42.102+0000] {dagbag.py:532} INFO - Filling up the DagBag from /home/airflow/.local/lib/python3.7/site-packages/airflow/example_dags/example_bash_operator.py
[2023-03-27T23:19:42.167+0000] {processor.py:753} INFO - DAG(s) dict_keys(['example_bash_operator']) retrieved from /home/airflow/.local/lib/python3.7/site-packages/airflow/example_dags/example_bash_operator.py
[2023-03-27T23:19:42.297+0000] {logging_mixin.py:137} INFO - [2023-03-27T23:19:42.296+0000] {dag.py:2693} INFO - Sync 1 DAGs
[2023-03-27T23:19:42.407+0000] {logging_mixin.py:137} INFO - [2023-03-27T23:19:42.407+0000] {dag.py:3444} INFO - Setting next_dagrun for example_bash_operator to 2023-03-26T00:00:00+00:00, run_after=2023-03-27T00:00:00+00:00
[2023-03-27T23:19:42.496+0000] {processor.py:175} INFO - Processing /home/airflow/.local/lib/python3.7/site-packages/airflow/example_dags/example_bash_operator.py took 0.407 seconds
[2023-03-27T23:20:12.784+0000] {processor.py:153} INFO - Started process (PID=1033) to work on /home/airflow/.local/lib/python3.7/site-packages/airflow/example_dags/example_bash_operator.py
[2023-03-27T23:20:12.790+0000] {processor.py:743} INFO - Processing file /home/airflow/.local/lib/python3.7/site-packages/airflow/example_dags/example_bash_operator.py for tasks to queue
[2023-03-27T23:20:12.794+0000] {logging_mixin.py:137} INFO - [2023-03-27T23:20:12.794+0000] {dagbag.py:532} INFO - Filling up the DagBag from /home/airflow/.local/lib/python3.7/site-packages/airflow/example_dags/example_bash_operator.py
[2023-03-27T23:20:12.869+0000] {processor.py:753} INFO - DAG(s) dict_keys(['example_bash_operator']) retrieved from /home/airflow/.local/lib/python3.7/site-packages/airflow/example_dags/example_bash_operator.py
[2023-03-27T23:20:12.974+0000] {logging_mixin.py:137} INFO - [2023-03-27T23:20:12.974+0000] {dag.py:2693} INFO - Sync 1 DAGs
[2023-03-27T23:20:13.043+0000] {logging_mixin.py:137} INFO - [2023-03-27T23:20:13.042+0000] {dag.py:3444} INFO - Setting next_dagrun for example_bash_operator to 2023-03-26T00:00:00+00:00, run_after=2023-03-27T00:00:00+00:00
[2023-03-27T23:20:13.088+0000] {processor.py:175} INFO - Processing /home/airflow/.local/lib/python3.7/site-packages/airflow/example_dags/example_bash_operator.py took 0.314 seconds
[2023-03-27T23:20:43.298+0000] {processor.py:153} INFO - Started process (PID=1082) to work on /home/airflow/.local/lib/python3.7/site-packages/airflow/example_dags/example_bash_operator.py
[2023-03-27T23:20:43.305+0000] {processor.py:743} INFO - Processing file /home/airflow/.local/lib/python3.7/site-packages/airflow/example_dags/example_bash_operator.py for tasks to queue
[2023-03-27T23:20:43.308+0000] {logging_mixin.py:137} INFO - [2023-03-27T23:20:43.307+0000] {dagbag.py:532} INFO - Filling up the DagBag from /home/airflow/.local/lib/python3.7/site-packages/airflow/example_dags/example_bash_operator.py
[2023-03-27T23:20:43.368+0000] {processor.py:753} INFO - DAG(s) dict_keys(['example_bash_operator']) retrieved from /home/airflow/.local/lib/python3.7/site-packages/airflow/example_dags/example_bash_operator.py
[2023-03-27T23:20:43.456+0000] {logging_mixin.py:137} INFO - [2023-03-27T23:20:43.456+0000] {dag.py:2693} INFO - Sync 1 DAGs
[2023-03-27T23:20:43.553+0000] {logging_mixin.py:137} INFO - [2023-03-27T23:20:43.552+0000] {dag.py:3444} INFO - Setting next_dagrun for example_bash_operator to 2023-03-26T00:00:00+00:00, run_after=2023-03-27T00:00:00+00:00
[2023-03-27T23:20:43.634+0000] {processor.py:175} INFO - Processing /home/airflow/.local/lib/python3.7/site-packages/airflow/example_dags/example_bash_operator.py took 0.343 seconds
[2023-03-27T23:21:13.735+0000] {processor.py:153} INFO - Started process (PID=1131) to work on /home/airflow/.local/lib/python3.7/site-packages/airflow/example_dags/example_bash_operator.py
[2023-03-27T23:21:13.738+0000] {processor.py:743} INFO - Processing file /home/airflow/.local/lib/python3.7/site-packages/airflow/example_dags/example_bash_operator.py for tasks to queue
[2023-03-27T23:21:13.741+0000] {logging_mixin.py:137} INFO - [2023-03-27T23:21:13.741+0000] {dagbag.py:532} INFO - Filling up the DagBag from /home/airflow/.local/lib/python3.7/site-packages/airflow/example_dags/example_bash_operator.py
[2023-03-27T23:21:13.790+0000] {processor.py:753} INFO - DAG(s) dict_keys(['example_bash_operator']) retrieved from /home/airflow/.local/lib/python3.7/site-packages/airflow/example_dags/example_bash_operator.py
[2023-03-27T23:21:13.904+0000] {logging_mixin.py:137} INFO - [2023-03-27T23:21:13.903+0000] {dag.py:2693} INFO - Sync 1 DAGs
[2023-03-27T23:21:13.998+0000] {logging_mixin.py:137} INFO - [2023-03-27T23:21:13.997+0000] {dag.py:3444} INFO - Setting next_dagrun for example_bash_operator to 2023-03-26T00:00:00+00:00, run_after=2023-03-27T00:00:00+00:00
[2023-03-27T23:21:14.057+0000] {processor.py:175} INFO - Processing /home/airflow/.local/lib/python3.7/site-packages/airflow/example_dags/example_bash_operator.py took 0.330 seconds
[2023-03-27T23:21:44.212+0000] {processor.py:153} INFO - Started process (PID=1180) to work on /home/airflow/.local/lib/python3.7/site-packages/airflow/example_dags/example_bash_operator.py
[2023-03-27T23:21:44.216+0000] {processor.py:743} INFO - Processing file /home/airflow/.local/lib/python3.7/site-packages/airflow/example_dags/example_bash_operator.py for tasks to queue
[2023-03-27T23:21:44.221+0000] {logging_mixin.py:137} INFO - [2023-03-27T23:21:44.221+0000] {dagbag.py:532} INFO - Filling up the DagBag from /home/airflow/.local/lib/python3.7/site-packages/airflow/example_dags/example_bash_operator.py
[2023-03-27T23:21:44.269+0000] {processor.py:753} INFO - DAG(s) dict_keys(['example_bash_operator']) retrieved from /home/airflow/.local/lib/python3.7/site-packages/airflow/example_dags/example_bash_operator.py
[2023-03-27T23:21:44.355+0000] {logging_mixin.py:137} INFO - [2023-03-27T23:21:44.354+0000] {dag.py:2693} INFO - Sync 1 DAGs
[2023-03-27T23:21:44.430+0000] {logging_mixin.py:137} INFO - [2023-03-27T23:21:44.430+0000] {dag.py:3444} INFO - Setting next_dagrun for example_bash_operator to 2023-03-26T00:00:00+00:00, run_after=2023-03-27T00:00:00+00:00
[2023-03-27T23:21:44.482+0000] {processor.py:175} INFO - Processing /home/airflow/.local/lib/python3.7/site-packages/airflow/example_dags/example_bash_operator.py took 0.293 seconds
[2023-03-27T23:22:15.496+0000] {processor.py:153} INFO - Started process (PID=1231) to work on /home/airflow/.local/lib/python3.7/site-packages/airflow/example_dags/example_bash_operator.py
[2023-03-27T23:22:15.507+0000] {processor.py:743} INFO - Processing file /home/airflow/.local/lib/python3.7/site-packages/airflow/example_dags/example_bash_operator.py for tasks to queue
[2023-03-27T23:22:15.517+0000] {logging_mixin.py:137} INFO - [2023-03-27T23:22:15.516+0000] {dagbag.py:532} INFO - Filling up the DagBag from /home/airflow/.local/lib/python3.7/site-packages/airflow/example_dags/example_bash_operator.py
[2023-03-27T23:22:15.575+0000] {processor.py:753} INFO - DAG(s) dict_keys(['example_bash_operator']) retrieved from /home/airflow/.local/lib/python3.7/site-packages/airflow/example_dags/example_bash_operator.py
[2023-03-27T23:22:15.671+0000] {logging_mixin.py:137} INFO - [2023-03-27T23:22:15.670+0000] {dag.py:2693} INFO - Sync 1 DAGs
[2023-03-27T23:22:15.840+0000] {logging_mixin.py:137} INFO - [2023-03-27T23:22:15.832+0000] {dag.py:3444} INFO - Setting next_dagrun for example_bash_operator to 2023-03-26T00:00:00+00:00, run_after=2023-03-27T00:00:00+00:00
[2023-03-27T23:22:15.926+0000] {processor.py:175} INFO - Processing /home/airflow/.local/lib/python3.7/site-packages/airflow/example_dags/example_bash_operator.py took 0.442 seconds
[2023-03-27T23:22:46.581+0000] {processor.py:153} INFO - Started process (PID=1279) to work on /home/airflow/.local/lib/python3.7/site-packages/airflow/example_dags/example_bash_operator.py
[2023-03-27T23:22:46.584+0000] {processor.py:743} INFO - Processing file /home/airflow/.local/lib/python3.7/site-packages/airflow/example_dags/example_bash_operator.py for tasks to queue
[2023-03-27T23:22:46.586+0000] {logging_mixin.py:137} INFO - [2023-03-27T23:22:46.586+0000] {dagbag.py:532} INFO - Filling up the DagBag from /home/airflow/.local/lib/python3.7/site-packages/airflow/example_dags/example_bash_operator.py
[2023-03-27T23:22:46.637+0000] {processor.py:753} INFO - DAG(s) dict_keys(['example_bash_operator']) retrieved from /home/airflow/.local/lib/python3.7/site-packages/airflow/example_dags/example_bash_operator.py
[2023-03-27T23:22:46.727+0000] {logging_mixin.py:137} INFO - [2023-03-27T23:22:46.726+0000] {dag.py:2693} INFO - Sync 1 DAGs
[2023-03-27T23:22:46.795+0000] {logging_mixin.py:137} INFO - [2023-03-27T23:22:46.795+0000] {dag.py:3444} INFO - Setting next_dagrun for example_bash_operator to 2023-03-26T00:00:00+00:00, run_after=2023-03-27T00:00:00+00:00
[2023-03-27T23:22:46.881+0000] {processor.py:175} INFO - Processing /home/airflow/.local/lib/python3.7/site-packages/airflow/example_dags/example_bash_operator.py took 0.309 seconds
[2023-03-27T23:23:17.443+0000] {processor.py:153} INFO - Started process (PID=1328) to work on /home/airflow/.local/lib/python3.7/site-packages/airflow/example_dags/example_bash_operator.py
[2023-03-27T23:23:17.447+0000] {processor.py:743} INFO - Processing file /home/airflow/.local/lib/python3.7/site-packages/airflow/example_dags/example_bash_operator.py for tasks to queue
[2023-03-27T23:23:17.450+0000] {logging_mixin.py:137} INFO - [2023-03-27T23:23:17.449+0000] {dagbag.py:532} INFO - Filling up the DagBag from /home/airflow/.local/lib/python3.7/site-packages/airflow/example_dags/example_bash_operator.py
[2023-03-27T23:23:17.509+0000] {processor.py:753} INFO - DAG(s) dict_keys(['example_bash_operator']) retrieved from /home/airflow/.local/lib/python3.7/site-packages/airflow/example_dags/example_bash_operator.py
[2023-03-27T23:23:17.639+0000] {logging_mixin.py:137} INFO - [2023-03-27T23:23:17.639+0000] {dag.py:2693} INFO - Sync 1 DAGs
[2023-03-27T23:23:17.710+0000] {logging_mixin.py:137} INFO - [2023-03-27T23:23:17.709+0000] {dag.py:3444} INFO - Setting next_dagrun for example_bash_operator to 2023-03-26T00:00:00+00:00, run_after=2023-03-27T00:00:00+00:00
[2023-03-27T23:23:17.773+0000] {processor.py:175} INFO - Processing /home/airflow/.local/lib/python3.7/site-packages/airflow/example_dags/example_bash_operator.py took 0.338 seconds
[2023-03-27T23:23:47.901+0000] {processor.py:153} INFO - Started process (PID=1377) to work on /home/airflow/.local/lib/python3.7/site-packages/airflow/example_dags/example_bash_operator.py
[2023-03-27T23:23:47.903+0000] {processor.py:743} INFO - Processing file /home/airflow/.local/lib/python3.7/site-packages/airflow/example_dags/example_bash_operator.py for tasks to queue
[2023-03-27T23:23:47.908+0000] {logging_mixin.py:137} INFO - [2023-03-27T23:23:47.907+0000] {dagbag.py:532} INFO - Filling up the DagBag from /home/airflow/.local/lib/python3.7/site-packages/airflow/example_dags/example_bash_operator.py
[2023-03-27T23:23:47.957+0000] {processor.py:753} INFO - DAG(s) dict_keys(['example_bash_operator']) retrieved from /home/airflow/.local/lib/python3.7/site-packages/airflow/example_dags/example_bash_operator.py
[2023-03-27T23:23:48.067+0000] {logging_mixin.py:137} INFO - [2023-03-27T23:23:48.067+0000] {dag.py:2693} INFO - Sync 1 DAGs
[2023-03-27T23:23:48.131+0000] {logging_mixin.py:137} INFO - [2023-03-27T23:23:48.130+0000] {dag.py:3444} INFO - Setting next_dagrun for example_bash_operator to 2023-03-26T00:00:00+00:00, run_after=2023-03-27T00:00:00+00:00
[2023-03-27T23:23:48.232+0000] {processor.py:175} INFO - Processing /home/airflow/.local/lib/python3.7/site-packages/airflow/example_dags/example_bash_operator.py took 0.338 seconds
[2023-03-27T23:24:18.832+0000] {processor.py:153} INFO - Started process (PID=1426) to work on /home/airflow/.local/lib/python3.7/site-packages/airflow/example_dags/example_bash_operator.py
[2023-03-27T23:24:18.841+0000] {processor.py:743} INFO - Processing file /home/airflow/.local/lib/python3.7/site-packages/airflow/example_dags/example_bash_operator.py for tasks to queue
[2023-03-27T23:24:18.844+0000] {logging_mixin.py:137} INFO - [2023-03-27T23:24:18.844+0000] {dagbag.py:532} INFO - Filling up the DagBag from /home/airflow/.local/lib/python3.7/site-packages/airflow/example_dags/example_bash_operator.py
[2023-03-27T23:24:19.003+0000] {processor.py:753} INFO - DAG(s) dict_keys(['example_bash_operator']) retrieved from /home/airflow/.local/lib/python3.7/site-packages/airflow/example_dags/example_bash_operator.py
[2023-03-27T23:24:19.238+0000] {logging_mixin.py:137} INFO - [2023-03-27T23:24:19.237+0000] {dag.py:2693} INFO - Sync 1 DAGs
[2023-03-27T23:24:19.342+0000] {logging_mixin.py:137} INFO - [2023-03-27T23:24:19.342+0000] {dag.py:3444} INFO - Setting next_dagrun for example_bash_operator to 2023-03-26T00:00:00+00:00, run_after=2023-03-27T00:00:00+00:00
[2023-03-27T23:24:19.386+0000] {processor.py:175} INFO - Processing /home/airflow/.local/lib/python3.7/site-packages/airflow/example_dags/example_bash_operator.py took 0.574 seconds
[2023-03-27T23:55:01.836+0000] {processor.py:153} INFO - Started process (PID=1518) to work on /home/airflow/.local/lib/python3.7/site-packages/airflow/example_dags/example_bash_operator.py
[2023-03-27T23:55:01.841+0000] {processor.py:743} INFO - Processing file /home/airflow/.local/lib/python3.7/site-packages/airflow/example_dags/example_bash_operator.py for tasks to queue
[2023-03-27T23:55:01.845+0000] {logging_mixin.py:137} INFO - [2023-03-27T23:55:01.845+0000] {dagbag.py:532} INFO - Filling up the DagBag from /home/airflow/.local/lib/python3.7/site-packages/airflow/example_dags/example_bash_operator.py
[2023-03-27T23:55:01.923+0000] {processor.py:753} INFO - DAG(s) dict_keys(['example_bash_operator']) retrieved from /home/airflow/.local/lib/python3.7/site-packages/airflow/example_dags/example_bash_operator.py
[2023-03-27T23:55:02.034+0000] {logging_mixin.py:137} INFO - [2023-03-27T23:55:02.033+0000] {dag.py:2693} INFO - Sync 1 DAGs
[2023-03-27T23:55:02.093+0000] {logging_mixin.py:137} INFO - [2023-03-27T23:55:02.093+0000] {dag.py:3444} INFO - Setting next_dagrun for example_bash_operator to 2023-03-26T00:00:00+00:00, run_after=2023-03-27T00:00:00+00:00
[2023-03-27T23:55:02.136+0000] {processor.py:175} INFO - Processing /home/airflow/.local/lib/python3.7/site-packages/airflow/example_dags/example_bash_operator.py took 0.309 seconds
[2023-03-27T23:55:33.429+0000] {processor.py:153} INFO - Started process (PID=1567) to work on /home/airflow/.local/lib/python3.7/site-packages/airflow/example_dags/example_bash_operator.py
[2023-03-27T23:55:33.439+0000] {processor.py:743} INFO - Processing file /home/airflow/.local/lib/python3.7/site-packages/airflow/example_dags/example_bash_operator.py for tasks to queue
[2023-03-27T23:55:33.443+0000] {logging_mixin.py:137} INFO - [2023-03-27T23:55:33.443+0000] {dagbag.py:532} INFO - Filling up the DagBag from /home/airflow/.local/lib/python3.7/site-packages/airflow/example_dags/example_bash_operator.py
[2023-03-27T23:55:33.507+0000] {processor.py:753} INFO - DAG(s) dict_keys(['example_bash_operator']) retrieved from /home/airflow/.local/lib/python3.7/site-packages/airflow/example_dags/example_bash_operator.py
[2023-03-27T23:55:33.639+0000] {logging_mixin.py:137} INFO - [2023-03-27T23:55:33.639+0000] {dag.py:2693} INFO - Sync 1 DAGs
[2023-03-27T23:55:33.738+0000] {logging_mixin.py:137} INFO - [2023-03-27T23:55:33.737+0000] {dag.py:3444} INFO - Setting next_dagrun for example_bash_operator to 2023-03-26T00:00:00+00:00, run_after=2023-03-27T00:00:00+00:00
[2023-03-27T23:55:33.775+0000] {processor.py:175} INFO - Processing /home/airflow/.local/lib/python3.7/site-packages/airflow/example_dags/example_bash_operator.py took 0.352 seconds
[2023-03-27T23:56:11.484+0000] {processor.py:153} INFO - Started process (PID=1615) to work on /home/airflow/.local/lib/python3.7/site-packages/airflow/example_dags/example_bash_operator.py
[2023-03-27T23:56:11.488+0000] {processor.py:743} INFO - Processing file /home/airflow/.local/lib/python3.7/site-packages/airflow/example_dags/example_bash_operator.py for tasks to queue
[2023-03-27T23:56:11.490+0000] {logging_mixin.py:137} INFO - [2023-03-27T23:56:11.490+0000] {dagbag.py:532} INFO - Filling up the DagBag from /home/airflow/.local/lib/python3.7/site-packages/airflow/example_dags/example_bash_operator.py
[2023-03-27T23:56:11.551+0000] {processor.py:753} INFO - DAG(s) dict_keys(['example_bash_operator']) retrieved from /home/airflow/.local/lib/python3.7/site-packages/airflow/example_dags/example_bash_operator.py
[2023-03-27T23:56:11.692+0000] {logging_mixin.py:137} INFO - [2023-03-27T23:56:11.692+0000] {dag.py:2693} INFO - Sync 1 DAGs
[2023-03-27T23:56:11.765+0000] {logging_mixin.py:137} INFO - [2023-03-27T23:56:11.765+0000] {dag.py:3444} INFO - Setting next_dagrun for example_bash_operator to 2023-03-26T00:00:00+00:00, run_after=2023-03-27T00:00:00+00:00
[2023-03-27T23:56:12.087+0000] {processor.py:175} INFO - Processing /home/airflow/.local/lib/python3.7/site-packages/airflow/example_dags/example_bash_operator.py took 0.613 seconds
[2023-03-27T23:56:44.391+0000] {processor.py:153} INFO - Started process (PID=1665) to work on /home/airflow/.local/lib/python3.7/site-packages/airflow/example_dags/example_bash_operator.py
[2023-03-27T23:56:44.394+0000] {processor.py:743} INFO - Processing file /home/airflow/.local/lib/python3.7/site-packages/airflow/example_dags/example_bash_operator.py for tasks to queue
[2023-03-27T23:56:44.398+0000] {logging_mixin.py:137} INFO - [2023-03-27T23:56:44.398+0000] {dagbag.py:532} INFO - Filling up the DagBag from /home/airflow/.local/lib/python3.7/site-packages/airflow/example_dags/example_bash_operator.py
[2023-03-27T23:56:44.470+0000] {processor.py:753} INFO - DAG(s) dict_keys(['example_bash_operator']) retrieved from /home/airflow/.local/lib/python3.7/site-packages/airflow/example_dags/example_bash_operator.py
[2023-03-27T23:56:44.571+0000] {logging_mixin.py:137} INFO - [2023-03-27T23:56:44.571+0000] {dag.py:2693} INFO - Sync 1 DAGs
[2023-03-27T23:56:44.678+0000] {logging_mixin.py:137} INFO - [2023-03-27T23:56:44.678+0000] {dag.py:3444} INFO - Setting next_dagrun for example_bash_operator to 2023-03-26T00:00:00+00:00, run_after=2023-03-27T00:00:00+00:00
[2023-03-27T23:56:44.759+0000] {processor.py:175} INFO - Processing /home/airflow/.local/lib/python3.7/site-packages/airflow/example_dags/example_bash_operator.py took 0.379 seconds
[2023-03-27T23:57:15.315+0000] {processor.py:153} INFO - Started process (PID=1714) to work on /home/airflow/.local/lib/python3.7/site-packages/airflow/example_dags/example_bash_operator.py
[2023-03-27T23:57:15.332+0000] {processor.py:743} INFO - Processing file /home/airflow/.local/lib/python3.7/site-packages/airflow/example_dags/example_bash_operator.py for tasks to queue
[2023-03-27T23:57:15.354+0000] {logging_mixin.py:137} INFO - [2023-03-27T23:57:15.347+0000] {dagbag.py:532} INFO - Filling up the DagBag from /home/airflow/.local/lib/python3.7/site-packages/airflow/example_dags/example_bash_operator.py
[2023-03-27T23:57:15.530+0000] {processor.py:753} INFO - DAG(s) dict_keys(['example_bash_operator']) retrieved from /home/airflow/.local/lib/python3.7/site-packages/airflow/example_dags/example_bash_operator.py
[2023-03-27T23:57:15.683+0000] {logging_mixin.py:137} INFO - [2023-03-27T23:57:15.683+0000] {dag.py:2693} INFO - Sync 1 DAGs
[2023-03-27T23:57:15.765+0000] {logging_mixin.py:137} INFO - [2023-03-27T23:57:15.765+0000] {dag.py:3444} INFO - Setting next_dagrun for example_bash_operator to 2023-03-26T00:00:00+00:00, run_after=2023-03-27T00:00:00+00:00
[2023-03-27T23:57:15.844+0000] {processor.py:175} INFO - Processing /home/airflow/.local/lib/python3.7/site-packages/airflow/example_dags/example_bash_operator.py took 0.576 seconds
[2023-03-27T23:57:46.403+0000] {processor.py:153} INFO - Started process (PID=1770) to work on /home/airflow/.local/lib/python3.7/site-packages/airflow/example_dags/example_bash_operator.py
[2023-03-27T23:57:46.406+0000] {processor.py:743} INFO - Processing file /home/airflow/.local/lib/python3.7/site-packages/airflow/example_dags/example_bash_operator.py for tasks to queue
[2023-03-27T23:57:46.410+0000] {logging_mixin.py:137} INFO - [2023-03-27T23:57:46.409+0000] {dagbag.py:532} INFO - Filling up the DagBag from /home/airflow/.local/lib/python3.7/site-packages/airflow/example_dags/example_bash_operator.py
[2023-03-27T23:57:46.481+0000] {processor.py:753} INFO - DAG(s) dict_keys(['example_bash_operator']) retrieved from /home/airflow/.local/lib/python3.7/site-packages/airflow/example_dags/example_bash_operator.py
[2023-03-27T23:57:46.581+0000] {logging_mixin.py:137} INFO - [2023-03-27T23:57:46.581+0000] {dag.py:2693} INFO - Sync 1 DAGs
[2023-03-27T23:57:46.690+0000] {logging_mixin.py:137} INFO - [2023-03-27T23:57:46.690+0000] {dag.py:3444} INFO - Setting next_dagrun for example_bash_operator to 2023-03-26T00:00:00+00:00, run_after=2023-03-27T00:00:00+00:00
[2023-03-27T23:57:46.750+0000] {processor.py:175} INFO - Processing /home/airflow/.local/lib/python3.7/site-packages/airflow/example_dags/example_bash_operator.py took 0.357 seconds
[2023-03-27T23:58:17.115+0000] {processor.py:153} INFO - Started process (PID=1820) to work on /home/airflow/.local/lib/python3.7/site-packages/airflow/example_dags/example_bash_operator.py
[2023-03-27T23:58:17.119+0000] {processor.py:743} INFO - Processing file /home/airflow/.local/lib/python3.7/site-packages/airflow/example_dags/example_bash_operator.py for tasks to queue
[2023-03-27T23:58:17.123+0000] {logging_mixin.py:137} INFO - [2023-03-27T23:58:17.122+0000] {dagbag.py:532} INFO - Filling up the DagBag from /home/airflow/.local/lib/python3.7/site-packages/airflow/example_dags/example_bash_operator.py
[2023-03-27T23:58:17.177+0000] {processor.py:753} INFO - DAG(s) dict_keys(['example_bash_operator']) retrieved from /home/airflow/.local/lib/python3.7/site-packages/airflow/example_dags/example_bash_operator.py
[2023-03-27T23:58:17.272+0000] {logging_mixin.py:137} INFO - [2023-03-27T23:58:17.272+0000] {dag.py:2693} INFO - Sync 1 DAGs
[2023-03-27T23:58:17.342+0000] {logging_mixin.py:137} INFO - [2023-03-27T23:58:17.342+0000] {dag.py:3444} INFO - Setting next_dagrun for example_bash_operator to 2023-03-26T00:00:00+00:00, run_after=2023-03-27T00:00:00+00:00
[2023-03-27T23:58:17.621+0000] {processor.py:175} INFO - Processing /home/airflow/.local/lib/python3.7/site-packages/airflow/example_dags/example_bash_operator.py took 0.515 seconds
[2023-03-27T23:58:49.646+0000] {processor.py:153} INFO - Started process (PID=1868) to work on /home/airflow/.local/lib/python3.7/site-packages/airflow/example_dags/example_bash_operator.py
[2023-03-27T23:58:49.653+0000] {processor.py:743} INFO - Processing file /home/airflow/.local/lib/python3.7/site-packages/airflow/example_dags/example_bash_operator.py for tasks to queue
[2023-03-27T23:58:49.656+0000] {logging_mixin.py:137} INFO - [2023-03-27T23:58:49.656+0000] {dagbag.py:532} INFO - Filling up the DagBag from /home/airflow/.local/lib/python3.7/site-packages/airflow/example_dags/example_bash_operator.py
[2023-03-27T23:58:49.758+0000] {processor.py:753} INFO - DAG(s) dict_keys(['example_bash_operator']) retrieved from /home/airflow/.local/lib/python3.7/site-packages/airflow/example_dags/example_bash_operator.py
[2023-03-27T23:58:49.916+0000] {logging_mixin.py:137} INFO - [2023-03-27T23:58:49.916+0000] {dag.py:2693} INFO - Sync 1 DAGs
[2023-03-27T23:58:50.023+0000] {logging_mixin.py:137} INFO - [2023-03-27T23:58:50.023+0000] {dag.py:3444} INFO - Setting next_dagrun for example_bash_operator to 2023-03-26T00:00:00+00:00, run_after=2023-03-27T00:00:00+00:00
[2023-03-27T23:58:50.085+0000] {processor.py:175} INFO - Processing /home/airflow/.local/lib/python3.7/site-packages/airflow/example_dags/example_bash_operator.py took 0.449 seconds
[2023-03-27T23:59:20.984+0000] {processor.py:153} INFO - Started process (PID=1918) to work on /home/airflow/.local/lib/python3.7/site-packages/airflow/example_dags/example_bash_operator.py
[2023-03-27T23:59:20.987+0000] {processor.py:743} INFO - Processing file /home/airflow/.local/lib/python3.7/site-packages/airflow/example_dags/example_bash_operator.py for tasks to queue
[2023-03-27T23:59:20.990+0000] {logging_mixin.py:137} INFO - [2023-03-27T23:59:20.990+0000] {dagbag.py:532} INFO - Filling up the DagBag from /home/airflow/.local/lib/python3.7/site-packages/airflow/example_dags/example_bash_operator.py
[2023-03-27T23:59:21.049+0000] {processor.py:753} INFO - DAG(s) dict_keys(['example_bash_operator']) retrieved from /home/airflow/.local/lib/python3.7/site-packages/airflow/example_dags/example_bash_operator.py
[2023-03-27T23:59:21.126+0000] {logging_mixin.py:137} INFO - [2023-03-27T23:59:21.126+0000] {dag.py:2693} INFO - Sync 1 DAGs
[2023-03-27T23:59:21.169+0000] {logging_mixin.py:137} INFO - [2023-03-27T23:59:21.169+0000] {dag.py:3444} INFO - Setting next_dagrun for example_bash_operator to 2023-03-26T00:00:00+00:00, run_after=2023-03-27T00:00:00+00:00
[2023-03-27T23:59:21.214+0000] {processor.py:175} INFO - Processing /home/airflow/.local/lib/python3.7/site-packages/airflow/example_dags/example_bash_operator.py took 0.242 seconds
[2023-03-27T23:59:53.064+0000] {processor.py:153} INFO - Started process (PID=1967) to work on /home/airflow/.local/lib/python3.7/site-packages/airflow/example_dags/example_bash_operator.py
[2023-03-27T23:59:53.071+0000] {processor.py:743} INFO - Processing file /home/airflow/.local/lib/python3.7/site-packages/airflow/example_dags/example_bash_operator.py for tasks to queue
[2023-03-27T23:59:53.077+0000] {logging_mixin.py:137} INFO - [2023-03-27T23:59:53.076+0000] {dagbag.py:532} INFO - Filling up the DagBag from /home/airflow/.local/lib/python3.7/site-packages/airflow/example_dags/example_bash_operator.py
[2023-03-27T23:59:53.195+0000] {processor.py:753} INFO - DAG(s) dict_keys(['example_bash_operator']) retrieved from /home/airflow/.local/lib/python3.7/site-packages/airflow/example_dags/example_bash_operator.py
[2023-03-27T23:59:53.615+0000] {logging_mixin.py:137} INFO - [2023-03-27T23:59:53.614+0000] {dag.py:2693} INFO - Sync 1 DAGs
[2023-03-27T23:59:53.850+0000] {logging_mixin.py:137} INFO - [2023-03-27T23:59:53.849+0000] {dag.py:3444} INFO - Setting next_dagrun for example_bash_operator to 2023-03-26T00:00:00+00:00, run_after=2023-03-27T00:00:00+00:00
[2023-03-27T23:59:53.989+0000] {processor.py:175} INFO - Processing /home/airflow/.local/lib/python3.7/site-packages/airflow/example_dags/example_bash_operator.py took 0.950 seconds
