[2023-03-27T11:50:07.999+0000] {processor.py:153} INFO - Started process (PID=132) to work on /home/airflow/.local/lib/python3.7/site-packages/airflow/example_dags/example_sla_dag.py
[2023-03-27T11:50:08.252+0000] {processor.py:743} INFO - Processing file /home/airflow/.local/lib/python3.7/site-packages/airflow/example_dags/example_sla_dag.py for tasks to queue
[2023-03-27T11:50:08.366+0000] {logging_mixin.py:137} INFO - [2023-03-27T11:50:08.365+0000] {dagbag.py:532} INFO - Filling up the DagBag from /home/airflow/.local/lib/python3.7/site-packages/airflow/example_dags/example_sla_dag.py
[2023-03-27T11:50:10.810+0000] {processor.py:753} INFO - DAG(s) dict_keys(['example_sla_dag']) retrieved from /home/airflow/.local/lib/python3.7/site-packages/airflow/example_dags/example_sla_dag.py
[2023-03-27T11:50:12.033+0000] {logging_mixin.py:137} INFO - [2023-03-27T11:50:12.029+0000] {dag.py:2693} INFO - Sync 1 DAGs
[2023-03-27T11:50:14.139+0000] {logging_mixin.py:137} INFO - [2023-03-27T11:50:14.120+0000] {dag.py:3444} INFO - Setting next_dagrun for example_sla_dag to 2023-03-27T11:48:00+00:00, run_after=2023-03-27T11:50:00+00:00
[2023-03-27T11:50:15.329+0000] {processor.py:175} INFO - Processing /home/airflow/.local/lib/python3.7/site-packages/airflow/example_dags/example_sla_dag.py took 8.336 seconds
[2023-03-27T13:24:58.731+0000] {processor.py:153} INFO - Started process (PID=202) to work on /home/airflow/.local/lib/python3.7/site-packages/airflow/example_dags/example_sla_dag.py
[2023-03-27T13:24:58.819+0000] {processor.py:743} INFO - Processing file /home/airflow/.local/lib/python3.7/site-packages/airflow/example_dags/example_sla_dag.py for tasks to queue
[2023-03-27T13:24:58.918+0000] {logging_mixin.py:137} INFO - [2023-03-27T13:24:58.879+0000] {dagbag.py:532} INFO - Filling up the DagBag from /home/airflow/.local/lib/python3.7/site-packages/airflow/example_dags/example_sla_dag.py
[2023-03-27T13:25:02.138+0000] {processor.py:753} INFO - DAG(s) dict_keys(['example_sla_dag']) retrieved from /home/airflow/.local/lib/python3.7/site-packages/airflow/example_dags/example_sla_dag.py
[2023-03-27T13:25:03.424+0000] {logging_mixin.py:137} INFO - [2023-03-27T13:25:03.423+0000] {dag.py:2693} INFO - Sync 1 DAGs
[2023-03-27T13:25:17.240+0000] {logging_mixin.py:137} INFO - [2023-03-27T13:25:16.307+0000] {dag.py:3444} INFO - Setting next_dagrun for example_sla_dag to 2023-03-27T13:22:00+00:00, run_after=2023-03-27T13:24:00+00:00
[2023-03-27T13:25:30.861+0000] {processor.py:175} INFO - Processing /home/airflow/.local/lib/python3.7/site-packages/airflow/example_dags/example_sla_dag.py took 32.395 seconds
[2023-03-27T13:27:48.775+0000] {processor.py:153} INFO - Started process (PID=271) to work on /home/airflow/.local/lib/python3.7/site-packages/airflow/example_dags/example_sla_dag.py
[2023-03-27T13:27:48.816+0000] {processor.py:743} INFO - Processing file /home/airflow/.local/lib/python3.7/site-packages/airflow/example_dags/example_sla_dag.py for tasks to queue
[2023-03-27T13:27:48.845+0000] {logging_mixin.py:137} INFO - [2023-03-27T13:27:48.843+0000] {dagbag.py:532} INFO - Filling up the DagBag from /home/airflow/.local/lib/python3.7/site-packages/airflow/example_dags/example_sla_dag.py
[2023-03-27T13:27:56.786+0000] {processor.py:753} INFO - DAG(s) dict_keys(['example_sla_dag']) retrieved from /home/airflow/.local/lib/python3.7/site-packages/airflow/example_dags/example_sla_dag.py
[2023-03-27T13:27:57.732+0000] {logging_mixin.py:137} INFO - [2023-03-27T13:27:57.726+0000] {dag.py:2693} INFO - Sync 1 DAGs
[2023-03-27T13:27:58.298+0000] {logging_mixin.py:137} INFO - [2023-03-27T13:27:58.297+0000] {dag.py:3444} INFO - Setting next_dagrun for example_sla_dag to 2023-03-27T13:24:00+00:00, run_after=2023-03-27T13:26:00+00:00
[2023-03-27T13:27:58.851+0000] {processor.py:175} INFO - Processing /home/airflow/.local/lib/python3.7/site-packages/airflow/example_dags/example_sla_dag.py took 10.755 seconds
[2023-03-27T13:31:42.453+0000] {processor.py:153} INFO - Started process (PID=384) to work on /home/airflow/.local/lib/python3.7/site-packages/airflow/example_dags/example_sla_dag.py
[2023-03-27T13:31:42.522+0000] {processor.py:743} INFO - Processing file /home/airflow/.local/lib/python3.7/site-packages/airflow/example_dags/example_sla_dag.py for tasks to queue
[2023-03-27T13:31:42.527+0000] {logging_mixin.py:137} INFO - [2023-03-27T13:31:42.527+0000] {dagbag.py:532} INFO - Filling up the DagBag from /home/airflow/.local/lib/python3.7/site-packages/airflow/example_dags/example_sla_dag.py
[2023-03-27T13:31:42.931+0000] {processor.py:753} INFO - DAG(s) dict_keys(['example_sla_dag']) retrieved from /home/airflow/.local/lib/python3.7/site-packages/airflow/example_dags/example_sla_dag.py
[2023-03-27T13:31:43.727+0000] {logging_mixin.py:137} INFO - [2023-03-27T13:31:43.723+0000] {dag.py:2693} INFO - Sync 1 DAGs
[2023-03-27T13:31:46.354+0000] {logging_mixin.py:137} INFO - [2023-03-27T13:31:46.337+0000] {dag.py:3444} INFO - Setting next_dagrun for example_sla_dag to 2023-03-27T13:28:00+00:00, run_after=2023-03-27T13:30:00+00:00
[2023-03-27T13:31:51.711+0000] {processor.py:175} INFO - Processing /home/airflow/.local/lib/python3.7/site-packages/airflow/example_dags/example_sla_dag.py took 9.295 seconds
[2023-03-27T13:35:31.144+0000] {processor.py:153} INFO - Started process (PID=501) to work on /home/airflow/.local/lib/python3.7/site-packages/airflow/example_dags/example_sla_dag.py
[2023-03-27T13:35:31.158+0000] {processor.py:743} INFO - Processing file /home/airflow/.local/lib/python3.7/site-packages/airflow/example_dags/example_sla_dag.py for tasks to queue
[2023-03-27T13:35:31.180+0000] {logging_mixin.py:137} INFO - [2023-03-27T13:35:31.175+0000] {dagbag.py:532} INFO - Filling up the DagBag from /home/airflow/.local/lib/python3.7/site-packages/airflow/example_dags/example_sla_dag.py
[2023-03-27T13:35:32.039+0000] {processor.py:753} INFO - DAG(s) dict_keys(['example_sla_dag']) retrieved from /home/airflow/.local/lib/python3.7/site-packages/airflow/example_dags/example_sla_dag.py
[2023-03-27T13:35:33.395+0000] {logging_mixin.py:137} INFO - [2023-03-27T13:35:33.379+0000] {dag.py:2693} INFO - Sync 1 DAGs
[2023-03-27T13:35:34.206+0000] {logging_mixin.py:137} INFO - [2023-03-27T13:35:34.179+0000] {dag.py:3444} INFO - Setting next_dagrun for example_sla_dag to 2023-03-27T13:32:00+00:00, run_after=2023-03-27T13:34:00+00:00
[2023-03-27T13:35:34.516+0000] {processor.py:175} INFO - Processing /home/airflow/.local/lib/python3.7/site-packages/airflow/example_dags/example_sla_dag.py took 3.421 seconds
[2023-03-27T13:38:45.951+0000] {processor.py:153} INFO - Started process (PID=602) to work on /home/airflow/.local/lib/python3.7/site-packages/airflow/example_dags/example_sla_dag.py
[2023-03-27T13:38:45.972+0000] {processor.py:743} INFO - Processing file /home/airflow/.local/lib/python3.7/site-packages/airflow/example_dags/example_sla_dag.py for tasks to queue
[2023-03-27T13:38:46.006+0000] {logging_mixin.py:137} INFO - [2023-03-27T13:38:46.005+0000] {dagbag.py:532} INFO - Filling up the DagBag from /home/airflow/.local/lib/python3.7/site-packages/airflow/example_dags/example_sla_dag.py
[2023-03-27T13:38:46.978+0000] {processor.py:753} INFO - DAG(s) dict_keys(['example_sla_dag']) retrieved from /home/airflow/.local/lib/python3.7/site-packages/airflow/example_dags/example_sla_dag.py
[2023-03-27T13:38:47.398+0000] {logging_mixin.py:137} INFO - [2023-03-27T13:38:47.397+0000] {dag.py:2693} INFO - Sync 1 DAGs
[2023-03-27T13:38:48.548+0000] {logging_mixin.py:137} INFO - [2023-03-27T13:38:48.544+0000] {dag.py:3444} INFO - Setting next_dagrun for example_sla_dag to 2023-03-27T13:36:00+00:00, run_after=2023-03-27T13:38:00+00:00
[2023-03-27T13:38:49.304+0000] {processor.py:175} INFO - Processing /home/airflow/.local/lib/python3.7/site-packages/airflow/example_dags/example_sla_dag.py took 3.441 seconds
[2023-03-27T13:41:26.737+0000] {processor.py:153} INFO - Started process (PID=688) to work on /home/airflow/.local/lib/python3.7/site-packages/airflow/example_dags/example_sla_dag.py
[2023-03-27T13:41:26.779+0000] {processor.py:743} INFO - Processing file /home/airflow/.local/lib/python3.7/site-packages/airflow/example_dags/example_sla_dag.py for tasks to queue
[2023-03-27T13:41:26.788+0000] {logging_mixin.py:137} INFO - [2023-03-27T13:41:26.788+0000] {dagbag.py:532} INFO - Filling up the DagBag from /home/airflow/.local/lib/python3.7/site-packages/airflow/example_dags/example_sla_dag.py
[2023-03-27T13:41:27.489+0000] {processor.py:753} INFO - DAG(s) dict_keys(['example_sla_dag']) retrieved from /home/airflow/.local/lib/python3.7/site-packages/airflow/example_dags/example_sla_dag.py
[2023-03-27T13:41:27.998+0000] {logging_mixin.py:137} INFO - [2023-03-27T13:41:27.993+0000] {dag.py:2693} INFO - Sync 1 DAGs
[2023-03-27T13:41:28.865+0000] {logging_mixin.py:137} INFO - [2023-03-27T13:41:28.859+0000] {dag.py:3444} INFO - Setting next_dagrun for example_sla_dag to 2023-03-27T13:38:00+00:00, run_after=2023-03-27T13:40:00+00:00
[2023-03-27T13:41:29.333+0000] {processor.py:175} INFO - Processing /home/airflow/.local/lib/python3.7/site-packages/airflow/example_dags/example_sla_dag.py took 2.658 seconds
[2023-03-27T13:45:31.082+0000] {processor.py:153} INFO - Started process (PID=799) to work on /home/airflow/.local/lib/python3.7/site-packages/airflow/example_dags/example_sla_dag.py
[2023-03-27T13:45:31.165+0000] {processor.py:743} INFO - Processing file /home/airflow/.local/lib/python3.7/site-packages/airflow/example_dags/example_sla_dag.py for tasks to queue
[2023-03-27T13:45:31.177+0000] {logging_mixin.py:137} INFO - [2023-03-27T13:45:31.177+0000] {dagbag.py:532} INFO - Filling up the DagBag from /home/airflow/.local/lib/python3.7/site-packages/airflow/example_dags/example_sla_dag.py
[2023-03-27T13:45:32.171+0000] {processor.py:753} INFO - DAG(s) dict_keys(['example_sla_dag']) retrieved from /home/airflow/.local/lib/python3.7/site-packages/airflow/example_dags/example_sla_dag.py
[2023-03-27T13:45:32.597+0000] {logging_mixin.py:137} INFO - [2023-03-27T13:45:32.596+0000] {dag.py:2693} INFO - Sync 1 DAGs
[2023-03-27T13:45:35.869+0000] {logging_mixin.py:137} INFO - [2023-03-27T13:45:35.867+0000] {dag.py:3444} INFO - Setting next_dagrun for example_sla_dag to 2023-03-27T13:42:00+00:00, run_after=2023-03-27T13:44:00+00:00
[2023-03-27T18:08:23.167+0000] {processor.py:153} INFO - Started process (PID=199) to work on /home/airflow/.local/lib/python3.7/site-packages/airflow/example_dags/example_sla_dag.py
[2023-03-27T18:08:23.234+0000] {processor.py:743} INFO - Processing file /home/airflow/.local/lib/python3.7/site-packages/airflow/example_dags/example_sla_dag.py for tasks to queue
[2023-03-27T18:08:23.598+0000] {logging_mixin.py:137} INFO - [2023-03-27T18:08:23.579+0000] {dagbag.py:532} INFO - Filling up the DagBag from /home/airflow/.local/lib/python3.7/site-packages/airflow/example_dags/example_sla_dag.py
[2023-03-27T18:08:25.094+0000] {processor.py:753} INFO - DAG(s) dict_keys(['example_sla_dag']) retrieved from /home/airflow/.local/lib/python3.7/site-packages/airflow/example_dags/example_sla_dag.py
[2023-03-27T18:08:27.412+0000] {logging_mixin.py:137} INFO - [2023-03-27T18:08:27.412+0000] {dag.py:2693} INFO - Sync 1 DAGs
[2023-03-27T18:08:31.237+0000] {logging_mixin.py:137} INFO - [2023-03-27T18:08:31.236+0000] {dag.py:3444} INFO - Setting next_dagrun for example_sla_dag to 2023-03-27T18:06:00+00:00, run_after=2023-03-27T18:08:00+00:00
[2023-03-27T18:08:32.000+0000] {processor.py:175} INFO - Processing /home/airflow/.local/lib/python3.7/site-packages/airflow/example_dags/example_sla_dag.py took 9.183 seconds
[2023-03-27T18:14:09.616+0000] {processor.py:153} INFO - Started process (PID=296) to work on /home/airflow/.local/lib/python3.7/site-packages/airflow/example_dags/example_sla_dag.py
[2023-03-27T18:14:09.667+0000] {processor.py:743} INFO - Processing file /home/airflow/.local/lib/python3.7/site-packages/airflow/example_dags/example_sla_dag.py for tasks to queue
[2023-03-27T18:14:09.676+0000] {logging_mixin.py:137} INFO - [2023-03-27T18:14:09.676+0000] {dagbag.py:532} INFO - Filling up the DagBag from /home/airflow/.local/lib/python3.7/site-packages/airflow/example_dags/example_sla_dag.py
[2023-03-27T18:14:10.474+0000] {processor.py:753} INFO - DAG(s) dict_keys(['example_sla_dag']) retrieved from /home/airflow/.local/lib/python3.7/site-packages/airflow/example_dags/example_sla_dag.py
[2023-03-27T18:14:11.219+0000] {logging_mixin.py:137} INFO - [2023-03-27T18:14:11.218+0000] {dag.py:2693} INFO - Sync 1 DAGs
[2023-03-27T18:14:13.020+0000] {logging_mixin.py:137} INFO - [2023-03-27T18:14:13.020+0000] {dag.py:3444} INFO - Setting next_dagrun for example_sla_dag to 2023-03-27T18:12:00+00:00, run_after=2023-03-27T18:14:00+00:00
[2023-03-27T18:14:15.376+0000] {processor.py:175} INFO - Processing /home/airflow/.local/lib/python3.7/site-packages/airflow/example_dags/example_sla_dag.py took 5.859 seconds
[2023-03-27T18:24:24.081+0000] {processor.py:153} INFO - Started process (PID=481) to work on /home/airflow/.local/lib/python3.7/site-packages/airflow/example_dags/example_sla_dag.py
[2023-03-27T18:24:24.100+0000] {processor.py:743} INFO - Processing file /home/airflow/.local/lib/python3.7/site-packages/airflow/example_dags/example_sla_dag.py for tasks to queue
[2023-03-27T18:24:24.179+0000] {logging_mixin.py:137} INFO - [2023-03-27T18:24:24.178+0000] {dagbag.py:532} INFO - Filling up the DagBag from /home/airflow/.local/lib/python3.7/site-packages/airflow/example_dags/example_sla_dag.py
[2023-03-27T18:24:25.401+0000] {processor.py:753} INFO - DAG(s) dict_keys(['example_sla_dag']) retrieved from /home/airflow/.local/lib/python3.7/site-packages/airflow/example_dags/example_sla_dag.py
[2023-03-27T18:24:28.610+0000] {logging_mixin.py:137} INFO - [2023-03-27T18:24:28.610+0000] {dag.py:2693} INFO - Sync 1 DAGs
[2023-03-27T18:24:30.352+0000] {logging_mixin.py:137} INFO - [2023-03-27T18:24:30.351+0000] {dag.py:3444} INFO - Setting next_dagrun for example_sla_dag to 2023-03-27T18:22:00+00:00, run_after=2023-03-27T18:24:00+00:00
[2023-03-27T18:24:31.474+0000] {processor.py:175} INFO - Processing /home/airflow/.local/lib/python3.7/site-packages/airflow/example_dags/example_sla_dag.py took 7.457 seconds
[2023-03-27T18:29:32.642+0000] {processor.py:153} INFO - Started process (PID=604) to work on /home/airflow/.local/lib/python3.7/site-packages/airflow/example_dags/example_sla_dag.py
[2023-03-27T18:29:32.661+0000] {processor.py:743} INFO - Processing file /home/airflow/.local/lib/python3.7/site-packages/airflow/example_dags/example_sla_dag.py for tasks to queue
[2023-03-27T18:29:32.670+0000] {logging_mixin.py:137} INFO - [2023-03-27T18:29:32.667+0000] {dagbag.py:532} INFO - Filling up the DagBag from /home/airflow/.local/lib/python3.7/site-packages/airflow/example_dags/example_sla_dag.py
[2023-03-27T18:29:33.364+0000] {processor.py:753} INFO - DAG(s) dict_keys(['example_sla_dag']) retrieved from /home/airflow/.local/lib/python3.7/site-packages/airflow/example_dags/example_sla_dag.py
[2023-03-27T18:29:34.610+0000] {logging_mixin.py:137} INFO - [2023-03-27T18:29:34.606+0000] {dag.py:2693} INFO - Sync 1 DAGs
[2023-03-27T18:29:35.888+0000] {logging_mixin.py:137} INFO - [2023-03-27T18:29:35.888+0000] {dag.py:3444} INFO - Setting next_dagrun for example_sla_dag to 2023-03-27T18:26:00+00:00, run_after=2023-03-27T18:28:00+00:00
[2023-03-27T18:29:36.666+0000] {processor.py:175} INFO - Processing /home/airflow/.local/lib/python3.7/site-packages/airflow/example_dags/example_sla_dag.py took 4.040 seconds
[2023-03-27T18:31:00.037+0000] {processor.py:153} INFO - Started process (PID=669) to work on /home/airflow/.local/lib/python3.7/site-packages/airflow/example_dags/example_sla_dag.py
[2023-03-27T18:31:00.074+0000] {processor.py:743} INFO - Processing file /home/airflow/.local/lib/python3.7/site-packages/airflow/example_dags/example_sla_dag.py for tasks to queue
[2023-03-27T18:31:00.095+0000] {logging_mixin.py:137} INFO - [2023-03-27T18:31:00.094+0000] {dagbag.py:532} INFO - Filling up the DagBag from /home/airflow/.local/lib/python3.7/site-packages/airflow/example_dags/example_sla_dag.py
[2023-03-27T18:31:00.597+0000] {processor.py:753} INFO - DAG(s) dict_keys(['example_sla_dag']) retrieved from /home/airflow/.local/lib/python3.7/site-packages/airflow/example_dags/example_sla_dag.py
[2023-03-27T18:31:01.229+0000] {logging_mixin.py:137} INFO - [2023-03-27T18:31:01.229+0000] {dag.py:2693} INFO - Sync 1 DAGs
[2023-03-27T18:31:01.895+0000] {logging_mixin.py:137} INFO - [2023-03-27T18:31:01.894+0000] {dag.py:3444} INFO - Setting next_dagrun for example_sla_dag to 2023-03-27T18:28:00+00:00, run_after=2023-03-27T18:30:00+00:00
[2023-03-27T18:31:02.428+0000] {processor.py:175} INFO - Processing /home/airflow/.local/lib/python3.7/site-packages/airflow/example_dags/example_sla_dag.py took 2.424 seconds
[2023-03-27T21:07:36.052+0000] {processor.py:153} INFO - Started process (PID=750) to work on /home/airflow/.local/lib/python3.7/site-packages/airflow/example_dags/example_sla_dag.py
[2023-03-27T21:07:36.195+0000] {processor.py:743} INFO - Processing file /home/airflow/.local/lib/python3.7/site-packages/airflow/example_dags/example_sla_dag.py for tasks to queue
[2023-03-27T21:07:36.413+0000] {logging_mixin.py:137} INFO - [2023-03-27T21:07:36.412+0000] {dagbag.py:532} INFO - Filling up the DagBag from /home/airflow/.local/lib/python3.7/site-packages/airflow/example_dags/example_sla_dag.py
[2023-03-27T21:07:37.313+0000] {processor.py:753} INFO - DAG(s) dict_keys(['example_sla_dag']) retrieved from /home/airflow/.local/lib/python3.7/site-packages/airflow/example_dags/example_sla_dag.py
[2023-03-27T21:07:37.843+0000] {logging_mixin.py:137} INFO - [2023-03-27T21:07:37.843+0000] {dag.py:2693} INFO - Sync 1 DAGs
[2023-03-27T21:07:38.526+0000] {logging_mixin.py:137} INFO - [2023-03-27T21:07:38.525+0000] {dag.py:3444} INFO - Setting next_dagrun for example_sla_dag to 2023-03-27T21:04:00+00:00, run_after=2023-03-27T21:06:00+00:00
[2023-03-27T21:07:39.028+0000] {processor.py:175} INFO - Processing /home/airflow/.local/lib/python3.7/site-packages/airflow/example_dags/example_sla_dag.py took 3.006 seconds
[2023-03-27T21:41:52.315+0000] {processor.py:153} INFO - Started process (PID=825) to work on /home/airflow/.local/lib/python3.7/site-packages/airflow/example_dags/example_sla_dag.py
[2023-03-27T21:41:52.328+0000] {processor.py:743} INFO - Processing file /home/airflow/.local/lib/python3.7/site-packages/airflow/example_dags/example_sla_dag.py for tasks to queue
[2023-03-27T21:41:52.361+0000] {logging_mixin.py:137} INFO - [2023-03-27T21:41:52.356+0000] {dagbag.py:532} INFO - Filling up the DagBag from /home/airflow/.local/lib/python3.7/site-packages/airflow/example_dags/example_sla_dag.py
[2023-03-27T21:41:53.399+0000] {processor.py:753} INFO - DAG(s) dict_keys(['example_sla_dag']) retrieved from /home/airflow/.local/lib/python3.7/site-packages/airflow/example_dags/example_sla_dag.py
[2023-03-27T21:41:54.211+0000] {logging_mixin.py:137} INFO - [2023-03-27T21:41:54.104+0000] {dag.py:2693} INFO - Sync 1 DAGs
[2023-03-27T21:41:54.995+0000] {logging_mixin.py:137} INFO - [2023-03-27T21:41:54.995+0000] {dag.py:3444} INFO - Setting next_dagrun for example_sla_dag to 2023-03-27T21:38:00+00:00, run_after=2023-03-27T21:40:00+00:00
[2023-03-27T21:41:55.130+0000] {processor.py:175} INFO - Processing /home/airflow/.local/lib/python3.7/site-packages/airflow/example_dags/example_sla_dag.py took 2.892 seconds
[2023-03-27T21:46:36.858+0000] {processor.py:153} INFO - Started process (PID=945) to work on /home/airflow/.local/lib/python3.7/site-packages/airflow/example_dags/example_sla_dag.py
[2023-03-27T21:46:36.885+0000] {processor.py:743} INFO - Processing file /home/airflow/.local/lib/python3.7/site-packages/airflow/example_dags/example_sla_dag.py for tasks to queue
[2023-03-27T21:46:36.899+0000] {logging_mixin.py:137} INFO - [2023-03-27T21:46:36.899+0000] {dagbag.py:532} INFO - Filling up the DagBag from /home/airflow/.local/lib/python3.7/site-packages/airflow/example_dags/example_sla_dag.py
[2023-03-27T21:46:37.581+0000] {processor.py:753} INFO - DAG(s) dict_keys(['example_sla_dag']) retrieved from /home/airflow/.local/lib/python3.7/site-packages/airflow/example_dags/example_sla_dag.py
[2023-03-27T21:46:38.509+0000] {logging_mixin.py:137} INFO - [2023-03-27T21:46:38.509+0000] {dag.py:2693} INFO - Sync 1 DAGs
[2023-03-27T21:46:39.564+0000] {logging_mixin.py:137} INFO - [2023-03-27T21:46:39.564+0000] {dag.py:3444} INFO - Setting next_dagrun for example_sla_dag to 2023-03-27T21:44:00+00:00, run_after=2023-03-27T21:46:00+00:00
[2023-03-27T21:46:40.080+0000] {processor.py:175} INFO - Processing /home/airflow/.local/lib/python3.7/site-packages/airflow/example_dags/example_sla_dag.py took 3.371 seconds
[2023-03-27T21:52:50.251+0000] {processor.py:153} INFO - Started process (PID=1081) to work on /home/airflow/.local/lib/python3.7/site-packages/airflow/example_dags/example_sla_dag.py
[2023-03-27T21:52:50.261+0000] {processor.py:743} INFO - Processing file /home/airflow/.local/lib/python3.7/site-packages/airflow/example_dags/example_sla_dag.py for tasks to queue
[2023-03-27T21:52:50.287+0000] {logging_mixin.py:137} INFO - [2023-03-27T21:52:50.283+0000] {dagbag.py:532} INFO - Filling up the DagBag from /home/airflow/.local/lib/python3.7/site-packages/airflow/example_dags/example_sla_dag.py
[2023-03-27T21:52:50.480+0000] {processor.py:753} INFO - DAG(s) dict_keys(['example_sla_dag']) retrieved from /home/airflow/.local/lib/python3.7/site-packages/airflow/example_dags/example_sla_dag.py
[2023-03-27T21:52:51.955+0000] {logging_mixin.py:137} INFO - [2023-03-27T21:52:51.955+0000] {dag.py:2693} INFO - Sync 1 DAGs
[2023-03-27T21:52:52.335+0000] {logging_mixin.py:137} INFO - [2023-03-27T21:52:52.335+0000] {dag.py:3444} INFO - Setting next_dagrun for example_sla_dag to 2023-03-27T21:50:00+00:00, run_after=2023-03-27T21:52:00+00:00
[2023-03-27T21:52:52.505+0000] {processor.py:175} INFO - Processing /home/airflow/.local/lib/python3.7/site-packages/airflow/example_dags/example_sla_dag.py took 2.333 seconds
[2023-03-27T21:53:31.756+0000] {processor.py:153} INFO - Started process (PID=1138) to work on /home/airflow/.local/lib/python3.7/site-packages/airflow/example_dags/example_sla_dag.py
[2023-03-27T21:53:31.772+0000] {processor.py:743} INFO - Processing file /home/airflow/.local/lib/python3.7/site-packages/airflow/example_dags/example_sla_dag.py for tasks to queue
[2023-03-27T21:53:31.786+0000] {logging_mixin.py:137} INFO - [2023-03-27T21:53:31.783+0000] {dagbag.py:532} INFO - Filling up the DagBag from /home/airflow/.local/lib/python3.7/site-packages/airflow/example_dags/example_sla_dag.py
[2023-03-27T21:53:32.088+0000] {processor.py:753} INFO - DAG(s) dict_keys(['example_sla_dag']) retrieved from /home/airflow/.local/lib/python3.7/site-packages/airflow/example_dags/example_sla_dag.py
[2023-03-27T21:53:32.331+0000] {logging_mixin.py:137} INFO - [2023-03-27T21:53:32.331+0000] {dag.py:2693} INFO - Sync 1 DAGs
[2023-03-27T21:53:32.818+0000] {logging_mixin.py:137} INFO - [2023-03-27T21:53:32.818+0000] {dag.py:3444} INFO - Setting next_dagrun for example_sla_dag to 2023-03-27T21:50:00+00:00, run_after=2023-03-27T21:52:00+00:00
[2023-03-27T21:53:33.080+0000] {processor.py:175} INFO - Processing /home/airflow/.local/lib/python3.7/site-packages/airflow/example_dags/example_sla_dag.py took 1.353 seconds
[2023-03-27T22:25:08.878+0000] {processor.py:153} INFO - Started process (PID=1193) to work on /home/airflow/.local/lib/python3.7/site-packages/airflow/example_dags/example_sla_dag.py
[2023-03-27T22:25:08.916+0000] {processor.py:743} INFO - Processing file /home/airflow/.local/lib/python3.7/site-packages/airflow/example_dags/example_sla_dag.py for tasks to queue
[2023-03-27T22:25:08.924+0000] {logging_mixin.py:137} INFO - [2023-03-27T22:25:08.923+0000] {dagbag.py:532} INFO - Filling up the DagBag from /home/airflow/.local/lib/python3.7/site-packages/airflow/example_dags/example_sla_dag.py
[2023-03-27T22:25:09.052+0000] {processor.py:753} INFO - DAG(s) dict_keys(['example_sla_dag']) retrieved from /home/airflow/.local/lib/python3.7/site-packages/airflow/example_dags/example_sla_dag.py
[2023-03-27T22:25:09.283+0000] {logging_mixin.py:137} INFO - [2023-03-27T22:25:09.282+0000] {dag.py:2693} INFO - Sync 1 DAGs
[2023-03-27T22:25:09.698+0000] {logging_mixin.py:137} INFO - [2023-03-27T22:25:09.698+0000] {dag.py:3444} INFO - Setting next_dagrun for example_sla_dag to 2023-03-27T22:22:00+00:00, run_after=2023-03-27T22:24:00+00:00
[2023-03-27T22:25:09.930+0000] {processor.py:175} INFO - Processing /home/airflow/.local/lib/python3.7/site-packages/airflow/example_dags/example_sla_dag.py took 1.140 seconds
[2023-03-27T22:26:13.733+0000] {processor.py:153} INFO - Started process (PID=1249) to work on /home/airflow/.local/lib/python3.7/site-packages/airflow/example_dags/example_sla_dag.py
[2023-03-27T22:26:13.760+0000] {processor.py:743} INFO - Processing file /home/airflow/.local/lib/python3.7/site-packages/airflow/example_dags/example_sla_dag.py for tasks to queue
[2023-03-27T22:26:13.773+0000] {logging_mixin.py:137} INFO - [2023-03-27T22:26:13.769+0000] {dagbag.py:532} INFO - Filling up the DagBag from /home/airflow/.local/lib/python3.7/site-packages/airflow/example_dags/example_sla_dag.py
[2023-03-27T22:26:14.035+0000] {processor.py:753} INFO - DAG(s) dict_keys(['example_sla_dag']) retrieved from /home/airflow/.local/lib/python3.7/site-packages/airflow/example_dags/example_sla_dag.py
[2023-03-27T22:26:14.312+0000] {logging_mixin.py:137} INFO - [2023-03-27T22:26:14.312+0000] {dag.py:2693} INFO - Sync 1 DAGs
[2023-03-27T22:26:14.860+0000] {logging_mixin.py:137} INFO - [2023-03-27T22:26:14.860+0000] {dag.py:3444} INFO - Setting next_dagrun for example_sla_dag to 2023-03-27T22:24:00+00:00, run_after=2023-03-27T22:26:00+00:00
[2023-03-27T22:26:20.331+0000] {processor.py:175} INFO - Processing /home/airflow/.local/lib/python3.7/site-packages/airflow/example_dags/example_sla_dag.py took 6.612 seconds
[2023-03-27T22:27:45.498+0000] {processor.py:153} INFO - Started process (PID=1316) to work on /home/airflow/.local/lib/python3.7/site-packages/airflow/example_dags/example_sla_dag.py
[2023-03-27T22:27:45.509+0000] {processor.py:743} INFO - Processing file /home/airflow/.local/lib/python3.7/site-packages/airflow/example_dags/example_sla_dag.py for tasks to queue
[2023-03-27T22:27:45.525+0000] {logging_mixin.py:137} INFO - [2023-03-27T22:27:45.524+0000] {dagbag.py:532} INFO - Filling up the DagBag from /home/airflow/.local/lib/python3.7/site-packages/airflow/example_dags/example_sla_dag.py
[2023-03-27T22:27:46.224+0000] {processor.py:753} INFO - DAG(s) dict_keys(['example_sla_dag']) retrieved from /home/airflow/.local/lib/python3.7/site-packages/airflow/example_dags/example_sla_dag.py
[2023-03-27T22:27:46.979+0000] {logging_mixin.py:137} INFO - [2023-03-27T22:27:46.978+0000] {dag.py:2693} INFO - Sync 1 DAGs
[2023-03-27T22:27:47.850+0000] {logging_mixin.py:137} INFO - [2023-03-27T22:27:47.849+0000] {dag.py:3444} INFO - Setting next_dagrun for example_sla_dag to 2023-03-27T22:24:00+00:00, run_after=2023-03-27T22:26:00+00:00
[2023-03-27T22:27:48.264+0000] {processor.py:175} INFO - Processing /home/airflow/.local/lib/python3.7/site-packages/airflow/example_dags/example_sla_dag.py took 3.056 seconds
[2023-03-27T22:29:25.884+0000] {processor.py:153} INFO - Started process (PID=1391) to work on /home/airflow/.local/lib/python3.7/site-packages/airflow/example_dags/example_sla_dag.py
[2023-03-27T22:29:25.909+0000] {processor.py:743} INFO - Processing file /home/airflow/.local/lib/python3.7/site-packages/airflow/example_dags/example_sla_dag.py for tasks to queue
[2023-03-27T22:29:25.924+0000] {logging_mixin.py:137} INFO - [2023-03-27T22:29:25.915+0000] {dagbag.py:532} INFO - Filling up the DagBag from /home/airflow/.local/lib/python3.7/site-packages/airflow/example_dags/example_sla_dag.py
[2023-03-27T22:29:26.551+0000] {processor.py:753} INFO - DAG(s) dict_keys(['example_sla_dag']) retrieved from /home/airflow/.local/lib/python3.7/site-packages/airflow/example_dags/example_sla_dag.py
[2023-03-27T22:29:27.280+0000] {logging_mixin.py:137} INFO - [2023-03-27T22:29:27.279+0000] {dag.py:2693} INFO - Sync 1 DAGs
[2023-03-27T22:29:28.548+0000] {logging_mixin.py:137} INFO - [2023-03-27T22:29:28.541+0000] {dag.py:3444} INFO - Setting next_dagrun for example_sla_dag to 2023-03-27T22:26:00+00:00, run_after=2023-03-27T22:28:00+00:00
[2023-03-27T22:29:28.769+0000] {processor.py:175} INFO - Processing /home/airflow/.local/lib/python3.7/site-packages/airflow/example_dags/example_sla_dag.py took 2.949 seconds
[2023-03-27T22:31:13.203+0000] {processor.py:153} INFO - Started process (PID=1462) to work on /home/airflow/.local/lib/python3.7/site-packages/airflow/example_dags/example_sla_dag.py
[2023-03-27T22:31:13.242+0000] {processor.py:743} INFO - Processing file /home/airflow/.local/lib/python3.7/site-packages/airflow/example_dags/example_sla_dag.py for tasks to queue
[2023-03-27T22:31:13.279+0000] {logging_mixin.py:137} INFO - [2023-03-27T22:31:13.278+0000] {dagbag.py:532} INFO - Filling up the DagBag from /home/airflow/.local/lib/python3.7/site-packages/airflow/example_dags/example_sla_dag.py
[2023-03-27T22:31:14.144+0000] {processor.py:753} INFO - DAG(s) dict_keys(['example_sla_dag']) retrieved from /home/airflow/.local/lib/python3.7/site-packages/airflow/example_dags/example_sla_dag.py
[2023-03-27T22:31:15.541+0000] {logging_mixin.py:137} INFO - [2023-03-27T22:31:15.536+0000] {dag.py:2693} INFO - Sync 1 DAGs
[2023-03-27T22:31:16.882+0000] {logging_mixin.py:137} INFO - [2023-03-27T22:31:16.881+0000] {dag.py:3444} INFO - Setting next_dagrun for example_sla_dag to 2023-03-27T22:28:00+00:00, run_after=2023-03-27T22:30:00+00:00
[2023-03-27T22:31:18.246+0000] {processor.py:175} INFO - Processing /home/airflow/.local/lib/python3.7/site-packages/airflow/example_dags/example_sla_dag.py took 5.125 seconds
[2023-03-27T23:09:35.610+0000] {processor.py:153} INFO - Started process (PID=76) to work on /home/airflow/.local/lib/python3.7/site-packages/airflow/example_dags/example_sla_dag.py
[2023-03-27T23:09:35.636+0000] {processor.py:743} INFO - Processing file /home/airflow/.local/lib/python3.7/site-packages/airflow/example_dags/example_sla_dag.py for tasks to queue
[2023-03-27T23:09:35.662+0000] {logging_mixin.py:137} INFO - [2023-03-27T23:09:35.652+0000] {dagbag.py:532} INFO - Filling up the DagBag from /home/airflow/.local/lib/python3.7/site-packages/airflow/example_dags/example_sla_dag.py
[2023-03-27T23:09:35.951+0000] {processor.py:753} INFO - DAG(s) dict_keys(['example_sla_dag']) retrieved from /home/airflow/.local/lib/python3.7/site-packages/airflow/example_dags/example_sla_dag.py
[2023-03-27T23:09:36.384+0000] {logging_mixin.py:137} INFO - [2023-03-27T23:09:36.384+0000] {dag.py:2693} INFO - Sync 1 DAGs
[2023-03-27T23:09:36.652+0000] {logging_mixin.py:137} INFO - [2023-03-27T23:09:36.651+0000] {dag.py:3444} INFO - Setting next_dagrun for example_sla_dag to 2023-03-27T23:06:00+00:00, run_after=2023-03-27T23:08:00+00:00
[2023-03-27T23:09:36.883+0000] {processor.py:175} INFO - Processing /home/airflow/.local/lib/python3.7/site-packages/airflow/example_dags/example_sla_dag.py took 1.364 seconds
[2023-03-27T23:10:24.544+0000] {processor.py:153} INFO - Started process (PID=132) to work on /home/airflow/.local/lib/python3.7/site-packages/airflow/example_dags/example_sla_dag.py
[2023-03-27T23:10:24.548+0000] {processor.py:743} INFO - Processing file /home/airflow/.local/lib/python3.7/site-packages/airflow/example_dags/example_sla_dag.py for tasks to queue
[2023-03-27T23:10:24.551+0000] {logging_mixin.py:137} INFO - [2023-03-27T23:10:24.551+0000] {dagbag.py:532} INFO - Filling up the DagBag from /home/airflow/.local/lib/python3.7/site-packages/airflow/example_dags/example_sla_dag.py
[2023-03-27T23:10:24.615+0000] {processor.py:753} INFO - DAG(s) dict_keys(['example_sla_dag']) retrieved from /home/airflow/.local/lib/python3.7/site-packages/airflow/example_dags/example_sla_dag.py
[2023-03-27T23:10:24.789+0000] {logging_mixin.py:137} INFO - [2023-03-27T23:10:24.788+0000] {dag.py:2693} INFO - Sync 1 DAGs
[2023-03-27T23:10:25.100+0000] {logging_mixin.py:137} INFO - [2023-03-27T23:10:25.100+0000] {dag.py:3444} INFO - Setting next_dagrun for example_sla_dag to 2023-03-27T23:08:00+00:00, run_after=2023-03-27T23:10:00+00:00
[2023-03-27T23:10:25.388+0000] {processor.py:175} INFO - Processing /home/airflow/.local/lib/python3.7/site-packages/airflow/example_dags/example_sla_dag.py took 0.851 seconds
[2023-03-27T23:10:59.849+0000] {processor.py:153} INFO - Started process (PID=181) to work on /home/airflow/.local/lib/python3.7/site-packages/airflow/example_dags/example_sla_dag.py
[2023-03-27T23:10:59.856+0000] {processor.py:743} INFO - Processing file /home/airflow/.local/lib/python3.7/site-packages/airflow/example_dags/example_sla_dag.py for tasks to queue
[2023-03-27T23:10:59.859+0000] {logging_mixin.py:137} INFO - [2023-03-27T23:10:59.859+0000] {dagbag.py:532} INFO - Filling up the DagBag from /home/airflow/.local/lib/python3.7/site-packages/airflow/example_dags/example_sla_dag.py
[2023-03-27T23:10:59.932+0000] {processor.py:753} INFO - DAG(s) dict_keys(['example_sla_dag']) retrieved from /home/airflow/.local/lib/python3.7/site-packages/airflow/example_dags/example_sla_dag.py
[2023-03-27T23:11:00.125+0000] {logging_mixin.py:137} INFO - [2023-03-27T23:11:00.120+0000] {dag.py:2693} INFO - Sync 1 DAGs
[2023-03-27T23:11:00.271+0000] {logging_mixin.py:137} INFO - [2023-03-27T23:11:00.271+0000] {dag.py:3444} INFO - Setting next_dagrun for example_sla_dag to 2023-03-27T23:08:00+00:00, run_after=2023-03-27T23:10:00+00:00
[2023-03-27T23:11:00.340+0000] {processor.py:175} INFO - Processing /home/airflow/.local/lib/python3.7/site-packages/airflow/example_dags/example_sla_dag.py took 0.498 seconds
[2023-03-27T23:11:30.534+0000] {processor.py:153} INFO - Started process (PID=230) to work on /home/airflow/.local/lib/python3.7/site-packages/airflow/example_dags/example_sla_dag.py
[2023-03-27T23:11:30.540+0000] {processor.py:743} INFO - Processing file /home/airflow/.local/lib/python3.7/site-packages/airflow/example_dags/example_sla_dag.py for tasks to queue
[2023-03-27T23:11:30.545+0000] {logging_mixin.py:137} INFO - [2023-03-27T23:11:30.544+0000] {dagbag.py:532} INFO - Filling up the DagBag from /home/airflow/.local/lib/python3.7/site-packages/airflow/example_dags/example_sla_dag.py
[2023-03-27T23:11:30.630+0000] {processor.py:753} INFO - DAG(s) dict_keys(['example_sla_dag']) retrieved from /home/airflow/.local/lib/python3.7/site-packages/airflow/example_dags/example_sla_dag.py
[2023-03-27T23:11:30.716+0000] {logging_mixin.py:137} INFO - [2023-03-27T23:11:30.715+0000] {dag.py:2693} INFO - Sync 1 DAGs
[2023-03-27T23:11:30.829+0000] {logging_mixin.py:137} INFO - [2023-03-27T23:11:30.829+0000] {dag.py:3444} INFO - Setting next_dagrun for example_sla_dag to 2023-03-27T23:08:00+00:00, run_after=2023-03-27T23:10:00+00:00
[2023-03-27T23:11:30.892+0000] {processor.py:175} INFO - Processing /home/airflow/.local/lib/python3.7/site-packages/airflow/example_dags/example_sla_dag.py took 0.366 seconds
[2023-03-27T23:12:15.650+0000] {processor.py:153} INFO - Started process (PID=288) to work on /home/airflow/.local/lib/python3.7/site-packages/airflow/example_dags/example_sla_dag.py
[2023-03-27T23:12:15.654+0000] {processor.py:743} INFO - Processing file /home/airflow/.local/lib/python3.7/site-packages/airflow/example_dags/example_sla_dag.py for tasks to queue
[2023-03-27T23:12:15.665+0000] {logging_mixin.py:137} INFO - [2023-03-27T23:12:15.661+0000] {dagbag.py:532} INFO - Filling up the DagBag from /home/airflow/.local/lib/python3.7/site-packages/airflow/example_dags/example_sla_dag.py
[2023-03-27T23:12:15.730+0000] {processor.py:753} INFO - DAG(s) dict_keys(['example_sla_dag']) retrieved from /home/airflow/.local/lib/python3.7/site-packages/airflow/example_dags/example_sla_dag.py
[2023-03-27T23:12:15.789+0000] {logging_mixin.py:137} INFO - [2023-03-27T23:12:15.789+0000] {dag.py:2693} INFO - Sync 1 DAGs
[2023-03-27T23:12:15.895+0000] {logging_mixin.py:137} INFO - [2023-03-27T23:12:15.894+0000] {dag.py:3444} INFO - Setting next_dagrun for example_sla_dag to 2023-03-27T23:10:00+00:00, run_after=2023-03-27T23:12:00+00:00
[2023-03-27T23:12:15.943+0000] {processor.py:175} INFO - Processing /home/airflow/.local/lib/python3.7/site-packages/airflow/example_dags/example_sla_dag.py took 0.303 seconds
[2023-03-27T23:12:46.331+0000] {processor.py:153} INFO - Started process (PID=337) to work on /home/airflow/.local/lib/python3.7/site-packages/airflow/example_dags/example_sla_dag.py
[2023-03-27T23:12:46.337+0000] {processor.py:743} INFO - Processing file /home/airflow/.local/lib/python3.7/site-packages/airflow/example_dags/example_sla_dag.py for tasks to queue
[2023-03-27T23:12:46.343+0000] {logging_mixin.py:137} INFO - [2023-03-27T23:12:46.343+0000] {dagbag.py:532} INFO - Filling up the DagBag from /home/airflow/.local/lib/python3.7/site-packages/airflow/example_dags/example_sla_dag.py
[2023-03-27T23:12:46.462+0000] {processor.py:753} INFO - DAG(s) dict_keys(['example_sla_dag']) retrieved from /home/airflow/.local/lib/python3.7/site-packages/airflow/example_dags/example_sla_dag.py
[2023-03-27T23:12:46.519+0000] {logging_mixin.py:137} INFO - [2023-03-27T23:12:46.519+0000] {dag.py:2693} INFO - Sync 1 DAGs
[2023-03-27T23:12:46.591+0000] {logging_mixin.py:137} INFO - [2023-03-27T23:12:46.590+0000] {dag.py:3444} INFO - Setting next_dagrun for example_sla_dag to 2023-03-27T23:10:00+00:00, run_after=2023-03-27T23:12:00+00:00
[2023-03-27T23:12:46.640+0000] {processor.py:175} INFO - Processing /home/airflow/.local/lib/python3.7/site-packages/airflow/example_dags/example_sla_dag.py took 0.323 seconds
[2023-03-27T23:13:24.550+0000] {processor.py:153} INFO - Started process (PID=389) to work on /home/airflow/.local/lib/python3.7/site-packages/airflow/example_dags/example_sla_dag.py
[2023-03-27T23:13:24.561+0000] {processor.py:743} INFO - Processing file /home/airflow/.local/lib/python3.7/site-packages/airflow/example_dags/example_sla_dag.py for tasks to queue
[2023-03-27T23:13:24.569+0000] {logging_mixin.py:137} INFO - [2023-03-27T23:13:24.568+0000] {dagbag.py:532} INFO - Filling up the DagBag from /home/airflow/.local/lib/python3.7/site-packages/airflow/example_dags/example_sla_dag.py
[2023-03-27T23:13:24.660+0000] {processor.py:753} INFO - DAG(s) dict_keys(['example_sla_dag']) retrieved from /home/airflow/.local/lib/python3.7/site-packages/airflow/example_dags/example_sla_dag.py
[2023-03-27T23:13:24.720+0000] {logging_mixin.py:137} INFO - [2023-03-27T23:13:24.719+0000] {dag.py:2693} INFO - Sync 1 DAGs
[2023-03-27T23:13:24.872+0000] {logging_mixin.py:137} INFO - [2023-03-27T23:13:24.872+0000] {dag.py:3444} INFO - Setting next_dagrun for example_sla_dag to 2023-03-27T23:10:00+00:00, run_after=2023-03-27T23:12:00+00:00
[2023-03-27T23:13:25.206+0000] {processor.py:175} INFO - Processing /home/airflow/.local/lib/python3.7/site-packages/airflow/example_dags/example_sla_dag.py took 0.662 seconds
[2023-03-27T23:13:56.597+0000] {processor.py:153} INFO - Started process (PID=438) to work on /home/airflow/.local/lib/python3.7/site-packages/airflow/example_dags/example_sla_dag.py
[2023-03-27T23:13:56.608+0000] {processor.py:743} INFO - Processing file /home/airflow/.local/lib/python3.7/site-packages/airflow/example_dags/example_sla_dag.py for tasks to queue
[2023-03-27T23:13:56.612+0000] {logging_mixin.py:137} INFO - [2023-03-27T23:13:56.612+0000] {dagbag.py:532} INFO - Filling up the DagBag from /home/airflow/.local/lib/python3.7/site-packages/airflow/example_dags/example_sla_dag.py
[2023-03-27T23:13:56.721+0000] {processor.py:753} INFO - DAG(s) dict_keys(['example_sla_dag']) retrieved from /home/airflow/.local/lib/python3.7/site-packages/airflow/example_dags/example_sla_dag.py
[2023-03-27T23:13:56.810+0000] {logging_mixin.py:137} INFO - [2023-03-27T23:13:56.807+0000] {dag.py:2693} INFO - Sync 1 DAGs
[2023-03-27T23:13:56.952+0000] {logging_mixin.py:137} INFO - [2023-03-27T23:13:56.952+0000] {dag.py:3444} INFO - Setting next_dagrun for example_sla_dag to 2023-03-27T23:10:00+00:00, run_after=2023-03-27T23:12:00+00:00
[2023-03-27T23:13:57.043+0000] {processor.py:175} INFO - Processing /home/airflow/.local/lib/python3.7/site-packages/airflow/example_dags/example_sla_dag.py took 0.467 seconds
[2023-03-27T23:14:28.259+0000] {processor.py:153} INFO - Started process (PID=487) to work on /home/airflow/.local/lib/python3.7/site-packages/airflow/example_dags/example_sla_dag.py
[2023-03-27T23:14:28.265+0000] {processor.py:743} INFO - Processing file /home/airflow/.local/lib/python3.7/site-packages/airflow/example_dags/example_sla_dag.py for tasks to queue
[2023-03-27T23:14:28.271+0000] {logging_mixin.py:137} INFO - [2023-03-27T23:14:28.270+0000] {dagbag.py:532} INFO - Filling up the DagBag from /home/airflow/.local/lib/python3.7/site-packages/airflow/example_dags/example_sla_dag.py
[2023-03-27T23:14:28.377+0000] {processor.py:753} INFO - DAG(s) dict_keys(['example_sla_dag']) retrieved from /home/airflow/.local/lib/python3.7/site-packages/airflow/example_dags/example_sla_dag.py
[2023-03-27T23:14:28.520+0000] {logging_mixin.py:137} INFO - [2023-03-27T23:14:28.520+0000] {dag.py:2693} INFO - Sync 1 DAGs
[2023-03-27T23:14:28.674+0000] {logging_mixin.py:137} INFO - [2023-03-27T23:14:28.669+0000] {dag.py:3444} INFO - Setting next_dagrun for example_sla_dag to 2023-03-27T23:12:00+00:00, run_after=2023-03-27T23:14:00+00:00
[2023-03-27T23:14:28.752+0000] {processor.py:175} INFO - Processing /home/airflow/.local/lib/python3.7/site-packages/airflow/example_dags/example_sla_dag.py took 0.504 seconds
[2023-03-27T23:14:59.724+0000] {processor.py:153} INFO - Started process (PID=537) to work on /home/airflow/.local/lib/python3.7/site-packages/airflow/example_dags/example_sla_dag.py
[2023-03-27T23:14:59.728+0000] {processor.py:743} INFO - Processing file /home/airflow/.local/lib/python3.7/site-packages/airflow/example_dags/example_sla_dag.py for tasks to queue
[2023-03-27T23:14:59.731+0000] {logging_mixin.py:137} INFO - [2023-03-27T23:14:59.730+0000] {dagbag.py:532} INFO - Filling up the DagBag from /home/airflow/.local/lib/python3.7/site-packages/airflow/example_dags/example_sla_dag.py
[2023-03-27T23:14:59.774+0000] {processor.py:753} INFO - DAG(s) dict_keys(['example_sla_dag']) retrieved from /home/airflow/.local/lib/python3.7/site-packages/airflow/example_dags/example_sla_dag.py
[2023-03-27T23:14:59.826+0000] {logging_mixin.py:137} INFO - [2023-03-27T23:14:59.826+0000] {dag.py:2693} INFO - Sync 1 DAGs
[2023-03-27T23:14:59.890+0000] {logging_mixin.py:137} INFO - [2023-03-27T23:14:59.890+0000] {dag.py:3444} INFO - Setting next_dagrun for example_sla_dag to 2023-03-27T23:12:00+00:00, run_after=2023-03-27T23:14:00+00:00
[2023-03-27T23:14:59.939+0000] {processor.py:175} INFO - Processing /home/airflow/.local/lib/python3.7/site-packages/airflow/example_dags/example_sla_dag.py took 0.222 seconds
[2023-03-27T23:15:30.400+0000] {processor.py:153} INFO - Started process (PID=586) to work on /home/airflow/.local/lib/python3.7/site-packages/airflow/example_dags/example_sla_dag.py
[2023-03-27T23:15:30.407+0000] {processor.py:743} INFO - Processing file /home/airflow/.local/lib/python3.7/site-packages/airflow/example_dags/example_sla_dag.py for tasks to queue
[2023-03-27T23:15:30.414+0000] {logging_mixin.py:137} INFO - [2023-03-27T23:15:30.413+0000] {dagbag.py:532} INFO - Filling up the DagBag from /home/airflow/.local/lib/python3.7/site-packages/airflow/example_dags/example_sla_dag.py
[2023-03-27T23:15:30.490+0000] {processor.py:753} INFO - DAG(s) dict_keys(['example_sla_dag']) retrieved from /home/airflow/.local/lib/python3.7/site-packages/airflow/example_dags/example_sla_dag.py
[2023-03-27T23:15:30.572+0000] {logging_mixin.py:137} INFO - [2023-03-27T23:15:30.571+0000] {dag.py:2693} INFO - Sync 1 DAGs
[2023-03-27T23:15:30.644+0000] {logging_mixin.py:137} INFO - [2023-03-27T23:15:30.643+0000] {dag.py:3444} INFO - Setting next_dagrun for example_sla_dag to 2023-03-27T23:12:00+00:00, run_after=2023-03-27T23:14:00+00:00
[2023-03-27T23:15:30.684+0000] {processor.py:175} INFO - Processing /home/airflow/.local/lib/python3.7/site-packages/airflow/example_dags/example_sla_dag.py took 0.298 seconds
[2023-03-27T23:16:00.752+0000] {processor.py:153} INFO - Started process (PID=634) to work on /home/airflow/.local/lib/python3.7/site-packages/airflow/example_dags/example_sla_dag.py
[2023-03-27T23:16:00.754+0000] {processor.py:743} INFO - Processing file /home/airflow/.local/lib/python3.7/site-packages/airflow/example_dags/example_sla_dag.py for tasks to queue
[2023-03-27T23:16:00.759+0000] {logging_mixin.py:137} INFO - [2023-03-27T23:16:00.759+0000] {dagbag.py:532} INFO - Filling up the DagBag from /home/airflow/.local/lib/python3.7/site-packages/airflow/example_dags/example_sla_dag.py
[2023-03-27T23:16:00.809+0000] {processor.py:753} INFO - DAG(s) dict_keys(['example_sla_dag']) retrieved from /home/airflow/.local/lib/python3.7/site-packages/airflow/example_dags/example_sla_dag.py
[2023-03-27T23:16:00.859+0000] {logging_mixin.py:137} INFO - [2023-03-27T23:16:00.859+0000] {dag.py:2693} INFO - Sync 1 DAGs
[2023-03-27T23:16:00.939+0000] {logging_mixin.py:137} INFO - [2023-03-27T23:16:00.939+0000] {dag.py:3444} INFO - Setting next_dagrun for example_sla_dag to 2023-03-27T23:14:00+00:00, run_after=2023-03-27T23:16:00+00:00
[2023-03-27T23:16:00.982+0000] {processor.py:175} INFO - Processing /home/airflow/.local/lib/python3.7/site-packages/airflow/example_dags/example_sla_dag.py took 0.238 seconds
[2023-03-27T23:16:31.626+0000] {processor.py:153} INFO - Started process (PID=683) to work on /home/airflow/.local/lib/python3.7/site-packages/airflow/example_dags/example_sla_dag.py
[2023-03-27T23:16:31.630+0000] {processor.py:743} INFO - Processing file /home/airflow/.local/lib/python3.7/site-packages/airflow/example_dags/example_sla_dag.py for tasks to queue
[2023-03-27T23:16:31.634+0000] {logging_mixin.py:137} INFO - [2023-03-27T23:16:31.633+0000] {dagbag.py:532} INFO - Filling up the DagBag from /home/airflow/.local/lib/python3.7/site-packages/airflow/example_dags/example_sla_dag.py
[2023-03-27T23:16:31.695+0000] {processor.py:753} INFO - DAG(s) dict_keys(['example_sla_dag']) retrieved from /home/airflow/.local/lib/python3.7/site-packages/airflow/example_dags/example_sla_dag.py
[2023-03-27T23:16:31.865+0000] {logging_mixin.py:137} INFO - [2023-03-27T23:16:31.865+0000] {dag.py:2693} INFO - Sync 1 DAGs
[2023-03-27T23:16:32.024+0000] {logging_mixin.py:137} INFO - [2023-03-27T23:16:32.023+0000] {dag.py:3444} INFO - Setting next_dagrun for example_sla_dag to 2023-03-27T23:14:00+00:00, run_after=2023-03-27T23:16:00+00:00
[2023-03-27T23:16:32.067+0000] {processor.py:175} INFO - Processing /home/airflow/.local/lib/python3.7/site-packages/airflow/example_dags/example_sla_dag.py took 0.451 seconds
[2023-03-27T23:17:02.708+0000] {processor.py:153} INFO - Started process (PID=731) to work on /home/airflow/.local/lib/python3.7/site-packages/airflow/example_dags/example_sla_dag.py
[2023-03-27T23:17:02.715+0000] {processor.py:743} INFO - Processing file /home/airflow/.local/lib/python3.7/site-packages/airflow/example_dags/example_sla_dag.py for tasks to queue
[2023-03-27T23:17:02.725+0000] {logging_mixin.py:137} INFO - [2023-03-27T23:17:02.718+0000] {dagbag.py:532} INFO - Filling up the DagBag from /home/airflow/.local/lib/python3.7/site-packages/airflow/example_dags/example_sla_dag.py
[2023-03-27T23:17:02.779+0000] {processor.py:753} INFO - DAG(s) dict_keys(['example_sla_dag']) retrieved from /home/airflow/.local/lib/python3.7/site-packages/airflow/example_dags/example_sla_dag.py
[2023-03-27T23:17:02.885+0000] {logging_mixin.py:137} INFO - [2023-03-27T23:17:02.885+0000] {dag.py:2693} INFO - Sync 1 DAGs
[2023-03-27T23:17:02.976+0000] {logging_mixin.py:137} INFO - [2023-03-27T23:17:02.976+0000] {dag.py:3444} INFO - Setting next_dagrun for example_sla_dag to 2023-03-27T23:14:00+00:00, run_after=2023-03-27T23:16:00+00:00
[2023-03-27T23:17:03.027+0000] {processor.py:175} INFO - Processing /home/airflow/.local/lib/python3.7/site-packages/airflow/example_dags/example_sla_dag.py took 0.327 seconds
[2023-03-27T23:17:33.436+0000] {processor.py:153} INFO - Started process (PID=781) to work on /home/airflow/.local/lib/python3.7/site-packages/airflow/example_dags/example_sla_dag.py
[2023-03-27T23:17:33.440+0000] {processor.py:743} INFO - Processing file /home/airflow/.local/lib/python3.7/site-packages/airflow/example_dags/example_sla_dag.py for tasks to queue
[2023-03-27T23:17:33.445+0000] {logging_mixin.py:137} INFO - [2023-03-27T23:17:33.444+0000] {dagbag.py:532} INFO - Filling up the DagBag from /home/airflow/.local/lib/python3.7/site-packages/airflow/example_dags/example_sla_dag.py
[2023-03-27T23:17:33.546+0000] {processor.py:753} INFO - DAG(s) dict_keys(['example_sla_dag']) retrieved from /home/airflow/.local/lib/python3.7/site-packages/airflow/example_dags/example_sla_dag.py
[2023-03-27T23:17:33.680+0000] {logging_mixin.py:137} INFO - [2023-03-27T23:17:33.679+0000] {dag.py:2693} INFO - Sync 1 DAGs
[2023-03-27T23:17:33.832+0000] {logging_mixin.py:137} INFO - [2023-03-27T23:17:33.832+0000] {dag.py:3444} INFO - Setting next_dagrun for example_sla_dag to 2023-03-27T23:14:00+00:00, run_after=2023-03-27T23:16:00+00:00
[2023-03-27T23:17:33.935+0000] {processor.py:175} INFO - Processing /home/airflow/.local/lib/python3.7/site-packages/airflow/example_dags/example_sla_dag.py took 0.506 seconds
[2023-03-27T23:18:04.235+0000] {processor.py:153} INFO - Started process (PID=831) to work on /home/airflow/.local/lib/python3.7/site-packages/airflow/example_dags/example_sla_dag.py
[2023-03-27T23:18:04.238+0000] {processor.py:743} INFO - Processing file /home/airflow/.local/lib/python3.7/site-packages/airflow/example_dags/example_sla_dag.py for tasks to queue
[2023-03-27T23:18:04.242+0000] {logging_mixin.py:137} INFO - [2023-03-27T23:18:04.241+0000] {dagbag.py:532} INFO - Filling up the DagBag from /home/airflow/.local/lib/python3.7/site-packages/airflow/example_dags/example_sla_dag.py
[2023-03-27T23:18:04.288+0000] {processor.py:753} INFO - DAG(s) dict_keys(['example_sla_dag']) retrieved from /home/airflow/.local/lib/python3.7/site-packages/airflow/example_dags/example_sla_dag.py
[2023-03-27T23:18:04.340+0000] {logging_mixin.py:137} INFO - [2023-03-27T23:18:04.340+0000] {dag.py:2693} INFO - Sync 1 DAGs
[2023-03-27T23:18:04.394+0000] {logging_mixin.py:137} INFO - [2023-03-27T23:18:04.394+0000] {dag.py:3444} INFO - Setting next_dagrun for example_sla_dag to 2023-03-27T23:16:00+00:00, run_after=2023-03-27T23:18:00+00:00
[2023-03-27T23:18:04.437+0000] {processor.py:175} INFO - Processing /home/airflow/.local/lib/python3.7/site-packages/airflow/example_dags/example_sla_dag.py took 0.213 seconds
[2023-03-27T23:18:34.661+0000] {processor.py:153} INFO - Started process (PID=880) to work on /home/airflow/.local/lib/python3.7/site-packages/airflow/example_dags/example_sla_dag.py
[2023-03-27T23:18:34.664+0000] {processor.py:743} INFO - Processing file /home/airflow/.local/lib/python3.7/site-packages/airflow/example_dags/example_sla_dag.py for tasks to queue
[2023-03-27T23:18:34.667+0000] {logging_mixin.py:137} INFO - [2023-03-27T23:18:34.667+0000] {dagbag.py:532} INFO - Filling up the DagBag from /home/airflow/.local/lib/python3.7/site-packages/airflow/example_dags/example_sla_dag.py
[2023-03-27T23:18:34.715+0000] {processor.py:753} INFO - DAG(s) dict_keys(['example_sla_dag']) retrieved from /home/airflow/.local/lib/python3.7/site-packages/airflow/example_dags/example_sla_dag.py
[2023-03-27T23:18:34.767+0000] {logging_mixin.py:137} INFO - [2023-03-27T23:18:34.767+0000] {dag.py:2693} INFO - Sync 1 DAGs
[2023-03-27T23:18:34.827+0000] {logging_mixin.py:137} INFO - [2023-03-27T23:18:34.827+0000] {dag.py:3444} INFO - Setting next_dagrun for example_sla_dag to 2023-03-27T23:16:00+00:00, run_after=2023-03-27T23:18:00+00:00
[2023-03-27T23:18:34.865+0000] {processor.py:175} INFO - Processing /home/airflow/.local/lib/python3.7/site-packages/airflow/example_dags/example_sla_dag.py took 0.212 seconds
[2023-03-27T23:19:05.898+0000] {processor.py:153} INFO - Started process (PID=928) to work on /home/airflow/.local/lib/python3.7/site-packages/airflow/example_dags/example_sla_dag.py
[2023-03-27T23:19:05.908+0000] {processor.py:743} INFO - Processing file /home/airflow/.local/lib/python3.7/site-packages/airflow/example_dags/example_sla_dag.py for tasks to queue
[2023-03-27T23:19:05.911+0000] {logging_mixin.py:137} INFO - [2023-03-27T23:19:05.910+0000] {dagbag.py:532} INFO - Filling up the DagBag from /home/airflow/.local/lib/python3.7/site-packages/airflow/example_dags/example_sla_dag.py
[2023-03-27T23:19:06.010+0000] {processor.py:753} INFO - DAG(s) dict_keys(['example_sla_dag']) retrieved from /home/airflow/.local/lib/python3.7/site-packages/airflow/example_dags/example_sla_dag.py
[2023-03-27T23:19:06.080+0000] {logging_mixin.py:137} INFO - [2023-03-27T23:19:06.080+0000] {dag.py:2693} INFO - Sync 1 DAGs
[2023-03-27T23:19:06.190+0000] {logging_mixin.py:137} INFO - [2023-03-27T23:19:06.189+0000] {dag.py:3444} INFO - Setting next_dagrun for example_sla_dag to 2023-03-27T23:16:00+00:00, run_after=2023-03-27T23:18:00+00:00
[2023-03-27T23:19:06.238+0000] {processor.py:175} INFO - Processing /home/airflow/.local/lib/python3.7/site-packages/airflow/example_dags/example_sla_dag.py took 0.370 seconds
[2023-03-27T23:19:36.622+0000] {processor.py:153} INFO - Started process (PID=977) to work on /home/airflow/.local/lib/python3.7/site-packages/airflow/example_dags/example_sla_dag.py
[2023-03-27T23:19:36.629+0000] {processor.py:743} INFO - Processing file /home/airflow/.local/lib/python3.7/site-packages/airflow/example_dags/example_sla_dag.py for tasks to queue
[2023-03-27T23:19:36.633+0000] {logging_mixin.py:137} INFO - [2023-03-27T23:19:36.633+0000] {dagbag.py:532} INFO - Filling up the DagBag from /home/airflow/.local/lib/python3.7/site-packages/airflow/example_dags/example_sla_dag.py
[2023-03-27T23:19:36.683+0000] {processor.py:753} INFO - DAG(s) dict_keys(['example_sla_dag']) retrieved from /home/airflow/.local/lib/python3.7/site-packages/airflow/example_dags/example_sla_dag.py
[2023-03-27T23:19:36.734+0000] {logging_mixin.py:137} INFO - [2023-03-27T23:19:36.734+0000] {dag.py:2693} INFO - Sync 1 DAGs
[2023-03-27T23:19:36.790+0000] {logging_mixin.py:137} INFO - [2023-03-27T23:19:36.790+0000] {dag.py:3444} INFO - Setting next_dagrun for example_sla_dag to 2023-03-27T23:16:00+00:00, run_after=2023-03-27T23:18:00+00:00
[2023-03-27T23:19:36.829+0000] {processor.py:175} INFO - Processing /home/airflow/.local/lib/python3.7/site-packages/airflow/example_dags/example_sla_dag.py took 0.219 seconds
[2023-03-27T23:20:07.162+0000] {processor.py:153} INFO - Started process (PID=1025) to work on /home/airflow/.local/lib/python3.7/site-packages/airflow/example_dags/example_sla_dag.py
[2023-03-27T23:20:07.167+0000] {processor.py:743} INFO - Processing file /home/airflow/.local/lib/python3.7/site-packages/airflow/example_dags/example_sla_dag.py for tasks to queue
[2023-03-27T23:20:07.171+0000] {logging_mixin.py:137} INFO - [2023-03-27T23:20:07.170+0000] {dagbag.py:532} INFO - Filling up the DagBag from /home/airflow/.local/lib/python3.7/site-packages/airflow/example_dags/example_sla_dag.py
[2023-03-27T23:20:07.248+0000] {processor.py:753} INFO - DAG(s) dict_keys(['example_sla_dag']) retrieved from /home/airflow/.local/lib/python3.7/site-packages/airflow/example_dags/example_sla_dag.py
[2023-03-27T23:20:07.348+0000] {logging_mixin.py:137} INFO - [2023-03-27T23:20:07.348+0000] {dag.py:2693} INFO - Sync 1 DAGs
[2023-03-27T23:20:07.424+0000] {logging_mixin.py:137} INFO - [2023-03-27T23:20:07.424+0000] {dag.py:3444} INFO - Setting next_dagrun for example_sla_dag to 2023-03-27T23:18:00+00:00, run_after=2023-03-27T23:20:00+00:00
[2023-03-27T23:20:07.477+0000] {processor.py:175} INFO - Processing /home/airflow/.local/lib/python3.7/site-packages/airflow/example_dags/example_sla_dag.py took 0.330 seconds
[2023-03-27T23:20:37.995+0000] {processor.py:153} INFO - Started process (PID=1074) to work on /home/airflow/.local/lib/python3.7/site-packages/airflow/example_dags/example_sla_dag.py
[2023-03-27T23:20:37.999+0000] {processor.py:743} INFO - Processing file /home/airflow/.local/lib/python3.7/site-packages/airflow/example_dags/example_sla_dag.py for tasks to queue
[2023-03-27T23:20:38.003+0000] {logging_mixin.py:137} INFO - [2023-03-27T23:20:38.002+0000] {dagbag.py:532} INFO - Filling up the DagBag from /home/airflow/.local/lib/python3.7/site-packages/airflow/example_dags/example_sla_dag.py
[2023-03-27T23:20:38.074+0000] {processor.py:753} INFO - DAG(s) dict_keys(['example_sla_dag']) retrieved from /home/airflow/.local/lib/python3.7/site-packages/airflow/example_dags/example_sla_dag.py
[2023-03-27T23:20:38.169+0000] {logging_mixin.py:137} INFO - [2023-03-27T23:20:38.168+0000] {dag.py:2693} INFO - Sync 1 DAGs
[2023-03-27T23:20:38.242+0000] {logging_mixin.py:137} INFO - [2023-03-27T23:20:38.241+0000] {dag.py:3444} INFO - Setting next_dagrun for example_sla_dag to 2023-03-27T23:18:00+00:00, run_after=2023-03-27T23:20:00+00:00
[2023-03-27T23:20:38.283+0000] {processor.py:175} INFO - Processing /home/airflow/.local/lib/python3.7/site-packages/airflow/example_dags/example_sla_dag.py took 0.298 seconds
[2023-03-27T23:21:09.319+0000] {processor.py:153} INFO - Started process (PID=1123) to work on /home/airflow/.local/lib/python3.7/site-packages/airflow/example_dags/example_sla_dag.py
[2023-03-27T23:21:09.322+0000] {processor.py:743} INFO - Processing file /home/airflow/.local/lib/python3.7/site-packages/airflow/example_dags/example_sla_dag.py for tasks to queue
[2023-03-27T23:21:09.324+0000] {logging_mixin.py:137} INFO - [2023-03-27T23:21:09.324+0000] {dagbag.py:532} INFO - Filling up the DagBag from /home/airflow/.local/lib/python3.7/site-packages/airflow/example_dags/example_sla_dag.py
[2023-03-27T23:21:09.384+0000] {processor.py:753} INFO - DAG(s) dict_keys(['example_sla_dag']) retrieved from /home/airflow/.local/lib/python3.7/site-packages/airflow/example_dags/example_sla_dag.py
[2023-03-27T23:21:09.465+0000] {logging_mixin.py:137} INFO - [2023-03-27T23:21:09.465+0000] {dag.py:2693} INFO - Sync 1 DAGs
[2023-03-27T23:21:09.558+0000] {logging_mixin.py:137} INFO - [2023-03-27T23:21:09.557+0000] {dag.py:3444} INFO - Setting next_dagrun for example_sla_dag to 2023-03-27T23:18:00+00:00, run_after=2023-03-27T23:20:00+00:00
[2023-03-27T23:21:09.626+0000] {processor.py:175} INFO - Processing /home/airflow/.local/lib/python3.7/site-packages/airflow/example_dags/example_sla_dag.py took 0.316 seconds
[2023-03-27T23:21:40.407+0000] {processor.py:153} INFO - Started process (PID=1172) to work on /home/airflow/.local/lib/python3.7/site-packages/airflow/example_dags/example_sla_dag.py
[2023-03-27T23:21:40.424+0000] {processor.py:743} INFO - Processing file /home/airflow/.local/lib/python3.7/site-packages/airflow/example_dags/example_sla_dag.py for tasks to queue
[2023-03-27T23:21:40.428+0000] {logging_mixin.py:137} INFO - [2023-03-27T23:21:40.427+0000] {dagbag.py:532} INFO - Filling up the DagBag from /home/airflow/.local/lib/python3.7/site-packages/airflow/example_dags/example_sla_dag.py
[2023-03-27T23:21:40.546+0000] {processor.py:753} INFO - DAG(s) dict_keys(['example_sla_dag']) retrieved from /home/airflow/.local/lib/python3.7/site-packages/airflow/example_dags/example_sla_dag.py
[2023-03-27T23:21:40.679+0000] {logging_mixin.py:137} INFO - [2023-03-27T23:21:40.673+0000] {dag.py:2693} INFO - Sync 1 DAGs
[2023-03-27T23:21:40.856+0000] {logging_mixin.py:137} INFO - [2023-03-27T23:21:40.856+0000] {dag.py:3444} INFO - Setting next_dagrun for example_sla_dag to 2023-03-27T23:18:00+00:00, run_after=2023-03-27T23:20:00+00:00
[2023-03-27T23:21:40.918+0000] {processor.py:175} INFO - Processing /home/airflow/.local/lib/python3.7/site-packages/airflow/example_dags/example_sla_dag.py took 0.527 seconds
[2023-03-27T23:22:11.505+0000] {processor.py:153} INFO - Started process (PID=1222) to work on /home/airflow/.local/lib/python3.7/site-packages/airflow/example_dags/example_sla_dag.py
[2023-03-27T23:22:11.510+0000] {processor.py:743} INFO - Processing file /home/airflow/.local/lib/python3.7/site-packages/airflow/example_dags/example_sla_dag.py for tasks to queue
[2023-03-27T23:22:11.514+0000] {logging_mixin.py:137} INFO - [2023-03-27T23:22:11.513+0000] {dagbag.py:532} INFO - Filling up the DagBag from /home/airflow/.local/lib/python3.7/site-packages/airflow/example_dags/example_sla_dag.py
[2023-03-27T23:22:11.565+0000] {processor.py:753} INFO - DAG(s) dict_keys(['example_sla_dag']) retrieved from /home/airflow/.local/lib/python3.7/site-packages/airflow/example_dags/example_sla_dag.py
[2023-03-27T23:22:11.621+0000] {logging_mixin.py:137} INFO - [2023-03-27T23:22:11.621+0000] {dag.py:2693} INFO - Sync 1 DAGs
[2023-03-27T23:22:11.681+0000] {logging_mixin.py:137} INFO - [2023-03-27T23:22:11.681+0000] {dag.py:3444} INFO - Setting next_dagrun for example_sla_dag to 2023-03-27T23:20:00+00:00, run_after=2023-03-27T23:22:00+00:00
[2023-03-27T23:22:11.722+0000] {processor.py:175} INFO - Processing /home/airflow/.local/lib/python3.7/site-packages/airflow/example_dags/example_sla_dag.py took 0.222 seconds
[2023-03-27T23:22:42.344+0000] {processor.py:153} INFO - Started process (PID=1270) to work on /home/airflow/.local/lib/python3.7/site-packages/airflow/example_dags/example_sla_dag.py
[2023-03-27T23:22:42.347+0000] {processor.py:743} INFO - Processing file /home/airflow/.local/lib/python3.7/site-packages/airflow/example_dags/example_sla_dag.py for tasks to queue
[2023-03-27T23:22:42.351+0000] {logging_mixin.py:137} INFO - [2023-03-27T23:22:42.350+0000] {dagbag.py:532} INFO - Filling up the DagBag from /home/airflow/.local/lib/python3.7/site-packages/airflow/example_dags/example_sla_dag.py
[2023-03-27T23:22:42.429+0000] {processor.py:753} INFO - DAG(s) dict_keys(['example_sla_dag']) retrieved from /home/airflow/.local/lib/python3.7/site-packages/airflow/example_dags/example_sla_dag.py
[2023-03-27T23:22:42.501+0000] {logging_mixin.py:137} INFO - [2023-03-27T23:22:42.501+0000] {dag.py:2693} INFO - Sync 1 DAGs
[2023-03-27T23:22:42.569+0000] {logging_mixin.py:137} INFO - [2023-03-27T23:22:42.568+0000] {dag.py:3444} INFO - Setting next_dagrun for example_sla_dag to 2023-03-27T23:20:00+00:00, run_after=2023-03-27T23:22:00+00:00
[2023-03-27T23:22:42.616+0000] {processor.py:175} INFO - Processing /home/airflow/.local/lib/python3.7/site-packages/airflow/example_dags/example_sla_dag.py took 0.284 seconds
[2023-03-27T23:23:13.305+0000] {processor.py:153} INFO - Started process (PID=1319) to work on /home/airflow/.local/lib/python3.7/site-packages/airflow/example_dags/example_sla_dag.py
[2023-03-27T23:23:13.310+0000] {processor.py:743} INFO - Processing file /home/airflow/.local/lib/python3.7/site-packages/airflow/example_dags/example_sla_dag.py for tasks to queue
[2023-03-27T23:23:13.313+0000] {logging_mixin.py:137} INFO - [2023-03-27T23:23:13.312+0000] {dagbag.py:532} INFO - Filling up the DagBag from /home/airflow/.local/lib/python3.7/site-packages/airflow/example_dags/example_sla_dag.py
[2023-03-27T23:23:13.364+0000] {processor.py:753} INFO - DAG(s) dict_keys(['example_sla_dag']) retrieved from /home/airflow/.local/lib/python3.7/site-packages/airflow/example_dags/example_sla_dag.py
[2023-03-27T23:23:13.415+0000] {logging_mixin.py:137} INFO - [2023-03-27T23:23:13.414+0000] {dag.py:2693} INFO - Sync 1 DAGs
[2023-03-27T23:23:13.482+0000] {logging_mixin.py:137} INFO - [2023-03-27T23:23:13.482+0000] {dag.py:3444} INFO - Setting next_dagrun for example_sla_dag to 2023-03-27T23:20:00+00:00, run_after=2023-03-27T23:22:00+00:00
[2023-03-27T23:23:13.587+0000] {processor.py:175} INFO - Processing /home/airflow/.local/lib/python3.7/site-packages/airflow/example_dags/example_sla_dag.py took 0.289 seconds
[2023-03-27T23:23:44.284+0000] {processor.py:153} INFO - Started process (PID=1368) to work on /home/airflow/.local/lib/python3.7/site-packages/airflow/example_dags/example_sla_dag.py
[2023-03-27T23:23:44.290+0000] {processor.py:743} INFO - Processing file /home/airflow/.local/lib/python3.7/site-packages/airflow/example_dags/example_sla_dag.py for tasks to queue
[2023-03-27T23:23:44.301+0000] {logging_mixin.py:137} INFO - [2023-03-27T23:23:44.293+0000] {dagbag.py:532} INFO - Filling up the DagBag from /home/airflow/.local/lib/python3.7/site-packages/airflow/example_dags/example_sla_dag.py
[2023-03-27T23:23:44.368+0000] {processor.py:753} INFO - DAG(s) dict_keys(['example_sla_dag']) retrieved from /home/airflow/.local/lib/python3.7/site-packages/airflow/example_dags/example_sla_dag.py
[2023-03-27T23:23:44.443+0000] {logging_mixin.py:137} INFO - [2023-03-27T23:23:44.443+0000] {dag.py:2693} INFO - Sync 1 DAGs
[2023-03-27T23:23:44.531+0000] {logging_mixin.py:137} INFO - [2023-03-27T23:23:44.531+0000] {dag.py:3444} INFO - Setting next_dagrun for example_sla_dag to 2023-03-27T23:20:00+00:00, run_after=2023-03-27T23:22:00+00:00
[2023-03-27T23:23:44.638+0000] {processor.py:175} INFO - Processing /home/airflow/.local/lib/python3.7/site-packages/airflow/example_dags/example_sla_dag.py took 0.361 seconds
[2023-03-27T23:24:15.020+0000] {processor.py:153} INFO - Started process (PID=1417) to work on /home/airflow/.local/lib/python3.7/site-packages/airflow/example_dags/example_sla_dag.py
[2023-03-27T23:24:15.023+0000] {processor.py:743} INFO - Processing file /home/airflow/.local/lib/python3.7/site-packages/airflow/example_dags/example_sla_dag.py for tasks to queue
[2023-03-27T23:24:15.036+0000] {logging_mixin.py:137} INFO - [2023-03-27T23:24:15.036+0000] {dagbag.py:532} INFO - Filling up the DagBag from /home/airflow/.local/lib/python3.7/site-packages/airflow/example_dags/example_sla_dag.py
[2023-03-27T23:24:15.104+0000] {processor.py:753} INFO - DAG(s) dict_keys(['example_sla_dag']) retrieved from /home/airflow/.local/lib/python3.7/site-packages/airflow/example_dags/example_sla_dag.py
[2023-03-27T23:24:15.184+0000] {logging_mixin.py:137} INFO - [2023-03-27T23:24:15.184+0000] {dag.py:2693} INFO - Sync 1 DAGs
[2023-03-27T23:24:15.271+0000] {logging_mixin.py:137} INFO - [2023-03-27T23:24:15.271+0000] {dag.py:3444} INFO - Setting next_dagrun for example_sla_dag to 2023-03-27T23:22:00+00:00, run_after=2023-03-27T23:24:00+00:00
[2023-03-27T23:24:15.321+0000] {processor.py:175} INFO - Processing /home/airflow/.local/lib/python3.7/site-packages/airflow/example_dags/example_sla_dag.py took 0.311 seconds
[2023-03-27T23:24:45.911+0000] {processor.py:153} INFO - Started process (PID=1467) to work on /home/airflow/.local/lib/python3.7/site-packages/airflow/example_dags/example_sla_dag.py
[2023-03-27T23:24:45.914+0000] {processor.py:743} INFO - Processing file /home/airflow/.local/lib/python3.7/site-packages/airflow/example_dags/example_sla_dag.py for tasks to queue
[2023-03-27T23:24:45.918+0000] {logging_mixin.py:137} INFO - [2023-03-27T23:24:45.917+0000] {dagbag.py:532} INFO - Filling up the DagBag from /home/airflow/.local/lib/python3.7/site-packages/airflow/example_dags/example_sla_dag.py
[2023-03-27T23:24:45.973+0000] {processor.py:753} INFO - DAG(s) dict_keys(['example_sla_dag']) retrieved from /home/airflow/.local/lib/python3.7/site-packages/airflow/example_dags/example_sla_dag.py
[2023-03-27T23:24:46.027+0000] {logging_mixin.py:137} INFO - [2023-03-27T23:24:46.026+0000] {dag.py:2693} INFO - Sync 1 DAGs
[2023-03-27T23:24:46.106+0000] {logging_mixin.py:137} INFO - [2023-03-27T23:24:46.105+0000] {dag.py:3444} INFO - Setting next_dagrun for example_sla_dag to 2023-03-27T23:22:00+00:00, run_after=2023-03-27T23:24:00+00:00
[2023-03-27T23:24:46.143+0000] {processor.py:175} INFO - Processing /home/airflow/.local/lib/python3.7/site-packages/airflow/example_dags/example_sla_dag.py took 0.239 seconds
[2023-03-27T23:55:00.572+0000] {processor.py:153} INFO - Started process (PID=1511) to work on /home/airflow/.local/lib/python3.7/site-packages/airflow/example_dags/example_sla_dag.py
[2023-03-27T23:55:00.578+0000] {processor.py:743} INFO - Processing file /home/airflow/.local/lib/python3.7/site-packages/airflow/example_dags/example_sla_dag.py for tasks to queue
[2023-03-27T23:55:00.582+0000] {logging_mixin.py:137} INFO - [2023-03-27T23:55:00.582+0000] {dagbag.py:532} INFO - Filling up the DagBag from /home/airflow/.local/lib/python3.7/site-packages/airflow/example_dags/example_sla_dag.py
[2023-03-27T23:55:00.658+0000] {processor.py:753} INFO - DAG(s) dict_keys(['example_sla_dag']) retrieved from /home/airflow/.local/lib/python3.7/site-packages/airflow/example_dags/example_sla_dag.py
[2023-03-27T23:55:00.729+0000] {logging_mixin.py:137} INFO - [2023-03-27T23:55:00.728+0000] {dag.py:2693} INFO - Sync 1 DAGs
[2023-03-27T23:55:00.815+0000] {logging_mixin.py:137} INFO - [2023-03-27T23:55:00.814+0000] {dag.py:3444} INFO - Setting next_dagrun for example_sla_dag to 2023-03-27T23:52:00+00:00, run_after=2023-03-27T23:54:00+00:00
[2023-03-27T23:55:00.896+0000] {processor.py:175} INFO - Processing /home/airflow/.local/lib/python3.7/site-packages/airflow/example_dags/example_sla_dag.py took 0.336 seconds
[2023-03-27T23:55:32.134+0000] {processor.py:153} INFO - Started process (PID=1559) to work on /home/airflow/.local/lib/python3.7/site-packages/airflow/example_dags/example_sla_dag.py
[2023-03-27T23:55:32.155+0000] {processor.py:743} INFO - Processing file /home/airflow/.local/lib/python3.7/site-packages/airflow/example_dags/example_sla_dag.py for tasks to queue
[2023-03-27T23:55:32.157+0000] {logging_mixin.py:137} INFO - [2023-03-27T23:55:32.157+0000] {dagbag.py:532} INFO - Filling up the DagBag from /home/airflow/.local/lib/python3.7/site-packages/airflow/example_dags/example_sla_dag.py
[2023-03-27T23:55:32.228+0000] {processor.py:753} INFO - DAG(s) dict_keys(['example_sla_dag']) retrieved from /home/airflow/.local/lib/python3.7/site-packages/airflow/example_dags/example_sla_dag.py
[2023-03-27T23:55:32.292+0000] {logging_mixin.py:137} INFO - [2023-03-27T23:55:32.291+0000] {dag.py:2693} INFO - Sync 1 DAGs
[2023-03-27T23:55:32.373+0000] {logging_mixin.py:137} INFO - [2023-03-27T23:55:32.373+0000] {dag.py:3444} INFO - Setting next_dagrun for example_sla_dag to 2023-03-27T23:52:00+00:00, run_after=2023-03-27T23:54:00+00:00
[2023-03-27T23:55:32.422+0000] {processor.py:175} INFO - Processing /home/airflow/.local/lib/python3.7/site-packages/airflow/example_dags/example_sla_dag.py took 0.311 seconds
[2023-03-27T23:56:09.982+0000] {processor.py:153} INFO - Started process (PID=1608) to work on /home/airflow/.local/lib/python3.7/site-packages/airflow/example_dags/example_sla_dag.py
[2023-03-27T23:56:09.985+0000] {processor.py:743} INFO - Processing file /home/airflow/.local/lib/python3.7/site-packages/airflow/example_dags/example_sla_dag.py for tasks to queue
[2023-03-27T23:56:09.988+0000] {logging_mixin.py:137} INFO - [2023-03-27T23:56:09.988+0000] {dagbag.py:532} INFO - Filling up the DagBag from /home/airflow/.local/lib/python3.7/site-packages/airflow/example_dags/example_sla_dag.py
[2023-03-27T23:56:10.040+0000] {processor.py:753} INFO - DAG(s) dict_keys(['example_sla_dag']) retrieved from /home/airflow/.local/lib/python3.7/site-packages/airflow/example_dags/example_sla_dag.py
[2023-03-27T23:56:10.090+0000] {logging_mixin.py:137} INFO - [2023-03-27T23:56:10.090+0000] {dag.py:2693} INFO - Sync 1 DAGs
[2023-03-27T23:56:10.156+0000] {logging_mixin.py:137} INFO - [2023-03-27T23:56:10.156+0000] {dag.py:3444} INFO - Setting next_dagrun for example_sla_dag to 2023-03-27T23:54:00+00:00, run_after=2023-03-27T23:56:00+00:00
[2023-03-27T23:56:10.414+0000] {processor.py:175} INFO - Processing /home/airflow/.local/lib/python3.7/site-packages/airflow/example_dags/example_sla_dag.py took 0.438 seconds
[2023-03-27T23:56:41.941+0000] {processor.py:153} INFO - Started process (PID=1658) to work on /home/airflow/.local/lib/python3.7/site-packages/airflow/example_dags/example_sla_dag.py
[2023-03-27T23:56:41.945+0000] {processor.py:743} INFO - Processing file /home/airflow/.local/lib/python3.7/site-packages/airflow/example_dags/example_sla_dag.py for tasks to queue
[2023-03-27T23:56:41.952+0000] {logging_mixin.py:137} INFO - [2023-03-27T23:56:41.950+0000] {dagbag.py:532} INFO - Filling up the DagBag from /home/airflow/.local/lib/python3.7/site-packages/airflow/example_dags/example_sla_dag.py
[2023-03-27T23:56:42.107+0000] {processor.py:753} INFO - DAG(s) dict_keys(['example_sla_dag']) retrieved from /home/airflow/.local/lib/python3.7/site-packages/airflow/example_dags/example_sla_dag.py
[2023-03-27T23:56:42.258+0000] {logging_mixin.py:137} INFO - [2023-03-27T23:56:42.258+0000] {dag.py:2693} INFO - Sync 1 DAGs
[2023-03-27T23:56:42.429+0000] {logging_mixin.py:137} INFO - [2023-03-27T23:56:42.428+0000] {dag.py:3444} INFO - Setting next_dagrun for example_sla_dag to 2023-03-27T23:54:00+00:00, run_after=2023-03-27T23:56:00+00:00
[2023-03-27T23:56:42.527+0000] {processor.py:175} INFO - Processing /home/airflow/.local/lib/python3.7/site-packages/airflow/example_dags/example_sla_dag.py took 0.609 seconds
[2023-03-27T23:57:12.706+0000] {processor.py:153} INFO - Started process (PID=1707) to work on /home/airflow/.local/lib/python3.7/site-packages/airflow/example_dags/example_sla_dag.py
[2023-03-27T23:57:12.710+0000] {processor.py:743} INFO - Processing file /home/airflow/.local/lib/python3.7/site-packages/airflow/example_dags/example_sla_dag.py for tasks to queue
[2023-03-27T23:57:12.716+0000] {logging_mixin.py:137} INFO - [2023-03-27T23:57:12.715+0000] {dagbag.py:532} INFO - Filling up the DagBag from /home/airflow/.local/lib/python3.7/site-packages/airflow/example_dags/example_sla_dag.py
[2023-03-27T23:57:12.774+0000] {processor.py:753} INFO - DAG(s) dict_keys(['example_sla_dag']) retrieved from /home/airflow/.local/lib/python3.7/site-packages/airflow/example_dags/example_sla_dag.py
[2023-03-27T23:57:12.838+0000] {logging_mixin.py:137} INFO - [2023-03-27T23:57:12.837+0000] {dag.py:2693} INFO - Sync 1 DAGs
[2023-03-27T23:57:12.893+0000] {logging_mixin.py:137} INFO - [2023-03-27T23:57:12.893+0000] {dag.py:3444} INFO - Setting next_dagrun for example_sla_dag to 2023-03-27T23:54:00+00:00, run_after=2023-03-27T23:56:00+00:00
[2023-03-27T23:57:12.941+0000] {processor.py:175} INFO - Processing /home/airflow/.local/lib/python3.7/site-packages/airflow/example_dags/example_sla_dag.py took 0.246 seconds
[2023-03-27T23:57:43.071+0000] {processor.py:153} INFO - Started process (PID=1756) to work on /home/airflow/.local/lib/python3.7/site-packages/airflow/example_dags/example_sla_dag.py
[2023-03-27T23:57:43.076+0000] {processor.py:743} INFO - Processing file /home/airflow/.local/lib/python3.7/site-packages/airflow/example_dags/example_sla_dag.py for tasks to queue
[2023-03-27T23:57:43.087+0000] {logging_mixin.py:137} INFO - [2023-03-27T23:57:43.087+0000] {dagbag.py:532} INFO - Filling up the DagBag from /home/airflow/.local/lib/python3.7/site-packages/airflow/example_dags/example_sla_dag.py
[2023-03-27T23:57:43.135+0000] {processor.py:753} INFO - DAG(s) dict_keys(['example_sla_dag']) retrieved from /home/airflow/.local/lib/python3.7/site-packages/airflow/example_dags/example_sla_dag.py
[2023-03-27T23:57:43.197+0000] {logging_mixin.py:137} INFO - [2023-03-27T23:57:43.196+0000] {dag.py:2693} INFO - Sync 1 DAGs
[2023-03-27T23:57:43.260+0000] {logging_mixin.py:137} INFO - [2023-03-27T23:57:43.260+0000] {dag.py:3444} INFO - Setting next_dagrun for example_sla_dag to 2023-03-27T23:54:00+00:00, run_after=2023-03-27T23:56:00+00:00
[2023-03-27T23:57:43.310+0000] {processor.py:175} INFO - Processing /home/airflow/.local/lib/python3.7/site-packages/airflow/example_dags/example_sla_dag.py took 0.270 seconds
[2023-03-27T23:58:13.472+0000] {processor.py:153} INFO - Started process (PID=1805) to work on /home/airflow/.local/lib/python3.7/site-packages/airflow/example_dags/example_sla_dag.py
[2023-03-27T23:58:13.477+0000] {processor.py:743} INFO - Processing file /home/airflow/.local/lib/python3.7/site-packages/airflow/example_dags/example_sla_dag.py for tasks to queue
[2023-03-27T23:58:13.480+0000] {logging_mixin.py:137} INFO - [2023-03-27T23:58:13.480+0000] {dagbag.py:532} INFO - Filling up the DagBag from /home/airflow/.local/lib/python3.7/site-packages/airflow/example_dags/example_sla_dag.py
[2023-03-27T23:58:13.569+0000] {processor.py:753} INFO - DAG(s) dict_keys(['example_sla_dag']) retrieved from /home/airflow/.local/lib/python3.7/site-packages/airflow/example_dags/example_sla_dag.py
[2023-03-27T23:58:13.634+0000] {logging_mixin.py:137} INFO - [2023-03-27T23:58:13.633+0000] {dag.py:2693} INFO - Sync 1 DAGs
[2023-03-27T23:58:13.694+0000] {logging_mixin.py:137} INFO - [2023-03-27T23:58:13.694+0000] {dag.py:3444} INFO - Setting next_dagrun for example_sla_dag to 2023-03-27T23:56:00+00:00, run_after=2023-03-27T23:58:00+00:00
[2023-03-27T23:58:13.928+0000] {processor.py:175} INFO - Processing /home/airflow/.local/lib/python3.7/site-packages/airflow/example_dags/example_sla_dag.py took 0.469 seconds
[2023-03-27T23:58:47.616+0000] {processor.py:153} INFO - Started process (PID=1861) to work on /home/airflow/.local/lib/python3.7/site-packages/airflow/example_dags/example_sla_dag.py
[2023-03-27T23:58:47.620+0000] {processor.py:743} INFO - Processing file /home/airflow/.local/lib/python3.7/site-packages/airflow/example_dags/example_sla_dag.py for tasks to queue
[2023-03-27T23:58:47.622+0000] {logging_mixin.py:137} INFO - [2023-03-27T23:58:47.622+0000] {dagbag.py:532} INFO - Filling up the DagBag from /home/airflow/.local/lib/python3.7/site-packages/airflow/example_dags/example_sla_dag.py
[2023-03-27T23:58:47.716+0000] {processor.py:753} INFO - DAG(s) dict_keys(['example_sla_dag']) retrieved from /home/airflow/.local/lib/python3.7/site-packages/airflow/example_dags/example_sla_dag.py
[2023-03-27T23:58:47.775+0000] {logging_mixin.py:137} INFO - [2023-03-27T23:58:47.774+0000] {dag.py:2693} INFO - Sync 1 DAGs
[2023-03-27T23:58:47.912+0000] {logging_mixin.py:137} INFO - [2023-03-27T23:58:47.911+0000] {dag.py:3444} INFO - Setting next_dagrun for example_sla_dag to 2023-03-27T23:56:00+00:00, run_after=2023-03-27T23:58:00+00:00
[2023-03-27T23:58:48.001+0000] {processor.py:175} INFO - Processing /home/airflow/.local/lib/python3.7/site-packages/airflow/example_dags/example_sla_dag.py took 0.393 seconds
[2023-03-27T23:59:19.161+0000] {processor.py:153} INFO - Started process (PID=1909) to work on /home/airflow/.local/lib/python3.7/site-packages/airflow/example_dags/example_sla_dag.py
[2023-03-27T23:59:19.164+0000] {processor.py:743} INFO - Processing file /home/airflow/.local/lib/python3.7/site-packages/airflow/example_dags/example_sla_dag.py for tasks to queue
[2023-03-27T23:59:19.184+0000] {logging_mixin.py:137} INFO - [2023-03-27T23:59:19.182+0000] {dagbag.py:532} INFO - Filling up the DagBag from /home/airflow/.local/lib/python3.7/site-packages/airflow/example_dags/example_sla_dag.py
[2023-03-27T23:59:19.289+0000] {processor.py:753} INFO - DAG(s) dict_keys(['example_sla_dag']) retrieved from /home/airflow/.local/lib/python3.7/site-packages/airflow/example_dags/example_sla_dag.py
[2023-03-27T23:59:19.346+0000] {logging_mixin.py:137} INFO - [2023-03-27T23:59:19.346+0000] {dag.py:2693} INFO - Sync 1 DAGs
[2023-03-27T23:59:19.435+0000] {logging_mixin.py:137} INFO - [2023-03-27T23:59:19.435+0000] {dag.py:3444} INFO - Setting next_dagrun for example_sla_dag to 2023-03-27T23:56:00+00:00, run_after=2023-03-27T23:58:00+00:00
[2023-03-27T23:59:19.478+0000] {processor.py:175} INFO - Processing /home/airflow/.local/lib/python3.7/site-packages/airflow/example_dags/example_sla_dag.py took 0.325 seconds
[2023-03-27T23:59:50.890+0000] {processor.py:153} INFO - Started process (PID=1959) to work on /home/airflow/.local/lib/python3.7/site-packages/airflow/example_dags/example_sla_dag.py
[2023-03-27T23:59:50.909+0000] {processor.py:743} INFO - Processing file /home/airflow/.local/lib/python3.7/site-packages/airflow/example_dags/example_sla_dag.py for tasks to queue
[2023-03-27T23:59:50.913+0000] {logging_mixin.py:137} INFO - [2023-03-27T23:59:50.912+0000] {dagbag.py:532} INFO - Filling up the DagBag from /home/airflow/.local/lib/python3.7/site-packages/airflow/example_dags/example_sla_dag.py
[2023-03-27T23:59:51.145+0000] {processor.py:753} INFO - DAG(s) dict_keys(['example_sla_dag']) retrieved from /home/airflow/.local/lib/python3.7/site-packages/airflow/example_dags/example_sla_dag.py
[2023-03-27T23:59:51.297+0000] {logging_mixin.py:137} INFO - [2023-03-27T23:59:51.297+0000] {dag.py:2693} INFO - Sync 1 DAGs
[2023-03-27T23:59:51.491+0000] {logging_mixin.py:137} INFO - [2023-03-27T23:59:51.490+0000] {dag.py:3444} INFO - Setting next_dagrun for example_sla_dag to 2023-03-27T23:56:00+00:00, run_after=2023-03-27T23:58:00+00:00
[2023-03-27T23:59:51.591+0000] {processor.py:175} INFO - Processing /home/airflow/.local/lib/python3.7/site-packages/airflow/example_dags/example_sla_dag.py took 0.720 seconds
