[2023-03-27T11:30:54.287+0000] {processor.py:153} INFO - Started process (PID=137) to work on /home/airflow/.local/lib/python3.7/site-packages/airflow/example_dags/example_nested_branch_dag.py
[2023-03-27T11:30:54.366+0000] {processor.py:743} INFO - Processing file /home/airflow/.local/lib/python3.7/site-packages/airflow/example_dags/example_nested_branch_dag.py for tasks to queue
[2023-03-27T11:30:54.436+0000] {logging_mixin.py:137} INFO - [2023-03-27T11:30:54.436+0000] {dagbag.py:532} INFO - Filling up the DagBag from /home/airflow/.local/lib/python3.7/site-packages/airflow/example_dags/example_nested_branch_dag.py
[2023-03-27T11:30:55.744+0000] {processor.py:753} INFO - DAG(s) dict_keys(['example_nested_branch_dag']) retrieved from /home/airflow/.local/lib/python3.7/site-packages/airflow/example_dags/example_nested_branch_dag.py
[2023-03-27T11:30:56.765+0000] {logging_mixin.py:137} INFO - [2023-03-27T11:30:56.764+0000] {dag.py:2693} INFO - Sync 1 DAGs
[2023-03-27T11:30:59.215+0000] {logging_mixin.py:137} INFO - [2023-03-27T11:30:59.204+0000] {dag.py:3444} INFO - Setting next_dagrun for example_nested_branch_dag to 2023-03-26T00:00:00+00:00, run_after=2023-03-27T00:00:00+00:00
[2023-03-27T11:31:04.464+0000] {processor.py:175} INFO - Processing /home/airflow/.local/lib/python3.7/site-packages/airflow/example_dags/example_nested_branch_dag.py took 10.424 seconds
[2023-03-27T11:49:34.123+0000] {processor.py:153} INFO - Started process (PID=121) to work on /home/airflow/.local/lib/python3.7/site-packages/airflow/example_dags/example_nested_branch_dag.py
[2023-03-27T11:49:34.931+0000] {processor.py:743} INFO - Processing file /home/airflow/.local/lib/python3.7/site-packages/airflow/example_dags/example_nested_branch_dag.py for tasks to queue
[2023-03-27T11:49:35.424+0000] {logging_mixin.py:137} INFO - [2023-03-27T11:49:35.424+0000] {dagbag.py:532} INFO - Filling up the DagBag from /home/airflow/.local/lib/python3.7/site-packages/airflow/example_dags/example_nested_branch_dag.py
[2023-03-27T11:49:38.227+0000] {processor.py:753} INFO - DAG(s) dict_keys(['example_nested_branch_dag']) retrieved from /home/airflow/.local/lib/python3.7/site-packages/airflow/example_dags/example_nested_branch_dag.py
[2023-03-27T11:49:39.915+0000] {logging_mixin.py:137} INFO - [2023-03-27T11:49:39.915+0000] {dag.py:2693} INFO - Sync 1 DAGs
[2023-03-27T11:49:43.966+0000] {logging_mixin.py:137} INFO - [2023-03-27T11:49:43.936+0000] {dag.py:3444} INFO - Setting next_dagrun for example_nested_branch_dag to 2023-03-26T00:00:00+00:00, run_after=2023-03-27T00:00:00+00:00
[2023-03-27T11:49:46.146+0000] {processor.py:175} INFO - Processing /home/airflow/.local/lib/python3.7/site-packages/airflow/example_dags/example_nested_branch_dag.py took 13.716 seconds
[2023-03-27T13:24:36.929+0000] {processor.py:153} INFO - Started process (PID=191) to work on /home/airflow/.local/lib/python3.7/site-packages/airflow/example_dags/example_nested_branch_dag.py
[2023-03-27T13:24:36.948+0000] {processor.py:743} INFO - Processing file /home/airflow/.local/lib/python3.7/site-packages/airflow/example_dags/example_nested_branch_dag.py for tasks to queue
[2023-03-27T13:24:36.985+0000] {logging_mixin.py:137} INFO - [2023-03-27T13:24:36.985+0000] {dagbag.py:532} INFO - Filling up the DagBag from /home/airflow/.local/lib/python3.7/site-packages/airflow/example_dags/example_nested_branch_dag.py
[2023-03-27T13:24:38.412+0000] {processor.py:753} INFO - DAG(s) dict_keys(['example_nested_branch_dag']) retrieved from /home/airflow/.local/lib/python3.7/site-packages/airflow/example_dags/example_nested_branch_dag.py
[2023-03-27T13:24:41.430+0000] {logging_mixin.py:137} INFO - [2023-03-27T13:24:41.430+0000] {dag.py:2693} INFO - Sync 1 DAGs
[2023-03-27T13:24:42.863+0000] {logging_mixin.py:137} INFO - [2023-03-27T13:24:42.832+0000] {dag.py:3444} INFO - Setting next_dagrun for example_nested_branch_dag to 2023-03-26T00:00:00+00:00, run_after=2023-03-27T00:00:00+00:00
[2023-03-27T13:24:44.167+0000] {processor.py:175} INFO - Processing /home/airflow/.local/lib/python3.7/site-packages/airflow/example_dags/example_nested_branch_dag.py took 7.323 seconds
[2023-03-27T13:27:32.560+0000] {processor.py:153} INFO - Started process (PID=267) to work on /home/airflow/.local/lib/python3.7/site-packages/airflow/example_dags/example_nested_branch_dag.py
[2023-03-27T13:27:32.567+0000] {processor.py:743} INFO - Processing file /home/airflow/.local/lib/python3.7/site-packages/airflow/example_dags/example_nested_branch_dag.py for tasks to queue
[2023-03-27T13:27:32.571+0000] {logging_mixin.py:137} INFO - [2023-03-27T13:27:32.571+0000] {dagbag.py:532} INFO - Filling up the DagBag from /home/airflow/.local/lib/python3.7/site-packages/airflow/example_dags/example_nested_branch_dag.py
[2023-03-27T13:27:37.358+0000] {processor.py:753} INFO - DAG(s) dict_keys(['example_nested_branch_dag']) retrieved from /home/airflow/.local/lib/python3.7/site-packages/airflow/example_dags/example_nested_branch_dag.py
[2023-03-27T13:27:40.265+0000] {logging_mixin.py:137} INFO - [2023-03-27T13:27:40.265+0000] {dag.py:2693} INFO - Sync 1 DAGs
[2023-03-27T13:27:41.070+0000] {logging_mixin.py:137} INFO - [2023-03-27T13:27:41.069+0000] {dag.py:3444} INFO - Setting next_dagrun for example_nested_branch_dag to 2023-03-26T00:00:00+00:00, run_after=2023-03-27T00:00:00+00:00
[2023-03-27T13:27:41.480+0000] {processor.py:175} INFO - Processing /home/airflow/.local/lib/python3.7/site-packages/airflow/example_dags/example_nested_branch_dag.py took 9.092 seconds
[2023-03-27T13:31:31.098+0000] {processor.py:153} INFO - Started process (PID=380) to work on /home/airflow/.local/lib/python3.7/site-packages/airflow/example_dags/example_nested_branch_dag.py
[2023-03-27T13:31:31.115+0000] {processor.py:743} INFO - Processing file /home/airflow/.local/lib/python3.7/site-packages/airflow/example_dags/example_nested_branch_dag.py for tasks to queue
[2023-03-27T13:31:31.127+0000] {logging_mixin.py:137} INFO - [2023-03-27T13:31:31.122+0000] {dagbag.py:532} INFO - Filling up the DagBag from /home/airflow/.local/lib/python3.7/site-packages/airflow/example_dags/example_nested_branch_dag.py
[2023-03-27T13:31:31.473+0000] {processor.py:753} INFO - DAG(s) dict_keys(['example_nested_branch_dag']) retrieved from /home/airflow/.local/lib/python3.7/site-packages/airflow/example_dags/example_nested_branch_dag.py
[2023-03-27T13:31:32.735+0000] {logging_mixin.py:137} INFO - [2023-03-27T13:31:32.734+0000] {dag.py:2693} INFO - Sync 1 DAGs
[2023-03-27T13:31:33.456+0000] {logging_mixin.py:137} INFO - [2023-03-27T13:31:33.456+0000] {dag.py:3444} INFO - Setting next_dagrun for example_nested_branch_dag to 2023-03-26T00:00:00+00:00, run_after=2023-03-27T00:00:00+00:00
[2023-03-27T13:31:34.092+0000] {processor.py:175} INFO - Processing /home/airflow/.local/lib/python3.7/site-packages/airflow/example_dags/example_nested_branch_dag.py took 3.029 seconds
[2023-03-27T13:33:57.990+0000] {processor.py:153} INFO - Started process (PID=441) to work on /home/airflow/.local/lib/python3.7/site-packages/airflow/example_dags/example_nested_branch_dag.py
[2023-03-27T13:33:58.088+0000] {processor.py:743} INFO - Processing file /home/airflow/.local/lib/python3.7/site-packages/airflow/example_dags/example_nested_branch_dag.py for tasks to queue
[2023-03-27T13:33:58.124+0000] {logging_mixin.py:137} INFO - [2023-03-27T13:33:58.101+0000] {dagbag.py:532} INFO - Filling up the DagBag from /home/airflow/.local/lib/python3.7/site-packages/airflow/example_dags/example_nested_branch_dag.py
[2023-03-27T13:34:04.859+0000] {processor.py:753} INFO - DAG(s) dict_keys(['example_nested_branch_dag']) retrieved from /home/airflow/.local/lib/python3.7/site-packages/airflow/example_dags/example_nested_branch_dag.py
[2023-03-27T13:34:12.295+0000] {logging_mixin.py:137} INFO - [2023-03-27T13:34:12.293+0000] {dag.py:2693} INFO - Sync 1 DAGs
[2023-03-27T13:34:14.143+0000] {logging_mixin.py:137} INFO - [2023-03-27T13:34:14.128+0000] {dag.py:3444} INFO - Setting next_dagrun for example_nested_branch_dag to 2023-03-26T00:00:00+00:00, run_after=2023-03-27T00:00:00+00:00
[2023-03-27T13:34:15.673+0000] {processor.py:175} INFO - Processing /home/airflow/.local/lib/python3.7/site-packages/airflow/example_dags/example_nested_branch_dag.py took 17.843 seconds
[2023-03-27T13:37:28.444+0000] {processor.py:153} INFO - Started process (PID=544) to work on /home/airflow/.local/lib/python3.7/site-packages/airflow/example_dags/example_nested_branch_dag.py
[2023-03-27T13:37:28.700+0000] {processor.py:743} INFO - Processing file /home/airflow/.local/lib/python3.7/site-packages/airflow/example_dags/example_nested_branch_dag.py for tasks to queue
[2023-03-27T13:37:28.714+0000] {logging_mixin.py:137} INFO - [2023-03-27T13:37:28.713+0000] {dagbag.py:532} INFO - Filling up the DagBag from /home/airflow/.local/lib/python3.7/site-packages/airflow/example_dags/example_nested_branch_dag.py
[2023-03-27T13:37:34.499+0000] {processor.py:753} INFO - DAG(s) dict_keys(['example_nested_branch_dag']) retrieved from /home/airflow/.local/lib/python3.7/site-packages/airflow/example_dags/example_nested_branch_dag.py
[2023-03-27T13:37:36.513+0000] {logging_mixin.py:137} INFO - [2023-03-27T13:37:36.513+0000] {dag.py:2693} INFO - Sync 1 DAGs
[2023-03-27T13:37:38.105+0000] {logging_mixin.py:137} INFO - [2023-03-27T13:37:38.104+0000] {dag.py:3444} INFO - Setting next_dagrun for example_nested_branch_dag to 2023-03-26T00:00:00+00:00, run_after=2023-03-27T00:00:00+00:00
[2023-03-27T13:37:40.285+0000] {processor.py:175} INFO - Processing /home/airflow/.local/lib/python3.7/site-packages/airflow/example_dags/example_nested_branch_dag.py took 12.048 seconds
[2023-03-27T13:39:57.760+0000] {processor.py:153} INFO - Started process (PID=635) to work on /home/airflow/.local/lib/python3.7/site-packages/airflow/example_dags/example_nested_branch_dag.py
[2023-03-27T13:39:57.835+0000] {processor.py:743} INFO - Processing file /home/airflow/.local/lib/python3.7/site-packages/airflow/example_dags/example_nested_branch_dag.py for tasks to queue
[2023-03-27T13:39:57.874+0000] {logging_mixin.py:137} INFO - [2023-03-27T13:39:57.874+0000] {dagbag.py:532} INFO - Filling up the DagBag from /home/airflow/.local/lib/python3.7/site-packages/airflow/example_dags/example_nested_branch_dag.py
[2023-03-27T13:39:59.259+0000] {processor.py:753} INFO - DAG(s) dict_keys(['example_nested_branch_dag']) retrieved from /home/airflow/.local/lib/python3.7/site-packages/airflow/example_dags/example_nested_branch_dag.py
[2023-03-27T13:40:02.040+0000] {logging_mixin.py:137} INFO - [2023-03-27T13:40:02.016+0000] {dag.py:2693} INFO - Sync 1 DAGs
[2023-03-27T13:40:03.469+0000] {logging_mixin.py:137} INFO - [2023-03-27T13:40:03.469+0000] {dag.py:3444} INFO - Setting next_dagrun for example_nested_branch_dag to 2023-03-26T00:00:00+00:00, run_after=2023-03-27T00:00:00+00:00
[2023-03-27T13:40:04.158+0000] {processor.py:175} INFO - Processing /home/airflow/.local/lib/python3.7/site-packages/airflow/example_dags/example_nested_branch_dag.py took 6.670 seconds
[2023-03-27T13:42:56.093+0000] {processor.py:153} INFO - Started process (PID=724) to work on /home/airflow/.local/lib/python3.7/site-packages/airflow/example_dags/example_nested_branch_dag.py
[2023-03-27T13:42:57.035+0000] {processor.py:743} INFO - Processing file /home/airflow/.local/lib/python3.7/site-packages/airflow/example_dags/example_nested_branch_dag.py for tasks to queue
[2023-03-27T13:42:58.266+0000] {logging_mixin.py:137} INFO - [2023-03-27T13:42:58.067+0000] {dagbag.py:532} INFO - Filling up the DagBag from /home/airflow/.local/lib/python3.7/site-packages/airflow/example_dags/example_nested_branch_dag.py
[2023-03-27T13:43:06.329+0000] {processor.py:753} INFO - DAG(s) dict_keys(['example_nested_branch_dag']) retrieved from /home/airflow/.local/lib/python3.7/site-packages/airflow/example_dags/example_nested_branch_dag.py
[2023-03-27T13:43:12.915+0000] {logging_mixin.py:137} INFO - [2023-03-27T13:43:12.915+0000] {dag.py:2693} INFO - Sync 1 DAGs
[2023-03-27T13:43:14.561+0000] {logging_mixin.py:137} INFO - [2023-03-27T13:43:14.561+0000] {dag.py:3444} INFO - Setting next_dagrun for example_nested_branch_dag to 2023-03-26T00:00:00+00:00, run_after=2023-03-27T00:00:00+00:00
[2023-03-27T13:43:14.988+0000] {processor.py:175} INFO - Processing /home/airflow/.local/lib/python3.7/site-packages/airflow/example_dags/example_nested_branch_dag.py took 20.654 seconds
[2023-03-27T13:45:19.854+0000] {processor.py:153} INFO - Started process (PID=788) to work on /home/airflow/.local/lib/python3.7/site-packages/airflow/example_dags/example_nested_branch_dag.py
[2023-03-27T13:45:20.038+0000] {processor.py:743} INFO - Processing file /home/airflow/.local/lib/python3.7/site-packages/airflow/example_dags/example_nested_branch_dag.py for tasks to queue
[2023-03-27T13:45:20.046+0000] {logging_mixin.py:137} INFO - [2023-03-27T13:45:20.045+0000] {dagbag.py:532} INFO - Filling up the DagBag from /home/airflow/.local/lib/python3.7/site-packages/airflow/example_dags/example_nested_branch_dag.py
[2023-03-27T13:45:23.246+0000] {processor.py:753} INFO - DAG(s) dict_keys(['example_nested_branch_dag']) retrieved from /home/airflow/.local/lib/python3.7/site-packages/airflow/example_dags/example_nested_branch_dag.py
[2023-03-27T13:45:25.373+0000] {logging_mixin.py:137} INFO - [2023-03-27T13:45:25.372+0000] {dag.py:2693} INFO - Sync 1 DAGs
[2023-03-27T13:45:25.990+0000] {logging_mixin.py:137} INFO - [2023-03-27T13:45:25.990+0000] {dag.py:3444} INFO - Setting next_dagrun for example_nested_branch_dag to 2023-03-26T00:00:00+00:00, run_after=2023-03-27T00:00:00+00:00
[2023-03-27T13:45:26.146+0000] {processor.py:175} INFO - Processing /home/airflow/.local/lib/python3.7/site-packages/airflow/example_dags/example_nested_branch_dag.py took 6.701 seconds
[2023-03-27T18:08:02.773+0000] {processor.py:153} INFO - Started process (PID=195) to work on /home/airflow/.local/lib/python3.7/site-packages/airflow/example_dags/example_nested_branch_dag.py
[2023-03-27T18:08:02.858+0000] {processor.py:743} INFO - Processing file /home/airflow/.local/lib/python3.7/site-packages/airflow/example_dags/example_nested_branch_dag.py for tasks to queue
[2023-03-27T18:08:02.893+0000] {logging_mixin.py:137} INFO - [2023-03-27T18:08:02.893+0000] {dagbag.py:532} INFO - Filling up the DagBag from /home/airflow/.local/lib/python3.7/site-packages/airflow/example_dags/example_nested_branch_dag.py
[2023-03-27T18:08:03.992+0000] {processor.py:753} INFO - DAG(s) dict_keys(['example_nested_branch_dag']) retrieved from /home/airflow/.local/lib/python3.7/site-packages/airflow/example_dags/example_nested_branch_dag.py
[2023-03-27T18:08:05.713+0000] {logging_mixin.py:137} INFO - [2023-03-27T18:08:05.651+0000] {dag.py:2693} INFO - Sync 1 DAGs
[2023-03-27T18:08:07.128+0000] {logging_mixin.py:137} INFO - [2023-03-27T18:08:07.127+0000] {dag.py:3444} INFO - Setting next_dagrun for example_nested_branch_dag to 2023-03-26T00:00:00+00:00, run_after=2023-03-27T00:00:00+00:00
[2023-03-27T18:08:08.665+0000] {processor.py:175} INFO - Processing /home/airflow/.local/lib/python3.7/site-packages/airflow/example_dags/example_nested_branch_dag.py took 6.039 seconds
[2023-03-27T18:13:27.252+0000] {processor.py:153} INFO - Started process (PID=285) to work on /home/airflow/.local/lib/python3.7/site-packages/airflow/example_dags/example_nested_branch_dag.py
[2023-03-27T18:13:27.525+0000] {processor.py:743} INFO - Processing file /home/airflow/.local/lib/python3.7/site-packages/airflow/example_dags/example_nested_branch_dag.py for tasks to queue
[2023-03-27T18:13:28.245+0000] {logging_mixin.py:137} INFO - [2023-03-27T18:13:28.033+0000] {dagbag.py:532} INFO - Filling up the DagBag from /home/airflow/.local/lib/python3.7/site-packages/airflow/example_dags/example_nested_branch_dag.py
[2023-03-27T18:13:30.441+0000] {processor.py:753} INFO - DAG(s) dict_keys(['example_nested_branch_dag']) retrieved from /home/airflow/.local/lib/python3.7/site-packages/airflow/example_dags/example_nested_branch_dag.py
[2023-03-27T18:13:32.149+0000] {logging_mixin.py:137} INFO - [2023-03-27T18:13:32.145+0000] {dag.py:2693} INFO - Sync 1 DAGs
[2023-03-27T18:13:36.128+0000] {logging_mixin.py:137} INFO - [2023-03-27T18:13:36.128+0000] {dag.py:3444} INFO - Setting next_dagrun for example_nested_branch_dag to 2023-03-26T00:00:00+00:00, run_after=2023-03-27T00:00:00+00:00
[2023-03-27T18:13:43.553+0000] {processor.py:175} INFO - Processing /home/airflow/.local/lib/python3.7/site-packages/airflow/example_dags/example_nested_branch_dag.py took 16.248 seconds
[2023-03-27T18:23:11.800+0000] {processor.py:153} INFO - Started process (PID=463) to work on /home/airflow/.local/lib/python3.7/site-packages/airflow/example_dags/example_nested_branch_dag.py
[2023-03-27T18:23:11.897+0000] {processor.py:743} INFO - Processing file /home/airflow/.local/lib/python3.7/site-packages/airflow/example_dags/example_nested_branch_dag.py for tasks to queue
[2023-03-27T18:23:11.907+0000] {logging_mixin.py:137} INFO - [2023-03-27T18:23:11.907+0000] {dagbag.py:532} INFO - Filling up the DagBag from /home/airflow/.local/lib/python3.7/site-packages/airflow/example_dags/example_nested_branch_dag.py
[2023-03-27T18:23:13.487+0000] {processor.py:753} INFO - DAG(s) dict_keys(['example_nested_branch_dag']) retrieved from /home/airflow/.local/lib/python3.7/site-packages/airflow/example_dags/example_nested_branch_dag.py
[2023-03-27T18:23:20.347+0000] {logging_mixin.py:137} INFO - [2023-03-27T18:23:20.321+0000] {dag.py:2693} INFO - Sync 1 DAGs
[2023-03-27T18:23:25.104+0000] {logging_mixin.py:137} INFO - [2023-03-27T18:23:25.103+0000] {dag.py:3444} INFO - Setting next_dagrun for example_nested_branch_dag to 2023-03-26T00:00:00+00:00, run_after=2023-03-27T00:00:00+00:00
[2023-03-27T18:23:35.632+0000] {processor.py:175} INFO - Processing /home/airflow/.local/lib/python3.7/site-packages/airflow/example_dags/example_nested_branch_dag.py took 23.908 seconds
[2023-03-27T18:27:31.700+0000] {processor.py:153} INFO - Started process (PID=546) to work on /home/airflow/.local/lib/python3.7/site-packages/airflow/example_dags/example_nested_branch_dag.py
[2023-03-27T18:27:32.142+0000] {processor.py:743} INFO - Processing file /home/airflow/.local/lib/python3.7/site-packages/airflow/example_dags/example_nested_branch_dag.py for tasks to queue
[2023-03-27T18:27:32.212+0000] {logging_mixin.py:137} INFO - [2023-03-27T18:27:32.212+0000] {dagbag.py:532} INFO - Filling up the DagBag from /home/airflow/.local/lib/python3.7/site-packages/airflow/example_dags/example_nested_branch_dag.py
[2023-03-27T18:27:38.336+0000] {processor.py:753} INFO - DAG(s) dict_keys(['example_nested_branch_dag']) retrieved from /home/airflow/.local/lib/python3.7/site-packages/airflow/example_dags/example_nested_branch_dag.py
[2023-03-27T18:27:41.719+0000] {logging_mixin.py:137} INFO - [2023-03-27T18:27:41.717+0000] {dag.py:2693} INFO - Sync 1 DAGs
[2023-03-27T18:27:48.949+0000] {logging_mixin.py:137} INFO - [2023-03-27T18:27:48.889+0000] {dag.py:3444} INFO - Setting next_dagrun for example_nested_branch_dag to 2023-03-26T00:00:00+00:00, run_after=2023-03-27T00:00:00+00:00
[2023-03-27T18:27:49.800+0000] {processor.py:175} INFO - Processing /home/airflow/.local/lib/python3.7/site-packages/airflow/example_dags/example_nested_branch_dag.py took 18.321 seconds
[2023-03-27T18:30:15.858+0000] {processor.py:153} INFO - Started process (PID=629) to work on /home/airflow/.local/lib/python3.7/site-packages/airflow/example_dags/example_nested_branch_dag.py
[2023-03-27T18:30:15.869+0000] {processor.py:743} INFO - Processing file /home/airflow/.local/lib/python3.7/site-packages/airflow/example_dags/example_nested_branch_dag.py for tasks to queue
[2023-03-27T18:30:15.893+0000] {logging_mixin.py:137} INFO - [2023-03-27T18:30:15.890+0000] {dagbag.py:532} INFO - Filling up the DagBag from /home/airflow/.local/lib/python3.7/site-packages/airflow/example_dags/example_nested_branch_dag.py
[2023-03-27T18:30:16.282+0000] {processor.py:753} INFO - DAG(s) dict_keys(['example_nested_branch_dag']) retrieved from /home/airflow/.local/lib/python3.7/site-packages/airflow/example_dags/example_nested_branch_dag.py
[2023-03-27T18:30:16.900+0000] {logging_mixin.py:137} INFO - [2023-03-27T18:30:16.899+0000] {dag.py:2693} INFO - Sync 1 DAGs
[2023-03-27T18:30:17.527+0000] {logging_mixin.py:137} INFO - [2023-03-27T18:30:17.526+0000] {dag.py:3444} INFO - Setting next_dagrun for example_nested_branch_dag to 2023-03-26T00:00:00+00:00, run_after=2023-03-27T00:00:00+00:00
[2023-03-27T18:30:18.319+0000] {processor.py:175} INFO - Processing /home/airflow/.local/lib/python3.7/site-packages/airflow/example_dags/example_nested_branch_dag.py took 2.553 seconds
[2023-03-27T18:31:59.789+0000] {processor.py:153} INFO - Started process (PID=703) to work on /home/airflow/.local/lib/python3.7/site-packages/airflow/example_dags/example_nested_branch_dag.py
[2023-03-27T18:31:59.831+0000] {processor.py:743} INFO - Processing file /home/airflow/.local/lib/python3.7/site-packages/airflow/example_dags/example_nested_branch_dag.py for tasks to queue
[2023-03-27T18:32:00.060+0000] {logging_mixin.py:137} INFO - [2023-03-27T18:32:00.024+0000] {dagbag.py:532} INFO - Filling up the DagBag from /home/airflow/.local/lib/python3.7/site-packages/airflow/example_dags/example_nested_branch_dag.py
[2023-03-27T18:32:00.674+0000] {processor.py:753} INFO - DAG(s) dict_keys(['example_nested_branch_dag']) retrieved from /home/airflow/.local/lib/python3.7/site-packages/airflow/example_dags/example_nested_branch_dag.py
[2023-03-27T18:32:01.146+0000] {logging_mixin.py:137} INFO - [2023-03-27T18:32:01.146+0000] {dag.py:2693} INFO - Sync 1 DAGs
[2023-03-27T18:32:01.722+0000] {logging_mixin.py:137} INFO - [2023-03-27T18:32:01.722+0000] {dag.py:3444} INFO - Setting next_dagrun for example_nested_branch_dag to 2023-03-26T00:00:00+00:00, run_after=2023-03-27T00:00:00+00:00
[2023-03-27T18:32:02.538+0000] {processor.py:175} INFO - Processing /home/airflow/.local/lib/python3.7/site-packages/airflow/example_dags/example_nested_branch_dag.py took 2.864 seconds
[2023-03-27T21:08:07.215+0000] {processor.py:153} INFO - Started process (PID=771) to work on /home/airflow/.local/lib/python3.7/site-packages/airflow/example_dags/example_nested_branch_dag.py
[2023-03-27T21:08:07.236+0000] {processor.py:743} INFO - Processing file /home/airflow/.local/lib/python3.7/site-packages/airflow/example_dags/example_nested_branch_dag.py for tasks to queue
[2023-03-27T21:08:07.246+0000] {logging_mixin.py:137} INFO - [2023-03-27T21:08:07.246+0000] {dagbag.py:532} INFO - Filling up the DagBag from /home/airflow/.local/lib/python3.7/site-packages/airflow/example_dags/example_nested_branch_dag.py
[2023-03-27T21:08:08.672+0000] {processor.py:753} INFO - DAG(s) dict_keys(['example_nested_branch_dag']) retrieved from /home/airflow/.local/lib/python3.7/site-packages/airflow/example_dags/example_nested_branch_dag.py
[2023-03-27T21:08:09.606+0000] {logging_mixin.py:137} INFO - [2023-03-27T21:08:09.606+0000] {dag.py:2693} INFO - Sync 1 DAGs
[2023-03-27T21:08:12.294+0000] {logging_mixin.py:137} INFO - [2023-03-27T21:08:12.292+0000] {dag.py:3444} INFO - Setting next_dagrun for example_nested_branch_dag to 2023-03-26T00:00:00+00:00, run_after=2023-03-27T00:00:00+00:00
[2023-03-27T21:08:19.169+0000] {processor.py:175} INFO - Processing /home/airflow/.local/lib/python3.7/site-packages/airflow/example_dags/example_nested_branch_dag.py took 11.936 seconds
[2023-03-27T21:43:55.856+0000] {processor.py:153} INFO - Started process (PID=878) to work on /home/airflow/.local/lib/python3.7/site-packages/airflow/example_dags/example_nested_branch_dag.py
[2023-03-27T21:43:55.877+0000] {processor.py:743} INFO - Processing file /home/airflow/.local/lib/python3.7/site-packages/airflow/example_dags/example_nested_branch_dag.py for tasks to queue
[2023-03-27T21:43:55.882+0000] {logging_mixin.py:137} INFO - [2023-03-27T21:43:55.882+0000] {dagbag.py:532} INFO - Filling up the DagBag from /home/airflow/.local/lib/python3.7/site-packages/airflow/example_dags/example_nested_branch_dag.py
[2023-03-27T21:43:56.691+0000] {processor.py:753} INFO - DAG(s) dict_keys(['example_nested_branch_dag']) retrieved from /home/airflow/.local/lib/python3.7/site-packages/airflow/example_dags/example_nested_branch_dag.py
[2023-03-27T21:43:58.754+0000] {logging_mixin.py:137} INFO - [2023-03-27T21:43:58.754+0000] {dag.py:2693} INFO - Sync 1 DAGs
[2023-03-27T21:44:10.356+0000] {logging_mixin.py:137} INFO - [2023-03-27T21:44:09.900+0000] {dag.py:3444} INFO - Setting next_dagrun for example_nested_branch_dag to 2023-03-26T00:00:00+00:00, run_after=2023-03-27T00:00:00+00:00
[2023-03-27T21:44:13.767+0000] {processor.py:175} INFO - Processing /home/airflow/.local/lib/python3.7/site-packages/airflow/example_dags/example_nested_branch_dag.py took 18.050 seconds
[2023-03-27T21:48:41.756+0000] {processor.py:153} INFO - Started process (PID=996) to work on /home/airflow/.local/lib/python3.7/site-packages/airflow/example_dags/example_nested_branch_dag.py
[2023-03-27T21:48:41.818+0000] {processor.py:743} INFO - Processing file /home/airflow/.local/lib/python3.7/site-packages/airflow/example_dags/example_nested_branch_dag.py for tasks to queue
[2023-03-27T21:48:41.888+0000] {logging_mixin.py:137} INFO - [2023-03-27T21:48:41.865+0000] {dagbag.py:532} INFO - Filling up the DagBag from /home/airflow/.local/lib/python3.7/site-packages/airflow/example_dags/example_nested_branch_dag.py
[2023-03-27T21:48:43.524+0000] {processor.py:753} INFO - DAG(s) dict_keys(['example_nested_branch_dag']) retrieved from /home/airflow/.local/lib/python3.7/site-packages/airflow/example_dags/example_nested_branch_dag.py
[2023-03-27T21:48:44.427+0000] {logging_mixin.py:137} INFO - [2023-03-27T21:48:44.427+0000] {dag.py:2693} INFO - Sync 1 DAGs
[2023-03-27T21:48:47.783+0000] {logging_mixin.py:137} INFO - [2023-03-27T21:48:47.783+0000] {dag.py:3444} INFO - Setting next_dagrun for example_nested_branch_dag to 2023-03-26T00:00:00+00:00, run_after=2023-03-27T00:00:00+00:00
[2023-03-27T21:48:50.523+0000] {processor.py:175} INFO - Processing /home/airflow/.local/lib/python3.7/site-packages/airflow/example_dags/example_nested_branch_dag.py took 9.283 seconds
[2023-03-27T21:52:46.878+0000] {processor.py:153} INFO - Started process (PID=1077) to work on /home/airflow/.local/lib/python3.7/site-packages/airflow/example_dags/example_nested_branch_dag.py
[2023-03-27T21:52:46.898+0000] {processor.py:743} INFO - Processing file /home/airflow/.local/lib/python3.7/site-packages/airflow/example_dags/example_nested_branch_dag.py for tasks to queue
[2023-03-27T21:52:46.932+0000] {logging_mixin.py:137} INFO - [2023-03-27T21:52:46.910+0000] {dagbag.py:532} INFO - Filling up the DagBag from /home/airflow/.local/lib/python3.7/site-packages/airflow/example_dags/example_nested_branch_dag.py
[2023-03-27T21:52:47.264+0000] {processor.py:753} INFO - DAG(s) dict_keys(['example_nested_branch_dag']) retrieved from /home/airflow/.local/lib/python3.7/site-packages/airflow/example_dags/example_nested_branch_dag.py
[2023-03-27T21:52:47.406+0000] {logging_mixin.py:137} INFO - [2023-03-27T21:52:47.405+0000] {dag.py:2693} INFO - Sync 1 DAGs
[2023-03-27T21:52:48.411+0000] {logging_mixin.py:137} INFO - [2023-03-27T21:52:48.408+0000] {dag.py:3444} INFO - Setting next_dagrun for example_nested_branch_dag to 2023-03-26T00:00:00+00:00, run_after=2023-03-27T00:00:00+00:00
[2023-03-27T21:52:48.694+0000] {processor.py:175} INFO - Processing /home/airflow/.local/lib/python3.7/site-packages/airflow/example_dags/example_nested_branch_dag.py took 1.858 seconds
[2023-03-27T21:53:26.380+0000] {processor.py:153} INFO - Started process (PID=1134) to work on /home/airflow/.local/lib/python3.7/site-packages/airflow/example_dags/example_nested_branch_dag.py
[2023-03-27T21:53:26.416+0000] {processor.py:743} INFO - Processing file /home/airflow/.local/lib/python3.7/site-packages/airflow/example_dags/example_nested_branch_dag.py for tasks to queue
[2023-03-27T21:53:26.432+0000] {logging_mixin.py:137} INFO - [2023-03-27T21:53:26.432+0000] {dagbag.py:532} INFO - Filling up the DagBag from /home/airflow/.local/lib/python3.7/site-packages/airflow/example_dags/example_nested_branch_dag.py
[2023-03-27T21:53:26.701+0000] {processor.py:753} INFO - DAG(s) dict_keys(['example_nested_branch_dag']) retrieved from /home/airflow/.local/lib/python3.7/site-packages/airflow/example_dags/example_nested_branch_dag.py
[2023-03-27T21:53:26.997+0000] {logging_mixin.py:137} INFO - [2023-03-27T21:53:26.996+0000] {dag.py:2693} INFO - Sync 1 DAGs
[2023-03-27T21:53:27.536+0000] {logging_mixin.py:137} INFO - [2023-03-27T21:53:27.535+0000] {dag.py:3444} INFO - Setting next_dagrun for example_nested_branch_dag to 2023-03-26T00:00:00+00:00, run_after=2023-03-27T00:00:00+00:00
[2023-03-27T21:53:27.781+0000] {processor.py:175} INFO - Processing /home/airflow/.local/lib/python3.7/site-packages/airflow/example_dags/example_nested_branch_dag.py took 1.442 seconds
[2023-03-27T22:25:04.855+0000] {processor.py:153} INFO - Started process (PID=1189) to work on /home/airflow/.local/lib/python3.7/site-packages/airflow/example_dags/example_nested_branch_dag.py
[2023-03-27T22:25:04.873+0000] {processor.py:743} INFO - Processing file /home/airflow/.local/lib/python3.7/site-packages/airflow/example_dags/example_nested_branch_dag.py for tasks to queue
[2023-03-27T22:25:04.885+0000] {logging_mixin.py:137} INFO - [2023-03-27T22:25:04.884+0000] {dagbag.py:532} INFO - Filling up the DagBag from /home/airflow/.local/lib/python3.7/site-packages/airflow/example_dags/example_nested_branch_dag.py
[2023-03-27T22:25:05.187+0000] {processor.py:753} INFO - DAG(s) dict_keys(['example_nested_branch_dag']) retrieved from /home/airflow/.local/lib/python3.7/site-packages/airflow/example_dags/example_nested_branch_dag.py
[2023-03-27T22:25:05.521+0000] {logging_mixin.py:137} INFO - [2023-03-27T22:25:05.520+0000] {dag.py:2693} INFO - Sync 1 DAGs
[2023-03-27T22:25:06.130+0000] {logging_mixin.py:137} INFO - [2023-03-27T22:25:06.129+0000] {dag.py:3444} INFO - Setting next_dagrun for example_nested_branch_dag to 2023-03-26T00:00:00+00:00, run_after=2023-03-27T00:00:00+00:00
[2023-03-27T22:25:06.457+0000] {processor.py:175} INFO - Processing /home/airflow/.local/lib/python3.7/site-packages/airflow/example_dags/example_nested_branch_dag.py took 1.620 seconds
[2023-03-27T22:26:10.313+0000] {processor.py:153} INFO - Started process (PID=1245) to work on /home/airflow/.local/lib/python3.7/site-packages/airflow/example_dags/example_nested_branch_dag.py
[2023-03-27T22:26:10.345+0000] {processor.py:743} INFO - Processing file /home/airflow/.local/lib/python3.7/site-packages/airflow/example_dags/example_nested_branch_dag.py for tasks to queue
[2023-03-27T22:26:10.361+0000] {logging_mixin.py:137} INFO - [2023-03-27T22:26:10.359+0000] {dagbag.py:532} INFO - Filling up the DagBag from /home/airflow/.local/lib/python3.7/site-packages/airflow/example_dags/example_nested_branch_dag.py
[2023-03-27T22:26:10.832+0000] {processor.py:753} INFO - DAG(s) dict_keys(['example_nested_branch_dag']) retrieved from /home/airflow/.local/lib/python3.7/site-packages/airflow/example_dags/example_nested_branch_dag.py
[2023-03-27T22:26:11.177+0000] {logging_mixin.py:137} INFO - [2023-03-27T22:26:11.176+0000] {dag.py:2693} INFO - Sync 1 DAGs
[2023-03-27T22:26:11.513+0000] {logging_mixin.py:137} INFO - [2023-03-27T22:26:11.513+0000] {dag.py:3444} INFO - Setting next_dagrun for example_nested_branch_dag to 2023-03-26T00:00:00+00:00, run_after=2023-03-27T00:00:00+00:00
[2023-03-27T22:26:11.732+0000] {processor.py:175} INFO - Processing /home/airflow/.local/lib/python3.7/site-packages/airflow/example_dags/example_nested_branch_dag.py took 1.431 seconds
[2023-03-27T22:27:36.356+0000] {processor.py:153} INFO - Started process (PID=1306) to work on /home/airflow/.local/lib/python3.7/site-packages/airflow/example_dags/example_nested_branch_dag.py
[2023-03-27T22:27:36.394+0000] {processor.py:743} INFO - Processing file /home/airflow/.local/lib/python3.7/site-packages/airflow/example_dags/example_nested_branch_dag.py for tasks to queue
[2023-03-27T22:27:36.424+0000] {logging_mixin.py:137} INFO - [2023-03-27T22:27:36.423+0000] {dagbag.py:532} INFO - Filling up the DagBag from /home/airflow/.local/lib/python3.7/site-packages/airflow/example_dags/example_nested_branch_dag.py
[2023-03-27T22:27:38.294+0000] {processor.py:753} INFO - DAG(s) dict_keys(['example_nested_branch_dag']) retrieved from /home/airflow/.local/lib/python3.7/site-packages/airflow/example_dags/example_nested_branch_dag.py
[2023-03-27T22:27:39.352+0000] {logging_mixin.py:137} INFO - [2023-03-27T22:27:39.351+0000] {dag.py:2693} INFO - Sync 1 DAGs
[2023-03-27T22:27:41.154+0000] {logging_mixin.py:137} INFO - [2023-03-27T22:27:41.153+0000] {dag.py:3444} INFO - Setting next_dagrun for example_nested_branch_dag to 2023-03-26T00:00:00+00:00, run_after=2023-03-27T00:00:00+00:00
[2023-03-27T22:27:41.530+0000] {processor.py:175} INFO - Processing /home/airflow/.local/lib/python3.7/site-packages/airflow/example_dags/example_nested_branch_dag.py took 5.807 seconds
[2023-03-27T22:29:11.357+0000] {processor.py:153} INFO - Started process (PID=1380) to work on /home/airflow/.local/lib/python3.7/site-packages/airflow/example_dags/example_nested_branch_dag.py
[2023-03-27T22:29:11.620+0000] {processor.py:743} INFO - Processing file /home/airflow/.local/lib/python3.7/site-packages/airflow/example_dags/example_nested_branch_dag.py for tasks to queue
[2023-03-27T22:29:11.628+0000] {logging_mixin.py:137} INFO - [2023-03-27T22:29:11.626+0000] {dagbag.py:532} INFO - Filling up the DagBag from /home/airflow/.local/lib/python3.7/site-packages/airflow/example_dags/example_nested_branch_dag.py
[2023-03-27T22:29:11.984+0000] {processor.py:753} INFO - DAG(s) dict_keys(['example_nested_branch_dag']) retrieved from /home/airflow/.local/lib/python3.7/site-packages/airflow/example_dags/example_nested_branch_dag.py
[2023-03-27T22:29:12.442+0000] {logging_mixin.py:137} INFO - [2023-03-27T22:29:12.442+0000] {dag.py:2693} INFO - Sync 1 DAGs
[2023-03-27T22:29:13.114+0000] {logging_mixin.py:137} INFO - [2023-03-27T22:29:13.114+0000] {dag.py:3444} INFO - Setting next_dagrun for example_nested_branch_dag to 2023-03-26T00:00:00+00:00, run_after=2023-03-27T00:00:00+00:00
[2023-03-27T22:29:13.408+0000] {processor.py:175} INFO - Processing /home/airflow/.local/lib/python3.7/site-packages/airflow/example_dags/example_nested_branch_dag.py took 2.134 seconds
[2023-03-27T22:31:07.319+0000] {processor.py:153} INFO - Started process (PID=1458) to work on /home/airflow/.local/lib/python3.7/site-packages/airflow/example_dags/example_nested_branch_dag.py
[2023-03-27T22:31:07.343+0000] {processor.py:743} INFO - Processing file /home/airflow/.local/lib/python3.7/site-packages/airflow/example_dags/example_nested_branch_dag.py for tasks to queue
[2023-03-27T22:31:07.413+0000] {logging_mixin.py:137} INFO - [2023-03-27T22:31:07.413+0000] {dagbag.py:532} INFO - Filling up the DagBag from /home/airflow/.local/lib/python3.7/site-packages/airflow/example_dags/example_nested_branch_dag.py
[2023-03-27T22:31:08.106+0000] {processor.py:753} INFO - DAG(s) dict_keys(['example_nested_branch_dag']) retrieved from /home/airflow/.local/lib/python3.7/site-packages/airflow/example_dags/example_nested_branch_dag.py
[2023-03-27T22:31:08.785+0000] {logging_mixin.py:137} INFO - [2023-03-27T22:31:08.785+0000] {dag.py:2693} INFO - Sync 1 DAGs
[2023-03-27T22:31:09.169+0000] {logging_mixin.py:137} INFO - [2023-03-27T22:31:09.169+0000] {dag.py:3444} INFO - Setting next_dagrun for example_nested_branch_dag to 2023-03-26T00:00:00+00:00, run_after=2023-03-27T00:00:00+00:00
[2023-03-27T22:31:09.702+0000] {processor.py:175} INFO - Processing /home/airflow/.local/lib/python3.7/site-packages/airflow/example_dags/example_nested_branch_dag.py took 2.476 seconds
[2023-03-27T23:09:32.901+0000] {processor.py:153} INFO - Started process (PID=72) to work on /home/airflow/.local/lib/python3.7/site-packages/airflow/example_dags/example_nested_branch_dag.py
[2023-03-27T23:09:32.908+0000] {processor.py:743} INFO - Processing file /home/airflow/.local/lib/python3.7/site-packages/airflow/example_dags/example_nested_branch_dag.py for tasks to queue
[2023-03-27T23:09:32.915+0000] {logging_mixin.py:137} INFO - [2023-03-27T23:09:32.914+0000] {dagbag.py:532} INFO - Filling up the DagBag from /home/airflow/.local/lib/python3.7/site-packages/airflow/example_dags/example_nested_branch_dag.py
[2023-03-27T23:09:32.974+0000] {processor.py:753} INFO - DAG(s) dict_keys(['example_nested_branch_dag']) retrieved from /home/airflow/.local/lib/python3.7/site-packages/airflow/example_dags/example_nested_branch_dag.py
[2023-03-27T23:09:33.035+0000] {logging_mixin.py:137} INFO - [2023-03-27T23:09:33.035+0000] {dag.py:2693} INFO - Sync 1 DAGs
[2023-03-27T23:09:33.101+0000] {logging_mixin.py:137} INFO - [2023-03-27T23:09:33.101+0000] {dag.py:3444} INFO - Setting next_dagrun for example_nested_branch_dag to 2023-03-26T00:00:00+00:00, run_after=2023-03-27T00:00:00+00:00
[2023-03-27T23:09:33.159+0000] {processor.py:175} INFO - Processing /home/airflow/.local/lib/python3.7/site-packages/airflow/example_dags/example_nested_branch_dag.py took 0.269 seconds
[2023-03-27T23:10:23.748+0000] {processor.py:153} INFO - Started process (PID=128) to work on /home/airflow/.local/lib/python3.7/site-packages/airflow/example_dags/example_nested_branch_dag.py
[2023-03-27T23:10:23.752+0000] {processor.py:743} INFO - Processing file /home/airflow/.local/lib/python3.7/site-packages/airflow/example_dags/example_nested_branch_dag.py for tasks to queue
[2023-03-27T23:10:23.757+0000] {logging_mixin.py:137} INFO - [2023-03-27T23:10:23.756+0000] {dagbag.py:532} INFO - Filling up the DagBag from /home/airflow/.local/lib/python3.7/site-packages/airflow/example_dags/example_nested_branch_dag.py
[2023-03-27T23:10:23.828+0000] {processor.py:753} INFO - DAG(s) dict_keys(['example_nested_branch_dag']) retrieved from /home/airflow/.local/lib/python3.7/site-packages/airflow/example_dags/example_nested_branch_dag.py
[2023-03-27T23:10:23.940+0000] {logging_mixin.py:137} INFO - [2023-03-27T23:10:23.940+0000] {dag.py:2693} INFO - Sync 1 DAGs
[2023-03-27T23:10:24.004+0000] {logging_mixin.py:137} INFO - [2023-03-27T23:10:24.004+0000] {dag.py:3444} INFO - Setting next_dagrun for example_nested_branch_dag to 2023-03-26T00:00:00+00:00, run_after=2023-03-27T00:00:00+00:00
[2023-03-27T23:10:24.043+0000] {processor.py:175} INFO - Processing /home/airflow/.local/lib/python3.7/site-packages/airflow/example_dags/example_nested_branch_dag.py took 0.306 seconds
[2023-03-27T23:10:58.875+0000] {processor.py:153} INFO - Started process (PID=177) to work on /home/airflow/.local/lib/python3.7/site-packages/airflow/example_dags/example_nested_branch_dag.py
[2023-03-27T23:10:58.879+0000] {processor.py:743} INFO - Processing file /home/airflow/.local/lib/python3.7/site-packages/airflow/example_dags/example_nested_branch_dag.py for tasks to queue
[2023-03-27T23:10:58.882+0000] {logging_mixin.py:137} INFO - [2023-03-27T23:10:58.882+0000] {dagbag.py:532} INFO - Filling up the DagBag from /home/airflow/.local/lib/python3.7/site-packages/airflow/example_dags/example_nested_branch_dag.py
[2023-03-27T23:10:58.987+0000] {processor.py:753} INFO - DAG(s) dict_keys(['example_nested_branch_dag']) retrieved from /home/airflow/.local/lib/python3.7/site-packages/airflow/example_dags/example_nested_branch_dag.py
[2023-03-27T23:10:59.066+0000] {logging_mixin.py:137} INFO - [2023-03-27T23:10:59.066+0000] {dag.py:2693} INFO - Sync 1 DAGs
[2023-03-27T23:10:59.248+0000] {logging_mixin.py:137} INFO - [2023-03-27T23:10:59.248+0000] {dag.py:3444} INFO - Setting next_dagrun for example_nested_branch_dag to 2023-03-26T00:00:00+00:00, run_after=2023-03-27T00:00:00+00:00
[2023-03-27T23:10:59.295+0000] {processor.py:175} INFO - Processing /home/airflow/.local/lib/python3.7/site-packages/airflow/example_dags/example_nested_branch_dag.py took 0.432 seconds
[2023-03-27T23:11:29.603+0000] {processor.py:153} INFO - Started process (PID=226) to work on /home/airflow/.local/lib/python3.7/site-packages/airflow/example_dags/example_nested_branch_dag.py
[2023-03-27T23:11:29.613+0000] {processor.py:743} INFO - Processing file /home/airflow/.local/lib/python3.7/site-packages/airflow/example_dags/example_nested_branch_dag.py for tasks to queue
[2023-03-27T23:11:29.628+0000] {logging_mixin.py:137} INFO - [2023-03-27T23:11:29.628+0000] {dagbag.py:532} INFO - Filling up the DagBag from /home/airflow/.local/lib/python3.7/site-packages/airflow/example_dags/example_nested_branch_dag.py
[2023-03-27T23:11:29.723+0000] {processor.py:753} INFO - DAG(s) dict_keys(['example_nested_branch_dag']) retrieved from /home/airflow/.local/lib/python3.7/site-packages/airflow/example_dags/example_nested_branch_dag.py
[2023-03-27T23:11:29.796+0000] {logging_mixin.py:137} INFO - [2023-03-27T23:11:29.796+0000] {dag.py:2693} INFO - Sync 1 DAGs
[2023-03-27T23:11:29.876+0000] {logging_mixin.py:137} INFO - [2023-03-27T23:11:29.875+0000] {dag.py:3444} INFO - Setting next_dagrun for example_nested_branch_dag to 2023-03-26T00:00:00+00:00, run_after=2023-03-27T00:00:00+00:00
[2023-03-27T23:11:29.926+0000] {processor.py:175} INFO - Processing /home/airflow/.local/lib/python3.7/site-packages/airflow/example_dags/example_nested_branch_dag.py took 0.338 seconds
[2023-03-27T23:12:14.412+0000] {processor.py:153} INFO - Started process (PID=278) to work on /home/airflow/.local/lib/python3.7/site-packages/airflow/example_dags/example_nested_branch_dag.py
[2023-03-27T23:12:14.416+0000] {processor.py:743} INFO - Processing file /home/airflow/.local/lib/python3.7/site-packages/airflow/example_dags/example_nested_branch_dag.py for tasks to queue
[2023-03-27T23:12:14.422+0000] {logging_mixin.py:137} INFO - [2023-03-27T23:12:14.422+0000] {dagbag.py:532} INFO - Filling up the DagBag from /home/airflow/.local/lib/python3.7/site-packages/airflow/example_dags/example_nested_branch_dag.py
[2023-03-27T23:12:14.530+0000] {processor.py:753} INFO - DAG(s) dict_keys(['example_nested_branch_dag']) retrieved from /home/airflow/.local/lib/python3.7/site-packages/airflow/example_dags/example_nested_branch_dag.py
[2023-03-27T23:12:14.646+0000] {logging_mixin.py:137} INFO - [2023-03-27T23:12:14.646+0000] {dag.py:2693} INFO - Sync 1 DAGs
[2023-03-27T23:12:14.743+0000] {logging_mixin.py:137} INFO - [2023-03-27T23:12:14.743+0000] {dag.py:3444} INFO - Setting next_dagrun for example_nested_branch_dag to 2023-03-26T00:00:00+00:00, run_after=2023-03-27T00:00:00+00:00
[2023-03-27T23:12:14.805+0000] {processor.py:175} INFO - Processing /home/airflow/.local/lib/python3.7/site-packages/airflow/example_dags/example_nested_branch_dag.py took 0.401 seconds
[2023-03-27T23:12:45.007+0000] {processor.py:153} INFO - Started process (PID=326) to work on /home/airflow/.local/lib/python3.7/site-packages/airflow/example_dags/example_nested_branch_dag.py
[2023-03-27T23:12:45.012+0000] {processor.py:743} INFO - Processing file /home/airflow/.local/lib/python3.7/site-packages/airflow/example_dags/example_nested_branch_dag.py for tasks to queue
[2023-03-27T23:12:45.015+0000] {logging_mixin.py:137} INFO - [2023-03-27T23:12:45.015+0000] {dagbag.py:532} INFO - Filling up the DagBag from /home/airflow/.local/lib/python3.7/site-packages/airflow/example_dags/example_nested_branch_dag.py
[2023-03-27T23:12:45.075+0000] {processor.py:753} INFO - DAG(s) dict_keys(['example_nested_branch_dag']) retrieved from /home/airflow/.local/lib/python3.7/site-packages/airflow/example_dags/example_nested_branch_dag.py
[2023-03-27T23:12:45.131+0000] {logging_mixin.py:137} INFO - [2023-03-27T23:12:45.131+0000] {dag.py:2693} INFO - Sync 1 DAGs
[2023-03-27T23:12:45.193+0000] {logging_mixin.py:137} INFO - [2023-03-27T23:12:45.192+0000] {dag.py:3444} INFO - Setting next_dagrun for example_nested_branch_dag to 2023-03-26T00:00:00+00:00, run_after=2023-03-27T00:00:00+00:00
[2023-03-27T23:12:45.270+0000] {processor.py:175} INFO - Processing /home/airflow/.local/lib/python3.7/site-packages/airflow/example_dags/example_nested_branch_dag.py took 0.274 seconds
[2023-03-27T23:13:23.665+0000] {processor.py:153} INFO - Started process (PID=385) to work on /home/airflow/.local/lib/python3.7/site-packages/airflow/example_dags/example_nested_branch_dag.py
[2023-03-27T23:13:23.668+0000] {processor.py:743} INFO - Processing file /home/airflow/.local/lib/python3.7/site-packages/airflow/example_dags/example_nested_branch_dag.py for tasks to queue
[2023-03-27T23:13:23.671+0000] {logging_mixin.py:137} INFO - [2023-03-27T23:13:23.671+0000] {dagbag.py:532} INFO - Filling up the DagBag from /home/airflow/.local/lib/python3.7/site-packages/airflow/example_dags/example_nested_branch_dag.py
[2023-03-27T23:13:23.720+0000] {processor.py:753} INFO - DAG(s) dict_keys(['example_nested_branch_dag']) retrieved from /home/airflow/.local/lib/python3.7/site-packages/airflow/example_dags/example_nested_branch_dag.py
[2023-03-27T23:13:23.774+0000] {logging_mixin.py:137} INFO - [2023-03-27T23:13:23.774+0000] {dag.py:2693} INFO - Sync 1 DAGs
[2023-03-27T23:13:23.831+0000] {logging_mixin.py:137} INFO - [2023-03-27T23:13:23.831+0000] {dag.py:3444} INFO - Setting next_dagrun for example_nested_branch_dag to 2023-03-26T00:00:00+00:00, run_after=2023-03-27T00:00:00+00:00
[2023-03-27T23:13:23.901+0000] {processor.py:175} INFO - Processing /home/airflow/.local/lib/python3.7/site-packages/airflow/example_dags/example_nested_branch_dag.py took 0.243 seconds
[2023-03-27T23:13:55.536+0000] {processor.py:153} INFO - Started process (PID=434) to work on /home/airflow/.local/lib/python3.7/site-packages/airflow/example_dags/example_nested_branch_dag.py
[2023-03-27T23:13:55.542+0000] {processor.py:743} INFO - Processing file /home/airflow/.local/lib/python3.7/site-packages/airflow/example_dags/example_nested_branch_dag.py for tasks to queue
[2023-03-27T23:13:55.554+0000] {logging_mixin.py:137} INFO - [2023-03-27T23:13:55.554+0000] {dagbag.py:532} INFO - Filling up the DagBag from /home/airflow/.local/lib/python3.7/site-packages/airflow/example_dags/example_nested_branch_dag.py
[2023-03-27T23:13:55.729+0000] {processor.py:753} INFO - DAG(s) dict_keys(['example_nested_branch_dag']) retrieved from /home/airflow/.local/lib/python3.7/site-packages/airflow/example_dags/example_nested_branch_dag.py
[2023-03-27T23:13:55.910+0000] {logging_mixin.py:137} INFO - [2023-03-27T23:13:55.909+0000] {dag.py:2693} INFO - Sync 1 DAGs
[2023-03-27T23:13:56.062+0000] {logging_mixin.py:137} INFO - [2023-03-27T23:13:56.062+0000] {dag.py:3444} INFO - Setting next_dagrun for example_nested_branch_dag to 2023-03-26T00:00:00+00:00, run_after=2023-03-27T00:00:00+00:00
[2023-03-27T23:13:56.189+0000] {processor.py:175} INFO - Processing /home/airflow/.local/lib/python3.7/site-packages/airflow/example_dags/example_nested_branch_dag.py took 0.684 seconds
[2023-03-27T23:14:27.430+0000] {processor.py:153} INFO - Started process (PID=484) to work on /home/airflow/.local/lib/python3.7/site-packages/airflow/example_dags/example_nested_branch_dag.py
[2023-03-27T23:14:27.436+0000] {processor.py:743} INFO - Processing file /home/airflow/.local/lib/python3.7/site-packages/airflow/example_dags/example_nested_branch_dag.py for tasks to queue
[2023-03-27T23:14:27.442+0000] {logging_mixin.py:137} INFO - [2023-03-27T23:14:27.442+0000] {dagbag.py:532} INFO - Filling up the DagBag from /home/airflow/.local/lib/python3.7/site-packages/airflow/example_dags/example_nested_branch_dag.py
[2023-03-27T23:14:27.569+0000] {processor.py:753} INFO - DAG(s) dict_keys(['example_nested_branch_dag']) retrieved from /home/airflow/.local/lib/python3.7/site-packages/airflow/example_dags/example_nested_branch_dag.py
[2023-03-27T23:14:27.712+0000] {logging_mixin.py:137} INFO - [2023-03-27T23:14:27.712+0000] {dag.py:2693} INFO - Sync 1 DAGs
[2023-03-27T23:14:27.879+0000] {logging_mixin.py:137} INFO - [2023-03-27T23:14:27.879+0000] {dag.py:3444} INFO - Setting next_dagrun for example_nested_branch_dag to 2023-03-26T00:00:00+00:00, run_after=2023-03-27T00:00:00+00:00
[2023-03-27T23:14:27.991+0000] {processor.py:175} INFO - Processing /home/airflow/.local/lib/python3.7/site-packages/airflow/example_dags/example_nested_branch_dag.py took 0.595 seconds
[2023-03-27T23:14:58.116+0000] {processor.py:153} INFO - Started process (PID=533) to work on /home/airflow/.local/lib/python3.7/site-packages/airflow/example_dags/example_nested_branch_dag.py
[2023-03-27T23:14:58.120+0000] {processor.py:743} INFO - Processing file /home/airflow/.local/lib/python3.7/site-packages/airflow/example_dags/example_nested_branch_dag.py for tasks to queue
[2023-03-27T23:14:58.123+0000] {logging_mixin.py:137} INFO - [2023-03-27T23:14:58.123+0000] {dagbag.py:532} INFO - Filling up the DagBag from /home/airflow/.local/lib/python3.7/site-packages/airflow/example_dags/example_nested_branch_dag.py
[2023-03-27T23:14:58.171+0000] {processor.py:753} INFO - DAG(s) dict_keys(['example_nested_branch_dag']) retrieved from /home/airflow/.local/lib/python3.7/site-packages/airflow/example_dags/example_nested_branch_dag.py
[2023-03-27T23:14:58.223+0000] {logging_mixin.py:137} INFO - [2023-03-27T23:14:58.222+0000] {dag.py:2693} INFO - Sync 1 DAGs
[2023-03-27T23:14:58.278+0000] {logging_mixin.py:137} INFO - [2023-03-27T23:14:58.278+0000] {dag.py:3444} INFO - Setting next_dagrun for example_nested_branch_dag to 2023-03-26T00:00:00+00:00, run_after=2023-03-27T00:00:00+00:00
[2023-03-27T23:14:58.330+0000] {processor.py:175} INFO - Processing /home/airflow/.local/lib/python3.7/site-packages/airflow/example_dags/example_nested_branch_dag.py took 0.223 seconds
[2023-03-27T23:15:28.699+0000] {processor.py:153} INFO - Started process (PID=582) to work on /home/airflow/.local/lib/python3.7/site-packages/airflow/example_dags/example_nested_branch_dag.py
[2023-03-27T23:15:28.706+0000] {processor.py:743} INFO - Processing file /home/airflow/.local/lib/python3.7/site-packages/airflow/example_dags/example_nested_branch_dag.py for tasks to queue
[2023-03-27T23:15:28.711+0000] {logging_mixin.py:137} INFO - [2023-03-27T23:15:28.710+0000] {dagbag.py:532} INFO - Filling up the DagBag from /home/airflow/.local/lib/python3.7/site-packages/airflow/example_dags/example_nested_branch_dag.py
[2023-03-27T23:15:28.778+0000] {processor.py:753} INFO - DAG(s) dict_keys(['example_nested_branch_dag']) retrieved from /home/airflow/.local/lib/python3.7/site-packages/airflow/example_dags/example_nested_branch_dag.py
[2023-03-27T23:15:28.876+0000] {logging_mixin.py:137} INFO - [2023-03-27T23:15:28.876+0000] {dag.py:2693} INFO - Sync 1 DAGs
[2023-03-27T23:15:28.960+0000] {logging_mixin.py:137} INFO - [2023-03-27T23:15:28.959+0000] {dag.py:3444} INFO - Setting next_dagrun for example_nested_branch_dag to 2023-03-26T00:00:00+00:00, run_after=2023-03-27T00:00:00+00:00
[2023-03-27T23:15:29.012+0000] {processor.py:175} INFO - Processing /home/airflow/.local/lib/python3.7/site-packages/airflow/example_dags/example_nested_branch_dag.py took 0.325 seconds
[2023-03-27T23:15:59.137+0000] {processor.py:153} INFO - Started process (PID=630) to work on /home/airflow/.local/lib/python3.7/site-packages/airflow/example_dags/example_nested_branch_dag.py
[2023-03-27T23:15:59.141+0000] {processor.py:743} INFO - Processing file /home/airflow/.local/lib/python3.7/site-packages/airflow/example_dags/example_nested_branch_dag.py for tasks to queue
[2023-03-27T23:15:59.149+0000] {logging_mixin.py:137} INFO - [2023-03-27T23:15:59.148+0000] {dagbag.py:532} INFO - Filling up the DagBag from /home/airflow/.local/lib/python3.7/site-packages/airflow/example_dags/example_nested_branch_dag.py
[2023-03-27T23:15:59.213+0000] {processor.py:753} INFO - DAG(s) dict_keys(['example_nested_branch_dag']) retrieved from /home/airflow/.local/lib/python3.7/site-packages/airflow/example_dags/example_nested_branch_dag.py
[2023-03-27T23:15:59.269+0000] {logging_mixin.py:137} INFO - [2023-03-27T23:15:59.269+0000] {dag.py:2693} INFO - Sync 1 DAGs
[2023-03-27T23:15:59.330+0000] {logging_mixin.py:137} INFO - [2023-03-27T23:15:59.330+0000] {dag.py:3444} INFO - Setting next_dagrun for example_nested_branch_dag to 2023-03-26T00:00:00+00:00, run_after=2023-03-27T00:00:00+00:00
[2023-03-27T23:15:59.371+0000] {processor.py:175} INFO - Processing /home/airflow/.local/lib/python3.7/site-packages/airflow/example_dags/example_nested_branch_dag.py took 0.245 seconds
[2023-03-27T23:16:29.578+0000] {processor.py:153} INFO - Started process (PID=678) to work on /home/airflow/.local/lib/python3.7/site-packages/airflow/example_dags/example_nested_branch_dag.py
[2023-03-27T23:16:29.583+0000] {processor.py:743} INFO - Processing file /home/airflow/.local/lib/python3.7/site-packages/airflow/example_dags/example_nested_branch_dag.py for tasks to queue
[2023-03-27T23:16:29.592+0000] {logging_mixin.py:137} INFO - [2023-03-27T23:16:29.591+0000] {dagbag.py:532} INFO - Filling up the DagBag from /home/airflow/.local/lib/python3.7/site-packages/airflow/example_dags/example_nested_branch_dag.py
[2023-03-27T23:16:29.683+0000] {processor.py:753} INFO - DAG(s) dict_keys(['example_nested_branch_dag']) retrieved from /home/airflow/.local/lib/python3.7/site-packages/airflow/example_dags/example_nested_branch_dag.py
[2023-03-27T23:16:29.746+0000] {logging_mixin.py:137} INFO - [2023-03-27T23:16:29.746+0000] {dag.py:2693} INFO - Sync 1 DAGs
[2023-03-27T23:16:29.817+0000] {logging_mixin.py:137} INFO - [2023-03-27T23:16:29.817+0000] {dag.py:3444} INFO - Setting next_dagrun for example_nested_branch_dag to 2023-03-26T00:00:00+00:00, run_after=2023-03-27T00:00:00+00:00
[2023-03-27T23:16:29.856+0000] {processor.py:175} INFO - Processing /home/airflow/.local/lib/python3.7/site-packages/airflow/example_dags/example_nested_branch_dag.py took 0.292 seconds
[2023-03-27T23:17:00.996+0000] {processor.py:153} INFO - Started process (PID=726) to work on /home/airflow/.local/lib/python3.7/site-packages/airflow/example_dags/example_nested_branch_dag.py
[2023-03-27T23:17:01.003+0000] {processor.py:743} INFO - Processing file /home/airflow/.local/lib/python3.7/site-packages/airflow/example_dags/example_nested_branch_dag.py for tasks to queue
[2023-03-27T23:17:01.007+0000] {logging_mixin.py:137} INFO - [2023-03-27T23:17:01.007+0000] {dagbag.py:532} INFO - Filling up the DagBag from /home/airflow/.local/lib/python3.7/site-packages/airflow/example_dags/example_nested_branch_dag.py
[2023-03-27T23:17:01.082+0000] {processor.py:753} INFO - DAG(s) dict_keys(['example_nested_branch_dag']) retrieved from /home/airflow/.local/lib/python3.7/site-packages/airflow/example_dags/example_nested_branch_dag.py
[2023-03-27T23:17:01.190+0000] {logging_mixin.py:137} INFO - [2023-03-27T23:17:01.190+0000] {dag.py:2693} INFO - Sync 1 DAGs
[2023-03-27T23:17:01.282+0000] {logging_mixin.py:137} INFO - [2023-03-27T23:17:01.281+0000] {dag.py:3444} INFO - Setting next_dagrun for example_nested_branch_dag to 2023-03-26T00:00:00+00:00, run_after=2023-03-27T00:00:00+00:00
[2023-03-27T23:17:01.322+0000] {processor.py:175} INFO - Processing /home/airflow/.local/lib/python3.7/site-packages/airflow/example_dags/example_nested_branch_dag.py took 0.333 seconds
[2023-03-27T23:17:31.638+0000] {processor.py:153} INFO - Started process (PID=775) to work on /home/airflow/.local/lib/python3.7/site-packages/airflow/example_dags/example_nested_branch_dag.py
[2023-03-27T23:17:31.643+0000] {processor.py:743} INFO - Processing file /home/airflow/.local/lib/python3.7/site-packages/airflow/example_dags/example_nested_branch_dag.py for tasks to queue
[2023-03-27T23:17:31.651+0000] {logging_mixin.py:137} INFO - [2023-03-27T23:17:31.651+0000] {dagbag.py:532} INFO - Filling up the DagBag from /home/airflow/.local/lib/python3.7/site-packages/airflow/example_dags/example_nested_branch_dag.py
[2023-03-27T23:17:31.806+0000] {processor.py:753} INFO - DAG(s) dict_keys(['example_nested_branch_dag']) retrieved from /home/airflow/.local/lib/python3.7/site-packages/airflow/example_dags/example_nested_branch_dag.py
[2023-03-27T23:17:31.905+0000] {logging_mixin.py:137} INFO - [2023-03-27T23:17:31.905+0000] {dag.py:2693} INFO - Sync 1 DAGs
[2023-03-27T23:17:31.968+0000] {logging_mixin.py:137} INFO - [2023-03-27T23:17:31.968+0000] {dag.py:3444} INFO - Setting next_dagrun for example_nested_branch_dag to 2023-03-26T00:00:00+00:00, run_after=2023-03-27T00:00:00+00:00
[2023-03-27T23:17:32.027+0000] {processor.py:175} INFO - Processing /home/airflow/.local/lib/python3.7/site-packages/airflow/example_dags/example_nested_branch_dag.py took 0.406 seconds
[2023-03-27T23:18:02.276+0000] {processor.py:153} INFO - Started process (PID=824) to work on /home/airflow/.local/lib/python3.7/site-packages/airflow/example_dags/example_nested_branch_dag.py
[2023-03-27T23:18:02.279+0000] {processor.py:743} INFO - Processing file /home/airflow/.local/lib/python3.7/site-packages/airflow/example_dags/example_nested_branch_dag.py for tasks to queue
[2023-03-27T23:18:02.284+0000] {logging_mixin.py:137} INFO - [2023-03-27T23:18:02.283+0000] {dagbag.py:532} INFO - Filling up the DagBag from /home/airflow/.local/lib/python3.7/site-packages/airflow/example_dags/example_nested_branch_dag.py
[2023-03-27T23:18:02.335+0000] {processor.py:753} INFO - DAG(s) dict_keys(['example_nested_branch_dag']) retrieved from /home/airflow/.local/lib/python3.7/site-packages/airflow/example_dags/example_nested_branch_dag.py
[2023-03-27T23:18:02.393+0000] {logging_mixin.py:137} INFO - [2023-03-27T23:18:02.392+0000] {dag.py:2693} INFO - Sync 1 DAGs
[2023-03-27T23:18:02.450+0000] {logging_mixin.py:137} INFO - [2023-03-27T23:18:02.450+0000] {dag.py:3444} INFO - Setting next_dagrun for example_nested_branch_dag to 2023-03-26T00:00:00+00:00, run_after=2023-03-27T00:00:00+00:00
[2023-03-27T23:18:02.496+0000] {processor.py:175} INFO - Processing /home/airflow/.local/lib/python3.7/site-packages/airflow/example_dags/example_nested_branch_dag.py took 0.229 seconds
[2023-03-27T23:18:33.043+0000] {processor.py:153} INFO - Started process (PID=873) to work on /home/airflow/.local/lib/python3.7/site-packages/airflow/example_dags/example_nested_branch_dag.py
[2023-03-27T23:18:33.046+0000] {processor.py:743} INFO - Processing file /home/airflow/.local/lib/python3.7/site-packages/airflow/example_dags/example_nested_branch_dag.py for tasks to queue
[2023-03-27T23:18:33.052+0000] {logging_mixin.py:137} INFO - [2023-03-27T23:18:33.052+0000] {dagbag.py:532} INFO - Filling up the DagBag from /home/airflow/.local/lib/python3.7/site-packages/airflow/example_dags/example_nested_branch_dag.py
[2023-03-27T23:18:33.148+0000] {processor.py:753} INFO - DAG(s) dict_keys(['example_nested_branch_dag']) retrieved from /home/airflow/.local/lib/python3.7/site-packages/airflow/example_dags/example_nested_branch_dag.py
[2023-03-27T23:18:33.258+0000] {logging_mixin.py:137} INFO - [2023-03-27T23:18:33.258+0000] {dag.py:2693} INFO - Sync 1 DAGs
[2023-03-27T23:18:33.417+0000] {logging_mixin.py:137} INFO - [2023-03-27T23:18:33.417+0000] {dag.py:3444} INFO - Setting next_dagrun for example_nested_branch_dag to 2023-03-26T00:00:00+00:00, run_after=2023-03-27T00:00:00+00:00
[2023-03-27T23:18:33.531+0000] {processor.py:175} INFO - Processing /home/airflow/.local/lib/python3.7/site-packages/airflow/example_dags/example_nested_branch_dag.py took 0.494 seconds
[2023-03-27T23:19:04.378+0000] {processor.py:153} INFO - Started process (PID=922) to work on /home/airflow/.local/lib/python3.7/site-packages/airflow/example_dags/example_nested_branch_dag.py
[2023-03-27T23:19:04.390+0000] {processor.py:743} INFO - Processing file /home/airflow/.local/lib/python3.7/site-packages/airflow/example_dags/example_nested_branch_dag.py for tasks to queue
[2023-03-27T23:19:04.394+0000] {logging_mixin.py:137} INFO - [2023-03-27T23:19:04.393+0000] {dagbag.py:532} INFO - Filling up the DagBag from /home/airflow/.local/lib/python3.7/site-packages/airflow/example_dags/example_nested_branch_dag.py
[2023-03-27T23:19:04.509+0000] {processor.py:753} INFO - DAG(s) dict_keys(['example_nested_branch_dag']) retrieved from /home/airflow/.local/lib/python3.7/site-packages/airflow/example_dags/example_nested_branch_dag.py
[2023-03-27T23:19:04.582+0000] {logging_mixin.py:137} INFO - [2023-03-27T23:19:04.582+0000] {dag.py:2693} INFO - Sync 1 DAGs
[2023-03-27T23:19:04.692+0000] {logging_mixin.py:137} INFO - [2023-03-27T23:19:04.692+0000] {dag.py:3444} INFO - Setting next_dagrun for example_nested_branch_dag to 2023-03-26T00:00:00+00:00, run_after=2023-03-27T00:00:00+00:00
[2023-03-27T23:19:04.789+0000] {processor.py:175} INFO - Processing /home/airflow/.local/lib/python3.7/site-packages/airflow/example_dags/example_nested_branch_dag.py took 0.429 seconds
[2023-03-27T23:19:35.529+0000] {processor.py:153} INFO - Started process (PID=971) to work on /home/airflow/.local/lib/python3.7/site-packages/airflow/example_dags/example_nested_branch_dag.py
[2023-03-27T23:19:35.534+0000] {processor.py:743} INFO - Processing file /home/airflow/.local/lib/python3.7/site-packages/airflow/example_dags/example_nested_branch_dag.py for tasks to queue
[2023-03-27T23:19:35.538+0000] {logging_mixin.py:137} INFO - [2023-03-27T23:19:35.538+0000] {dagbag.py:532} INFO - Filling up the DagBag from /home/airflow/.local/lib/python3.7/site-packages/airflow/example_dags/example_nested_branch_dag.py
[2023-03-27T23:19:35.599+0000] {processor.py:753} INFO - DAG(s) dict_keys(['example_nested_branch_dag']) retrieved from /home/airflow/.local/lib/python3.7/site-packages/airflow/example_dags/example_nested_branch_dag.py
[2023-03-27T23:19:35.659+0000] {logging_mixin.py:137} INFO - [2023-03-27T23:19:35.659+0000] {dag.py:2693} INFO - Sync 1 DAGs
[2023-03-27T23:19:35.728+0000] {logging_mixin.py:137} INFO - [2023-03-27T23:19:35.727+0000] {dag.py:3444} INFO - Setting next_dagrun for example_nested_branch_dag to 2023-03-26T00:00:00+00:00, run_after=2023-03-27T00:00:00+00:00
[2023-03-27T23:19:35.778+0000] {processor.py:175} INFO - Processing /home/airflow/.local/lib/python3.7/site-packages/airflow/example_dags/example_nested_branch_dag.py took 0.256 seconds
[2023-03-27T23:20:06.423+0000] {processor.py:153} INFO - Started process (PID=1021) to work on /home/airflow/.local/lib/python3.7/site-packages/airflow/example_dags/example_nested_branch_dag.py
[2023-03-27T23:20:06.428+0000] {processor.py:743} INFO - Processing file /home/airflow/.local/lib/python3.7/site-packages/airflow/example_dags/example_nested_branch_dag.py for tasks to queue
[2023-03-27T23:20:06.430+0000] {logging_mixin.py:137} INFO - [2023-03-27T23:20:06.430+0000] {dagbag.py:532} INFO - Filling up the DagBag from /home/airflow/.local/lib/python3.7/site-packages/airflow/example_dags/example_nested_branch_dag.py
[2023-03-27T23:20:06.480+0000] {processor.py:753} INFO - DAG(s) dict_keys(['example_nested_branch_dag']) retrieved from /home/airflow/.local/lib/python3.7/site-packages/airflow/example_dags/example_nested_branch_dag.py
[2023-03-27T23:20:06.547+0000] {logging_mixin.py:137} INFO - [2023-03-27T23:20:06.546+0000] {dag.py:2693} INFO - Sync 1 DAGs
[2023-03-27T23:20:06.620+0000] {logging_mixin.py:137} INFO - [2023-03-27T23:20:06.620+0000] {dag.py:3444} INFO - Setting next_dagrun for example_nested_branch_dag to 2023-03-26T00:00:00+00:00, run_after=2023-03-27T00:00:00+00:00
[2023-03-27T23:20:06.665+0000] {processor.py:175} INFO - Processing /home/airflow/.local/lib/python3.7/site-packages/airflow/example_dags/example_nested_branch_dag.py took 0.253 seconds
[2023-03-27T23:20:37.234+0000] {processor.py:153} INFO - Started process (PID=1070) to work on /home/airflow/.local/lib/python3.7/site-packages/airflow/example_dags/example_nested_branch_dag.py
[2023-03-27T23:20:37.239+0000] {processor.py:743} INFO - Processing file /home/airflow/.local/lib/python3.7/site-packages/airflow/example_dags/example_nested_branch_dag.py for tasks to queue
[2023-03-27T23:20:37.247+0000] {logging_mixin.py:137} INFO - [2023-03-27T23:20:37.246+0000] {dagbag.py:532} INFO - Filling up the DagBag from /home/airflow/.local/lib/python3.7/site-packages/airflow/example_dags/example_nested_branch_dag.py
[2023-03-27T23:20:37.326+0000] {processor.py:753} INFO - DAG(s) dict_keys(['example_nested_branch_dag']) retrieved from /home/airflow/.local/lib/python3.7/site-packages/airflow/example_dags/example_nested_branch_dag.py
[2023-03-27T23:20:37.432+0000] {logging_mixin.py:137} INFO - [2023-03-27T23:20:37.431+0000] {dag.py:2693} INFO - Sync 1 DAGs
[2023-03-27T23:20:37.501+0000] {logging_mixin.py:137} INFO - [2023-03-27T23:20:37.500+0000] {dag.py:3444} INFO - Setting next_dagrun for example_nested_branch_dag to 2023-03-26T00:00:00+00:00, run_after=2023-03-27T00:00:00+00:00
[2023-03-27T23:20:37.557+0000] {processor.py:175} INFO - Processing /home/airflow/.local/lib/python3.7/site-packages/airflow/example_dags/example_nested_branch_dag.py took 0.331 seconds
[2023-03-27T23:21:08.280+0000] {processor.py:153} INFO - Started process (PID=1119) to work on /home/airflow/.local/lib/python3.7/site-packages/airflow/example_dags/example_nested_branch_dag.py
[2023-03-27T23:21:08.284+0000] {processor.py:743} INFO - Processing file /home/airflow/.local/lib/python3.7/site-packages/airflow/example_dags/example_nested_branch_dag.py for tasks to queue
[2023-03-27T23:21:08.287+0000] {logging_mixin.py:137} INFO - [2023-03-27T23:21:08.287+0000] {dagbag.py:532} INFO - Filling up the DagBag from /home/airflow/.local/lib/python3.7/site-packages/airflow/example_dags/example_nested_branch_dag.py
[2023-03-27T23:21:08.347+0000] {processor.py:753} INFO - DAG(s) dict_keys(['example_nested_branch_dag']) retrieved from /home/airflow/.local/lib/python3.7/site-packages/airflow/example_dags/example_nested_branch_dag.py
[2023-03-27T23:21:08.449+0000] {logging_mixin.py:137} INFO - [2023-03-27T23:21:08.449+0000] {dag.py:2693} INFO - Sync 1 DAGs
[2023-03-27T23:21:08.509+0000] {logging_mixin.py:137} INFO - [2023-03-27T23:21:08.509+0000] {dag.py:3444} INFO - Setting next_dagrun for example_nested_branch_dag to 2023-03-26T00:00:00+00:00, run_after=2023-03-27T00:00:00+00:00
[2023-03-27T23:21:08.562+0000] {processor.py:175} INFO - Processing /home/airflow/.local/lib/python3.7/site-packages/airflow/example_dags/example_nested_branch_dag.py took 0.291 seconds
[2023-03-27T23:21:39.073+0000] {processor.py:153} INFO - Started process (PID=1168) to work on /home/airflow/.local/lib/python3.7/site-packages/airflow/example_dags/example_nested_branch_dag.py
[2023-03-27T23:21:39.077+0000] {processor.py:743} INFO - Processing file /home/airflow/.local/lib/python3.7/site-packages/airflow/example_dags/example_nested_branch_dag.py for tasks to queue
[2023-03-27T23:21:39.083+0000] {logging_mixin.py:137} INFO - [2023-03-27T23:21:39.083+0000] {dagbag.py:532} INFO - Filling up the DagBag from /home/airflow/.local/lib/python3.7/site-packages/airflow/example_dags/example_nested_branch_dag.py
[2023-03-27T23:21:39.145+0000] {processor.py:753} INFO - DAG(s) dict_keys(['example_nested_branch_dag']) retrieved from /home/airflow/.local/lib/python3.7/site-packages/airflow/example_dags/example_nested_branch_dag.py
[2023-03-27T23:21:39.307+0000] {logging_mixin.py:137} INFO - [2023-03-27T23:21:39.306+0000] {dag.py:2693} INFO - Sync 1 DAGs
[2023-03-27T23:21:39.392+0000] {logging_mixin.py:137} INFO - [2023-03-27T23:21:39.392+0000] {dag.py:3444} INFO - Setting next_dagrun for example_nested_branch_dag to 2023-03-26T00:00:00+00:00, run_after=2023-03-27T00:00:00+00:00
[2023-03-27T23:21:39.433+0000] {processor.py:175} INFO - Processing /home/airflow/.local/lib/python3.7/site-packages/airflow/example_dags/example_nested_branch_dag.py took 0.371 seconds
[2023-03-27T23:22:09.797+0000] {processor.py:153} INFO - Started process (PID=1218) to work on /home/airflow/.local/lib/python3.7/site-packages/airflow/example_dags/example_nested_branch_dag.py
[2023-03-27T23:22:09.800+0000] {processor.py:743} INFO - Processing file /home/airflow/.local/lib/python3.7/site-packages/airflow/example_dags/example_nested_branch_dag.py for tasks to queue
[2023-03-27T23:22:09.805+0000] {logging_mixin.py:137} INFO - [2023-03-27T23:22:09.804+0000] {dagbag.py:532} INFO - Filling up the DagBag from /home/airflow/.local/lib/python3.7/site-packages/airflow/example_dags/example_nested_branch_dag.py
[2023-03-27T23:22:09.851+0000] {processor.py:753} INFO - DAG(s) dict_keys(['example_nested_branch_dag']) retrieved from /home/airflow/.local/lib/python3.7/site-packages/airflow/example_dags/example_nested_branch_dag.py
[2023-03-27T23:22:09.905+0000] {logging_mixin.py:137} INFO - [2023-03-27T23:22:09.905+0000] {dag.py:2693} INFO - Sync 1 DAGs
[2023-03-27T23:22:09.990+0000] {logging_mixin.py:137} INFO - [2023-03-27T23:22:09.989+0000] {dag.py:3444} INFO - Setting next_dagrun for example_nested_branch_dag to 2023-03-26T00:00:00+00:00, run_after=2023-03-27T00:00:00+00:00
[2023-03-27T23:22:10.036+0000] {processor.py:175} INFO - Processing /home/airflow/.local/lib/python3.7/site-packages/airflow/example_dags/example_nested_branch_dag.py took 0.250 seconds
[2023-03-27T23:22:40.529+0000] {processor.py:153} INFO - Started process (PID=1266) to work on /home/airflow/.local/lib/python3.7/site-packages/airflow/example_dags/example_nested_branch_dag.py
[2023-03-27T23:22:40.532+0000] {processor.py:743} INFO - Processing file /home/airflow/.local/lib/python3.7/site-packages/airflow/example_dags/example_nested_branch_dag.py for tasks to queue
[2023-03-27T23:22:40.537+0000] {logging_mixin.py:137} INFO - [2023-03-27T23:22:40.537+0000] {dagbag.py:532} INFO - Filling up the DagBag from /home/airflow/.local/lib/python3.7/site-packages/airflow/example_dags/example_nested_branch_dag.py
[2023-03-27T23:22:40.633+0000] {processor.py:753} INFO - DAG(s) dict_keys(['example_nested_branch_dag']) retrieved from /home/airflow/.local/lib/python3.7/site-packages/airflow/example_dags/example_nested_branch_dag.py
[2023-03-27T23:22:40.698+0000] {logging_mixin.py:137} INFO - [2023-03-27T23:22:40.697+0000] {dag.py:2693} INFO - Sync 1 DAGs
[2023-03-27T23:22:40.762+0000] {logging_mixin.py:137} INFO - [2023-03-27T23:22:40.762+0000] {dag.py:3444} INFO - Setting next_dagrun for example_nested_branch_dag to 2023-03-26T00:00:00+00:00, run_after=2023-03-27T00:00:00+00:00
[2023-03-27T23:22:40.810+0000] {processor.py:175} INFO - Processing /home/airflow/.local/lib/python3.7/site-packages/airflow/example_dags/example_nested_branch_dag.py took 0.287 seconds
[2023-03-27T23:23:11.361+0000] {processor.py:153} INFO - Started process (PID=1315) to work on /home/airflow/.local/lib/python3.7/site-packages/airflow/example_dags/example_nested_branch_dag.py
[2023-03-27T23:23:11.364+0000] {processor.py:743} INFO - Processing file /home/airflow/.local/lib/python3.7/site-packages/airflow/example_dags/example_nested_branch_dag.py for tasks to queue
[2023-03-27T23:23:11.367+0000] {logging_mixin.py:137} INFO - [2023-03-27T23:23:11.367+0000] {dagbag.py:532} INFO - Filling up the DagBag from /home/airflow/.local/lib/python3.7/site-packages/airflow/example_dags/example_nested_branch_dag.py
[2023-03-27T23:23:11.419+0000] {processor.py:753} INFO - DAG(s) dict_keys(['example_nested_branch_dag']) retrieved from /home/airflow/.local/lib/python3.7/site-packages/airflow/example_dags/example_nested_branch_dag.py
[2023-03-27T23:23:11.501+0000] {logging_mixin.py:137} INFO - [2023-03-27T23:23:11.500+0000] {dag.py:2693} INFO - Sync 1 DAGs
[2023-03-27T23:23:11.566+0000] {logging_mixin.py:137} INFO - [2023-03-27T23:23:11.565+0000] {dag.py:3444} INFO - Setting next_dagrun for example_nested_branch_dag to 2023-03-26T00:00:00+00:00, run_after=2023-03-27T00:00:00+00:00
[2023-03-27T23:23:11.603+0000] {processor.py:175} INFO - Processing /home/airflow/.local/lib/python3.7/site-packages/airflow/example_dags/example_nested_branch_dag.py took 0.253 seconds
[2023-03-27T23:23:41.772+0000] {processor.py:153} INFO - Started process (PID=1363) to work on /home/airflow/.local/lib/python3.7/site-packages/airflow/example_dags/example_nested_branch_dag.py
[2023-03-27T23:23:41.775+0000] {processor.py:743} INFO - Processing file /home/airflow/.local/lib/python3.7/site-packages/airflow/example_dags/example_nested_branch_dag.py for tasks to queue
[2023-03-27T23:23:41.780+0000] {logging_mixin.py:137} INFO - [2023-03-27T23:23:41.780+0000] {dagbag.py:532} INFO - Filling up the DagBag from /home/airflow/.local/lib/python3.7/site-packages/airflow/example_dags/example_nested_branch_dag.py
[2023-03-27T23:23:41.832+0000] {processor.py:753} INFO - DAG(s) dict_keys(['example_nested_branch_dag']) retrieved from /home/airflow/.local/lib/python3.7/site-packages/airflow/example_dags/example_nested_branch_dag.py
[2023-03-27T23:23:41.884+0000] {logging_mixin.py:137} INFO - [2023-03-27T23:23:41.884+0000] {dag.py:2693} INFO - Sync 1 DAGs
[2023-03-27T23:23:41.939+0000] {logging_mixin.py:137} INFO - [2023-03-27T23:23:41.939+0000] {dag.py:3444} INFO - Setting next_dagrun for example_nested_branch_dag to 2023-03-26T00:00:00+00:00, run_after=2023-03-27T00:00:00+00:00
[2023-03-27T23:23:42.016+0000] {processor.py:175} INFO - Processing /home/airflow/.local/lib/python3.7/site-packages/airflow/example_dags/example_nested_branch_dag.py took 0.250 seconds
[2023-03-27T23:24:12.353+0000] {processor.py:153} INFO - Started process (PID=1412) to work on /home/airflow/.local/lib/python3.7/site-packages/airflow/example_dags/example_nested_branch_dag.py
[2023-03-27T23:24:12.357+0000] {processor.py:743} INFO - Processing file /home/airflow/.local/lib/python3.7/site-packages/airflow/example_dags/example_nested_branch_dag.py for tasks to queue
[2023-03-27T23:24:12.361+0000] {logging_mixin.py:137} INFO - [2023-03-27T23:24:12.360+0000] {dagbag.py:532} INFO - Filling up the DagBag from /home/airflow/.local/lib/python3.7/site-packages/airflow/example_dags/example_nested_branch_dag.py
[2023-03-27T23:24:12.405+0000] {processor.py:753} INFO - DAG(s) dict_keys(['example_nested_branch_dag']) retrieved from /home/airflow/.local/lib/python3.7/site-packages/airflow/example_dags/example_nested_branch_dag.py
[2023-03-27T23:24:12.459+0000] {logging_mixin.py:137} INFO - [2023-03-27T23:24:12.458+0000] {dag.py:2693} INFO - Sync 1 DAGs
[2023-03-27T23:24:12.512+0000] {logging_mixin.py:137} INFO - [2023-03-27T23:24:12.511+0000] {dag.py:3444} INFO - Setting next_dagrun for example_nested_branch_dag to 2023-03-26T00:00:00+00:00, run_after=2023-03-27T00:00:00+00:00
[2023-03-27T23:24:12.558+0000] {processor.py:175} INFO - Processing /home/airflow/.local/lib/python3.7/site-packages/airflow/example_dags/example_nested_branch_dag.py took 0.213 seconds
[2023-03-27T23:24:43.163+0000] {processor.py:153} INFO - Started process (PID=1463) to work on /home/airflow/.local/lib/python3.7/site-packages/airflow/example_dags/example_nested_branch_dag.py
[2023-03-27T23:24:43.169+0000] {processor.py:743} INFO - Processing file /home/airflow/.local/lib/python3.7/site-packages/airflow/example_dags/example_nested_branch_dag.py for tasks to queue
[2023-03-27T23:24:43.174+0000] {logging_mixin.py:137} INFO - [2023-03-27T23:24:43.173+0000] {dagbag.py:532} INFO - Filling up the DagBag from /home/airflow/.local/lib/python3.7/site-packages/airflow/example_dags/example_nested_branch_dag.py
[2023-03-27T23:24:43.244+0000] {processor.py:753} INFO - DAG(s) dict_keys(['example_nested_branch_dag']) retrieved from /home/airflow/.local/lib/python3.7/site-packages/airflow/example_dags/example_nested_branch_dag.py
[2023-03-27T23:24:43.313+0000] {logging_mixin.py:137} INFO - [2023-03-27T23:24:43.313+0000] {dag.py:2693} INFO - Sync 1 DAGs
[2023-03-27T23:24:43.404+0000] {logging_mixin.py:137} INFO - [2023-03-27T23:24:43.404+0000] {dag.py:3444} INFO - Setting next_dagrun for example_nested_branch_dag to 2023-03-26T00:00:00+00:00, run_after=2023-03-27T00:00:00+00:00
[2023-03-27T23:24:43.450+0000] {processor.py:175} INFO - Processing /home/airflow/.local/lib/python3.7/site-packages/airflow/example_dags/example_nested_branch_dag.py took 0.301 seconds
[2023-03-27T23:54:59.732+0000] {processor.py:153} INFO - Started process (PID=1507) to work on /home/airflow/.local/lib/python3.7/site-packages/airflow/example_dags/example_nested_branch_dag.py
[2023-03-27T23:54:59.736+0000] {processor.py:743} INFO - Processing file /home/airflow/.local/lib/python3.7/site-packages/airflow/example_dags/example_nested_branch_dag.py for tasks to queue
[2023-03-27T23:54:59.739+0000] {logging_mixin.py:137} INFO - [2023-03-27T23:54:59.738+0000] {dagbag.py:532} INFO - Filling up the DagBag from /home/airflow/.local/lib/python3.7/site-packages/airflow/example_dags/example_nested_branch_dag.py
[2023-03-27T23:54:59.808+0000] {processor.py:753} INFO - DAG(s) dict_keys(['example_nested_branch_dag']) retrieved from /home/airflow/.local/lib/python3.7/site-packages/airflow/example_dags/example_nested_branch_dag.py
[2023-03-27T23:54:59.900+0000] {logging_mixin.py:137} INFO - [2023-03-27T23:54:59.900+0000] {dag.py:2693} INFO - Sync 1 DAGs
[2023-03-27T23:55:00.001+0000] {logging_mixin.py:137} INFO - [2023-03-27T23:55:00.000+0000] {dag.py:3444} INFO - Setting next_dagrun for example_nested_branch_dag to 2023-03-26T00:00:00+00:00, run_after=2023-03-27T00:00:00+00:00
[2023-03-27T23:55:00.046+0000] {processor.py:175} INFO - Processing /home/airflow/.local/lib/python3.7/site-packages/airflow/example_dags/example_nested_branch_dag.py took 0.327 seconds
[2023-03-27T23:55:31.322+0000] {processor.py:153} INFO - Started process (PID=1555) to work on /home/airflow/.local/lib/python3.7/site-packages/airflow/example_dags/example_nested_branch_dag.py
[2023-03-27T23:55:31.326+0000] {processor.py:743} INFO - Processing file /home/airflow/.local/lib/python3.7/site-packages/airflow/example_dags/example_nested_branch_dag.py for tasks to queue
[2023-03-27T23:55:31.331+0000] {logging_mixin.py:137} INFO - [2023-03-27T23:55:31.330+0000] {dagbag.py:532} INFO - Filling up the DagBag from /home/airflow/.local/lib/python3.7/site-packages/airflow/example_dags/example_nested_branch_dag.py
[2023-03-27T23:55:31.391+0000] {processor.py:753} INFO - DAG(s) dict_keys(['example_nested_branch_dag']) retrieved from /home/airflow/.local/lib/python3.7/site-packages/airflow/example_dags/example_nested_branch_dag.py
[2023-03-27T23:55:31.556+0000] {logging_mixin.py:137} INFO - [2023-03-27T23:55:31.556+0000] {dag.py:2693} INFO - Sync 1 DAGs
[2023-03-27T23:55:31.625+0000] {logging_mixin.py:137} INFO - [2023-03-27T23:55:31.624+0000] {dag.py:3444} INFO - Setting next_dagrun for example_nested_branch_dag to 2023-03-26T00:00:00+00:00, run_after=2023-03-27T00:00:00+00:00
[2023-03-27T23:55:31.674+0000] {processor.py:175} INFO - Processing /home/airflow/.local/lib/python3.7/site-packages/airflow/example_dags/example_nested_branch_dag.py took 0.362 seconds
[2023-03-27T23:56:08.342+0000] {processor.py:153} INFO - Started process (PID=1604) to work on /home/airflow/.local/lib/python3.7/site-packages/airflow/example_dags/example_nested_branch_dag.py
[2023-03-27T23:56:08.350+0000] {processor.py:743} INFO - Processing file /home/airflow/.local/lib/python3.7/site-packages/airflow/example_dags/example_nested_branch_dag.py for tasks to queue
[2023-03-27T23:56:08.354+0000] {logging_mixin.py:137} INFO - [2023-03-27T23:56:08.354+0000] {dagbag.py:532} INFO - Filling up the DagBag from /home/airflow/.local/lib/python3.7/site-packages/airflow/example_dags/example_nested_branch_dag.py
[2023-03-27T23:56:08.462+0000] {processor.py:753} INFO - DAG(s) dict_keys(['example_nested_branch_dag']) retrieved from /home/airflow/.local/lib/python3.7/site-packages/airflow/example_dags/example_nested_branch_dag.py
[2023-03-27T23:56:08.585+0000] {logging_mixin.py:137} INFO - [2023-03-27T23:56:08.584+0000] {dag.py:2693} INFO - Sync 1 DAGs
[2023-03-27T23:56:08.730+0000] {logging_mixin.py:137} INFO - [2023-03-27T23:56:08.729+0000] {dag.py:3444} INFO - Setting next_dagrun for example_nested_branch_dag to 2023-03-26T00:00:00+00:00, run_after=2023-03-27T00:00:00+00:00
[2023-03-27T23:56:09.365+0000] {processor.py:175} INFO - Processing /home/airflow/.local/lib/python3.7/site-packages/airflow/example_dags/example_nested_branch_dag.py took 1.041 seconds
[2023-03-27T23:56:39.721+0000] {processor.py:153} INFO - Started process (PID=1653) to work on /home/airflow/.local/lib/python3.7/site-packages/airflow/example_dags/example_nested_branch_dag.py
[2023-03-27T23:56:39.730+0000] {processor.py:743} INFO - Processing file /home/airflow/.local/lib/python3.7/site-packages/airflow/example_dags/example_nested_branch_dag.py for tasks to queue
[2023-03-27T23:56:39.743+0000] {logging_mixin.py:137} INFO - [2023-03-27T23:56:39.740+0000] {dagbag.py:532} INFO - Filling up the DagBag from /home/airflow/.local/lib/python3.7/site-packages/airflow/example_dags/example_nested_branch_dag.py
[2023-03-27T23:56:39.962+0000] {processor.py:753} INFO - DAG(s) dict_keys(['example_nested_branch_dag']) retrieved from /home/airflow/.local/lib/python3.7/site-packages/airflow/example_dags/example_nested_branch_dag.py
[2023-03-27T23:56:40.100+0000] {logging_mixin.py:137} INFO - [2023-03-27T23:56:40.100+0000] {dag.py:2693} INFO - Sync 1 DAGs
[2023-03-27T23:56:40.233+0000] {logging_mixin.py:137} INFO - [2023-03-27T23:56:40.230+0000] {dag.py:3444} INFO - Setting next_dagrun for example_nested_branch_dag to 2023-03-26T00:00:00+00:00, run_after=2023-03-27T00:00:00+00:00
[2023-03-27T23:56:40.333+0000] {processor.py:175} INFO - Processing /home/airflow/.local/lib/python3.7/site-packages/airflow/example_dags/example_nested_branch_dag.py took 0.638 seconds
[2023-03-27T23:57:10.921+0000] {processor.py:153} INFO - Started process (PID=1702) to work on /home/airflow/.local/lib/python3.7/site-packages/airflow/example_dags/example_nested_branch_dag.py
[2023-03-27T23:57:10.924+0000] {processor.py:743} INFO - Processing file /home/airflow/.local/lib/python3.7/site-packages/airflow/example_dags/example_nested_branch_dag.py for tasks to queue
[2023-03-27T23:57:10.928+0000] {logging_mixin.py:137} INFO - [2023-03-27T23:57:10.927+0000] {dagbag.py:532} INFO - Filling up the DagBag from /home/airflow/.local/lib/python3.7/site-packages/airflow/example_dags/example_nested_branch_dag.py
[2023-03-27T23:57:10.991+0000] {processor.py:753} INFO - DAG(s) dict_keys(['example_nested_branch_dag']) retrieved from /home/airflow/.local/lib/python3.7/site-packages/airflow/example_dags/example_nested_branch_dag.py
[2023-03-27T23:57:11.078+0000] {logging_mixin.py:137} INFO - [2023-03-27T23:57:11.078+0000] {dag.py:2693} INFO - Sync 1 DAGs
[2023-03-27T23:57:11.126+0000] {logging_mixin.py:137} INFO - [2023-03-27T23:57:11.126+0000] {dag.py:3444} INFO - Setting next_dagrun for example_nested_branch_dag to 2023-03-26T00:00:00+00:00, run_after=2023-03-27T00:00:00+00:00
[2023-03-27T23:57:11.163+0000] {processor.py:175} INFO - Processing /home/airflow/.local/lib/python3.7/site-packages/airflow/example_dags/example_nested_branch_dag.py took 0.251 seconds
[2023-03-27T23:57:41.289+0000] {processor.py:153} INFO - Started process (PID=1751) to work on /home/airflow/.local/lib/python3.7/site-packages/airflow/example_dags/example_nested_branch_dag.py
[2023-03-27T23:57:41.292+0000] {processor.py:743} INFO - Processing file /home/airflow/.local/lib/python3.7/site-packages/airflow/example_dags/example_nested_branch_dag.py for tasks to queue
[2023-03-27T23:57:41.296+0000] {logging_mixin.py:137} INFO - [2023-03-27T23:57:41.295+0000] {dagbag.py:532} INFO - Filling up the DagBag from /home/airflow/.local/lib/python3.7/site-packages/airflow/example_dags/example_nested_branch_dag.py
[2023-03-27T23:57:41.343+0000] {processor.py:753} INFO - DAG(s) dict_keys(['example_nested_branch_dag']) retrieved from /home/airflow/.local/lib/python3.7/site-packages/airflow/example_dags/example_nested_branch_dag.py
[2023-03-27T23:57:41.402+0000] {logging_mixin.py:137} INFO - [2023-03-27T23:57:41.401+0000] {dag.py:2693} INFO - Sync 1 DAGs
[2023-03-27T23:57:41.452+0000] {logging_mixin.py:137} INFO - [2023-03-27T23:57:41.452+0000] {dag.py:3444} INFO - Setting next_dagrun for example_nested_branch_dag to 2023-03-26T00:00:00+00:00, run_after=2023-03-27T00:00:00+00:00
[2023-03-27T23:57:41.490+0000] {processor.py:175} INFO - Processing /home/airflow/.local/lib/python3.7/site-packages/airflow/example_dags/example_nested_branch_dag.py took 0.209 seconds
[2023-03-27T23:58:12.400+0000] {processor.py:153} INFO - Started process (PID=1800) to work on /home/airflow/.local/lib/python3.7/site-packages/airflow/example_dags/example_nested_branch_dag.py
[2023-03-27T23:58:12.405+0000] {processor.py:743} INFO - Processing file /home/airflow/.local/lib/python3.7/site-packages/airflow/example_dags/example_nested_branch_dag.py for tasks to queue
[2023-03-27T23:58:12.409+0000] {logging_mixin.py:137} INFO - [2023-03-27T23:58:12.408+0000] {dagbag.py:532} INFO - Filling up the DagBag from /home/airflow/.local/lib/python3.7/site-packages/airflow/example_dags/example_nested_branch_dag.py
[2023-03-27T23:58:12.459+0000] {processor.py:753} INFO - DAG(s) dict_keys(['example_nested_branch_dag']) retrieved from /home/airflow/.local/lib/python3.7/site-packages/airflow/example_dags/example_nested_branch_dag.py
[2023-03-27T23:58:12.519+0000] {logging_mixin.py:137} INFO - [2023-03-27T23:58:12.519+0000] {dag.py:2693} INFO - Sync 1 DAGs
[2023-03-27T23:58:12.570+0000] {logging_mixin.py:137} INFO - [2023-03-27T23:58:12.569+0000] {dag.py:3444} INFO - Setting next_dagrun for example_nested_branch_dag to 2023-03-26T00:00:00+00:00, run_after=2023-03-27T00:00:00+00:00
[2023-03-27T23:58:12.801+0000] {processor.py:175} INFO - Processing /home/airflow/.local/lib/python3.7/site-packages/airflow/example_dags/example_nested_branch_dag.py took 0.416 seconds
[2023-03-27T23:58:44.165+0000] {processor.py:153} INFO - Started process (PID=1850) to work on /home/airflow/.local/lib/python3.7/site-packages/airflow/example_dags/example_nested_branch_dag.py
[2023-03-27T23:58:44.175+0000] {processor.py:743} INFO - Processing file /home/airflow/.local/lib/python3.7/site-packages/airflow/example_dags/example_nested_branch_dag.py for tasks to queue
[2023-03-27T23:58:44.184+0000] {logging_mixin.py:137} INFO - [2023-03-27T23:58:44.183+0000] {dagbag.py:532} INFO - Filling up the DagBag from /home/airflow/.local/lib/python3.7/site-packages/airflow/example_dags/example_nested_branch_dag.py
[2023-03-27T23:58:44.289+0000] {processor.py:753} INFO - DAG(s) dict_keys(['example_nested_branch_dag']) retrieved from /home/airflow/.local/lib/python3.7/site-packages/airflow/example_dags/example_nested_branch_dag.py
[2023-03-27T23:58:45.059+0000] {logging_mixin.py:137} INFO - [2023-03-27T23:58:45.059+0000] {dag.py:2693} INFO - Sync 1 DAGs
[2023-03-27T23:58:45.351+0000] {logging_mixin.py:137} INFO - [2023-03-27T23:58:45.350+0000] {dag.py:3444} INFO - Setting next_dagrun for example_nested_branch_dag to 2023-03-26T00:00:00+00:00, run_after=2023-03-27T00:00:00+00:00
[2023-03-27T23:58:45.440+0000] {processor.py:175} INFO - Processing /home/airflow/.local/lib/python3.7/site-packages/airflow/example_dags/example_nested_branch_dag.py took 1.286 seconds
[2023-03-27T23:59:15.687+0000] {processor.py:153} INFO - Started process (PID=1899) to work on /home/airflow/.local/lib/python3.7/site-packages/airflow/example_dags/example_nested_branch_dag.py
[2023-03-27T23:59:15.691+0000] {processor.py:743} INFO - Processing file /home/airflow/.local/lib/python3.7/site-packages/airflow/example_dags/example_nested_branch_dag.py for tasks to queue
[2023-03-27T23:59:15.697+0000] {logging_mixin.py:137} INFO - [2023-03-27T23:59:15.697+0000] {dagbag.py:532} INFO - Filling up the DagBag from /home/airflow/.local/lib/python3.7/site-packages/airflow/example_dags/example_nested_branch_dag.py
[2023-03-27T23:59:15.872+0000] {processor.py:753} INFO - DAG(s) dict_keys(['example_nested_branch_dag']) retrieved from /home/airflow/.local/lib/python3.7/site-packages/airflow/example_dags/example_nested_branch_dag.py
[2023-03-27T23:59:16.013+0000] {logging_mixin.py:137} INFO - [2023-03-27T23:59:16.012+0000] {dag.py:2693} INFO - Sync 1 DAGs
[2023-03-27T23:59:16.120+0000] {logging_mixin.py:137} INFO - [2023-03-27T23:59:16.120+0000] {dag.py:3444} INFO - Setting next_dagrun for example_nested_branch_dag to 2023-03-26T00:00:00+00:00, run_after=2023-03-27T00:00:00+00:00
[2023-03-27T23:59:16.185+0000] {processor.py:175} INFO - Processing /home/airflow/.local/lib/python3.7/site-packages/airflow/example_dags/example_nested_branch_dag.py took 0.526 seconds
[2023-03-27T23:59:49.529+0000] {processor.py:153} INFO - Started process (PID=1955) to work on /home/airflow/.local/lib/python3.7/site-packages/airflow/example_dags/example_nested_branch_dag.py
[2023-03-27T23:59:49.537+0000] {processor.py:743} INFO - Processing file /home/airflow/.local/lib/python3.7/site-packages/airflow/example_dags/example_nested_branch_dag.py for tasks to queue
[2023-03-27T23:59:49.541+0000] {logging_mixin.py:137} INFO - [2023-03-27T23:59:49.541+0000] {dagbag.py:532} INFO - Filling up the DagBag from /home/airflow/.local/lib/python3.7/site-packages/airflow/example_dags/example_nested_branch_dag.py
[2023-03-27T23:59:49.652+0000] {processor.py:753} INFO - DAG(s) dict_keys(['example_nested_branch_dag']) retrieved from /home/airflow/.local/lib/python3.7/site-packages/airflow/example_dags/example_nested_branch_dag.py
[2023-03-27T23:59:49.764+0000] {logging_mixin.py:137} INFO - [2023-03-27T23:59:49.764+0000] {dag.py:2693} INFO - Sync 1 DAGs
[2023-03-27T23:59:49.860+0000] {logging_mixin.py:137} INFO - [2023-03-27T23:59:49.860+0000] {dag.py:3444} INFO - Setting next_dagrun for example_nested_branch_dag to 2023-03-26T00:00:00+00:00, run_after=2023-03-27T00:00:00+00:00
[2023-03-27T23:59:49.933+0000] {processor.py:175} INFO - Processing /home/airflow/.local/lib/python3.7/site-packages/airflow/example_dags/example_nested_branch_dag.py took 0.428 seconds
