[2023-03-27T11:50:17.188+0000] {processor.py:153} INFO - Started process (PID=135) to work on /home/airflow/.local/lib/python3.7/site-packages/airflow/example_dags/example_sensor_decorator.py
[2023-03-27T11:50:17.286+0000] {processor.py:743} INFO - Processing file /home/airflow/.local/lib/python3.7/site-packages/airflow/example_dags/example_sensor_decorator.py for tasks to queue
[2023-03-27T11:50:17.430+0000] {logging_mixin.py:137} INFO - [2023-03-27T11:50:17.429+0000] {dagbag.py:532} INFO - Filling up the DagBag from /home/airflow/.local/lib/python3.7/site-packages/airflow/example_dags/example_sensor_decorator.py
[2023-03-27T11:50:24.175+0000] {processor.py:753} INFO - DAG(s) dict_keys(['example_sensor_decorator']) retrieved from /home/airflow/.local/lib/python3.7/site-packages/airflow/example_dags/example_sensor_decorator.py
[2023-03-27T11:50:28.543+0000] {logging_mixin.py:137} INFO - [2023-03-27T11:50:28.481+0000] {dag.py:2693} INFO - Sync 1 DAGs
[2023-03-27T11:50:31.354+0000] {logging_mixin.py:137} INFO - [2023-03-27T11:50:31.354+0000] {dag.py:3444} INFO - Setting next_dagrun for example_sensor_decorator to None, run_after=None
[2023-03-27T11:50:33.485+0000] {processor.py:175} INFO - Processing /home/airflow/.local/lib/python3.7/site-packages/airflow/example_dags/example_sensor_decorator.py took 16.843 seconds
[2023-03-27T13:25:38.463+0000] {processor.py:153} INFO - Started process (PID=211) to work on /home/airflow/.local/lib/python3.7/site-packages/airflow/example_dags/example_sensor_decorator.py
[2023-03-27T13:25:38.484+0000] {processor.py:743} INFO - Processing file /home/airflow/.local/lib/python3.7/site-packages/airflow/example_dags/example_sensor_decorator.py for tasks to queue
[2023-03-27T13:25:38.536+0000] {logging_mixin.py:137} INFO - [2023-03-27T13:25:38.497+0000] {dagbag.py:532} INFO - Filling up the DagBag from /home/airflow/.local/lib/python3.7/site-packages/airflow/example_dags/example_sensor_decorator.py
[2023-03-27T13:25:39.203+0000] {processor.py:753} INFO - DAG(s) dict_keys(['example_sensor_decorator']) retrieved from /home/airflow/.local/lib/python3.7/site-packages/airflow/example_dags/example_sensor_decorator.py
[2023-03-27T13:25:42.200+0000] {logging_mixin.py:137} INFO - [2023-03-27T13:25:42.187+0000] {dag.py:2693} INFO - Sync 1 DAGs
[2023-03-27T13:25:44.353+0000] {logging_mixin.py:137} INFO - [2023-03-27T13:25:44.346+0000] {dag.py:3444} INFO - Setting next_dagrun for example_sensor_decorator to None, run_after=None
[2023-03-27T13:25:44.720+0000] {processor.py:175} INFO - Processing /home/airflow/.local/lib/python3.7/site-packages/airflow/example_dags/example_sensor_decorator.py took 6.321 seconds
[2023-03-27T13:27:59.381+0000] {processor.py:153} INFO - Started process (PID=281) to work on /home/airflow/.local/lib/python3.7/site-packages/airflow/example_dags/example_sensor_decorator.py
[2023-03-27T13:27:59.410+0000] {processor.py:743} INFO - Processing file /home/airflow/.local/lib/python3.7/site-packages/airflow/example_dags/example_sensor_decorator.py for tasks to queue
[2023-03-27T13:27:59.436+0000] {logging_mixin.py:137} INFO - [2023-03-27T13:27:59.435+0000] {dagbag.py:532} INFO - Filling up the DagBag from /home/airflow/.local/lib/python3.7/site-packages/airflow/example_dags/example_sensor_decorator.py
[2023-03-27T13:28:00.148+0000] {processor.py:753} INFO - DAG(s) dict_keys(['example_sensor_decorator']) retrieved from /home/airflow/.local/lib/python3.7/site-packages/airflow/example_dags/example_sensor_decorator.py
[2023-03-27T13:28:01.743+0000] {logging_mixin.py:137} INFO - [2023-03-27T13:28:01.720+0000] {dag.py:2693} INFO - Sync 1 DAGs
[2023-03-27T13:28:03.310+0000] {logging_mixin.py:137} INFO - [2023-03-27T13:28:03.310+0000] {dag.py:3444} INFO - Setting next_dagrun for example_sensor_decorator to None, run_after=None
[2023-03-27T13:28:03.848+0000] {processor.py:175} INFO - Processing /home/airflow/.local/lib/python3.7/site-packages/airflow/example_dags/example_sensor_decorator.py took 4.518 seconds
[2023-03-27T13:32:05.524+0000] {processor.py:153} INFO - Started process (PID=394) to work on /home/airflow/.local/lib/python3.7/site-packages/airflow/example_dags/example_sensor_decorator.py
[2023-03-27T13:32:05.578+0000] {processor.py:743} INFO - Processing file /home/airflow/.local/lib/python3.7/site-packages/airflow/example_dags/example_sensor_decorator.py for tasks to queue
[2023-03-27T13:32:05.611+0000] {logging_mixin.py:137} INFO - [2023-03-27T13:32:05.611+0000] {dagbag.py:532} INFO - Filling up the DagBag from /home/airflow/.local/lib/python3.7/site-packages/airflow/example_dags/example_sensor_decorator.py
[2023-03-27T13:32:06.503+0000] {processor.py:753} INFO - DAG(s) dict_keys(['example_sensor_decorator']) retrieved from /home/airflow/.local/lib/python3.7/site-packages/airflow/example_dags/example_sensor_decorator.py
[2023-03-27T13:32:12.324+0000] {logging_mixin.py:137} INFO - [2023-03-27T13:32:12.324+0000] {dag.py:2693} INFO - Sync 1 DAGs
[2023-03-27T13:32:15.293+0000] {logging_mixin.py:137} INFO - [2023-03-27T13:32:15.293+0000] {dag.py:3444} INFO - Setting next_dagrun for example_sensor_decorator to None, run_after=None
[2023-03-27T13:32:15.894+0000] {processor.py:175} INFO - Processing /home/airflow/.local/lib/python3.7/site-packages/airflow/example_dags/example_sensor_decorator.py took 10.720 seconds
[2023-03-27T13:35:44.371+0000] {processor.py:153} INFO - Started process (PID=504) to work on /home/airflow/.local/lib/python3.7/site-packages/airflow/example_dags/example_sensor_decorator.py
[2023-03-27T13:35:44.414+0000] {processor.py:743} INFO - Processing file /home/airflow/.local/lib/python3.7/site-packages/airflow/example_dags/example_sensor_decorator.py for tasks to queue
[2023-03-27T13:35:44.500+0000] {logging_mixin.py:137} INFO - [2023-03-27T13:35:44.440+0000] {dagbag.py:532} INFO - Filling up the DagBag from /home/airflow/.local/lib/python3.7/site-packages/airflow/example_dags/example_sensor_decorator.py
[2023-03-27T13:35:46.947+0000] {processor.py:753} INFO - DAG(s) dict_keys(['example_sensor_decorator']) retrieved from /home/airflow/.local/lib/python3.7/site-packages/airflow/example_dags/example_sensor_decorator.py
[2023-03-27T13:35:49.411+0000] {logging_mixin.py:137} INFO - [2023-03-27T13:35:49.411+0000] {dag.py:2693} INFO - Sync 1 DAGs
[2023-03-27T13:36:08.271+0000] {logging_mixin.py:137} INFO - [2023-03-27T13:36:08.094+0000] {dag.py:3444} INFO - Setting next_dagrun for example_sensor_decorator to None, run_after=None
[2023-03-27T13:36:14.284+0000] {processor.py:175} INFO - Processing /home/airflow/.local/lib/python3.7/site-packages/airflow/example_dags/example_sensor_decorator.py took 30.307 seconds
[2023-03-27T13:38:51.374+0000] {processor.py:153} INFO - Started process (PID=605) to work on /home/airflow/.local/lib/python3.7/site-packages/airflow/example_dags/example_sensor_decorator.py
[2023-03-27T13:38:51.434+0000] {processor.py:743} INFO - Processing file /home/airflow/.local/lib/python3.7/site-packages/airflow/example_dags/example_sensor_decorator.py for tasks to queue
[2023-03-27T13:38:51.437+0000] {logging_mixin.py:137} INFO - [2023-03-27T13:38:51.436+0000] {dagbag.py:532} INFO - Filling up the DagBag from /home/airflow/.local/lib/python3.7/site-packages/airflow/example_dags/example_sensor_decorator.py
[2023-03-27T13:38:51.978+0000] {processor.py:753} INFO - DAG(s) dict_keys(['example_sensor_decorator']) retrieved from /home/airflow/.local/lib/python3.7/site-packages/airflow/example_dags/example_sensor_decorator.py
[2023-03-27T13:38:52.363+0000] {logging_mixin.py:137} INFO - [2023-03-27T13:38:52.363+0000] {dag.py:2693} INFO - Sync 1 DAGs
[2023-03-27T13:38:53.253+0000] {logging_mixin.py:137} INFO - [2023-03-27T13:38:53.253+0000] {dag.py:3444} INFO - Setting next_dagrun for example_sensor_decorator to None, run_after=None
[2023-03-27T13:38:53.750+0000] {processor.py:175} INFO - Processing /home/airflow/.local/lib/python3.7/site-packages/airflow/example_dags/example_sensor_decorator.py took 2.383 seconds
[2023-03-27T13:41:30.994+0000] {processor.py:153} INFO - Started process (PID=691) to work on /home/airflow/.local/lib/python3.7/site-packages/airflow/example_dags/example_sensor_decorator.py
[2023-03-27T13:41:31.017+0000] {processor.py:743} INFO - Processing file /home/airflow/.local/lib/python3.7/site-packages/airflow/example_dags/example_sensor_decorator.py for tasks to queue
[2023-03-27T13:41:31.027+0000] {logging_mixin.py:137} INFO - [2023-03-27T13:41:31.027+0000] {dagbag.py:532} INFO - Filling up the DagBag from /home/airflow/.local/lib/python3.7/site-packages/airflow/example_dags/example_sensor_decorator.py
[2023-03-27T13:41:31.589+0000] {processor.py:753} INFO - DAG(s) dict_keys(['example_sensor_decorator']) retrieved from /home/airflow/.local/lib/python3.7/site-packages/airflow/example_dags/example_sensor_decorator.py
[2023-03-27T13:41:32.050+0000] {logging_mixin.py:137} INFO - [2023-03-27T13:41:32.046+0000] {dag.py:2693} INFO - Sync 1 DAGs
[2023-03-27T13:41:32.618+0000] {logging_mixin.py:137} INFO - [2023-03-27T13:41:32.610+0000] {dag.py:3444} INFO - Setting next_dagrun for example_sensor_decorator to None, run_after=None
[2023-03-27T13:41:32.924+0000] {processor.py:175} INFO - Processing /home/airflow/.local/lib/python3.7/site-packages/airflow/example_dags/example_sensor_decorator.py took 2.000 seconds
[2023-03-27T18:08:37.710+0000] {processor.py:153} INFO - Started process (PID=209) to work on /home/airflow/.local/lib/python3.7/site-packages/airflow/example_dags/example_sensor_decorator.py
[2023-03-27T18:08:37.751+0000] {processor.py:743} INFO - Processing file /home/airflow/.local/lib/python3.7/site-packages/airflow/example_dags/example_sensor_decorator.py for tasks to queue
[2023-03-27T18:08:37.754+0000] {logging_mixin.py:137} INFO - [2023-03-27T18:08:37.753+0000] {dagbag.py:532} INFO - Filling up the DagBag from /home/airflow/.local/lib/python3.7/site-packages/airflow/example_dags/example_sensor_decorator.py
[2023-03-27T18:08:38.866+0000] {processor.py:753} INFO - DAG(s) dict_keys(['example_sensor_decorator']) retrieved from /home/airflow/.local/lib/python3.7/site-packages/airflow/example_dags/example_sensor_decorator.py
[2023-03-27T18:08:43.298+0000] {logging_mixin.py:137} INFO - [2023-03-27T18:08:43.297+0000] {dag.py:2693} INFO - Sync 1 DAGs
[2023-03-27T18:08:44.705+0000] {logging_mixin.py:137} INFO - [2023-03-27T18:08:44.689+0000] {dag.py:3444} INFO - Setting next_dagrun for example_sensor_decorator to None, run_after=None
[2023-03-27T18:08:46.936+0000] {processor.py:175} INFO - Processing /home/airflow/.local/lib/python3.7/site-packages/airflow/example_dags/example_sensor_decorator.py took 9.594 seconds
[2023-03-27T18:14:20.187+0000] {processor.py:153} INFO - Started process (PID=306) to work on /home/airflow/.local/lib/python3.7/site-packages/airflow/example_dags/example_sensor_decorator.py
[2023-03-27T18:14:20.255+0000] {processor.py:743} INFO - Processing file /home/airflow/.local/lib/python3.7/site-packages/airflow/example_dags/example_sensor_decorator.py for tasks to queue
[2023-03-27T18:14:20.261+0000] {logging_mixin.py:137} INFO - [2023-03-27T18:14:20.261+0000] {dagbag.py:532} INFO - Filling up the DagBag from /home/airflow/.local/lib/python3.7/site-packages/airflow/example_dags/example_sensor_decorator.py
[2023-03-27T18:14:21.245+0000] {processor.py:753} INFO - DAG(s) dict_keys(['example_sensor_decorator']) retrieved from /home/airflow/.local/lib/python3.7/site-packages/airflow/example_dags/example_sensor_decorator.py
[2023-03-27T18:14:22.895+0000] {logging_mixin.py:137} INFO - [2023-03-27T18:14:22.895+0000] {dag.py:2693} INFO - Sync 1 DAGs
[2023-03-27T18:14:25.918+0000] {logging_mixin.py:137} INFO - [2023-03-27T18:14:25.917+0000] {dag.py:3444} INFO - Setting next_dagrun for example_sensor_decorator to None, run_after=None
[2023-03-27T18:14:44.725+0000] {processor.py:175} INFO - Processing /home/airflow/.local/lib/python3.7/site-packages/airflow/example_dags/example_sensor_decorator.py took 24.699 seconds
[2023-03-27T18:24:43.302+0000] {processor.py:153} INFO - Started process (PID=484) to work on /home/airflow/.local/lib/python3.7/site-packages/airflow/example_dags/example_sensor_decorator.py
[2023-03-27T18:24:43.329+0000] {processor.py:743} INFO - Processing file /home/airflow/.local/lib/python3.7/site-packages/airflow/example_dags/example_sensor_decorator.py for tasks to queue
[2023-03-27T18:24:43.384+0000] {logging_mixin.py:137} INFO - [2023-03-27T18:24:43.384+0000] {dagbag.py:532} INFO - Filling up the DagBag from /home/airflow/.local/lib/python3.7/site-packages/airflow/example_dags/example_sensor_decorator.py
[2023-03-27T18:24:47.367+0000] {processor.py:753} INFO - DAG(s) dict_keys(['example_sensor_decorator']) retrieved from /home/airflow/.local/lib/python3.7/site-packages/airflow/example_dags/example_sensor_decorator.py
[2023-03-27T18:24:56.345+0000] {logging_mixin.py:137} INFO - [2023-03-27T18:24:56.344+0000] {dag.py:2693} INFO - Sync 1 DAGs
[2023-03-27T18:24:58.149+0000] {logging_mixin.py:137} INFO - [2023-03-27T18:24:58.120+0000] {dag.py:3444} INFO - Setting next_dagrun for example_sensor_decorator to None, run_after=None
[2023-03-27T18:25:00.611+0000] {processor.py:175} INFO - Processing /home/airflow/.local/lib/python3.7/site-packages/airflow/example_dags/example_sensor_decorator.py took 17.847 seconds
[2023-03-27T18:29:37.426+0000] {processor.py:153} INFO - Started process (PID=607) to work on /home/airflow/.local/lib/python3.7/site-packages/airflow/example_dags/example_sensor_decorator.py
[2023-03-27T18:29:37.504+0000] {processor.py:743} INFO - Processing file /home/airflow/.local/lib/python3.7/site-packages/airflow/example_dags/example_sensor_decorator.py for tasks to queue
[2023-03-27T18:29:37.540+0000] {logging_mixin.py:137} INFO - [2023-03-27T18:29:37.540+0000] {dagbag.py:532} INFO - Filling up the DagBag from /home/airflow/.local/lib/python3.7/site-packages/airflow/example_dags/example_sensor_decorator.py
[2023-03-27T18:29:38.198+0000] {processor.py:753} INFO - DAG(s) dict_keys(['example_sensor_decorator']) retrieved from /home/airflow/.local/lib/python3.7/site-packages/airflow/example_dags/example_sensor_decorator.py
[2023-03-27T18:29:38.985+0000] {logging_mixin.py:137} INFO - [2023-03-27T18:29:38.985+0000] {dag.py:2693} INFO - Sync 1 DAGs
[2023-03-27T18:29:39.877+0000] {logging_mixin.py:137} INFO - [2023-03-27T18:29:39.877+0000] {dag.py:3444} INFO - Setting next_dagrun for example_sensor_decorator to None, run_after=None
[2023-03-27T18:29:40.897+0000] {processor.py:175} INFO - Processing /home/airflow/.local/lib/python3.7/site-packages/airflow/example_dags/example_sensor_decorator.py took 3.494 seconds
[2023-03-27T18:31:03.932+0000] {processor.py:153} INFO - Started process (PID=672) to work on /home/airflow/.local/lib/python3.7/site-packages/airflow/example_dags/example_sensor_decorator.py
[2023-03-27T18:31:03.948+0000] {processor.py:743} INFO - Processing file /home/airflow/.local/lib/python3.7/site-packages/airflow/example_dags/example_sensor_decorator.py for tasks to queue
[2023-03-27T18:31:03.954+0000] {logging_mixin.py:137} INFO - [2023-03-27T18:31:03.953+0000] {dagbag.py:532} INFO - Filling up the DagBag from /home/airflow/.local/lib/python3.7/site-packages/airflow/example_dags/example_sensor_decorator.py
[2023-03-27T18:31:04.467+0000] {processor.py:753} INFO - DAG(s) dict_keys(['example_sensor_decorator']) retrieved from /home/airflow/.local/lib/python3.7/site-packages/airflow/example_dags/example_sensor_decorator.py
[2023-03-27T18:31:05.376+0000] {logging_mixin.py:137} INFO - [2023-03-27T18:31:05.375+0000] {dag.py:2693} INFO - Sync 1 DAGs
[2023-03-27T18:31:08.213+0000] {logging_mixin.py:137} INFO - [2023-03-27T18:31:08.211+0000] {dag.py:3444} INFO - Setting next_dagrun for example_sensor_decorator to None, run_after=None
[2023-03-27T18:31:08.744+0000] {processor.py:175} INFO - Processing /home/airflow/.local/lib/python3.7/site-packages/airflow/example_dags/example_sensor_decorator.py took 4.890 seconds
[2023-03-27T21:07:40.068+0000] {processor.py:153} INFO - Started process (PID=753) to work on /home/airflow/.local/lib/python3.7/site-packages/airflow/example_dags/example_sensor_decorator.py
[2023-03-27T21:07:40.101+0000] {processor.py:743} INFO - Processing file /home/airflow/.local/lib/python3.7/site-packages/airflow/example_dags/example_sensor_decorator.py for tasks to queue
[2023-03-27T21:07:40.109+0000] {logging_mixin.py:137} INFO - [2023-03-27T21:07:40.108+0000] {dagbag.py:532} INFO - Filling up the DagBag from /home/airflow/.local/lib/python3.7/site-packages/airflow/example_dags/example_sensor_decorator.py
[2023-03-27T21:07:40.343+0000] {processor.py:753} INFO - DAG(s) dict_keys(['example_sensor_decorator']) retrieved from /home/airflow/.local/lib/python3.7/site-packages/airflow/example_dags/example_sensor_decorator.py
[2023-03-27T21:07:40.548+0000] {logging_mixin.py:137} INFO - [2023-03-27T21:07:40.547+0000] {dag.py:2693} INFO - Sync 1 DAGs
[2023-03-27T21:07:40.723+0000] {logging_mixin.py:137} INFO - [2023-03-27T21:07:40.723+0000] {dag.py:3444} INFO - Setting next_dagrun for example_sensor_decorator to None, run_after=None
[2023-03-27T21:07:40.901+0000] {processor.py:175} INFO - Processing /home/airflow/.local/lib/python3.7/site-packages/airflow/example_dags/example_sensor_decorator.py took 0.856 seconds
[2023-03-27T21:41:59.862+0000] {processor.py:153} INFO - Started process (PID=828) to work on /home/airflow/.local/lib/python3.7/site-packages/airflow/example_dags/example_sensor_decorator.py
[2023-03-27T21:41:59.881+0000] {processor.py:743} INFO - Processing file /home/airflow/.local/lib/python3.7/site-packages/airflow/example_dags/example_sensor_decorator.py for tasks to queue
[2023-03-27T21:41:59.915+0000] {logging_mixin.py:137} INFO - [2023-03-27T21:41:59.914+0000] {dagbag.py:532} INFO - Filling up the DagBag from /home/airflow/.local/lib/python3.7/site-packages/airflow/example_dags/example_sensor_decorator.py
[2023-03-27T21:42:00.619+0000] {processor.py:753} INFO - DAG(s) dict_keys(['example_sensor_decorator']) retrieved from /home/airflow/.local/lib/python3.7/site-packages/airflow/example_dags/example_sensor_decorator.py
[2023-03-27T21:42:01.078+0000] {logging_mixin.py:137} INFO - [2023-03-27T21:42:01.078+0000] {dag.py:2693} INFO - Sync 1 DAGs
[2023-03-27T21:42:02.037+0000] {logging_mixin.py:137} INFO - [2023-03-27T21:42:02.037+0000] {dag.py:3444} INFO - Setting next_dagrun for example_sensor_decorator to None, run_after=None
[2023-03-27T21:42:02.392+0000] {processor.py:175} INFO - Processing /home/airflow/.local/lib/python3.7/site-packages/airflow/example_dags/example_sensor_decorator.py took 2.619 seconds
[2023-03-27T21:46:42.049+0000] {processor.py:153} INFO - Started process (PID=948) to work on /home/airflow/.local/lib/python3.7/site-packages/airflow/example_dags/example_sensor_decorator.py
[2023-03-27T21:46:42.069+0000] {processor.py:743} INFO - Processing file /home/airflow/.local/lib/python3.7/site-packages/airflow/example_dags/example_sensor_decorator.py for tasks to queue
[2023-03-27T21:46:42.097+0000] {logging_mixin.py:137} INFO - [2023-03-27T21:46:42.097+0000] {dagbag.py:532} INFO - Filling up the DagBag from /home/airflow/.local/lib/python3.7/site-packages/airflow/example_dags/example_sensor_decorator.py
[2023-03-27T21:46:43.382+0000] {processor.py:753} INFO - DAG(s) dict_keys(['example_sensor_decorator']) retrieved from /home/airflow/.local/lib/python3.7/site-packages/airflow/example_dags/example_sensor_decorator.py
[2023-03-27T21:46:44.448+0000] {logging_mixin.py:137} INFO - [2023-03-27T21:46:44.388+0000] {dag.py:2693} INFO - Sync 1 DAGs
[2023-03-27T21:46:45.017+0000] {logging_mixin.py:137} INFO - [2023-03-27T21:46:45.017+0000] {dag.py:3444} INFO - Setting next_dagrun for example_sensor_decorator to None, run_after=None
[2023-03-27T21:46:45.565+0000] {processor.py:175} INFO - Processing /home/airflow/.local/lib/python3.7/site-packages/airflow/example_dags/example_sensor_decorator.py took 3.679 seconds
[2023-03-27T21:52:55.140+0000] {processor.py:153} INFO - Started process (PID=1091) to work on /home/airflow/.local/lib/python3.7/site-packages/airflow/example_dags/example_sensor_decorator.py
[2023-03-27T21:52:55.147+0000] {processor.py:743} INFO - Processing file /home/airflow/.local/lib/python3.7/site-packages/airflow/example_dags/example_sensor_decorator.py for tasks to queue
[2023-03-27T21:52:55.157+0000] {logging_mixin.py:137} INFO - [2023-03-27T21:52:55.153+0000] {dagbag.py:532} INFO - Filling up the DagBag from /home/airflow/.local/lib/python3.7/site-packages/airflow/example_dags/example_sensor_decorator.py
[2023-03-27T21:52:55.276+0000] {processor.py:753} INFO - DAG(s) dict_keys(['example_sensor_decorator']) retrieved from /home/airflow/.local/lib/python3.7/site-packages/airflow/example_dags/example_sensor_decorator.py
[2023-03-27T21:52:55.387+0000] {logging_mixin.py:137} INFO - [2023-03-27T21:52:55.387+0000] {dag.py:2693} INFO - Sync 1 DAGs
[2023-03-27T21:52:55.541+0000] {logging_mixin.py:137} INFO - [2023-03-27T21:52:55.540+0000] {dag.py:3444} INFO - Setting next_dagrun for example_sensor_decorator to None, run_after=None
[2023-03-27T21:52:55.633+0000] {processor.py:175} INFO - Processing /home/airflow/.local/lib/python3.7/site-packages/airflow/example_dags/example_sensor_decorator.py took 0.499 seconds
[2023-03-27T21:53:34.553+0000] {processor.py:153} INFO - Started process (PID=1141) to work on /home/airflow/.local/lib/python3.7/site-packages/airflow/example_dags/example_sensor_decorator.py
[2023-03-27T21:53:34.567+0000] {processor.py:743} INFO - Processing file /home/airflow/.local/lib/python3.7/site-packages/airflow/example_dags/example_sensor_decorator.py for tasks to queue
[2023-03-27T21:53:34.609+0000] {logging_mixin.py:137} INFO - [2023-03-27T21:53:34.609+0000] {dagbag.py:532} INFO - Filling up the DagBag from /home/airflow/.local/lib/python3.7/site-packages/airflow/example_dags/example_sensor_decorator.py
[2023-03-27T21:53:35.054+0000] {processor.py:753} INFO - DAG(s) dict_keys(['example_sensor_decorator']) retrieved from /home/airflow/.local/lib/python3.7/site-packages/airflow/example_dags/example_sensor_decorator.py
[2023-03-27T21:53:35.758+0000] {logging_mixin.py:137} INFO - [2023-03-27T21:53:35.758+0000] {dag.py:2693} INFO - Sync 1 DAGs
[2023-03-27T21:53:36.186+0000] {logging_mixin.py:137} INFO - [2023-03-27T21:53:36.185+0000] {dag.py:3444} INFO - Setting next_dagrun for example_sensor_decorator to None, run_after=None
[2023-03-27T21:53:36.467+0000] {processor.py:175} INFO - Processing /home/airflow/.local/lib/python3.7/site-packages/airflow/example_dags/example_sensor_decorator.py took 2.010 seconds
[2023-03-27T22:25:10.897+0000] {processor.py:153} INFO - Started process (PID=1196) to work on /home/airflow/.local/lib/python3.7/site-packages/airflow/example_dags/example_sensor_decorator.py
[2023-03-27T22:25:10.904+0000] {processor.py:743} INFO - Processing file /home/airflow/.local/lib/python3.7/site-packages/airflow/example_dags/example_sensor_decorator.py for tasks to queue
[2023-03-27T22:25:10.918+0000] {logging_mixin.py:137} INFO - [2023-03-27T22:25:10.915+0000] {dagbag.py:532} INFO - Filling up the DagBag from /home/airflow/.local/lib/python3.7/site-packages/airflow/example_dags/example_sensor_decorator.py
[2023-03-27T22:25:11.315+0000] {processor.py:753} INFO - DAG(s) dict_keys(['example_sensor_decorator']) retrieved from /home/airflow/.local/lib/python3.7/site-packages/airflow/example_dags/example_sensor_decorator.py
[2023-03-27T22:25:11.793+0000] {logging_mixin.py:137} INFO - [2023-03-27T22:25:11.793+0000] {dag.py:2693} INFO - Sync 1 DAGs
[2023-03-27T22:25:12.309+0000] {logging_mixin.py:137} INFO - [2023-03-27T22:25:12.301+0000] {dag.py:3444} INFO - Setting next_dagrun for example_sensor_decorator to None, run_after=None
[2023-03-27T22:25:15.087+0000] {processor.py:175} INFO - Processing /home/airflow/.local/lib/python3.7/site-packages/airflow/example_dags/example_sensor_decorator.py took 4.323 seconds
[2023-03-27T22:26:56.324+0000] {processor.py:153} INFO - Started process (PID=1274) to work on /home/airflow/.local/lib/python3.7/site-packages/airflow/example_dags/example_sensor_decorator.py
[2023-03-27T22:26:56.340+0000] {processor.py:743} INFO - Processing file /home/airflow/.local/lib/python3.7/site-packages/airflow/example_dags/example_sensor_decorator.py for tasks to queue
[2023-03-27T22:26:56.356+0000] {logging_mixin.py:137} INFO - [2023-03-27T22:26:56.356+0000] {dagbag.py:532} INFO - Filling up the DagBag from /home/airflow/.local/lib/python3.7/site-packages/airflow/example_dags/example_sensor_decorator.py
[2023-03-27T22:26:56.592+0000] {processor.py:753} INFO - DAG(s) dict_keys(['example_sensor_decorator']) retrieved from /home/airflow/.local/lib/python3.7/site-packages/airflow/example_dags/example_sensor_decorator.py
[2023-03-27T22:26:56.920+0000] {logging_mixin.py:137} INFO - [2023-03-27T22:26:56.915+0000] {dag.py:2693} INFO - Sync 1 DAGs
[2023-03-27T22:26:57.247+0000] {logging_mixin.py:137} INFO - [2023-03-27T22:26:57.246+0000] {dag.py:3444} INFO - Setting next_dagrun for example_sensor_decorator to None, run_after=None
[2023-03-27T22:26:57.742+0000] {processor.py:175} INFO - Processing /home/airflow/.local/lib/python3.7/site-packages/airflow/example_dags/example_sensor_decorator.py took 1.430 seconds
[2023-03-27T22:28:16.420+0000] {processor.py:153} INFO - Started process (PID=1338) to work on /home/airflow/.local/lib/python3.7/site-packages/airflow/example_dags/example_sensor_decorator.py
[2023-03-27T22:28:16.441+0000] {processor.py:743} INFO - Processing file /home/airflow/.local/lib/python3.7/site-packages/airflow/example_dags/example_sensor_decorator.py for tasks to queue
[2023-03-27T22:28:16.496+0000] {logging_mixin.py:137} INFO - [2023-03-27T22:28:16.496+0000] {dagbag.py:532} INFO - Filling up the DagBag from /home/airflow/.local/lib/python3.7/site-packages/airflow/example_dags/example_sensor_decorator.py
[2023-03-27T22:28:17.853+0000] {processor.py:753} INFO - DAG(s) dict_keys(['example_sensor_decorator']) retrieved from /home/airflow/.local/lib/python3.7/site-packages/airflow/example_dags/example_sensor_decorator.py
[2023-03-27T22:28:18.396+0000] {logging_mixin.py:137} INFO - [2023-03-27T22:28:18.389+0000] {dag.py:2693} INFO - Sync 1 DAGs
[2023-03-27T22:28:18.905+0000] {logging_mixin.py:137} INFO - [2023-03-27T22:28:18.905+0000] {dag.py:3444} INFO - Setting next_dagrun for example_sensor_decorator to None, run_after=None
[2023-03-27T22:28:19.095+0000] {processor.py:175} INFO - Processing /home/airflow/.local/lib/python3.7/site-packages/airflow/example_dags/example_sensor_decorator.py took 2.848 seconds
[2023-03-27T22:30:01.697+0000] {processor.py:153} INFO - Started process (PID=1417) to work on /home/airflow/.local/lib/python3.7/site-packages/airflow/example_dags/example_sensor_decorator.py
[2023-03-27T22:30:01.701+0000] {processor.py:743} INFO - Processing file /home/airflow/.local/lib/python3.7/site-packages/airflow/example_dags/example_sensor_decorator.py for tasks to queue
[2023-03-27T22:30:01.704+0000] {logging_mixin.py:137} INFO - [2023-03-27T22:30:01.704+0000] {dagbag.py:532} INFO - Filling up the DagBag from /home/airflow/.local/lib/python3.7/site-packages/airflow/example_dags/example_sensor_decorator.py
[2023-03-27T22:30:01.953+0000] {processor.py:753} INFO - DAG(s) dict_keys(['example_sensor_decorator']) retrieved from /home/airflow/.local/lib/python3.7/site-packages/airflow/example_dags/example_sensor_decorator.py
[2023-03-27T22:30:02.174+0000] {logging_mixin.py:137} INFO - [2023-03-27T22:30:02.174+0000] {dag.py:2693} INFO - Sync 1 DAGs
[2023-03-27T22:30:02.715+0000] {logging_mixin.py:137} INFO - [2023-03-27T22:30:02.714+0000] {dag.py:3444} INFO - Setting next_dagrun for example_sensor_decorator to None, run_after=None
[2023-03-27T22:30:07.131+0000] {processor.py:175} INFO - Processing /home/airflow/.local/lib/python3.7/site-packages/airflow/example_dags/example_sensor_decorator.py took 5.475 seconds
[2023-03-27T22:34:17.952+0000] {processor.py:153} INFO - Started process (PID=1494) to work on /home/airflow/.local/lib/python3.7/site-packages/airflow/example_dags/example_sensor_decorator.py
[2023-03-27T22:34:17.979+0000] {processor.py:743} INFO - Processing file /home/airflow/.local/lib/python3.7/site-packages/airflow/example_dags/example_sensor_decorator.py for tasks to queue
[2023-03-27T22:34:18.018+0000] {logging_mixin.py:137} INFO - [2023-03-27T22:34:18.017+0000] {dagbag.py:532} INFO - Filling up the DagBag from /home/airflow/.local/lib/python3.7/site-packages/airflow/example_dags/example_sensor_decorator.py
[2023-03-27T22:34:19.352+0000] {processor.py:753} INFO - DAG(s) dict_keys(['example_sensor_decorator']) retrieved from /home/airflow/.local/lib/python3.7/site-packages/airflow/example_dags/example_sensor_decorator.py
[2023-03-27T23:09:40.823+0000] {processor.py:153} INFO - Started process (PID=86) to work on /home/airflow/.local/lib/python3.7/site-packages/airflow/example_dags/example_sensor_decorator.py
[2023-03-27T23:09:40.898+0000] {processor.py:743} INFO - Processing file /home/airflow/.local/lib/python3.7/site-packages/airflow/example_dags/example_sensor_decorator.py for tasks to queue
[2023-03-27T23:09:40.971+0000] {logging_mixin.py:137} INFO - [2023-03-27T23:09:40.970+0000] {dagbag.py:532} INFO - Filling up the DagBag from /home/airflow/.local/lib/python3.7/site-packages/airflow/example_dags/example_sensor_decorator.py
[2023-03-27T23:09:45.125+0000] {processor.py:753} INFO - DAG(s) dict_keys(['example_sensor_decorator']) retrieved from /home/airflow/.local/lib/python3.7/site-packages/airflow/example_dags/example_sensor_decorator.py
[2023-03-27T23:09:46.209+0000] {logging_mixin.py:137} INFO - [2023-03-27T23:09:46.209+0000] {dag.py:2693} INFO - Sync 1 DAGs
[2023-03-27T23:09:46.400+0000] {logging_mixin.py:137} INFO - [2023-03-27T23:09:46.400+0000] {dag.py:3444} INFO - Setting next_dagrun for example_sensor_decorator to None, run_after=None
[2023-03-27T23:09:46.518+0000] {processor.py:175} INFO - Processing /home/airflow/.local/lib/python3.7/site-packages/airflow/example_dags/example_sensor_decorator.py took 5.972 seconds
[2023-03-27T23:10:25.607+0000] {processor.py:153} INFO - Started process (PID=135) to work on /home/airflow/.local/lib/python3.7/site-packages/airflow/example_dags/example_sensor_decorator.py
[2023-03-27T23:10:25.614+0000] {processor.py:743} INFO - Processing file /home/airflow/.local/lib/python3.7/site-packages/airflow/example_dags/example_sensor_decorator.py for tasks to queue
[2023-03-27T23:10:25.623+0000] {logging_mixin.py:137} INFO - [2023-03-27T23:10:25.621+0000] {dagbag.py:532} INFO - Filling up the DagBag from /home/airflow/.local/lib/python3.7/site-packages/airflow/example_dags/example_sensor_decorator.py
[2023-03-27T23:10:25.684+0000] {processor.py:753} INFO - DAG(s) dict_keys(['example_sensor_decorator']) retrieved from /home/airflow/.local/lib/python3.7/site-packages/airflow/example_dags/example_sensor_decorator.py
[2023-03-27T23:10:25.766+0000] {logging_mixin.py:137} INFO - [2023-03-27T23:10:25.765+0000] {dag.py:2693} INFO - Sync 1 DAGs
[2023-03-27T23:10:25.831+0000] {logging_mixin.py:137} INFO - [2023-03-27T23:10:25.831+0000] {dag.py:3444} INFO - Setting next_dagrun for example_sensor_decorator to None, run_after=None
[2023-03-27T23:10:25.872+0000] {processor.py:175} INFO - Processing /home/airflow/.local/lib/python3.7/site-packages/airflow/example_dags/example_sensor_decorator.py took 0.278 seconds
[2023-03-27T23:11:00.962+0000] {processor.py:153} INFO - Started process (PID=186) to work on /home/airflow/.local/lib/python3.7/site-packages/airflow/example_dags/example_sensor_decorator.py
[2023-03-27T23:11:00.968+0000] {processor.py:743} INFO - Processing file /home/airflow/.local/lib/python3.7/site-packages/airflow/example_dags/example_sensor_decorator.py for tasks to queue
[2023-03-27T23:11:00.971+0000] {logging_mixin.py:137} INFO - [2023-03-27T23:11:00.971+0000] {dagbag.py:532} INFO - Filling up the DagBag from /home/airflow/.local/lib/python3.7/site-packages/airflow/example_dags/example_sensor_decorator.py
[2023-03-27T23:11:01.027+0000] {processor.py:753} INFO - DAG(s) dict_keys(['example_sensor_decorator']) retrieved from /home/airflow/.local/lib/python3.7/site-packages/airflow/example_dags/example_sensor_decorator.py
[2023-03-27T23:11:01.114+0000] {logging_mixin.py:137} INFO - [2023-03-27T23:11:01.113+0000] {dag.py:2693} INFO - Sync 1 DAGs
[2023-03-27T23:11:01.583+0000] {logging_mixin.py:137} INFO - [2023-03-27T23:11:01.580+0000] {dag.py:3444} INFO - Setting next_dagrun for example_sensor_decorator to None, run_after=None
[2023-03-27T23:11:01.891+0000] {processor.py:175} INFO - Processing /home/airflow/.local/lib/python3.7/site-packages/airflow/example_dags/example_sensor_decorator.py took 0.943 seconds
[2023-03-27T23:11:32.457+0000] {processor.py:153} INFO - Started process (PID=235) to work on /home/airflow/.local/lib/python3.7/site-packages/airflow/example_dags/example_sensor_decorator.py
[2023-03-27T23:11:32.460+0000] {processor.py:743} INFO - Processing file /home/airflow/.local/lib/python3.7/site-packages/airflow/example_dags/example_sensor_decorator.py for tasks to queue
[2023-03-27T23:11:32.463+0000] {logging_mixin.py:137} INFO - [2023-03-27T23:11:32.463+0000] {dagbag.py:532} INFO - Filling up the DagBag from /home/airflow/.local/lib/python3.7/site-packages/airflow/example_dags/example_sensor_decorator.py
[2023-03-27T23:11:32.517+0000] {processor.py:753} INFO - DAG(s) dict_keys(['example_sensor_decorator']) retrieved from /home/airflow/.local/lib/python3.7/site-packages/airflow/example_dags/example_sensor_decorator.py
[2023-03-27T23:11:32.568+0000] {logging_mixin.py:137} INFO - [2023-03-27T23:11:32.568+0000] {dag.py:2693} INFO - Sync 1 DAGs
[2023-03-27T23:11:32.628+0000] {logging_mixin.py:137} INFO - [2023-03-27T23:11:32.627+0000] {dag.py:3444} INFO - Setting next_dagrun for example_sensor_decorator to None, run_after=None
[2023-03-27T23:11:32.678+0000] {processor.py:175} INFO - Processing /home/airflow/.local/lib/python3.7/site-packages/airflow/example_dags/example_sensor_decorator.py took 0.229 seconds
[2023-03-27T23:12:16.687+0000] {processor.py:153} INFO - Started process (PID=294) to work on /home/airflow/.local/lib/python3.7/site-packages/airflow/example_dags/example_sensor_decorator.py
[2023-03-27T23:12:16.690+0000] {processor.py:743} INFO - Processing file /home/airflow/.local/lib/python3.7/site-packages/airflow/example_dags/example_sensor_decorator.py for tasks to queue
[2023-03-27T23:12:16.695+0000] {logging_mixin.py:137} INFO - [2023-03-27T23:12:16.693+0000] {dagbag.py:532} INFO - Filling up the DagBag from /home/airflow/.local/lib/python3.7/site-packages/airflow/example_dags/example_sensor_decorator.py
[2023-03-27T23:12:16.780+0000] {processor.py:753} INFO - DAG(s) dict_keys(['example_sensor_decorator']) retrieved from /home/airflow/.local/lib/python3.7/site-packages/airflow/example_dags/example_sensor_decorator.py
[2023-03-27T23:12:16.907+0000] {logging_mixin.py:137} INFO - [2023-03-27T23:12:16.906+0000] {dag.py:2693} INFO - Sync 1 DAGs
[2023-03-27T23:12:17.090+0000] {logging_mixin.py:137} INFO - [2023-03-27T23:12:17.089+0000] {dag.py:3444} INFO - Setting next_dagrun for example_sensor_decorator to None, run_after=None
[2023-03-27T23:12:17.184+0000] {processor.py:175} INFO - Processing /home/airflow/.local/lib/python3.7/site-packages/airflow/example_dags/example_sensor_decorator.py took 0.508 seconds
[2023-03-27T23:12:47.429+0000] {processor.py:153} INFO - Started process (PID=343) to work on /home/airflow/.local/lib/python3.7/site-packages/airflow/example_dags/example_sensor_decorator.py
[2023-03-27T23:12:47.433+0000] {processor.py:743} INFO - Processing file /home/airflow/.local/lib/python3.7/site-packages/airflow/example_dags/example_sensor_decorator.py for tasks to queue
[2023-03-27T23:12:47.438+0000] {logging_mixin.py:137} INFO - [2023-03-27T23:12:47.438+0000] {dagbag.py:532} INFO - Filling up the DagBag from /home/airflow/.local/lib/python3.7/site-packages/airflow/example_dags/example_sensor_decorator.py
[2023-03-27T23:12:47.530+0000] {processor.py:753} INFO - DAG(s) dict_keys(['example_sensor_decorator']) retrieved from /home/airflow/.local/lib/python3.7/site-packages/airflow/example_dags/example_sensor_decorator.py
[2023-03-27T23:12:47.600+0000] {logging_mixin.py:137} INFO - [2023-03-27T23:12:47.599+0000] {dag.py:2693} INFO - Sync 1 DAGs
[2023-03-27T23:12:47.661+0000] {logging_mixin.py:137} INFO - [2023-03-27T23:12:47.661+0000] {dag.py:3444} INFO - Setting next_dagrun for example_sensor_decorator to None, run_after=None
[2023-03-27T23:12:47.701+0000] {processor.py:175} INFO - Processing /home/airflow/.local/lib/python3.7/site-packages/airflow/example_dags/example_sensor_decorator.py took 0.284 seconds
[2023-03-27T23:13:25.648+0000] {processor.py:153} INFO - Started process (PID=392) to work on /home/airflow/.local/lib/python3.7/site-packages/airflow/example_dags/example_sensor_decorator.py
[2023-03-27T23:13:25.663+0000] {processor.py:743} INFO - Processing file /home/airflow/.local/lib/python3.7/site-packages/airflow/example_dags/example_sensor_decorator.py for tasks to queue
[2023-03-27T23:13:25.672+0000] {logging_mixin.py:137} INFO - [2023-03-27T23:13:25.671+0000] {dagbag.py:532} INFO - Filling up the DagBag from /home/airflow/.local/lib/python3.7/site-packages/airflow/example_dags/example_sensor_decorator.py
[2023-03-27T23:13:25.779+0000] {processor.py:753} INFO - DAG(s) dict_keys(['example_sensor_decorator']) retrieved from /home/airflow/.local/lib/python3.7/site-packages/airflow/example_dags/example_sensor_decorator.py
[2023-03-27T23:13:25.839+0000] {logging_mixin.py:137} INFO - [2023-03-27T23:13:25.838+0000] {dag.py:2693} INFO - Sync 1 DAGs
[2023-03-27T23:13:25.944+0000] {logging_mixin.py:137} INFO - [2023-03-27T23:13:25.944+0000] {dag.py:3444} INFO - Setting next_dagrun for example_sensor_decorator to None, run_after=None
[2023-03-27T23:13:25.988+0000] {processor.py:175} INFO - Processing /home/airflow/.local/lib/python3.7/site-packages/airflow/example_dags/example_sensor_decorator.py took 0.354 seconds
[2023-03-27T23:13:57.477+0000] {processor.py:153} INFO - Started process (PID=441) to work on /home/airflow/.local/lib/python3.7/site-packages/airflow/example_dags/example_sensor_decorator.py
[2023-03-27T23:13:57.481+0000] {processor.py:743} INFO - Processing file /home/airflow/.local/lib/python3.7/site-packages/airflow/example_dags/example_sensor_decorator.py for tasks to queue
[2023-03-27T23:13:57.491+0000] {logging_mixin.py:137} INFO - [2023-03-27T23:13:57.489+0000] {dagbag.py:532} INFO - Filling up the DagBag from /home/airflow/.local/lib/python3.7/site-packages/airflow/example_dags/example_sensor_decorator.py
[2023-03-27T23:13:57.597+0000] {processor.py:753} INFO - DAG(s) dict_keys(['example_sensor_decorator']) retrieved from /home/airflow/.local/lib/python3.7/site-packages/airflow/example_dags/example_sensor_decorator.py
[2023-03-27T23:13:57.755+0000] {logging_mixin.py:137} INFO - [2023-03-27T23:13:57.755+0000] {dag.py:2693} INFO - Sync 1 DAGs
[2023-03-27T23:13:57.890+0000] {logging_mixin.py:137} INFO - [2023-03-27T23:13:57.890+0000] {dag.py:3444} INFO - Setting next_dagrun for example_sensor_decorator to None, run_after=None
[2023-03-27T23:13:57.955+0000] {processor.py:175} INFO - Processing /home/airflow/.local/lib/python3.7/site-packages/airflow/example_dags/example_sensor_decorator.py took 0.492 seconds
[2023-03-27T23:14:29.588+0000] {processor.py:153} INFO - Started process (PID=491) to work on /home/airflow/.local/lib/python3.7/site-packages/airflow/example_dags/example_sensor_decorator.py
[2023-03-27T23:14:29.597+0000] {processor.py:743} INFO - Processing file /home/airflow/.local/lib/python3.7/site-packages/airflow/example_dags/example_sensor_decorator.py for tasks to queue
[2023-03-27T23:14:29.609+0000] {logging_mixin.py:137} INFO - [2023-03-27T23:14:29.609+0000] {dagbag.py:532} INFO - Filling up the DagBag from /home/airflow/.local/lib/python3.7/site-packages/airflow/example_dags/example_sensor_decorator.py
[2023-03-27T23:14:29.824+0000] {processor.py:753} INFO - DAG(s) dict_keys(['example_sensor_decorator']) retrieved from /home/airflow/.local/lib/python3.7/site-packages/airflow/example_dags/example_sensor_decorator.py
[2023-03-27T23:14:30.038+0000] {logging_mixin.py:137} INFO - [2023-03-27T23:14:30.038+0000] {dag.py:2693} INFO - Sync 1 DAGs
[2023-03-27T23:14:30.447+0000] {logging_mixin.py:137} INFO - [2023-03-27T23:14:30.446+0000] {dag.py:3444} INFO - Setting next_dagrun for example_sensor_decorator to None, run_after=None
[2023-03-27T23:14:30.622+0000] {processor.py:175} INFO - Processing /home/airflow/.local/lib/python3.7/site-packages/airflow/example_dags/example_sensor_decorator.py took 1.042 seconds
[2023-03-27T23:15:01.396+0000] {processor.py:153} INFO - Started process (PID=540) to work on /home/airflow/.local/lib/python3.7/site-packages/airflow/example_dags/example_sensor_decorator.py
[2023-03-27T23:15:01.403+0000] {processor.py:743} INFO - Processing file /home/airflow/.local/lib/python3.7/site-packages/airflow/example_dags/example_sensor_decorator.py for tasks to queue
[2023-03-27T23:15:01.410+0000] {logging_mixin.py:137} INFO - [2023-03-27T23:15:01.409+0000] {dagbag.py:532} INFO - Filling up the DagBag from /home/airflow/.local/lib/python3.7/site-packages/airflow/example_dags/example_sensor_decorator.py
[2023-03-27T23:15:01.462+0000] {processor.py:753} INFO - DAG(s) dict_keys(['example_sensor_decorator']) retrieved from /home/airflow/.local/lib/python3.7/site-packages/airflow/example_dags/example_sensor_decorator.py
[2023-03-27T23:15:01.532+0000] {logging_mixin.py:137} INFO - [2023-03-27T23:15:01.532+0000] {dag.py:2693} INFO - Sync 1 DAGs
[2023-03-27T23:15:01.607+0000] {logging_mixin.py:137} INFO - [2023-03-27T23:15:01.606+0000] {dag.py:3444} INFO - Setting next_dagrun for example_sensor_decorator to None, run_after=None
[2023-03-27T23:15:01.653+0000] {processor.py:175} INFO - Processing /home/airflow/.local/lib/python3.7/site-packages/airflow/example_dags/example_sensor_decorator.py took 0.287 seconds
[2023-03-27T23:15:31.782+0000] {processor.py:153} INFO - Started process (PID=589) to work on /home/airflow/.local/lib/python3.7/site-packages/airflow/example_dags/example_sensor_decorator.py
[2023-03-27T23:15:31.787+0000] {processor.py:743} INFO - Processing file /home/airflow/.local/lib/python3.7/site-packages/airflow/example_dags/example_sensor_decorator.py for tasks to queue
[2023-03-27T23:15:31.792+0000] {logging_mixin.py:137} INFO - [2023-03-27T23:15:31.791+0000] {dagbag.py:532} INFO - Filling up the DagBag from /home/airflow/.local/lib/python3.7/site-packages/airflow/example_dags/example_sensor_decorator.py
[2023-03-27T23:15:31.847+0000] {processor.py:753} INFO - DAG(s) dict_keys(['example_sensor_decorator']) retrieved from /home/airflow/.local/lib/python3.7/site-packages/airflow/example_dags/example_sensor_decorator.py
[2023-03-27T23:15:31.928+0000] {logging_mixin.py:137} INFO - [2023-03-27T23:15:31.928+0000] {dag.py:2693} INFO - Sync 1 DAGs
[2023-03-27T23:15:31.983+0000] {logging_mixin.py:137} INFO - [2023-03-27T23:15:31.983+0000] {dag.py:3444} INFO - Setting next_dagrun for example_sensor_decorator to None, run_after=None
[2023-03-27T23:15:32.028+0000] {processor.py:175} INFO - Processing /home/airflow/.local/lib/python3.7/site-packages/airflow/example_dags/example_sensor_decorator.py took 0.262 seconds
[2023-03-27T23:16:02.256+0000] {processor.py:153} INFO - Started process (PID=637) to work on /home/airflow/.local/lib/python3.7/site-packages/airflow/example_dags/example_sensor_decorator.py
[2023-03-27T23:16:02.263+0000] {processor.py:743} INFO - Processing file /home/airflow/.local/lib/python3.7/site-packages/airflow/example_dags/example_sensor_decorator.py for tasks to queue
[2023-03-27T23:16:02.273+0000] {logging_mixin.py:137} INFO - [2023-03-27T23:16:02.272+0000] {dagbag.py:532} INFO - Filling up the DagBag from /home/airflow/.local/lib/python3.7/site-packages/airflow/example_dags/example_sensor_decorator.py
[2023-03-27T23:16:02.318+0000] {processor.py:753} INFO - DAG(s) dict_keys(['example_sensor_decorator']) retrieved from /home/airflow/.local/lib/python3.7/site-packages/airflow/example_dags/example_sensor_decorator.py
[2023-03-27T23:16:02.389+0000] {logging_mixin.py:137} INFO - [2023-03-27T23:16:02.389+0000] {dag.py:2693} INFO - Sync 1 DAGs
[2023-03-27T23:16:02.459+0000] {logging_mixin.py:137} INFO - [2023-03-27T23:16:02.458+0000] {dag.py:3444} INFO - Setting next_dagrun for example_sensor_decorator to None, run_after=None
[2023-03-27T23:16:02.562+0000] {processor.py:175} INFO - Processing /home/airflow/.local/lib/python3.7/site-packages/airflow/example_dags/example_sensor_decorator.py took 0.312 seconds
[2023-03-27T23:16:33.163+0000] {processor.py:153} INFO - Started process (PID=686) to work on /home/airflow/.local/lib/python3.7/site-packages/airflow/example_dags/example_sensor_decorator.py
[2023-03-27T23:16:33.169+0000] {processor.py:743} INFO - Processing file /home/airflow/.local/lib/python3.7/site-packages/airflow/example_dags/example_sensor_decorator.py for tasks to queue
[2023-03-27T23:16:33.172+0000] {logging_mixin.py:137} INFO - [2023-03-27T23:16:33.172+0000] {dagbag.py:532} INFO - Filling up the DagBag from /home/airflow/.local/lib/python3.7/site-packages/airflow/example_dags/example_sensor_decorator.py
[2023-03-27T23:16:33.222+0000] {processor.py:753} INFO - DAG(s) dict_keys(['example_sensor_decorator']) retrieved from /home/airflow/.local/lib/python3.7/site-packages/airflow/example_dags/example_sensor_decorator.py
[2023-03-27T23:16:33.287+0000] {logging_mixin.py:137} INFO - [2023-03-27T23:16:33.287+0000] {dag.py:2693} INFO - Sync 1 DAGs
[2023-03-27T23:16:33.348+0000] {logging_mixin.py:137} INFO - [2023-03-27T23:16:33.348+0000] {dag.py:3444} INFO - Setting next_dagrun for example_sensor_decorator to None, run_after=None
[2023-03-27T23:16:33.388+0000] {processor.py:175} INFO - Processing /home/airflow/.local/lib/python3.7/site-packages/airflow/example_dags/example_sensor_decorator.py took 0.233 seconds
[2023-03-27T23:17:04.125+0000] {processor.py:153} INFO - Started process (PID=734) to work on /home/airflow/.local/lib/python3.7/site-packages/airflow/example_dags/example_sensor_decorator.py
[2023-03-27T23:17:04.130+0000] {processor.py:743} INFO - Processing file /home/airflow/.local/lib/python3.7/site-packages/airflow/example_dags/example_sensor_decorator.py for tasks to queue
[2023-03-27T23:17:04.141+0000] {logging_mixin.py:137} INFO - [2023-03-27T23:17:04.138+0000] {dagbag.py:532} INFO - Filling up the DagBag from /home/airflow/.local/lib/python3.7/site-packages/airflow/example_dags/example_sensor_decorator.py
[2023-03-27T23:17:04.378+0000] {processor.py:753} INFO - DAG(s) dict_keys(['example_sensor_decorator']) retrieved from /home/airflow/.local/lib/python3.7/site-packages/airflow/example_dags/example_sensor_decorator.py
[2023-03-27T23:17:04.445+0000] {logging_mixin.py:137} INFO - [2023-03-27T23:17:04.445+0000] {dag.py:2693} INFO - Sync 1 DAGs
[2023-03-27T23:17:04.589+0000] {logging_mixin.py:137} INFO - [2023-03-27T23:17:04.589+0000] {dag.py:3444} INFO - Setting next_dagrun for example_sensor_decorator to None, run_after=None
[2023-03-27T23:17:04.638+0000] {processor.py:175} INFO - Processing /home/airflow/.local/lib/python3.7/site-packages/airflow/example_dags/example_sensor_decorator.py took 0.522 seconds
[2023-03-27T23:17:34.984+0000] {processor.py:153} INFO - Started process (PID=783) to work on /home/airflow/.local/lib/python3.7/site-packages/airflow/example_dags/example_sensor_decorator.py
[2023-03-27T23:17:34.997+0000] {processor.py:743} INFO - Processing file /home/airflow/.local/lib/python3.7/site-packages/airflow/example_dags/example_sensor_decorator.py for tasks to queue
[2023-03-27T23:17:35.003+0000] {logging_mixin.py:137} INFO - [2023-03-27T23:17:35.002+0000] {dagbag.py:532} INFO - Filling up the DagBag from /home/airflow/.local/lib/python3.7/site-packages/airflow/example_dags/example_sensor_decorator.py
[2023-03-27T23:17:35.160+0000] {processor.py:753} INFO - DAG(s) dict_keys(['example_sensor_decorator']) retrieved from /home/airflow/.local/lib/python3.7/site-packages/airflow/example_dags/example_sensor_decorator.py
[2023-03-27T23:17:35.240+0000] {logging_mixin.py:137} INFO - [2023-03-27T23:17:35.240+0000] {dag.py:2693} INFO - Sync 1 DAGs
[2023-03-27T23:17:35.380+0000] {logging_mixin.py:137} INFO - [2023-03-27T23:17:35.378+0000] {dag.py:3444} INFO - Setting next_dagrun for example_sensor_decorator to None, run_after=None
[2023-03-27T23:17:35.428+0000] {processor.py:175} INFO - Processing /home/airflow/.local/lib/python3.7/site-packages/airflow/example_dags/example_sensor_decorator.py took 0.465 seconds
[2023-03-27T23:18:05.505+0000] {processor.py:153} INFO - Started process (PID=832) to work on /home/airflow/.local/lib/python3.7/site-packages/airflow/example_dags/example_sensor_decorator.py
[2023-03-27T23:18:05.509+0000] {processor.py:743} INFO - Processing file /home/airflow/.local/lib/python3.7/site-packages/airflow/example_dags/example_sensor_decorator.py for tasks to queue
[2023-03-27T23:18:05.514+0000] {logging_mixin.py:137} INFO - [2023-03-27T23:18:05.513+0000] {dagbag.py:532} INFO - Filling up the DagBag from /home/airflow/.local/lib/python3.7/site-packages/airflow/example_dags/example_sensor_decorator.py
[2023-03-27T23:18:05.570+0000] {processor.py:753} INFO - DAG(s) dict_keys(['example_sensor_decorator']) retrieved from /home/airflow/.local/lib/python3.7/site-packages/airflow/example_dags/example_sensor_decorator.py
[2023-03-27T23:18:05.658+0000] {logging_mixin.py:137} INFO - [2023-03-27T23:18:05.658+0000] {dag.py:2693} INFO - Sync 1 DAGs
[2023-03-27T23:18:05.748+0000] {logging_mixin.py:137} INFO - [2023-03-27T23:18:05.748+0000] {dag.py:3444} INFO - Setting next_dagrun for example_sensor_decorator to None, run_after=None
[2023-03-27T23:18:05.792+0000] {processor.py:175} INFO - Processing /home/airflow/.local/lib/python3.7/site-packages/airflow/example_dags/example_sensor_decorator.py took 0.294 seconds
[2023-03-27T23:18:35.948+0000] {processor.py:153} INFO - Started process (PID=881) to work on /home/airflow/.local/lib/python3.7/site-packages/airflow/example_dags/example_sensor_decorator.py
[2023-03-27T23:18:35.952+0000] {processor.py:743} INFO - Processing file /home/airflow/.local/lib/python3.7/site-packages/airflow/example_dags/example_sensor_decorator.py for tasks to queue
[2023-03-27T23:18:35.959+0000] {logging_mixin.py:137} INFO - [2023-03-27T23:18:35.958+0000] {dagbag.py:532} INFO - Filling up the DagBag from /home/airflow/.local/lib/python3.7/site-packages/airflow/example_dags/example_sensor_decorator.py
[2023-03-27T23:18:36.013+0000] {processor.py:753} INFO - DAG(s) dict_keys(['example_sensor_decorator']) retrieved from /home/airflow/.local/lib/python3.7/site-packages/airflow/example_dags/example_sensor_decorator.py
[2023-03-27T23:18:36.081+0000] {logging_mixin.py:137} INFO - [2023-03-27T23:18:36.081+0000] {dag.py:2693} INFO - Sync 1 DAGs
[2023-03-27T23:18:36.182+0000] {logging_mixin.py:137} INFO - [2023-03-27T23:18:36.182+0000] {dag.py:3444} INFO - Setting next_dagrun for example_sensor_decorator to None, run_after=None
[2023-03-27T23:18:36.230+0000] {processor.py:175} INFO - Processing /home/airflow/.local/lib/python3.7/site-packages/airflow/example_dags/example_sensor_decorator.py took 0.299 seconds
[2023-03-27T23:19:06.379+0000] {processor.py:153} INFO - Started process (PID=930) to work on /home/airflow/.local/lib/python3.7/site-packages/airflow/example_dags/example_sensor_decorator.py
[2023-03-27T23:19:06.390+0000] {processor.py:743} INFO - Processing file /home/airflow/.local/lib/python3.7/site-packages/airflow/example_dags/example_sensor_decorator.py for tasks to queue
[2023-03-27T23:19:06.399+0000] {logging_mixin.py:137} INFO - [2023-03-27T23:19:06.397+0000] {dagbag.py:532} INFO - Filling up the DagBag from /home/airflow/.local/lib/python3.7/site-packages/airflow/example_dags/example_sensor_decorator.py
[2023-03-27T23:19:06.635+0000] {processor.py:753} INFO - DAG(s) dict_keys(['example_sensor_decorator']) retrieved from /home/airflow/.local/lib/python3.7/site-packages/airflow/example_dags/example_sensor_decorator.py
[2023-03-27T23:19:06.770+0000] {logging_mixin.py:137} INFO - [2023-03-27T23:19:06.770+0000] {dag.py:2693} INFO - Sync 1 DAGs
[2023-03-27T23:19:06.878+0000] {logging_mixin.py:137} INFO - [2023-03-27T23:19:06.878+0000] {dag.py:3444} INFO - Setting next_dagrun for example_sensor_decorator to None, run_after=None
[2023-03-27T23:19:06.987+0000] {processor.py:175} INFO - Processing /home/airflow/.local/lib/python3.7/site-packages/airflow/example_dags/example_sensor_decorator.py took 0.631 seconds
[2023-03-27T23:19:37.107+0000] {processor.py:153} INFO - Started process (PID=979) to work on /home/airflow/.local/lib/python3.7/site-packages/airflow/example_dags/example_sensor_decorator.py
[2023-03-27T23:19:37.110+0000] {processor.py:743} INFO - Processing file /home/airflow/.local/lib/python3.7/site-packages/airflow/example_dags/example_sensor_decorator.py for tasks to queue
[2023-03-27T23:19:37.114+0000] {logging_mixin.py:137} INFO - [2023-03-27T23:19:37.113+0000] {dagbag.py:532} INFO - Filling up the DagBag from /home/airflow/.local/lib/python3.7/site-packages/airflow/example_dags/example_sensor_decorator.py
[2023-03-27T23:19:37.173+0000] {processor.py:753} INFO - DAG(s) dict_keys(['example_sensor_decorator']) retrieved from /home/airflow/.local/lib/python3.7/site-packages/airflow/example_dags/example_sensor_decorator.py
[2023-03-27T23:19:37.226+0000] {logging_mixin.py:137} INFO - [2023-03-27T23:19:37.226+0000] {dag.py:2693} INFO - Sync 1 DAGs
[2023-03-27T23:19:37.283+0000] {logging_mixin.py:137} INFO - [2023-03-27T23:19:37.283+0000] {dag.py:3444} INFO - Setting next_dagrun for example_sensor_decorator to None, run_after=None
[2023-03-27T23:19:37.328+0000] {processor.py:175} INFO - Processing /home/airflow/.local/lib/python3.7/site-packages/airflow/example_dags/example_sensor_decorator.py took 0.231 seconds
[2023-03-27T23:20:07.624+0000] {processor.py:153} INFO - Started process (PID=1028) to work on /home/airflow/.local/lib/python3.7/site-packages/airflow/example_dags/example_sensor_decorator.py
[2023-03-27T23:20:07.630+0000] {processor.py:743} INFO - Processing file /home/airflow/.local/lib/python3.7/site-packages/airflow/example_dags/example_sensor_decorator.py for tasks to queue
[2023-03-27T23:20:07.633+0000] {logging_mixin.py:137} INFO - [2023-03-27T23:20:07.633+0000] {dagbag.py:532} INFO - Filling up the DagBag from /home/airflow/.local/lib/python3.7/site-packages/airflow/example_dags/example_sensor_decorator.py
[2023-03-27T23:20:07.682+0000] {processor.py:753} INFO - DAG(s) dict_keys(['example_sensor_decorator']) retrieved from /home/airflow/.local/lib/python3.7/site-packages/airflow/example_dags/example_sensor_decorator.py
[2023-03-27T23:20:07.737+0000] {logging_mixin.py:137} INFO - [2023-03-27T23:20:07.737+0000] {dag.py:2693} INFO - Sync 1 DAGs
[2023-03-27T23:20:07.816+0000] {logging_mixin.py:137} INFO - [2023-03-27T23:20:07.815+0000] {dag.py:3444} INFO - Setting next_dagrun for example_sensor_decorator to None, run_after=None
[2023-03-27T23:20:07.896+0000] {processor.py:175} INFO - Processing /home/airflow/.local/lib/python3.7/site-packages/airflow/example_dags/example_sensor_decorator.py took 0.282 seconds
[2023-03-27T23:20:38.458+0000] {processor.py:153} INFO - Started process (PID=1077) to work on /home/airflow/.local/lib/python3.7/site-packages/airflow/example_dags/example_sensor_decorator.py
[2023-03-27T23:20:38.466+0000] {processor.py:743} INFO - Processing file /home/airflow/.local/lib/python3.7/site-packages/airflow/example_dags/example_sensor_decorator.py for tasks to queue
[2023-03-27T23:20:38.473+0000] {logging_mixin.py:137} INFO - [2023-03-27T23:20:38.472+0000] {dagbag.py:532} INFO - Filling up the DagBag from /home/airflow/.local/lib/python3.7/site-packages/airflow/example_dags/example_sensor_decorator.py
[2023-03-27T23:20:38.581+0000] {processor.py:753} INFO - DAG(s) dict_keys(['example_sensor_decorator']) retrieved from /home/airflow/.local/lib/python3.7/site-packages/airflow/example_dags/example_sensor_decorator.py
[2023-03-27T23:20:38.637+0000] {logging_mixin.py:137} INFO - [2023-03-27T23:20:38.637+0000] {dag.py:2693} INFO - Sync 1 DAGs
[2023-03-27T23:20:38.730+0000] {logging_mixin.py:137} INFO - [2023-03-27T23:20:38.730+0000] {dag.py:3444} INFO - Setting next_dagrun for example_sensor_decorator to None, run_after=None
[2023-03-27T23:20:38.772+0000] {processor.py:175} INFO - Processing /home/airflow/.local/lib/python3.7/site-packages/airflow/example_dags/example_sensor_decorator.py took 0.339 seconds
[2023-03-27T23:21:09.939+0000] {processor.py:153} INFO - Started process (PID=1126) to work on /home/airflow/.local/lib/python3.7/site-packages/airflow/example_dags/example_sensor_decorator.py
[2023-03-27T23:21:09.942+0000] {processor.py:743} INFO - Processing file /home/airflow/.local/lib/python3.7/site-packages/airflow/example_dags/example_sensor_decorator.py for tasks to queue
[2023-03-27T23:21:09.946+0000] {logging_mixin.py:137} INFO - [2023-03-27T23:21:09.946+0000] {dagbag.py:532} INFO - Filling up the DagBag from /home/airflow/.local/lib/python3.7/site-packages/airflow/example_dags/example_sensor_decorator.py
[2023-03-27T23:21:10.010+0000] {processor.py:753} INFO - DAG(s) dict_keys(['example_sensor_decorator']) retrieved from /home/airflow/.local/lib/python3.7/site-packages/airflow/example_dags/example_sensor_decorator.py
[2023-03-27T23:21:10.080+0000] {logging_mixin.py:137} INFO - [2023-03-27T23:21:10.079+0000] {dag.py:2693} INFO - Sync 1 DAGs
[2023-03-27T23:21:10.146+0000] {logging_mixin.py:137} INFO - [2023-03-27T23:21:10.146+0000] {dag.py:3444} INFO - Setting next_dagrun for example_sensor_decorator to None, run_after=None
[2023-03-27T23:21:10.211+0000] {processor.py:175} INFO - Processing /home/airflow/.local/lib/python3.7/site-packages/airflow/example_dags/example_sensor_decorator.py took 0.283 seconds
[2023-03-27T23:21:41.012+0000] {processor.py:153} INFO - Started process (PID=1175) to work on /home/airflow/.local/lib/python3.7/site-packages/airflow/example_dags/example_sensor_decorator.py
[2023-03-27T23:21:41.017+0000] {processor.py:743} INFO - Processing file /home/airflow/.local/lib/python3.7/site-packages/airflow/example_dags/example_sensor_decorator.py for tasks to queue
[2023-03-27T23:21:41.024+0000] {logging_mixin.py:137} INFO - [2023-03-27T23:21:41.023+0000] {dagbag.py:532} INFO - Filling up the DagBag from /home/airflow/.local/lib/python3.7/site-packages/airflow/example_dags/example_sensor_decorator.py
[2023-03-27T23:21:41.081+0000] {processor.py:753} INFO - DAG(s) dict_keys(['example_sensor_decorator']) retrieved from /home/airflow/.local/lib/python3.7/site-packages/airflow/example_dags/example_sensor_decorator.py
[2023-03-27T23:21:41.190+0000] {logging_mixin.py:137} INFO - [2023-03-27T23:21:41.189+0000] {dag.py:2693} INFO - Sync 1 DAGs
[2023-03-27T23:21:41.319+0000] {logging_mixin.py:137} INFO - [2023-03-27T23:21:41.319+0000] {dag.py:3444} INFO - Setting next_dagrun for example_sensor_decorator to None, run_after=None
[2023-03-27T23:21:41.387+0000] {processor.py:175} INFO - Processing /home/airflow/.local/lib/python3.7/site-packages/airflow/example_dags/example_sensor_decorator.py took 0.381 seconds
[2023-03-27T23:22:12.113+0000] {processor.py:153} INFO - Started process (PID=1225) to work on /home/airflow/.local/lib/python3.7/site-packages/airflow/example_dags/example_sensor_decorator.py
[2023-03-27T23:22:12.118+0000] {processor.py:743} INFO - Processing file /home/airflow/.local/lib/python3.7/site-packages/airflow/example_dags/example_sensor_decorator.py for tasks to queue
[2023-03-27T23:22:12.122+0000] {logging_mixin.py:137} INFO - [2023-03-27T23:22:12.122+0000] {dagbag.py:532} INFO - Filling up the DagBag from /home/airflow/.local/lib/python3.7/site-packages/airflow/example_dags/example_sensor_decorator.py
[2023-03-27T23:22:12.178+0000] {processor.py:753} INFO - DAG(s) dict_keys(['example_sensor_decorator']) retrieved from /home/airflow/.local/lib/python3.7/site-packages/airflow/example_dags/example_sensor_decorator.py
[2023-03-27T23:22:12.239+0000] {logging_mixin.py:137} INFO - [2023-03-27T23:22:12.239+0000] {dag.py:2693} INFO - Sync 1 DAGs
[2023-03-27T23:22:12.321+0000] {logging_mixin.py:137} INFO - [2023-03-27T23:22:12.321+0000] {dag.py:3444} INFO - Setting next_dagrun for example_sensor_decorator to None, run_after=None
[2023-03-27T23:22:12.373+0000] {processor.py:175} INFO - Processing /home/airflow/.local/lib/python3.7/site-packages/airflow/example_dags/example_sensor_decorator.py took 0.271 seconds
[2023-03-27T23:22:42.698+0000] {processor.py:153} INFO - Started process (PID=1273) to work on /home/airflow/.local/lib/python3.7/site-packages/airflow/example_dags/example_sensor_decorator.py
[2023-03-27T23:22:42.702+0000] {processor.py:743} INFO - Processing file /home/airflow/.local/lib/python3.7/site-packages/airflow/example_dags/example_sensor_decorator.py for tasks to queue
[2023-03-27T23:22:42.705+0000] {logging_mixin.py:137} INFO - [2023-03-27T23:22:42.705+0000] {dagbag.py:532} INFO - Filling up the DagBag from /home/airflow/.local/lib/python3.7/site-packages/airflow/example_dags/example_sensor_decorator.py
[2023-03-27T23:22:42.762+0000] {processor.py:753} INFO - DAG(s) dict_keys(['example_sensor_decorator']) retrieved from /home/airflow/.local/lib/python3.7/site-packages/airflow/example_dags/example_sensor_decorator.py
[2023-03-27T23:22:42.828+0000] {logging_mixin.py:137} INFO - [2023-03-27T23:22:42.828+0000] {dag.py:2693} INFO - Sync 1 DAGs
[2023-03-27T23:22:42.898+0000] {logging_mixin.py:137} INFO - [2023-03-27T23:22:42.898+0000] {dag.py:3444} INFO - Setting next_dagrun for example_sensor_decorator to None, run_after=None
[2023-03-27T23:22:42.951+0000] {processor.py:175} INFO - Processing /home/airflow/.local/lib/python3.7/site-packages/airflow/example_dags/example_sensor_decorator.py took 0.266 seconds
[2023-03-27T23:23:13.681+0000] {processor.py:153} INFO - Started process (PID=1322) to work on /home/airflow/.local/lib/python3.7/site-packages/airflow/example_dags/example_sensor_decorator.py
[2023-03-27T23:23:13.685+0000] {processor.py:743} INFO - Processing file /home/airflow/.local/lib/python3.7/site-packages/airflow/example_dags/example_sensor_decorator.py for tasks to queue
[2023-03-27T23:23:13.687+0000] {logging_mixin.py:137} INFO - [2023-03-27T23:23:13.687+0000] {dagbag.py:532} INFO - Filling up the DagBag from /home/airflow/.local/lib/python3.7/site-packages/airflow/example_dags/example_sensor_decorator.py
[2023-03-27T23:23:13.740+0000] {processor.py:753} INFO - DAG(s) dict_keys(['example_sensor_decorator']) retrieved from /home/airflow/.local/lib/python3.7/site-packages/airflow/example_dags/example_sensor_decorator.py
[2023-03-27T23:23:13.812+0000] {logging_mixin.py:137} INFO - [2023-03-27T23:23:13.812+0000] {dag.py:2693} INFO - Sync 1 DAGs
[2023-03-27T23:23:13.878+0000] {logging_mixin.py:137} INFO - [2023-03-27T23:23:13.878+0000] {dag.py:3444} INFO - Setting next_dagrun for example_sensor_decorator to None, run_after=None
[2023-03-27T23:23:13.942+0000] {processor.py:175} INFO - Processing /home/airflow/.local/lib/python3.7/site-packages/airflow/example_dags/example_sensor_decorator.py took 0.272 seconds
[2023-03-27T23:23:44.783+0000] {processor.py:153} INFO - Started process (PID=1371) to work on /home/airflow/.local/lib/python3.7/site-packages/airflow/example_dags/example_sensor_decorator.py
[2023-03-27T23:23:44.793+0000] {processor.py:743} INFO - Processing file /home/airflow/.local/lib/python3.7/site-packages/airflow/example_dags/example_sensor_decorator.py for tasks to queue
[2023-03-27T23:23:44.797+0000] {logging_mixin.py:137} INFO - [2023-03-27T23:23:44.797+0000] {dagbag.py:532} INFO - Filling up the DagBag from /home/airflow/.local/lib/python3.7/site-packages/airflow/example_dags/example_sensor_decorator.py
[2023-03-27T23:23:44.861+0000] {processor.py:753} INFO - DAG(s) dict_keys(['example_sensor_decorator']) retrieved from /home/airflow/.local/lib/python3.7/site-packages/airflow/example_dags/example_sensor_decorator.py
[2023-03-27T23:23:44.913+0000] {logging_mixin.py:137} INFO - [2023-03-27T23:23:44.913+0000] {dag.py:2693} INFO - Sync 1 DAGs
[2023-03-27T23:23:44.972+0000] {logging_mixin.py:137} INFO - [2023-03-27T23:23:44.972+0000] {dag.py:3444} INFO - Setting next_dagrun for example_sensor_decorator to None, run_after=None
[2023-03-27T23:23:45.020+0000] {processor.py:175} INFO - Processing /home/airflow/.local/lib/python3.7/site-packages/airflow/example_dags/example_sensor_decorator.py took 0.255 seconds
[2023-03-27T23:24:15.397+0000] {processor.py:153} INFO - Started process (PID=1420) to work on /home/airflow/.local/lib/python3.7/site-packages/airflow/example_dags/example_sensor_decorator.py
[2023-03-27T23:24:15.401+0000] {processor.py:743} INFO - Processing file /home/airflow/.local/lib/python3.7/site-packages/airflow/example_dags/example_sensor_decorator.py for tasks to queue
[2023-03-27T23:24:15.409+0000] {logging_mixin.py:137} INFO - [2023-03-27T23:24:15.408+0000] {dagbag.py:532} INFO - Filling up the DagBag from /home/airflow/.local/lib/python3.7/site-packages/airflow/example_dags/example_sensor_decorator.py
[2023-03-27T23:24:15.472+0000] {processor.py:753} INFO - DAG(s) dict_keys(['example_sensor_decorator']) retrieved from /home/airflow/.local/lib/python3.7/site-packages/airflow/example_dags/example_sensor_decorator.py
[2023-03-27T23:24:15.561+0000] {logging_mixin.py:137} INFO - [2023-03-27T23:24:15.561+0000] {dag.py:2693} INFO - Sync 1 DAGs
[2023-03-27T23:24:15.672+0000] {logging_mixin.py:137} INFO - [2023-03-27T23:24:15.671+0000] {dag.py:3444} INFO - Setting next_dagrun for example_sensor_decorator to None, run_after=None
[2023-03-27T23:24:15.720+0000] {processor.py:175} INFO - Processing /home/airflow/.local/lib/python3.7/site-packages/airflow/example_dags/example_sensor_decorator.py took 0.334 seconds
[2023-03-27T23:24:46.290+0000] {processor.py:153} INFO - Started process (PID=1470) to work on /home/airflow/.local/lib/python3.7/site-packages/airflow/example_dags/example_sensor_decorator.py
[2023-03-27T23:24:46.295+0000] {processor.py:743} INFO - Processing file /home/airflow/.local/lib/python3.7/site-packages/airflow/example_dags/example_sensor_decorator.py for tasks to queue
[2023-03-27T23:24:46.298+0000] {logging_mixin.py:137} INFO - [2023-03-27T23:24:46.298+0000] {dagbag.py:532} INFO - Filling up the DagBag from /home/airflow/.local/lib/python3.7/site-packages/airflow/example_dags/example_sensor_decorator.py
[2023-03-27T23:24:46.355+0000] {processor.py:753} INFO - DAG(s) dict_keys(['example_sensor_decorator']) retrieved from /home/airflow/.local/lib/python3.7/site-packages/airflow/example_dags/example_sensor_decorator.py
[2023-03-27T23:24:46.413+0000] {logging_mixin.py:137} INFO - [2023-03-27T23:24:46.413+0000] {dag.py:2693} INFO - Sync 1 DAGs
[2023-03-27T23:24:46.526+0000] {logging_mixin.py:137} INFO - [2023-03-27T23:24:46.526+0000] {dag.py:3444} INFO - Setting next_dagrun for example_sensor_decorator to None, run_after=None
[2023-03-27T23:24:46.638+0000] {processor.py:175} INFO - Processing /home/airflow/.local/lib/python3.7/site-packages/airflow/example_dags/example_sensor_decorator.py took 0.356 seconds
[2023-03-27T23:55:01.216+0000] {processor.py:153} INFO - Started process (PID=1514) to work on /home/airflow/.local/lib/python3.7/site-packages/airflow/example_dags/example_sensor_decorator.py
[2023-03-27T23:55:01.221+0000] {processor.py:743} INFO - Processing file /home/airflow/.local/lib/python3.7/site-packages/airflow/example_dags/example_sensor_decorator.py for tasks to queue
[2023-03-27T23:55:01.225+0000] {logging_mixin.py:137} INFO - [2023-03-27T23:55:01.224+0000] {dagbag.py:532} INFO - Filling up the DagBag from /home/airflow/.local/lib/python3.7/site-packages/airflow/example_dags/example_sensor_decorator.py
[2023-03-27T23:55:01.289+0000] {processor.py:753} INFO - DAG(s) dict_keys(['example_sensor_decorator']) retrieved from /home/airflow/.local/lib/python3.7/site-packages/airflow/example_dags/example_sensor_decorator.py
[2023-03-27T23:55:01.334+0000] {logging_mixin.py:137} INFO - [2023-03-27T23:55:01.334+0000] {dag.py:2693} INFO - Sync 1 DAGs
[2023-03-27T23:55:01.392+0000] {logging_mixin.py:137} INFO - [2023-03-27T23:55:01.392+0000] {dag.py:3444} INFO - Setting next_dagrun for example_sensor_decorator to None, run_after=None
[2023-03-27T23:55:01.437+0000] {processor.py:175} INFO - Processing /home/airflow/.local/lib/python3.7/site-packages/airflow/example_dags/example_sensor_decorator.py took 0.231 seconds
[2023-03-27T23:55:32.671+0000] {processor.py:153} INFO - Started process (PID=1562) to work on /home/airflow/.local/lib/python3.7/site-packages/airflow/example_dags/example_sensor_decorator.py
[2023-03-27T23:55:32.676+0000] {processor.py:743} INFO - Processing file /home/airflow/.local/lib/python3.7/site-packages/airflow/example_dags/example_sensor_decorator.py for tasks to queue
[2023-03-27T23:55:32.680+0000] {logging_mixin.py:137} INFO - [2023-03-27T23:55:32.679+0000] {dagbag.py:532} INFO - Filling up the DagBag from /home/airflow/.local/lib/python3.7/site-packages/airflow/example_dags/example_sensor_decorator.py
[2023-03-27T23:55:32.736+0000] {processor.py:753} INFO - DAG(s) dict_keys(['example_sensor_decorator']) retrieved from /home/airflow/.local/lib/python3.7/site-packages/airflow/example_dags/example_sensor_decorator.py
[2023-03-27T23:55:32.795+0000] {logging_mixin.py:137} INFO - [2023-03-27T23:55:32.795+0000] {dag.py:2693} INFO - Sync 1 DAGs
[2023-03-27T23:55:32.896+0000] {logging_mixin.py:137} INFO - [2023-03-27T23:55:32.895+0000] {dag.py:3444} INFO - Setting next_dagrun for example_sensor_decorator to None, run_after=None
[2023-03-27T23:55:32.934+0000] {processor.py:175} INFO - Processing /home/airflow/.local/lib/python3.7/site-packages/airflow/example_dags/example_sensor_decorator.py took 0.272 seconds
[2023-03-27T23:56:10.502+0000] {processor.py:153} INFO - Started process (PID=1611) to work on /home/airflow/.local/lib/python3.7/site-packages/airflow/example_dags/example_sensor_decorator.py
[2023-03-27T23:56:10.508+0000] {processor.py:743} INFO - Processing file /home/airflow/.local/lib/python3.7/site-packages/airflow/example_dags/example_sensor_decorator.py for tasks to queue
[2023-03-27T23:56:10.512+0000] {logging_mixin.py:137} INFO - [2023-03-27T23:56:10.511+0000] {dagbag.py:532} INFO - Filling up the DagBag from /home/airflow/.local/lib/python3.7/site-packages/airflow/example_dags/example_sensor_decorator.py
[2023-03-27T23:56:10.582+0000] {processor.py:753} INFO - DAG(s) dict_keys(['example_sensor_decorator']) retrieved from /home/airflow/.local/lib/python3.7/site-packages/airflow/example_dags/example_sensor_decorator.py
[2023-03-27T23:56:10.632+0000] {logging_mixin.py:137} INFO - [2023-03-27T23:56:10.631+0000] {dag.py:2693} INFO - Sync 1 DAGs
[2023-03-27T23:56:10.676+0000] {logging_mixin.py:137} INFO - [2023-03-27T23:56:10.676+0000] {dag.py:3444} INFO - Setting next_dagrun for example_sensor_decorator to None, run_after=None
[2023-03-27T23:56:10.923+0000] {processor.py:175} INFO - Processing /home/airflow/.local/lib/python3.7/site-packages/airflow/example_dags/example_sensor_decorator.py took 0.432 seconds
[2023-03-27T23:56:43.164+0000] {processor.py:153} INFO - Started process (PID=1660) to work on /home/airflow/.local/lib/python3.7/site-packages/airflow/example_dags/example_sensor_decorator.py
[2023-03-27T23:56:43.175+0000] {processor.py:743} INFO - Processing file /home/airflow/.local/lib/python3.7/site-packages/airflow/example_dags/example_sensor_decorator.py for tasks to queue
[2023-03-27T23:56:43.194+0000] {logging_mixin.py:137} INFO - [2023-03-27T23:56:43.193+0000] {dagbag.py:532} INFO - Filling up the DagBag from /home/airflow/.local/lib/python3.7/site-packages/airflow/example_dags/example_sensor_decorator.py
[2023-03-27T23:56:43.332+0000] {processor.py:753} INFO - DAG(s) dict_keys(['example_sensor_decorator']) retrieved from /home/airflow/.local/lib/python3.7/site-packages/airflow/example_dags/example_sensor_decorator.py
[2023-03-27T23:56:43.462+0000] {logging_mixin.py:137} INFO - [2023-03-27T23:56:43.462+0000] {dag.py:2693} INFO - Sync 1 DAGs
[2023-03-27T23:56:43.589+0000] {logging_mixin.py:137} INFO - [2023-03-27T23:56:43.589+0000] {dag.py:3444} INFO - Setting next_dagrun for example_sensor_decorator to None, run_after=None
[2023-03-27T23:56:43.704+0000] {processor.py:175} INFO - Processing /home/airflow/.local/lib/python3.7/site-packages/airflow/example_dags/example_sensor_decorator.py took 0.559 seconds
[2023-03-27T23:57:13.994+0000] {processor.py:153} INFO - Started process (PID=1709) to work on /home/airflow/.local/lib/python3.7/site-packages/airflow/example_dags/example_sensor_decorator.py
[2023-03-27T23:57:14.002+0000] {processor.py:743} INFO - Processing file /home/airflow/.local/lib/python3.7/site-packages/airflow/example_dags/example_sensor_decorator.py for tasks to queue
[2023-03-27T23:57:14.007+0000] {logging_mixin.py:137} INFO - [2023-03-27T23:57:14.006+0000] {dagbag.py:532} INFO - Filling up the DagBag from /home/airflow/.local/lib/python3.7/site-packages/airflow/example_dags/example_sensor_decorator.py
[2023-03-27T23:57:14.104+0000] {processor.py:753} INFO - DAG(s) dict_keys(['example_sensor_decorator']) retrieved from /home/airflow/.local/lib/python3.7/site-packages/airflow/example_dags/example_sensor_decorator.py
[2023-03-27T23:57:14.194+0000] {logging_mixin.py:137} INFO - [2023-03-27T23:57:14.194+0000] {dag.py:2693} INFO - Sync 1 DAGs
[2023-03-27T23:57:14.323+0000] {logging_mixin.py:137} INFO - [2023-03-27T23:57:14.323+0000] {dag.py:3444} INFO - Setting next_dagrun for example_sensor_decorator to None, run_after=None
[2023-03-27T23:57:14.436+0000] {processor.py:175} INFO - Processing /home/airflow/.local/lib/python3.7/site-packages/airflow/example_dags/example_sensor_decorator.py took 0.464 seconds
[2023-03-27T23:57:44.617+0000] {processor.py:153} INFO - Started process (PID=1758) to work on /home/airflow/.local/lib/python3.7/site-packages/airflow/example_dags/example_sensor_decorator.py
[2023-03-27T23:57:44.620+0000] {processor.py:743} INFO - Processing file /home/airflow/.local/lib/python3.7/site-packages/airflow/example_dags/example_sensor_decorator.py for tasks to queue
[2023-03-27T23:57:44.623+0000] {logging_mixin.py:137} INFO - [2023-03-27T23:57:44.622+0000] {dagbag.py:532} INFO - Filling up the DagBag from /home/airflow/.local/lib/python3.7/site-packages/airflow/example_dags/example_sensor_decorator.py
[2023-03-27T23:57:44.664+0000] {processor.py:753} INFO - DAG(s) dict_keys(['example_sensor_decorator']) retrieved from /home/airflow/.local/lib/python3.7/site-packages/airflow/example_dags/example_sensor_decorator.py
[2023-03-27T23:57:44.710+0000] {logging_mixin.py:137} INFO - [2023-03-27T23:57:44.709+0000] {dag.py:2693} INFO - Sync 1 DAGs
[2023-03-27T23:57:44.754+0000] {logging_mixin.py:137} INFO - [2023-03-27T23:57:44.754+0000] {dag.py:3444} INFO - Setting next_dagrun for example_sensor_decorator to None, run_after=None
[2023-03-27T23:57:44.792+0000] {processor.py:175} INFO - Processing /home/airflow/.local/lib/python3.7/site-packages/airflow/example_dags/example_sensor_decorator.py took 0.181 seconds
[2023-03-27T23:58:14.982+0000] {processor.py:153} INFO - Started process (PID=1807) to work on /home/airflow/.local/lib/python3.7/site-packages/airflow/example_dags/example_sensor_decorator.py
[2023-03-27T23:58:14.986+0000] {processor.py:743} INFO - Processing file /home/airflow/.local/lib/python3.7/site-packages/airflow/example_dags/example_sensor_decorator.py for tasks to queue
[2023-03-27T23:58:14.989+0000] {logging_mixin.py:137} INFO - [2023-03-27T23:58:14.989+0000] {dagbag.py:532} INFO - Filling up the DagBag from /home/airflow/.local/lib/python3.7/site-packages/airflow/example_dags/example_sensor_decorator.py
[2023-03-27T23:58:15.050+0000] {processor.py:753} INFO - DAG(s) dict_keys(['example_sensor_decorator']) retrieved from /home/airflow/.local/lib/python3.7/site-packages/airflow/example_dags/example_sensor_decorator.py
[2023-03-27T23:58:15.104+0000] {logging_mixin.py:137} INFO - [2023-03-27T23:58:15.104+0000] {dag.py:2693} INFO - Sync 1 DAGs
[2023-03-27T23:58:15.157+0000] {logging_mixin.py:137} INFO - [2023-03-27T23:58:15.157+0000] {dag.py:3444} INFO - Setting next_dagrun for example_sensor_decorator to None, run_after=None
[2023-03-27T23:58:15.414+0000] {processor.py:175} INFO - Processing /home/airflow/.local/lib/python3.7/site-packages/airflow/example_dags/example_sensor_decorator.py took 0.445 seconds
[2023-03-27T23:58:48.986+0000] {processor.py:153} INFO - Started process (PID=1864) to work on /home/airflow/.local/lib/python3.7/site-packages/airflow/example_dags/example_sensor_decorator.py
[2023-03-27T23:58:48.992+0000] {processor.py:743} INFO - Processing file /home/airflow/.local/lib/python3.7/site-packages/airflow/example_dags/example_sensor_decorator.py for tasks to queue
[2023-03-27T23:58:48.994+0000] {logging_mixin.py:137} INFO - [2023-03-27T23:58:48.994+0000] {dagbag.py:532} INFO - Filling up the DagBag from /home/airflow/.local/lib/python3.7/site-packages/airflow/example_dags/example_sensor_decorator.py
[2023-03-27T23:58:49.052+0000] {processor.py:753} INFO - DAG(s) dict_keys(['example_sensor_decorator']) retrieved from /home/airflow/.local/lib/python3.7/site-packages/airflow/example_dags/example_sensor_decorator.py
[2023-03-27T23:58:49.115+0000] {logging_mixin.py:137} INFO - [2023-03-27T23:58:49.114+0000] {dag.py:2693} INFO - Sync 1 DAGs
[2023-03-27T23:58:49.168+0000] {logging_mixin.py:137} INFO - [2023-03-27T23:58:49.168+0000] {dag.py:3444} INFO - Setting next_dagrun for example_sensor_decorator to None, run_after=None
[2023-03-27T23:58:49.214+0000] {processor.py:175} INFO - Processing /home/airflow/.local/lib/python3.7/site-packages/airflow/example_dags/example_sensor_decorator.py took 0.235 seconds
[2023-03-27T23:59:19.951+0000] {processor.py:153} INFO - Started process (PID=1913) to work on /home/airflow/.local/lib/python3.7/site-packages/airflow/example_dags/example_sensor_decorator.py
[2023-03-27T23:59:19.955+0000] {processor.py:743} INFO - Processing file /home/airflow/.local/lib/python3.7/site-packages/airflow/example_dags/example_sensor_decorator.py for tasks to queue
[2023-03-27T23:59:19.959+0000] {logging_mixin.py:137} INFO - [2023-03-27T23:59:19.958+0000] {dagbag.py:532} INFO - Filling up the DagBag from /home/airflow/.local/lib/python3.7/site-packages/airflow/example_dags/example_sensor_decorator.py
[2023-03-27T23:59:20.030+0000] {processor.py:753} INFO - DAG(s) dict_keys(['example_sensor_decorator']) retrieved from /home/airflow/.local/lib/python3.7/site-packages/airflow/example_dags/example_sensor_decorator.py
[2023-03-27T23:59:20.098+0000] {logging_mixin.py:137} INFO - [2023-03-27T23:59:20.098+0000] {dag.py:2693} INFO - Sync 1 DAGs
[2023-03-27T23:59:20.156+0000] {logging_mixin.py:137} INFO - [2023-03-27T23:59:20.156+0000] {dag.py:3444} INFO - Setting next_dagrun for example_sensor_decorator to None, run_after=None
[2023-03-27T23:59:20.215+0000] {processor.py:175} INFO - Processing /home/airflow/.local/lib/python3.7/site-packages/airflow/example_dags/example_sensor_decorator.py took 0.274 seconds
[2023-03-27T23:59:51.879+0000] {processor.py:153} INFO - Started process (PID=1962) to work on /home/airflow/.local/lib/python3.7/site-packages/airflow/example_dags/example_sensor_decorator.py
[2023-03-27T23:59:51.885+0000] {processor.py:743} INFO - Processing file /home/airflow/.local/lib/python3.7/site-packages/airflow/example_dags/example_sensor_decorator.py for tasks to queue
[2023-03-27T23:59:51.895+0000] {logging_mixin.py:137} INFO - [2023-03-27T23:59:51.895+0000] {dagbag.py:532} INFO - Filling up the DagBag from /home/airflow/.local/lib/python3.7/site-packages/airflow/example_dags/example_sensor_decorator.py
[2023-03-27T23:59:52.192+0000] {processor.py:753} INFO - DAG(s) dict_keys(['example_sensor_decorator']) retrieved from /home/airflow/.local/lib/python3.7/site-packages/airflow/example_dags/example_sensor_decorator.py
[2023-03-27T23:59:52.322+0000] {logging_mixin.py:137} INFO - [2023-03-27T23:59:52.321+0000] {dag.py:2693} INFO - Sync 1 DAGs
[2023-03-27T23:59:52.421+0000] {logging_mixin.py:137} INFO - [2023-03-27T23:59:52.421+0000] {dag.py:3444} INFO - Setting next_dagrun for example_sensor_decorator to None, run_after=None
[2023-03-27T23:59:52.486+0000] {processor.py:175} INFO - Processing /home/airflow/.local/lib/python3.7/site-packages/airflow/example_dags/example_sensor_decorator.py took 0.665 seconds
