[2023-03-27T11:28:53.272+0000] {processor.py:153} INFO - Started process (PID=98) to work on /home/airflow/.local/lib/python3.7/site-packages/airflow/example_dags/example_params_ui_tutorial.py
[2023-03-27T11:28:53.487+0000] {processor.py:743} INFO - Processing file /home/airflow/.local/lib/python3.7/site-packages/airflow/example_dags/example_params_ui_tutorial.py for tasks to queue
[2023-03-27T11:28:53.543+0000] {logging_mixin.py:137} INFO - [2023-03-27T11:28:53.542+0000] {dagbag.py:532} INFO - Filling up the DagBag from /home/airflow/.local/lib/python3.7/site-packages/airflow/example_dags/example_params_ui_tutorial.py
[2023-03-27T11:29:05.166+0000] {processor.py:753} INFO - DAG(s) dict_keys(['example_params_ui_tutorial']) retrieved from /home/airflow/.local/lib/python3.7/site-packages/airflow/example_dags/example_params_ui_tutorial.py
[2023-03-27T11:29:20.652+0000] {logging_mixin.py:137} INFO - [2023-03-27T11:29:20.651+0000] {dag.py:2693} INFO - Sync 1 DAGs
[2023-03-27T11:29:21.889+0000] {logging_mixin.py:137} INFO - [2023-03-27T11:29:21.837+0000] {dag.py:3444} INFO - Setting next_dagrun for example_params_ui_tutorial to None, run_after=None
[2023-03-27T11:29:22.682+0000] {processor.py:175} INFO - Processing /home/airflow/.local/lib/python3.7/site-packages/airflow/example_dags/example_params_ui_tutorial.py took 29.526 seconds
[2023-03-27T11:47:56.102+0000] {processor.py:153} INFO - Started process (PID=89) to work on /home/airflow/.local/lib/python3.7/site-packages/airflow/example_dags/example_params_ui_tutorial.py
[2023-03-27T11:47:56.135+0000] {processor.py:743} INFO - Processing file /home/airflow/.local/lib/python3.7/site-packages/airflow/example_dags/example_params_ui_tutorial.py for tasks to queue
[2023-03-27T11:47:56.179+0000] {logging_mixin.py:137} INFO - [2023-03-27T11:47:56.179+0000] {dagbag.py:532} INFO - Filling up the DagBag from /home/airflow/.local/lib/python3.7/site-packages/airflow/example_dags/example_params_ui_tutorial.py
[2023-03-27T11:48:01.379+0000] {processor.py:753} INFO - DAG(s) dict_keys(['example_params_ui_tutorial']) retrieved from /home/airflow/.local/lib/python3.7/site-packages/airflow/example_dags/example_params_ui_tutorial.py
[2023-03-27T11:48:05.358+0000] {logging_mixin.py:137} INFO - [2023-03-27T11:48:05.343+0000] {dag.py:2693} INFO - Sync 1 DAGs
[2023-03-27T11:48:07.143+0000] {logging_mixin.py:137} INFO - [2023-03-27T11:48:07.142+0000] {dag.py:3444} INFO - Setting next_dagrun for example_params_ui_tutorial to None, run_after=None
[2023-03-27T11:48:08.295+0000] {processor.py:175} INFO - Processing /home/airflow/.local/lib/python3.7/site-packages/airflow/example_dags/example_params_ui_tutorial.py took 12.770 seconds
[2023-03-27T11:55:44.812+0000] {processor.py:153} INFO - Started process (PID=216) to work on /home/airflow/.local/lib/python3.7/site-packages/airflow/example_dags/example_params_ui_tutorial.py
[2023-03-27T11:55:47.039+0000] {processor.py:743} INFO - Processing file /home/airflow/.local/lib/python3.7/site-packages/airflow/example_dags/example_params_ui_tutorial.py for tasks to queue
[2023-03-27T11:55:47.707+0000] {logging_mixin.py:137} INFO - [2023-03-27T11:55:47.382+0000] {dagbag.py:532} INFO - Filling up the DagBag from /home/airflow/.local/lib/python3.7/site-packages/airflow/example_dags/example_params_ui_tutorial.py
[2023-03-27T11:56:36.009+0000] {processor.py:753} INFO - DAG(s) dict_keys(['example_params_ui_tutorial']) retrieved from /home/airflow/.local/lib/python3.7/site-packages/airflow/example_dags/example_params_ui_tutorial.py
[2023-03-27T13:23:52.119+0000] {processor.py:153} INFO - Started process (PID=173) to work on /home/airflow/.local/lib/python3.7/site-packages/airflow/example_dags/example_params_ui_tutorial.py
[2023-03-27T13:23:52.334+0000] {processor.py:743} INFO - Processing file /home/airflow/.local/lib/python3.7/site-packages/airflow/example_dags/example_params_ui_tutorial.py for tasks to queue
[2023-03-27T13:23:52.389+0000] {logging_mixin.py:137} INFO - [2023-03-27T13:23:52.388+0000] {dagbag.py:532} INFO - Filling up the DagBag from /home/airflow/.local/lib/python3.7/site-packages/airflow/example_dags/example_params_ui_tutorial.py
[2023-03-27T13:23:59.628+0000] {processor.py:753} INFO - DAG(s) dict_keys(['example_params_ui_tutorial']) retrieved from /home/airflow/.local/lib/python3.7/site-packages/airflow/example_dags/example_params_ui_tutorial.py
[2023-03-27T13:24:05.132+0000] {logging_mixin.py:137} INFO - [2023-03-27T13:24:05.132+0000] {dag.py:2693} INFO - Sync 1 DAGs
[2023-03-27T13:24:07.143+0000] {logging_mixin.py:137} INFO - [2023-03-27T13:24:07.122+0000] {dag.py:3444} INFO - Setting next_dagrun for example_params_ui_tutorial to None, run_after=None
[2023-03-27T13:24:09.167+0000] {processor.py:175} INFO - Processing /home/airflow/.local/lib/python3.7/site-packages/airflow/example_dags/example_params_ui_tutorial.py took 17.455 seconds
[2023-03-27T13:26:49.864+0000] {processor.py:153} INFO - Started process (PID=249) to work on /home/airflow/.local/lib/python3.7/site-packages/airflow/example_dags/example_params_ui_tutorial.py
[2023-03-27T13:26:49.929+0000] {processor.py:743} INFO - Processing file /home/airflow/.local/lib/python3.7/site-packages/airflow/example_dags/example_params_ui_tutorial.py for tasks to queue
[2023-03-27T13:26:49.951+0000] {logging_mixin.py:137} INFO - [2023-03-27T13:26:49.950+0000] {dagbag.py:532} INFO - Filling up the DagBag from /home/airflow/.local/lib/python3.7/site-packages/airflow/example_dags/example_params_ui_tutorial.py
[2023-03-27T13:26:52.494+0000] {processor.py:753} INFO - DAG(s) dict_keys(['example_params_ui_tutorial']) retrieved from /home/airflow/.local/lib/python3.7/site-packages/airflow/example_dags/example_params_ui_tutorial.py
[2023-03-27T13:26:55.127+0000] {logging_mixin.py:137} INFO - [2023-03-27T13:26:55.126+0000] {dag.py:2693} INFO - Sync 1 DAGs
[2023-03-27T13:26:57.217+0000] {logging_mixin.py:137} INFO - [2023-03-27T13:26:57.217+0000] {dag.py:3444} INFO - Setting next_dagrun for example_params_ui_tutorial to None, run_after=None
[2023-03-27T13:26:57.484+0000] {processor.py:175} INFO - Processing /home/airflow/.local/lib/python3.7/site-packages/airflow/example_dags/example_params_ui_tutorial.py took 8.010 seconds
[2023-03-27T13:28:59.469+0000] {processor.py:153} INFO - Started process (PID=305) to work on /home/airflow/.local/lib/python3.7/site-packages/airflow/example_dags/example_params_ui_tutorial.py
[2023-03-27T13:28:59.528+0000] {processor.py:743} INFO - Processing file /home/airflow/.local/lib/python3.7/site-packages/airflow/example_dags/example_params_ui_tutorial.py for tasks to queue
[2023-03-27T13:28:59.541+0000] {logging_mixin.py:137} INFO - [2023-03-27T13:28:59.541+0000] {dagbag.py:532} INFO - Filling up the DagBag from /home/airflow/.local/lib/python3.7/site-packages/airflow/example_dags/example_params_ui_tutorial.py
[2023-03-27T13:29:08.328+0000] {processor.py:753} INFO - DAG(s) dict_keys(['example_params_ui_tutorial']) retrieved from /home/airflow/.local/lib/python3.7/site-packages/airflow/example_dags/example_params_ui_tutorial.py
[2023-03-27T13:29:19.861+0000] {logging_mixin.py:137} INFO - [2023-03-27T13:29:19.856+0000] {dag.py:2693} INFO - Sync 1 DAGs
[2023-03-27T13:29:24.230+0000] {logging_mixin.py:137} INFO - [2023-03-27T13:29:24.229+0000] {dag.py:3444} INFO - Setting next_dagrun for example_params_ui_tutorial to None, run_after=None
[2023-03-27T13:29:25.348+0000] {processor.py:175} INFO - Processing /home/airflow/.local/lib/python3.7/site-packages/airflow/example_dags/example_params_ui_tutorial.py took 26.352 seconds
[2023-03-27T13:31:10.908+0000] {processor.py:153} INFO - Started process (PID=364) to work on /home/airflow/.local/lib/python3.7/site-packages/airflow/example_dags/example_params_ui_tutorial.py
[2023-03-27T13:31:10.924+0000] {processor.py:743} INFO - Processing file /home/airflow/.local/lib/python3.7/site-packages/airflow/example_dags/example_params_ui_tutorial.py for tasks to queue
[2023-03-27T13:31:10.943+0000] {logging_mixin.py:137} INFO - [2023-03-27T13:31:10.943+0000] {dagbag.py:532} INFO - Filling up the DagBag from /home/airflow/.local/lib/python3.7/site-packages/airflow/example_dags/example_params_ui_tutorial.py
[2023-03-27T13:31:12.589+0000] {processor.py:753} INFO - DAG(s) dict_keys(['example_params_ui_tutorial']) retrieved from /home/airflow/.local/lib/python3.7/site-packages/airflow/example_dags/example_params_ui_tutorial.py
[2023-03-27T13:31:17.027+0000] {logging_mixin.py:137} INFO - [2023-03-27T13:31:17.027+0000] {dag.py:2693} INFO - Sync 1 DAGs
[2023-03-27T13:31:17.476+0000] {logging_mixin.py:137} INFO - [2023-03-27T13:31:17.475+0000] {dag.py:3444} INFO - Setting next_dagrun for example_params_ui_tutorial to None, run_after=None
[2023-03-27T13:31:17.918+0000] {processor.py:175} INFO - Processing /home/airflow/.local/lib/python3.7/site-packages/airflow/example_dags/example_params_ui_tutorial.py took 7.073 seconds
[2023-03-27T13:33:14.519+0000] {processor.py:153} INFO - Started process (PID=423) to work on /home/airflow/.local/lib/python3.7/site-packages/airflow/example_dags/example_params_ui_tutorial.py
[2023-03-27T13:33:14.558+0000] {processor.py:743} INFO - Processing file /home/airflow/.local/lib/python3.7/site-packages/airflow/example_dags/example_params_ui_tutorial.py for tasks to queue
[2023-03-27T13:33:14.586+0000] {logging_mixin.py:137} INFO - [2023-03-27T13:33:14.575+0000] {dagbag.py:532} INFO - Filling up the DagBag from /home/airflow/.local/lib/python3.7/site-packages/airflow/example_dags/example_params_ui_tutorial.py
[2023-03-27T13:33:16.273+0000] {processor.py:753} INFO - DAG(s) dict_keys(['example_params_ui_tutorial']) retrieved from /home/airflow/.local/lib/python3.7/site-packages/airflow/example_dags/example_params_ui_tutorial.py
[2023-03-27T13:33:18.727+0000] {logging_mixin.py:137} INFO - [2023-03-27T13:33:18.727+0000] {dag.py:2693} INFO - Sync 1 DAGs
[2023-03-27T13:33:19.983+0000] {logging_mixin.py:137} INFO - [2023-03-27T13:33:19.983+0000] {dag.py:3444} INFO - Setting next_dagrun for example_params_ui_tutorial to None, run_after=None
[2023-03-27T13:33:21.419+0000] {processor.py:175} INFO - Processing /home/airflow/.local/lib/python3.7/site-packages/airflow/example_dags/example_params_ui_tutorial.py took 7.051 seconds
[2023-03-27T13:35:00.843+0000] {processor.py:153} INFO - Started process (PID=480) to work on /home/airflow/.local/lib/python3.7/site-packages/airflow/example_dags/example_params_ui_tutorial.py
[2023-03-27T13:35:00.863+0000] {processor.py:743} INFO - Processing file /home/airflow/.local/lib/python3.7/site-packages/airflow/example_dags/example_params_ui_tutorial.py for tasks to queue
[2023-03-27T13:35:00.885+0000] {logging_mixin.py:137} INFO - [2023-03-27T13:35:00.880+0000] {dagbag.py:532} INFO - Filling up the DagBag from /home/airflow/.local/lib/python3.7/site-packages/airflow/example_dags/example_params_ui_tutorial.py
[2023-03-27T13:35:03.871+0000] {processor.py:753} INFO - DAG(s) dict_keys(['example_params_ui_tutorial']) retrieved from /home/airflow/.local/lib/python3.7/site-packages/airflow/example_dags/example_params_ui_tutorial.py
[2023-03-27T13:35:05.543+0000] {logging_mixin.py:137} INFO - [2023-03-27T13:35:05.541+0000] {dag.py:2693} INFO - Sync 1 DAGs
[2023-03-27T13:35:06.195+0000] {logging_mixin.py:137} INFO - [2023-03-27T13:35:06.191+0000] {dag.py:3444} INFO - Setting next_dagrun for example_params_ui_tutorial to None, run_after=None
[2023-03-27T13:35:06.801+0000] {processor.py:175} INFO - Processing /home/airflow/.local/lib/python3.7/site-packages/airflow/example_dags/example_params_ui_tutorial.py took 6.038 seconds
[2023-03-27T13:37:04.664+0000] {processor.py:153} INFO - Started process (PID=540) to work on /home/airflow/.local/lib/python3.7/site-packages/airflow/example_dags/example_params_ui_tutorial.py
[2023-03-27T13:37:04.679+0000] {processor.py:743} INFO - Processing file /home/airflow/.local/lib/python3.7/site-packages/airflow/example_dags/example_params_ui_tutorial.py for tasks to queue
[2023-03-27T13:37:04.710+0000] {logging_mixin.py:137} INFO - [2023-03-27T13:37:04.702+0000] {dagbag.py:532} INFO - Filling up the DagBag from /home/airflow/.local/lib/python3.7/site-packages/airflow/example_dags/example_params_ui_tutorial.py
[2023-03-27T13:37:15.244+0000] {processor.py:753} INFO - DAG(s) dict_keys(['example_params_ui_tutorial']) retrieved from /home/airflow/.local/lib/python3.7/site-packages/airflow/example_dags/example_params_ui_tutorial.py
[2023-03-27T13:37:17.659+0000] {logging_mixin.py:137} INFO - [2023-03-27T13:37:17.658+0000] {dag.py:2693} INFO - Sync 1 DAGs
[2023-03-27T13:37:18.437+0000] {logging_mixin.py:137} INFO - [2023-03-27T13:37:18.430+0000] {dag.py:3444} INFO - Setting next_dagrun for example_params_ui_tutorial to None, run_after=None
[2023-03-27T13:37:18.943+0000] {processor.py:175} INFO - Processing /home/airflow/.local/lib/python3.7/site-packages/airflow/example_dags/example_params_ui_tutorial.py took 14.409 seconds
[2023-03-27T13:38:22.371+0000] {processor.py:153} INFO - Started process (PID=583) to work on /home/airflow/.local/lib/python3.7/site-packages/airflow/example_dags/example_params_ui_tutorial.py
[2023-03-27T13:38:22.375+0000] {processor.py:743} INFO - Processing file /home/airflow/.local/lib/python3.7/site-packages/airflow/example_dags/example_params_ui_tutorial.py for tasks to queue
[2023-03-27T13:38:22.394+0000] {logging_mixin.py:137} INFO - [2023-03-27T13:38:22.393+0000] {dagbag.py:532} INFO - Filling up the DagBag from /home/airflow/.local/lib/python3.7/site-packages/airflow/example_dags/example_params_ui_tutorial.py
[2023-03-27T13:38:24.383+0000] {processor.py:753} INFO - DAG(s) dict_keys(['example_params_ui_tutorial']) retrieved from /home/airflow/.local/lib/python3.7/site-packages/airflow/example_dags/example_params_ui_tutorial.py
[2023-03-27T13:38:27.817+0000] {logging_mixin.py:137} INFO - [2023-03-27T13:38:27.817+0000] {dag.py:2693} INFO - Sync 1 DAGs
[2023-03-27T13:38:28.955+0000] {logging_mixin.py:137} INFO - [2023-03-27T13:38:28.953+0000] {dag.py:3444} INFO - Setting next_dagrun for example_params_ui_tutorial to None, run_after=None
[2023-03-27T13:38:29.277+0000] {processor.py:175} INFO - Processing /home/airflow/.local/lib/python3.7/site-packages/airflow/example_dags/example_params_ui_tutorial.py took 7.033 seconds
[2023-03-27T13:40:51.976+0000] {processor.py:153} INFO - Started process (PID=669) to work on /home/airflow/.local/lib/python3.7/site-packages/airflow/example_dags/example_params_ui_tutorial.py
[2023-03-27T13:40:51.997+0000] {processor.py:743} INFO - Processing file /home/airflow/.local/lib/python3.7/site-packages/airflow/example_dags/example_params_ui_tutorial.py for tasks to queue
[2023-03-27T13:40:52.023+0000] {logging_mixin.py:137} INFO - [2023-03-27T13:40:52.023+0000] {dagbag.py:532} INFO - Filling up the DagBag from /home/airflow/.local/lib/python3.7/site-packages/airflow/example_dags/example_params_ui_tutorial.py
[2023-03-27T13:40:56.638+0000] {processor.py:753} INFO - DAG(s) dict_keys(['example_params_ui_tutorial']) retrieved from /home/airflow/.local/lib/python3.7/site-packages/airflow/example_dags/example_params_ui_tutorial.py
[2023-03-27T13:40:58.199+0000] {logging_mixin.py:137} INFO - [2023-03-27T13:40:58.199+0000] {dag.py:2693} INFO - Sync 1 DAGs
[2023-03-27T13:40:58.983+0000] {logging_mixin.py:137} INFO - [2023-03-27T13:40:58.983+0000] {dag.py:3444} INFO - Setting next_dagrun for example_params_ui_tutorial to None, run_after=None
[2023-03-27T13:40:59.752+0000] {processor.py:175} INFO - Processing /home/airflow/.local/lib/python3.7/site-packages/airflow/example_dags/example_params_ui_tutorial.py took 7.896 seconds
[2023-03-27T13:42:19.359+0000] {processor.py:153} INFO - Started process (PID=714) to work on /home/airflow/.local/lib/python3.7/site-packages/airflow/example_dags/example_params_ui_tutorial.py
[2023-03-27T13:42:19.365+0000] {processor.py:743} INFO - Processing file /home/airflow/.local/lib/python3.7/site-packages/airflow/example_dags/example_params_ui_tutorial.py for tasks to queue
[2023-03-27T13:42:19.389+0000] {logging_mixin.py:137} INFO - [2023-03-27T13:42:19.388+0000] {dagbag.py:532} INFO - Filling up the DagBag from /home/airflow/.local/lib/python3.7/site-packages/airflow/example_dags/example_params_ui_tutorial.py
[2023-03-27T13:42:24.375+0000] {processor.py:753} INFO - DAG(s) dict_keys(['example_params_ui_tutorial']) retrieved from /home/airflow/.local/lib/python3.7/site-packages/airflow/example_dags/example_params_ui_tutorial.py
[2023-03-27T13:42:37.615+0000] {logging_mixin.py:137} INFO - [2023-03-27T13:42:37.605+0000] {dag.py:2693} INFO - Sync 1 DAGs
[2023-03-27T13:42:40.047+0000] {logging_mixin.py:137} INFO - [2023-03-27T13:42:40.022+0000] {dag.py:3444} INFO - Setting next_dagrun for example_params_ui_tutorial to None, run_after=None
[2023-03-27T13:42:43.123+0000] {processor.py:175} INFO - Processing /home/airflow/.local/lib/python3.7/site-packages/airflow/example_dags/example_params_ui_tutorial.py took 24.429 seconds
[2023-03-27T13:44:37.803+0000] {processor.py:153} INFO - Started process (PID=770) to work on /home/airflow/.local/lib/python3.7/site-packages/airflow/example_dags/example_params_ui_tutorial.py
[2023-03-27T13:44:37.812+0000] {processor.py:743} INFO - Processing file /home/airflow/.local/lib/python3.7/site-packages/airflow/example_dags/example_params_ui_tutorial.py for tasks to queue
[2023-03-27T13:44:37.827+0000] {logging_mixin.py:137} INFO - [2023-03-27T13:44:37.826+0000] {dagbag.py:532} INFO - Filling up the DagBag from /home/airflow/.local/lib/python3.7/site-packages/airflow/example_dags/example_params_ui_tutorial.py
[2023-03-27T13:44:38.189+0000] {processor.py:753} INFO - DAG(s) dict_keys(['example_params_ui_tutorial']) retrieved from /home/airflow/.local/lib/python3.7/site-packages/airflow/example_dags/example_params_ui_tutorial.py
[2023-03-27T13:44:40.113+0000] {logging_mixin.py:137} INFO - [2023-03-27T13:44:40.113+0000] {dag.py:2693} INFO - Sync 1 DAGs
[2023-03-27T13:44:41.123+0000] {logging_mixin.py:137} INFO - [2023-03-27T13:44:41.123+0000] {dag.py:3444} INFO - Setting next_dagrun for example_params_ui_tutorial to None, run_after=None
[2023-03-27T13:44:41.611+0000] {processor.py:175} INFO - Processing /home/airflow/.local/lib/python3.7/site-packages/airflow/example_dags/example_params_ui_tutorial.py took 3.813 seconds
[2023-03-27T18:06:59.816+0000] {processor.py:153} INFO - Started process (PID=170) to work on /home/airflow/.local/lib/python3.7/site-packages/airflow/example_dags/example_params_ui_tutorial.py
[2023-03-27T18:06:59.857+0000] {processor.py:743} INFO - Processing file /home/airflow/.local/lib/python3.7/site-packages/airflow/example_dags/example_params_ui_tutorial.py for tasks to queue
[2023-03-27T18:06:59.880+0000] {logging_mixin.py:137} INFO - [2023-03-27T18:06:59.875+0000] {dagbag.py:532} INFO - Filling up the DagBag from /home/airflow/.local/lib/python3.7/site-packages/airflow/example_dags/example_params_ui_tutorial.py
[2023-03-27T18:07:03.451+0000] {processor.py:753} INFO - DAG(s) dict_keys(['example_params_ui_tutorial']) retrieved from /home/airflow/.local/lib/python3.7/site-packages/airflow/example_dags/example_params_ui_tutorial.py
[2023-03-27T18:07:16.644+0000] {logging_mixin.py:137} INFO - [2023-03-27T18:07:16.569+0000] {dag.py:2693} INFO - Sync 1 DAGs
[2023-03-27T18:07:18.245+0000] {logging_mixin.py:137} INFO - [2023-03-27T18:07:18.243+0000] {dag.py:3444} INFO - Setting next_dagrun for example_params_ui_tutorial to None, run_after=None
[2023-03-27T18:07:19.522+0000] {processor.py:175} INFO - Processing /home/airflow/.local/lib/python3.7/site-packages/airflow/example_dags/example_params_ui_tutorial.py took 19.811 seconds
[2023-03-27T18:11:42.785+0000] {processor.py:153} INFO - Started process (PID=258) to work on /home/airflow/.local/lib/python3.7/site-packages/airflow/example_dags/example_params_ui_tutorial.py
[2023-03-27T18:11:42.885+0000] {processor.py:743} INFO - Processing file /home/airflow/.local/lib/python3.7/site-packages/airflow/example_dags/example_params_ui_tutorial.py for tasks to queue
[2023-03-27T18:11:42.897+0000] {logging_mixin.py:137} INFO - [2023-03-27T18:11:42.896+0000] {dagbag.py:532} INFO - Filling up the DagBag from /home/airflow/.local/lib/python3.7/site-packages/airflow/example_dags/example_params_ui_tutorial.py
[2023-03-27T18:11:47.780+0000] {processor.py:753} INFO - DAG(s) dict_keys(['example_params_ui_tutorial']) retrieved from /home/airflow/.local/lib/python3.7/site-packages/airflow/example_dags/example_params_ui_tutorial.py
[2023-03-27T18:11:54.218+0000] {logging_mixin.py:137} INFO - [2023-03-27T18:11:54.195+0000] {dag.py:2693} INFO - Sync 1 DAGs
[2023-03-27T18:12:01.234+0000] {logging_mixin.py:137} INFO - [2023-03-27T18:12:01.233+0000] {dag.py:3444} INFO - Setting next_dagrun for example_params_ui_tutorial to None, run_after=None
[2023-03-27T18:12:02.322+0000] {processor.py:175} INFO - Processing /home/airflow/.local/lib/python3.7/site-packages/airflow/example_dags/example_params_ui_tutorial.py took 19.902 seconds
[2023-03-27T18:16:52.884+0000] {processor.py:153} INFO - Started process (PID=350) to work on /home/airflow/.local/lib/python3.7/site-packages/airflow/example_dags/example_params_ui_tutorial.py
[2023-03-27T18:16:52.935+0000] {processor.py:743} INFO - Processing file /home/airflow/.local/lib/python3.7/site-packages/airflow/example_dags/example_params_ui_tutorial.py for tasks to queue
[2023-03-27T18:16:53.013+0000] {logging_mixin.py:137} INFO - [2023-03-27T18:16:53.013+0000] {dagbag.py:532} INFO - Filling up the DagBag from /home/airflow/.local/lib/python3.7/site-packages/airflow/example_dags/example_params_ui_tutorial.py
[2023-03-27T18:17:00.962+0000] {processor.py:753} INFO - DAG(s) dict_keys(['example_params_ui_tutorial']) retrieved from /home/airflow/.local/lib/python3.7/site-packages/airflow/example_dags/example_params_ui_tutorial.py
[2023-03-27T18:17:07.877+0000] {logging_mixin.py:137} INFO - [2023-03-27T18:17:07.820+0000] {dag.py:2693} INFO - Sync 1 DAGs
[2023-03-27T18:17:11.730+0000] {logging_mixin.py:137} INFO - [2023-03-27T18:17:11.729+0000] {dag.py:3444} INFO - Setting next_dagrun for example_params_ui_tutorial to None, run_after=None
[2023-03-27T18:17:15.785+0000] {processor.py:175} INFO - Processing /home/airflow/.local/lib/python3.7/site-packages/airflow/example_dags/example_params_ui_tutorial.py took 23.057 seconds
[2023-03-27T18:22:17.924+0000] {processor.py:153} INFO - Started process (PID=447) to work on /home/airflow/.local/lib/python3.7/site-packages/airflow/example_dags/example_params_ui_tutorial.py
[2023-03-27T18:22:17.984+0000] {processor.py:743} INFO - Processing file /home/airflow/.local/lib/python3.7/site-packages/airflow/example_dags/example_params_ui_tutorial.py for tasks to queue
[2023-03-27T18:22:18.059+0000] {logging_mixin.py:137} INFO - [2023-03-27T18:22:18.005+0000] {dagbag.py:532} INFO - Filling up the DagBag from /home/airflow/.local/lib/python3.7/site-packages/airflow/example_dags/example_params_ui_tutorial.py
[2023-03-27T18:22:22.655+0000] {processor.py:753} INFO - DAG(s) dict_keys(['example_params_ui_tutorial']) retrieved from /home/airflow/.local/lib/python3.7/site-packages/airflow/example_dags/example_params_ui_tutorial.py
[2023-03-27T18:22:26.454+0000] {logging_mixin.py:137} INFO - [2023-03-27T18:22:26.454+0000] {dag.py:2693} INFO - Sync 1 DAGs
[2023-03-27T18:22:27.377+0000] {logging_mixin.py:137} INFO - [2023-03-27T18:22:27.376+0000] {dag.py:3444} INFO - Setting next_dagrun for example_params_ui_tutorial to None, run_after=None
[2023-03-27T18:22:28.045+0000] {processor.py:175} INFO - Processing /home/airflow/.local/lib/python3.7/site-packages/airflow/example_dags/example_params_ui_tutorial.py took 10.898 seconds
[2023-03-27T18:25:44.615+0000] {processor.py:153} INFO - Started process (PID=514) to work on /home/airflow/.local/lib/python3.7/site-packages/airflow/example_dags/example_params_ui_tutorial.py
[2023-03-27T18:25:44.676+0000] {processor.py:743} INFO - Processing file /home/airflow/.local/lib/python3.7/site-packages/airflow/example_dags/example_params_ui_tutorial.py for tasks to queue
[2023-03-27T18:25:44.687+0000] {logging_mixin.py:137} INFO - [2023-03-27T18:25:44.687+0000] {dagbag.py:532} INFO - Filling up the DagBag from /home/airflow/.local/lib/python3.7/site-packages/airflow/example_dags/example_params_ui_tutorial.py
[2023-03-27T18:25:46.509+0000] {processor.py:753} INFO - DAG(s) dict_keys(['example_params_ui_tutorial']) retrieved from /home/airflow/.local/lib/python3.7/site-packages/airflow/example_dags/example_params_ui_tutorial.py
[2023-03-27T18:25:53.496+0000] {logging_mixin.py:137} INFO - [2023-03-27T18:25:53.449+0000] {dag.py:2693} INFO - Sync 1 DAGs
[2023-03-27T18:25:55.734+0000] {logging_mixin.py:137} INFO - [2023-03-27T18:25:55.733+0000] {dag.py:3444} INFO - Setting next_dagrun for example_params_ui_tutorial to None, run_after=None
[2023-03-27T18:25:56.343+0000] {processor.py:175} INFO - Processing /home/airflow/.local/lib/python3.7/site-packages/airflow/example_dags/example_params_ui_tutorial.py took 12.029 seconds
[2023-03-27T18:29:03.739+0000] {processor.py:153} INFO - Started process (PID=583) to work on /home/airflow/.local/lib/python3.7/site-packages/airflow/example_dags/example_params_ui_tutorial.py
[2023-03-27T18:29:03.754+0000] {processor.py:743} INFO - Processing file /home/airflow/.local/lib/python3.7/site-packages/airflow/example_dags/example_params_ui_tutorial.py for tasks to queue
[2023-03-27T18:29:03.764+0000] {logging_mixin.py:137} INFO - [2023-03-27T18:29:03.760+0000] {dagbag.py:532} INFO - Filling up the DagBag from /home/airflow/.local/lib/python3.7/site-packages/airflow/example_dags/example_params_ui_tutorial.py
[2023-03-27T18:29:05.828+0000] {processor.py:753} INFO - DAG(s) dict_keys(['example_params_ui_tutorial']) retrieved from /home/airflow/.local/lib/python3.7/site-packages/airflow/example_dags/example_params_ui_tutorial.py
[2023-03-27T18:29:07.823+0000] {logging_mixin.py:137} INFO - [2023-03-27T18:29:07.823+0000] {dag.py:2693} INFO - Sync 1 DAGs
[2023-03-27T18:29:09.129+0000] {logging_mixin.py:137} INFO - [2023-03-27T18:29:09.128+0000] {dag.py:3444} INFO - Setting next_dagrun for example_params_ui_tutorial to None, run_after=None
[2023-03-27T18:29:09.438+0000] {processor.py:175} INFO - Processing /home/airflow/.local/lib/python3.7/site-packages/airflow/example_dags/example_params_ui_tutorial.py took 5.746 seconds
[2023-03-27T18:30:29.828+0000] {processor.py:153} INFO - Started process (PID=648) to work on /home/airflow/.local/lib/python3.7/site-packages/airflow/example_dags/example_params_ui_tutorial.py
[2023-03-27T18:30:29.854+0000] {processor.py:743} INFO - Processing file /home/airflow/.local/lib/python3.7/site-packages/airflow/example_dags/example_params_ui_tutorial.py for tasks to queue
[2023-03-27T18:30:29.878+0000] {logging_mixin.py:137} INFO - [2023-03-27T18:30:29.871+0000] {dagbag.py:532} INFO - Filling up the DagBag from /home/airflow/.local/lib/python3.7/site-packages/airflow/example_dags/example_params_ui_tutorial.py
[2023-03-27T18:30:32.931+0000] {processor.py:753} INFO - DAG(s) dict_keys(['example_params_ui_tutorial']) retrieved from /home/airflow/.local/lib/python3.7/site-packages/airflow/example_dags/example_params_ui_tutorial.py
[2023-03-27T18:30:37.797+0000] {logging_mixin.py:137} INFO - [2023-03-27T18:30:37.797+0000] {dag.py:2693} INFO - Sync 1 DAGs
[2023-03-27T18:30:39.340+0000] {logging_mixin.py:137} INFO - [2023-03-27T18:30:39.325+0000] {dag.py:3444} INFO - Setting next_dagrun for example_params_ui_tutorial to None, run_after=None
[2023-03-27T18:30:39.908+0000] {processor.py:175} INFO - Processing /home/airflow/.local/lib/python3.7/site-packages/airflow/example_dags/example_params_ui_tutorial.py took 10.166 seconds
[2023-03-27T21:07:20.057+0000] {processor.py:153} INFO - Started process (PID=728) to work on /home/airflow/.local/lib/python3.7/site-packages/airflow/example_dags/example_params_ui_tutorial.py
[2023-03-27T21:07:20.144+0000] {processor.py:743} INFO - Processing file /home/airflow/.local/lib/python3.7/site-packages/airflow/example_dags/example_params_ui_tutorial.py for tasks to queue
[2023-03-27T21:07:20.147+0000] {logging_mixin.py:137} INFO - [2023-03-27T21:07:20.146+0000] {dagbag.py:532} INFO - Filling up the DagBag from /home/airflow/.local/lib/python3.7/site-packages/airflow/example_dags/example_params_ui_tutorial.py
[2023-03-27T21:07:21.325+0000] {processor.py:753} INFO - DAG(s) dict_keys(['example_params_ui_tutorial']) retrieved from /home/airflow/.local/lib/python3.7/site-packages/airflow/example_dags/example_params_ui_tutorial.py
[2023-03-27T21:07:23.240+0000] {logging_mixin.py:137} INFO - [2023-03-27T21:07:23.237+0000] {dag.py:2693} INFO - Sync 1 DAGs
[2023-03-27T21:07:25.120+0000] {logging_mixin.py:137} INFO - [2023-03-27T21:07:25.119+0000] {dag.py:3444} INFO - Setting next_dagrun for example_params_ui_tutorial to None, run_after=None
[2023-03-27T21:07:25.542+0000] {processor.py:175} INFO - Processing /home/airflow/.local/lib/python3.7/site-packages/airflow/example_dags/example_params_ui_tutorial.py took 5.529 seconds
[2023-03-27T21:08:43.708+0000] {processor.py:153} INFO - Started process (PID=797) to work on /home/airflow/.local/lib/python3.7/site-packages/airflow/example_dags/example_params_ui_tutorial.py
[2023-03-27T21:08:43.757+0000] {processor.py:743} INFO - Processing file /home/airflow/.local/lib/python3.7/site-packages/airflow/example_dags/example_params_ui_tutorial.py for tasks to queue
[2023-03-27T21:08:43.768+0000] {logging_mixin.py:137} INFO - [2023-03-27T21:08:43.768+0000] {dagbag.py:532} INFO - Filling up the DagBag from /home/airflow/.local/lib/python3.7/site-packages/airflow/example_dags/example_params_ui_tutorial.py
[2023-03-27T21:41:12.694+0000] {processor.py:753} INFO - DAG(s) dict_keys(['example_params_ui_tutorial']) retrieved from /home/airflow/.local/lib/python3.7/site-packages/airflow/example_dags/example_params_ui_tutorial.py
[2023-03-27T21:43:28.722+0000] {processor.py:153} INFO - Started process (PID=867) to work on /home/airflow/.local/lib/python3.7/site-packages/airflow/example_dags/example_params_ui_tutorial.py
[2023-03-27T21:43:29.074+0000] {processor.py:743} INFO - Processing file /home/airflow/.local/lib/python3.7/site-packages/airflow/example_dags/example_params_ui_tutorial.py for tasks to queue
[2023-03-27T21:43:32.336+0000] {logging_mixin.py:137} INFO - [2023-03-27T21:43:32.228+0000] {dagbag.py:532} INFO - Filling up the DagBag from /home/airflow/.local/lib/python3.7/site-packages/airflow/example_dags/example_params_ui_tutorial.py
[2023-03-27T21:43:47.261+0000] {processor.py:753} INFO - DAG(s) dict_keys(['example_params_ui_tutorial']) retrieved from /home/airflow/.local/lib/python3.7/site-packages/airflow/example_dags/example_params_ui_tutorial.py
[2023-03-27T21:43:52.976+0000] {logging_mixin.py:137} INFO - [2023-03-27T21:43:52.962+0000] {dag.py:2693} INFO - Sync 1 DAGs
[2023-03-27T21:43:53.942+0000] {logging_mixin.py:137} INFO - [2023-03-27T21:43:53.941+0000] {dag.py:3444} INFO - Setting next_dagrun for example_params_ui_tutorial to None, run_after=None
[2023-03-27T21:43:54.788+0000] {processor.py:175} INFO - Processing /home/airflow/.local/lib/python3.7/site-packages/airflow/example_dags/example_params_ui_tutorial.py took 27.153 seconds
[2023-03-27T21:45:52.071+0000] {processor.py:153} INFO - Started process (PID=924) to work on /home/airflow/.local/lib/python3.7/site-packages/airflow/example_dags/example_params_ui_tutorial.py
[2023-03-27T21:45:52.094+0000] {processor.py:743} INFO - Processing file /home/airflow/.local/lib/python3.7/site-packages/airflow/example_dags/example_params_ui_tutorial.py for tasks to queue
[2023-03-27T21:45:52.519+0000] {logging_mixin.py:137} INFO - [2023-03-27T21:45:52.518+0000] {dagbag.py:532} INFO - Filling up the DagBag from /home/airflow/.local/lib/python3.7/site-packages/airflow/example_dags/example_params_ui_tutorial.py
[2023-03-27T21:45:55.721+0000] {processor.py:753} INFO - DAG(s) dict_keys(['example_params_ui_tutorial']) retrieved from /home/airflow/.local/lib/python3.7/site-packages/airflow/example_dags/example_params_ui_tutorial.py
[2023-03-27T21:45:58.863+0000] {logging_mixin.py:137} INFO - [2023-03-27T21:45:58.862+0000] {dag.py:2693} INFO - Sync 1 DAGs
[2023-03-27T21:45:59.586+0000] {logging_mixin.py:137} INFO - [2023-03-27T21:45:59.574+0000] {dag.py:3444} INFO - Setting next_dagrun for example_params_ui_tutorial to None, run_after=None
[2023-03-27T21:46:00.016+0000] {processor.py:175} INFO - Processing /home/airflow/.local/lib/python3.7/site-packages/airflow/example_dags/example_params_ui_tutorial.py took 8.047 seconds
[2023-03-27T21:47:58.307+0000] {processor.py:153} INFO - Started process (PID=977) to work on /home/airflow/.local/lib/python3.7/site-packages/airflow/example_dags/example_params_ui_tutorial.py
[2023-03-27T21:47:58.329+0000] {processor.py:743} INFO - Processing file /home/airflow/.local/lib/python3.7/site-packages/airflow/example_dags/example_params_ui_tutorial.py for tasks to queue
[2023-03-27T21:47:58.375+0000] {logging_mixin.py:137} INFO - [2023-03-27T21:47:58.374+0000] {dagbag.py:532} INFO - Filling up the DagBag from /home/airflow/.local/lib/python3.7/site-packages/airflow/example_dags/example_params_ui_tutorial.py
[2023-03-27T21:48:09.807+0000] {processor.py:753} INFO - DAG(s) dict_keys(['example_params_ui_tutorial']) retrieved from /home/airflow/.local/lib/python3.7/site-packages/airflow/example_dags/example_params_ui_tutorial.py
[2023-03-27T21:48:18.423+0000] {logging_mixin.py:137} INFO - [2023-03-27T21:48:18.370+0000] {dag.py:2693} INFO - Sync 1 DAGs
[2023-03-27T21:48:30.627+0000] {logging_mixin.py:137} INFO - [2023-03-27T21:48:30.625+0000] {dag.py:3444} INFO - Setting next_dagrun for example_params_ui_tutorial to None, run_after=None
[2023-03-27T21:48:33.201+0000] {processor.py:175} INFO - Processing /home/airflow/.local/lib/python3.7/site-packages/airflow/example_dags/example_params_ui_tutorial.py took 35.010 seconds
[2023-03-27T21:51:45.559+0000] {processor.py:153} INFO - Started process (PID=1058) to work on /home/airflow/.local/lib/python3.7/site-packages/airflow/example_dags/example_params_ui_tutorial.py
[2023-03-27T21:51:45.579+0000] {processor.py:743} INFO - Processing file /home/airflow/.local/lib/python3.7/site-packages/airflow/example_dags/example_params_ui_tutorial.py for tasks to queue
[2023-03-27T21:51:45.611+0000] {logging_mixin.py:137} INFO - [2023-03-27T21:51:45.611+0000] {dagbag.py:532} INFO - Filling up the DagBag from /home/airflow/.local/lib/python3.7/site-packages/airflow/example_dags/example_params_ui_tutorial.py
[2023-03-27T21:51:47.303+0000] {processor.py:753} INFO - DAG(s) dict_keys(['example_params_ui_tutorial']) retrieved from /home/airflow/.local/lib/python3.7/site-packages/airflow/example_dags/example_params_ui_tutorial.py
[2023-03-27T21:51:52.291+0000] {logging_mixin.py:137} INFO - [2023-03-27T21:51:52.290+0000] {dag.py:2693} INFO - Sync 1 DAGs
[2023-03-27T21:51:56.887+0000] {logging_mixin.py:137} INFO - [2023-03-27T21:51:56.886+0000] {dag.py:3444} INFO - Setting next_dagrun for example_params_ui_tutorial to None, run_after=None
[2023-03-27T21:51:57.505+0000] {processor.py:175} INFO - Processing /home/airflow/.local/lib/python3.7/site-packages/airflow/example_dags/example_params_ui_tutorial.py took 11.993 seconds
[2023-03-27T21:53:11.186+0000] {processor.py:153} INFO - Started process (PID=1110) to work on /home/airflow/.local/lib/python3.7/site-packages/airflow/example_dags/example_params_ui_tutorial.py
[2023-03-27T21:53:11.200+0000] {processor.py:743} INFO - Processing file /home/airflow/.local/lib/python3.7/site-packages/airflow/example_dags/example_params_ui_tutorial.py for tasks to queue
[2023-03-27T21:53:11.215+0000] {logging_mixin.py:137} INFO - [2023-03-27T21:53:11.215+0000] {dagbag.py:532} INFO - Filling up the DagBag from /home/airflow/.local/lib/python3.7/site-packages/airflow/example_dags/example_params_ui_tutorial.py
[2023-03-27T21:53:11.971+0000] {processor.py:753} INFO - DAG(s) dict_keys(['example_params_ui_tutorial']) retrieved from /home/airflow/.local/lib/python3.7/site-packages/airflow/example_dags/example_params_ui_tutorial.py
[2023-03-27T21:53:12.648+0000] {logging_mixin.py:137} INFO - [2023-03-27T21:53:12.648+0000] {dag.py:2693} INFO - Sync 1 DAGs
[2023-03-27T21:53:12.838+0000] {logging_mixin.py:137} INFO - [2023-03-27T21:53:12.837+0000] {dag.py:3444} INFO - Setting next_dagrun for example_params_ui_tutorial to None, run_after=None
[2023-03-27T21:53:13.024+0000] {processor.py:175} INFO - Processing /home/airflow/.local/lib/python3.7/site-packages/airflow/example_dags/example_params_ui_tutorial.py took 1.690 seconds
[2023-03-27T22:24:53.120+0000] {processor.py:153} INFO - Started process (PID=1171) to work on /home/airflow/.local/lib/python3.7/site-packages/airflow/example_dags/example_params_ui_tutorial.py
[2023-03-27T22:24:53.141+0000] {processor.py:743} INFO - Processing file /home/airflow/.local/lib/python3.7/site-packages/airflow/example_dags/example_params_ui_tutorial.py for tasks to queue
[2023-03-27T22:24:53.181+0000] {logging_mixin.py:137} INFO - [2023-03-27T22:24:53.178+0000] {dagbag.py:532} INFO - Filling up the DagBag from /home/airflow/.local/lib/python3.7/site-packages/airflow/example_dags/example_params_ui_tutorial.py
[2023-03-27T22:24:54.197+0000] {processor.py:753} INFO - DAG(s) dict_keys(['example_params_ui_tutorial']) retrieved from /home/airflow/.local/lib/python3.7/site-packages/airflow/example_dags/example_params_ui_tutorial.py
[2023-03-27T22:24:54.944+0000] {logging_mixin.py:137} INFO - [2023-03-27T22:24:54.944+0000] {dag.py:2693} INFO - Sync 1 DAGs
[2023-03-27T22:24:55.466+0000] {logging_mixin.py:137} INFO - [2023-03-27T22:24:55.466+0000] {dag.py:3444} INFO - Setting next_dagrun for example_params_ui_tutorial to None, run_after=None
[2023-03-27T22:24:55.873+0000] {processor.py:175} INFO - Processing /home/airflow/.local/lib/python3.7/site-packages/airflow/example_dags/example_params_ui_tutorial.py took 2.810 seconds
[2023-03-27T22:25:49.810+0000] {processor.py:153} INFO - Started process (PID=1227) to work on /home/airflow/.local/lib/python3.7/site-packages/airflow/example_dags/example_params_ui_tutorial.py
[2023-03-27T22:25:49.845+0000] {processor.py:743} INFO - Processing file /home/airflow/.local/lib/python3.7/site-packages/airflow/example_dags/example_params_ui_tutorial.py for tasks to queue
[2023-03-27T22:25:49.860+0000] {logging_mixin.py:137} INFO - [2023-03-27T22:25:49.860+0000] {dagbag.py:532} INFO - Filling up the DagBag from /home/airflow/.local/lib/python3.7/site-packages/airflow/example_dags/example_params_ui_tutorial.py
[2023-03-27T22:25:52.342+0000] {processor.py:753} INFO - DAG(s) dict_keys(['example_params_ui_tutorial']) retrieved from /home/airflow/.local/lib/python3.7/site-packages/airflow/example_dags/example_params_ui_tutorial.py
[2023-03-27T22:25:53.417+0000] {logging_mixin.py:137} INFO - [2023-03-27T22:25:53.416+0000] {dag.py:2693} INFO - Sync 1 DAGs
[2023-03-27T22:25:54.103+0000] {logging_mixin.py:137} INFO - [2023-03-27T22:25:54.103+0000] {dag.py:3444} INFO - Setting next_dagrun for example_params_ui_tutorial to None, run_after=None
[2023-03-27T22:25:54.511+0000] {processor.py:175} INFO - Processing /home/airflow/.local/lib/python3.7/site-packages/airflow/example_dags/example_params_ui_tutorial.py took 4.901 seconds
[2023-03-27T22:27:13.966+0000] {processor.py:153} INFO - Started process (PID=1295) to work on /home/airflow/.local/lib/python3.7/site-packages/airflow/example_dags/example_params_ui_tutorial.py
[2023-03-27T22:27:13.970+0000] {processor.py:743} INFO - Processing file /home/airflow/.local/lib/python3.7/site-packages/airflow/example_dags/example_params_ui_tutorial.py for tasks to queue
[2023-03-27T22:27:13.974+0000] {logging_mixin.py:137} INFO - [2023-03-27T22:27:13.973+0000] {dagbag.py:532} INFO - Filling up the DagBag from /home/airflow/.local/lib/python3.7/site-packages/airflow/example_dags/example_params_ui_tutorial.py
[2023-03-27T22:27:14.859+0000] {processor.py:753} INFO - DAG(s) dict_keys(['example_params_ui_tutorial']) retrieved from /home/airflow/.local/lib/python3.7/site-packages/airflow/example_dags/example_params_ui_tutorial.py
[2023-03-27T22:27:15.929+0000] {logging_mixin.py:137} INFO - [2023-03-27T22:27:15.927+0000] {dag.py:2693} INFO - Sync 1 DAGs
[2023-03-27T22:27:16.391+0000] {logging_mixin.py:137} INFO - [2023-03-27T22:27:16.390+0000] {dag.py:3444} INFO - Setting next_dagrun for example_params_ui_tutorial to None, run_after=None
[2023-03-27T22:27:16.604+0000] {processor.py:175} INFO - Processing /home/airflow/.local/lib/python3.7/site-packages/airflow/example_dags/example_params_ui_tutorial.py took 2.654 seconds
[2023-03-27T22:28:10.070+0000] {processor.py:153} INFO - Started process (PID=1335) to work on /home/airflow/.local/lib/python3.7/site-packages/airflow/example_dags/example_params_ui_tutorial.py
[2023-03-27T22:28:10.104+0000] {processor.py:743} INFO - Processing file /home/airflow/.local/lib/python3.7/site-packages/airflow/example_dags/example_params_ui_tutorial.py for tasks to queue
[2023-03-27T22:28:10.179+0000] {logging_mixin.py:137} INFO - [2023-03-27T22:28:10.179+0000] {dagbag.py:532} INFO - Filling up the DagBag from /home/airflow/.local/lib/python3.7/site-packages/airflow/example_dags/example_params_ui_tutorial.py
[2023-03-27T22:28:11.745+0000] {processor.py:753} INFO - DAG(s) dict_keys(['example_params_ui_tutorial']) retrieved from /home/airflow/.local/lib/python3.7/site-packages/airflow/example_dags/example_params_ui_tutorial.py
[2023-03-27T22:28:13.444+0000] {logging_mixin.py:137} INFO - [2023-03-27T22:28:13.443+0000] {dag.py:2693} INFO - Sync 1 DAGs
[2023-03-27T22:28:13.854+0000] {logging_mixin.py:137} INFO - [2023-03-27T22:28:13.850+0000] {dag.py:3444} INFO - Setting next_dagrun for example_params_ui_tutorial to None, run_after=None
[2023-03-27T22:28:14.294+0000] {processor.py:175} INFO - Processing /home/airflow/.local/lib/python3.7/site-packages/airflow/example_dags/example_params_ui_tutorial.py took 4.296 seconds
[2023-03-27T22:29:55.584+0000] {processor.py:153} INFO - Started process (PID=1414) to work on /home/airflow/.local/lib/python3.7/site-packages/airflow/example_dags/example_params_ui_tutorial.py
[2023-03-27T22:29:55.597+0000] {processor.py:743} INFO - Processing file /home/airflow/.local/lib/python3.7/site-packages/airflow/example_dags/example_params_ui_tutorial.py for tasks to queue
[2023-03-27T22:29:55.612+0000] {logging_mixin.py:137} INFO - [2023-03-27T22:29:55.610+0000] {dagbag.py:532} INFO - Filling up the DagBag from /home/airflow/.local/lib/python3.7/site-packages/airflow/example_dags/example_params_ui_tutorial.py
[2023-03-27T22:29:56.742+0000] {processor.py:753} INFO - DAG(s) dict_keys(['example_params_ui_tutorial']) retrieved from /home/airflow/.local/lib/python3.7/site-packages/airflow/example_dags/example_params_ui_tutorial.py
[2023-03-27T22:29:59.178+0000] {logging_mixin.py:137} INFO - [2023-03-27T22:29:59.177+0000] {dag.py:2693} INFO - Sync 1 DAGs
[2023-03-27T22:30:00.024+0000] {logging_mixin.py:137} INFO - [2023-03-27T22:30:00.023+0000] {dag.py:3444} INFO - Setting next_dagrun for example_params_ui_tutorial to None, run_after=None
[2023-03-27T22:30:01.147+0000] {processor.py:175} INFO - Processing /home/airflow/.local/lib/python3.7/site-packages/airflow/example_dags/example_params_ui_tutorial.py took 5.688 seconds
[2023-03-27T22:34:02.307+0000] {processor.py:153} INFO - Started process (PID=1491) to work on /home/airflow/.local/lib/python3.7/site-packages/airflow/example_dags/example_params_ui_tutorial.py
[2023-03-27T22:34:02.323+0000] {processor.py:743} INFO - Processing file /home/airflow/.local/lib/python3.7/site-packages/airflow/example_dags/example_params_ui_tutorial.py for tasks to queue
[2023-03-27T22:34:02.366+0000] {logging_mixin.py:137} INFO - [2023-03-27T22:34:02.366+0000] {dagbag.py:532} INFO - Filling up the DagBag from /home/airflow/.local/lib/python3.7/site-packages/airflow/example_dags/example_params_ui_tutorial.py
[2023-03-27T22:34:03.660+0000] {processor.py:753} INFO - DAG(s) dict_keys(['example_params_ui_tutorial']) retrieved from /home/airflow/.local/lib/python3.7/site-packages/airflow/example_dags/example_params_ui_tutorial.py
[2023-03-27T22:34:08.085+0000] {logging_mixin.py:137} INFO - [2023-03-27T22:34:08.083+0000] {dag.py:2693} INFO - Sync 1 DAGs
[2023-03-27T22:34:09.128+0000] {logging_mixin.py:137} INFO - [2023-03-27T22:34:09.128+0000] {dag.py:3444} INFO - Setting next_dagrun for example_params_ui_tutorial to None, run_after=None
[2023-03-27T22:34:11.258+0000] {processor.py:175} INFO - Processing /home/airflow/.local/lib/python3.7/site-packages/airflow/example_dags/example_params_ui_tutorial.py took 8.964 seconds
[2023-03-27T23:09:12.529+0000] {processor.py:153} INFO - Started process (PID=61) to work on /home/airflow/.local/lib/python3.7/site-packages/airflow/example_dags/example_params_ui_tutorial.py
[2023-03-27T23:09:12.542+0000] {processor.py:743} INFO - Processing file /home/airflow/.local/lib/python3.7/site-packages/airflow/example_dags/example_params_ui_tutorial.py for tasks to queue
[2023-03-27T23:09:12.557+0000] {logging_mixin.py:137} INFO - [2023-03-27T23:09:12.556+0000] {dagbag.py:532} INFO - Filling up the DagBag from /home/airflow/.local/lib/python3.7/site-packages/airflow/example_dags/example_params_ui_tutorial.py
[2023-03-27T23:09:13.474+0000] {processor.py:753} INFO - DAG(s) dict_keys(['example_params_ui_tutorial']) retrieved from /home/airflow/.local/lib/python3.7/site-packages/airflow/example_dags/example_params_ui_tutorial.py
[2023-03-27T23:09:14.441+0000] {logging_mixin.py:137} INFO - [2023-03-27T23:09:14.441+0000] {dag.py:2693} INFO - Sync 1 DAGs
[2023-03-27T23:09:14.751+0000] {logging_mixin.py:137} INFO - [2023-03-27T23:09:14.751+0000] {dag.py:3444} INFO - Setting next_dagrun for example_params_ui_tutorial to None, run_after=None
[2023-03-27T23:09:15.245+0000] {processor.py:175} INFO - Processing /home/airflow/.local/lib/python3.7/site-packages/airflow/example_dags/example_params_ui_tutorial.py took 2.737 seconds
[2023-03-27T23:10:16.119+0000] {processor.py:153} INFO - Started process (PID=117) to work on /home/airflow/.local/lib/python3.7/site-packages/airflow/example_dags/example_params_ui_tutorial.py
[2023-03-27T23:10:16.128+0000] {processor.py:743} INFO - Processing file /home/airflow/.local/lib/python3.7/site-packages/airflow/example_dags/example_params_ui_tutorial.py for tasks to queue
[2023-03-27T23:10:16.141+0000] {logging_mixin.py:137} INFO - [2023-03-27T23:10:16.138+0000] {dagbag.py:532} INFO - Filling up the DagBag from /home/airflow/.local/lib/python3.7/site-packages/airflow/example_dags/example_params_ui_tutorial.py
[2023-03-27T23:10:16.822+0000] {processor.py:753} INFO - DAG(s) dict_keys(['example_params_ui_tutorial']) retrieved from /home/airflow/.local/lib/python3.7/site-packages/airflow/example_dags/example_params_ui_tutorial.py
[2023-03-27T23:10:17.911+0000] {logging_mixin.py:137} INFO - [2023-03-27T23:10:17.910+0000] {dag.py:2693} INFO - Sync 1 DAGs
[2023-03-27T23:10:18.177+0000] {logging_mixin.py:137} INFO - [2023-03-27T23:10:18.177+0000] {dag.py:3444} INFO - Setting next_dagrun for example_params_ui_tutorial to None, run_after=None
[2023-03-27T23:10:18.333+0000] {processor.py:175} INFO - Processing /home/airflow/.local/lib/python3.7/site-packages/airflow/example_dags/example_params_ui_tutorial.py took 2.248 seconds
[2023-03-27T23:10:55.998+0000] {processor.py:153} INFO - Started process (PID=166) to work on /home/airflow/.local/lib/python3.7/site-packages/airflow/example_dags/example_params_ui_tutorial.py
[2023-03-27T23:10:56.002+0000] {processor.py:743} INFO - Processing file /home/airflow/.local/lib/python3.7/site-packages/airflow/example_dags/example_params_ui_tutorial.py for tasks to queue
[2023-03-27T23:10:56.005+0000] {logging_mixin.py:137} INFO - [2023-03-27T23:10:56.005+0000] {dagbag.py:532} INFO - Filling up the DagBag from /home/airflow/.local/lib/python3.7/site-packages/airflow/example_dags/example_params_ui_tutorial.py
[2023-03-27T23:10:56.284+0000] {processor.py:753} INFO - DAG(s) dict_keys(['example_params_ui_tutorial']) retrieved from /home/airflow/.local/lib/python3.7/site-packages/airflow/example_dags/example_params_ui_tutorial.py
[2023-03-27T23:10:56.555+0000] {logging_mixin.py:137} INFO - [2023-03-27T23:10:56.553+0000] {dag.py:2693} INFO - Sync 1 DAGs
[2023-03-27T23:10:56.657+0000] {logging_mixin.py:137} INFO - [2023-03-27T23:10:56.656+0000] {dag.py:3444} INFO - Setting next_dagrun for example_params_ui_tutorial to None, run_after=None
[2023-03-27T23:10:56.724+0000] {processor.py:175} INFO - Processing /home/airflow/.local/lib/python3.7/site-packages/airflow/example_dags/example_params_ui_tutorial.py took 0.745 seconds
[2023-03-27T23:11:27.063+0000] {processor.py:153} INFO - Started process (PID=215) to work on /home/airflow/.local/lib/python3.7/site-packages/airflow/example_dags/example_params_ui_tutorial.py
[2023-03-27T23:11:27.068+0000] {processor.py:743} INFO - Processing file /home/airflow/.local/lib/python3.7/site-packages/airflow/example_dags/example_params_ui_tutorial.py for tasks to queue
[2023-03-27T23:11:27.073+0000] {logging_mixin.py:137} INFO - [2023-03-27T23:11:27.072+0000] {dagbag.py:532} INFO - Filling up the DagBag from /home/airflow/.local/lib/python3.7/site-packages/airflow/example_dags/example_params_ui_tutorial.py
[2023-03-27T23:11:27.250+0000] {processor.py:753} INFO - DAG(s) dict_keys(['example_params_ui_tutorial']) retrieved from /home/airflow/.local/lib/python3.7/site-packages/airflow/example_dags/example_params_ui_tutorial.py
[2023-03-27T23:11:27.406+0000] {logging_mixin.py:137} INFO - [2023-03-27T23:11:27.406+0000] {dag.py:2693} INFO - Sync 1 DAGs
[2023-03-27T23:11:27.502+0000] {logging_mixin.py:137} INFO - [2023-03-27T23:11:27.502+0000] {dag.py:3444} INFO - Setting next_dagrun for example_params_ui_tutorial to None, run_after=None
[2023-03-27T23:11:27.545+0000] {processor.py:175} INFO - Processing /home/airflow/.local/lib/python3.7/site-packages/airflow/example_dags/example_params_ui_tutorial.py took 0.493 seconds
[2023-03-27T23:12:12.156+0000] {processor.py:153} INFO - Started process (PID=267) to work on /home/airflow/.local/lib/python3.7/site-packages/airflow/example_dags/example_params_ui_tutorial.py
[2023-03-27T23:12:12.159+0000] {processor.py:743} INFO - Processing file /home/airflow/.local/lib/python3.7/site-packages/airflow/example_dags/example_params_ui_tutorial.py for tasks to queue
[2023-03-27T23:12:12.161+0000] {logging_mixin.py:137} INFO - [2023-03-27T23:12:12.161+0000] {dagbag.py:532} INFO - Filling up the DagBag from /home/airflow/.local/lib/python3.7/site-packages/airflow/example_dags/example_params_ui_tutorial.py
[2023-03-27T23:12:12.283+0000] {processor.py:753} INFO - DAG(s) dict_keys(['example_params_ui_tutorial']) retrieved from /home/airflow/.local/lib/python3.7/site-packages/airflow/example_dags/example_params_ui_tutorial.py
[2023-03-27T23:12:12.411+0000] {logging_mixin.py:137} INFO - [2023-03-27T23:12:12.410+0000] {dag.py:2693} INFO - Sync 1 DAGs
[2023-03-27T23:12:12.468+0000] {logging_mixin.py:137} INFO - [2023-03-27T23:12:12.467+0000] {dag.py:3444} INFO - Setting next_dagrun for example_params_ui_tutorial to None, run_after=None
[2023-03-27T23:12:12.511+0000] {processor.py:175} INFO - Processing /home/airflow/.local/lib/python3.7/site-packages/airflow/example_dags/example_params_ui_tutorial.py took 0.361 seconds
[2023-03-27T23:12:42.662+0000] {processor.py:153} INFO - Started process (PID=315) to work on /home/airflow/.local/lib/python3.7/site-packages/airflow/example_dags/example_params_ui_tutorial.py
[2023-03-27T23:12:42.667+0000] {processor.py:743} INFO - Processing file /home/airflow/.local/lib/python3.7/site-packages/airflow/example_dags/example_params_ui_tutorial.py for tasks to queue
[2023-03-27T23:12:42.671+0000] {logging_mixin.py:137} INFO - [2023-03-27T23:12:42.671+0000] {dagbag.py:532} INFO - Filling up the DagBag from /home/airflow/.local/lib/python3.7/site-packages/airflow/example_dags/example_params_ui_tutorial.py
[2023-03-27T23:12:42.817+0000] {processor.py:753} INFO - DAG(s) dict_keys(['example_params_ui_tutorial']) retrieved from /home/airflow/.local/lib/python3.7/site-packages/airflow/example_dags/example_params_ui_tutorial.py
[2023-03-27T23:12:42.952+0000] {logging_mixin.py:137} INFO - [2023-03-27T23:12:42.952+0000] {dag.py:2693} INFO - Sync 1 DAGs
[2023-03-27T23:12:43.004+0000] {logging_mixin.py:137} INFO - [2023-03-27T23:12:43.004+0000] {dag.py:3444} INFO - Setting next_dagrun for example_params_ui_tutorial to None, run_after=None
[2023-03-27T23:12:43.048+0000] {processor.py:175} INFO - Processing /home/airflow/.local/lib/python3.7/site-packages/airflow/example_dags/example_params_ui_tutorial.py took 0.393 seconds
[2023-03-27T23:13:14.447+0000] {processor.py:153} INFO - Started process (PID=364) to work on /home/airflow/.local/lib/python3.7/site-packages/airflow/example_dags/example_params_ui_tutorial.py
[2023-03-27T23:13:14.467+0000] {processor.py:743} INFO - Processing file /home/airflow/.local/lib/python3.7/site-packages/airflow/example_dags/example_params_ui_tutorial.py for tasks to queue
[2023-03-27T23:13:14.475+0000] {logging_mixin.py:137} INFO - [2023-03-27T23:13:14.475+0000] {dagbag.py:532} INFO - Filling up the DagBag from /home/airflow/.local/lib/python3.7/site-packages/airflow/example_dags/example_params_ui_tutorial.py
[2023-03-27T23:13:15.343+0000] {processor.py:753} INFO - DAG(s) dict_keys(['example_params_ui_tutorial']) retrieved from /home/airflow/.local/lib/python3.7/site-packages/airflow/example_dags/example_params_ui_tutorial.py
[2023-03-27T23:13:18.085+0000] {logging_mixin.py:137} INFO - [2023-03-27T23:13:18.082+0000] {dag.py:2693} INFO - Sync 1 DAGs
[2023-03-27T23:13:18.284+0000] {logging_mixin.py:137} INFO - [2023-03-27T23:13:18.283+0000] {dag.py:3444} INFO - Setting next_dagrun for example_params_ui_tutorial to None, run_after=None
[2023-03-27T23:13:18.448+0000] {processor.py:175} INFO - Processing /home/airflow/.local/lib/python3.7/site-packages/airflow/example_dags/example_params_ui_tutorial.py took 4.031 seconds
[2023-03-27T23:13:49.254+0000] {processor.py:153} INFO - Started process (PID=421) to work on /home/airflow/.local/lib/python3.7/site-packages/airflow/example_dags/example_params_ui_tutorial.py
[2023-03-27T23:13:49.259+0000] {processor.py:743} INFO - Processing file /home/airflow/.local/lib/python3.7/site-packages/airflow/example_dags/example_params_ui_tutorial.py for tasks to queue
[2023-03-27T23:13:49.268+0000] {logging_mixin.py:137} INFO - [2023-03-27T23:13:49.266+0000] {dagbag.py:532} INFO - Filling up the DagBag from /home/airflow/.local/lib/python3.7/site-packages/airflow/example_dags/example_params_ui_tutorial.py
[2023-03-27T23:13:49.662+0000] {processor.py:753} INFO - DAG(s) dict_keys(['example_params_ui_tutorial']) retrieved from /home/airflow/.local/lib/python3.7/site-packages/airflow/example_dags/example_params_ui_tutorial.py
[2023-03-27T23:13:49.874+0000] {logging_mixin.py:137} INFO - [2023-03-27T23:13:49.874+0000] {dag.py:2693} INFO - Sync 1 DAGs
[2023-03-27T23:13:49.932+0000] {logging_mixin.py:137} INFO - [2023-03-27T23:13:49.931+0000] {dag.py:3444} INFO - Setting next_dagrun for example_params_ui_tutorial to None, run_after=None
[2023-03-27T23:13:49.984+0000] {processor.py:175} INFO - Processing /home/airflow/.local/lib/python3.7/site-packages/airflow/example_dags/example_params_ui_tutorial.py took 0.766 seconds
[2023-03-27T23:14:20.153+0000] {processor.py:153} INFO - Started process (PID=470) to work on /home/airflow/.local/lib/python3.7/site-packages/airflow/example_dags/example_params_ui_tutorial.py
[2023-03-27T23:14:20.158+0000] {processor.py:743} INFO - Processing file /home/airflow/.local/lib/python3.7/site-packages/airflow/example_dags/example_params_ui_tutorial.py for tasks to queue
[2023-03-27T23:14:20.162+0000] {logging_mixin.py:137} INFO - [2023-03-27T23:14:20.162+0000] {dagbag.py:532} INFO - Filling up the DagBag from /home/airflow/.local/lib/python3.7/site-packages/airflow/example_dags/example_params_ui_tutorial.py
[2023-03-27T23:14:20.299+0000] {processor.py:753} INFO - DAG(s) dict_keys(['example_params_ui_tutorial']) retrieved from /home/airflow/.local/lib/python3.7/site-packages/airflow/example_dags/example_params_ui_tutorial.py
[2023-03-27T23:14:20.464+0000] {logging_mixin.py:137} INFO - [2023-03-27T23:14:20.464+0000] {dag.py:2693} INFO - Sync 1 DAGs
[2023-03-27T23:14:20.521+0000] {logging_mixin.py:137} INFO - [2023-03-27T23:14:20.521+0000] {dag.py:3444} INFO - Setting next_dagrun for example_params_ui_tutorial to None, run_after=None
[2023-03-27T23:14:20.571+0000] {processor.py:175} INFO - Processing /home/airflow/.local/lib/python3.7/site-packages/airflow/example_dags/example_params_ui_tutorial.py took 0.433 seconds
[2023-03-27T23:14:51.102+0000] {processor.py:153} INFO - Started process (PID=519) to work on /home/airflow/.local/lib/python3.7/site-packages/airflow/example_dags/example_params_ui_tutorial.py
[2023-03-27T23:14:51.108+0000] {processor.py:743} INFO - Processing file /home/airflow/.local/lib/python3.7/site-packages/airflow/example_dags/example_params_ui_tutorial.py for tasks to queue
[2023-03-27T23:14:51.117+0000] {logging_mixin.py:137} INFO - [2023-03-27T23:14:51.116+0000] {dagbag.py:532} INFO - Filling up the DagBag from /home/airflow/.local/lib/python3.7/site-packages/airflow/example_dags/example_params_ui_tutorial.py
[2023-03-27T23:14:51.286+0000] {processor.py:753} INFO - DAG(s) dict_keys(['example_params_ui_tutorial']) retrieved from /home/airflow/.local/lib/python3.7/site-packages/airflow/example_dags/example_params_ui_tutorial.py
[2023-03-27T23:14:51.446+0000] {logging_mixin.py:137} INFO - [2023-03-27T23:14:51.445+0000] {dag.py:2693} INFO - Sync 1 DAGs
[2023-03-27T23:14:51.499+0000] {logging_mixin.py:137} INFO - [2023-03-27T23:14:51.498+0000] {dag.py:3444} INFO - Setting next_dagrun for example_params_ui_tutorial to None, run_after=None
[2023-03-27T23:14:51.532+0000] {processor.py:175} INFO - Processing /home/airflow/.local/lib/python3.7/site-packages/airflow/example_dags/example_params_ui_tutorial.py took 0.450 seconds
[2023-03-27T23:15:21.778+0000] {processor.py:153} INFO - Started process (PID=569) to work on /home/airflow/.local/lib/python3.7/site-packages/airflow/example_dags/example_params_ui_tutorial.py
[2023-03-27T23:15:21.781+0000] {processor.py:743} INFO - Processing file /home/airflow/.local/lib/python3.7/site-packages/airflow/example_dags/example_params_ui_tutorial.py for tasks to queue
[2023-03-27T23:15:21.784+0000] {logging_mixin.py:137} INFO - [2023-03-27T23:15:21.784+0000] {dagbag.py:532} INFO - Filling up the DagBag from /home/airflow/.local/lib/python3.7/site-packages/airflow/example_dags/example_params_ui_tutorial.py
[2023-03-27T23:15:21.896+0000] {processor.py:753} INFO - DAG(s) dict_keys(['example_params_ui_tutorial']) retrieved from /home/airflow/.local/lib/python3.7/site-packages/airflow/example_dags/example_params_ui_tutorial.py
[2023-03-27T23:15:22.083+0000] {logging_mixin.py:137} INFO - [2023-03-27T23:15:22.083+0000] {dag.py:2693} INFO - Sync 1 DAGs
[2023-03-27T23:15:22.131+0000] {logging_mixin.py:137} INFO - [2023-03-27T23:15:22.131+0000] {dag.py:3444} INFO - Setting next_dagrun for example_params_ui_tutorial to None, run_after=None
[2023-03-27T23:15:22.171+0000] {processor.py:175} INFO - Processing /home/airflow/.local/lib/python3.7/site-packages/airflow/example_dags/example_params_ui_tutorial.py took 0.401 seconds
[2023-03-27T23:15:52.974+0000] {processor.py:153} INFO - Started process (PID=617) to work on /home/airflow/.local/lib/python3.7/site-packages/airflow/example_dags/example_params_ui_tutorial.py
[2023-03-27T23:15:52.979+0000] {processor.py:743} INFO - Processing file /home/airflow/.local/lib/python3.7/site-packages/airflow/example_dags/example_params_ui_tutorial.py for tasks to queue
[2023-03-27T23:15:52.983+0000] {logging_mixin.py:137} INFO - [2023-03-27T23:15:52.982+0000] {dagbag.py:532} INFO - Filling up the DagBag from /home/airflow/.local/lib/python3.7/site-packages/airflow/example_dags/example_params_ui_tutorial.py
[2023-03-27T23:15:53.120+0000] {processor.py:753} INFO - DAG(s) dict_keys(['example_params_ui_tutorial']) retrieved from /home/airflow/.local/lib/python3.7/site-packages/airflow/example_dags/example_params_ui_tutorial.py
[2023-03-27T23:15:53.291+0000] {logging_mixin.py:137} INFO - [2023-03-27T23:15:53.291+0000] {dag.py:2693} INFO - Sync 1 DAGs
[2023-03-27T23:15:53.389+0000] {logging_mixin.py:137} INFO - [2023-03-27T23:15:53.388+0000] {dag.py:3444} INFO - Setting next_dagrun for example_params_ui_tutorial to None, run_after=None
[2023-03-27T23:15:53.517+0000] {processor.py:175} INFO - Processing /home/airflow/.local/lib/python3.7/site-packages/airflow/example_dags/example_params_ui_tutorial.py took 0.553 seconds
[2023-03-27T23:16:23.758+0000] {processor.py:153} INFO - Started process (PID=666) to work on /home/airflow/.local/lib/python3.7/site-packages/airflow/example_dags/example_params_ui_tutorial.py
[2023-03-27T23:16:23.773+0000] {processor.py:743} INFO - Processing file /home/airflow/.local/lib/python3.7/site-packages/airflow/example_dags/example_params_ui_tutorial.py for tasks to queue
[2023-03-27T23:16:23.788+0000] {logging_mixin.py:137} INFO - [2023-03-27T23:16:23.784+0000] {dagbag.py:532} INFO - Filling up the DagBag from /home/airflow/.local/lib/python3.7/site-packages/airflow/example_dags/example_params_ui_tutorial.py
[2023-03-27T23:16:24.253+0000] {processor.py:753} INFO - DAG(s) dict_keys(['example_params_ui_tutorial']) retrieved from /home/airflow/.local/lib/python3.7/site-packages/airflow/example_dags/example_params_ui_tutorial.py
[2023-03-27T23:16:24.497+0000] {logging_mixin.py:137} INFO - [2023-03-27T23:16:24.497+0000] {dag.py:2693} INFO - Sync 1 DAGs
[2023-03-27T23:16:24.554+0000] {logging_mixin.py:137} INFO - [2023-03-27T23:16:24.554+0000] {dag.py:3444} INFO - Setting next_dagrun for example_params_ui_tutorial to None, run_after=None
[2023-03-27T23:16:24.603+0000] {processor.py:175} INFO - Processing /home/airflow/.local/lib/python3.7/site-packages/airflow/example_dags/example_params_ui_tutorial.py took 0.862 seconds
[2023-03-27T23:16:54.756+0000] {processor.py:153} INFO - Started process (PID=714) to work on /home/airflow/.local/lib/python3.7/site-packages/airflow/example_dags/example_params_ui_tutorial.py
[2023-03-27T23:16:54.764+0000] {processor.py:743} INFO - Processing file /home/airflow/.local/lib/python3.7/site-packages/airflow/example_dags/example_params_ui_tutorial.py for tasks to queue
[2023-03-27T23:16:54.774+0000] {logging_mixin.py:137} INFO - [2023-03-27T23:16:54.773+0000] {dagbag.py:532} INFO - Filling up the DagBag from /home/airflow/.local/lib/python3.7/site-packages/airflow/example_dags/example_params_ui_tutorial.py
[2023-03-27T23:16:55.142+0000] {processor.py:753} INFO - DAG(s) dict_keys(['example_params_ui_tutorial']) retrieved from /home/airflow/.local/lib/python3.7/site-packages/airflow/example_dags/example_params_ui_tutorial.py
[2023-03-27T23:16:55.428+0000] {logging_mixin.py:137} INFO - [2023-03-27T23:16:55.428+0000] {dag.py:2693} INFO - Sync 1 DAGs
[2023-03-27T23:16:55.519+0000] {logging_mixin.py:137} INFO - [2023-03-27T23:16:55.518+0000] {dag.py:3444} INFO - Setting next_dagrun for example_params_ui_tutorial to None, run_after=None
[2023-03-27T23:16:55.631+0000] {processor.py:175} INFO - Processing /home/airflow/.local/lib/python3.7/site-packages/airflow/example_dags/example_params_ui_tutorial.py took 0.913 seconds
[2023-03-27T23:17:27.377+0000] {processor.py:153} INFO - Started process (PID=765) to work on /home/airflow/.local/lib/python3.7/site-packages/airflow/example_dags/example_params_ui_tutorial.py
[2023-03-27T23:17:27.384+0000] {processor.py:743} INFO - Processing file /home/airflow/.local/lib/python3.7/site-packages/airflow/example_dags/example_params_ui_tutorial.py for tasks to queue
[2023-03-27T23:17:27.388+0000] {logging_mixin.py:137} INFO - [2023-03-27T23:17:27.388+0000] {dagbag.py:532} INFO - Filling up the DagBag from /home/airflow/.local/lib/python3.7/site-packages/airflow/example_dags/example_params_ui_tutorial.py
[2023-03-27T23:17:27.526+0000] {processor.py:753} INFO - DAG(s) dict_keys(['example_params_ui_tutorial']) retrieved from /home/airflow/.local/lib/python3.7/site-packages/airflow/example_dags/example_params_ui_tutorial.py
[2023-03-27T23:17:27.714+0000] {logging_mixin.py:137} INFO - [2023-03-27T23:17:27.714+0000] {dag.py:2693} INFO - Sync 1 DAGs
[2023-03-27T23:17:27.799+0000] {logging_mixin.py:137} INFO - [2023-03-27T23:17:27.798+0000] {dag.py:3444} INFO - Setting next_dagrun for example_params_ui_tutorial to None, run_after=None
[2023-03-27T23:17:27.839+0000] {processor.py:175} INFO - Processing /home/airflow/.local/lib/python3.7/site-packages/airflow/example_dags/example_params_ui_tutorial.py took 0.473 seconds
[2023-03-27T23:17:58.056+0000] {processor.py:153} INFO - Started process (PID=814) to work on /home/airflow/.local/lib/python3.7/site-packages/airflow/example_dags/example_params_ui_tutorial.py
[2023-03-27T23:17:58.059+0000] {processor.py:743} INFO - Processing file /home/airflow/.local/lib/python3.7/site-packages/airflow/example_dags/example_params_ui_tutorial.py for tasks to queue
[2023-03-27T23:17:58.064+0000] {logging_mixin.py:137} INFO - [2023-03-27T23:17:58.064+0000] {dagbag.py:532} INFO - Filling up the DagBag from /home/airflow/.local/lib/python3.7/site-packages/airflow/example_dags/example_params_ui_tutorial.py
[2023-03-27T23:17:58.206+0000] {processor.py:753} INFO - DAG(s) dict_keys(['example_params_ui_tutorial']) retrieved from /home/airflow/.local/lib/python3.7/site-packages/airflow/example_dags/example_params_ui_tutorial.py
[2023-03-27T23:17:58.433+0000] {logging_mixin.py:137} INFO - [2023-03-27T23:17:58.433+0000] {dag.py:2693} INFO - Sync 1 DAGs
[2023-03-27T23:17:58.537+0000] {logging_mixin.py:137} INFO - [2023-03-27T23:17:58.536+0000] {dag.py:3444} INFO - Setting next_dagrun for example_params_ui_tutorial to None, run_after=None
[2023-03-27T23:17:58.632+0000] {processor.py:175} INFO - Processing /home/airflow/.local/lib/python3.7/site-packages/airflow/example_dags/example_params_ui_tutorial.py took 0.593 seconds
[2023-03-27T23:18:29.272+0000] {processor.py:153} INFO - Started process (PID=864) to work on /home/airflow/.local/lib/python3.7/site-packages/airflow/example_dags/example_params_ui_tutorial.py
[2023-03-27T23:18:29.275+0000] {processor.py:743} INFO - Processing file /home/airflow/.local/lib/python3.7/site-packages/airflow/example_dags/example_params_ui_tutorial.py for tasks to queue
[2023-03-27T23:18:29.279+0000] {logging_mixin.py:137} INFO - [2023-03-27T23:18:29.279+0000] {dagbag.py:532} INFO - Filling up the DagBag from /home/airflow/.local/lib/python3.7/site-packages/airflow/example_dags/example_params_ui_tutorial.py
[2023-03-27T23:18:29.504+0000] {processor.py:753} INFO - DAG(s) dict_keys(['example_params_ui_tutorial']) retrieved from /home/airflow/.local/lib/python3.7/site-packages/airflow/example_dags/example_params_ui_tutorial.py
[2023-03-27T23:18:29.779+0000] {logging_mixin.py:137} INFO - [2023-03-27T23:18:29.778+0000] {dag.py:2693} INFO - Sync 1 DAGs
[2023-03-27T23:18:29.890+0000] {logging_mixin.py:137} INFO - [2023-03-27T23:18:29.890+0000] {dag.py:3444} INFO - Setting next_dagrun for example_params_ui_tutorial to None, run_after=None
[2023-03-27T23:18:29.969+0000] {processor.py:175} INFO - Processing /home/airflow/.local/lib/python3.7/site-packages/airflow/example_dags/example_params_ui_tutorial.py took 0.709 seconds
[2023-03-27T23:19:00.211+0000] {processor.py:153} INFO - Started process (PID=913) to work on /home/airflow/.local/lib/python3.7/site-packages/airflow/example_dags/example_params_ui_tutorial.py
[2023-03-27T23:19:00.215+0000] {processor.py:743} INFO - Processing file /home/airflow/.local/lib/python3.7/site-packages/airflow/example_dags/example_params_ui_tutorial.py for tasks to queue
[2023-03-27T23:19:00.218+0000] {logging_mixin.py:137} INFO - [2023-03-27T23:19:00.217+0000] {dagbag.py:532} INFO - Filling up the DagBag from /home/airflow/.local/lib/python3.7/site-packages/airflow/example_dags/example_params_ui_tutorial.py
[2023-03-27T23:19:00.323+0000] {processor.py:753} INFO - DAG(s) dict_keys(['example_params_ui_tutorial']) retrieved from /home/airflow/.local/lib/python3.7/site-packages/airflow/example_dags/example_params_ui_tutorial.py
[2023-03-27T23:19:00.446+0000] {logging_mixin.py:137} INFO - [2023-03-27T23:19:00.446+0000] {dag.py:2693} INFO - Sync 1 DAGs
[2023-03-27T23:19:00.493+0000] {logging_mixin.py:137} INFO - [2023-03-27T23:19:00.493+0000] {dag.py:3444} INFO - Setting next_dagrun for example_params_ui_tutorial to None, run_after=None
[2023-03-27T23:19:00.534+0000] {processor.py:175} INFO - Processing /home/airflow/.local/lib/python3.7/site-packages/airflow/example_dags/example_params_ui_tutorial.py took 0.330 seconds
[2023-03-27T23:19:30.692+0000] {processor.py:153} INFO - Started process (PID=962) to work on /home/airflow/.local/lib/python3.7/site-packages/airflow/example_dags/example_params_ui_tutorial.py
[2023-03-27T23:19:30.695+0000] {processor.py:743} INFO - Processing file /home/airflow/.local/lib/python3.7/site-packages/airflow/example_dags/example_params_ui_tutorial.py for tasks to queue
[2023-03-27T23:19:30.699+0000] {logging_mixin.py:137} INFO - [2023-03-27T23:19:30.698+0000] {dagbag.py:532} INFO - Filling up the DagBag from /home/airflow/.local/lib/python3.7/site-packages/airflow/example_dags/example_params_ui_tutorial.py
[2023-03-27T23:19:30.806+0000] {processor.py:753} INFO - DAG(s) dict_keys(['example_params_ui_tutorial']) retrieved from /home/airflow/.local/lib/python3.7/site-packages/airflow/example_dags/example_params_ui_tutorial.py
[2023-03-27T23:19:30.941+0000] {logging_mixin.py:137} INFO - [2023-03-27T23:19:30.940+0000] {dag.py:2693} INFO - Sync 1 DAGs
[2023-03-27T23:19:30.992+0000] {logging_mixin.py:137} INFO - [2023-03-27T23:19:30.991+0000] {dag.py:3444} INFO - Setting next_dagrun for example_params_ui_tutorial to None, run_after=None
[2023-03-27T23:19:31.030+0000] {processor.py:175} INFO - Processing /home/airflow/.local/lib/python3.7/site-packages/airflow/example_dags/example_params_ui_tutorial.py took 0.348 seconds
[2023-03-27T23:20:01.300+0000] {processor.py:153} INFO - Started process (PID=1011) to work on /home/airflow/.local/lib/python3.7/site-packages/airflow/example_dags/example_params_ui_tutorial.py
[2023-03-27T23:20:01.304+0000] {processor.py:743} INFO - Processing file /home/airflow/.local/lib/python3.7/site-packages/airflow/example_dags/example_params_ui_tutorial.py for tasks to queue
[2023-03-27T23:20:01.308+0000] {logging_mixin.py:137} INFO - [2023-03-27T23:20:01.307+0000] {dagbag.py:532} INFO - Filling up the DagBag from /home/airflow/.local/lib/python3.7/site-packages/airflow/example_dags/example_params_ui_tutorial.py
[2023-03-27T23:20:01.426+0000] {processor.py:753} INFO - DAG(s) dict_keys(['example_params_ui_tutorial']) retrieved from /home/airflow/.local/lib/python3.7/site-packages/airflow/example_dags/example_params_ui_tutorial.py
[2023-03-27T23:20:01.555+0000] {logging_mixin.py:137} INFO - [2023-03-27T23:20:01.555+0000] {dag.py:2693} INFO - Sync 1 DAGs
[2023-03-27T23:20:01.609+0000] {logging_mixin.py:137} INFO - [2023-03-27T23:20:01.609+0000] {dag.py:3444} INFO - Setting next_dagrun for example_params_ui_tutorial to None, run_after=None
[2023-03-27T23:20:01.655+0000] {processor.py:175} INFO - Processing /home/airflow/.local/lib/python3.7/site-packages/airflow/example_dags/example_params_ui_tutorial.py took 0.365 seconds
[2023-03-27T23:20:31.748+0000] {processor.py:153} INFO - Started process (PID=1060) to work on /home/airflow/.local/lib/python3.7/site-packages/airflow/example_dags/example_params_ui_tutorial.py
[2023-03-27T23:20:31.751+0000] {processor.py:743} INFO - Processing file /home/airflow/.local/lib/python3.7/site-packages/airflow/example_dags/example_params_ui_tutorial.py for tasks to queue
[2023-03-27T23:20:31.755+0000] {logging_mixin.py:137} INFO - [2023-03-27T23:20:31.755+0000] {dagbag.py:532} INFO - Filling up the DagBag from /home/airflow/.local/lib/python3.7/site-packages/airflow/example_dags/example_params_ui_tutorial.py
[2023-03-27T23:20:31.852+0000] {processor.py:753} INFO - DAG(s) dict_keys(['example_params_ui_tutorial']) retrieved from /home/airflow/.local/lib/python3.7/site-packages/airflow/example_dags/example_params_ui_tutorial.py
[2023-03-27T23:20:31.990+0000] {logging_mixin.py:137} INFO - [2023-03-27T23:20:31.990+0000] {dag.py:2693} INFO - Sync 1 DAGs
[2023-03-27T23:20:32.043+0000] {logging_mixin.py:137} INFO - [2023-03-27T23:20:32.043+0000] {dag.py:3444} INFO - Setting next_dagrun for example_params_ui_tutorial to None, run_after=None
[2023-03-27T23:20:32.083+0000] {processor.py:175} INFO - Processing /home/airflow/.local/lib/python3.7/site-packages/airflow/example_dags/example_params_ui_tutorial.py took 0.343 seconds
[2023-03-27T23:21:03.038+0000] {processor.py:153} INFO - Started process (PID=1109) to work on /home/airflow/.local/lib/python3.7/site-packages/airflow/example_dags/example_params_ui_tutorial.py
[2023-03-27T23:21:03.044+0000] {processor.py:743} INFO - Processing file /home/airflow/.local/lib/python3.7/site-packages/airflow/example_dags/example_params_ui_tutorial.py for tasks to queue
[2023-03-27T23:21:03.048+0000] {logging_mixin.py:137} INFO - [2023-03-27T23:21:03.048+0000] {dagbag.py:532} INFO - Filling up the DagBag from /home/airflow/.local/lib/python3.7/site-packages/airflow/example_dags/example_params_ui_tutorial.py
[2023-03-27T23:21:03.204+0000] {processor.py:753} INFO - DAG(s) dict_keys(['example_params_ui_tutorial']) retrieved from /home/airflow/.local/lib/python3.7/site-packages/airflow/example_dags/example_params_ui_tutorial.py
[2023-03-27T23:21:03.506+0000] {logging_mixin.py:137} INFO - [2023-03-27T23:21:03.505+0000] {dag.py:2693} INFO - Sync 1 DAGs
[2023-03-27T23:21:03.570+0000] {logging_mixin.py:137} INFO - [2023-03-27T23:21:03.569+0000] {dag.py:3444} INFO - Setting next_dagrun for example_params_ui_tutorial to None, run_after=None
[2023-03-27T23:21:03.658+0000] {processor.py:175} INFO - Processing /home/airflow/.local/lib/python3.7/site-packages/airflow/example_dags/example_params_ui_tutorial.py took 0.645 seconds
[2023-03-27T23:21:33.773+0000] {processor.py:153} INFO - Started process (PID=1159) to work on /home/airflow/.local/lib/python3.7/site-packages/airflow/example_dags/example_params_ui_tutorial.py
[2023-03-27T23:21:33.776+0000] {processor.py:743} INFO - Processing file /home/airflow/.local/lib/python3.7/site-packages/airflow/example_dags/example_params_ui_tutorial.py for tasks to queue
[2023-03-27T23:21:33.779+0000] {logging_mixin.py:137} INFO - [2023-03-27T23:21:33.779+0000] {dagbag.py:532} INFO - Filling up the DagBag from /home/airflow/.local/lib/python3.7/site-packages/airflow/example_dags/example_params_ui_tutorial.py
[2023-03-27T23:21:33.898+0000] {processor.py:753} INFO - DAG(s) dict_keys(['example_params_ui_tutorial']) retrieved from /home/airflow/.local/lib/python3.7/site-packages/airflow/example_dags/example_params_ui_tutorial.py
[2023-03-27T23:21:34.016+0000] {logging_mixin.py:137} INFO - [2023-03-27T23:21:34.016+0000] {dag.py:2693} INFO - Sync 1 DAGs
[2023-03-27T23:21:34.068+0000] {logging_mixin.py:137} INFO - [2023-03-27T23:21:34.068+0000] {dag.py:3444} INFO - Setting next_dagrun for example_params_ui_tutorial to None, run_after=None
[2023-03-27T23:21:34.105+0000] {processor.py:175} INFO - Processing /home/airflow/.local/lib/python3.7/site-packages/airflow/example_dags/example_params_ui_tutorial.py took 0.339 seconds
[2023-03-27T23:22:04.873+0000] {processor.py:153} INFO - Started process (PID=1209) to work on /home/airflow/.local/lib/python3.7/site-packages/airflow/example_dags/example_params_ui_tutorial.py
[2023-03-27T23:22:04.877+0000] {processor.py:743} INFO - Processing file /home/airflow/.local/lib/python3.7/site-packages/airflow/example_dags/example_params_ui_tutorial.py for tasks to queue
[2023-03-27T23:22:04.882+0000] {logging_mixin.py:137} INFO - [2023-03-27T23:22:04.881+0000] {dagbag.py:532} INFO - Filling up the DagBag from /home/airflow/.local/lib/python3.7/site-packages/airflow/example_dags/example_params_ui_tutorial.py
[2023-03-27T23:22:05.011+0000] {processor.py:753} INFO - DAG(s) dict_keys(['example_params_ui_tutorial']) retrieved from /home/airflow/.local/lib/python3.7/site-packages/airflow/example_dags/example_params_ui_tutorial.py
[2023-03-27T23:22:05.208+0000] {logging_mixin.py:137} INFO - [2023-03-27T23:22:05.208+0000] {dag.py:2693} INFO - Sync 1 DAGs
[2023-03-27T23:22:05.290+0000] {logging_mixin.py:137} INFO - [2023-03-27T23:22:05.290+0000] {dag.py:3444} INFO - Setting next_dagrun for example_params_ui_tutorial to None, run_after=None
[2023-03-27T23:22:05.330+0000] {processor.py:175} INFO - Processing /home/airflow/.local/lib/python3.7/site-packages/airflow/example_dags/example_params_ui_tutorial.py took 0.476 seconds
[2023-03-27T23:22:35.633+0000] {processor.py:153} INFO - Started process (PID=1257) to work on /home/airflow/.local/lib/python3.7/site-packages/airflow/example_dags/example_params_ui_tutorial.py
[2023-03-27T23:22:35.636+0000] {processor.py:743} INFO - Processing file /home/airflow/.local/lib/python3.7/site-packages/airflow/example_dags/example_params_ui_tutorial.py for tasks to queue
[2023-03-27T23:22:35.650+0000] {logging_mixin.py:137} INFO - [2023-03-27T23:22:35.650+0000] {dagbag.py:532} INFO - Filling up the DagBag from /home/airflow/.local/lib/python3.7/site-packages/airflow/example_dags/example_params_ui_tutorial.py
[2023-03-27T23:22:35.828+0000] {processor.py:753} INFO - DAG(s) dict_keys(['example_params_ui_tutorial']) retrieved from /home/airflow/.local/lib/python3.7/site-packages/airflow/example_dags/example_params_ui_tutorial.py
[2023-03-27T23:22:36.103+0000] {logging_mixin.py:137} INFO - [2023-03-27T23:22:36.102+0000] {dag.py:2693} INFO - Sync 1 DAGs
[2023-03-27T23:22:36.232+0000] {logging_mixin.py:137} INFO - [2023-03-27T23:22:36.232+0000] {dag.py:3444} INFO - Setting next_dagrun for example_params_ui_tutorial to None, run_after=None
[2023-03-27T23:22:36.327+0000] {processor.py:175} INFO - Processing /home/airflow/.local/lib/python3.7/site-packages/airflow/example_dags/example_params_ui_tutorial.py took 0.703 seconds
[2023-03-27T23:23:07.284+0000] {processor.py:153} INFO - Started process (PID=1307) to work on /home/airflow/.local/lib/python3.7/site-packages/airflow/example_dags/example_params_ui_tutorial.py
[2023-03-27T23:23:07.297+0000] {processor.py:743} INFO - Processing file /home/airflow/.local/lib/python3.7/site-packages/airflow/example_dags/example_params_ui_tutorial.py for tasks to queue
[2023-03-27T23:23:07.300+0000] {logging_mixin.py:137} INFO - [2023-03-27T23:23:07.300+0000] {dagbag.py:532} INFO - Filling up the DagBag from /home/airflow/.local/lib/python3.7/site-packages/airflow/example_dags/example_params_ui_tutorial.py
[2023-03-27T23:23:07.580+0000] {processor.py:753} INFO - DAG(s) dict_keys(['example_params_ui_tutorial']) retrieved from /home/airflow/.local/lib/python3.7/site-packages/airflow/example_dags/example_params_ui_tutorial.py
[2023-03-27T23:23:07.800+0000] {logging_mixin.py:137} INFO - [2023-03-27T23:23:07.800+0000] {dag.py:2693} INFO - Sync 1 DAGs
[2023-03-27T23:23:07.848+0000] {logging_mixin.py:137} INFO - [2023-03-27T23:23:07.848+0000] {dag.py:3444} INFO - Setting next_dagrun for example_params_ui_tutorial to None, run_after=None
[2023-03-27T23:23:07.955+0000] {processor.py:175} INFO - Processing /home/airflow/.local/lib/python3.7/site-packages/airflow/example_dags/example_params_ui_tutorial.py took 0.740 seconds
[2023-03-27T23:23:38.510+0000] {processor.py:153} INFO - Started process (PID=1356) to work on /home/airflow/.local/lib/python3.7/site-packages/airflow/example_dags/example_params_ui_tutorial.py
[2023-03-27T23:23:38.513+0000] {processor.py:743} INFO - Processing file /home/airflow/.local/lib/python3.7/site-packages/airflow/example_dags/example_params_ui_tutorial.py for tasks to queue
[2023-03-27T23:23:38.515+0000] {logging_mixin.py:137} INFO - [2023-03-27T23:23:38.515+0000] {dagbag.py:532} INFO - Filling up the DagBag from /home/airflow/.local/lib/python3.7/site-packages/airflow/example_dags/example_params_ui_tutorial.py
[2023-03-27T23:23:38.632+0000] {processor.py:753} INFO - DAG(s) dict_keys(['example_params_ui_tutorial']) retrieved from /home/airflow/.local/lib/python3.7/site-packages/airflow/example_dags/example_params_ui_tutorial.py
[2023-03-27T23:23:38.810+0000] {logging_mixin.py:137} INFO - [2023-03-27T23:23:38.810+0000] {dag.py:2693} INFO - Sync 1 DAGs
[2023-03-27T23:23:38.918+0000] {logging_mixin.py:137} INFO - [2023-03-27T23:23:38.918+0000] {dag.py:3444} INFO - Setting next_dagrun for example_params_ui_tutorial to None, run_after=None
[2023-03-27T23:23:38.999+0000] {processor.py:175} INFO - Processing /home/airflow/.local/lib/python3.7/site-packages/airflow/example_dags/example_params_ui_tutorial.py took 0.501 seconds
[2023-03-27T23:24:09.119+0000] {processor.py:153} INFO - Started process (PID=1405) to work on /home/airflow/.local/lib/python3.7/site-packages/airflow/example_dags/example_params_ui_tutorial.py
[2023-03-27T23:24:09.123+0000] {processor.py:743} INFO - Processing file /home/airflow/.local/lib/python3.7/site-packages/airflow/example_dags/example_params_ui_tutorial.py for tasks to queue
[2023-03-27T23:24:09.126+0000] {logging_mixin.py:137} INFO - [2023-03-27T23:24:09.126+0000] {dagbag.py:532} INFO - Filling up the DagBag from /home/airflow/.local/lib/python3.7/site-packages/airflow/example_dags/example_params_ui_tutorial.py
[2023-03-27T23:24:09.225+0000] {processor.py:753} INFO - DAG(s) dict_keys(['example_params_ui_tutorial']) retrieved from /home/airflow/.local/lib/python3.7/site-packages/airflow/example_dags/example_params_ui_tutorial.py
[2023-03-27T23:24:09.374+0000] {logging_mixin.py:137} INFO - [2023-03-27T23:24:09.374+0000] {dag.py:2693} INFO - Sync 1 DAGs
[2023-03-27T23:24:09.437+0000] {logging_mixin.py:137} INFO - [2023-03-27T23:24:09.436+0000] {dag.py:3444} INFO - Setting next_dagrun for example_params_ui_tutorial to None, run_after=None
[2023-03-27T23:24:09.480+0000] {processor.py:175} INFO - Processing /home/airflow/.local/lib/python3.7/site-packages/airflow/example_dags/example_params_ui_tutorial.py took 0.367 seconds
[2023-03-27T23:24:39.580+0000] {processor.py:153} INFO - Started process (PID=1455) to work on /home/airflow/.local/lib/python3.7/site-packages/airflow/example_dags/example_params_ui_tutorial.py
[2023-03-27T23:24:39.586+0000] {processor.py:743} INFO - Processing file /home/airflow/.local/lib/python3.7/site-packages/airflow/example_dags/example_params_ui_tutorial.py for tasks to queue
[2023-03-27T23:24:39.591+0000] {logging_mixin.py:137} INFO - [2023-03-27T23:24:39.590+0000] {dagbag.py:532} INFO - Filling up the DagBag from /home/airflow/.local/lib/python3.7/site-packages/airflow/example_dags/example_params_ui_tutorial.py
[2023-03-27T23:24:39.787+0000] {processor.py:753} INFO - DAG(s) dict_keys(['example_params_ui_tutorial']) retrieved from /home/airflow/.local/lib/python3.7/site-packages/airflow/example_dags/example_params_ui_tutorial.py
[2023-03-27T23:24:40.054+0000] {logging_mixin.py:137} INFO - [2023-03-27T23:24:40.053+0000] {dag.py:2693} INFO - Sync 1 DAGs
[2023-03-27T23:24:40.189+0000] {logging_mixin.py:137} INFO - [2023-03-27T23:24:40.189+0000] {dag.py:3444} INFO - Setting next_dagrun for example_params_ui_tutorial to None, run_after=None
[2023-03-27T23:24:40.241+0000] {processor.py:175} INFO - Processing /home/airflow/.local/lib/python3.7/site-packages/airflow/example_dags/example_params_ui_tutorial.py took 0.667 seconds
[2023-03-27T23:54:57.302+0000] {processor.py:153} INFO - Started process (PID=1496) to work on /home/airflow/.local/lib/python3.7/site-packages/airflow/example_dags/example_params_ui_tutorial.py
[2023-03-27T23:54:57.319+0000] {processor.py:743} INFO - Processing file /home/airflow/.local/lib/python3.7/site-packages/airflow/example_dags/example_params_ui_tutorial.py for tasks to queue
[2023-03-27T23:54:57.334+0000] {logging_mixin.py:137} INFO - [2023-03-27T23:54:57.333+0000] {dagbag.py:532} INFO - Filling up the DagBag from /home/airflow/.local/lib/python3.7/site-packages/airflow/example_dags/example_params_ui_tutorial.py
[2023-03-27T23:54:57.747+0000] {processor.py:753} INFO - DAG(s) dict_keys(['example_params_ui_tutorial']) retrieved from /home/airflow/.local/lib/python3.7/site-packages/airflow/example_dags/example_params_ui_tutorial.py
[2023-03-27T23:54:58.029+0000] {logging_mixin.py:137} INFO - [2023-03-27T23:54:58.029+0000] {dag.py:2693} INFO - Sync 1 DAGs
[2023-03-27T23:54:58.117+0000] {logging_mixin.py:137} INFO - [2023-03-27T23:54:58.117+0000] {dag.py:3444} INFO - Setting next_dagrun for example_params_ui_tutorial to None, run_after=None
[2023-03-27T23:54:58.194+0000] {processor.py:175} INFO - Processing /home/airflow/.local/lib/python3.7/site-packages/airflow/example_dags/example_params_ui_tutorial.py took 0.906 seconds
[2023-03-27T23:55:28.623+0000] {processor.py:153} INFO - Started process (PID=1545) to work on /home/airflow/.local/lib/python3.7/site-packages/airflow/example_dags/example_params_ui_tutorial.py
[2023-03-27T23:55:28.635+0000] {processor.py:743} INFO - Processing file /home/airflow/.local/lib/python3.7/site-packages/airflow/example_dags/example_params_ui_tutorial.py for tasks to queue
[2023-03-27T23:55:28.639+0000] {logging_mixin.py:137} INFO - [2023-03-27T23:55:28.638+0000] {dagbag.py:532} INFO - Filling up the DagBag from /home/airflow/.local/lib/python3.7/site-packages/airflow/example_dags/example_params_ui_tutorial.py
[2023-03-27T23:55:29.108+0000] {processor.py:753} INFO - DAG(s) dict_keys(['example_params_ui_tutorial']) retrieved from /home/airflow/.local/lib/python3.7/site-packages/airflow/example_dags/example_params_ui_tutorial.py
[2023-03-27T23:55:29.405+0000] {logging_mixin.py:137} INFO - [2023-03-27T23:55:29.405+0000] {dag.py:2693} INFO - Sync 1 DAGs
[2023-03-27T23:55:29.519+0000] {logging_mixin.py:137} INFO - [2023-03-27T23:55:29.519+0000] {dag.py:3444} INFO - Setting next_dagrun for example_params_ui_tutorial to None, run_after=None
[2023-03-27T23:55:30.302+0000] {processor.py:175} INFO - Processing /home/airflow/.local/lib/python3.7/site-packages/airflow/example_dags/example_params_ui_tutorial.py took 1.693 seconds
[2023-03-27T23:56:01.437+0000] {processor.py:153} INFO - Started process (PID=1596) to work on /home/airflow/.local/lib/python3.7/site-packages/airflow/example_dags/example_params_ui_tutorial.py
[2023-03-27T23:56:01.449+0000] {processor.py:743} INFO - Processing file /home/airflow/.local/lib/python3.7/site-packages/airflow/example_dags/example_params_ui_tutorial.py for tasks to queue
[2023-03-27T23:56:01.452+0000] {logging_mixin.py:137} INFO - [2023-03-27T23:56:01.452+0000] {dagbag.py:532} INFO - Filling up the DagBag from /home/airflow/.local/lib/python3.7/site-packages/airflow/example_dags/example_params_ui_tutorial.py
[2023-03-27T23:56:01.822+0000] {processor.py:753} INFO - DAG(s) dict_keys(['example_params_ui_tutorial']) retrieved from /home/airflow/.local/lib/python3.7/site-packages/airflow/example_dags/example_params_ui_tutorial.py
[2023-03-27T23:56:02.344+0000] {logging_mixin.py:137} INFO - [2023-03-27T23:56:02.344+0000] {dag.py:2693} INFO - Sync 1 DAGs
[2023-03-27T23:56:03.209+0000] {logging_mixin.py:137} INFO - [2023-03-27T23:56:03.208+0000] {dag.py:3444} INFO - Setting next_dagrun for example_params_ui_tutorial to None, run_after=None
[2023-03-27T23:56:03.311+0000] {processor.py:175} INFO - Processing /home/airflow/.local/lib/python3.7/site-packages/airflow/example_dags/example_params_ui_tutorial.py took 1.890 seconds
[2023-03-27T23:56:33.560+0000] {processor.py:153} INFO - Started process (PID=1645) to work on /home/airflow/.local/lib/python3.7/site-packages/airflow/example_dags/example_params_ui_tutorial.py
[2023-03-27T23:56:33.563+0000] {processor.py:743} INFO - Processing file /home/airflow/.local/lib/python3.7/site-packages/airflow/example_dags/example_params_ui_tutorial.py for tasks to queue
[2023-03-27T23:56:33.567+0000] {logging_mixin.py:137} INFO - [2023-03-27T23:56:33.566+0000] {dagbag.py:532} INFO - Filling up the DagBag from /home/airflow/.local/lib/python3.7/site-packages/airflow/example_dags/example_params_ui_tutorial.py
[2023-03-27T23:56:33.680+0000] {processor.py:753} INFO - DAG(s) dict_keys(['example_params_ui_tutorial']) retrieved from /home/airflow/.local/lib/python3.7/site-packages/airflow/example_dags/example_params_ui_tutorial.py
[2023-03-27T23:56:34.047+0000] {logging_mixin.py:137} INFO - [2023-03-27T23:56:34.047+0000] {dag.py:2693} INFO - Sync 1 DAGs
[2023-03-27T23:56:34.090+0000] {logging_mixin.py:137} INFO - [2023-03-27T23:56:34.089+0000] {dag.py:3444} INFO - Setting next_dagrun for example_params_ui_tutorial to None, run_after=None
[2023-03-27T23:56:34.127+0000] {processor.py:175} INFO - Processing /home/airflow/.local/lib/python3.7/site-packages/airflow/example_dags/example_params_ui_tutorial.py took 0.586 seconds
[2023-03-27T23:57:04.550+0000] {processor.py:153} INFO - Started process (PID=1694) to work on /home/airflow/.local/lib/python3.7/site-packages/airflow/example_dags/example_params_ui_tutorial.py
[2023-03-27T23:57:04.554+0000] {processor.py:743} INFO - Processing file /home/airflow/.local/lib/python3.7/site-packages/airflow/example_dags/example_params_ui_tutorial.py for tasks to queue
[2023-03-27T23:57:04.559+0000] {logging_mixin.py:137} INFO - [2023-03-27T23:57:04.558+0000] {dagbag.py:532} INFO - Filling up the DagBag from /home/airflow/.local/lib/python3.7/site-packages/airflow/example_dags/example_params_ui_tutorial.py
[2023-03-27T23:57:04.773+0000] {processor.py:753} INFO - DAG(s) dict_keys(['example_params_ui_tutorial']) retrieved from /home/airflow/.local/lib/python3.7/site-packages/airflow/example_dags/example_params_ui_tutorial.py
[2023-03-27T23:57:04.926+0000] {logging_mixin.py:137} INFO - [2023-03-27T23:57:04.925+0000] {dag.py:2693} INFO - Sync 1 DAGs
[2023-03-27T23:57:04.977+0000] {logging_mixin.py:137} INFO - [2023-03-27T23:57:04.977+0000] {dag.py:3444} INFO - Setting next_dagrun for example_params_ui_tutorial to None, run_after=None
[2023-03-27T23:57:05.023+0000] {processor.py:175} INFO - Processing /home/airflow/.local/lib/python3.7/site-packages/airflow/example_dags/example_params_ui_tutorial.py took 0.483 seconds
[2023-03-27T23:57:35.090+0000] {processor.py:153} INFO - Started process (PID=1743) to work on /home/airflow/.local/lib/python3.7/site-packages/airflow/example_dags/example_params_ui_tutorial.py
[2023-03-27T23:57:35.094+0000] {processor.py:743} INFO - Processing file /home/airflow/.local/lib/python3.7/site-packages/airflow/example_dags/example_params_ui_tutorial.py for tasks to queue
[2023-03-27T23:57:35.097+0000] {logging_mixin.py:137} INFO - [2023-03-27T23:57:35.097+0000] {dagbag.py:532} INFO - Filling up the DagBag from /home/airflow/.local/lib/python3.7/site-packages/airflow/example_dags/example_params_ui_tutorial.py
[2023-03-27T23:57:35.257+0000] {processor.py:753} INFO - DAG(s) dict_keys(['example_params_ui_tutorial']) retrieved from /home/airflow/.local/lib/python3.7/site-packages/airflow/example_dags/example_params_ui_tutorial.py
[2023-03-27T23:57:35.425+0000] {logging_mixin.py:137} INFO - [2023-03-27T23:57:35.424+0000] {dag.py:2693} INFO - Sync 1 DAGs
[2023-03-27T23:57:35.480+0000] {logging_mixin.py:137} INFO - [2023-03-27T23:57:35.480+0000] {dag.py:3444} INFO - Setting next_dagrun for example_params_ui_tutorial to None, run_after=None
[2023-03-27T23:57:35.795+0000] {processor.py:175} INFO - Processing /home/airflow/.local/lib/python3.7/site-packages/airflow/example_dags/example_params_ui_tutorial.py took 0.719 seconds
[2023-03-27T23:58:06.122+0000] {processor.py:153} INFO - Started process (PID=1794) to work on /home/airflow/.local/lib/python3.7/site-packages/airflow/example_dags/example_params_ui_tutorial.py
[2023-03-27T23:58:06.132+0000] {processor.py:743} INFO - Processing file /home/airflow/.local/lib/python3.7/site-packages/airflow/example_dags/example_params_ui_tutorial.py for tasks to queue
[2023-03-27T23:58:06.134+0000] {logging_mixin.py:137} INFO - [2023-03-27T23:58:06.134+0000] {dagbag.py:532} INFO - Filling up the DagBag from /home/airflow/.local/lib/python3.7/site-packages/airflow/example_dags/example_params_ui_tutorial.py
[2023-03-27T23:58:06.257+0000] {processor.py:753} INFO - DAG(s) dict_keys(['example_params_ui_tutorial']) retrieved from /home/airflow/.local/lib/python3.7/site-packages/airflow/example_dags/example_params_ui_tutorial.py
[2023-03-27T23:58:06.452+0000] {logging_mixin.py:137} INFO - [2023-03-27T23:58:06.451+0000] {dag.py:2693} INFO - Sync 1 DAGs
[2023-03-27T23:58:06.724+0000] {logging_mixin.py:137} INFO - [2023-03-27T23:58:06.724+0000] {dag.py:3444} INFO - Setting next_dagrun for example_params_ui_tutorial to None, run_after=None
[2023-03-27T23:58:06.760+0000] {processor.py:175} INFO - Processing /home/airflow/.local/lib/python3.7/site-packages/airflow/example_dags/example_params_ui_tutorial.py took 0.652 seconds
[2023-03-27T23:58:36.873+0000] {processor.py:153} INFO - Started process (PID=1842) to work on /home/airflow/.local/lib/python3.7/site-packages/airflow/example_dags/example_params_ui_tutorial.py
[2023-03-27T23:58:36.876+0000] {processor.py:743} INFO - Processing file /home/airflow/.local/lib/python3.7/site-packages/airflow/example_dags/example_params_ui_tutorial.py for tasks to queue
[2023-03-27T23:58:36.878+0000] {logging_mixin.py:137} INFO - [2023-03-27T23:58:36.878+0000] {dagbag.py:532} INFO - Filling up the DagBag from /home/airflow/.local/lib/python3.7/site-packages/airflow/example_dags/example_params_ui_tutorial.py
[2023-03-27T23:58:37.018+0000] {processor.py:753} INFO - DAG(s) dict_keys(['example_params_ui_tutorial']) retrieved from /home/airflow/.local/lib/python3.7/site-packages/airflow/example_dags/example_params_ui_tutorial.py
[2023-03-27T23:58:37.368+0000] {logging_mixin.py:137} INFO - [2023-03-27T23:58:37.368+0000] {dag.py:2693} INFO - Sync 1 DAGs
[2023-03-27T23:58:37.412+0000] {logging_mixin.py:137} INFO - [2023-03-27T23:58:37.412+0000] {dag.py:3444} INFO - Setting next_dagrun for example_params_ui_tutorial to None, run_after=None
[2023-03-27T23:58:37.445+0000] {processor.py:175} INFO - Processing /home/airflow/.local/lib/python3.7/site-packages/airflow/example_dags/example_params_ui_tutorial.py took 0.578 seconds
[2023-03-27T23:59:07.871+0000] {processor.py:153} INFO - Started process (PID=1891) to work on /home/airflow/.local/lib/python3.7/site-packages/airflow/example_dags/example_params_ui_tutorial.py
[2023-03-27T23:59:07.875+0000] {processor.py:743} INFO - Processing file /home/airflow/.local/lib/python3.7/site-packages/airflow/example_dags/example_params_ui_tutorial.py for tasks to queue
[2023-03-27T23:59:07.880+0000] {logging_mixin.py:137} INFO - [2023-03-27T23:59:07.879+0000] {dagbag.py:532} INFO - Filling up the DagBag from /home/airflow/.local/lib/python3.7/site-packages/airflow/example_dags/example_params_ui_tutorial.py
[2023-03-27T23:59:08.019+0000] {processor.py:753} INFO - DAG(s) dict_keys(['example_params_ui_tutorial']) retrieved from /home/airflow/.local/lib/python3.7/site-packages/airflow/example_dags/example_params_ui_tutorial.py
[2023-03-27T23:59:08.208+0000] {logging_mixin.py:137} INFO - [2023-03-27T23:59:08.208+0000] {dag.py:2693} INFO - Sync 1 DAGs
[2023-03-27T23:59:08.271+0000] {logging_mixin.py:137} INFO - [2023-03-27T23:59:08.270+0000] {dag.py:3444} INFO - Setting next_dagrun for example_params_ui_tutorial to None, run_after=None
[2023-03-27T23:59:08.316+0000] {processor.py:175} INFO - Processing /home/airflow/.local/lib/python3.7/site-packages/airflow/example_dags/example_params_ui_tutorial.py took 0.464 seconds
[2023-03-27T23:59:38.778+0000] {processor.py:153} INFO - Started process (PID=1940) to work on /home/airflow/.local/lib/python3.7/site-packages/airflow/example_dags/example_params_ui_tutorial.py
[2023-03-27T23:59:38.812+0000] {processor.py:743} INFO - Processing file /home/airflow/.local/lib/python3.7/site-packages/airflow/example_dags/example_params_ui_tutorial.py for tasks to queue
[2023-03-27T23:59:38.814+0000] {logging_mixin.py:137} INFO - [2023-03-27T23:59:38.814+0000] {dagbag.py:532} INFO - Filling up the DagBag from /home/airflow/.local/lib/python3.7/site-packages/airflow/example_dags/example_params_ui_tutorial.py
[2023-03-27T23:59:39.509+0000] {processor.py:753} INFO - DAG(s) dict_keys(['example_params_ui_tutorial']) retrieved from /home/airflow/.local/lib/python3.7/site-packages/airflow/example_dags/example_params_ui_tutorial.py
[2023-03-27T23:59:40.936+0000] {logging_mixin.py:137} INFO - [2023-03-27T23:59:40.936+0000] {dag.py:2693} INFO - Sync 1 DAGs
[2023-03-27T23:59:41.285+0000] {logging_mixin.py:137} INFO - [2023-03-27T23:59:41.285+0000] {dag.py:3444} INFO - Setting next_dagrun for example_params_ui_tutorial to None, run_after=None
[2023-03-27T23:59:44.229+0000] {processor.py:175} INFO - Processing /home/airflow/.local/lib/python3.7/site-packages/airflow/example_dags/example_params_ui_tutorial.py took 5.476 seconds
