[2023-03-27T11:31:07.630+0000] {processor.py:153} INFO - Started process (PID=140) to work on /home/airflow/.local/lib/python3.7/site-packages/airflow/example_dags/example_sensors.py
[2023-03-27T11:31:07.763+0000] {processor.py:743} INFO - Processing file /home/airflow/.local/lib/python3.7/site-packages/airflow/example_dags/example_sensors.py for tasks to queue
[2023-03-27T11:31:07.937+0000] {logging_mixin.py:137} INFO - [2023-03-27T11:31:07.937+0000] {dagbag.py:532} INFO - Filling up the DagBag from /home/airflow/.local/lib/python3.7/site-packages/airflow/example_dags/example_sensors.py
[2023-03-27T11:31:15.801+0000] {processor.py:753} INFO - DAG(s) dict_keys(['example_sensors']) retrieved from /home/airflow/.local/lib/python3.7/site-packages/airflow/example_dags/example_sensors.py
[2023-03-27T11:31:30.728+0000] {processor.py:178} ERROR - Got an exception! Propagating...
Traceback (most recent call last):
  File "/home/airflow/.local/lib/python3.7/site-packages/sqlalchemy/engine/base.py", line 3361, in _wrap_pool_connect
    return fn()
  File "/home/airflow/.local/lib/python3.7/site-packages/sqlalchemy/pool/base.py", line 327, in connect
    return _ConnectionFairy._checkout(self)
  File "/home/airflow/.local/lib/python3.7/site-packages/sqlalchemy/pool/base.py", line 894, in _checkout
    fairy = _ConnectionRecord.checkout(pool)
  File "/home/airflow/.local/lib/python3.7/site-packages/sqlalchemy/pool/base.py", line 498, in checkout
    rec._checkin_failed(err, _fairy_was_created=False)
  File "/home/airflow/.local/lib/python3.7/site-packages/sqlalchemy/util/langhelpers.py", line 72, in __exit__
    with_traceback=exc_tb,
  File "/home/airflow/.local/lib/python3.7/site-packages/sqlalchemy/util/compat.py", line 211, in raise_
    raise exception
  File "/home/airflow/.local/lib/python3.7/site-packages/sqlalchemy/pool/base.py", line 495, in checkout
    dbapi_connection = rec.get_connection()
  File "/home/airflow/.local/lib/python3.7/site-packages/sqlalchemy/pool/base.py", line 630, in get_connection
    self.__connect()
  File "/home/airflow/.local/lib/python3.7/site-packages/sqlalchemy/pool/base.py", line 691, in __connect
    pool.logger.debug("Error on connect(): %s", e)
  File "/home/airflow/.local/lib/python3.7/site-packages/sqlalchemy/util/langhelpers.py", line 72, in __exit__
    with_traceback=exc_tb,
  File "/home/airflow/.local/lib/python3.7/site-packages/sqlalchemy/util/compat.py", line 211, in raise_
    raise exception
  File "/home/airflow/.local/lib/python3.7/site-packages/sqlalchemy/pool/base.py", line 686, in __connect
    self.dbapi_connection = connection = pool._invoke_creator(self)
  File "/home/airflow/.local/lib/python3.7/site-packages/sqlalchemy/engine/create.py", line 578, in connect
    return dialect.connect(*cargs, **cparams)
  File "/home/airflow/.local/lib/python3.7/site-packages/sqlalchemy/engine/default.py", line 598, in connect
    return self.dbapi.connect(*cargs, **cparams)
  File "/home/airflow/.local/lib/python3.7/site-packages/psycopg2/__init__.py", line 122, in connect
    conn = _connect(dsn, connection_factory=connection_factory, **kwasync)
psycopg2.OperationalError: connection to server at "postgres" (172.19.0.4), port 5432 failed: Connection refused
	Is the server running on that host and accepting TCP/IP connections?


The above exception was the direct cause of the following exception:

Traceback (most recent call last):
  File "/home/airflow/.local/lib/python3.7/site-packages/airflow/dag_processing/processor.py", line 174, in _run_file_processor
    _handle_dag_file_processing()
  File "/home/airflow/.local/lib/python3.7/site-packages/airflow/dag_processing/processor.py", line 158, in _handle_dag_file_processing
    callback_requests=callback_requests,
  File "/home/airflow/.local/lib/python3.7/site-packages/airflow/utils/session.py", line 75, in wrapper
    return func(*args, session=session, **kwargs)
  File "/home/airflow/.local/lib/python3.7/site-packages/airflow/dag_processing/processor.py", line 768, in process_file
    dagbag.sync_to_db(processor_subdir=self._dag_dire[2023-03-27T11:50:01.624+0000] {processor.py:153} INFO - Started process (PID=130) to work on /home/airflow/.local/lib/python3.7/site-packages/airflow/example_dags/example_sensors.py
[2023-03-27T11:50:01.713+0000] {processor.py:743} INFO - Processing file /home/airflow/.local/lib/python3.7/site-packages/airflow/example_dags/example_sensors.py for tasks to queue
[2023-03-27T11:50:01.863+0000] {logging_mixin.py:137} INFO - [2023-03-27T11:50:01.825+0000] {dagbag.py:532} INFO - Filling up the DagBag from /home/airflow/.local/lib/python3.7/site-packages/airflow/example_dags/example_sensors.py
[2023-03-27T11:50:03.676+0000] {processor.py:753} INFO - DAG(s) dict_keys(['example_sensors']) retrieved from /home/airflow/.local/lib/python3.7/site-packages/airflow/example_dags/example_sensors.py
[2023-03-27T11:50:04.787+0000] {logging_mixin.py:137} INFO - [2023-03-27T11:50:04.786+0000] {dag.py:2693} INFO - Sync 1 DAGs
[2023-03-27T11:50:06.340+0000] {logging_mixin.py:137} INFO - [2023-03-27T11:50:06.324+0000] {dag.py:3444} INFO - Setting next_dagrun for example_sensors to None, run_after=None
[2023-03-27T11:50:08.442+0000] {processor.py:175} INFO - Processing /home/airflow/.local/lib/python3.7/site-packages/airflow/example_dags/example_sensors.py took 7.092 seconds
[2023-03-27T13:24:53.472+0000] {processor.py:153} INFO - Started process (PID=201) to work on /home/airflow/.local/lib/python3.7/site-packages/airflow/example_dags/example_sensors.py
[2023-03-27T13:24:53.528+0000] {processor.py:743} INFO - Processing file /home/airflow/.local/lib/python3.7/site-packages/airflow/example_dags/example_sensors.py for tasks to queue
[2023-03-27T13:24:53.551+0000] {logging_mixin.py:137} INFO - [2023-03-27T13:24:53.550+0000] {dagbag.py:532} INFO - Filling up the DagBag from /home/airflow/.local/lib/python3.7/site-packages/airflow/example_dags/example_sensors.py
[2023-03-27T13:24:57.777+0000] {processor.py:753} INFO - DAG(s) dict_keys(['example_sensors']) retrieved from /home/airflow/.local/lib/python3.7/site-packages/airflow/example_dags/example_sensors.py
[2023-03-27T13:24:59.120+0000] {logging_mixin.py:137} INFO - [2023-03-27T13:24:59.120+0000] {dag.py:2693} INFO - Sync 1 DAGs
[2023-03-27T13:25:02.151+0000] {logging_mixin.py:137} INFO - [2023-03-27T13:25:02.121+0000] {dag.py:3444} INFO - Setting next_dagrun for example_sensors to None, run_after=None
[2023-03-27T13:25:03.147+0000] {processor.py:175} INFO - Processing /home/airflow/.local/lib/python3.7/site-packages/airflow/example_dags/example_sensors.py took 10.459 seconds
[2023-03-27T13:27:42.859+0000] {processor.py:153} INFO - Started process (PID=270) to work on /home/airflow/.local/lib/python3.7/site-packages/airflow/example_dags/example_sensors.py
[2023-03-27T13:27:42.881+0000] {processor.py:743} INFO - Processing file /home/airflow/.local/lib/python3.7/site-packages/airflow/example_dags/example_sensors.py for tasks to queue
[2023-03-27T13:27:42.897+0000] {logging_mixin.py:137} INFO - [2023-03-27T13:27:42.888+0000] {dagbag.py:532} INFO - Filling up the DagBag from /home/airflow/.local/lib/python3.7/site-packages/airflow/example_dags/example_sensors.py
[2023-03-27T13:27:43.750+0000] {processor.py:753} INFO - DAG(s) dict_keys(['example_sensors']) retrieved from /home/airflow/.local/lib/python3.7/site-packages/airflow/example_dags/example_sensors.py
[2023-03-27T13:27:45.432+0000] {logging_mixin.py:137} INFO - [2023-03-27T13:27:45.431+0000] {dag.py:2693} INFO - Sync 1 DAGs
[2023-03-27T13:27:46.228+0000] {logging_mixin.py:137} INFO - [2023-03-27T13:27:46.227+0000] {dag.py:3444} INFO - Setting next_dagrun for example_sensors to None, run_after=None
[2023-03-27T13:27:47.859+0000] {processor.py:175} INFO - Processing /home/airflow/.local/lib/python3.7/site-packages/airflow/example_dags/example_sensors.py took 5.085 seconds
[2023-03-27T13:31:37.323+0000] {processor.py:153} INFO - Started process (PID=383) to work on /home/airflow/.local/lib/python3.7/site-packages/airflow/example_dags/example_sensors.py
[2023-03-27T13:31:37.469+0000] {processor.py:743} INFO - Processing file /home/airflow/.local/lib/python3.7/site-packages/airflow/example_dags/example_sensors.py for tasks to queue
[2023-03-27T13:31:37.502+0000] {logging_mixin.py:137} INFO - [2023-03-27T13:31:37.500+0000] {dagbag.py:532} INFO - Filling up the DagBag from /home/airflow/.local/lib/python3.7/site-packages/airflow/example_dags/example_sensors.py
[2023-03-27T13:31:38.758+0000] {processor.py:753} INFO - DAG(s) dict_keys(['example_sensors']) retrieved from /home/airflow/.local/lib/python3.7/site-packages/airflow/example_dags/example_sensors.py
[2023-03-27T13:31:40.280+0000] {logging_mixin.py:137} INFO - [2023-03-27T13:31:40.280+0000] {dag.py:2693} INFO - Sync 1 DAGs
[2023-03-27T13:31:41.405+0000] {logging_mixin.py:137} INFO - [2023-03-27T13:31:41.404+0000] {dag.py:3444} INFO - Setting next_dagrun for example_sensors to None, run_after=None
[2023-03-27T13:31:42.373+0000] {processor.py:175} INFO - Processing /home/airflow/.local/lib/python3.7/site-packages/airflow/example_dags/example_sensors.py took 5.052 seconds
[2023-03-27T13:35:30.092+0000] {processor.py:153} INFO - Started process (PID=500) to work on /home/airflow/.local/lib/python3.7/site-packages/airflow/example_dags/example_sensors.py
[2023-03-27T13:35:30.165+0000] {processor.py:743} INFO - Processing file /home/airflow/.local/lib/python3.7/site-packages/airflow/example_dags/example_sensors.py for tasks to queue
[2023-03-27T13:35:30.265+0000] {logging_mixin.py:137} INFO - [2023-03-27T13:35:30.252+0000] {dagbag.py:532} INFO - Filling up the DagBag from /home/airflow/.local/lib/python3.7/site-packages/airflow/example_dags/example_sensors.py
[2023-03-27T13:35:30.943+0000] {processor.py:753} INFO - DAG(s) dict_keys(['example_sensors']) retrieved from /home/airflow/.local/lib/python3.7/site-packages/airflow/example_dags/example_sensors.py
[2023-03-27T13:35:31.393+0000] {logging_mixin.py:137} INFO - [2023-03-27T13:35:31.392+0000] {dag.py:2693} INFO - Sync 1 DAGs
[2023-03-27T13:35:31.977+0000] {logging_mixin.py:137} INFO - [2023-03-27T13:35:31.977+0000] {dag.py:3444} INFO - Setting next_dagrun for example_sensors to None, run_after=None
[2023-03-27T13:35:32.467+0000] {processor.py:175} INFO - Processing /home/airflow/.local/lib/python3.7/site-packages/airflow/example_dags/example_sensors.py took 2.469 seconds
[2023-03-27T13:38:45.543+0000] {processor.py:153} INFO - Started process (PID=601) to work on /home/airflow/.local/lib/python3.7/site-packages/airflow/example_dags/example_sensors.py
[2023-03-27T13:38:45.590+0000] {processor.py:743} INFO - Processing file /home/airflow/.local/lib/python3.7/site-packages/airflow/example_dags/example_sensors.py for tasks to queue
[2023-03-27T13:38:45.619+0000] {logging_mixin.py:137} INFO - [2023-03-27T13:38:45.613+0000] {dagbag.py:532} INFO - Filling up the DagBag from /home/airflow/.local/lib/python3.7/site-packages/airflow/example_dags/example_sensors.py
[2023-03-27T13:38:46.432+0000] {processor.py:753} INFO - DAG(s) dict_keys(['example_sensors']) retrieved from /home/airflow/.local/lib/python3.7/site-packages/airflow/example_dags/example_sensors.py
[2023-03-27T13:38:47.146+0000] {logging_mixin.py:137} INFO - [2023-03-27T13:38:47.145+0000] {dag.py:2693} INFO - Sync 1 DAGs
[2023-03-27T13:38:47.590+0000] {logging_mixin.py:137} INFO - [2023-03-27T13:38:47.590+0000] {dag.py:3444} INFO - Setting next_dagrun for example_sensors to None, run_after=None
[2023-03-27T13:38:48.277+0000] {processor.py:175} INFO - Processing /home/airflow/.local/lib/python3.7/site-packages/airflow/example_dags/example_sensors.py took 2.833 seconds
[2023-03-27T13:41:26.160+0000] {processor.py:153} INFO - Started process (PID=687) to work on /home/airflow/.local/lib/python3.7/site-packages/airflow/example_dags/example_sensors.py
[2023-03-27T13:41:26.196+0000] {processor.py:743} INFO - Processing file /home/airflow/.local/lib/python3.7/site-packages/airflow/example_dags/example_sensors.py for tasks to queue
[2023-03-27T13:41:26.211+0000] {logging_mixin.py:137} INFO - [2023-03-27T13:41:26.211+0000] {dagbag.py:532} INFO - Filling up the DagBag from /home/airflow/.local/lib/python3.7/site-packages/airflow/example_dags/example_sensors.py
[2023-03-27T13:41:26.674+0000] {processor.py:753} INFO - DAG(s) dict_keys(['example_sensors']) retrieved from /home/airflow/.local/lib/python3.7/site-packages/airflow/example_dags/example_sensors.py
[2023-03-27T13:41:27.278+0000] {logging_mixin.py:137} INFO - [2023-03-27T13:41:27.276+0000] {dag.py:2693} INFO - Sync 1 DAGs
[2023-03-27T13:41:27.910+0000] {logging_mixin.py:137} INFO - [2023-03-27T13:41:27.908+0000] {dag.py:3444} INFO - Setting next_dagrun for example_sensors to None, run_after=None
[2023-03-27T13:41:28.564+0000] {processor.py:175} INFO - Processing /home/airflow/.local/lib/python3.7/site-packages/airflow/example_dags/example_sensors.py took 2.496 seconds
[2023-03-27T13:45:27.837+0000] {processor.py:153} INFO - Started process (PID=798) to work on /home/airflow/.local/lib/python3.7/site-packages/airflow/example_dags/example_sensors.py
[2023-03-27T13:45:27.871+0000] {processor.py:743} INFO - Processing file /home/airflow/.local/lib/python3.7/site-packages/airflow/example_dags/example_sensors.py for tasks to queue
[2023-03-27T13:45:27.891+0000] {logging_mixin.py:137} INFO - [2023-03-27T13:45:27.891+0000] {dagbag.py:532} INFO - Filling up the DagBag from /home/airflow/.local/lib/python3.7/site-packages/airflow/example_dags/example_sensors.py
[2023-03-27T13:45:29.332+0000] {processor.py:753} INFO - DAG(s) dict_keys(['example_sensors']) retrieved from /home/airflow/.local/lib/python3.7/site-packages/airflow/example_dags/example_sensors.py
[2023-03-27T13:45:29.927+0000] {logging_mixin.py:137} INFO - [2023-03-27T13:45:29.926+0000] {dag.py:2693} INFO - Sync 1 DAGs
[2023-03-27T13:45:31.127+0000] {logging_mixin.py:137} INFO - [2023-03-27T13:45:31.126+0000] {dag.py:3444} INFO - Setting next_dagrun for example_sensors to None, run_after=None
[2023-03-27T13:45:31.971+0000] {processor.py:175} INFO - Processing /home/airflow/.local/lib/python3.7/site-packages/airflow/example_dags/example_sensors.py took 4.317 seconds
[2023-03-27T18:08:22.099+0000] {processor.py:153} INFO - Started process (PID=198) to work on /home/airflow/.local/lib/python3.7/site-packages/airflow/example_dags/example_sensors.py
[2023-03-27T18:08:22.109+0000] {processor.py:743} INFO - Processing file /home/airflow/.local/lib/python3.7/site-packages/airflow/example_dags/example_sensors.py for tasks to queue
[2023-03-27T18:08:22.129+0000] {logging_mixin.py:137} INFO - [2023-03-27T18:08:22.128+0000] {dagbag.py:532} INFO - Filling up the DagBag from /home/airflow/.local/lib/python3.7/site-packages/airflow/example_dags/example_sensors.py
[2023-03-27T18:08:23.450+0000] {processor.py:753} INFO - DAG(s) dict_keys(['example_sensors']) retrieved from /home/airflow/.local/lib/python3.7/site-packages/airflow/example_dags/example_sensors.py
[2023-03-27T18:08:25.364+0000] {logging_mixin.py:137} INFO - [2023-03-27T18:08:25.342+0000] {dag.py:2693} INFO - Sync 1 DAGs
[2023-03-27T18:08:26.231+0000] {logging_mixin.py:137} INFO - [2023-03-27T18:08:26.231+0000] {dag.py:3444} INFO - Setting next_dagrun for example_sensors to None, run_after=None
[2023-03-27T18:08:28.711+0000] {processor.py:175} INFO - Processing /home/airflow/.local/lib/python3.7/site-packages/airflow/example_dags/example_sensors.py took 6.621 seconds
[2023-03-27T18:14:03.173+0000] {processor.py:153} INFO - Started process (PID=295) to work on /home/airflow/.local/lib/python3.7/site-packages/airflow/example_dags/example_sensors.py
[2023-03-27T18:14:03.253+0000] {processor.py:743} INFO - Processing file /home/airflow/.local/lib/python3.7/site-packages/airflow/example_dags/example_sensors.py for tasks to queue
[2023-03-27T18:14:03.300+0000] {logging_mixin.py:137} INFO - [2023-03-27T18:14:03.299+0000] {dagbag.py:532} INFO - Filling up the DagBag from /home/airflow/.local/lib/python3.7/site-packages/airflow/example_dags/example_sensors.py
[2023-03-27T18:14:05.163+0000] {processor.py:753} INFO - DAG(s) dict_keys(['example_sensors']) retrieved from /home/airflow/.local/lib/python3.7/site-packages/airflow/example_dags/example_sensors.py
[2023-03-27T18:14:08.261+0000] {logging_mixin.py:137} INFO - [2023-03-27T18:14:08.261+0000] {dag.py:2693} INFO - Sync 1 DAGs
[2023-03-27T18:14:08.970+0000] {logging_mixin.py:137} INFO - [2023-03-27T18:14:08.970+0000] {dag.py:3444} INFO - Setting next_dagrun for example_sensors to None, run_after=None
[2023-03-27T18:14:09.812+0000] {processor.py:175} INFO - Processing /home/airflow/.local/lib/python3.7/site-packages/airflow/example_dags/example_sensors.py took 7.105 seconds
[2023-03-27T18:24:23.282+0000] {processor.py:153} INFO - Started process (PID=480) to work on /home/airflow/.local/lib/python3.7/site-packages/airflow/example_dags/example_sensors.py
[2023-03-27T18:24:23.356+0000] {processor.py:743} INFO - Processing file /home/airflow/.local/lib/python3.7/site-packages/airflow/example_dags/example_sensors.py for tasks to queue
[2023-03-27T18:24:23.420+0000] {logging_mixin.py:137} INFO - [2023-03-27T18:24:23.419+0000] {dagbag.py:532} INFO - Filling up the DagBag from /home/airflow/.local/lib/python3.7/site-packages/airflow/example_dags/example_sensors.py
[2023-03-27T18:24:24.602+0000] {processor.py:753} INFO - DAG(s) dict_keys(['example_sensors']) retrieved from /home/airflow/.local/lib/python3.7/site-packages/airflow/example_dags/example_sensors.py
[2023-03-27T18:24:25.770+0000] {logging_mixin.py:137} INFO - [2023-03-27T18:24:25.769+0000] {dag.py:2693} INFO - Sync 1 DAGs
[2023-03-27T18:24:28.018+0000] {logging_mixin.py:137} INFO - [2023-03-27T18:24:27.999+0000] {dag.py:3444} INFO - Setting next_dagrun for example_sensors to None, run_after=None
[2023-03-27T18:24:29.224+0000] {processor.py:175} INFO - Processing /home/airflow/.local/lib/python3.7/site-packages/airflow/example_dags/example_sensors.py took 6.295 seconds
[2023-03-27T18:29:28.627+0000] {processor.py:153} INFO - Started process (PID=603) to work on /home/airflow/.local/lib/python3.7/site-packages/airflow/example_dags/example_sensors.py
[2023-03-27T18:29:28.764+0000] {processor.py:743} INFO - Processing file /home/airflow/.local/lib/python3.7/site-packages/airflow/example_dags/example_sensors.py for tasks to queue
[2023-03-27T18:29:28.784+0000] {logging_mixin.py:137} INFO - [2023-03-27T18:29:28.784+0000] {dagbag.py:532} INFO - Filling up the DagBag from /home/airflow/.local/lib/python3.7/site-packages/airflow/example_dags/example_sensors.py
[2023-03-27T18:29:29.821+0000] {processor.py:753} INFO - DAG(s) dict_keys(['example_sensors']) retrieved from /home/airflow/.local/lib/python3.7/site-packages/airflow/example_dags/example_sensors.py
[2023-03-27T18:29:31.400+0000] {logging_mixin.py:137} INFO - [2023-03-27T18:29:31.391+0000] {dag.py:2693} INFO - Sync 1 DAGs
[2023-03-27T18:29:32.451+0000] {logging_mixin.py:137} INFO - [2023-03-27T18:29:32.451+0000] {dag.py:3444} INFO - Setting next_dagrun for example_sensors to None, run_after=None
[2023-03-27T18:29:32.865+0000] {processor.py:175} INFO - Processing /home/airflow/.local/lib/python3.7/site-packages/airflow/example_dags/example_sensors.py took 4.249 seconds
[2023-03-27T18:30:59.189+0000] {processor.py:153} INFO - Started process (PID=668) to work on /home/airflow/.local/lib/python3.7/site-packages/airflow/example_dags/example_sensors.py
[2023-03-27T18:30:59.206+0000] {processor.py:743} INFO - Processing file /home/airflow/.local/lib/python3.7/site-packages/airflow/example_dags/example_sensors.py for tasks to queue
[2023-03-27T18:30:59.219+0000] {logging_mixin.py:137} INFO - [2023-03-27T18:30:59.219+0000] {dagbag.py:532} INFO - Filling up the DagBag from /home/airflow/.local/lib/python3.7/site-packages/airflow/example_dags/example_sensors.py
[2023-03-27T18:30:59.398+0000] {processor.py:753} INFO - DAG(s) dict_keys(['example_sensors']) retrieved from /home/airflow/.local/lib/python3.7/site-packages/airflow/example_dags/example_sensors.py
[2023-03-27T18:30:59.615+0000] {logging_mixin.py:137} INFO - [2023-03-27T18:30:59.615+0000] {dag.py:2693} INFO - Sync 1 DAGs
[2023-03-27T18:30:59.816+0000] {logging_mixin.py:137} INFO - [2023-03-27T18:30:59.816+0000] {dag.py:3444} INFO - Setting next_dagrun for example_sensors to None, run_after=None
[2023-03-27T18:31:00.309+0000] {processor.py:175} INFO - Processing /home/airflow/.local/lib/python3.7/site-packages/airflow/example_dags/example_sensors.py took 1.139 seconds
[2023-03-27T21:07:35.129+0000] {processor.py:153} INFO - Started process (PID=749) to work on /home/airflow/.local/lib/python3.7/site-packages/airflow/example_dags/example_sensors.py
[2023-03-27T21:07:35.177+0000] {processor.py:743} INFO - Processing file /home/airflow/.local/lib/python3.7/site-packages/airflow/example_dags/example_sensors.py for tasks to queue
[2023-03-27T21:07:35.189+0000] {logging_mixin.py:137} INFO - [2023-03-27T21:07:35.189+0000] {dagbag.py:532} INFO - Filling up the DagBag from /home/airflow/.local/lib/python3.7/site-packages/airflow/example_dags/example_sensors.py
[2023-03-27T21:07:35.446+0000] {processor.py:753} INFO - DAG(s) dict_keys(['example_sensors']) retrieved from /home/airflow/.local/lib/python3.7/site-packages/airflow/example_dags/example_sensors.py
[2023-03-27T21:07:35.692+0000] {logging_mixin.py:137} INFO - [2023-03-27T21:07:35.692+0000] {dag.py:2693} INFO - Sync 1 DAGs
[2023-03-27T21:07:35.967+0000] {logging_mixin.py:137} INFO - [2023-03-27T21:07:35.967+0000] {dag.py:3444} INFO - Setting next_dagrun for example_sensors to None, run_after=None
[2023-03-27T21:07:36.756+0000] {processor.py:175} INFO - Processing /home/airflow/.local/lib/python3.7/site-packages/airflow/example_dags/example_sensors.py took 1.720 seconds
[2023-03-27T21:41:52.252+0000] {processor.py:153} INFO - Started process (PID=824) to work on /home/airflow/.local/lib/python3.7/site-packages/airflow/example_dags/example_sensors.py
[2023-03-27T21:41:52.274+0000] {processor.py:743} INFO - Processing file /home/airflow/.local/lib/python3.7/site-packages/airflow/example_dags/example_sensors.py for tasks to queue
[2023-03-27T21:41:52.290+0000] {logging_mixin.py:137} INFO - [2023-03-27T21:41:52.290+0000] {dagbag.py:532} INFO - Filling up the DagBag from /home/airflow/.local/lib/python3.7/site-packages/airflow/example_dags/example_sensors.py
[2023-03-27T21:41:53.222+0000] {processor.py:753} INFO - DAG(s) dict_keys(['example_sensors']) retrieved from /home/airflow/.local/lib/python3.7/site-packages/airflow/example_dags/example_sensors.py
[2023-03-27T21:41:53.570+0000] {logging_mixin.py:137} INFO - [2023-03-27T21:41:53.570+0000] {dag.py:2693} INFO - Sync 1 DAGs
[2023-03-27T21:41:54.503+0000] {logging_mixin.py:137} INFO - [2023-03-27T21:41:54.503+0000] {dag.py:3444} INFO - Setting next_dagrun for example_sensors to None, run_after=None
[2023-03-27T21:41:55.134+0000] {processor.py:175} INFO - Processing /home/airflow/.local/lib/python3.7/site-packages/airflow/example_dags/example_sensors.py took 2.935 seconds
[2023-03-27T21:46:34.471+0000] {processor.py:153} INFO - Started process (PID=944) to work on /home/airflow/.local/lib/python3.7/site-packages/airflow/example_dags/example_sensors.py
[2023-03-27T21:46:34.561+0000] {processor.py:743} INFO - Processing file /home/airflow/.local/lib/python3.7/site-packages/airflow/example_dags/example_sensors.py for tasks to queue
[2023-03-27T21:46:34.575+0000] {logging_mixin.py:137} INFO - [2023-03-27T21:46:34.575+0000] {dagbag.py:532} INFO - Filling up the DagBag from /home/airflow/.local/lib/python3.7/site-packages/airflow/example_dags/example_sensors.py
[2023-03-27T21:46:35.448+0000] {processor.py:753} INFO - DAG(s) dict_keys(['example_sensors']) retrieved from /home/airflow/.local/lib/python3.7/site-packages/airflow/example_dags/example_sensors.py
[2023-03-27T21:46:36.196+0000] {logging_mixin.py:137} INFO - [2023-03-27T21:46:36.180+0000] {dag.py:2693} INFO - Sync 1 DAGs
[2023-03-27T21:46:37.630+0000] {logging_mixin.py:137} INFO - [2023-03-27T21:46:37.630+0000] {dag.py:3444} INFO - Setting next_dagrun for example_sensors to None, run_after=None
[2023-03-27T21:46:38.166+0000] {processor.py:175} INFO - Processing /home/airflow/.local/lib/python3.7/site-packages/airflow/example_dags/example_sensors.py took 3.834 seconds
[2023-03-27T21:52:49.162+0000] {processor.py:153} INFO - Started process (PID=1080) to work on /home/airflow/.local/lib/python3.7/site-packages/airflow/example_dags/example_sensors.py
[2023-03-27T21:52:49.189+0000] {processor.py:743} INFO - Processing file /home/airflow/.local/lib/python3.7/site-packages/airflow/example_dags/example_sensors.py for tasks to queue
[2023-03-27T21:52:49.203+0000] {logging_mixin.py:137} INFO - [2023-03-27T21:52:49.201+0000] {dagbag.py:532} INFO - Filling up the DagBag from /home/airflow/.local/lib/python3.7/site-packages/airflow/example_dags/example_sensors.py
[2023-03-27T21:52:49.412+0000] {processor.py:753} INFO - DAG(s) dict_keys(['example_sensors']) retrieved from /home/airflow/.local/lib/python3.7/site-packages/airflow/example_dags/example_sensors.py
[2023-03-27T21:52:49.695+0000] {logging_mixin.py:137} INFO - [2023-03-27T21:52:49.694+0000] {dag.py:2693} INFO - Sync 1 DAGs
[2023-03-27T21:52:49.885+0000] {logging_mixin.py:137} INFO - [2023-03-27T21:52:49.885+0000] {dag.py:3444} INFO - Setting next_dagrun for example_sensors to None, run_after=None
[2023-03-27T21:52:50.206+0000] {processor.py:175} INFO - Processing /home/airflow/.local/lib/python3.7/site-packages/airflow/example_dags/example_sensors.py took 1.060 seconds
[2023-03-27T21:53:29.723+0000] {processor.py:153} INFO - Started process (PID=1137) to work on /home/airflow/.local/lib/python3.7/site-packages/airflow/example_dags/example_sensors.py
[2023-03-27T21:53:29.738+0000] {processor.py:743} INFO - Processing file /home/airflow/.local/lib/python3.7/site-packages/airflow/example_dags/example_sensors.py for tasks to queue
[2023-03-27T21:53:29.811+0000] {logging_mixin.py:137} INFO - [2023-03-27T21:53:29.770+0000] {dagbag.py:532} INFO - Filling up the DagBag from /home/airflow/.local/lib/python3.7/site-packages/airflow/example_dags/example_sensors.py
[2023-03-27T21:53:30.855+0000] {processor.py:753} INFO - DAG(s) dict_keys(['example_sensors']) retrieved from /home/airflow/.local/lib/python3.7/site-packages/airflow/example_dags/example_sensors.py
[2023-03-27T21:53:31.839+0000] {logging_mixin.py:137} INFO - [2023-03-27T21:53:31.839+0000] {dag.py:2693} INFO - Sync 1 DAGs
[2023-03-27T21:53:32.120+0000] {logging_mixin.py:137} INFO - [2023-03-27T21:53:32.119+0000] {dag.py:3444} INFO - Setting next_dagrun for example_sensors to None, run_after=None
[2023-03-27T21:53:32.347+0000] {processor.py:175} INFO - Processing /home/airflow/.local/lib/python3.7/site-packages/airflow/example_dags/example_sensors.py took 2.685 seconds
[2023-03-27T22:25:07.102+0000] {processor.py:153} INFO - Started process (PID=1192) to work on /home/airflow/.local/lib/python3.7/site-packages/airflow/example_dags/example_sensors.py
[2023-03-27T22:25:07.107+0000] {processor.py:743} INFO - Processing file /home/airflow/.local/lib/python3.7/site-packages/airflow/example_dags/example_sensors.py for tasks to queue
[2023-03-27T22:25:07.114+0000] {logging_mixin.py:137} INFO - [2023-03-27T22:25:07.113+0000] {dagbag.py:532} INFO - Filling up the DagBag from /home/airflow/.local/lib/python3.7/site-packages/airflow/example_dags/example_sensors.py
[2023-03-27T22:25:07.269+0000] {processor.py:753} INFO - DAG(s) dict_keys(['example_sensors']) retrieved from /home/airflow/.local/lib/python3.7/site-packages/airflow/example_dags/example_sensors.py
[2023-03-27T22:25:08.216+0000] {logging_mixin.py:137} INFO - [2023-03-27T22:25:08.215+0000] {dag.py:2693} INFO - Sync 1 DAGs
[2023-03-27T22:25:08.592+0000] {logging_mixin.py:137} INFO - [2023-03-27T22:25:08.591+0000] {dag.py:3444} INFO - Setting next_dagrun for example_sensors to None, run_after=None
[2023-03-27T22:25:08.936+0000] {processor.py:175} INFO - Processing /home/airflow/.local/lib/python3.7/site-packages/airflow/example_dags/example_sensors.py took 1.896 seconds
[2023-03-27T22:26:12.709+0000] {processor.py:153} INFO - Started process (PID=1248) to work on /home/airflow/.local/lib/python3.7/site-packages/airflow/example_dags/example_sensors.py
[2023-03-27T22:26:12.715+0000] {processor.py:743} INFO - Processing file /home/airflow/.local/lib/python3.7/site-packages/airflow/example_dags/example_sensors.py for tasks to queue
[2023-03-27T22:26:12.725+0000] {logging_mixin.py:137} INFO - [2023-03-27T22:26:12.724+0000] {dagbag.py:532} INFO - Filling up the DagBag from /home/airflow/.local/lib/python3.7/site-packages/airflow/example_dags/example_sensors.py
[2023-03-27T22:26:12.914+0000] {processor.py:753} INFO - DAG(s) dict_keys(['example_sensors']) retrieved from /home/airflow/.local/lib/python3.7/site-packages/airflow/example_dags/example_sensors.py
[2023-03-27T22:26:13.338+0000] {logging_mixin.py:137} INFO - [2023-03-27T22:26:13.337+0000] {dag.py:2693} INFO - Sync 1 DAGs
[2023-03-27T22:26:13.636+0000] {logging_mixin.py:137} INFO - [2023-03-27T22:26:13.636+0000] {dag.py:3444} INFO - Setting next_dagrun for example_sensors to None, run_after=None
[2023-03-27T22:26:13.866+0000] {processor.py:175} INFO - Processing /home/airflow/.local/lib/python3.7/site-packages/airflow/example_dags/example_sensors.py took 1.185 seconds
[2023-03-27T22:27:42.315+0000] {processor.py:153} INFO - Started process (PID=1309) to work on /home/airflow/.local/lib/python3.7/site-packages/airflow/example_dags/example_sensors.py
[2023-03-27T22:27:42.330+0000] {processor.py:743} INFO - Processing file /home/airflow/.local/lib/python3.7/site-packages/airflow/example_dags/example_sensors.py for tasks to queue
[2023-03-27T22:27:42.336+0000] {logging_mixin.py:137} INFO - [2023-03-27T22:27:42.335+0000] {dagbag.py:532} INFO - Filling up the DagBag from /home/airflow/.local/lib/python3.7/site-packages/airflow/example_dags/example_sensors.py
[2023-03-27T22:27:42.752+0000] {processor.py:753} INFO - DAG(s) dict_keys(['example_sensors']) retrieved from /home/airflow/.local/lib/python3.7/site-packages/airflow/example_dags/example_sensors.py
[2023-03-27T22:27:43.020+0000] {logging_mixin.py:137} INFO - [2023-03-27T22:27:43.020+0000] {dag.py:2693} INFO - Sync 1 DAGs
[2023-03-27T22:27:44.420+0000] {logging_mixin.py:137} INFO - [2023-03-27T22:27:44.419+0000] {dag.py:3444} INFO - Setting next_dagrun for example_sensors to None, run_after=None
[2023-03-27T22:27:44.859+0000] {processor.py:175} INFO - Processing /home/airflow/.local/lib/python3.7/site-packages/airflow/example_dags/example_sensors.py took 2.564 seconds
[2023-03-27T22:29:22.995+0000] {processor.py:153} INFO - Started process (PID=1390) to work on /home/airflow/.local/lib/python3.7/site-packages/airflow/example_dags/example_sensors.py
[2023-03-27T22:29:23.023+0000] {processor.py:743} INFO - Processing file /home/airflow/.local/lib/python3.7/site-packages/airflow/example_dags/example_sensors.py for tasks to queue
[2023-03-27T22:29:23.083+0000] {logging_mixin.py:137} INFO - [2023-03-27T22:29:23.083+0000] {dagbag.py:532} INFO - Filling up the DagBag from /home/airflow/.local/lib/python3.7/site-packages/airflow/example_dags/example_sensors.py
[2023-03-27T22:29:23.579+0000] {processor.py:753} INFO - DAG(s) dict_keys(['example_sensors']) retrieved from /home/airflow/.local/lib/python3.7/site-packages/airflow/example_dags/example_sensors.py
[2023-03-27T22:29:24.017+0000] {logging_mixin.py:137} INFO - [2023-03-27T22:29:24.017+0000] {dag.py:2693} INFO - Sync 1 DAGs
[2023-03-27T22:29:24.298+0000] {logging_mixin.py:137} INFO - [2023-03-27T22:29:24.298+0000] {dag.py:3444} INFO - Setting next_dagrun for example_sensors to None, run_after=None
[2023-03-27T22:29:25.708+0000] {processor.py:175} INFO - Processing /home/airflow/.local/lib/python3.7/site-packages/airflow/example_dags/example_sensors.py took 2.871 seconds
[2023-03-27T22:31:13.101+0000] {processor.py:153} INFO - Started process (PID=1461) to work on /home/airflow/.local/lib/python3.7/site-packages/airflow/example_dags/example_sensors.py
[2023-03-27T22:31:13.135+0000] {processor.py:743} INFO - Processing file /home/airflow/.local/lib/python3.7/site-packages/airflow/example_dags/example_sensors.py for tasks to queue
[2023-03-27T22:31:13.141+0000] {logging_mixin.py:137} INFO - [2023-03-27T22:31:13.139+0000] {dagbag.py:532} INFO - Filling up the DagBag from /home/airflow/.local/lib/python3.7/site-packages/airflow/example_dags/example_sensors.py
[2023-03-27T22:31:13.829+0000] {processor.py:753} INFO - DAG(s) dict_keys(['example_sensors']) retrieved from /home/airflow/.local/lib/python3.7/site-packages/airflow/example_dags/example_sensors.py
[2023-03-27T22:31:16.430+0000] {logging_mixin.py:137} INFO - [2023-03-27T22:31:16.429+0000] {dag.py:2693} INFO - Sync 1 DAGs
[2023-03-27T22:31:16.829+0000] {logging_mixin.py:137} INFO - [2023-03-27T22:31:16.828+0000] {dag.py:3444} INFO - Setting next_dagrun for example_sensors to None, run_after=None
[2023-03-27T22:31:18.290+0000] {processor.py:175} INFO - Processing /home/airflow/.local/lib/python3.7/site-packages/airflow/example_dags/example_sensors.py took 5.228 seconds
[2023-03-27T23:09:35.362+0000] {processor.py:153} INFO - Started process (PID=75) to work on /home/airflow/.local/lib/python3.7/site-packages/airflow/example_dags/example_sensors.py
[2023-03-27T23:09:35.370+0000] {processor.py:743} INFO - Processing file /home/airflow/.local/lib/python3.7/site-packages/airflow/example_dags/example_sensors.py for tasks to queue
[2023-03-27T23:09:35.375+0000] {logging_mixin.py:137} INFO - [2023-03-27T23:09:35.374+0000] {dagbag.py:532} INFO - Filling up the DagBag from /home/airflow/.local/lib/python3.7/site-packages/airflow/example_dags/example_sensors.py
[2023-03-27T23:09:35.685+0000] {processor.py:753} INFO - DAG(s) dict_keys(['example_sensors']) retrieved from /home/airflow/.local/lib/python3.7/site-packages/airflow/example_dags/example_sensors.py
[2023-03-27T23:09:36.077+0000] {logging_mixin.py:137} INFO - [2023-03-27T23:09:36.077+0000] {dag.py:2693} INFO - Sync 1 DAGs
[2023-03-27T23:09:36.361+0000] {logging_mixin.py:137} INFO - [2023-03-27T23:09:36.361+0000] {dag.py:3444} INFO - Setting next_dagrun for example_sensors to None, run_after=None
[2023-03-27T23:09:36.516+0000] {processor.py:175} INFO - Processing /home/airflow/.local/lib/python3.7/site-packages/airflow/example_dags/example_sensors.py took 1.210 seconds
[2023-03-27T23:10:24.264+0000] {processor.py:153} INFO - Started process (PID=131) to work on /home/airflow/.local/lib/python3.7/site-packages/airflow/example_dags/example_sensors.py
[2023-03-27T23:10:24.268+0000] {processor.py:743} INFO - Processing file /home/airflow/.local/lib/python3.7/site-packages/airflow/example_dags/example_sensors.py for tasks to queue
[2023-03-27T23:10:24.272+0000] {logging_mixin.py:137} INFO - [2023-03-27T23:10:24.272+0000] {dagbag.py:532} INFO - Filling up the DagBag from /home/airflow/.local/lib/python3.7/site-packages/airflow/example_dags/example_sensors.py
[2023-03-27T23:10:24.329+0000] {processor.py:753} INFO - DAG(s) dict_keys(['example_sensors']) retrieved from /home/airflow/.local/lib/python3.7/site-packages/airflow/example_dags/example_sensors.py
[2023-03-27T23:10:24.416+0000] {logging_mixin.py:137} INFO - [2023-03-27T23:10:24.416+0000] {dag.py:2693} INFO - Sync 1 DAGs
[2023-03-27T23:10:24.500+0000] {logging_mixin.py:137} INFO - [2023-03-27T23:10:24.500+0000] {dag.py:3444} INFO - Setting next_dagrun for example_sensors to None, run_after=None
[2023-03-27T23:10:24.568+0000] {processor.py:175} INFO - Processing /home/airflow/.local/lib/python3.7/site-packages/airflow/example_dags/example_sensors.py took 0.315 seconds
[2023-03-27T23:10:59.492+0000] {processor.py:153} INFO - Started process (PID=180) to work on /home/airflow/.local/lib/python3.7/site-packages/airflow/example_dags/example_sensors.py
[2023-03-27T23:10:59.496+0000] {processor.py:743} INFO - Processing file /home/airflow/.local/lib/python3.7/site-packages/airflow/example_dags/example_sensors.py for tasks to queue
[2023-03-27T23:10:59.501+0000] {logging_mixin.py:137} INFO - [2023-03-27T23:10:59.500+0000] {dagbag.py:532} INFO - Filling up the DagBag from /home/airflow/.local/lib/python3.7/site-packages/airflow/example_dags/example_sensors.py
[2023-03-27T23:10:59.580+0000] {processor.py:753} INFO - DAG(s) dict_keys(['example_sensors']) retrieved from /home/airflow/.local/lib/python3.7/site-packages/airflow/example_dags/example_sensors.py
[2023-03-27T23:10:59.770+0000] {logging_mixin.py:137} INFO - [2023-03-27T23:10:59.770+0000] {dag.py:2693} INFO - Sync 1 DAGs
[2023-03-27T23:10:59.881+0000] {logging_mixin.py:137} INFO - [2023-03-27T23:10:59.881+0000] {dag.py:3444} INFO - Setting next_dagrun for example_sensors to None, run_after=None
[2023-03-27T23:10:59.952+0000] {processor.py:175} INFO - Processing /home/airflow/.local/lib/python3.7/site-packages/airflow/example_dags/example_sensors.py took 0.474 seconds
[2023-03-27T23:11:30.193+0000] {processor.py:153} INFO - Started process (PID=229) to work on /home/airflow/.local/lib/python3.7/site-packages/airflow/example_dags/example_sensors.py
[2023-03-27T23:11:30.199+0000] {processor.py:743} INFO - Processing file /home/airflow/.local/lib/python3.7/site-packages/airflow/example_dags/example_sensors.py for tasks to queue
[2023-03-27T23:11:30.203+0000] {logging_mixin.py:137} INFO - [2023-03-27T23:11:30.202+0000] {dagbag.py:532} INFO - Filling up the DagBag from /home/airflow/.local/lib/python3.7/site-packages/airflow/example_dags/example_sensors.py
[2023-03-27T23:11:30.271+0000] {processor.py:753} INFO - DAG(s) dict_keys(['example_sensors']) retrieved from /home/airflow/.local/lib/python3.7/site-packages/airflow/example_dags/example_sensors.py
[2023-03-27T23:11:30.389+0000] {logging_mixin.py:137} INFO - [2023-03-27T23:11:30.389+0000] {dag.py:2693} INFO - Sync 1 DAGs
[2023-03-27T23:11:30.474+0000] {logging_mixin.py:137} INFO - [2023-03-27T23:11:30.474+0000] {dag.py:3444} INFO - Setting next_dagrun for example_sensors to None, run_after=None
[2023-03-27T23:11:30.558+0000] {processor.py:175} INFO - Processing /home/airflow/.local/lib/python3.7/site-packages/airflow/example_dags/example_sensors.py took 0.379 seconds
[2023-03-27T23:12:15.387+0000] {processor.py:153} INFO - Started process (PID=286) to work on /home/airflow/.local/lib/python3.7/site-packages/airflow/example_dags/example_sensors.py
[2023-03-27T23:12:15.391+0000] {processor.py:743} INFO - Processing file /home/airflow/.local/lib/python3.7/site-packages/airflow/example_dags/example_sensors.py for tasks to queue
[2023-03-27T23:12:15.396+0000] {logging_mixin.py:137} INFO - [2023-03-27T23:12:15.396+0000] {dagbag.py:532} INFO - Filling up the DagBag from /home/airflow/.local/lib/python3.7/site-packages/airflow/example_dags/example_sensors.py
[2023-03-27T23:12:15.522+0000] {processor.py:753} INFO - DAG(s) dict_keys(['example_sensors']) retrieved from /home/airflow/.local/lib/python3.7/site-packages/airflow/example_dags/example_sensors.py
[2023-03-27T23:12:15.597+0000] {logging_mixin.py:137} INFO - [2023-03-27T23:12:15.597+0000] {dag.py:2693} INFO - Sync 1 DAGs
[2023-03-27T23:12:15.698+0000] {logging_mixin.py:137} INFO - [2023-03-27T23:12:15.698+0000] {dag.py:3444} INFO - Setting next_dagrun for example_sensors to None, run_after=None
[2023-03-27T23:12:15.751+0000] {processor.py:175} INFO - Processing /home/airflow/.local/lib/python3.7/site-packages/airflow/example_dags/example_sensors.py took 0.370 seconds
[2023-03-27T23:12:45.998+0000] {processor.py:153} INFO - Started process (PID=336) to work on /home/airflow/.local/lib/python3.7/site-packages/airflow/example_dags/example_sensors.py
[2023-03-27T23:12:46.004+0000] {processor.py:743} INFO - Processing file /home/airflow/.local/lib/python3.7/site-packages/airflow/example_dags/example_sensors.py for tasks to queue
[2023-03-27T23:12:46.013+0000] {logging_mixin.py:137} INFO - [2023-03-27T23:12:46.012+0000] {dagbag.py:532} INFO - Filling up the DagBag from /home/airflow/.local/lib/python3.7/site-packages/airflow/example_dags/example_sensors.py
[2023-03-27T23:12:46.065+0000] {processor.py:753} INFO - DAG(s) dict_keys(['example_sensors']) retrieved from /home/airflow/.local/lib/python3.7/site-packages/airflow/example_dags/example_sensors.py
[2023-03-27T23:12:46.136+0000] {logging_mixin.py:137} INFO - [2023-03-27T23:12:46.136+0000] {dag.py:2693} INFO - Sync 1 DAGs
[2023-03-27T23:12:46.230+0000] {logging_mixin.py:137} INFO - [2023-03-27T23:12:46.222+0000] {dag.py:3444} INFO - Setting next_dagrun for example_sensors to None, run_after=None
[2023-03-27T23:12:46.321+0000] {processor.py:175} INFO - Processing /home/airflow/.local/lib/python3.7/site-packages/airflow/example_dags/example_sensors.py took 0.332 seconds
[2023-03-27T23:13:24.500+0000] {processor.py:153} INFO - Started process (PID=388) to work on /home/airflow/.local/lib/python3.7/site-packages/airflow/example_dags/example_sensors.py
[2023-03-27T23:13:24.509+0000] {processor.py:743} INFO - Processing file /home/airflow/.local/lib/python3.7/site-packages/airflow/example_dags/example_sensors.py for tasks to queue
[2023-03-27T23:13:24.512+0000] {logging_mixin.py:137} INFO - [2023-03-27T23:13:24.511+0000] {dagbag.py:532} INFO - Filling up the DagBag from /home/airflow/.local/lib/python3.7/site-packages/airflow/example_dags/example_sensors.py
[2023-03-27T23:13:24.565+0000] {processor.py:753} INFO - DAG(s) dict_keys(['example_sensors']) retrieved from /home/airflow/.local/lib/python3.7/site-packages/airflow/example_dags/example_sensors.py
[2023-03-27T23:13:24.655+0000] {logging_mixin.py:137} INFO - [2023-03-27T23:13:24.654+0000] {dag.py:2693} INFO - Sync 1 DAGs
[2023-03-27T23:13:24.729+0000] {logging_mixin.py:137} INFO - [2023-03-27T23:13:24.728+0000] {dag.py:3444} INFO - Setting next_dagrun for example_sensors to None, run_after=None
[2023-03-27T23:13:24.819+0000] {processor.py:175} INFO - Processing /home/airflow/.local/lib/python3.7/site-packages/airflow/example_dags/example_sensors.py took 0.330 seconds
[2023-03-27T23:13:56.349+0000] {processor.py:153} INFO - Started process (PID=437) to work on /home/airflow/.local/lib/python3.7/site-packages/airflow/example_dags/example_sensors.py
[2023-03-27T23:13:56.360+0000] {processor.py:743} INFO - Processing file /home/airflow/.local/lib/python3.7/site-packages/airflow/example_dags/example_sensors.py for tasks to queue
[2023-03-27T23:13:56.363+0000] {logging_mixin.py:137} INFO - [2023-03-27T23:13:56.363+0000] {dagbag.py:532} INFO - Filling up the DagBag from /home/airflow/.local/lib/python3.7/site-packages/airflow/example_dags/example_sensors.py
[2023-03-27T23:13:56.495+0000] {processor.py:753} INFO - DAG(s) dict_keys(['example_sensors']) retrieved from /home/airflow/.local/lib/python3.7/site-packages/airflow/example_dags/example_sensors.py
[2023-03-27T23:13:56.643+0000] {logging_mixin.py:137} INFO - [2023-03-27T23:13:56.643+0000] {dag.py:2693} INFO - Sync 1 DAGs
[2023-03-27T23:13:56.740+0000] {logging_mixin.py:137} INFO - [2023-03-27T23:13:56.740+0000] {dag.py:3444} INFO - Setting next_dagrun for example_sensors to None, run_after=None
[2023-03-27T23:13:56.824+0000] {processor.py:175} INFO - Processing /home/airflow/.local/lib/python3.7/site-packages/airflow/example_dags/example_sensors.py took 0.507 seconds
[2023-03-27T23:14:28.112+0000] {processor.py:153} INFO - Started process (PID=486) to work on /home/airflow/.local/lib/python3.7/site-packages/airflow/example_dags/example_sensors.py
[2023-03-27T23:14:28.117+0000] {processor.py:743} INFO - Processing file /home/airflow/.local/lib/python3.7/site-packages/airflow/example_dags/example_sensors.py for tasks to queue
[2023-03-27T23:14:28.127+0000] {logging_mixin.py:137} INFO - [2023-03-27T23:14:28.126+0000] {dagbag.py:532} INFO - Filling up the DagBag from /home/airflow/.local/lib/python3.7/site-packages/airflow/example_dags/example_sensors.py
[2023-03-27T23:14:28.285+0000] {processor.py:753} INFO - DAG(s) dict_keys(['example_sensors']) retrieved from /home/airflow/.local/lib/python3.7/site-packages/airflow/example_dags/example_sensors.py
[2023-03-27T23:14:28.395+0000] {logging_mixin.py:137} INFO - [2023-03-27T23:14:28.394+0000] {dag.py:2693} INFO - Sync 1 DAGs
[2023-03-27T23:14:28.554+0000] {logging_mixin.py:137} INFO - [2023-03-27T23:14:28.554+0000] {dag.py:3444} INFO - Setting next_dagrun for example_sensors to None, run_after=None
[2023-03-27T23:14:28.629+0000] {processor.py:175} INFO - Processing /home/airflow/.local/lib/python3.7/site-packages/airflow/example_dags/example_sensors.py took 0.532 seconds
[2023-03-27T23:14:59.426+0000] {processor.py:153} INFO - Started process (PID=536) to work on /home/airflow/.local/lib/python3.7/site-packages/airflow/example_dags/example_sensors.py
[2023-03-27T23:14:59.431+0000] {processor.py:743} INFO - Processing file /home/airflow/.local/lib/python3.7/site-packages/airflow/example_dags/example_sensors.py for tasks to queue
[2023-03-27T23:14:59.436+0000] {logging_mixin.py:137} INFO - [2023-03-27T23:14:59.435+0000] {dagbag.py:532} INFO - Filling up the DagBag from /home/airflow/.local/lib/python3.7/site-packages/airflow/example_dags/example_sensors.py
[2023-03-27T23:14:59.496+0000] {processor.py:753} INFO - DAG(s) dict_keys(['example_sensors']) retrieved from /home/airflow/.local/lib/python3.7/site-packages/airflow/example_dags/example_sensors.py
[2023-03-27T23:14:59.577+0000] {logging_mixin.py:137} INFO - [2023-03-27T23:14:59.577+0000] {dag.py:2693} INFO - Sync 1 DAGs
[2023-03-27T23:14:59.630+0000] {logging_mixin.py:137} INFO - [2023-03-27T23:14:59.630+0000] {dag.py:3444} INFO - Setting next_dagrun for example_sensors to None, run_after=None
[2023-03-27T23:14:59.666+0000] {processor.py:175} INFO - Processing /home/airflow/.local/lib/python3.7/site-packages/airflow/example_dags/example_sensors.py took 0.247 seconds
[2023-03-27T23:15:30.092+0000] {processor.py:153} INFO - Started process (PID=585) to work on /home/airflow/.local/lib/python3.7/site-packages/airflow/example_dags/example_sensors.py
[2023-03-27T23:15:30.096+0000] {processor.py:743} INFO - Processing file /home/airflow/.local/lib/python3.7/site-packages/airflow/example_dags/example_sensors.py for tasks to queue
[2023-03-27T23:15:30.100+0000] {logging_mixin.py:137} INFO - [2023-03-27T23:15:30.099+0000] {dagbag.py:532} INFO - Filling up the DagBag from /home/airflow/.local/lib/python3.7/site-packages/airflow/example_dags/example_sensors.py
[2023-03-27T23:15:30.173+0000] {processor.py:753} INFO - DAG(s) dict_keys(['example_sensors']) retrieved from /home/airflow/.local/lib/python3.7/site-packages/airflow/example_dags/example_sensors.py
[2023-03-27T23:15:30.243+0000] {logging_mixin.py:137} INFO - [2023-03-27T23:15:30.242+0000] {dag.py:2693} INFO - Sync 1 DAGs
[2023-03-27T23:15:30.300+0000] {logging_mixin.py:137} INFO - [2023-03-27T23:15:30.300+0000] {dag.py:3444} INFO - Setting next_dagrun for example_sensors to None, run_after=None
[2023-03-27T23:15:30.394+0000] {processor.py:175} INFO - Processing /home/airflow/.local/lib/python3.7/site-packages/airflow/example_dags/example_sensors.py took 0.313 seconds
[2023-03-27T23:16:00.554+0000] {processor.py:153} INFO - Started process (PID=633) to work on /home/airflow/.local/lib/python3.7/site-packages/airflow/example_dags/example_sensors.py
[2023-03-27T23:16:00.557+0000] {processor.py:743} INFO - Processing file /home/airflow/.local/lib/python3.7/site-packages/airflow/example_dags/example_sensors.py for tasks to queue
[2023-03-27T23:16:00.564+0000] {logging_mixin.py:137} INFO - [2023-03-27T23:16:00.563+0000] {dagbag.py:532} INFO - Filling up the DagBag from /home/airflow/.local/lib/python3.7/site-packages/airflow/example_dags/example_sensors.py
[2023-03-27T23:16:00.613+0000] {processor.py:753} INFO - DAG(s) dict_keys(['example_sensors']) retrieved from /home/airflow/.local/lib/python3.7/site-packages/airflow/example_dags/example_sensors.py
[2023-03-27T23:16:00.708+0000] {logging_mixin.py:137} INFO - [2023-03-27T23:16:00.707+0000] {dag.py:2693} INFO - Sync 1 DAGs
[2023-03-27T23:16:00.796+0000] {logging_mixin.py:137} INFO - [2023-03-27T23:16:00.796+0000] {dag.py:3444} INFO - Setting next_dagrun for example_sensors to None, run_after=None
[2023-03-27T23:16:00.849+0000] {processor.py:175} INFO - Processing /home/airflow/.local/lib/python3.7/site-packages/airflow/example_dags/example_sensors.py took 0.304 seconds
[2023-03-27T23:16:31.260+0000] {processor.py:153} INFO - Started process (PID=682) to work on /home/airflow/.local/lib/python3.7/site-packages/airflow/example_dags/example_sensors.py
[2023-03-27T23:16:31.267+0000] {processor.py:743} INFO - Processing file /home/airflow/.local/lib/python3.7/site-packages/airflow/example_dags/example_sensors.py for tasks to queue
[2023-03-27T23:16:31.270+0000] {logging_mixin.py:137} INFO - [2023-03-27T23:16:31.270+0000] {dagbag.py:532} INFO - Filling up the DagBag from /home/airflow/.local/lib/python3.7/site-packages/airflow/example_dags/example_sensors.py
[2023-03-27T23:16:31.316+0000] {processor.py:753} INFO - DAG(s) dict_keys(['example_sensors']) retrieved from /home/airflow/.local/lib/python3.7/site-packages/airflow/example_dags/example_sensors.py
[2023-03-27T23:16:31.412+0000] {logging_mixin.py:137} INFO - [2023-03-27T23:16:31.412+0000] {dag.py:2693} INFO - Sync 1 DAGs
[2023-03-27T23:16:31.483+0000] {logging_mixin.py:137} INFO - [2023-03-27T23:16:31.482+0000] {dag.py:3444} INFO - Setting next_dagrun for example_sensors to None, run_after=None
[2023-03-27T23:16:31.581+0000] {processor.py:175} INFO - Processing /home/airflow/.local/lib/python3.7/site-packages/airflow/example_dags/example_sensors.py took 0.341 seconds
[2023-03-27T23:17:01.694+0000] {processor.py:153} INFO - Started process (PID=730) to work on /home/airflow/.local/lib/python3.7/site-packages/airflow/example_dags/example_sensors.py
[2023-03-27T23:17:01.699+0000] {processor.py:743} INFO - Processing file /home/airflow/.local/lib/python3.7/site-packages/airflow/example_dags/example_sensors.py for tasks to queue
[2023-03-27T23:17:01.702+0000] {logging_mixin.py:137} INFO - [2023-03-27T23:17:01.702+0000] {dagbag.py:532} INFO - Filling up the DagBag from /home/airflow/.local/lib/python3.7/site-packages/airflow/example_dags/example_sensors.py
[2023-03-27T23:17:01.743+0000] {processor.py:753} INFO - DAG(s) dict_keys(['example_sensors']) retrieved from /home/airflow/.local/lib/python3.7/site-packages/airflow/example_dags/example_sensors.py
[2023-03-27T23:17:01.817+0000] {logging_mixin.py:137} INFO - [2023-03-27T23:17:01.817+0000] {dag.py:2693} INFO - Sync 1 DAGs
[2023-03-27T23:17:01.878+0000] {logging_mixin.py:137} INFO - [2023-03-27T23:17:01.878+0000] {dag.py:3444} INFO - Setting next_dagrun for example_sensors to None, run_after=None
[2023-03-27T23:17:01.923+0000] {processor.py:175} INFO - Processing /home/airflow/.local/lib/python3.7/site-packages/airflow/example_dags/example_sensors.py took 0.237 seconds
[2023-03-27T23:17:32.750+0000] {processor.py:153} INFO - Started process (PID=779) to work on /home/airflow/.local/lib/python3.7/site-packages/airflow/example_dags/example_sensors.py
[2023-03-27T23:17:32.770+0000] {processor.py:743} INFO - Processing file /home/airflow/.local/lib/python3.7/site-packages/airflow/example_dags/example_sensors.py for tasks to queue
[2023-03-27T23:17:32.773+0000] {logging_mixin.py:137} INFO - [2023-03-27T23:17:32.773+0000] {dagbag.py:532} INFO - Filling up the DagBag from /home/airflow/.local/lib/python3.7/site-packages/airflow/example_dags/example_sensors.py
[2023-03-27T23:17:32.981+0000] {processor.py:753} INFO - DAG(s) dict_keys(['example_sensors']) retrieved from /home/airflow/.local/lib/python3.7/site-packages/airflow/example_dags/example_sensors.py
[2023-03-27T23:17:33.157+0000] {logging_mixin.py:137} INFO - [2023-03-27T23:17:33.156+0000] {dag.py:2693} INFO - Sync 1 DAGs
[2023-03-27T23:17:33.317+0000] {logging_mixin.py:137} INFO - [2023-03-27T23:17:33.317+0000] {dag.py:3444} INFO - Setting next_dagrun for example_sensors to None, run_after=None
[2023-03-27T23:17:33.435+0000] {processor.py:175} INFO - Processing /home/airflow/.local/lib/python3.7/site-packages/airflow/example_dags/example_sensors.py took 0.706 seconds
[2023-03-27T23:18:03.712+0000] {processor.py:153} INFO - Started process (PID=829) to work on /home/airflow/.local/lib/python3.7/site-packages/airflow/example_dags/example_sensors.py
[2023-03-27T23:18:03.714+0000] {processor.py:743} INFO - Processing file /home/airflow/.local/lib/python3.7/site-packages/airflow/example_dags/example_sensors.py for tasks to queue
[2023-03-27T23:18:03.718+0000] {logging_mixin.py:137} INFO - [2023-03-27T23:18:03.717+0000] {dagbag.py:532} INFO - Filling up the DagBag from /home/airflow/.local/lib/python3.7/site-packages/airflow/example_dags/example_sensors.py
[2023-03-27T23:18:03.757+0000] {processor.py:753} INFO - DAG(s) dict_keys(['example_sensors']) retrieved from /home/airflow/.local/lib/python3.7/site-packages/airflow/example_dags/example_sensors.py
[2023-03-27T23:18:03.815+0000] {logging_mixin.py:137} INFO - [2023-03-27T23:18:03.814+0000] {dag.py:2693} INFO - Sync 1 DAGs
[2023-03-27T23:18:03.868+0000] {logging_mixin.py:137} INFO - [2023-03-27T23:18:03.868+0000] {dag.py:3444} INFO - Setting next_dagrun for example_sensors to None, run_after=None
[2023-03-27T23:18:03.913+0000] {processor.py:175} INFO - Processing /home/airflow/.local/lib/python3.7/site-packages/airflow/example_dags/example_sensors.py took 0.211 seconds
[2023-03-27T23:18:34.312+0000] {processor.py:153} INFO - Started process (PID=878) to work on /home/airflow/.local/lib/python3.7/site-packages/airflow/example_dags/example_sensors.py
[2023-03-27T23:18:34.315+0000] {processor.py:743} INFO - Processing file /home/airflow/.local/lib/python3.7/site-packages/airflow/example_dags/example_sensors.py for tasks to queue
[2023-03-27T23:18:34.323+0000] {logging_mixin.py:137} INFO - [2023-03-27T23:18:34.322+0000] {dagbag.py:532} INFO - Filling up the DagBag from /home/airflow/.local/lib/python3.7/site-packages/airflow/example_dags/example_sensors.py
[2023-03-27T23:18:34.389+0000] {processor.py:753} INFO - DAG(s) dict_keys(['example_sensors']) retrieved from /home/airflow/.local/lib/python3.7/site-packages/airflow/example_dags/example_sensors.py
[2023-03-27T23:18:34.464+0000] {logging_mixin.py:137} INFO - [2023-03-27T23:18:34.464+0000] {dag.py:2693} INFO - Sync 1 DAGs
[2023-03-27T23:18:34.528+0000] {logging_mixin.py:137} INFO - [2023-03-27T23:18:34.527+0000] {dag.py:3444} INFO - Setting next_dagrun for example_sensors to None, run_after=None
[2023-03-27T23:18:34.575+0000] {processor.py:175} INFO - Processing /home/airflow/.local/lib/python3.7/site-packages/airflow/example_dags/example_sensors.py took 0.277 seconds
[2023-03-27T23:19:05.618+0000] {processor.py:153} INFO - Started process (PID=927) to work on /home/airflow/.local/lib/python3.7/site-packages/airflow/example_dags/example_sensors.py
[2023-03-27T23:19:05.624+0000] {processor.py:743} INFO - Processing file /home/airflow/.local/lib/python3.7/site-packages/airflow/example_dags/example_sensors.py for tasks to queue
[2023-03-27T23:19:05.628+0000] {logging_mixin.py:137} INFO - [2023-03-27T23:19:05.627+0000] {dagbag.py:532} INFO - Filling up the DagBag from /home/airflow/.local/lib/python3.7/site-packages/airflow/example_dags/example_sensors.py
[2023-03-27T23:19:05.674+0000] {processor.py:753} INFO - DAG(s) dict_keys(['example_sensors']) retrieved from /home/airflow/.local/lib/python3.7/site-packages/airflow/example_dags/example_sensors.py
[2023-03-27T23:19:05.812+0000] {logging_mixin.py:137} INFO - [2023-03-27T23:19:05.812+0000] {dag.py:2693} INFO - Sync 1 DAGs
[2023-03-27T23:19:05.883+0000] {logging_mixin.py:137} INFO - [2023-03-27T23:19:05.883+0000] {dag.py:3444} INFO - Setting next_dagrun for example_sensors to None, run_after=None
[2023-03-27T23:19:05.925+0000] {processor.py:175} INFO - Processing /home/airflow/.local/lib/python3.7/site-packages/airflow/example_dags/example_sensors.py took 0.325 seconds
[2023-03-27T23:19:36.262+0000] {processor.py:153} INFO - Started process (PID=975) to work on /home/airflow/.local/lib/python3.7/site-packages/airflow/example_dags/example_sensors.py
[2023-03-27T23:19:36.265+0000] {processor.py:743} INFO - Processing file /home/airflow/.local/lib/python3.7/site-packages/airflow/example_dags/example_sensors.py for tasks to queue
[2023-03-27T23:19:36.269+0000] {logging_mixin.py:137} INFO - [2023-03-27T23:19:36.268+0000] {dagbag.py:532} INFO - Filling up the DagBag from /home/airflow/.local/lib/python3.7/site-packages/airflow/example_dags/example_sensors.py
[2023-03-27T23:19:36.323+0000] {processor.py:753} INFO - DAG(s) dict_keys(['example_sensors']) retrieved from /home/airflow/.local/lib/python3.7/site-packages/airflow/example_dags/example_sensors.py
[2023-03-27T23:19:36.413+0000] {logging_mixin.py:137} INFO - [2023-03-27T23:19:36.412+0000] {dag.py:2693} INFO - Sync 1 DAGs
[2023-03-27T23:19:36.490+0000] {logging_mixin.py:137} INFO - [2023-03-27T23:19:36.490+0000] {dag.py:3444} INFO - Setting next_dagrun for example_sensors to None, run_after=None
[2023-03-27T23:19:36.548+0000] {processor.py:175} INFO - Processing /home/airflow/.local/lib/python3.7/site-packages/airflow/example_dags/example_sensors.py took 0.298 seconds
[2023-03-27T23:20:06.991+0000] {processor.py:153} INFO - Started process (PID=1024) to work on /home/airflow/.local/lib/python3.7/site-packages/airflow/example_dags/example_sensors.py
[2023-03-27T23:20:06.997+0000] {processor.py:743} INFO - Processing file /home/airflow/.local/lib/python3.7/site-packages/airflow/example_dags/example_sensors.py for tasks to queue
[2023-03-27T23:20:07.005+0000] {logging_mixin.py:137} INFO - [2023-03-27T23:20:07.005+0000] {dagbag.py:532} INFO - Filling up the DagBag from /home/airflow/.local/lib/python3.7/site-packages/airflow/example_dags/example_sensors.py
[2023-03-27T23:20:07.070+0000] {processor.py:753} INFO - DAG(s) dict_keys(['example_sensors']) retrieved from /home/airflow/.local/lib/python3.7/site-packages/airflow/example_dags/example_sensors.py
[2023-03-27T23:20:07.153+0000] {logging_mixin.py:137} INFO - [2023-03-27T23:20:07.153+0000] {dag.py:2693} INFO - Sync 1 DAGs
[2023-03-27T23:20:07.216+0000] {logging_mixin.py:137} INFO - [2023-03-27T23:20:07.216+0000] {dag.py:3444} INFO - Setting next_dagrun for example_sensors to None, run_after=None
[2023-03-27T23:20:07.266+0000] {processor.py:175} INFO - Processing /home/airflow/.local/lib/python3.7/site-packages/airflow/example_dags/example_sensors.py took 0.290 seconds
[2023-03-27T23:20:37.810+0000] {processor.py:153} INFO - Started process (PID=1073) to work on /home/airflow/.local/lib/python3.7/site-packages/airflow/example_dags/example_sensors.py
[2023-03-27T23:20:37.817+0000] {processor.py:743} INFO - Processing file /home/airflow/.local/lib/python3.7/site-packages/airflow/example_dags/example_sensors.py for tasks to queue
[2023-03-27T23:20:37.819+0000] {logging_mixin.py:137} INFO - [2023-03-27T23:20:37.819+0000] {dagbag.py:532} INFO - Filling up the DagBag from /home/airflow/.local/lib/python3.7/site-packages/airflow/example_dags/example_sensors.py
[2023-03-27T23:20:37.861+0000] {processor.py:753} INFO - DAG(s) dict_keys(['example_sensors']) retrieved from /home/airflow/.local/lib/python3.7/site-packages/airflow/example_dags/example_sensors.py
[2023-03-27T23:20:37.956+0000] {logging_mixin.py:137} INFO - [2023-03-27T23:20:37.956+0000] {dag.py:2693} INFO - Sync 1 DAGs
[2023-03-27T23:20:38.049+0000] {logging_mixin.py:137} INFO - [2023-03-27T23:20:38.049+0000] {dag.py:3444} INFO - Setting next_dagrun for example_sensors to None, run_after=None
[2023-03-27T23:20:38.091+0000] {processor.py:175} INFO - Processing /home/airflow/.local/lib/python3.7/site-packages/airflow/example_dags/example_sensors.py took 0.288 seconds
[2023-03-27T23:21:09.164+0000] {processor.py:153} INFO - Started process (PID=1122) to work on /home/airflow/.local/lib/python3.7/site-packages/airflow/example_dags/example_sensors.py
[2023-03-27T23:21:09.168+0000] {processor.py:743} INFO - Processing file /home/airflow/.local/lib/python3.7/site-packages/airflow/example_dags/example_sensors.py for tasks to queue
[2023-03-27T23:21:09.172+0000] {logging_mixin.py:137} INFO - [2023-03-27T23:21:09.171+0000] {dagbag.py:532} INFO - Filling up the DagBag from /home/airflow/.local/lib/python3.7/site-packages/airflow/example_dags/example_sensors.py
[2023-03-27T23:21:09.226+0000] {processor.py:753} INFO - DAG(s) dict_keys(['example_sensors']) retrieved from /home/airflow/.local/lib/python3.7/site-packages/airflow/example_dags/example_sensors.py
[2023-03-27T23:21:09.301+0000] {logging_mixin.py:137} INFO - [2023-03-27T23:21:09.300+0000] {dag.py:2693} INFO - Sync 1 DAGs
[2023-03-27T23:21:09.362+0000] {logging_mixin.py:137} INFO - [2023-03-27T23:21:09.361+0000] {dag.py:3444} INFO - Setting next_dagrun for example_sensors to None, run_after=None
[2023-03-27T23:21:09.408+0000] {processor.py:175} INFO - Processing /home/airflow/.local/lib/python3.7/site-packages/airflow/example_dags/example_sensors.py took 0.254 seconds
[2023-03-27T23:21:39.927+0000] {processor.py:153} INFO - Started process (PID=1171) to work on /home/airflow/.local/lib/python3.7/site-packages/airflow/example_dags/example_sensors.py
[2023-03-27T23:21:39.934+0000] {processor.py:743} INFO - Processing file /home/airflow/.local/lib/python3.7/site-packages/airflow/example_dags/example_sensors.py for tasks to queue
[2023-03-27T23:21:39.941+0000] {logging_mixin.py:137} INFO - [2023-03-27T23:21:39.939+0000] {dagbag.py:532} INFO - Filling up the DagBag from /home/airflow/.local/lib/python3.7/site-packages/airflow/example_dags/example_sensors.py
[2023-03-27T23:21:40.006+0000] {processor.py:753} INFO - DAG(s) dict_keys(['example_sensors']) retrieved from /home/airflow/.local/lib/python3.7/site-packages/airflow/example_dags/example_sensors.py
[2023-03-27T23:21:40.084+0000] {logging_mixin.py:137} INFO - [2023-03-27T23:21:40.084+0000] {dag.py:2693} INFO - Sync 1 DAGs
[2023-03-27T23:21:40.150+0000] {logging_mixin.py:137} INFO - [2023-03-27T23:21:40.150+0000] {dag.py:3444} INFO - Setting next_dagrun for example_sensors to None, run_after=None
[2023-03-27T23:21:40.279+0000] {processor.py:175} INFO - Processing /home/airflow/.local/lib/python3.7/site-packages/airflow/example_dags/example_sensors.py took 0.361 seconds
[2023-03-27T23:22:10.441+0000] {processor.py:153} INFO - Started process (PID=1221) to work on /home/airflow/.local/lib/python3.7/site-packages/airflow/example_dags/example_sensors.py
[2023-03-27T23:22:10.446+0000] {processor.py:743} INFO - Processing file /home/airflow/.local/lib/python3.7/site-packages/airflow/example_dags/example_sensors.py for tasks to queue
[2023-03-27T23:22:10.448+0000] {logging_mixin.py:137} INFO - [2023-03-27T23:22:10.448+0000] {dagbag.py:532} INFO - Filling up the DagBag from /home/airflow/.local/lib/python3.7/site-packages/airflow/example_dags/example_sensors.py
[2023-03-27T23:22:10.491+0000] {processor.py:753} INFO - DAG(s) dict_keys(['example_sensors']) retrieved from /home/airflow/.local/lib/python3.7/site-packages/airflow/example_dags/example_sensors.py
[2023-03-27T23:22:10.546+0000] {logging_mixin.py:137} INFO - [2023-03-27T23:22:10.546+0000] {dag.py:2693} INFO - Sync 1 DAGs
[2023-03-27T23:22:10.608+0000] {logging_mixin.py:137} INFO - [2023-03-27T23:22:10.608+0000] {dag.py:3444} INFO - Setting next_dagrun for example_sensors to None, run_after=None
[2023-03-27T23:22:10.650+0000] {processor.py:175} INFO - Processing /home/airflow/.local/lib/python3.7/site-packages/airflow/example_dags/example_sensors.py took 0.223 seconds
[2023-03-27T23:22:41.239+0000] {processor.py:153} INFO - Started process (PID=1269) to work on /home/airflow/.local/lib/python3.7/site-packages/airflow/example_dags/example_sensors.py
[2023-03-27T23:22:41.242+0000] {processor.py:743} INFO - Processing file /home/airflow/.local/lib/python3.7/site-packages/airflow/example_dags/example_sensors.py for tasks to queue
[2023-03-27T23:22:41.245+0000] {logging_mixin.py:137} INFO - [2023-03-27T23:22:41.244+0000] {dagbag.py:532} INFO - Filling up the DagBag from /home/airflow/.local/lib/python3.7/site-packages/airflow/example_dags/example_sensors.py
[2023-03-27T23:22:41.298+0000] {processor.py:753} INFO - DAG(s) dict_keys(['example_sensors']) retrieved from /home/airflow/.local/lib/python3.7/site-packages/airflow/example_dags/example_sensors.py
[2023-03-27T23:22:41.391+0000] {logging_mixin.py:137} INFO - [2023-03-27T23:22:41.390+0000] {dag.py:2693} INFO - Sync 1 DAGs
[2023-03-27T23:22:41.477+0000] {logging_mixin.py:137} INFO - [2023-03-27T23:22:41.477+0000] {dag.py:3444} INFO - Setting next_dagrun for example_sensors to None, run_after=None
[2023-03-27T23:22:41.528+0000] {processor.py:175} INFO - Processing /home/airflow/.local/lib/python3.7/site-packages/airflow/example_dags/example_sensors.py took 0.300 seconds
[2023-03-27T23:23:12.270+0000] {processor.py:153} INFO - Started process (PID=1318) to work on /home/airflow/.local/lib/python3.7/site-packages/airflow/example_dags/example_sensors.py
[2023-03-27T23:23:12.274+0000] {processor.py:743} INFO - Processing file /home/airflow/.local/lib/python3.7/site-packages/airflow/example_dags/example_sensors.py for tasks to queue
[2023-03-27T23:23:12.279+0000] {logging_mixin.py:137} INFO - [2023-03-27T23:23:12.279+0000] {dagbag.py:532} INFO - Filling up the DagBag from /home/airflow/.local/lib/python3.7/site-packages/airflow/example_dags/example_sensors.py
[2023-03-27T23:23:12.319+0000] {processor.py:753} INFO - DAG(s) dict_keys(['example_sensors']) retrieved from /home/airflow/.local/lib/python3.7/site-packages/airflow/example_dags/example_sensors.py
[2023-03-27T23:23:12.380+0000] {logging_mixin.py:137} INFO - [2023-03-27T23:23:12.379+0000] {dag.py:2693} INFO - Sync 1 DAGs
[2023-03-27T23:23:12.436+0000] {logging_mixin.py:137} INFO - [2023-03-27T23:23:12.436+0000] {dag.py:3444} INFO - Setting next_dagrun for example_sensors to None, run_after=None
[2023-03-27T23:23:12.482+0000] {processor.py:175} INFO - Processing /home/airflow/.local/lib/python3.7/site-packages/airflow/example_dags/example_sensors.py took 0.223 seconds
[2023-03-27T23:23:43.122+0000] {processor.py:153} INFO - Started process (PID=1367) to work on /home/airflow/.local/lib/python3.7/site-packages/airflow/example_dags/example_sensors.py
[2023-03-27T23:23:43.126+0000] {processor.py:743} INFO - Processing file /home/airflow/.local/lib/python3.7/site-packages/airflow/example_dags/example_sensors.py for tasks to queue
[2023-03-27T23:23:43.133+0000] {logging_mixin.py:137} INFO - [2023-03-27T23:23:43.133+0000] {dagbag.py:532} INFO - Filling up the DagBag from /home/airflow/.local/lib/python3.7/site-packages/airflow/example_dags/example_sensors.py
[2023-03-27T23:23:43.207+0000] {processor.py:753} INFO - DAG(s) dict_keys(['example_sensors']) retrieved from /home/airflow/.local/lib/python3.7/site-packages/airflow/example_dags/example_sensors.py
[2023-03-27T23:23:43.290+0000] {logging_mixin.py:137} INFO - [2023-03-27T23:23:43.290+0000] {dag.py:2693} INFO - Sync 1 DAGs
[2023-03-27T23:23:43.349+0000] {logging_mixin.py:137} INFO - [2023-03-27T23:23:43.349+0000] {dag.py:3444} INFO - Setting next_dagrun for example_sensors to None, run_after=None
[2023-03-27T23:23:43.388+0000] {processor.py:175} INFO - Processing /home/airflow/.local/lib/python3.7/site-packages/airflow/example_dags/example_sensors.py took 0.286 seconds
[2023-03-27T23:24:13.975+0000] {processor.py:153} INFO - Started process (PID=1416) to work on /home/airflow/.local/lib/python3.7/site-packages/airflow/example_dags/example_sensors.py
[2023-03-27T23:24:13.979+0000] {processor.py:743} INFO - Processing file /home/airflow/.local/lib/python3.7/site-packages/airflow/example_dags/example_sensors.py for tasks to queue
[2023-03-27T23:24:13.983+0000] {logging_mixin.py:137} INFO - [2023-03-27T23:24:13.982+0000] {dagbag.py:532} INFO - Filling up the DagBag from /home/airflow/.local/lib/python3.7/site-packages/airflow/example_dags/example_sensors.py
[2023-03-27T23:24:14.024+0000] {processor.py:753} INFO - DAG(s) dict_keys(['example_sensors']) retrieved from /home/airflow/.local/lib/python3.7/site-packages/airflow/example_dags/example_sensors.py
[2023-03-27T23:24:14.087+0000] {logging_mixin.py:137} INFO - [2023-03-27T23:24:14.086+0000] {dag.py:2693} INFO - Sync 1 DAGs
[2023-03-27T23:24:14.135+0000] {logging_mixin.py:137} INFO - [2023-03-27T23:24:14.135+0000] {dag.py:3444} INFO - Setting next_dagrun for example_sensors to None, run_after=None
[2023-03-27T23:24:14.186+0000] {processor.py:175} INFO - Processing /home/airflow/.local/lib/python3.7/site-packages/airflow/example_dags/example_sensors.py took 0.216 seconds
[2023-03-27T23:24:44.853+0000] {processor.py:153} INFO - Started process (PID=1466) to work on /home/airflow/.local/lib/python3.7/site-packages/airflow/example_dags/example_sensors.py
[2023-03-27T23:24:44.859+0000] {processor.py:743} INFO - Processing file /home/airflow/.local/lib/python3.7/site-packages/airflow/example_dags/example_sensors.py for tasks to queue
[2023-03-27T23:24:44.862+0000] {logging_mixin.py:137} INFO - [2023-03-27T23:24:44.862+0000] {dagbag.py:532} INFO - Filling up the DagBag from /home/airflow/.local/lib/python3.7/site-packages/airflow/example_dags/example_sensors.py
[2023-03-27T23:24:44.913+0000] {processor.py:753} INFO - DAG(s) dict_keys(['example_sensors']) retrieved from /home/airflow/.local/lib/python3.7/site-packages/airflow/example_dags/example_sensors.py
[2023-03-27T23:24:44.971+0000] {logging_mixin.py:137} INFO - [2023-03-27T23:24:44.971+0000] {dag.py:2693} INFO - Sync 1 DAGs
[2023-03-27T23:24:45.021+0000] {logging_mixin.py:137} INFO - [2023-03-27T23:24:45.021+0000] {dag.py:3444} INFO - Setting next_dagrun for example_sensors to None, run_after=None
[2023-03-27T23:24:45.060+0000] {processor.py:175} INFO - Processing /home/airflow/.local/lib/python3.7/site-packages/airflow/example_dags/example_sensors.py took 0.219 seconds
[2023-03-27T23:55:00.517+0000] {processor.py:153} INFO - Started process (PID=1510) to work on /home/airflow/.local/lib/python3.7/site-packages/airflow/example_dags/example_sensors.py
[2023-03-27T23:55:00.522+0000] {processor.py:743} INFO - Processing file /home/airflow/.local/lib/python3.7/site-packages/airflow/example_dags/example_sensors.py for tasks to queue
[2023-03-27T23:55:00.526+0000] {logging_mixin.py:137} INFO - [2023-03-27T23:55:00.526+0000] {dagbag.py:532} INFO - Filling up the DagBag from /home/airflow/.local/lib/python3.7/site-packages/airflow/example_dags/example_sensors.py
[2023-03-27T23:55:00.596+0000] {processor.py:753} INFO - DAG(s) dict_keys(['example_sensors']) retrieved from /home/airflow/.local/lib/python3.7/site-packages/airflow/example_dags/example_sensors.py
[2023-03-27T23:55:00.664+0000] {logging_mixin.py:137} INFO - [2023-03-27T23:55:00.663+0000] {dag.py:2693} INFO - Sync 1 DAGs
[2023-03-27T23:55:00.717+0000] {logging_mixin.py:137} INFO - [2023-03-27T23:55:00.717+0000] {dag.py:3444} INFO - Setting next_dagrun for example_sensors to None, run_after=None
[2023-03-27T23:55:00.761+0000] {processor.py:175} INFO - Processing /home/airflow/.local/lib/python3.7/site-packages/airflow/example_dags/example_sensors.py took 0.254 seconds
[2023-03-27T23:55:31.989+0000] {processor.py:153} INFO - Started process (PID=1558) to work on /home/airflow/.local/lib/python3.7/site-packages/airflow/example_dags/example_sensors.py
[2023-03-27T23:55:31.994+0000] {processor.py:743} INFO - Processing file /home/airflow/.local/lib/python3.7/site-packages/airflow/example_dags/example_sensors.py for tasks to queue
[2023-03-27T23:55:31.997+0000] {logging_mixin.py:137} INFO - [2023-03-27T23:55:31.996+0000] {dagbag.py:532} INFO - Filling up the DagBag from /home/airflow/.local/lib/python3.7/site-packages/airflow/example_dags/example_sensors.py
[2023-03-27T23:55:32.065+0000] {processor.py:753} INFO - DAG(s) dict_keys(['example_sensors']) retrieved from /home/airflow/.local/lib/python3.7/site-packages/airflow/example_dags/example_sensors.py
[2023-03-27T23:55:32.141+0000] {logging_mixin.py:137} INFO - [2023-03-27T23:55:32.141+0000] {dag.py:2693} INFO - Sync 1 DAGs
[2023-03-27T23:55:32.207+0000] {logging_mixin.py:137} INFO - [2023-03-27T23:55:32.207+0000] {dag.py:3444} INFO - Setting next_dagrun for example_sensors to None, run_after=None
[2023-03-27T23:55:32.273+0000] {processor.py:175} INFO - Processing /home/airflow/.local/lib/python3.7/site-packages/airflow/example_dags/example_sensors.py took 0.299 seconds
[2023-03-27T23:56:09.465+0000] {processor.py:153} INFO - Started process (PID=1607) to work on /home/airflow/.local/lib/python3.7/site-packages/airflow/example_dags/example_sensors.py
[2023-03-27T23:56:09.469+0000] {processor.py:743} INFO - Processing file /home/airflow/.local/lib/python3.7/site-packages/airflow/example_dags/example_sensors.py for tasks to queue
[2023-03-27T23:56:09.472+0000] {logging_mixin.py:137} INFO - [2023-03-27T23:56:09.472+0000] {dagbag.py:532} INFO - Filling up the DagBag from /home/airflow/.local/lib/python3.7/site-packages/airflow/example_dags/example_sensors.py
[2023-03-27T23:56:09.529+0000] {processor.py:753} INFO - DAG(s) dict_keys(['example_sensors']) retrieved from /home/airflow/.local/lib/python3.7/site-packages/airflow/example_dags/example_sensors.py
[2023-03-27T23:56:09.590+0000] {logging_mixin.py:137} INFO - [2023-03-27T23:56:09.590+0000] {dag.py:2693} INFO - Sync 1 DAGs
[2023-03-27T23:56:09.648+0000] {logging_mixin.py:137} INFO - [2023-03-27T23:56:09.648+0000] {dag.py:3444} INFO - Setting next_dagrun for example_sensors to None, run_after=None
[2023-03-27T23:56:09.927+0000] {processor.py:175} INFO - Processing /home/airflow/.local/lib/python3.7/site-packages/airflow/example_dags/example_sensors.py took 0.471 seconds
[2023-03-27T23:56:41.190+0000] {processor.py:153} INFO - Started process (PID=1656) to work on /home/airflow/.local/lib/python3.7/site-packages/airflow/example_dags/example_sensors.py
[2023-03-27T23:56:41.201+0000] {processor.py:743} INFO - Processing file /home/airflow/.local/lib/python3.7/site-packages/airflow/example_dags/example_sensors.py for tasks to queue
[2023-03-27T23:56:41.207+0000] {logging_mixin.py:137} INFO - [2023-03-27T23:56:41.207+0000] {dagbag.py:532} INFO - Filling up the DagBag from /home/airflow/.local/lib/python3.7/site-packages/airflow/example_dags/example_sensors.py
[2023-03-27T23:56:41.346+0000] {processor.py:753} INFO - DAG(s) dict_keys(['example_sensors']) retrieved from /home/airflow/.local/lib/python3.7/site-packages/airflow/example_dags/example_sensors.py
[2023-03-27T23:56:42.275+0000] {logging_mixin.py:137} INFO - [2023-03-27T23:56:42.274+0000] {dag.py:2693} INFO - Sync 1 DAGs
[2023-03-27T23:56:42.392+0000] {logging_mixin.py:137} INFO - [2023-03-27T23:56:42.392+0000] {dag.py:3444} INFO - Setting next_dagrun for example_sensors to None, run_after=None
[2023-03-27T23:56:42.478+0000] {processor.py:175} INFO - Processing /home/airflow/.local/lib/python3.7/site-packages/airflow/example_dags/example_sensors.py took 1.328 seconds
[2023-03-27T23:57:12.671+0000] {processor.py:153} INFO - Started process (PID=1706) to work on /home/airflow/.local/lib/python3.7/site-packages/airflow/example_dags/example_sensors.py
[2023-03-27T23:57:12.676+0000] {processor.py:743} INFO - Processing file /home/airflow/.local/lib/python3.7/site-packages/airflow/example_dags/example_sensors.py for tasks to queue
[2023-03-27T23:57:12.679+0000] {logging_mixin.py:137} INFO - [2023-03-27T23:57:12.678+0000] {dagbag.py:532} INFO - Filling up the DagBag from /home/airflow/.local/lib/python3.7/site-packages/airflow/example_dags/example_sensors.py
[2023-03-27T23:57:12.736+0000] {processor.py:753} INFO - DAG(s) dict_keys(['example_sensors']) retrieved from /home/airflow/.local/lib/python3.7/site-packages/airflow/example_dags/example_sensors.py
[2023-03-27T23:57:12.808+0000] {logging_mixin.py:137} INFO - [2023-03-27T23:57:12.808+0000] {dag.py:2693} INFO - Sync 1 DAGs
[2023-03-27T23:57:12.863+0000] {logging_mixin.py:137} INFO - [2023-03-27T23:57:12.863+0000] {dag.py:3444} INFO - Setting next_dagrun for example_sensors to None, run_after=None
[2023-03-27T23:57:12.901+0000] {processor.py:175} INFO - Processing /home/airflow/.local/lib/python3.7/site-packages/airflow/example_dags/example_sensors.py took 0.239 seconds
[2023-03-27T23:57:43.065+0000] {processor.py:153} INFO - Started process (PID=1755) to work on /home/airflow/.local/lib/python3.7/site-packages/airflow/example_dags/example_sensors.py
[2023-03-27T23:57:43.070+0000] {processor.py:743} INFO - Processing file /home/airflow/.local/lib/python3.7/site-packages/airflow/example_dags/example_sensors.py for tasks to queue
[2023-03-27T23:57:43.076+0000] {logging_mixin.py:137} INFO - [2023-03-27T23:57:43.074+0000] {dagbag.py:532} INFO - Filling up the DagBag from /home/airflow/.local/lib/python3.7/site-packages/airflow/example_dags/example_sensors.py
[2023-03-27T23:57:43.133+0000] {processor.py:753} INFO - DAG(s) dict_keys(['example_sensors']) retrieved from /home/airflow/.local/lib/python3.7/site-packages/airflow/example_dags/example_sensors.py
[2023-03-27T23:57:43.191+0000] {logging_mixin.py:137} INFO - [2023-03-27T23:57:43.191+0000] {dag.py:2693} INFO - Sync 1 DAGs
[2023-03-27T23:57:43.241+0000] {logging_mixin.py:137} INFO - [2023-03-27T23:57:43.241+0000] {dag.py:3444} INFO - Setting next_dagrun for example_sensors to None, run_after=None
[2023-03-27T23:57:43.280+0000] {processor.py:175} INFO - Processing /home/airflow/.local/lib/python3.7/site-packages/airflow/example_dags/example_sensors.py took 0.260 seconds
[2023-03-27T23:58:13.422+0000] {processor.py:153} INFO - Started process (PID=1804) to work on /home/airflow/.local/lib/python3.7/site-packages/airflow/example_dags/example_sensors.py
[2023-03-27T23:58:13.425+0000] {processor.py:743} INFO - Processing file /home/airflow/.local/lib/python3.7/site-packages/airflow/example_dags/example_sensors.py for tasks to queue
[2023-03-27T23:58:13.428+0000] {logging_mixin.py:137} INFO - [2023-03-27T23:58:13.427+0000] {dagbag.py:532} INFO - Filling up the DagBag from /home/airflow/.local/lib/python3.7/site-packages/airflow/example_dags/example_sensors.py
[2023-03-27T23:58:13.486+0000] {processor.py:753} INFO - DAG(s) dict_keys(['example_sensors']) retrieved from /home/airflow/.local/lib/python3.7/site-packages/airflow/example_dags/example_sensors.py
[2023-03-27T23:58:13.541+0000] {logging_mixin.py:137} INFO - [2023-03-27T23:58:13.541+0000] {dag.py:2693} INFO - Sync 1 DAGs
[2023-03-27T23:58:13.611+0000] {logging_mixin.py:137} INFO - [2023-03-27T23:58:13.611+0000] {dag.py:3444} INFO - Setting next_dagrun for example_sensors to None, run_after=None
[2023-03-27T23:58:13.847+0000] {processor.py:175} INFO - Processing /home/airflow/.local/lib/python3.7/site-packages/airflow/example_dags/example_sensors.py took 0.431 seconds
[2023-03-27T23:58:47.595+0000] {processor.py:153} INFO - Started process (PID=1860) to work on /home/airflow/.local/lib/python3.7/site-packages/airflow/example_dags/example_sensors.py
[2023-03-27T23:58:47.608+0000] {processor.py:743} INFO - Processing file /home/airflow/.local/lib/python3.7/site-packages/airflow/example_dags/example_sensors.py for tasks to queue
[2023-03-27T23:58:47.612+0000] {logging_mixin.py:137} INFO - [2023-03-27T23:58:47.611+0000] {dagbag.py:532} INFO - Filling up the DagBag from /home/airflow/.local/lib/python3.7/site-packages/airflow/example_dags/example_sensors.py
[2023-03-27T23:58:47.688+0000] {processor.py:753} INFO - DAG(s) dict_keys(['example_sensors']) retrieved from /home/airflow/.local/lib/python3.7/site-packages/airflow/example_dags/example_sensors.py
[2023-03-27T23:58:48.292+0000] {logging_mixin.py:137} INFO - [2023-03-27T23:58:48.289+0000] {dag.py:2693} INFO - Sync 1 DAGs
[2023-03-27T23:58:48.508+0000] {logging_mixin.py:137} INFO - [2023-03-27T23:58:48.508+0000] {dag.py:3444} INFO - Setting next_dagrun for example_sensors to None, run_after=None
[2023-03-27T23:58:48.542+0000] {processor.py:175} INFO - Processing /home/airflow/.local/lib/python3.7/site-packages/airflow/example_dags/example_sensors.py took 0.961 seconds
[2023-03-27T23:59:19.256+0000] {processor.py:153} INFO - Started process (PID=1910) to work on /home/airflow/.local/lib/python3.7/site-packages/airflow/example_dags/example_sensors.py
[2023-03-27T23:59:19.260+0000] {processor.py:743} INFO - Processing file /home/airflow/.local/lib/python3.7/site-packages/airflow/example_dags/example_sensors.py for tasks to queue
[2023-03-27T23:59:19.265+0000] {logging_mixin.py:137} INFO - [2023-03-27T23:59:19.264+0000] {dagbag.py:532} INFO - Filling up the DagBag from /home/airflow/.local/lib/python3.7/site-packages/airflow/example_dags/example_sensors.py
[2023-03-27T23:59:19.325+0000] {processor.py:753} INFO - DAG(s) dict_keys(['example_sensors']) retrieved from /home/airflow/.local/lib/python3.7/site-packages/airflow/example_dags/example_sensors.py
[2023-03-27T23:59:19.427+0000] {logging_mixin.py:137} INFO - [2023-03-27T23:59:19.426+0000] {dag.py:2693} INFO - Sync 1 DAGs
[2023-03-27T23:59:19.536+0000] {logging_mixin.py:137} INFO - [2023-03-27T23:59:19.535+0000] {dag.py:3444} INFO - Setting next_dagrun for example_sensors to None, run_after=None
[2023-03-27T23:59:19.625+0000] {processor.py:175} INFO - Processing /home/airflow/.local/lib/python3.7/site-packages/airflow/example_dags/example_sensors.py took 0.381 seconds
[2023-03-27T23:59:50.598+0000] {processor.py:153} INFO - Started process (PID=1958) to work on /home/airflow/.local/lib/python3.7/site-packages/airflow/example_dags/example_sensors.py
[2023-03-27T23:59:50.606+0000] {processor.py:743} INFO - Processing file /home/airflow/.local/lib/python3.7/site-packages/airflow/example_dags/example_sensors.py for tasks to queue
[2023-03-27T23:59:50.612+0000] {logging_mixin.py:137} INFO - [2023-03-27T23:59:50.611+0000] {dagbag.py:532} INFO - Filling up the DagBag from /home/airflow/.local/lib/python3.7/site-packages/airflow/example_dags/example_sensors.py
[2023-03-27T23:59:50.660+0000] {processor.py:753} INFO - DAG(s) dict_keys(['example_sensors']) retrieved from /home/airflow/.local/lib/python3.7/site-packages/airflow/example_dags/example_sensors.py
[2023-03-27T23:59:50.754+0000] {logging_mixin.py:137} INFO - [2023-03-27T23:59:50.754+0000] {dag.py:2693} INFO - Sync 1 DAGs
[2023-03-27T23:59:50.918+0000] {logging_mixin.py:137} INFO - [2023-03-27T23:59:50.916+0000] {dag.py:3444} INFO - Setting next_dagrun for example_sensors to None, run_after=None
[2023-03-27T23:59:51.021+0000] {processor.py:175} INFO - Processing /home/airflow/.local/lib/python3.7/site-packages/airflow/example_dags/example_sensors.py took 0.447 seconds
