[2023-03-27T11:50:36.112+0000] {processor.py:153} INFO - Started process (PID=136) to work on /home/airflow/.local/lib/python3.7/site-packages/airflow/example_dags/example_branch_python_dop_operator_3.py
[2023-03-27T11:50:36.213+0000] {processor.py:743} INFO - Processing file /home/airflow/.local/lib/python3.7/site-packages/airflow/example_dags/example_branch_python_dop_operator_3.py for tasks to queue
[2023-03-27T11:50:36.247+0000] {logging_mixin.py:137} INFO - [2023-03-27T11:50:36.246+0000] {dagbag.py:532} INFO - Filling up the DagBag from /home/airflow/.local/lib/python3.7/site-packages/airflow/example_dags/example_branch_python_dop_operator_3.py
[2023-03-27T11:50:45.596+0000] {processor.py:753} INFO - DAG(s) dict_keys(['example_branch_dop_operator_v3']) retrieved from /home/airflow/.local/lib/python3.7/site-packages/airflow/example_dags/example_branch_python_dop_operator_3.py
[2023-03-27T11:50:51.840+0000] {logging_mixin.py:137} INFO - [2023-03-27T11:50:51.840+0000] {dag.py:2693} INFO - Sync 1 DAGs
[2023-03-27T11:50:58.176+0000] {logging_mixin.py:137} INFO - [2023-03-27T11:50:58.142+0000] {dag.py:3444} INFO - Setting next_dagrun for example_branch_dop_operator_v3 to 2023-03-27T11:49:00+00:00, run_after=2023-03-27T11:50:00+00:00
[2023-03-27T11:50:59.412+0000] {processor.py:175} INFO - Processing /home/airflow/.local/lib/python3.7/site-packages/airflow/example_dags/example_branch_python_dop_operator_3.py took 25.842 seconds
[2023-03-27T13:25:43.793+0000] {processor.py:153} INFO - Started process (PID=212) to work on /home/airflow/.local/lib/python3.7/site-packages/airflow/example_dags/example_branch_python_dop_operator_3.py
[2023-03-27T13:25:43.833+0000] {processor.py:743} INFO - Processing file /home/airflow/.local/lib/python3.7/site-packages/airflow/example_dags/example_branch_python_dop_operator_3.py for tasks to queue
[2023-03-27T13:25:43.918+0000] {logging_mixin.py:137} INFO - [2023-03-27T13:25:43.889+0000] {dagbag.py:532} INFO - Filling up the DagBag from /home/airflow/.local/lib/python3.7/site-packages/airflow/example_dags/example_branch_python_dop_operator_3.py
[2023-03-27T13:25:44.862+0000] {processor.py:753} INFO - DAG(s) dict_keys(['example_branch_dop_operator_v3']) retrieved from /home/airflow/.local/lib/python3.7/site-packages/airflow/example_dags/example_branch_python_dop_operator_3.py
[2023-03-27T13:25:45.385+0000] {logging_mixin.py:137} INFO - [2023-03-27T13:25:45.381+0000] {dag.py:2693} INFO - Sync 1 DAGs
[2023-03-27T13:25:46.465+0000] {logging_mixin.py:137} INFO - [2023-03-27T13:25:46.436+0000] {dag.py:3444} INFO - Setting next_dagrun for example_branch_dop_operator_v3 to 2023-03-27T13:24:00+00:00, run_after=2023-03-27T13:25:00+00:00
[2023-03-27T13:25:47.767+0000] {processor.py:175} INFO - Processing /home/airflow/.local/lib/python3.7/site-packages/airflow/example_dags/example_branch_python_dop_operator_3.py took 5.099 seconds
[2023-03-27T13:29:51.565+0000] {processor.py:153} INFO - Started process (PID=327) to work on /home/airflow/.local/lib/python3.7/site-packages/airflow/example_dags/example_branch_python_dop_operator_3.py
[2023-03-27T13:29:51.588+0000] {processor.py:743} INFO - Processing file /home/airflow/.local/lib/python3.7/site-packages/airflow/example_dags/example_branch_python_dop_operator_3.py for tasks to queue
[2023-03-27T13:29:51.596+0000] {logging_mixin.py:137} INFO - [2023-03-27T13:29:51.596+0000] {dagbag.py:532} INFO - Filling up the DagBag from /home/airflow/.local/lib/python3.7/site-packages/airflow/example_dags/example_branch_python_dop_operator_3.py
[2023-03-27T13:29:52.721+0000] {processor.py:753} INFO - DAG(s) dict_keys(['example_branch_dop_operator_v3']) retrieved from /home/airflow/.local/lib/python3.7/site-packages/airflow/example_dags/example_branch_python_dop_operator_3.py
[2023-03-27T13:29:53.113+0000] {logging_mixin.py:137} INFO - [2023-03-27T13:29:53.112+0000] {dag.py:2693} INFO - Sync 1 DAGs
[2023-03-27T13:30:01.707+0000] {logging_mixin.py:137} INFO - [2023-03-27T13:30:01.495+0000] {dag.py:3444} INFO - Setting next_dagrun for example_branch_dop_operator_v3 to 2023-03-27T13:29:00+00:00, run_after=2023-03-27T13:30:00+00:00
[2023-03-27T13:30:03.716+0000] {processor.py:175} INFO - Processing /home/airflow/.local/lib/python3.7/site-packages/airflow/example_dags/example_branch_python_dop_operator_3.py took 12.193 seconds
[2023-03-27T13:34:03.060+0000] {processor.py:153} INFO - Started process (PID=442) to work on /home/airflow/.local/lib/python3.7/site-packages/airflow/example_dags/example_branch_python_dop_operator_3.py
[2023-03-27T13:34:04.277+0000] {processor.py:743} INFO - Processing file /home/airflow/.local/lib/python3.7/site-packages/airflow/example_dags/example_branch_python_dop_operator_3.py for tasks to queue
[2023-03-27T13:34:04.532+0000] {logging_mixin.py:137} INFO - [2023-03-27T13:34:04.531+0000] {dagbag.py:532} INFO - Filling up the DagBag from /home/airflow/.local/lib/python3.7/site-packages/airflow/example_dags/example_branch_python_dop_operator_3.py
[2023-03-27T13:34:09.380+0000] {processor.py:753} INFO - DAG(s) dict_keys(['example_branch_dop_operator_v3']) retrieved from /home/airflow/.local/lib/python3.7/site-packages/airflow/example_dags/example_branch_python_dop_operator_3.py
[2023-03-27T13:34:12.809+0000] {logging_mixin.py:137} INFO - [2023-03-27T13:34:12.806+0000] {dag.py:2693} INFO - Sync 1 DAGs
[2023-03-27T13:34:14.677+0000] {logging_mixin.py:137} INFO - [2023-03-27T13:34:14.671+0000] {dag.py:3444} INFO - Setting next_dagrun for example_branch_dop_operator_v3 to 2023-03-27T13:33:00+00:00, run_after=2023-03-27T13:34:00+00:00
[2023-03-27T13:34:15.597+0000] {processor.py:175} INFO - Processing /home/airflow/.local/lib/python3.7/site-packages/airflow/example_dags/example_branch_python_dop_operator_3.py took 13.638 seconds
[2023-03-27T13:37:34.627+0000] {processor.py:153} INFO - Started process (PID=552) to work on /home/airflow/.local/lib/python3.7/site-packages/airflow/example_dags/example_branch_python_dop_operator_3.py
[2023-03-27T13:37:34.634+0000] {processor.py:743} INFO - Processing file /home/airflow/.local/lib/python3.7/site-packages/airflow/example_dags/example_branch_python_dop_operator_3.py for tasks to queue
[2023-03-27T13:37:34.660+0000] {logging_mixin.py:137} INFO - [2023-03-27T13:37:34.660+0000] {dagbag.py:532} INFO - Filling up the DagBag from /home/airflow/.local/lib/python3.7/site-packages/airflow/example_dags/example_branch_python_dop_operator_3.py
[2023-03-27T13:37:36.748+0000] {processor.py:753} INFO - DAG(s) dict_keys(['example_branch_dop_operator_v3']) retrieved from /home/airflow/.local/lib/python3.7/site-packages/airflow/example_dags/example_branch_python_dop_operator_3.py
[2023-03-27T13:37:37.736+0000] {logging_mixin.py:137} INFO - [2023-03-27T13:37:37.719+0000] {dag.py:2693} INFO - Sync 1 DAGs
[2023-03-27T13:37:40.982+0000] {logging_mixin.py:137} INFO - [2023-03-27T13:37:40.931+0000] {dag.py:3444} INFO - Setting next_dagrun for example_branch_dop_operator_v3 to 2023-03-27T13:36:00+00:00, run_after=2023-03-27T13:37:00+00:00
[2023-03-27T13:37:41.744+0000] {processor.py:175} INFO - Processing /home/airflow/.local/lib/python3.7/site-packages/airflow/example_dags/example_branch_python_dop_operator_3.py took 7.510 seconds
[2023-03-27T13:40:02.261+0000] {processor.py:153} INFO - Started process (PID=636) to work on /home/airflow/.local/lib/python3.7/site-packages/airflow/example_dags/example_branch_python_dop_operator_3.py
[2023-03-27T13:40:02.340+0000] {processor.py:743} INFO - Processing file /home/airflow/.local/lib/python3.7/site-packages/airflow/example_dags/example_branch_python_dop_operator_3.py for tasks to queue
[2023-03-27T13:40:02.355+0000] {logging_mixin.py:137} INFO - [2023-03-27T13:40:02.346+0000] {dagbag.py:532} INFO - Filling up the DagBag from /home/airflow/.local/lib/python3.7/site-packages/airflow/example_dags/example_branch_python_dop_operator_3.py
[2023-03-27T13:40:03.531+0000] {processor.py:753} INFO - DAG(s) dict_keys(['example_branch_dop_operator_v3']) retrieved from /home/airflow/.local/lib/python3.7/site-packages/airflow/example_dags/example_branch_python_dop_operator_3.py
[2023-03-27T13:40:04.363+0000] {logging_mixin.py:137} INFO - [2023-03-27T13:40:04.363+0000] {dag.py:2693} INFO - Sync 1 DAGs
[2023-03-27T13:40:05.883+0000] {logging_mixin.py:137} INFO - [2023-03-27T13:40:05.883+0000] {dag.py:3444} INFO - Setting next_dagrun for example_branch_dop_operator_v3 to 2023-03-27T13:39:00+00:00, run_after=2023-03-27T13:40:00+00:00
[2023-03-27T13:40:06.364+0000] {processor.py:175} INFO - Processing /home/airflow/.local/lib/python3.7/site-packages/airflow/example_dags/example_branch_python_dop_operator_3.py took 4.420 seconds
[2023-03-27T13:43:15.669+0000] {processor.py:153} INFO - Started process (PID=732) to work on /home/airflow/.local/lib/python3.7/site-packages/airflow/example_dags/example_branch_python_dop_operator_3.py
[2023-03-27T13:43:15.700+0000] {processor.py:743} INFO - Processing file /home/airflow/.local/lib/python3.7/site-packages/airflow/example_dags/example_branch_python_dop_operator_3.py for tasks to queue
[2023-03-27T13:43:15.947+0000] {logging_mixin.py:137} INFO - [2023-03-27T13:43:15.947+0000] {dagbag.py:532} INFO - Filling up the DagBag from /home/airflow/.local/lib/python3.7/site-packages/airflow/example_dags/example_branch_python_dop_operator_3.py
[2023-03-27T13:43:16.715+0000] {processor.py:753} INFO - DAG(s) dict_keys(['example_branch_dop_operator_v3']) retrieved from /home/airflow/.local/lib/python3.7/site-packages/airflow/example_dags/example_branch_python_dop_operator_3.py
[2023-03-27T13:43:17.552+0000] {logging_mixin.py:137} INFO - [2023-03-27T13:43:17.552+0000] {dag.py:2693} INFO - Sync 1 DAGs
[2023-03-27T13:43:20.577+0000] {logging_mixin.py:137} INFO - [2023-03-27T13:43:20.576+0000] {dag.py:3444} INFO - Setting next_dagrun for example_branch_dop_operator_v3 to 2023-03-27T13:42:00+00:00, run_after=2023-03-27T13:43:00+00:00
[2023-03-27T13:43:23.520+0000] {processor.py:175} INFO - Processing /home/airflow/.local/lib/python3.7/site-packages/airflow/example_dags/example_branch_python_dop_operator_3.py took 8.139 seconds
[2023-03-27T18:08:42.326+0000] {processor.py:153} INFO - Started process (PID=210) to work on /home/airflow/.local/lib/python3.7/site-packages/airflow/example_dags/example_branch_python_dop_operator_3.py
[2023-03-27T18:08:42.934+0000] {processor.py:743} INFO - Processing file /home/airflow/.local/lib/python3.7/site-packages/airflow/example_dags/example_branch_python_dop_operator_3.py for tasks to queue
[2023-03-27T18:08:42.963+0000] {logging_mixin.py:137} INFO - [2023-03-27T18:08:42.963+0000] {dagbag.py:532} INFO - Filling up the DagBag from /home/airflow/.local/lib/python3.7/site-packages/airflow/example_dags/example_branch_python_dop_operator_3.py
[2023-03-27T18:08:44.684+0000] {processor.py:753} INFO - DAG(s) dict_keys(['example_branch_dop_operator_v3']) retrieved from /home/airflow/.local/lib/python3.7/site-packages/airflow/example_dags/example_branch_python_dop_operator_3.py
[2023-03-27T18:08:47.856+0000] {logging_mixin.py:137} INFO - [2023-03-27T18:08:47.856+0000] {dag.py:2693} INFO - Sync 1 DAGs
[2023-03-27T18:08:50.581+0000] {logging_mixin.py:137} INFO - [2023-03-27T18:08:50.580+0000] {dag.py:3444} INFO - Setting next_dagrun for example_branch_dop_operator_v3 to 2023-03-27T18:07:00+00:00, run_after=2023-03-27T18:08:00+00:00
[2023-03-27T18:08:53.505+0000] {processor.py:175} INFO - Processing /home/airflow/.local/lib/python3.7/site-packages/airflow/example_dags/example_branch_python_dop_operator_3.py took 13.532 seconds
[2023-03-27T18:17:46.925+0000] {processor.py:153} INFO - Started process (PID=369) to work on /home/airflow/.local/lib/python3.7/site-packages/airflow/example_dags/example_branch_python_dop_operator_3.py
[2023-03-27T18:17:47.187+0000] {processor.py:743} INFO - Processing file /home/airflow/.local/lib/python3.7/site-packages/airflow/example_dags/example_branch_python_dop_operator_3.py for tasks to queue
[2023-03-27T18:17:47.285+0000] {logging_mixin.py:137} INFO - [2023-03-27T18:17:47.284+0000] {dagbag.py:532} INFO - Filling up the DagBag from /home/airflow/.local/lib/python3.7/site-packages/airflow/example_dags/example_branch_python_dop_operator_3.py
[2023-03-27T18:17:49.238+0000] {processor.py:753} INFO - DAG(s) dict_keys(['example_branch_dop_operator_v3']) retrieved from /home/airflow/.local/lib/python3.7/site-packages/airflow/example_dags/example_branch_python_dop_operator_3.py
[2023-03-27T18:17:50.789+0000] {logging_mixin.py:137} INFO - [2023-03-27T18:17:50.779+0000] {dag.py:2693} INFO - Sync 1 DAGs
[2023-03-27T18:17:52.507+0000] {logging_mixin.py:137} INFO - [2023-03-27T18:17:52.506+0000] {dag.py:3444} INFO - Setting next_dagrun for example_branch_dop_operator_v3 to 2023-03-27T18:16:00+00:00, run_after=2023-03-27T18:17:00+00:00
[2023-03-27T18:17:53.562+0000] {processor.py:175} INFO - Processing /home/airflow/.local/lib/python3.7/site-packages/airflow/example_dags/example_branch_python_dop_operator_3.py took 7.450 seconds
[2023-03-27T18:27:34.659+0000] {processor.py:153} INFO - Started process (PID=547) to work on /home/airflow/.local/lib/python3.7/site-packages/airflow/example_dags/example_branch_python_dop_operator_3.py
[2023-03-27T18:27:35.074+0000] {processor.py:743} INFO - Processing file /home/airflow/.local/lib/python3.7/site-packages/airflow/example_dags/example_branch_python_dop_operator_3.py for tasks to queue
[2023-03-27T18:27:35.357+0000] {logging_mixin.py:137} INFO - [2023-03-27T18:27:35.356+0000] {dagbag.py:532} INFO - Filling up the DagBag from /home/airflow/.local/lib/python3.7/site-packages/airflow/example_dags/example_branch_python_dop_operator_3.py
[2023-03-27T18:27:38.933+0000] {processor.py:753} INFO - DAG(s) dict_keys(['example_branch_dop_operator_v3']) retrieved from /home/airflow/.local/lib/python3.7/site-packages/airflow/example_dags/example_branch_python_dop_operator_3.py
[2023-03-27T18:27:43.297+0000] {logging_mixin.py:137} INFO - [2023-03-27T18:27:43.187+0000] {dag.py:2693} INFO - Sync 1 DAGs
[2023-03-27T18:27:49.338+0000] {logging_mixin.py:137} INFO - [2023-03-27T18:27:49.337+0000] {dag.py:3444} INFO - Setting next_dagrun for example_branch_dop_operator_v3 to 2023-03-27T18:26:00+00:00, run_after=2023-03-27T18:27:00+00:00
[2023-03-27T18:27:50.705+0000] {processor.py:175} INFO - Processing /home/airflow/.local/lib/python3.7/site-packages/airflow/example_dags/example_branch_python_dop_operator_3.py took 16.641 seconds
[2023-03-27T18:30:16.758+0000] {processor.py:153} INFO - Started process (PID=630) to work on /home/airflow/.local/lib/python3.7/site-packages/airflow/example_dags/example_branch_python_dop_operator_3.py
[2023-03-27T18:30:16.779+0000] {processor.py:743} INFO - Processing file /home/airflow/.local/lib/python3.7/site-packages/airflow/example_dags/example_branch_python_dop_operator_3.py for tasks to queue
[2023-03-27T18:30:16.787+0000] {logging_mixin.py:137} INFO - [2023-03-27T18:30:16.787+0000] {dagbag.py:532} INFO - Filling up the DagBag from /home/airflow/.local/lib/python3.7/site-packages/airflow/example_dags/example_branch_python_dop_operator_3.py
[2023-03-27T18:30:17.469+0000] {processor.py:753} INFO - DAG(s) dict_keys(['example_branch_dop_operator_v3']) retrieved from /home/airflow/.local/lib/python3.7/site-packages/airflow/example_dags/example_branch_python_dop_operator_3.py
[2023-03-27T18:30:18.807+0000] {logging_mixin.py:137} INFO - [2023-03-27T18:30:18.807+0000] {dag.py:2693} INFO - Sync 1 DAGs
[2023-03-27T18:30:19.764+0000] {logging_mixin.py:137} INFO - [2023-03-27T18:30:19.764+0000] {dag.py:3444} INFO - Setting next_dagrun for example_branch_dop_operator_v3 to 2023-03-27T18:29:00+00:00, run_after=2023-03-27T18:30:00+00:00
[2023-03-27T18:30:20.346+0000] {processor.py:175} INFO - Processing /home/airflow/.local/lib/python3.7/site-packages/airflow/example_dags/example_branch_python_dop_operator_3.py took 3.742 seconds
[2023-03-27T18:32:01.553+0000] {processor.py:153} INFO - Started process (PID=704) to work on /home/airflow/.local/lib/python3.7/site-packages/airflow/example_dags/example_branch_python_dop_operator_3.py
[2023-03-27T18:32:01.572+0000] {processor.py:743} INFO - Processing file /home/airflow/.local/lib/python3.7/site-packages/airflow/example_dags/example_branch_python_dop_operator_3.py for tasks to queue
[2023-03-27T18:32:01.598+0000] {logging_mixin.py:137} INFO - [2023-03-27T18:32:01.590+0000] {dagbag.py:532} INFO - Filling up the DagBag from /home/airflow/.local/lib/python3.7/site-packages/airflow/example_dags/example_branch_python_dop_operator_3.py
[2023-03-27T18:32:02.749+0000] {processor.py:753} INFO - DAG(s) dict_keys(['example_branch_dop_operator_v3']) retrieved from /home/airflow/.local/lib/python3.7/site-packages/airflow/example_dags/example_branch_python_dop_operator_3.py
[2023-03-27T18:32:03.733+0000] {logging_mixin.py:137} INFO - [2023-03-27T18:32:03.722+0000] {dag.py:2693} INFO - Sync 1 DAGs
[2023-03-27T18:32:04.935+0000] {logging_mixin.py:137} INFO - [2023-03-27T18:32:04.933+0000] {dag.py:3444} INFO - Setting next_dagrun for example_branch_dop_operator_v3 to 2023-03-27T18:31:00+00:00, run_after=2023-03-27T18:32:00+00:00
[2023-03-27T18:32:05.731+0000] {processor.py:175} INFO - Processing /home/airflow/.local/lib/python3.7/site-packages/airflow/example_dags/example_branch_python_dop_operator_3.py took 4.271 seconds
[2023-03-27T21:08:08.401+0000] {processor.py:153} INFO - Started process (PID=772) to work on /home/airflow/.local/lib/python3.7/site-packages/airflow/example_dags/example_branch_python_dop_operator_3.py
[2023-03-27T21:08:08.437+0000] {processor.py:743} INFO - Processing file /home/airflow/.local/lib/python3.7/site-packages/airflow/example_dags/example_branch_python_dop_operator_3.py for tasks to queue
[2023-03-27T21:08:08.456+0000] {logging_mixin.py:137} INFO - [2023-03-27T21:08:08.455+0000] {dagbag.py:532} INFO - Filling up the DagBag from /home/airflow/.local/lib/python3.7/site-packages/airflow/example_dags/example_branch_python_dop_operator_3.py
[2023-03-27T21:08:09.509+0000] {processor.py:753} INFO - DAG(s) dict_keys(['example_branch_dop_operator_v3']) retrieved from /home/airflow/.local/lib/python3.7/site-packages/airflow/example_dags/example_branch_python_dop_operator_3.py
[2023-03-27T21:08:18.035+0000] {logging_mixin.py:137} INFO - [2023-03-27T21:08:18.000+0000] {dag.py:2693} INFO - Sync 1 DAGs
[2023-03-27T21:08:21.034+0000] {logging_mixin.py:137} INFO - [2023-03-27T21:08:21.033+0000] {dag.py:3444} INFO - Setting next_dagrun for example_branch_dop_operator_v3 to 2023-03-27T21:07:00+00:00, run_after=2023-03-27T21:08:00+00:00
[2023-03-27T21:08:22.068+0000] {processor.py:175} INFO - Processing /home/airflow/.local/lib/python3.7/site-packages/airflow/example_dags/example_branch_python_dop_operator_3.py took 13.902 seconds
[2023-03-27T21:43:56.101+0000] {processor.py:153} INFO - Started process (PID=879) to work on /home/airflow/.local/lib/python3.7/site-packages/airflow/example_dags/example_branch_python_dop_operator_3.py
[2023-03-27T21:43:56.161+0000] {processor.py:743} INFO - Processing file /home/airflow/.local/lib/python3.7/site-packages/airflow/example_dags/example_branch_python_dop_operator_3.py for tasks to queue
[2023-03-27T21:43:56.178+0000] {logging_mixin.py:137} INFO - [2023-03-27T21:43:56.178+0000] {dagbag.py:532} INFO - Filling up the DagBag from /home/airflow/.local/lib/python3.7/site-packages/airflow/example_dags/example_branch_python_dop_operator_3.py
[2023-03-27T21:43:57.651+0000] {processor.py:753} INFO - DAG(s) dict_keys(['example_branch_dop_operator_v3']) retrieved from /home/airflow/.local/lib/python3.7/site-packages/airflow/example_dags/example_branch_python_dop_operator_3.py
[2023-03-27T21:44:11.804+0000] {logging_mixin.py:137} INFO - [2023-03-27T21:44:11.803+0000] {dag.py:2693} INFO - Sync 1 DAGs
[2023-03-27T21:44:14.355+0000] {logging_mixin.py:137} INFO - [2023-03-27T21:44:14.355+0000] {dag.py:3444} INFO - Setting next_dagrun for example_branch_dop_operator_v3 to 2023-03-27T21:43:00+00:00, run_after=2023-03-27T21:44:00+00:00
[2023-03-27T21:44:15.189+0000] {processor.py:175} INFO - Processing /home/airflow/.local/lib/python3.7/site-packages/airflow/example_dags/example_branch_python_dop_operator_3.py took 19.127 seconds
[2023-03-27T21:48:50.091+0000] {processor.py:153} INFO - Started process (PID=997) to work on /home/airflow/.local/lib/python3.7/site-packages/airflow/example_dags/example_branch_python_dop_operator_3.py
[2023-03-27T21:48:50.402+0000] {processor.py:743} INFO - Processing file /home/airflow/.local/lib/python3.7/site-packages/airflow/example_dags/example_branch_python_dop_operator_3.py for tasks to queue
[2023-03-27T21:48:50.419+0000] {logging_mixin.py:137} INFO - [2023-03-27T21:48:50.419+0000] {dagbag.py:532} INFO - Filling up the DagBag from /home/airflow/.local/lib/python3.7/site-packages/airflow/example_dags/example_branch_python_dop_operator_3.py
[2023-03-27T21:48:50.996+0000] {processor.py:753} INFO - DAG(s) dict_keys(['example_branch_dop_operator_v3']) retrieved from /home/airflow/.local/lib/python3.7/site-packages/airflow/example_dags/example_branch_python_dop_operator_3.py
[2023-03-27T21:48:52.804+0000] {logging_mixin.py:137} INFO - [2023-03-27T21:48:52.803+0000] {dag.py:2693} INFO - Sync 1 DAGs
[2023-03-27T21:48:54.845+0000] {logging_mixin.py:137} INFO - [2023-03-27T21:48:54.844+0000] {dag.py:3444} INFO - Setting next_dagrun for example_branch_dop_operator_v3 to 2023-03-27T21:47:00+00:00, run_after=2023-03-27T21:48:00+00:00
[2023-03-27T21:48:56.386+0000] {processor.py:175} INFO - Processing /home/airflow/.local/lib/python3.7/site-packages/airflow/example_dags/example_branch_python_dop_operator_3.py took 6.477 seconds
[2023-03-27T21:52:55.738+0000] {processor.py:153} INFO - Started process (PID=1092) to work on /home/airflow/.local/lib/python3.7/site-packages/airflow/example_dags/example_branch_python_dop_operator_3.py
[2023-03-27T21:52:55.744+0000] {processor.py:743} INFO - Processing file /home/airflow/.local/lib/python3.7/site-packages/airflow/example_dags/example_branch_python_dop_operator_3.py for tasks to queue
[2023-03-27T21:52:55.748+0000] {logging_mixin.py:137} INFO - [2023-03-27T21:52:55.747+0000] {dagbag.py:532} INFO - Filling up the DagBag from /home/airflow/.local/lib/python3.7/site-packages/airflow/example_dags/example_branch_python_dop_operator_3.py
[2023-03-27T21:52:55.949+0000] {processor.py:753} INFO - DAG(s) dict_keys(['example_branch_dop_operator_v3']) retrieved from /home/airflow/.local/lib/python3.7/site-packages/airflow/example_dags/example_branch_python_dop_operator_3.py
[2023-03-27T21:52:56.128+0000] {logging_mixin.py:137} INFO - [2023-03-27T21:52:56.127+0000] {dag.py:2693} INFO - Sync 1 DAGs
[2023-03-27T21:52:56.335+0000] {logging_mixin.py:137} INFO - [2023-03-27T21:52:56.334+0000] {dag.py:3444} INFO - Setting next_dagrun for example_branch_dop_operator_v3 to 2023-03-27T21:51:00+00:00, run_after=2023-03-27T21:52:00+00:00
[2023-03-27T21:52:56.495+0000] {processor.py:175} INFO - Processing /home/airflow/.local/lib/python3.7/site-packages/airflow/example_dags/example_branch_python_dop_operator_3.py took 0.783 seconds
[2023-03-27T21:53:35.883+0000] {processor.py:153} INFO - Started process (PID=1142) to work on /home/airflow/.local/lib/python3.7/site-packages/airflow/example_dags/example_branch_python_dop_operator_3.py
[2023-03-27T21:53:35.898+0000] {processor.py:743} INFO - Processing file /home/airflow/.local/lib/python3.7/site-packages/airflow/example_dags/example_branch_python_dop_operator_3.py for tasks to queue
[2023-03-27T21:53:35.918+0000] {logging_mixin.py:137} INFO - [2023-03-27T21:53:35.914+0000] {dagbag.py:532} INFO - Filling up the DagBag from /home/airflow/.local/lib/python3.7/site-packages/airflow/example_dags/example_branch_python_dop_operator_3.py
[2023-03-27T21:53:36.250+0000] {processor.py:753} INFO - DAG(s) dict_keys(['example_branch_dop_operator_v3']) retrieved from /home/airflow/.local/lib/python3.7/site-packages/airflow/example_dags/example_branch_python_dop_operator_3.py
[2023-03-27T21:53:36.394+0000] {logging_mixin.py:137} INFO - [2023-03-27T21:53:36.394+0000] {dag.py:2693} INFO - Sync 1 DAGs
[2023-03-27T21:53:36.746+0000] {logging_mixin.py:137} INFO - [2023-03-27T21:53:36.719+0000] {dag.py:3444} INFO - Setting next_dagrun for example_branch_dop_operator_v3 to 2023-03-27T21:52:00+00:00, run_after=2023-03-27T21:53:00+00:00
[2023-03-27T21:53:37.303+0000] {processor.py:175} INFO - Processing /home/airflow/.local/lib/python3.7/site-packages/airflow/example_dags/example_branch_python_dop_operator_3.py took 1.452 seconds
[2023-03-27T22:25:11.843+0000] {processor.py:153} INFO - Started process (PID=1197) to work on /home/airflow/.local/lib/python3.7/site-packages/airflow/example_dags/example_branch_python_dop_operator_3.py
[2023-03-27T22:25:11.869+0000] {processor.py:743} INFO - Processing file /home/airflow/.local/lib/python3.7/site-packages/airflow/example_dags/example_branch_python_dop_operator_3.py for tasks to queue
[2023-03-27T22:25:11.880+0000] {logging_mixin.py:137} INFO - [2023-03-27T22:25:11.878+0000] {dagbag.py:532} INFO - Filling up the DagBag from /home/airflow/.local/lib/python3.7/site-packages/airflow/example_dags/example_branch_python_dop_operator_3.py
[2023-03-27T22:25:12.113+0000] {processor.py:753} INFO - DAG(s) dict_keys(['example_branch_dop_operator_v3']) retrieved from /home/airflow/.local/lib/python3.7/site-packages/airflow/example_dags/example_branch_python_dop_operator_3.py
[2023-03-27T22:25:16.039+0000] {logging_mixin.py:137} INFO - [2023-03-27T22:25:16.038+0000] {dag.py:2693} INFO - Sync 1 DAGs
[2023-03-27T22:25:18.137+0000] {logging_mixin.py:137} INFO - [2023-03-27T22:25:18.136+0000] {dag.py:3444} INFO - Setting next_dagrun for example_branch_dop_operator_v3 to 2023-03-27T22:24:00+00:00, run_after=2023-03-27T22:25:00+00:00
[2023-03-27T22:25:19.058+0000] {processor.py:175} INFO - Processing /home/airflow/.local/lib/python3.7/site-packages/airflow/example_dags/example_branch_python_dop_operator_3.py took 7.225 seconds
[2023-03-27T22:26:57.378+0000] {processor.py:153} INFO - Started process (PID=1275) to work on /home/airflow/.local/lib/python3.7/site-packages/airflow/example_dags/example_branch_python_dop_operator_3.py
[2023-03-27T22:26:57.402+0000] {processor.py:743} INFO - Processing file /home/airflow/.local/lib/python3.7/site-packages/airflow/example_dags/example_branch_python_dop_operator_3.py for tasks to queue
[2023-03-27T22:26:57.414+0000] {logging_mixin.py:137} INFO - [2023-03-27T22:26:57.413+0000] {dagbag.py:532} INFO - Filling up the DagBag from /home/airflow/.local/lib/python3.7/site-packages/airflow/example_dags/example_branch_python_dop_operator_3.py
[2023-03-27T22:26:57.982+0000] {processor.py:753} INFO - DAG(s) dict_keys(['example_branch_dop_operator_v3']) retrieved from /home/airflow/.local/lib/python3.7/site-packages/airflow/example_dags/example_branch_python_dop_operator_3.py
[2023-03-27T22:26:58.139+0000] {logging_mixin.py:137} INFO - [2023-03-27T22:26:58.138+0000] {dag.py:2693} INFO - Sync 1 DAGs
[2023-03-27T22:26:58.385+0000] {logging_mixin.py:137} INFO - [2023-03-27T22:26:58.385+0000] {dag.py:3444} INFO - Setting next_dagrun for example_branch_dop_operator_v3 to 2023-03-27T22:25:00+00:00, run_after=2023-03-27T22:26:00+00:00
[2023-03-27T22:26:58.626+0000] {processor.py:175} INFO - Processing /home/airflow/.local/lib/python3.7/site-packages/airflow/example_dags/example_branch_python_dop_operator_3.py took 1.315 seconds
[2023-03-27T22:28:18.331+0000] {processor.py:153} INFO - Started process (PID=1346) to work on /home/airflow/.local/lib/python3.7/site-packages/airflow/example_dags/example_branch_python_dop_operator_3.py
[2023-03-27T22:28:18.444+0000] {processor.py:743} INFO - Processing file /home/airflow/.local/lib/python3.7/site-packages/airflow/example_dags/example_branch_python_dop_operator_3.py for tasks to queue
[2023-03-27T22:28:18.455+0000] {logging_mixin.py:137} INFO - [2023-03-27T22:28:18.452+0000] {dagbag.py:532} INFO - Filling up the DagBag from /home/airflow/.local/lib/python3.7/site-packages/airflow/example_dags/example_branch_python_dop_operator_3.py
[2023-03-27T22:28:19.024+0000] {processor.py:753} INFO - DAG(s) dict_keys(['example_branch_dop_operator_v3']) retrieved from /home/airflow/.local/lib/python3.7/site-packages/airflow/example_dags/example_branch_python_dop_operator_3.py
[2023-03-27T22:28:19.623+0000] {logging_mixin.py:137} INFO - [2023-03-27T22:28:19.622+0000] {dag.py:2693} INFO - Sync 1 DAGs
[2023-03-27T22:28:20.209+0000] {logging_mixin.py:137} INFO - [2023-03-27T22:28:20.209+0000] {dag.py:3444} INFO - Setting next_dagrun for example_branch_dop_operator_v3 to 2023-03-27T22:27:00+00:00, run_after=2023-03-27T22:28:00+00:00
[2023-03-27T22:28:20.465+0000] {processor.py:175} INFO - Processing /home/airflow/.local/lib/python3.7/site-packages/airflow/example_dags/example_branch_python_dop_operator_3.py took 2.222 seconds
[2023-03-27T22:30:10.042+0000] {processor.py:153} INFO - Started process (PID=1418) to work on /home/airflow/.local/lib/python3.7/site-packages/airflow/example_dags/example_branch_python_dop_operator_3.py
[2023-03-27T22:30:10.087+0000] {processor.py:743} INFO - Processing file /home/airflow/.local/lib/python3.7/site-packages/airflow/example_dags/example_branch_python_dop_operator_3.py for tasks to queue
[2023-03-27T22:30:10.103+0000] {logging_mixin.py:137} INFO - [2023-03-27T22:30:10.103+0000] {dagbag.py:532} INFO - Filling up the DagBag from /home/airflow/.local/lib/python3.7/site-packages/airflow/example_dags/example_branch_python_dop_operator_3.py
[2023-03-27T22:30:11.390+0000] {processor.py:753} INFO - DAG(s) dict_keys(['example_branch_dop_operator_v3']) retrieved from /home/airflow/.local/lib/python3.7/site-packages/airflow/example_dags/example_branch_python_dop_operator_3.py
[2023-03-27T22:30:12.137+0000] {logging_mixin.py:137} INFO - [2023-03-27T22:30:12.136+0000] {dag.py:2693} INFO - Sync 1 DAGs
[2023-03-27T22:30:12.679+0000] {logging_mixin.py:137} INFO - [2023-03-27T22:30:12.679+0000] {dag.py:3444} INFO - Setting next_dagrun for example_branch_dop_operator_v3 to 2023-03-27T22:29:00+00:00, run_after=2023-03-27T22:30:00+00:00
[2023-03-27T22:30:13.157+0000] {processor.py:175} INFO - Processing /home/airflow/.local/lib/python3.7/site-packages/airflow/example_dags/example_branch_python_dop_operator_3.py took 3.353 seconds
[2023-03-27T22:34:19.351+0000] {processor.py:153} INFO - Started process (PID=1495) to work on /home/airflow/.local/lib/python3.7/site-packages/airflow/example_dags/example_branch_python_dop_operator_3.py
[2023-03-27T22:34:19.359+0000] {processor.py:743} INFO - Processing file /home/airflow/.local/lib/python3.7/site-packages/airflow/example_dags/example_branch_python_dop_operator_3.py for tasks to queue
[2023-03-27T22:34:19.372+0000] {logging_mixin.py:137} INFO - [2023-03-27T22:34:19.370+0000] {dagbag.py:532} INFO - Filling up the DagBag from /home/airflow/.local/lib/python3.7/site-packages/airflow/example_dags/example_branch_python_dop_operator_3.py
[2023-03-27T23:09:45.980+0000] {processor.py:153} INFO - Started process (PID=87) to work on /home/airflow/.local/lib/python3.7/site-packages/airflow/example_dags/example_branch_python_dop_operator_3.py
[2023-03-27T23:09:46.019+0000] {processor.py:743} INFO - Processing file /home/airflow/.local/lib/python3.7/site-packages/airflow/example_dags/example_branch_python_dop_operator_3.py for tasks to queue
[2023-03-27T23:09:46.048+0000] {logging_mixin.py:137} INFO - [2023-03-27T23:09:46.047+0000] {dagbag.py:532} INFO - Filling up the DagBag from /home/airflow/.local/lib/python3.7/site-packages/airflow/example_dags/example_branch_python_dop_operator_3.py
[2023-03-27T23:09:46.258+0000] {processor.py:753} INFO - DAG(s) dict_keys(['example_branch_dop_operator_v3']) retrieved from /home/airflow/.local/lib/python3.7/site-packages/airflow/example_dags/example_branch_python_dop_operator_3.py
[2023-03-27T23:09:46.434+0000] {logging_mixin.py:137} INFO - [2023-03-27T23:09:46.434+0000] {dag.py:2693} INFO - Sync 1 DAGs
[2023-03-27T23:09:46.979+0000] {logging_mixin.py:137} INFO - [2023-03-27T23:09:46.960+0000] {dag.py:3444} INFO - Setting next_dagrun for example_branch_dop_operator_v3 to 2023-03-27T23:08:00+00:00, run_after=2023-03-27T23:09:00+00:00
[2023-03-27T23:09:47.385+0000] {processor.py:175} INFO - Processing /home/airflow/.local/lib/python3.7/site-packages/airflow/example_dags/example_branch_python_dop_operator_3.py took 1.591 seconds
[2023-03-27T23:10:25.802+0000] {processor.py:153} INFO - Started process (PID=136) to work on /home/airflow/.local/lib/python3.7/site-packages/airflow/example_dags/example_branch_python_dop_operator_3.py
[2023-03-27T23:10:25.806+0000] {processor.py:743} INFO - Processing file /home/airflow/.local/lib/python3.7/site-packages/airflow/example_dags/example_branch_python_dop_operator_3.py for tasks to queue
[2023-03-27T23:10:25.813+0000] {logging_mixin.py:137} INFO - [2023-03-27T23:10:25.812+0000] {dagbag.py:532} INFO - Filling up the DagBag from /home/airflow/.local/lib/python3.7/site-packages/airflow/example_dags/example_branch_python_dop_operator_3.py
[2023-03-27T23:10:25.886+0000] {processor.py:753} INFO - DAG(s) dict_keys(['example_branch_dop_operator_v3']) retrieved from /home/airflow/.local/lib/python3.7/site-packages/airflow/example_dags/example_branch_python_dop_operator_3.py
[2023-03-27T23:10:25.946+0000] {logging_mixin.py:137} INFO - [2023-03-27T23:10:25.946+0000] {dag.py:2693} INFO - Sync 1 DAGs
[2023-03-27T23:10:26.012+0000] {logging_mixin.py:137} INFO - [2023-03-27T23:10:26.012+0000] {dag.py:3444} INFO - Setting next_dagrun for example_branch_dop_operator_v3 to 2023-03-27T23:09:00+00:00, run_after=2023-03-27T23:10:00+00:00
[2023-03-27T23:10:26.051+0000] {processor.py:175} INFO - Processing /home/airflow/.local/lib/python3.7/site-packages/airflow/example_dags/example_branch_python_dop_operator_3.py took 0.260 seconds
[2023-03-27T23:11:01.606+0000] {processor.py:153} INFO - Started process (PID=187) to work on /home/airflow/.local/lib/python3.7/site-packages/airflow/example_dags/example_branch_python_dop_operator_3.py
[2023-03-27T23:11:01.628+0000] {processor.py:743} INFO - Processing file /home/airflow/.local/lib/python3.7/site-packages/airflow/example_dags/example_branch_python_dop_operator_3.py for tasks to queue
[2023-03-27T23:11:01.645+0000] {logging_mixin.py:137} INFO - [2023-03-27T23:11:01.642+0000] {dagbag.py:532} INFO - Filling up the DagBag from /home/airflow/.local/lib/python3.7/site-packages/airflow/example_dags/example_branch_python_dop_operator_3.py
[2023-03-27T23:11:01.911+0000] {processor.py:753} INFO - DAG(s) dict_keys(['example_branch_dop_operator_v3']) retrieved from /home/airflow/.local/lib/python3.7/site-packages/airflow/example_dags/example_branch_python_dop_operator_3.py
[2023-03-27T23:11:02.035+0000] {logging_mixin.py:137} INFO - [2023-03-27T23:11:02.034+0000] {dag.py:2693} INFO - Sync 1 DAGs
[2023-03-27T23:11:02.148+0000] {logging_mixin.py:137} INFO - [2023-03-27T23:11:02.148+0000] {dag.py:3444} INFO - Setting next_dagrun for example_branch_dop_operator_v3 to 2023-03-27T23:10:00+00:00, run_after=2023-03-27T23:11:00+00:00
[2023-03-27T23:11:02.209+0000] {processor.py:175} INFO - Processing /home/airflow/.local/lib/python3.7/site-packages/airflow/example_dags/example_branch_python_dop_operator_3.py took 0.667 seconds
[2023-03-27T23:11:32.484+0000] {processor.py:153} INFO - Started process (PID=236) to work on /home/airflow/.local/lib/python3.7/site-packages/airflow/example_dags/example_branch_python_dop_operator_3.py
[2023-03-27T23:11:32.488+0000] {processor.py:743} INFO - Processing file /home/airflow/.local/lib/python3.7/site-packages/airflow/example_dags/example_branch_python_dop_operator_3.py for tasks to queue
[2023-03-27T23:11:32.492+0000] {logging_mixin.py:137} INFO - [2023-03-27T23:11:32.492+0000] {dagbag.py:532} INFO - Filling up the DagBag from /home/airflow/.local/lib/python3.7/site-packages/airflow/example_dags/example_branch_python_dop_operator_3.py
[2023-03-27T23:11:32.548+0000] {processor.py:753} INFO - DAG(s) dict_keys(['example_branch_dop_operator_v3']) retrieved from /home/airflow/.local/lib/python3.7/site-packages/airflow/example_dags/example_branch_python_dop_operator_3.py
[2023-03-27T23:11:32.611+0000] {logging_mixin.py:137} INFO - [2023-03-27T23:11:32.611+0000] {dag.py:2693} INFO - Sync 1 DAGs
[2023-03-27T23:11:32.699+0000] {logging_mixin.py:137} INFO - [2023-03-27T23:11:32.699+0000] {dag.py:3444} INFO - Setting next_dagrun for example_branch_dop_operator_v3 to 2023-03-27T23:10:00+00:00, run_after=2023-03-27T23:11:00+00:00
[2023-03-27T23:11:32.764+0000] {processor.py:175} INFO - Processing /home/airflow/.local/lib/python3.7/site-packages/airflow/example_dags/example_branch_python_dop_operator_3.py took 0.290 seconds
[2023-03-27T23:12:16.903+0000] {processor.py:153} INFO - Started process (PID=295) to work on /home/airflow/.local/lib/python3.7/site-packages/airflow/example_dags/example_branch_python_dop_operator_3.py
[2023-03-27T23:12:16.912+0000] {processor.py:743} INFO - Processing file /home/airflow/.local/lib/python3.7/site-packages/airflow/example_dags/example_branch_python_dop_operator_3.py for tasks to queue
[2023-03-27T23:12:16.917+0000] {logging_mixin.py:137} INFO - [2023-03-27T23:12:16.917+0000] {dagbag.py:532} INFO - Filling up the DagBag from /home/airflow/.local/lib/python3.7/site-packages/airflow/example_dags/example_branch_python_dop_operator_3.py
[2023-03-27T23:12:17.087+0000] {processor.py:753} INFO - DAG(s) dict_keys(['example_branch_dop_operator_v3']) retrieved from /home/airflow/.local/lib/python3.7/site-packages/airflow/example_dags/example_branch_python_dop_operator_3.py
[2023-03-27T23:12:17.198+0000] {logging_mixin.py:137} INFO - [2023-03-27T23:12:17.197+0000] {dag.py:2693} INFO - Sync 1 DAGs
[2023-03-27T23:12:17.369+0000] {logging_mixin.py:137} INFO - [2023-03-27T23:12:17.369+0000] {dag.py:3444} INFO - Setting next_dagrun for example_branch_dop_operator_v3 to 2023-03-27T23:11:00+00:00, run_after=2023-03-27T23:12:00+00:00
[2023-03-27T23:12:17.415+0000] {processor.py:175} INFO - Processing /home/airflow/.local/lib/python3.7/site-packages/airflow/example_dags/example_branch_python_dop_operator_3.py took 0.526 seconds
[2023-03-27T23:12:47.568+0000] {processor.py:153} INFO - Started process (PID=344) to work on /home/airflow/.local/lib/python3.7/site-packages/airflow/example_dags/example_branch_python_dop_operator_3.py
[2023-03-27T23:12:47.572+0000] {processor.py:743} INFO - Processing file /home/airflow/.local/lib/python3.7/site-packages/airflow/example_dags/example_branch_python_dop_operator_3.py for tasks to queue
[2023-03-27T23:12:47.575+0000] {logging_mixin.py:137} INFO - [2023-03-27T23:12:47.575+0000] {dagbag.py:532} INFO - Filling up the DagBag from /home/airflow/.local/lib/python3.7/site-packages/airflow/example_dags/example_branch_python_dop_operator_3.py
[2023-03-27T23:12:47.636+0000] {processor.py:753} INFO - DAG(s) dict_keys(['example_branch_dop_operator_v3']) retrieved from /home/airflow/.local/lib/python3.7/site-packages/airflow/example_dags/example_branch_python_dop_operator_3.py
[2023-03-27T23:12:47.715+0000] {logging_mixin.py:137} INFO - [2023-03-27T23:12:47.714+0000] {dag.py:2693} INFO - Sync 1 DAGs
[2023-03-27T23:12:47.817+0000] {logging_mixin.py:137} INFO - [2023-03-27T23:12:47.817+0000] {dag.py:3444} INFO - Setting next_dagrun for example_branch_dop_operator_v3 to 2023-03-27T23:11:00+00:00, run_after=2023-03-27T23:12:00+00:00
[2023-03-27T23:12:47.870+0000] {processor.py:175} INFO - Processing /home/airflow/.local/lib/python3.7/site-packages/airflow/example_dags/example_branch_python_dop_operator_3.py took 0.313 seconds
[2023-03-27T23:13:25.773+0000] {processor.py:153} INFO - Started process (PID=393) to work on /home/airflow/.local/lib/python3.7/site-packages/airflow/example_dags/example_branch_python_dop_operator_3.py
[2023-03-27T23:13:25.777+0000] {processor.py:743} INFO - Processing file /home/airflow/.local/lib/python3.7/site-packages/airflow/example_dags/example_branch_python_dop_operator_3.py for tasks to queue
[2023-03-27T23:13:25.779+0000] {logging_mixin.py:137} INFO - [2023-03-27T23:13:25.779+0000] {dagbag.py:532} INFO - Filling up the DagBag from /home/airflow/.local/lib/python3.7/site-packages/airflow/example_dags/example_branch_python_dop_operator_3.py
[2023-03-27T23:13:25.842+0000] {processor.py:753} INFO - DAG(s) dict_keys(['example_branch_dop_operator_v3']) retrieved from /home/airflow/.local/lib/python3.7/site-packages/airflow/example_dags/example_branch_python_dop_operator_3.py
[2023-03-27T23:13:25.931+0000] {logging_mixin.py:137} INFO - [2023-03-27T23:13:25.931+0000] {dag.py:2693} INFO - Sync 1 DAGs
[2023-03-27T23:13:26.003+0000] {logging_mixin.py:137} INFO - [2023-03-27T23:13:26.003+0000] {dag.py:3444} INFO - Setting next_dagrun for example_branch_dop_operator_v3 to 2023-03-27T23:12:00+00:00, run_after=2023-03-27T23:13:00+00:00
[2023-03-27T23:13:26.086+0000] {processor.py:175} INFO - Processing /home/airflow/.local/lib/python3.7/site-packages/airflow/example_dags/example_branch_python_dop_operator_3.py took 0.321 seconds
[2023-03-27T23:13:57.701+0000] {processor.py:153} INFO - Started process (PID=442) to work on /home/airflow/.local/lib/python3.7/site-packages/airflow/example_dags/example_branch_python_dop_operator_3.py
[2023-03-27T23:13:57.706+0000] {processor.py:743} INFO - Processing file /home/airflow/.local/lib/python3.7/site-packages/airflow/example_dags/example_branch_python_dop_operator_3.py for tasks to queue
[2023-03-27T23:13:57.710+0000] {logging_mixin.py:137} INFO - [2023-03-27T23:13:57.709+0000] {dagbag.py:532} INFO - Filling up the DagBag from /home/airflow/.local/lib/python3.7/site-packages/airflow/example_dags/example_branch_python_dop_operator_3.py
[2023-03-27T23:13:57.767+0000] {processor.py:753} INFO - DAG(s) dict_keys(['example_branch_dop_operator_v3']) retrieved from /home/airflow/.local/lib/python3.7/site-packages/airflow/example_dags/example_branch_python_dop_operator_3.py
[2023-03-27T23:13:57.826+0000] {logging_mixin.py:137} INFO - [2023-03-27T23:13:57.826+0000] {dag.py:2693} INFO - Sync 1 DAGs
[2023-03-27T23:13:57.970+0000] {logging_mixin.py:137} INFO - [2023-03-27T23:13:57.970+0000] {dag.py:3444} INFO - Setting next_dagrun for example_branch_dop_operator_v3 to 2023-03-27T23:12:00+00:00, run_after=2023-03-27T23:13:00+00:00
[2023-03-27T23:13:58.106+0000] {processor.py:175} INFO - Processing /home/airflow/.local/lib/python3.7/site-packages/airflow/example_dags/example_branch_python_dop_operator_3.py took 0.415 seconds
[2023-03-27T23:14:29.901+0000] {processor.py:153} INFO - Started process (PID=492) to work on /home/airflow/.local/lib/python3.7/site-packages/airflow/example_dags/example_branch_python_dop_operator_3.py
[2023-03-27T23:14:29.916+0000] {processor.py:743} INFO - Processing file /home/airflow/.local/lib/python3.7/site-packages/airflow/example_dags/example_branch_python_dop_operator_3.py for tasks to queue
[2023-03-27T23:14:29.924+0000] {logging_mixin.py:137} INFO - [2023-03-27T23:14:29.923+0000] {dagbag.py:532} INFO - Filling up the DagBag from /home/airflow/.local/lib/python3.7/site-packages/airflow/example_dags/example_branch_python_dop_operator_3.py
[2023-03-27T23:14:30.139+0000] {processor.py:753} INFO - DAG(s) dict_keys(['example_branch_dop_operator_v3']) retrieved from /home/airflow/.local/lib/python3.7/site-packages/airflow/example_dags/example_branch_python_dop_operator_3.py
[2023-03-27T23:14:30.542+0000] {logging_mixin.py:137} INFO - [2023-03-27T23:14:30.529+0000] {dag.py:2693} INFO - Sync 1 DAGs
[2023-03-27T23:14:30.763+0000] {logging_mixin.py:137} INFO - [2023-03-27T23:14:30.762+0000] {dag.py:3444} INFO - Setting next_dagrun for example_branch_dop_operator_v3 to 2023-03-27T23:13:00+00:00, run_after=2023-03-27T23:14:00+00:00
[2023-03-27T23:14:30.965+0000] {processor.py:175} INFO - Processing /home/airflow/.local/lib/python3.7/site-packages/airflow/example_dags/example_branch_python_dop_operator_3.py took 1.090 seconds
[2023-03-27T23:15:01.395+0000] {processor.py:153} INFO - Started process (PID=541) to work on /home/airflow/.local/lib/python3.7/site-packages/airflow/example_dags/example_branch_python_dop_operator_3.py
[2023-03-27T23:15:01.399+0000] {processor.py:743} INFO - Processing file /home/airflow/.local/lib/python3.7/site-packages/airflow/example_dags/example_branch_python_dop_operator_3.py for tasks to queue
[2023-03-27T23:15:01.403+0000] {logging_mixin.py:137} INFO - [2023-03-27T23:15:01.403+0000] {dagbag.py:532} INFO - Filling up the DagBag from /home/airflow/.local/lib/python3.7/site-packages/airflow/example_dags/example_branch_python_dop_operator_3.py
[2023-03-27T23:15:01.458+0000] {processor.py:753} INFO - DAG(s) dict_keys(['example_branch_dop_operator_v3']) retrieved from /home/airflow/.local/lib/python3.7/site-packages/airflow/example_dags/example_branch_python_dop_operator_3.py
[2023-03-27T23:15:01.532+0000] {logging_mixin.py:137} INFO - [2023-03-27T23:15:01.532+0000] {dag.py:2693} INFO - Sync 1 DAGs
[2023-03-27T23:15:01.625+0000] {logging_mixin.py:137} INFO - [2023-03-27T23:15:01.625+0000] {dag.py:3444} INFO - Setting next_dagrun for example_branch_dop_operator_v3 to 2023-03-27T23:14:00+00:00, run_after=2023-03-27T23:15:00+00:00
[2023-03-27T23:15:01.670+0000] {processor.py:175} INFO - Processing /home/airflow/.local/lib/python3.7/site-packages/airflow/example_dags/example_branch_python_dop_operator_3.py took 0.282 seconds
[2023-03-27T23:15:31.786+0000] {processor.py:153} INFO - Started process (PID=590) to work on /home/airflow/.local/lib/python3.7/site-packages/airflow/example_dags/example_branch_python_dop_operator_3.py
[2023-03-27T23:15:31.790+0000] {processor.py:743} INFO - Processing file /home/airflow/.local/lib/python3.7/site-packages/airflow/example_dags/example_branch_python_dop_operator_3.py for tasks to queue
[2023-03-27T23:15:31.794+0000] {logging_mixin.py:137} INFO - [2023-03-27T23:15:31.794+0000] {dagbag.py:532} INFO - Filling up the DagBag from /home/airflow/.local/lib/python3.7/site-packages/airflow/example_dags/example_branch_python_dop_operator_3.py
[2023-03-27T23:15:31.846+0000] {processor.py:753} INFO - DAG(s) dict_keys(['example_branch_dop_operator_v3']) retrieved from /home/airflow/.local/lib/python3.7/site-packages/airflow/example_dags/example_branch_python_dop_operator_3.py
[2023-03-27T23:15:31.925+0000] {logging_mixin.py:137} INFO - [2023-03-27T23:15:31.924+0000] {dag.py:2693} INFO - Sync 1 DAGs
[2023-03-27T23:15:32.000+0000] {logging_mixin.py:137} INFO - [2023-03-27T23:15:31.999+0000] {dag.py:3444} INFO - Setting next_dagrun for example_branch_dop_operator_v3 to 2023-03-27T23:14:00+00:00, run_after=2023-03-27T23:15:00+00:00
[2023-03-27T23:15:32.054+0000] {processor.py:175} INFO - Processing /home/airflow/.local/lib/python3.7/site-packages/airflow/example_dags/example_branch_python_dop_operator_3.py took 0.275 seconds
[2023-03-27T23:16:02.286+0000] {processor.py:153} INFO - Started process (PID=638) to work on /home/airflow/.local/lib/python3.7/site-packages/airflow/example_dags/example_branch_python_dop_operator_3.py
[2023-03-27T23:16:02.288+0000] {processor.py:743} INFO - Processing file /home/airflow/.local/lib/python3.7/site-packages/airflow/example_dags/example_branch_python_dop_operator_3.py for tasks to queue
[2023-03-27T23:16:02.290+0000] {logging_mixin.py:137} INFO - [2023-03-27T23:16:02.290+0000] {dagbag.py:532} INFO - Filling up the DagBag from /home/airflow/.local/lib/python3.7/site-packages/airflow/example_dags/example_branch_python_dop_operator_3.py
[2023-03-27T23:16:02.350+0000] {processor.py:753} INFO - DAG(s) dict_keys(['example_branch_dop_operator_v3']) retrieved from /home/airflow/.local/lib/python3.7/site-packages/airflow/example_dags/example_branch_python_dop_operator_3.py
[2023-03-27T23:16:02.416+0000] {logging_mixin.py:137} INFO - [2023-03-27T23:16:02.416+0000] {dag.py:2693} INFO - Sync 1 DAGs
[2023-03-27T23:16:02.515+0000] {logging_mixin.py:137} INFO - [2023-03-27T23:16:02.515+0000] {dag.py:3444} INFO - Setting next_dagrun for example_branch_dop_operator_v3 to 2023-03-27T23:15:00+00:00, run_after=2023-03-27T23:16:00+00:00
[2023-03-27T23:16:02.581+0000] {processor.py:175} INFO - Processing /home/airflow/.local/lib/python3.7/site-packages/airflow/example_dags/example_branch_python_dop_operator_3.py took 0.309 seconds
[2023-03-27T23:16:33.183+0000] {processor.py:153} INFO - Started process (PID=687) to work on /home/airflow/.local/lib/python3.7/site-packages/airflow/example_dags/example_branch_python_dop_operator_3.py
[2023-03-27T23:16:33.187+0000] {processor.py:743} INFO - Processing file /home/airflow/.local/lib/python3.7/site-packages/airflow/example_dags/example_branch_python_dop_operator_3.py for tasks to queue
[2023-03-27T23:16:33.190+0000] {logging_mixin.py:137} INFO - [2023-03-27T23:16:33.190+0000] {dagbag.py:532} INFO - Filling up the DagBag from /home/airflow/.local/lib/python3.7/site-packages/airflow/example_dags/example_branch_python_dop_operator_3.py
[2023-03-27T23:16:33.246+0000] {processor.py:753} INFO - DAG(s) dict_keys(['example_branch_dop_operator_v3']) retrieved from /home/airflow/.local/lib/python3.7/site-packages/airflow/example_dags/example_branch_python_dop_operator_3.py
[2023-03-27T23:16:33.317+0000] {logging_mixin.py:137} INFO - [2023-03-27T23:16:33.317+0000] {dag.py:2693} INFO - Sync 1 DAGs
[2023-03-27T23:16:33.399+0000] {logging_mixin.py:137} INFO - [2023-03-27T23:16:33.399+0000] {dag.py:3444} INFO - Setting next_dagrun for example_branch_dop_operator_v3 to 2023-03-27T23:15:00+00:00, run_after=2023-03-27T23:16:00+00:00
[2023-03-27T23:16:33.449+0000] {processor.py:175} INFO - Processing /home/airflow/.local/lib/python3.7/site-packages/airflow/example_dags/example_branch_python_dop_operator_3.py took 0.276 seconds
[2023-03-27T23:17:04.207+0000] {processor.py:153} INFO - Started process (PID=735) to work on /home/airflow/.local/lib/python3.7/site-packages/airflow/example_dags/example_branch_python_dop_operator_3.py
[2023-03-27T23:17:04.218+0000] {processor.py:743} INFO - Processing file /home/airflow/.local/lib/python3.7/site-packages/airflow/example_dags/example_branch_python_dop_operator_3.py for tasks to queue
[2023-03-27T23:17:04.232+0000] {logging_mixin.py:137} INFO - [2023-03-27T23:17:04.231+0000] {dagbag.py:532} INFO - Filling up the DagBag from /home/airflow/.local/lib/python3.7/site-packages/airflow/example_dags/example_branch_python_dop_operator_3.py
[2023-03-27T23:17:04.407+0000] {processor.py:753} INFO - DAG(s) dict_keys(['example_branch_dop_operator_v3']) retrieved from /home/airflow/.local/lib/python3.7/site-packages/airflow/example_dags/example_branch_python_dop_operator_3.py
[2023-03-27T23:17:04.482+0000] {logging_mixin.py:137} INFO - [2023-03-27T23:17:04.482+0000] {dag.py:2693} INFO - Sync 1 DAGs
[2023-03-27T23:17:04.625+0000] {logging_mixin.py:137} INFO - [2023-03-27T23:17:04.625+0000] {dag.py:3444} INFO - Setting next_dagrun for example_branch_dop_operator_v3 to 2023-03-27T23:16:00+00:00, run_after=2023-03-27T23:17:00+00:00
[2023-03-27T23:17:04.674+0000] {processor.py:175} INFO - Processing /home/airflow/.local/lib/python3.7/site-packages/airflow/example_dags/example_branch_python_dop_operator_3.py took 0.533 seconds
[2023-03-27T23:17:34.996+0000] {processor.py:153} INFO - Started process (PID=784) to work on /home/airflow/.local/lib/python3.7/site-packages/airflow/example_dags/example_branch_python_dop_operator_3.py
[2023-03-27T23:17:35.007+0000] {processor.py:743} INFO - Processing file /home/airflow/.local/lib/python3.7/site-packages/airflow/example_dags/example_branch_python_dop_operator_3.py for tasks to queue
[2023-03-27T23:17:35.009+0000] {logging_mixin.py:137} INFO - [2023-03-27T23:17:35.009+0000] {dagbag.py:532} INFO - Filling up the DagBag from /home/airflow/.local/lib/python3.7/site-packages/airflow/example_dags/example_branch_python_dop_operator_3.py
[2023-03-27T23:17:35.140+0000] {processor.py:753} INFO - DAG(s) dict_keys(['example_branch_dop_operator_v3']) retrieved from /home/airflow/.local/lib/python3.7/site-packages/airflow/example_dags/example_branch_python_dop_operator_3.py
[2023-03-27T23:17:35.214+0000] {logging_mixin.py:137} INFO - [2023-03-27T23:17:35.214+0000] {dag.py:2693} INFO - Sync 1 DAGs
[2023-03-27T23:17:35.317+0000] {logging_mixin.py:137} INFO - [2023-03-27T23:17:35.316+0000] {dag.py:3444} INFO - Setting next_dagrun for example_branch_dop_operator_v3 to 2023-03-27T23:16:00+00:00, run_after=2023-03-27T23:17:00+00:00
[2023-03-27T23:17:35.359+0000] {processor.py:175} INFO - Processing /home/airflow/.local/lib/python3.7/site-packages/airflow/example_dags/example_branch_python_dop_operator_3.py took 0.369 seconds
[2023-03-27T23:18:05.522+0000] {processor.py:153} INFO - Started process (PID=833) to work on /home/airflow/.local/lib/python3.7/site-packages/airflow/example_dags/example_branch_python_dop_operator_3.py
[2023-03-27T23:18:05.527+0000] {processor.py:743} INFO - Processing file /home/airflow/.local/lib/python3.7/site-packages/airflow/example_dags/example_branch_python_dop_operator_3.py for tasks to queue
[2023-03-27T23:18:05.530+0000] {logging_mixin.py:137} INFO - [2023-03-27T23:18:05.530+0000] {dagbag.py:532} INFO - Filling up the DagBag from /home/airflow/.local/lib/python3.7/site-packages/airflow/example_dags/example_branch_python_dop_operator_3.py
[2023-03-27T23:18:05.624+0000] {processor.py:753} INFO - DAG(s) dict_keys(['example_branch_dop_operator_v3']) retrieved from /home/airflow/.local/lib/python3.7/site-packages/airflow/example_dags/example_branch_python_dop_operator_3.py
[2023-03-27T23:18:05.717+0000] {logging_mixin.py:137} INFO - [2023-03-27T23:18:05.717+0000] {dag.py:2693} INFO - Sync 1 DAGs
[2023-03-27T23:18:05.811+0000] {logging_mixin.py:137} INFO - [2023-03-27T23:18:05.811+0000] {dag.py:3444} INFO - Setting next_dagrun for example_branch_dop_operator_v3 to 2023-03-27T23:17:00+00:00, run_after=2023-03-27T23:18:00+00:00
[2023-03-27T23:18:05.851+0000] {processor.py:175} INFO - Processing /home/airflow/.local/lib/python3.7/site-packages/airflow/example_dags/example_branch_python_dop_operator_3.py took 0.335 seconds
[2023-03-27T23:18:35.949+0000] {processor.py:153} INFO - Started process (PID=882) to work on /home/airflow/.local/lib/python3.7/site-packages/airflow/example_dags/example_branch_python_dop_operator_3.py
[2023-03-27T23:18:35.954+0000] {processor.py:743} INFO - Processing file /home/airflow/.local/lib/python3.7/site-packages/airflow/example_dags/example_branch_python_dop_operator_3.py for tasks to queue
[2023-03-27T23:18:35.958+0000] {logging_mixin.py:137} INFO - [2023-03-27T23:18:35.958+0000] {dagbag.py:532} INFO - Filling up the DagBag from /home/airflow/.local/lib/python3.7/site-packages/airflow/example_dags/example_branch_python_dop_operator_3.py
[2023-03-27T23:18:36.010+0000] {processor.py:753} INFO - DAG(s) dict_keys(['example_branch_dop_operator_v3']) retrieved from /home/airflow/.local/lib/python3.7/site-packages/airflow/example_dags/example_branch_python_dop_operator_3.py
[2023-03-27T23:18:36.088+0000] {logging_mixin.py:137} INFO - [2023-03-27T23:18:36.087+0000] {dag.py:2693} INFO - Sync 1 DAGs
[2023-03-27T23:18:36.186+0000] {logging_mixin.py:137} INFO - [2023-03-27T23:18:36.185+0000] {dag.py:3444} INFO - Setting next_dagrun for example_branch_dop_operator_v3 to 2023-03-27T23:17:00+00:00, run_after=2023-03-27T23:18:00+00:00
[2023-03-27T23:18:36.228+0000] {processor.py:175} INFO - Processing /home/airflow/.local/lib/python3.7/site-packages/airflow/example_dags/example_branch_python_dop_operator_3.py took 0.287 seconds
[2023-03-27T23:19:06.789+0000] {processor.py:153} INFO - Started process (PID=931) to work on /home/airflow/.local/lib/python3.7/site-packages/airflow/example_dags/example_branch_python_dop_operator_3.py
[2023-03-27T23:19:06.798+0000] {processor.py:743} INFO - Processing file /home/airflow/.local/lib/python3.7/site-packages/airflow/example_dags/example_branch_python_dop_operator_3.py for tasks to queue
[2023-03-27T23:19:06.803+0000] {logging_mixin.py:137} INFO - [2023-03-27T23:19:06.803+0000] {dagbag.py:532} INFO - Filling up the DagBag from /home/airflow/.local/lib/python3.7/site-packages/airflow/example_dags/example_branch_python_dop_operator_3.py
[2023-03-27T23:19:06.946+0000] {processor.py:753} INFO - DAG(s) dict_keys(['example_branch_dop_operator_v3']) retrieved from /home/airflow/.local/lib/python3.7/site-packages/airflow/example_dags/example_branch_python_dop_operator_3.py
[2023-03-27T23:19:07.057+0000] {logging_mixin.py:137} INFO - [2023-03-27T23:19:07.057+0000] {dag.py:2693} INFO - Sync 1 DAGs
[2023-03-27T23:19:07.169+0000] {logging_mixin.py:137} INFO - [2023-03-27T23:19:07.169+0000] {dag.py:3444} INFO - Setting next_dagrun for example_branch_dop_operator_v3 to 2023-03-27T23:18:00+00:00, run_after=2023-03-27T23:19:00+00:00
[2023-03-27T23:19:07.270+0000] {processor.py:175} INFO - Processing /home/airflow/.local/lib/python3.7/site-packages/airflow/example_dags/example_branch_python_dop_operator_3.py took 0.494 seconds
[2023-03-27T23:19:37.384+0000] {processor.py:153} INFO - Started process (PID=980) to work on /home/airflow/.local/lib/python3.7/site-packages/airflow/example_dags/example_branch_python_dop_operator_3.py
[2023-03-27T23:19:37.388+0000] {processor.py:743} INFO - Processing file /home/airflow/.local/lib/python3.7/site-packages/airflow/example_dags/example_branch_python_dop_operator_3.py for tasks to queue
[2023-03-27T23:19:37.392+0000] {logging_mixin.py:137} INFO - [2023-03-27T23:19:37.392+0000] {dagbag.py:532} INFO - Filling up the DagBag from /home/airflow/.local/lib/python3.7/site-packages/airflow/example_dags/example_branch_python_dop_operator_3.py
[2023-03-27T23:19:37.442+0000] {processor.py:753} INFO - DAG(s) dict_keys(['example_branch_dop_operator_v3']) retrieved from /home/airflow/.local/lib/python3.7/site-packages/airflow/example_dags/example_branch_python_dop_operator_3.py
[2023-03-27T23:19:37.501+0000] {logging_mixin.py:137} INFO - [2023-03-27T23:19:37.501+0000] {dag.py:2693} INFO - Sync 1 DAGs
[2023-03-27T23:19:37.564+0000] {logging_mixin.py:137} INFO - [2023-03-27T23:19:37.564+0000] {dag.py:3444} INFO - Setting next_dagrun for example_branch_dop_operator_v3 to 2023-03-27T23:18:00+00:00, run_after=2023-03-27T23:19:00+00:00
[2023-03-27T23:19:37.606+0000] {processor.py:175} INFO - Processing /home/airflow/.local/lib/python3.7/site-packages/airflow/example_dags/example_branch_python_dop_operator_3.py took 0.231 seconds
[2023-03-27T23:20:07.873+0000] {processor.py:153} INFO - Started process (PID=1029) to work on /home/airflow/.local/lib/python3.7/site-packages/airflow/example_dags/example_branch_python_dop_operator_3.py
[2023-03-27T23:20:07.882+0000] {processor.py:743} INFO - Processing file /home/airflow/.local/lib/python3.7/site-packages/airflow/example_dags/example_branch_python_dop_operator_3.py for tasks to queue
[2023-03-27T23:20:07.889+0000] {logging_mixin.py:137} INFO - [2023-03-27T23:20:07.889+0000] {dagbag.py:532} INFO - Filling up the DagBag from /home/airflow/.local/lib/python3.7/site-packages/airflow/example_dags/example_branch_python_dop_operator_3.py
[2023-03-27T23:20:07.983+0000] {processor.py:753} INFO - DAG(s) dict_keys(['example_branch_dop_operator_v3']) retrieved from /home/airflow/.local/lib/python3.7/site-packages/airflow/example_dags/example_branch_python_dop_operator_3.py
[2023-03-27T23:20:08.051+0000] {logging_mixin.py:137} INFO - [2023-03-27T23:20:08.051+0000] {dag.py:2693} INFO - Sync 1 DAGs
[2023-03-27T23:20:08.117+0000] {logging_mixin.py:137} INFO - [2023-03-27T23:20:08.117+0000] {dag.py:3444} INFO - Setting next_dagrun for example_branch_dop_operator_v3 to 2023-03-27T23:19:00+00:00, run_after=2023-03-27T23:20:00+00:00
[2023-03-27T23:20:08.183+0000] {processor.py:175} INFO - Processing /home/airflow/.local/lib/python3.7/site-packages/airflow/example_dags/example_branch_python_dop_operator_3.py took 0.330 seconds
[2023-03-27T23:20:38.705+0000] {processor.py:153} INFO - Started process (PID=1078) to work on /home/airflow/.local/lib/python3.7/site-packages/airflow/example_dags/example_branch_python_dop_operator_3.py
[2023-03-27T23:20:38.708+0000] {processor.py:743} INFO - Processing file /home/airflow/.local/lib/python3.7/site-packages/airflow/example_dags/example_branch_python_dop_operator_3.py for tasks to queue
[2023-03-27T23:20:38.714+0000] {logging_mixin.py:137} INFO - [2023-03-27T23:20:38.714+0000] {dagbag.py:532} INFO - Filling up the DagBag from /home/airflow/.local/lib/python3.7/site-packages/airflow/example_dags/example_branch_python_dop_operator_3.py
[2023-03-27T23:20:38.767+0000] {processor.py:753} INFO - DAG(s) dict_keys(['example_branch_dop_operator_v3']) retrieved from /home/airflow/.local/lib/python3.7/site-packages/airflow/example_dags/example_branch_python_dop_operator_3.py
[2023-03-27T23:20:38.839+0000] {logging_mixin.py:137} INFO - [2023-03-27T23:20:38.839+0000] {dag.py:2693} INFO - Sync 1 DAGs
[2023-03-27T23:20:38.920+0000] {logging_mixin.py:137} INFO - [2023-03-27T23:20:38.920+0000] {dag.py:3444} INFO - Setting next_dagrun for example_branch_dop_operator_v3 to 2023-03-27T23:19:00+00:00, run_after=2023-03-27T23:20:00+00:00
[2023-03-27T23:20:38.962+0000] {processor.py:175} INFO - Processing /home/airflow/.local/lib/python3.7/site-packages/airflow/example_dags/example_branch_python_dop_operator_3.py took 0.265 seconds
[2023-03-27T23:21:10.263+0000] {processor.py:153} INFO - Started process (PID=1127) to work on /home/airflow/.local/lib/python3.7/site-packages/airflow/example_dags/example_branch_python_dop_operator_3.py
[2023-03-27T23:21:10.266+0000] {processor.py:743} INFO - Processing file /home/airflow/.local/lib/python3.7/site-packages/airflow/example_dags/example_branch_python_dop_operator_3.py for tasks to queue
[2023-03-27T23:21:10.270+0000] {logging_mixin.py:137} INFO - [2023-03-27T23:21:10.269+0000] {dagbag.py:532} INFO - Filling up the DagBag from /home/airflow/.local/lib/python3.7/site-packages/airflow/example_dags/example_branch_python_dop_operator_3.py
[2023-03-27T23:21:10.314+0000] {processor.py:753} INFO - DAG(s) dict_keys(['example_branch_dop_operator_v3']) retrieved from /home/airflow/.local/lib/python3.7/site-packages/airflow/example_dags/example_branch_python_dop_operator_3.py
[2023-03-27T23:21:10.365+0000] {logging_mixin.py:137} INFO - [2023-03-27T23:21:10.364+0000] {dag.py:2693} INFO - Sync 1 DAGs
[2023-03-27T23:21:10.420+0000] {logging_mixin.py:137} INFO - [2023-03-27T23:21:10.420+0000] {dag.py:3444} INFO - Setting next_dagrun for example_branch_dop_operator_v3 to 2023-03-27T23:20:00+00:00, run_after=2023-03-27T23:21:00+00:00
[2023-03-27T23:21:10.462+0000] {processor.py:175} INFO - Processing /home/airflow/.local/lib/python3.7/site-packages/airflow/example_dags/example_branch_python_dop_operator_3.py took 0.209 seconds
[2023-03-27T23:21:41.404+0000] {processor.py:153} INFO - Started process (PID=1176) to work on /home/airflow/.local/lib/python3.7/site-packages/airflow/example_dags/example_branch_python_dop_operator_3.py
[2023-03-27T23:21:41.408+0000] {processor.py:743} INFO - Processing file /home/airflow/.local/lib/python3.7/site-packages/airflow/example_dags/example_branch_python_dop_operator_3.py for tasks to queue
[2023-03-27T23:21:41.418+0000] {logging_mixin.py:137} INFO - [2023-03-27T23:21:41.411+0000] {dagbag.py:532} INFO - Filling up the DagBag from /home/airflow/.local/lib/python3.7/site-packages/airflow/example_dags/example_branch_python_dop_operator_3.py
[2023-03-27T23:21:41.478+0000] {processor.py:753} INFO - DAG(s) dict_keys(['example_branch_dop_operator_v3']) retrieved from /home/airflow/.local/lib/python3.7/site-packages/airflow/example_dags/example_branch_python_dop_operator_3.py
[2023-03-27T23:21:41.539+0000] {logging_mixin.py:137} INFO - [2023-03-27T23:21:41.539+0000] {dag.py:2693} INFO - Sync 1 DAGs
[2023-03-27T23:21:41.622+0000] {logging_mixin.py:137} INFO - [2023-03-27T23:21:41.622+0000] {dag.py:3444} INFO - Setting next_dagrun for example_branch_dop_operator_v3 to 2023-03-27T23:20:00+00:00, run_after=2023-03-27T23:21:00+00:00
[2023-03-27T23:21:41.672+0000] {processor.py:175} INFO - Processing /home/airflow/.local/lib/python3.7/site-packages/airflow/example_dags/example_branch_python_dop_operator_3.py took 0.309 seconds
[2023-03-27T23:22:12.437+0000] {processor.py:153} INFO - Started process (PID=1226) to work on /home/airflow/.local/lib/python3.7/site-packages/airflow/example_dags/example_branch_python_dop_operator_3.py
[2023-03-27T23:22:12.444+0000] {processor.py:743} INFO - Processing file /home/airflow/.local/lib/python3.7/site-packages/airflow/example_dags/example_branch_python_dop_operator_3.py for tasks to queue
[2023-03-27T23:22:12.448+0000] {logging_mixin.py:137} INFO - [2023-03-27T23:22:12.448+0000] {dagbag.py:532} INFO - Filling up the DagBag from /home/airflow/.local/lib/python3.7/site-packages/airflow/example_dags/example_branch_python_dop_operator_3.py
[2023-03-27T23:22:12.509+0000] {processor.py:753} INFO - DAG(s) dict_keys(['example_branch_dop_operator_v3']) retrieved from /home/airflow/.local/lib/python3.7/site-packages/airflow/example_dags/example_branch_python_dop_operator_3.py
[2023-03-27T23:22:12.570+0000] {logging_mixin.py:137} INFO - [2023-03-27T23:22:12.570+0000] {dag.py:2693} INFO - Sync 1 DAGs
[2023-03-27T23:22:12.639+0000] {logging_mixin.py:137} INFO - [2023-03-27T23:22:12.639+0000] {dag.py:3444} INFO - Setting next_dagrun for example_branch_dop_operator_v3 to 2023-03-27T23:21:00+00:00, run_after=2023-03-27T23:22:00+00:00
[2023-03-27T23:22:12.685+0000] {processor.py:175} INFO - Processing /home/airflow/.local/lib/python3.7/site-packages/airflow/example_dags/example_branch_python_dop_operator_3.py took 0.258 seconds
[2023-03-27T23:22:42.926+0000] {processor.py:153} INFO - Started process (PID=1274) to work on /home/airflow/.local/lib/python3.7/site-packages/airflow/example_dags/example_branch_python_dop_operator_3.py
[2023-03-27T23:22:42.929+0000] {processor.py:743} INFO - Processing file /home/airflow/.local/lib/python3.7/site-packages/airflow/example_dags/example_branch_python_dop_operator_3.py for tasks to queue
[2023-03-27T23:22:42.932+0000] {logging_mixin.py:137} INFO - [2023-03-27T23:22:42.932+0000] {dagbag.py:532} INFO - Filling up the DagBag from /home/airflow/.local/lib/python3.7/site-packages/airflow/example_dags/example_branch_python_dop_operator_3.py
[2023-03-27T23:22:43.004+0000] {processor.py:753} INFO - DAG(s) dict_keys(['example_branch_dop_operator_v3']) retrieved from /home/airflow/.local/lib/python3.7/site-packages/airflow/example_dags/example_branch_python_dop_operator_3.py
[2023-03-27T23:22:43.075+0000] {logging_mixin.py:137} INFO - [2023-03-27T23:22:43.075+0000] {dag.py:2693} INFO - Sync 1 DAGs
[2023-03-27T23:22:43.137+0000] {logging_mixin.py:137} INFO - [2023-03-27T23:22:43.136+0000] {dag.py:3444} INFO - Setting next_dagrun for example_branch_dop_operator_v3 to 2023-03-27T23:21:00+00:00, run_after=2023-03-27T23:22:00+00:00
[2023-03-27T23:22:43.178+0000] {processor.py:175} INFO - Processing /home/airflow/.local/lib/python3.7/site-packages/airflow/example_dags/example_branch_python_dop_operator_3.py took 0.259 seconds
[2023-03-27T23:23:13.927+0000] {processor.py:153} INFO - Started process (PID=1323) to work on /home/airflow/.local/lib/python3.7/site-packages/airflow/example_dags/example_branch_python_dop_operator_3.py
[2023-03-27T23:23:13.930+0000] {processor.py:743} INFO - Processing file /home/airflow/.local/lib/python3.7/site-packages/airflow/example_dags/example_branch_python_dop_operator_3.py for tasks to queue
[2023-03-27T23:23:13.935+0000] {logging_mixin.py:137} INFO - [2023-03-27T23:23:13.933+0000] {dagbag.py:532} INFO - Filling up the DagBag from /home/airflow/.local/lib/python3.7/site-packages/airflow/example_dags/example_branch_python_dop_operator_3.py
[2023-03-27T23:23:14.003+0000] {processor.py:753} INFO - DAG(s) dict_keys(['example_branch_dop_operator_v3']) retrieved from /home/airflow/.local/lib/python3.7/site-packages/airflow/example_dags/example_branch_python_dop_operator_3.py
[2023-03-27T23:23:14.060+0000] {logging_mixin.py:137} INFO - [2023-03-27T23:23:14.060+0000] {dag.py:2693} INFO - Sync 1 DAGs
[2023-03-27T23:23:14.119+0000] {logging_mixin.py:137} INFO - [2023-03-27T23:23:14.118+0000] {dag.py:3444} INFO - Setting next_dagrun for example_branch_dop_operator_v3 to 2023-03-27T23:22:00+00:00, run_after=2023-03-27T23:23:00+00:00
[2023-03-27T23:23:14.168+0000] {processor.py:175} INFO - Processing /home/airflow/.local/lib/python3.7/site-packages/airflow/example_dags/example_branch_python_dop_operator_3.py took 0.256 seconds
[2023-03-27T23:23:45.116+0000] {processor.py:153} INFO - Started process (PID=1372) to work on /home/airflow/.local/lib/python3.7/site-packages/airflow/example_dags/example_branch_python_dop_operator_3.py
[2023-03-27T23:23:45.128+0000] {processor.py:743} INFO - Processing file /home/airflow/.local/lib/python3.7/site-packages/airflow/example_dags/example_branch_python_dop_operator_3.py for tasks to queue
[2023-03-27T23:23:45.134+0000] {logging_mixin.py:137} INFO - [2023-03-27T23:23:45.132+0000] {dagbag.py:532} INFO - Filling up the DagBag from /home/airflow/.local/lib/python3.7/site-packages/airflow/example_dags/example_branch_python_dop_operator_3.py
[2023-03-27T23:23:45.243+0000] {processor.py:753} INFO - DAG(s) dict_keys(['example_branch_dop_operator_v3']) retrieved from /home/airflow/.local/lib/python3.7/site-packages/airflow/example_dags/example_branch_python_dop_operator_3.py
[2023-03-27T23:23:45.317+0000] {logging_mixin.py:137} INFO - [2023-03-27T23:23:45.316+0000] {dag.py:2693} INFO - Sync 1 DAGs
[2023-03-27T23:23:45.380+0000] {logging_mixin.py:137} INFO - [2023-03-27T23:23:45.380+0000] {dag.py:3444} INFO - Setting next_dagrun for example_branch_dop_operator_v3 to 2023-03-27T23:22:00+00:00, run_after=2023-03-27T23:23:00+00:00
[2023-03-27T23:23:45.420+0000] {processor.py:175} INFO - Processing /home/airflow/.local/lib/python3.7/site-packages/airflow/example_dags/example_branch_python_dop_operator_3.py took 0.320 seconds
[2023-03-27T23:24:15.712+0000] {processor.py:153} INFO - Started process (PID=1421) to work on /home/airflow/.local/lib/python3.7/site-packages/airflow/example_dags/example_branch_python_dop_operator_3.py
[2023-03-27T23:24:15.717+0000] {processor.py:743} INFO - Processing file /home/airflow/.local/lib/python3.7/site-packages/airflow/example_dags/example_branch_python_dop_operator_3.py for tasks to queue
[2023-03-27T23:24:15.722+0000] {logging_mixin.py:137} INFO - [2023-03-27T23:24:15.721+0000] {dagbag.py:532} INFO - Filling up the DagBag from /home/airflow/.local/lib/python3.7/site-packages/airflow/example_dags/example_branch_python_dop_operator_3.py
[2023-03-27T23:24:15.782+0000] {processor.py:753} INFO - DAG(s) dict_keys(['example_branch_dop_operator_v3']) retrieved from /home/airflow/.local/lib/python3.7/site-packages/airflow/example_dags/example_branch_python_dop_operator_3.py
[2023-03-27T23:24:15.838+0000] {logging_mixin.py:137} INFO - [2023-03-27T23:24:15.837+0000] {dag.py:2693} INFO - Sync 1 DAGs
[2023-03-27T23:24:15.902+0000] {logging_mixin.py:137} INFO - [2023-03-27T23:24:15.902+0000] {dag.py:3444} INFO - Setting next_dagrun for example_branch_dop_operator_v3 to 2023-03-27T23:23:00+00:00, run_after=2023-03-27T23:24:00+00:00
[2023-03-27T23:24:15.941+0000] {processor.py:175} INFO - Processing /home/airflow/.local/lib/python3.7/site-packages/airflow/example_dags/example_branch_python_dop_operator_3.py took 0.235 seconds
[2023-03-27T23:24:46.495+0000] {processor.py:153} INFO - Started process (PID=1471) to work on /home/airflow/.local/lib/python3.7/site-packages/airflow/example_dags/example_branch_python_dop_operator_3.py
[2023-03-27T23:24:46.507+0000] {processor.py:743} INFO - Processing file /home/airflow/.local/lib/python3.7/site-packages/airflow/example_dags/example_branch_python_dop_operator_3.py for tasks to queue
[2023-03-27T23:24:46.550+0000] {logging_mixin.py:137} INFO - [2023-03-27T23:24:46.550+0000] {dagbag.py:532} INFO - Filling up the DagBag from /home/airflow/.local/lib/python3.7/site-packages/airflow/example_dags/example_branch_python_dop_operator_3.py
[2023-03-27T23:24:46.611+0000] {processor.py:753} INFO - DAG(s) dict_keys(['example_branch_dop_operator_v3']) retrieved from /home/airflow/.local/lib/python3.7/site-packages/airflow/example_dags/example_branch_python_dop_operator_3.py
[2023-03-27T23:24:46.736+0000] {logging_mixin.py:137} INFO - [2023-03-27T23:24:46.736+0000] {dag.py:2693} INFO - Sync 1 DAGs
[2023-03-27T23:24:46.822+0000] {logging_mixin.py:137} INFO - [2023-03-27T23:24:46.821+0000] {dag.py:3444} INFO - Setting next_dagrun for example_branch_dop_operator_v3 to 2023-03-27T23:23:00+00:00, run_after=2023-03-27T23:24:00+00:00
[2023-03-27T23:24:46.857+0000] {processor.py:175} INFO - Processing /home/airflow/.local/lib/python3.7/site-packages/airflow/example_dags/example_branch_python_dop_operator_3.py took 0.376 seconds
[2023-03-27T23:55:01.286+0000] {processor.py:153} INFO - Started process (PID=1515) to work on /home/airflow/.local/lib/python3.7/site-packages/airflow/example_dags/example_branch_python_dop_operator_3.py
[2023-03-27T23:55:01.291+0000] {processor.py:743} INFO - Processing file /home/airflow/.local/lib/python3.7/site-packages/airflow/example_dags/example_branch_python_dop_operator_3.py for tasks to queue
[2023-03-27T23:55:01.294+0000] {logging_mixin.py:137} INFO - [2023-03-27T23:55:01.294+0000] {dagbag.py:532} INFO - Filling up the DagBag from /home/airflow/.local/lib/python3.7/site-packages/airflow/example_dags/example_branch_python_dop_operator_3.py
[2023-03-27T23:55:01.355+0000] {processor.py:753} INFO - DAG(s) dict_keys(['example_branch_dop_operator_v3']) retrieved from /home/airflow/.local/lib/python3.7/site-packages/airflow/example_dags/example_branch_python_dop_operator_3.py
[2023-03-27T23:55:01.421+0000] {logging_mixin.py:137} INFO - [2023-03-27T23:55:01.420+0000] {dag.py:2693} INFO - Sync 1 DAGs
[2023-03-27T23:55:01.503+0000] {logging_mixin.py:137} INFO - [2023-03-27T23:55:01.503+0000] {dag.py:3444} INFO - Setting next_dagrun for example_branch_dop_operator_v3 to 2023-03-27T23:54:00+00:00, run_after=2023-03-27T23:55:00+00:00
[2023-03-27T23:55:01.547+0000] {processor.py:175} INFO - Processing /home/airflow/.local/lib/python3.7/site-packages/airflow/example_dags/example_branch_python_dop_operator_3.py took 0.272 seconds
[2023-03-27T23:55:32.781+0000] {processor.py:153} INFO - Started process (PID=1563) to work on /home/airflow/.local/lib/python3.7/site-packages/airflow/example_dags/example_branch_python_dop_operator_3.py
[2023-03-27T23:55:32.786+0000] {processor.py:743} INFO - Processing file /home/airflow/.local/lib/python3.7/site-packages/airflow/example_dags/example_branch_python_dop_operator_3.py for tasks to queue
[2023-03-27T23:55:32.790+0000] {logging_mixin.py:137} INFO - [2023-03-27T23:55:32.789+0000] {dagbag.py:532} INFO - Filling up the DagBag from /home/airflow/.local/lib/python3.7/site-packages/airflow/example_dags/example_branch_python_dop_operator_3.py
[2023-03-27T23:55:32.854+0000] {processor.py:753} INFO - DAG(s) dict_keys(['example_branch_dop_operator_v3']) retrieved from /home/airflow/.local/lib/python3.7/site-packages/airflow/example_dags/example_branch_python_dop_operator_3.py
[2023-03-27T23:55:32.931+0000] {logging_mixin.py:137} INFO - [2023-03-27T23:55:32.931+0000] {dag.py:2693} INFO - Sync 1 DAGs
[2023-03-27T23:55:33.019+0000] {logging_mixin.py:137} INFO - [2023-03-27T23:55:33.019+0000] {dag.py:3444} INFO - Setting next_dagrun for example_branch_dop_operator_v3 to 2023-03-27T23:54:00+00:00, run_after=2023-03-27T23:55:00+00:00
[2023-03-27T23:55:33.089+0000] {processor.py:175} INFO - Processing /home/airflow/.local/lib/python3.7/site-packages/airflow/example_dags/example_branch_python_dop_operator_3.py took 0.321 seconds
[2023-03-27T23:56:10.624+0000] {processor.py:153} INFO - Started process (PID=1612) to work on /home/airflow/.local/lib/python3.7/site-packages/airflow/example_dags/example_branch_python_dop_operator_3.py
[2023-03-27T23:56:10.628+0000] {processor.py:743} INFO - Processing file /home/airflow/.local/lib/python3.7/site-packages/airflow/example_dags/example_branch_python_dop_operator_3.py for tasks to queue
[2023-03-27T23:56:10.632+0000] {logging_mixin.py:137} INFO - [2023-03-27T23:56:10.631+0000] {dagbag.py:532} INFO - Filling up the DagBag from /home/airflow/.local/lib/python3.7/site-packages/airflow/example_dags/example_branch_python_dop_operator_3.py
[2023-03-27T23:56:10.689+0000] {processor.py:753} INFO - DAG(s) dict_keys(['example_branch_dop_operator_v3']) retrieved from /home/airflow/.local/lib/python3.7/site-packages/airflow/example_dags/example_branch_python_dop_operator_3.py
[2023-03-27T23:56:10.754+0000] {logging_mixin.py:137} INFO - [2023-03-27T23:56:10.753+0000] {dag.py:2693} INFO - Sync 1 DAGs
[2023-03-27T23:56:10.850+0000] {logging_mixin.py:137} INFO - [2023-03-27T23:56:10.850+0000] {dag.py:3444} INFO - Setting next_dagrun for example_branch_dop_operator_v3 to 2023-03-27T23:55:00+00:00, run_after=2023-03-27T23:56:00+00:00
[2023-03-27T23:56:11.102+0000] {processor.py:175} INFO - Processing /home/airflow/.local/lib/python3.7/site-packages/airflow/example_dags/example_branch_python_dop_operator_3.py took 0.488 seconds
[2023-03-27T23:56:43.214+0000] {processor.py:153} INFO - Started process (PID=1661) to work on /home/airflow/.local/lib/python3.7/site-packages/airflow/example_dags/example_branch_python_dop_operator_3.py
[2023-03-27T23:56:43.221+0000] {processor.py:743} INFO - Processing file /home/airflow/.local/lib/python3.7/site-packages/airflow/example_dags/example_branch_python_dop_operator_3.py for tasks to queue
[2023-03-27T23:56:43.232+0000] {logging_mixin.py:137} INFO - [2023-03-27T23:56:43.228+0000] {dagbag.py:532} INFO - Filling up the DagBag from /home/airflow/.local/lib/python3.7/site-packages/airflow/example_dags/example_branch_python_dop_operator_3.py
[2023-03-27T23:56:43.395+0000] {processor.py:753} INFO - DAG(s) dict_keys(['example_branch_dop_operator_v3']) retrieved from /home/airflow/.local/lib/python3.7/site-packages/airflow/example_dags/example_branch_python_dop_operator_3.py
[2023-03-27T23:56:43.539+0000] {logging_mixin.py:137} INFO - [2023-03-27T23:56:43.539+0000] {dag.py:2693} INFO - Sync 1 DAGs
[2023-03-27T23:56:43.698+0000] {logging_mixin.py:137} INFO - [2023-03-27T23:56:43.698+0000] {dag.py:3444} INFO - Setting next_dagrun for example_branch_dop_operator_v3 to 2023-03-27T23:55:00+00:00, run_after=2023-03-27T23:56:00+00:00
[2023-03-27T23:56:43.830+0000] {processor.py:175} INFO - Processing /home/airflow/.local/lib/python3.7/site-packages/airflow/example_dags/example_branch_python_dop_operator_3.py took 0.643 seconds
[2023-03-27T23:57:14.359+0000] {processor.py:153} INFO - Started process (PID=1710) to work on /home/airflow/.local/lib/python3.7/site-packages/airflow/example_dags/example_branch_python_dop_operator_3.py
[2023-03-27T23:57:14.361+0000] {processor.py:743} INFO - Processing file /home/airflow/.local/lib/python3.7/site-packages/airflow/example_dags/example_branch_python_dop_operator_3.py for tasks to queue
[2023-03-27T23:57:14.364+0000] {logging_mixin.py:137} INFO - [2023-03-27T23:57:14.364+0000] {dagbag.py:532} INFO - Filling up the DagBag from /home/airflow/.local/lib/python3.7/site-packages/airflow/example_dags/example_branch_python_dop_operator_3.py
[2023-03-27T23:57:14.422+0000] {processor.py:753} INFO - DAG(s) dict_keys(['example_branch_dop_operator_v3']) retrieved from /home/airflow/.local/lib/python3.7/site-packages/airflow/example_dags/example_branch_python_dop_operator_3.py
[2023-03-27T23:57:14.538+0000] {logging_mixin.py:137} INFO - [2023-03-27T23:57:14.530+0000] {dag.py:2693} INFO - Sync 1 DAGs
[2023-03-27T23:57:14.655+0000] {logging_mixin.py:137} INFO - [2023-03-27T23:57:14.655+0000] {dag.py:3444} INFO - Setting next_dagrun for example_branch_dop_operator_v3 to 2023-03-27T23:56:00+00:00, run_after=2023-03-27T23:57:00+00:00
[2023-03-27T23:57:14.725+0000] {processor.py:175} INFO - Processing /home/airflow/.local/lib/python3.7/site-packages/airflow/example_dags/example_branch_python_dop_operator_3.py took 0.373 seconds
[2023-03-27T23:57:44.844+0000] {processor.py:153} INFO - Started process (PID=1759) to work on /home/airflow/.local/lib/python3.7/site-packages/airflow/example_dags/example_branch_python_dop_operator_3.py
[2023-03-27T23:57:44.847+0000] {processor.py:743} INFO - Processing file /home/airflow/.local/lib/python3.7/site-packages/airflow/example_dags/example_branch_python_dop_operator_3.py for tasks to queue
[2023-03-27T23:57:44.850+0000] {logging_mixin.py:137} INFO - [2023-03-27T23:57:44.849+0000] {dagbag.py:532} INFO - Filling up the DagBag from /home/airflow/.local/lib/python3.7/site-packages/airflow/example_dags/example_branch_python_dop_operator_3.py
[2023-03-27T23:57:44.892+0000] {processor.py:753} INFO - DAG(s) dict_keys(['example_branch_dop_operator_v3']) retrieved from /home/airflow/.local/lib/python3.7/site-packages/airflow/example_dags/example_branch_python_dop_operator_3.py
[2023-03-27T23:57:44.940+0000] {logging_mixin.py:137} INFO - [2023-03-27T23:57:44.940+0000] {dag.py:2693} INFO - Sync 1 DAGs
[2023-03-27T23:57:45.007+0000] {logging_mixin.py:137} INFO - [2023-03-27T23:57:45.007+0000] {dag.py:3444} INFO - Setting next_dagrun for example_branch_dop_operator_v3 to 2023-03-27T23:56:00+00:00, run_after=2023-03-27T23:57:00+00:00
[2023-03-27T23:57:45.042+0000] {processor.py:175} INFO - Processing /home/airflow/.local/lib/python3.7/site-packages/airflow/example_dags/example_branch_python_dop_operator_3.py took 0.205 seconds
[2023-03-27T23:58:15.236+0000] {processor.py:153} INFO - Started process (PID=1808) to work on /home/airflow/.local/lib/python3.7/site-packages/airflow/example_dags/example_branch_python_dop_operator_3.py
[2023-03-27T23:58:15.240+0000] {processor.py:743} INFO - Processing file /home/airflow/.local/lib/python3.7/site-packages/airflow/example_dags/example_branch_python_dop_operator_3.py for tasks to queue
[2023-03-27T23:58:15.245+0000] {logging_mixin.py:137} INFO - [2023-03-27T23:58:15.244+0000] {dagbag.py:532} INFO - Filling up the DagBag from /home/airflow/.local/lib/python3.7/site-packages/airflow/example_dags/example_branch_python_dop_operator_3.py
[2023-03-27T23:58:15.300+0000] {processor.py:753} INFO - DAG(s) dict_keys(['example_branch_dop_operator_v3']) retrieved from /home/airflow/.local/lib/python3.7/site-packages/airflow/example_dags/example_branch_python_dop_operator_3.py
[2023-03-27T23:58:15.361+0000] {logging_mixin.py:137} INFO - [2023-03-27T23:58:15.361+0000] {dag.py:2693} INFO - Sync 1 DAGs
[2023-03-27T23:58:15.440+0000] {logging_mixin.py:137} INFO - [2023-03-27T23:58:15.440+0000] {dag.py:3444} INFO - Setting next_dagrun for example_branch_dop_operator_v3 to 2023-03-27T23:57:00+00:00, run_after=2023-03-27T23:58:00+00:00
[2023-03-27T23:58:15.871+0000] {processor.py:175} INFO - Processing /home/airflow/.local/lib/python3.7/site-packages/airflow/example_dags/example_branch_python_dop_operator_3.py took 0.646 seconds
[2023-03-27T23:58:49.068+0000] {processor.py:153} INFO - Started process (PID=1865) to work on /home/airflow/.local/lib/python3.7/site-packages/airflow/example_dags/example_branch_python_dop_operator_3.py
[2023-03-27T23:58:49.075+0000] {processor.py:743} INFO - Processing file /home/airflow/.local/lib/python3.7/site-packages/airflow/example_dags/example_branch_python_dop_operator_3.py for tasks to queue
[2023-03-27T23:58:49.079+0000] {logging_mixin.py:137} INFO - [2023-03-27T23:58:49.078+0000] {dagbag.py:532} INFO - Filling up the DagBag from /home/airflow/.local/lib/python3.7/site-packages/airflow/example_dags/example_branch_python_dop_operator_3.py
[2023-03-27T23:58:49.187+0000] {processor.py:753} INFO - DAG(s) dict_keys(['example_branch_dop_operator_v3']) retrieved from /home/airflow/.local/lib/python3.7/site-packages/airflow/example_dags/example_branch_python_dop_operator_3.py
[2023-03-27T23:58:49.262+0000] {logging_mixin.py:137} INFO - [2023-03-27T23:58:49.262+0000] {dag.py:2693} INFO - Sync 1 DAGs
[2023-03-27T23:58:49.331+0000] {logging_mixin.py:137} INFO - [2023-03-27T23:58:49.331+0000] {dag.py:3444} INFO - Setting next_dagrun for example_branch_dop_operator_v3 to 2023-03-27T23:57:00+00:00, run_after=2023-03-27T23:58:00+00:00
[2023-03-27T23:58:49.377+0000] {processor.py:175} INFO - Processing /home/airflow/.local/lib/python3.7/site-packages/airflow/example_dags/example_branch_python_dop_operator_3.py took 0.334 seconds
[2023-03-27T23:59:20.102+0000] {processor.py:153} INFO - Started process (PID=1914) to work on /home/airflow/.local/lib/python3.7/site-packages/airflow/example_dags/example_branch_python_dop_operator_3.py
[2023-03-27T23:59:20.108+0000] {processor.py:743} INFO - Processing file /home/airflow/.local/lib/python3.7/site-packages/airflow/example_dags/example_branch_python_dop_operator_3.py for tasks to queue
[2023-03-27T23:59:20.112+0000] {logging_mixin.py:137} INFO - [2023-03-27T23:59:20.111+0000] {dagbag.py:532} INFO - Filling up the DagBag from /home/airflow/.local/lib/python3.7/site-packages/airflow/example_dags/example_branch_python_dop_operator_3.py
[2023-03-27T23:59:20.176+0000] {processor.py:753} INFO - DAG(s) dict_keys(['example_branch_dop_operator_v3']) retrieved from /home/airflow/.local/lib/python3.7/site-packages/airflow/example_dags/example_branch_python_dop_operator_3.py
[2023-03-27T23:59:20.256+0000] {logging_mixin.py:137} INFO - [2023-03-27T23:59:20.255+0000] {dag.py:2693} INFO - Sync 1 DAGs
[2023-03-27T23:59:20.369+0000] {logging_mixin.py:137} INFO - [2023-03-27T23:59:20.369+0000] {dag.py:3444} INFO - Setting next_dagrun for example_branch_dop_operator_v3 to 2023-03-27T23:58:00+00:00, run_after=2023-03-27T23:59:00+00:00
[2023-03-27T23:59:20.418+0000] {processor.py:175} INFO - Processing /home/airflow/.local/lib/python3.7/site-packages/airflow/example_dags/example_branch_python_dop_operator_3.py took 0.330 seconds
[2023-03-27T23:59:52.381+0000] {processor.py:153} INFO - Started process (PID=1963) to work on /home/airflow/.local/lib/python3.7/site-packages/airflow/example_dags/example_branch_python_dop_operator_3.py
[2023-03-27T23:59:52.390+0000] {processor.py:743} INFO - Processing file /home/airflow/.local/lib/python3.7/site-packages/airflow/example_dags/example_branch_python_dop_operator_3.py for tasks to queue
[2023-03-27T23:59:52.396+0000] {logging_mixin.py:137} INFO - [2023-03-27T23:59:52.395+0000] {dagbag.py:532} INFO - Filling up the DagBag from /home/airflow/.local/lib/python3.7/site-packages/airflow/example_dags/example_branch_python_dop_operator_3.py
[2023-03-27T23:59:52.463+0000] {processor.py:753} INFO - DAG(s) dict_keys(['example_branch_dop_operator_v3']) retrieved from /home/airflow/.local/lib/python3.7/site-packages/airflow/example_dags/example_branch_python_dop_operator_3.py
[2023-03-27T23:59:52.540+0000] {logging_mixin.py:137} INFO - [2023-03-27T23:59:52.539+0000] {dag.py:2693} INFO - Sync 1 DAGs
[2023-03-27T23:59:52.616+0000] {logging_mixin.py:137} INFO - [2023-03-27T23:59:52.616+0000] {dag.py:3444} INFO - Setting next_dagrun for example_branch_dop_operator_v3 to 2023-03-27T23:58:00+00:00, run_after=2023-03-27T23:59:00+00:00
[2023-03-27T23:59:52.663+0000] {processor.py:175} INFO - Processing /home/airflow/.local/lib/python3.7/site-packages/airflow/example_dags/example_branch_python_dop_operator_3.py took 0.297 seconds
