[2023-03-27T11:29:19.318+0000] {processor.py:153} INFO - Started process (PID=107) to work on /home/airflow/.local/lib/python3.7/site-packages/airflow/example_dags/example_task_group.py
[2023-03-27T11:29:19.616+0000] {processor.py:743} INFO - Processing file /home/airflow/.local/lib/python3.7/site-packages/airflow/example_dags/example_task_group.py for tasks to queue
[2023-03-27T11:29:19.819+0000] {logging_mixin.py:137} INFO - [2023-03-27T11:29:19.634+0000] {dagbag.py:532} INFO - Filling up the DagBag from /home/airflow/.local/lib/python3.7/site-packages/airflow/example_dags/example_task_group.py
[2023-03-27T11:29:20.681+0000] {processor.py:753} INFO - DAG(s) dict_keys(['example_task_group']) retrieved from /home/airflow/.local/lib/python3.7/site-packages/airflow/example_dags/example_task_group.py
[2023-03-27T11:29:22.259+0000] {logging_mixin.py:137} INFO - [2023-03-27T11:29:22.250+0000] {dag.py:2693} INFO - Sync 1 DAGs
[2023-03-27T11:29:23.295+0000] {logging_mixin.py:137} INFO - [2023-03-27T11:29:23.295+0000] {dag.py:3444} INFO - Setting next_dagrun for example_task_group to 2023-03-26T11:29:23.276924+00:00, run_after=2023-03-27T11:29:23.276924+00:00
[2023-03-27T11:29:25.012+0000] {processor.py:175} INFO - Processing /home/airflow/.local/lib/python3.7/site-packages/airflow/example_dags/example_task_group.py took 7.341 seconds
[2023-03-27T11:48:08.932+0000] {processor.py:153} INFO - Started process (PID=90) to work on /home/airflow/.local/lib/python3.7/site-packages/airflow/example_dags/example_task_group.py
[2023-03-27T11:48:08.985+0000] {processor.py:743} INFO - Processing file /home/airflow/.local/lib/python3.7/site-packages/airflow/example_dags/example_task_group.py for tasks to queue
[2023-03-27T11:48:09.052+0000] {logging_mixin.py:137} INFO - [2023-03-27T11:48:09.001+0000] {dagbag.py:532} INFO - Filling up the DagBag from /home/airflow/.local/lib/python3.7/site-packages/airflow/example_dags/example_task_group.py
[2023-03-27T11:48:10.101+0000] {processor.py:753} INFO - DAG(s) dict_keys(['example_task_group']) retrieved from /home/airflow/.local/lib/python3.7/site-packages/airflow/example_dags/example_task_group.py
[2023-03-27T11:48:13.883+0000] {logging_mixin.py:137} INFO - [2023-03-27T11:48:13.882+0000] {dag.py:2693} INFO - Sync 1 DAGs
[2023-03-27T11:48:17.639+0000] {logging_mixin.py:137} INFO - [2023-03-27T11:48:17.614+0000] {dag.py:3444} INFO - Setting next_dagrun for example_task_group to 2023-03-26T11:48:17.557560+00:00, run_after=2023-03-27T11:48:17.557560+00:00
[2023-03-27T11:48:19.844+0000] {processor.py:175} INFO - Processing /home/airflow/.local/lib/python3.7/site-packages/airflow/example_dags/example_task_group.py took 11.186 seconds
[2023-03-27T11:57:05.760+0000] {processor.py:153} INFO - Started process (PID=232) to work on /home/airflow/.local/lib/python3.7/site-packages/airflow/example_dags/example_task_group.py
[2023-03-27T11:57:06.651+0000] {processor.py:743} INFO - Processing file /home/airflow/.local/lib/python3.7/site-packages/airflow/example_dags/example_task_group.py for tasks to queue
[2023-03-27T11:57:07.314+0000] {logging_mixin.py:137} INFO - [2023-03-27T11:57:07.305+0000] {dagbag.py:532} INFO - Filling up the DagBag from /home/airflow/.local/lib/python3.7/site-packages/airflow/example_dags/example_task_group.py
[2023-03-27T11:57:28.851+0000] {processor.py:753} INFO - DAG(s) dict_keys(['example_task_group']) retrieved from /home/airflow/.local/lib/python3.7/site-packages/airflow/example_dags/example_task_group.py
[2023-03-27T11:57:54.306+0000] {logging_mixin.py:137} INFO - [2023-03-27T11:57:53.864+0000] {dag.py:2693} INFO - Sync 1 DAGs
[2023-03-27T13:24:03.687+0000] {processor.py:153} INFO - Started process (PID=174) to work on /home/airflow/.local/lib/python3.7/site-packages/airflow/example_dags/example_task_group.py
[2023-03-27T13:24:03.811+0000] {processor.py:743} INFO - Processing file /home/airflow/.local/lib/python3.7/site-packages/airflow/example_dags/example_task_group.py for tasks to queue
[2023-03-27T13:24:03.835+0000] {logging_mixin.py:137} INFO - [2023-03-27T13:24:03.835+0000] {dagbag.py:532} INFO - Filling up the DagBag from /home/airflow/.local/lib/python3.7/site-packages/airflow/example_dags/example_task_group.py
[2023-03-27T13:24:05.380+0000] {processor.py:753} INFO - DAG(s) dict_keys(['example_task_group']) retrieved from /home/airflow/.local/lib/python3.7/site-packages/airflow/example_dags/example_task_group.py
[2023-03-27T13:24:07.339+0000] {logging_mixin.py:137} INFO - [2023-03-27T13:24:07.338+0000] {dag.py:2693} INFO - Sync 1 DAGs
[2023-03-27T13:24:09.911+0000] {logging_mixin.py:137} INFO - [2023-03-27T13:24:09.910+0000] {dag.py:3444} INFO - Setting next_dagrun for example_task_group to 2023-03-26T13:24:09.842445+00:00, run_after=2023-03-27T13:24:09.842445+00:00
[2023-03-27T13:24:11.424+0000] {processor.py:175} INFO - Processing /home/airflow/.local/lib/python3.7/site-packages/airflow/example_dags/example_task_group.py took 7.913 seconds
[2023-03-27T13:26:50.668+0000] {processor.py:153} INFO - Started process (PID=250) to work on /home/airflow/.local/lib/python3.7/site-packages/airflow/example_dags/example_task_group.py
[2023-03-27T13:26:50.685+0000] {processor.py:743} INFO - Processing file /home/airflow/.local/lib/python3.7/site-packages/airflow/example_dags/example_task_group.py for tasks to queue
[2023-03-27T13:26:50.743+0000] {logging_mixin.py:137} INFO - [2023-03-27T13:26:50.743+0000] {dagbag.py:532} INFO - Filling up the DagBag from /home/airflow/.local/lib/python3.7/site-packages/airflow/example_dags/example_task_group.py
[2023-03-27T13:26:51.102+0000] {processor.py:753} INFO - DAG(s) dict_keys(['example_task_group']) retrieved from /home/airflow/.local/lib/python3.7/site-packages/airflow/example_dags/example_task_group.py
[2023-03-27T13:26:52.414+0000] {logging_mixin.py:137} INFO - [2023-03-27T13:26:52.413+0000] {dag.py:2693} INFO - Sync 1 DAGs
[2023-03-27T13:26:53.083+0000] {logging_mixin.py:137} INFO - [2023-03-27T13:26:53.083+0000] {dag.py:3444} INFO - Setting next_dagrun for example_task_group to 2023-03-26T13:26:53.082514+00:00, run_after=2023-03-27T13:26:53.082514+00:00
[2023-03-27T13:26:53.852+0000] {processor.py:175} INFO - Processing /home/airflow/.local/lib/python3.7/site-packages/airflow/example_dags/example_task_group.py took 3.270 seconds
[2023-03-27T13:29:12.965+0000] {processor.py:153} INFO - Started process (PID=313) to work on /home/airflow/.local/lib/python3.7/site-packages/airflow/example_dags/example_task_group.py
[2023-03-27T13:29:14.022+0000] {processor.py:743} INFO - Processing file /home/airflow/.local/lib/python3.7/site-packages/airflow/example_dags/example_task_group.py for tasks to queue
[2023-03-27T13:29:14.085+0000] {logging_mixin.py:137} INFO - [2023-03-27T13:29:14.070+0000] {dagbag.py:532} INFO - Filling up the DagBag from /home/airflow/.local/lib/python3.7/site-packages/airflow/example_dags/example_task_group.py
[2023-03-27T13:29:17.724+0000] {processor.py:753} INFO - DAG(s) dict_keys(['example_task_group']) retrieved from /home/airflow/.local/lib/python3.7/site-packages/airflow/example_dags/example_task_group.py
[2023-03-27T13:29:22.233+0000] {logging_mixin.py:137} INFO - [2023-03-27T13:29:22.231+0000] {dag.py:2693} INFO - Sync 1 DAGs
[2023-03-27T13:29:26.459+0000] {logging_mixin.py:137} INFO - [2023-03-27T13:29:26.422+0000] {dag.py:3444} INFO - Setting next_dagrun for example_task_group to 2023-03-26T13:29:26.396557+00:00, run_after=2023-03-27T13:29:26.396557+00:00
[2023-03-27T13:29:27.864+0000] {processor.py:175} INFO - Processing /home/airflow/.local/lib/python3.7/site-packages/airflow/example_dags/example_task_group.py took 15.288 seconds
[2023-03-27T13:31:12.677+0000] {processor.py:153} INFO - Started process (PID=365) to work on /home/airflow/.local/lib/python3.7/site-packages/airflow/example_dags/example_task_group.py
[2023-03-27T13:31:12.725+0000] {processor.py:743} INFO - Processing file /home/airflow/.local/lib/python3.7/site-packages/airflow/example_dags/example_task_group.py for tasks to queue
[2023-03-27T13:31:12.738+0000] {logging_mixin.py:137} INFO - [2023-03-27T13:31:12.738+0000] {dagbag.py:532} INFO - Filling up the DagBag from /home/airflow/.local/lib/python3.7/site-packages/airflow/example_dags/example_task_group.py
[2023-03-27T13:31:13.249+0000] {processor.py:753} INFO - DAG(s) dict_keys(['example_task_group']) retrieved from /home/airflow/.local/lib/python3.7/site-packages/airflow/example_dags/example_task_group.py
[2023-03-27T13:31:14.242+0000] {logging_mixin.py:137} INFO - [2023-03-27T13:31:14.242+0000] {dag.py:2693} INFO - Sync 1 DAGs
[2023-03-27T13:31:16.712+0000] {logging_mixin.py:137} INFO - [2023-03-27T13:31:16.712+0000] {dag.py:3444} INFO - Setting next_dagrun for example_task_group to 2023-03-26T13:31:16.708436+00:00, run_after=2023-03-27T13:31:16.708436+00:00
[2023-03-27T13:31:17.289+0000] {processor.py:175} INFO - Processing /home/airflow/.local/lib/python3.7/site-packages/airflow/example_dags/example_task_group.py took 4.805 seconds
[2023-03-27T13:33:17.309+0000] {processor.py:153} INFO - Started process (PID=424) to work on /home/airflow/.local/lib/python3.7/site-packages/airflow/example_dags/example_task_group.py
[2023-03-27T13:33:17.369+0000] {processor.py:743} INFO - Processing file /home/airflow/.local/lib/python3.7/site-packages/airflow/example_dags/example_task_group.py for tasks to queue
[2023-03-27T13:33:17.384+0000] {logging_mixin.py:137} INFO - [2023-03-27T13:33:17.382+0000] {dagbag.py:532} INFO - Filling up the DagBag from /home/airflow/.local/lib/python3.7/site-packages/airflow/example_dags/example_task_group.py
[2023-03-27T13:33:17.970+0000] {processor.py:753} INFO - DAG(s) dict_keys(['example_task_group']) retrieved from /home/airflow/.local/lib/python3.7/site-packages/airflow/example_dags/example_task_group.py
[2023-03-27T13:33:19.605+0000] {logging_mixin.py:137} INFO - [2023-03-27T13:33:19.598+0000] {dag.py:2693} INFO - Sync 1 DAGs
[2023-03-27T13:33:21.222+0000] {logging_mixin.py:137} INFO - [2023-03-27T13:33:21.221+0000] {dag.py:3444} INFO - Setting next_dagrun for example_task_group to 2023-03-26T13:33:21.220040+00:00, run_after=2023-03-27T13:33:21.220040+00:00
[2023-03-27T13:33:23.693+0000] {processor.py:175} INFO - Processing /home/airflow/.local/lib/python3.7/site-packages/airflow/example_dags/example_task_group.py took 6.486 seconds
[2023-03-27T13:35:04.684+0000] {processor.py:153} INFO - Started process (PID=481) to work on /home/airflow/.local/lib/python3.7/site-packages/airflow/example_dags/example_task_group.py
[2023-03-27T13:35:04.714+0000] {processor.py:743} INFO - Processing file /home/airflow/.local/lib/python3.7/site-packages/airflow/example_dags/example_task_group.py for tasks to queue
[2023-03-27T13:35:04.738+0000] {logging_mixin.py:137} INFO - [2023-03-27T13:35:04.738+0000] {dagbag.py:532} INFO - Filling up the DagBag from /home/airflow/.local/lib/python3.7/site-packages/airflow/example_dags/example_task_group.py
[2023-03-27T13:35:05.187+0000] {processor.py:753} INFO - DAG(s) dict_keys(['example_task_group']) retrieved from /home/airflow/.local/lib/python3.7/site-packages/airflow/example_dags/example_task_group.py
[2023-03-27T13:35:05.670+0000] {logging_mixin.py:137} INFO - [2023-03-27T13:35:05.669+0000] {dag.py:2693} INFO - Sync 1 DAGs
[2023-03-27T13:35:06.170+0000] {logging_mixin.py:137} INFO - [2023-03-27T13:35:06.163+0000] {dag.py:3444} INFO - Setting next_dagrun for example_task_group to 2023-03-26T13:35:06.157650+00:00, run_after=2023-03-27T13:35:06.157650+00:00
[2023-03-27T13:35:06.587+0000] {processor.py:175} INFO - Processing /home/airflow/.local/lib/python3.7/site-packages/airflow/example_dags/example_task_group.py took 1.972 seconds
[2023-03-27T13:37:16.069+0000] {processor.py:153} INFO - Started process (PID=541) to work on /home/airflow/.local/lib/python3.7/site-packages/airflow/example_dags/example_task_group.py
[2023-03-27T13:37:16.083+0000] {processor.py:743} INFO - Processing file /home/airflow/.local/lib/python3.7/site-packages/airflow/example_dags/example_task_group.py for tasks to queue
[2023-03-27T13:37:16.145+0000] {logging_mixin.py:137} INFO - [2023-03-27T13:37:16.144+0000] {dagbag.py:532} INFO - Filling up the DagBag from /home/airflow/.local/lib/python3.7/site-packages/airflow/example_dags/example_task_group.py
[2023-03-27T13:37:16.287+0000] {processor.py:753} INFO - DAG(s) dict_keys(['example_task_group']) retrieved from /home/airflow/.local/lib/python3.7/site-packages/airflow/example_dags/example_task_group.py
[2023-03-27T13:37:16.479+0000] {logging_mixin.py:137} INFO - [2023-03-27T13:37:16.476+0000] {dag.py:2693} INFO - Sync 1 DAGs
[2023-03-27T13:37:17.623+0000] {logging_mixin.py:137} INFO - [2023-03-27T13:37:17.622+0000] {dag.py:3444} INFO - Setting next_dagrun for example_task_group to 2023-03-26T13:37:17.620759+00:00, run_after=2023-03-27T13:37:17.620759+00:00
[2023-03-27T13:37:18.386+0000] {processor.py:175} INFO - Processing /home/airflow/.local/lib/python3.7/site-packages/airflow/example_dags/example_task_group.py took 2.421 seconds
[2023-03-27T13:38:28.526+0000] {processor.py:153} INFO - Started process (PID=584) to work on /home/airflow/.local/lib/python3.7/site-packages/airflow/example_dags/example_task_group.py
[2023-03-27T13:38:28.545+0000] {processor.py:743} INFO - Processing file /home/airflow/.local/lib/python3.7/site-packages/airflow/example_dags/example_task_group.py for tasks to queue
[2023-03-27T13:38:28.557+0000] {logging_mixin.py:137} INFO - [2023-03-27T13:38:28.557+0000] {dagbag.py:532} INFO - Filling up the DagBag from /home/airflow/.local/lib/python3.7/site-packages/airflow/example_dags/example_task_group.py
[2023-03-27T13:38:28.883+0000] {processor.py:753} INFO - DAG(s) dict_keys(['example_task_group']) retrieved from /home/airflow/.local/lib/python3.7/site-packages/airflow/example_dags/example_task_group.py
[2023-03-27T13:38:29.369+0000] {logging_mixin.py:137} INFO - [2023-03-27T13:38:29.368+0000] {dag.py:2693} INFO - Sync 1 DAGs
[2023-03-27T13:38:29.953+0000] {logging_mixin.py:137} INFO - [2023-03-27T13:38:29.953+0000] {dag.py:3444} INFO - Setting next_dagrun for example_task_group to 2023-03-26T13:38:29.952520+00:00, run_after=2023-03-27T13:38:29.952520+00:00
[2023-03-27T13:38:30.528+0000] {processor.py:175} INFO - Processing /home/airflow/.local/lib/python3.7/site-packages/airflow/example_dags/example_task_group.py took 2.179 seconds
[2023-03-27T13:40:57.742+0000] {processor.py:153} INFO - Started process (PID=670) to work on /home/airflow/.local/lib/python3.7/site-packages/airflow/example_dags/example_task_group.py
[2023-03-27T13:40:57.778+0000] {processor.py:743} INFO - Processing file /home/airflow/.local/lib/python3.7/site-packages/airflow/example_dags/example_task_group.py for tasks to queue
[2023-03-27T13:40:57.800+0000] {logging_mixin.py:137} INFO - [2023-03-27T13:40:57.800+0000] {dagbag.py:532} INFO - Filling up the DagBag from /home/airflow/.local/lib/python3.7/site-packages/airflow/example_dags/example_task_group.py
[2023-03-27T13:40:58.205+0000] {processor.py:753} INFO - DAG(s) dict_keys(['example_task_group']) retrieved from /home/airflow/.local/lib/python3.7/site-packages/airflow/example_dags/example_task_group.py
[2023-03-27T13:40:58.869+0000] {logging_mixin.py:137} INFO - [2023-03-27T13:40:58.868+0000] {dag.py:2693} INFO - Sync 1 DAGs
[2023-03-27T13:40:59.149+0000] {logging_mixin.py:137} INFO - [2023-03-27T13:40:59.149+0000] {dag.py:3444} INFO - Setting next_dagrun for example_task_group to 2023-03-26T13:40:59.148974+00:00, run_after=2023-03-27T13:40:59.148974+00:00
[2023-03-27T13:41:00.639+0000] {processor.py:175} INFO - Processing /home/airflow/.local/lib/python3.7/site-packages/airflow/example_dags/example_task_group.py took 2.931 seconds
[2023-03-27T13:44:42.079+0000] {processor.py:153} INFO - Started process (PID=771) to work on /home/airflow/.local/lib/python3.7/site-packages/airflow/example_dags/example_task_group.py
[2023-03-27T13:44:42.090+0000] {processor.py:743} INFO - Processing file /home/airflow/.local/lib/python3.7/site-packages/airflow/example_dags/example_task_group.py for tasks to queue
[2023-03-27T13:44:42.104+0000] {logging_mixin.py:137} INFO - [2023-03-27T13:44:42.102+0000] {dagbag.py:532} INFO - Filling up the DagBag from /home/airflow/.local/lib/python3.7/site-packages/airflow/example_dags/example_task_group.py
[2023-03-27T13:44:42.348+0000] {processor.py:753} INFO - DAG(s) dict_keys(['example_task_group']) retrieved from /home/airflow/.local/lib/python3.7/site-packages/airflow/example_dags/example_task_group.py
[2023-03-27T13:44:42.746+0000] {logging_mixin.py:137} INFO - [2023-03-27T13:44:42.746+0000] {dag.py:2693} INFO - Sync 1 DAGs
[2023-03-27T13:44:43.415+0000] {logging_mixin.py:137} INFO - [2023-03-27T13:44:43.415+0000] {dag.py:3444} INFO - Setting next_dagrun for example_task_group to 2023-03-26T13:44:43.372000+00:00, run_after=2023-03-27T13:44:43.372000+00:00
[2023-03-27T13:44:47.750+0000] {processor.py:175} INFO - Processing /home/airflow/.local/lib/python3.7/site-packages/airflow/example_dags/example_task_group.py took 5.708 seconds
[2023-03-27T18:07:20.390+0000] {processor.py:153} INFO - Started process (PID=171) to work on /home/airflow/.local/lib/python3.7/site-packages/airflow/example_dags/example_task_group.py
[2023-03-27T18:07:20.434+0000] {processor.py:743} INFO - Processing file /home/airflow/.local/lib/python3.7/site-packages/airflow/example_dags/example_task_group.py for tasks to queue
[2023-03-27T18:07:20.446+0000] {logging_mixin.py:137} INFO - [2023-03-27T18:07:20.445+0000] {dagbag.py:532} INFO - Filling up the DagBag from /home/airflow/.local/lib/python3.7/site-packages/airflow/example_dags/example_task_group.py
[2023-03-27T18:07:21.345+0000] {processor.py:753} INFO - DAG(s) dict_keys(['example_task_group']) retrieved from /home/airflow/.local/lib/python3.7/site-packages/airflow/example_dags/example_task_group.py
[2023-03-27T18:07:21.824+0000] {logging_mixin.py:137} INFO - [2023-03-27T18:07:21.824+0000] {dag.py:2693} INFO - Sync 1 DAGs
[2023-03-27T18:07:23.365+0000] {logging_mixin.py:137} INFO - [2023-03-27T18:07:23.365+0000] {dag.py:3444} INFO - Setting next_dagrun for example_task_group to 2023-03-26T18:07:23.347680+00:00, run_after=2023-03-27T18:07:23.347680+00:00
[2023-03-27T18:07:24.255+0000] {processor.py:175} INFO - Processing /home/airflow/.local/lib/python3.7/site-packages/airflow/example_dags/example_task_group.py took 4.358 seconds
[2023-03-27T18:11:52.120+0000] {processor.py:153} INFO - Started process (PID=260) to work on /home/airflow/.local/lib/python3.7/site-packages/airflow/example_dags/example_task_group.py
[2023-03-27T18:11:52.183+0000] {processor.py:743} INFO - Processing file /home/airflow/.local/lib/python3.7/site-packages/airflow/example_dags/example_task_group.py for tasks to queue
[2023-03-27T18:11:52.216+0000] {logging_mixin.py:137} INFO - [2023-03-27T18:11:52.216+0000] {dagbag.py:532} INFO - Filling up the DagBag from /home/airflow/.local/lib/python3.7/site-packages/airflow/example_dags/example_task_group.py
[2023-03-27T18:11:53.651+0000] {processor.py:753} INFO - DAG(s) dict_keys(['example_task_group']) retrieved from /home/airflow/.local/lib/python3.7/site-packages/airflow/example_dags/example_task_group.py
[2023-03-27T18:12:00.983+0000] {logging_mixin.py:137} INFO - [2023-03-27T18:12:00.893+0000] {dag.py:2693} INFO - Sync 1 DAGs
[2023-03-27T18:12:01.660+0000] {logging_mixin.py:137} INFO - [2023-03-27T18:12:01.659+0000] {dag.py:3444} INFO - Setting next_dagrun for example_task_group to 2023-03-26T18:12:01.638164+00:00, run_after=2023-03-27T18:12:01.638164+00:00
[2023-03-27T18:12:02.843+0000] {processor.py:175} INFO - Processing /home/airflow/.local/lib/python3.7/site-packages/airflow/example_dags/example_task_group.py took 11.416 seconds
[2023-03-27T18:17:04.501+0000] {processor.py:153} INFO - Started process (PID=351) to work on /home/airflow/.local/lib/python3.7/site-packages/airflow/example_dags/example_task_group.py
[2023-03-27T18:17:04.640+0000] {processor.py:743} INFO - Processing file /home/airflow/.local/lib/python3.7/site-packages/airflow/example_dags/example_task_group.py for tasks to queue
[2023-03-27T18:17:04.772+0000] {logging_mixin.py:137} INFO - [2023-03-27T18:17:04.771+0000] {dagbag.py:532} INFO - Filling up the DagBag from /home/airflow/.local/lib/python3.7/site-packages/airflow/example_dags/example_task_group.py
[2023-03-27T18:17:10.435+0000] {processor.py:753} INFO - DAG(s) dict_keys(['example_task_group']) retrieved from /home/airflow/.local/lib/python3.7/site-packages/airflow/example_dags/example_task_group.py
[2023-03-27T18:17:15.150+0000] {logging_mixin.py:137} INFO - [2023-03-27T18:17:15.150+0000] {dag.py:2693} INFO - Sync 1 DAGs
[2023-03-27T18:17:17.782+0000] {logging_mixin.py:137} INFO - [2023-03-27T18:17:17.781+0000] {dag.py:3444} INFO - Setting next_dagrun for example_task_group to 2023-03-26T18:17:17.781155+00:00, run_after=2023-03-27T18:17:17.781155+00:00
[2023-03-27T18:17:18.892+0000] {processor.py:175} INFO - Processing /home/airflow/.local/lib/python3.7/site-packages/airflow/example_dags/example_task_group.py took 14.853 seconds
[2023-03-27T18:22:24.507+0000] {processor.py:153} INFO - Started process (PID=449) to work on /home/airflow/.local/lib/python3.7/site-packages/airflow/example_dags/example_task_group.py
[2023-03-27T18:22:24.613+0000] {processor.py:743} INFO - Processing file /home/airflow/.local/lib/python3.7/site-packages/airflow/example_dags/example_task_group.py for tasks to queue
[2023-03-27T18:22:24.816+0000] {logging_mixin.py:137} INFO - [2023-03-27T18:22:24.816+0000] {dagbag.py:532} INFO - Filling up the DagBag from /home/airflow/.local/lib/python3.7/site-packages/airflow/example_dags/example_task_group.py
[2023-03-27T18:22:25.893+0000] {processor.py:753} INFO - DAG(s) dict_keys(['example_task_group']) retrieved from /home/airflow/.local/lib/python3.7/site-packages/airflow/example_dags/example_task_group.py
[2023-03-27T18:22:26.840+0000] {logging_mixin.py:137} INFO - [2023-03-27T18:22:26.839+0000] {dag.py:2693} INFO - Sync 1 DAGs
[2023-03-27T18:22:28.349+0000] {logging_mixin.py:137} INFO - [2023-03-27T18:22:28.349+0000] {dag.py:3444} INFO - Setting next_dagrun for example_task_group to 2023-03-26T18:22:28.348177+00:00, run_after=2023-03-27T18:22:28.348177+00:00
[2023-03-27T18:22:28.766+0000] {processor.py:175} INFO - Processing /home/airflow/.local/lib/python3.7/site-packages/airflow/example_dags/example_task_group.py took 4.730 seconds
[2023-03-27T18:25:47.846+0000] {processor.py:153} INFO - Started process (PID=515) to work on /home/airflow/.local/lib/python3.7/site-packages/airflow/example_dags/example_task_group.py
[2023-03-27T18:25:48.105+0000] {processor.py:743} INFO - Processing file /home/airflow/.local/lib/python3.7/site-packages/airflow/example_dags/example_task_group.py for tasks to queue
[2023-03-27T18:25:48.109+0000] {logging_mixin.py:137} INFO - [2023-03-27T18:25:48.109+0000] {dagbag.py:532} INFO - Filling up the DagBag from /home/airflow/.local/lib/python3.7/site-packages/airflow/example_dags/example_task_group.py
[2023-03-27T18:25:49.002+0000] {processor.py:753} INFO - DAG(s) dict_keys(['example_task_group']) retrieved from /home/airflow/.local/lib/python3.7/site-packages/airflow/example_dags/example_task_group.py
[2023-03-27T18:25:53.637+0000] {logging_mixin.py:137} INFO - [2023-03-27T18:25:53.630+0000] {dag.py:2693} INFO - Sync 1 DAGs
[2023-03-27T18:25:56.410+0000] {logging_mixin.py:137} INFO - [2023-03-27T18:25:56.409+0000] {dag.py:3444} INFO - Setting next_dagrun for example_task_group to 2023-03-26T18:25:56.408985+00:00, run_after=2023-03-27T18:25:56.408985+00:00
[2023-03-27T18:25:56.921+0000] {processor.py:175} INFO - Processing /home/airflow/.local/lib/python3.7/site-packages/airflow/example_dags/example_task_group.py took 9.249 seconds
[2023-03-27T18:29:09.307+0000] {processor.py:153} INFO - Started process (PID=584) to work on /home/airflow/.local/lib/python3.7/site-packages/airflow/example_dags/example_task_group.py
[2023-03-27T18:29:09.319+0000] {processor.py:743} INFO - Processing file /home/airflow/.local/lib/python3.7/site-packages/airflow/example_dags/example_task_group.py for tasks to queue
[2023-03-27T18:29:09.330+0000] {logging_mixin.py:137} INFO - [2023-03-27T18:29:09.329+0000] {dagbag.py:532} INFO - Filling up the DagBag from /home/airflow/.local/lib/python3.7/site-packages/airflow/example_dags/example_task_group.py
[2023-03-27T18:29:09.542+0000] {processor.py:753} INFO - DAG(s) dict_keys(['example_task_group']) retrieved from /home/airflow/.local/lib/python3.7/site-packages/airflow/example_dags/example_task_group.py
[2023-03-27T18:29:09.923+0000] {logging_mixin.py:137} INFO - [2023-03-27T18:29:09.917+0000] {dag.py:2693} INFO - Sync 1 DAGs
[2023-03-27T18:29:12.171+0000] {logging_mixin.py:137} INFO - [2023-03-27T18:29:12.170+0000] {dag.py:3444} INFO - Setting next_dagrun for example_task_group to 2023-03-26T18:29:12.170352+00:00, run_after=2023-03-27T18:29:12.170352+00:00
[2023-03-27T18:29:12.647+0000] {processor.py:175} INFO - Processing /home/airflow/.local/lib/python3.7/site-packages/airflow/example_dags/example_task_group.py took 3.392 seconds
[2023-03-27T18:30:34.618+0000] {processor.py:153} INFO - Started process (PID=649) to work on /home/airflow/.local/lib/python3.7/site-packages/airflow/example_dags/example_task_group.py
[2023-03-27T18:30:34.657+0000] {processor.py:743} INFO - Processing file /home/airflow/.local/lib/python3.7/site-packages/airflow/example_dags/example_task_group.py for tasks to queue
[2023-03-27T18:30:34.709+0000] {logging_mixin.py:137} INFO - [2023-03-27T18:30:34.707+0000] {dagbag.py:532} INFO - Filling up the DagBag from /home/airflow/.local/lib/python3.7/site-packages/airflow/example_dags/example_task_group.py
[2023-03-27T18:30:36.618+0000] {processor.py:753} INFO - DAG(s) dict_keys(['example_task_group']) retrieved from /home/airflow/.local/lib/python3.7/site-packages/airflow/example_dags/example_task_group.py
[2023-03-27T18:30:38.630+0000] {logging_mixin.py:137} INFO - [2023-03-27T18:30:38.629+0000] {dag.py:2693} INFO - Sync 1 DAGs
[2023-03-27T18:30:39.671+0000] {logging_mixin.py:137} INFO - [2023-03-27T18:30:39.635+0000] {dag.py:3444} INFO - Setting next_dagrun for example_task_group to 2023-03-26T18:30:39.628468+00:00, run_after=2023-03-27T18:30:39.628468+00:00
[2023-03-27T18:30:40.838+0000] {processor.py:175} INFO - Processing /home/airflow/.local/lib/python3.7/site-packages/airflow/example_dags/example_task_group.py took 6.385 seconds
[2023-03-27T21:07:21.503+0000] {processor.py:153} INFO - Started process (PID=729) to work on /home/airflow/.local/lib/python3.7/site-packages/airflow/example_dags/example_task_group.py
[2023-03-27T21:07:21.509+0000] {processor.py:743} INFO - Processing file /home/airflow/.local/lib/python3.7/site-packages/airflow/example_dags/example_task_group.py for tasks to queue
[2023-03-27T21:07:21.513+0000] {logging_mixin.py:137} INFO - [2023-03-27T21:07:21.513+0000] {dagbag.py:532} INFO - Filling up the DagBag from /home/airflow/.local/lib/python3.7/site-packages/airflow/example_dags/example_task_group.py
[2023-03-27T21:07:21.654+0000] {processor.py:753} INFO - DAG(s) dict_keys(['example_task_group']) retrieved from /home/airflow/.local/lib/python3.7/site-packages/airflow/example_dags/example_task_group.py
[2023-03-27T21:07:21.850+0000] {logging_mixin.py:137} INFO - [2023-03-27T21:07:21.849+0000] {dag.py:2693} INFO - Sync 1 DAGs
[2023-03-27T21:07:22.003+0000] {logging_mixin.py:137} INFO - [2023-03-27T21:07:22.003+0000] {dag.py:3444} INFO - Setting next_dagrun for example_task_group to 2023-03-26T21:07:22.002777+00:00, run_after=2023-03-27T21:07:22.002777+00:00
[2023-03-27T21:07:22.108+0000] {processor.py:175} INFO - Processing /home/airflow/.local/lib/python3.7/site-packages/airflow/example_dags/example_task_group.py took 0.634 seconds
[2023-03-27T21:41:19.084+0000] {processor.py:153} INFO - Started process (PID=805) to work on /home/airflow/.local/lib/python3.7/site-packages/airflow/example_dags/example_task_group.py
[2023-03-27T21:41:19.097+0000] {processor.py:743} INFO - Processing file /home/airflow/.local/lib/python3.7/site-packages/airflow/example_dags/example_task_group.py for tasks to queue
[2023-03-27T21:41:19.142+0000] {logging_mixin.py:137} INFO - [2023-03-27T21:41:19.141+0000] {dagbag.py:532} INFO - Filling up the DagBag from /home/airflow/.local/lib/python3.7/site-packages/airflow/example_dags/example_task_group.py
[2023-03-27T21:41:19.906+0000] {processor.py:753} INFO - DAG(s) dict_keys(['example_task_group']) retrieved from /home/airflow/.local/lib/python3.7/site-packages/airflow/example_dags/example_task_group.py
[2023-03-27T21:41:20.944+0000] {logging_mixin.py:137} INFO - [2023-03-27T21:41:20.943+0000] {dag.py:2693} INFO - Sync 1 DAGs
[2023-03-27T21:41:21.567+0000] {logging_mixin.py:137} INFO - [2023-03-27T21:41:21.566+0000] {dag.py:3444} INFO - Setting next_dagrun for example_task_group to 2023-03-26T21:41:21.550876+00:00, run_after=2023-03-27T21:41:21.550876+00:00
[2023-03-27T21:41:22.163+0000] {processor.py:175} INFO - Processing /home/airflow/.local/lib/python3.7/site-packages/airflow/example_dags/example_task_group.py took 3.243 seconds
[2023-03-27T21:43:38.740+0000] {processor.py:153} INFO - Started process (PID=868) to work on /home/airflow/.local/lib/python3.7/site-packages/airflow/example_dags/example_task_group.py
[2023-03-27T21:43:38.905+0000] {processor.py:743} INFO - Processing file /home/airflow/.local/lib/python3.7/site-packages/airflow/example_dags/example_task_group.py for tasks to queue
[2023-03-27T21:43:38.930+0000] {logging_mixin.py:137} INFO - [2023-03-27T21:43:38.929+0000] {dagbag.py:532} INFO - Filling up the DagBag from /home/airflow/.local/lib/python3.7/site-packages/airflow/example_dags/example_task_group.py
[2023-03-27T21:43:40.352+0000] {processor.py:753} INFO - DAG(s) dict_keys(['example_task_group']) retrieved from /home/airflow/.local/lib/python3.7/site-packages/airflow/example_dags/example_task_group.py
[2023-03-27T21:43:45.681+0000] {logging_mixin.py:137} INFO - [2023-03-27T21:43:45.679+0000] {dag.py:2693} INFO - Sync 1 DAGs
[2023-03-27T21:43:49.858+0000] {logging_mixin.py:137} INFO - [2023-03-27T21:43:49.858+0000] {dag.py:3444} INFO - Setting next_dagrun for example_task_group to 2023-03-26T21:43:49.856859+00:00, run_after=2023-03-27T21:43:49.856859+00:00
[2023-03-27T21:43:50.612+0000] {processor.py:175} INFO - Processing /home/airflow/.local/lib/python3.7/site-packages/airflow/example_dags/example_task_group.py took 11.881 seconds
[2023-03-27T21:45:56.446+0000] {processor.py:153} INFO - Started process (PID=925) to work on /home/airflow/.local/lib/python3.7/site-packages/airflow/example_dags/example_task_group.py
[2023-03-27T21:45:56.558+0000] {processor.py:743} INFO - Processing file /home/airflow/.local/lib/python3.7/site-packages/airflow/example_dags/example_task_group.py for tasks to queue
[2023-03-27T21:45:56.585+0000] {logging_mixin.py:137} INFO - [2023-03-27T21:45:56.584+0000] {dagbag.py:532} INFO - Filling up the DagBag from /home/airflow/.local/lib/python3.7/site-packages/airflow/example_dags/example_task_group.py
[2023-03-27T21:45:57.847+0000] {processor.py:753} INFO - DAG(s) dict_keys(['example_task_group']) retrieved from /home/airflow/.local/lib/python3.7/site-packages/airflow/example_dags/example_task_group.py
[2023-03-27T21:45:59.096+0000] {logging_mixin.py:137} INFO - [2023-03-27T21:45:59.096+0000] {dag.py:2693} INFO - Sync 1 DAGs
[2023-03-27T21:46:00.388+0000] {logging_mixin.py:137} INFO - [2023-03-27T21:46:00.387+0000] {dag.py:3444} INFO - Setting next_dagrun for example_task_group to 2023-03-26T21:46:00.355589+00:00, run_after=2023-03-27T21:46:00.355589+00:00
[2023-03-27T21:46:01.048+0000] {processor.py:175} INFO - Processing /home/airflow/.local/lib/python3.7/site-packages/airflow/example_dags/example_task_group.py took 4.900 seconds
[2023-03-27T21:47:58.658+0000] {processor.py:153} INFO - Started process (PID=978) to work on /home/airflow/.local/lib/python3.7/site-packages/airflow/example_dags/example_task_group.py
[2023-03-27T21:47:58.706+0000] {processor.py:743} INFO - Processing file /home/airflow/.local/lib/python3.7/site-packages/airflow/example_dags/example_task_group.py for tasks to queue
[2023-03-27T21:47:58.740+0000] {logging_mixin.py:137} INFO - [2023-03-27T21:47:58.724+0000] {dagbag.py:532} INFO - Filling up the DagBag from /home/airflow/.local/lib/python3.7/site-packages/airflow/example_dags/example_task_group.py
[2023-03-27T21:48:00.742+0000] {processor.py:753} INFO - DAG(s) dict_keys(['example_task_group']) retrieved from /home/airflow/.local/lib/python3.7/site-packages/airflow/example_dags/example_task_group.py
[2023-03-27T21:48:07.272+0000] {logging_mixin.py:137} INFO - [2023-03-27T21:48:07.271+0000] {dag.py:2693} INFO - Sync 1 DAGs
[2023-03-27T21:48:11.472+0000] {logging_mixin.py:137} INFO - [2023-03-27T21:48:11.472+0000] {dag.py:3444} INFO - Setting next_dagrun for example_task_group to 2023-03-26T21:48:11.458637+00:00, run_after=2023-03-27T21:48:11.458637+00:00
[2023-03-27T21:48:14.597+0000] {processor.py:175} INFO - Processing /home/airflow/.local/lib/python3.7/site-packages/airflow/example_dags/example_task_group.py took 16.121 seconds
[2023-03-27T21:51:52.972+0000] {processor.py:153} INFO - Started process (PID=1059) to work on /home/airflow/.local/lib/python3.7/site-packages/airflow/example_dags/example_task_group.py
[2023-03-27T21:51:52.997+0000] {processor.py:743} INFO - Processing file /home/airflow/.local/lib/python3.7/site-packages/airflow/example_dags/example_task_group.py for tasks to queue
[2023-03-27T21:51:53.024+0000] {logging_mixin.py:137} INFO - [2023-03-27T21:51:53.023+0000] {dagbag.py:532} INFO - Filling up the DagBag from /home/airflow/.local/lib/python3.7/site-packages/airflow/example_dags/example_task_group.py
[2023-03-27T21:51:56.741+0000] {processor.py:753} INFO - DAG(s) dict_keys(['example_task_group']) retrieved from /home/airflow/.local/lib/python3.7/site-packages/airflow/example_dags/example_task_group.py
[2023-03-27T21:51:57.382+0000] {logging_mixin.py:137} INFO - [2023-03-27T21:51:57.382+0000] {dag.py:2693} INFO - Sync 1 DAGs
[2023-03-27T21:51:57.637+0000] {logging_mixin.py:137} INFO - [2023-03-27T21:51:57.637+0000] {dag.py:3444} INFO - Setting next_dagrun for example_task_group to 2023-03-26T21:51:57.636057+00:00, run_after=2023-03-27T21:51:57.636057+00:00
[2023-03-27T21:52:01.385+0000] {processor.py:175} INFO - Processing /home/airflow/.local/lib/python3.7/site-packages/airflow/example_dags/example_task_group.py took 8.587 seconds
[2023-03-27T21:53:12.619+0000] {processor.py:153} INFO - Started process (PID=1111) to work on /home/airflow/.local/lib/python3.7/site-packages/airflow/example_dags/example_task_group.py
[2023-03-27T21:53:12.647+0000] {processor.py:743} INFO - Processing file /home/airflow/.local/lib/python3.7/site-packages/airflow/example_dags/example_task_group.py for tasks to queue
[2023-03-27T21:53:12.666+0000] {logging_mixin.py:137} INFO - [2023-03-27T21:53:12.665+0000] {dagbag.py:532} INFO - Filling up the DagBag from /home/airflow/.local/lib/python3.7/site-packages/airflow/example_dags/example_task_group.py
[2023-03-27T21:53:12.836+0000] {processor.py:753} INFO - DAG(s) dict_keys(['example_task_group']) retrieved from /home/airflow/.local/lib/python3.7/site-packages/airflow/example_dags/example_task_group.py
[2023-03-27T21:53:13.452+0000] {logging_mixin.py:137} INFO - [2023-03-27T21:53:13.451+0000] {dag.py:2693} INFO - Sync 1 DAGs
[2023-03-27T21:53:14.364+0000] {logging_mixin.py:137} INFO - [2023-03-27T21:53:14.363+0000] {dag.py:3444} INFO - Setting next_dagrun for example_task_group to 2023-03-26T21:53:14.363357+00:00, run_after=2023-03-27T21:53:14.363357+00:00
[2023-03-27T21:53:14.957+0000] {processor.py:175} INFO - Processing /home/airflow/.local/lib/python3.7/site-packages/airflow/example_dags/example_task_group.py took 2.394 seconds
[2023-03-27T22:24:54.056+0000] {processor.py:153} INFO - Started process (PID=1172) to work on /home/airflow/.local/lib/python3.7/site-packages/airflow/example_dags/example_task_group.py
[2023-03-27T22:24:54.072+0000] {processor.py:743} INFO - Processing file /home/airflow/.local/lib/python3.7/site-packages/airflow/example_dags/example_task_group.py for tasks to queue
[2023-03-27T22:24:54.078+0000] {logging_mixin.py:137} INFO - [2023-03-27T22:24:54.077+0000] {dagbag.py:532} INFO - Filling up the DagBag from /home/airflow/.local/lib/python3.7/site-packages/airflow/example_dags/example_task_group.py
[2023-03-27T22:24:54.270+0000] {processor.py:753} INFO - DAG(s) dict_keys(['example_task_group']) retrieved from /home/airflow/.local/lib/python3.7/site-packages/airflow/example_dags/example_task_group.py
[2023-03-27T22:24:54.594+0000] {logging_mixin.py:137} INFO - [2023-03-27T22:24:54.593+0000] {dag.py:2693} INFO - Sync 1 DAGs
[2023-03-27T22:24:54.979+0000] {logging_mixin.py:137} INFO - [2023-03-27T22:24:54.978+0000] {dag.py:3444} INFO - Setting next_dagrun for example_task_group to 2023-03-26T22:24:54.971992+00:00, run_after=2023-03-27T22:24:54.971992+00:00
[2023-03-27T22:24:55.310+0000] {processor.py:175} INFO - Processing /home/airflow/.local/lib/python3.7/site-packages/airflow/example_dags/example_task_group.py took 1.293 seconds
[2023-03-27T22:25:50.763+0000] {processor.py:153} INFO - Started process (PID=1228) to work on /home/airflow/.local/lib/python3.7/site-packages/airflow/example_dags/example_task_group.py
[2023-03-27T22:25:50.787+0000] {processor.py:743} INFO - Processing file /home/airflow/.local/lib/python3.7/site-packages/airflow/example_dags/example_task_group.py for tasks to queue
[2023-03-27T22:25:50.816+0000] {logging_mixin.py:137} INFO - [2023-03-27T22:25:50.816+0000] {dagbag.py:532} INFO - Filling up the DagBag from /home/airflow/.local/lib/python3.7/site-packages/airflow/example_dags/example_task_group.py
[2023-03-27T22:25:51.685+0000] {processor.py:753} INFO - DAG(s) dict_keys(['example_task_group']) retrieved from /home/airflow/.local/lib/python3.7/site-packages/airflow/example_dags/example_task_group.py
[2023-03-27T22:25:52.208+0000] {logging_mixin.py:137} INFO - [2023-03-27T22:25:52.207+0000] {dag.py:2693} INFO - Sync 1 DAGs
[2023-03-27T22:25:52.581+0000] {logging_mixin.py:137} INFO - [2023-03-27T22:25:52.580+0000] {dag.py:3444} INFO - Setting next_dagrun for example_task_group to 2023-03-26T22:25:52.573049+00:00, run_after=2023-03-27T22:25:52.573049+00:00
[2023-03-27T22:25:52.968+0000] {processor.py:175} INFO - Processing /home/airflow/.local/lib/python3.7/site-packages/airflow/example_dags/example_task_group.py took 2.227 seconds
[2023-03-27T22:27:15.757+0000] {processor.py:153} INFO - Started process (PID=1296) to work on /home/airflow/.local/lib/python3.7/site-packages/airflow/example_dags/example_task_group.py
[2023-03-27T22:27:15.788+0000] {processor.py:743} INFO - Processing file /home/airflow/.local/lib/python3.7/site-packages/airflow/example_dags/example_task_group.py for tasks to queue
[2023-03-27T22:27:15.842+0000] {logging_mixin.py:137} INFO - [2023-03-27T22:27:15.842+0000] {dagbag.py:532} INFO - Filling up the DagBag from /home/airflow/.local/lib/python3.7/site-packages/airflow/example_dags/example_task_group.py
[2023-03-27T22:27:16.067+0000] {processor.py:753} INFO - DAG(s) dict_keys(['example_task_group']) retrieved from /home/airflow/.local/lib/python3.7/site-packages/airflow/example_dags/example_task_group.py
[2023-03-27T22:27:16.515+0000] {logging_mixin.py:137} INFO - [2023-03-27T22:27:16.514+0000] {dag.py:2693} INFO - Sync 1 DAGs
[2023-03-27T22:27:17.157+0000] {logging_mixin.py:137} INFO - [2023-03-27T22:27:17.154+0000] {dag.py:3444} INFO - Setting next_dagrun for example_task_group to 2023-03-26T22:27:17.110373+00:00, run_after=2023-03-27T22:27:17.110373+00:00
[2023-03-27T22:27:17.779+0000] {processor.py:175} INFO - Processing /home/airflow/.local/lib/python3.7/site-packages/airflow/example_dags/example_task_group.py took 2.068 seconds
[2023-03-27T22:28:12.760+0000] {processor.py:153} INFO - Started process (PID=1336) to work on /home/airflow/.local/lib/python3.7/site-packages/airflow/example_dags/example_task_group.py
[2023-03-27T22:28:12.772+0000] {processor.py:743} INFO - Processing file /home/airflow/.local/lib/python3.7/site-packages/airflow/example_dags/example_task_group.py for tasks to queue
[2023-03-27T22:28:12.787+0000] {logging_mixin.py:137} INFO - [2023-03-27T22:28:12.784+0000] {dagbag.py:532} INFO - Filling up the DagBag from /home/airflow/.local/lib/python3.7/site-packages/airflow/example_dags/example_task_group.py
[2023-03-27T22:28:13.116+0000] {processor.py:753} INFO - DAG(s) dict_keys(['example_task_group']) retrieved from /home/airflow/.local/lib/python3.7/site-packages/airflow/example_dags/example_task_group.py
[2023-03-27T22:28:13.398+0000] {logging_mixin.py:137} INFO - [2023-03-27T22:28:13.397+0000] {dag.py:2693} INFO - Sync 1 DAGs
[2023-03-27T22:28:13.837+0000] {logging_mixin.py:137} INFO - [2023-03-27T22:28:13.834+0000] {dag.py:3444} INFO - Setting next_dagrun for example_task_group to 2023-03-26T22:28:13.823609+00:00, run_after=2023-03-27T22:28:13.823609+00:00
[2023-03-27T22:28:14.478+0000] {processor.py:175} INFO - Processing /home/airflow/.local/lib/python3.7/site-packages/airflow/example_dags/example_task_group.py took 1.827 seconds
[2023-03-27T22:29:58.866+0000] {processor.py:153} INFO - Started process (PID=1415) to work on /home/airflow/.local/lib/python3.7/site-packages/airflow/example_dags/example_task_group.py
[2023-03-27T22:29:58.900+0000] {processor.py:743} INFO - Processing file /home/airflow/.local/lib/python3.7/site-packages/airflow/example_dags/example_task_group.py for tasks to queue
[2023-03-27T22:29:58.920+0000] {logging_mixin.py:137} INFO - [2023-03-27T22:29:58.919+0000] {dagbag.py:532} INFO - Filling up the DagBag from /home/airflow/.local/lib/python3.7/site-packages/airflow/example_dags/example_task_group.py
[2023-03-27T22:29:59.521+0000] {processor.py:753} INFO - DAG(s) dict_keys(['example_task_group']) retrieved from /home/airflow/.local/lib/python3.7/site-packages/airflow/example_dags/example_task_group.py
[2023-03-27T22:29:59.963+0000] {logging_mixin.py:137} INFO - [2023-03-27T22:29:59.963+0000] {dag.py:2693} INFO - Sync 1 DAGs
[2023-03-27T22:30:00.840+0000] {logging_mixin.py:137} INFO - [2023-03-27T22:30:00.839+0000] {dag.py:3444} INFO - Setting next_dagrun for example_task_group to 2023-03-26T22:30:00.795352+00:00, run_after=2023-03-27T22:30:00.795352+00:00
[2023-03-27T22:30:01.355+0000] {processor.py:175} INFO - Processing /home/airflow/.local/lib/python3.7/site-packages/airflow/example_dags/example_task_group.py took 2.513 seconds
[2023-03-27T22:34:02.973+0000] {processor.py:153} INFO - Started process (PID=1492) to work on /home/airflow/.local/lib/python3.7/site-packages/airflow/example_dags/example_task_group.py
[2023-03-27T22:34:02.997+0000] {processor.py:743} INFO - Processing file /home/airflow/.local/lib/python3.7/site-packages/airflow/example_dags/example_task_group.py for tasks to queue
[2023-03-27T22:34:03.029+0000] {logging_mixin.py:137} INFO - [2023-03-27T22:34:03.015+0000] {dagbag.py:532} INFO - Filling up the DagBag from /home/airflow/.local/lib/python3.7/site-packages/airflow/example_dags/example_task_group.py
[2023-03-27T22:34:03.756+0000] {processor.py:753} INFO - DAG(s) dict_keys(['example_task_group']) retrieved from /home/airflow/.local/lib/python3.7/site-packages/airflow/example_dags/example_task_group.py
[2023-03-27T22:34:05.961+0000] {logging_mixin.py:137} INFO - [2023-03-27T22:34:05.960+0000] {dag.py:2693} INFO - Sync 1 DAGs
[2023-03-27T22:34:07.948+0000] {logging_mixin.py:137} INFO - [2023-03-27T22:34:07.948+0000] {dag.py:3444} INFO - Setting next_dagrun for example_task_group to 2023-03-26T22:34:07.946894+00:00, run_after=2023-03-27T22:34:07.946894+00:00
[2023-03-27T22:34:08.375+0000] {processor.py:175} INFO - Processing /home/airflow/.local/lib/python3.7/site-packages/airflow/example_dags/example_task_group.py took 5.492 seconds
[2023-03-27T23:09:14.630+0000] {processor.py:153} INFO - Started process (PID=62) to work on /home/airflow/.local/lib/python3.7/site-packages/airflow/example_dags/example_task_group.py
[2023-03-27T23:09:14.653+0000] {processor.py:743} INFO - Processing file /home/airflow/.local/lib/python3.7/site-packages/airflow/example_dags/example_task_group.py for tasks to queue
[2023-03-27T23:09:14.665+0000] {logging_mixin.py:137} INFO - [2023-03-27T23:09:14.664+0000] {dagbag.py:532} INFO - Filling up the DagBag from /home/airflow/.local/lib/python3.7/site-packages/airflow/example_dags/example_task_group.py
[2023-03-27T23:09:15.522+0000] {processor.py:753} INFO - DAG(s) dict_keys(['example_task_group']) retrieved from /home/airflow/.local/lib/python3.7/site-packages/airflow/example_dags/example_task_group.py
[2023-03-27T23:09:16.044+0000] {logging_mixin.py:137} INFO - [2023-03-27T23:09:16.043+0000] {dag.py:2693} INFO - Sync 1 DAGs
[2023-03-27T23:09:16.505+0000] {logging_mixin.py:137} INFO - [2023-03-27T23:09:16.505+0000] {dag.py:3444} INFO - Setting next_dagrun for example_task_group to 2023-03-26T23:09:16.504671+00:00, run_after=2023-03-27T23:09:16.504671+00:00
[2023-03-27T23:09:17.256+0000] {processor.py:175} INFO - Processing /home/airflow/.local/lib/python3.7/site-packages/airflow/example_dags/example_task_group.py took 2.746 seconds
[2023-03-27T23:10:17.927+0000] {processor.py:153} INFO - Started process (PID=118) to work on /home/airflow/.local/lib/python3.7/site-packages/airflow/example_dags/example_task_group.py
[2023-03-27T23:10:17.940+0000] {processor.py:743} INFO - Processing file /home/airflow/.local/lib/python3.7/site-packages/airflow/example_dags/example_task_group.py for tasks to queue
[2023-03-27T23:10:17.942+0000] {logging_mixin.py:137} INFO - [2023-03-27T23:10:17.942+0000] {dagbag.py:532} INFO - Filling up the DagBag from /home/airflow/.local/lib/python3.7/site-packages/airflow/example_dags/example_task_group.py
[2023-03-27T23:10:18.135+0000] {processor.py:753} INFO - DAG(s) dict_keys(['example_task_group']) retrieved from /home/airflow/.local/lib/python3.7/site-packages/airflow/example_dags/example_task_group.py
[2023-03-27T23:10:18.322+0000] {logging_mixin.py:137} INFO - [2023-03-27T23:10:18.322+0000] {dag.py:2693} INFO - Sync 1 DAGs
[2023-03-27T23:10:18.548+0000] {logging_mixin.py:137} INFO - [2023-03-27T23:10:18.548+0000] {dag.py:3444} INFO - Setting next_dagrun for example_task_group to 2023-03-26T23:10:18.544173+00:00, run_after=2023-03-27T23:10:18.544173+00:00
[2023-03-27T23:10:18.829+0000] {processor.py:175} INFO - Processing /home/airflow/.local/lib/python3.7/site-packages/airflow/example_dags/example_task_group.py took 0.932 seconds
[2023-03-27T23:10:56.605+0000] {processor.py:153} INFO - Started process (PID=167) to work on /home/airflow/.local/lib/python3.7/site-packages/airflow/example_dags/example_task_group.py
[2023-03-27T23:10:56.611+0000] {processor.py:743} INFO - Processing file /home/airflow/.local/lib/python3.7/site-packages/airflow/example_dags/example_task_group.py for tasks to queue
[2023-03-27T23:10:56.615+0000] {logging_mixin.py:137} INFO - [2023-03-27T23:10:56.614+0000] {dagbag.py:532} INFO - Filling up the DagBag from /home/airflow/.local/lib/python3.7/site-packages/airflow/example_dags/example_task_group.py
[2023-03-27T23:10:56.703+0000] {processor.py:753} INFO - DAG(s) dict_keys(['example_task_group']) retrieved from /home/airflow/.local/lib/python3.7/site-packages/airflow/example_dags/example_task_group.py
[2023-03-27T23:10:56.796+0000] {logging_mixin.py:137} INFO - [2023-03-27T23:10:56.796+0000] {dag.py:2693} INFO - Sync 1 DAGs
[2023-03-27T23:10:56.861+0000] {logging_mixin.py:137} INFO - [2023-03-27T23:10:56.861+0000] {dag.py:3444} INFO - Setting next_dagrun for example_task_group to 2023-03-26T23:10:56.860706+00:00, run_after=2023-03-27T23:10:56.860706+00:00
[2023-03-27T23:10:56.912+0000] {processor.py:175} INFO - Processing /home/airflow/.local/lib/python3.7/site-packages/airflow/example_dags/example_task_group.py took 0.322 seconds
[2023-03-27T23:11:27.369+0000] {processor.py:153} INFO - Started process (PID=216) to work on /home/airflow/.local/lib/python3.7/site-packages/airflow/example_dags/example_task_group.py
[2023-03-27T23:11:27.373+0000] {processor.py:743} INFO - Processing file /home/airflow/.local/lib/python3.7/site-packages/airflow/example_dags/example_task_group.py for tasks to queue
[2023-03-27T23:11:27.375+0000] {logging_mixin.py:137} INFO - [2023-03-27T23:11:27.375+0000] {dagbag.py:532} INFO - Filling up the DagBag from /home/airflow/.local/lib/python3.7/site-packages/airflow/example_dags/example_task_group.py
[2023-03-27T23:11:27.412+0000] {processor.py:753} INFO - DAG(s) dict_keys(['example_task_group']) retrieved from /home/airflow/.local/lib/python3.7/site-packages/airflow/example_dags/example_task_group.py
[2023-03-27T23:11:27.479+0000] {logging_mixin.py:137} INFO - [2023-03-27T23:11:27.479+0000] {dag.py:2693} INFO - Sync 1 DAGs
[2023-03-27T23:11:27.548+0000] {logging_mixin.py:137} INFO - [2023-03-27T23:11:27.548+0000] {dag.py:3444} INFO - Setting next_dagrun for example_task_group to 2023-03-26T23:11:27.548105+00:00, run_after=2023-03-27T23:11:27.548105+00:00
[2023-03-27T23:11:27.599+0000] {processor.py:175} INFO - Processing /home/airflow/.local/lib/python3.7/site-packages/airflow/example_dags/example_task_group.py took 0.238 seconds
[2023-03-27T23:12:12.570+0000] {processor.py:153} INFO - Started process (PID=268) to work on /home/airflow/.local/lib/python3.7/site-packages/airflow/example_dags/example_task_group.py
[2023-03-27T23:12:12.574+0000] {processor.py:743} INFO - Processing file /home/airflow/.local/lib/python3.7/site-packages/airflow/example_dags/example_task_group.py for tasks to queue
[2023-03-27T23:12:12.578+0000] {logging_mixin.py:137} INFO - [2023-03-27T23:12:12.577+0000] {dagbag.py:532} INFO - Filling up the DagBag from /home/airflow/.local/lib/python3.7/site-packages/airflow/example_dags/example_task_group.py
[2023-03-27T23:12:12.628+0000] {processor.py:753} INFO - DAG(s) dict_keys(['example_task_group']) retrieved from /home/airflow/.local/lib/python3.7/site-packages/airflow/example_dags/example_task_group.py
[2023-03-27T23:12:12.699+0000] {logging_mixin.py:137} INFO - [2023-03-27T23:12:12.698+0000] {dag.py:2693} INFO - Sync 1 DAGs
[2023-03-27T23:12:12.779+0000] {logging_mixin.py:137} INFO - [2023-03-27T23:12:12.778+0000] {dag.py:3444} INFO - Setting next_dagrun for example_task_group to 2023-03-26T23:12:12.778095+00:00, run_after=2023-03-27T23:12:12.778095+00:00
[2023-03-27T23:12:12.829+0000] {processor.py:175} INFO - Processing /home/airflow/.local/lib/python3.7/site-packages/airflow/example_dags/example_task_group.py took 0.276 seconds
[2023-03-27T23:12:43.109+0000] {processor.py:153} INFO - Started process (PID=316) to work on /home/airflow/.local/lib/python3.7/site-packages/airflow/example_dags/example_task_group.py
[2023-03-27T23:12:43.115+0000] {processor.py:743} INFO - Processing file /home/airflow/.local/lib/python3.7/site-packages/airflow/example_dags/example_task_group.py for tasks to queue
[2023-03-27T23:12:43.121+0000] {logging_mixin.py:137} INFO - [2023-03-27T23:12:43.120+0000] {dagbag.py:532} INFO - Filling up the DagBag from /home/airflow/.local/lib/python3.7/site-packages/airflow/example_dags/example_task_group.py
[2023-03-27T23:12:43.163+0000] {processor.py:753} INFO - DAG(s) dict_keys(['example_task_group']) retrieved from /home/airflow/.local/lib/python3.7/site-packages/airflow/example_dags/example_task_group.py
[2023-03-27T23:12:43.248+0000] {logging_mixin.py:137} INFO - [2023-03-27T23:12:43.248+0000] {dag.py:2693} INFO - Sync 1 DAGs
[2023-03-27T23:12:43.331+0000] {logging_mixin.py:137} INFO - [2023-03-27T23:12:43.331+0000] {dag.py:3444} INFO - Setting next_dagrun for example_task_group to 2023-03-26T23:12:43.330435+00:00, run_after=2023-03-27T23:12:43.330435+00:00
[2023-03-27T23:12:43.402+0000] {processor.py:175} INFO - Processing /home/airflow/.local/lib/python3.7/site-packages/airflow/example_dags/example_task_group.py took 0.308 seconds
[2023-03-27T23:13:14.867+0000] {processor.py:153} INFO - Started process (PID=365) to work on /home/airflow/.local/lib/python3.7/site-packages/airflow/example_dags/example_task_group.py
[2023-03-27T23:13:14.875+0000] {processor.py:743} INFO - Processing file /home/airflow/.local/lib/python3.7/site-packages/airflow/example_dags/example_task_group.py for tasks to queue
[2023-03-27T23:13:14.897+0000] {logging_mixin.py:137} INFO - [2023-03-27T23:13:14.883+0000] {dagbag.py:532} INFO - Filling up the DagBag from /home/airflow/.local/lib/python3.7/site-packages/airflow/example_dags/example_task_group.py
[2023-03-27T23:13:15.163+0000] {processor.py:753} INFO - DAG(s) dict_keys(['example_task_group']) retrieved from /home/airflow/.local/lib/python3.7/site-packages/airflow/example_dags/example_task_group.py
[2023-03-27T23:13:15.779+0000] {logging_mixin.py:137} INFO - [2023-03-27T23:13:15.778+0000] {dag.py:2693} INFO - Sync 1 DAGs
[2023-03-27T23:13:17.534+0000] {logging_mixin.py:137} INFO - [2023-03-27T23:13:17.533+0000] {dag.py:3444} INFO - Setting next_dagrun for example_task_group to 2023-03-26T23:13:17.531659+00:00, run_after=2023-03-27T23:13:17.531659+00:00
[2023-03-27T23:13:17.685+0000] {processor.py:175} INFO - Processing /home/airflow/.local/lib/python3.7/site-packages/airflow/example_dags/example_task_group.py took 2.875 seconds
[2023-03-27T23:13:48.006+0000] {processor.py:153} INFO - Started process (PID=420) to work on /home/airflow/.local/lib/python3.7/site-packages/airflow/example_dags/example_task_group.py
[2023-03-27T23:13:48.010+0000] {processor.py:743} INFO - Processing file /home/airflow/.local/lib/python3.7/site-packages/airflow/example_dags/example_task_group.py for tasks to queue
[2023-03-27T23:13:48.012+0000] {logging_mixin.py:137} INFO - [2023-03-27T23:13:48.012+0000] {dagbag.py:532} INFO - Filling up the DagBag from /home/airflow/.local/lib/python3.7/site-packages/airflow/example_dags/example_task_group.py
[2023-03-27T23:13:48.047+0000] {processor.py:753} INFO - DAG(s) dict_keys(['example_task_group']) retrieved from /home/airflow/.local/lib/python3.7/site-packages/airflow/example_dags/example_task_group.py
[2023-03-27T23:13:48.118+0000] {logging_mixin.py:137} INFO - [2023-03-27T23:13:48.118+0000] {dag.py:2693} INFO - Sync 1 DAGs
[2023-03-27T23:13:48.188+0000] {logging_mixin.py:137} INFO - [2023-03-27T23:13:48.188+0000] {dag.py:3444} INFO - Setting next_dagrun for example_task_group to 2023-03-26T23:13:48.188284+00:00, run_after=2023-03-27T23:13:48.188284+00:00
[2023-03-27T23:13:48.239+0000] {processor.py:175} INFO - Processing /home/airflow/.local/lib/python3.7/site-packages/airflow/example_dags/example_task_group.py took 0.240 seconds
[2023-03-27T23:14:19.088+0000] {processor.py:153} INFO - Started process (PID=469) to work on /home/airflow/.local/lib/python3.7/site-packages/airflow/example_dags/example_task_group.py
[2023-03-27T23:14:19.092+0000] {processor.py:743} INFO - Processing file /home/airflow/.local/lib/python3.7/site-packages/airflow/example_dags/example_task_group.py for tasks to queue
[2023-03-27T23:14:19.097+0000] {logging_mixin.py:137} INFO - [2023-03-27T23:14:19.096+0000] {dagbag.py:532} INFO - Filling up the DagBag from /home/airflow/.local/lib/python3.7/site-packages/airflow/example_dags/example_task_group.py
[2023-03-27T23:14:19.132+0000] {processor.py:753} INFO - DAG(s) dict_keys(['example_task_group']) retrieved from /home/airflow/.local/lib/python3.7/site-packages/airflow/example_dags/example_task_group.py
[2023-03-27T23:14:19.186+0000] {logging_mixin.py:137} INFO - [2023-03-27T23:14:19.186+0000] {dag.py:2693} INFO - Sync 1 DAGs
[2023-03-27T23:14:19.235+0000] {logging_mixin.py:137} INFO - [2023-03-27T23:14:19.234+0000] {dag.py:3444} INFO - Setting next_dagrun for example_task_group to 2023-03-26T23:14:19.234511+00:00, run_after=2023-03-27T23:14:19.234511+00:00
[2023-03-27T23:14:19.279+0000] {processor.py:175} INFO - Processing /home/airflow/.local/lib/python3.7/site-packages/airflow/example_dags/example_task_group.py took 0.197 seconds
[2023-03-27T23:14:50.014+0000] {processor.py:153} INFO - Started process (PID=518) to work on /home/airflow/.local/lib/python3.7/site-packages/airflow/example_dags/example_task_group.py
[2023-03-27T23:14:50.020+0000] {processor.py:743} INFO - Processing file /home/airflow/.local/lib/python3.7/site-packages/airflow/example_dags/example_task_group.py for tasks to queue
[2023-03-27T23:14:50.024+0000] {logging_mixin.py:137} INFO - [2023-03-27T23:14:50.023+0000] {dagbag.py:532} INFO - Filling up the DagBag from /home/airflow/.local/lib/python3.7/site-packages/airflow/example_dags/example_task_group.py
[2023-03-27T23:14:50.061+0000] {processor.py:753} INFO - DAG(s) dict_keys(['example_task_group']) retrieved from /home/airflow/.local/lib/python3.7/site-packages/airflow/example_dags/example_task_group.py
[2023-03-27T23:14:50.110+0000] {logging_mixin.py:137} INFO - [2023-03-27T23:14:50.110+0000] {dag.py:2693} INFO - Sync 1 DAGs
[2023-03-27T23:14:50.160+0000] {logging_mixin.py:137} INFO - [2023-03-27T23:14:50.160+0000] {dag.py:3444} INFO - Setting next_dagrun for example_task_group to 2023-03-26T23:14:50.159882+00:00, run_after=2023-03-27T23:14:50.159882+00:00
[2023-03-27T23:14:50.212+0000] {processor.py:175} INFO - Processing /home/airflow/.local/lib/python3.7/site-packages/airflow/example_dags/example_task_group.py took 0.207 seconds
[2023-03-27T23:15:20.293+0000] {processor.py:153} INFO - Started process (PID=567) to work on /home/airflow/.local/lib/python3.7/site-packages/airflow/example_dags/example_task_group.py
[2023-03-27T23:15:20.296+0000] {processor.py:743} INFO - Processing file /home/airflow/.local/lib/python3.7/site-packages/airflow/example_dags/example_task_group.py for tasks to queue
[2023-03-27T23:15:20.299+0000] {logging_mixin.py:137} INFO - [2023-03-27T23:15:20.299+0000] {dagbag.py:532} INFO - Filling up the DagBag from /home/airflow/.local/lib/python3.7/site-packages/airflow/example_dags/example_task_group.py
[2023-03-27T23:15:20.329+0000] {processor.py:753} INFO - DAG(s) dict_keys(['example_task_group']) retrieved from /home/airflow/.local/lib/python3.7/site-packages/airflow/example_dags/example_task_group.py
[2023-03-27T23:15:20.385+0000] {logging_mixin.py:137} INFO - [2023-03-27T23:15:20.385+0000] {dag.py:2693} INFO - Sync 1 DAGs
[2023-03-27T23:15:20.434+0000] {logging_mixin.py:137} INFO - [2023-03-27T23:15:20.434+0000] {dag.py:3444} INFO - Setting next_dagrun for example_task_group to 2023-03-26T23:15:20.433563+00:00, run_after=2023-03-27T23:15:20.433563+00:00
[2023-03-27T23:15:20.478+0000] {processor.py:175} INFO - Processing /home/airflow/.local/lib/python3.7/site-packages/airflow/example_dags/example_task_group.py took 0.194 seconds
[2023-03-27T23:15:50.698+0000] {processor.py:153} INFO - Started process (PID=615) to work on /home/airflow/.local/lib/python3.7/site-packages/airflow/example_dags/example_task_group.py
[2023-03-27T23:15:50.702+0000] {processor.py:743} INFO - Processing file /home/airflow/.local/lib/python3.7/site-packages/airflow/example_dags/example_task_group.py for tasks to queue
[2023-03-27T23:15:50.705+0000] {logging_mixin.py:137} INFO - [2023-03-27T23:15:50.704+0000] {dagbag.py:532} INFO - Filling up the DagBag from /home/airflow/.local/lib/python3.7/site-packages/airflow/example_dags/example_task_group.py
[2023-03-27T23:15:50.735+0000] {processor.py:753} INFO - DAG(s) dict_keys(['example_task_group']) retrieved from /home/airflow/.local/lib/python3.7/site-packages/airflow/example_dags/example_task_group.py
[2023-03-27T23:15:50.791+0000] {logging_mixin.py:137} INFO - [2023-03-27T23:15:50.790+0000] {dag.py:2693} INFO - Sync 1 DAGs
[2023-03-27T23:15:50.854+0000] {logging_mixin.py:137} INFO - [2023-03-27T23:15:50.853+0000] {dag.py:3444} INFO - Setting next_dagrun for example_task_group to 2023-03-26T23:15:50.853354+00:00, run_after=2023-03-27T23:15:50.853354+00:00
[2023-03-27T23:15:50.896+0000] {processor.py:175} INFO - Processing /home/airflow/.local/lib/python3.7/site-packages/airflow/example_dags/example_task_group.py took 0.205 seconds
[2023-03-27T23:16:21.274+0000] {processor.py:153} INFO - Started process (PID=664) to work on /home/airflow/.local/lib/python3.7/site-packages/airflow/example_dags/example_task_group.py
[2023-03-27T23:16:21.283+0000] {processor.py:743} INFO - Processing file /home/airflow/.local/lib/python3.7/site-packages/airflow/example_dags/example_task_group.py for tasks to queue
[2023-03-27T23:16:21.309+0000] {logging_mixin.py:137} INFO - [2023-03-27T23:16:21.308+0000] {dagbag.py:532} INFO - Filling up the DagBag from /home/airflow/.local/lib/python3.7/site-packages/airflow/example_dags/example_task_group.py
[2023-03-27T23:16:21.461+0000] {processor.py:753} INFO - DAG(s) dict_keys(['example_task_group']) retrieved from /home/airflow/.local/lib/python3.7/site-packages/airflow/example_dags/example_task_group.py
[2023-03-27T23:16:21.628+0000] {logging_mixin.py:137} INFO - [2023-03-27T23:16:21.627+0000] {dag.py:2693} INFO - Sync 1 DAGs
[2023-03-27T23:16:21.796+0000] {logging_mixin.py:137} INFO - [2023-03-27T23:16:21.795+0000] {dag.py:3444} INFO - Setting next_dagrun for example_task_group to 2023-03-26T23:16:21.795364+00:00, run_after=2023-03-27T23:16:21.795364+00:00
[2023-03-27T23:16:21.844+0000] {processor.py:175} INFO - Processing /home/airflow/.local/lib/python3.7/site-packages/airflow/example_dags/example_task_group.py took 0.598 seconds
[2023-03-27T23:16:52.461+0000] {processor.py:153} INFO - Started process (PID=712) to work on /home/airflow/.local/lib/python3.7/site-packages/airflow/example_dags/example_task_group.py
[2023-03-27T23:16:52.465+0000] {processor.py:743} INFO - Processing file /home/airflow/.local/lib/python3.7/site-packages/airflow/example_dags/example_task_group.py for tasks to queue
[2023-03-27T23:16:52.468+0000] {logging_mixin.py:137} INFO - [2023-03-27T23:16:52.468+0000] {dagbag.py:532} INFO - Filling up the DagBag from /home/airflow/.local/lib/python3.7/site-packages/airflow/example_dags/example_task_group.py
[2023-03-27T23:16:52.502+0000] {processor.py:753} INFO - DAG(s) dict_keys(['example_task_group']) retrieved from /home/airflow/.local/lib/python3.7/site-packages/airflow/example_dags/example_task_group.py
[2023-03-27T23:16:52.556+0000] {logging_mixin.py:137} INFO - [2023-03-27T23:16:52.556+0000] {dag.py:2693} INFO - Sync 1 DAGs
[2023-03-27T23:16:52.608+0000] {logging_mixin.py:137} INFO - [2023-03-27T23:16:52.608+0000] {dag.py:3444} INFO - Setting next_dagrun for example_task_group to 2023-03-26T23:16:52.607754+00:00, run_after=2023-03-27T23:16:52.607754+00:00
[2023-03-27T23:16:52.645+0000] {processor.py:175} INFO - Processing /home/airflow/.local/lib/python3.7/site-packages/airflow/example_dags/example_task_group.py took 0.191 seconds
[2023-03-27T23:17:22.977+0000] {processor.py:153} INFO - Started process (PID=761) to work on /home/airflow/.local/lib/python3.7/site-packages/airflow/example_dags/example_task_group.py
[2023-03-27T23:17:22.984+0000] {processor.py:743} INFO - Processing file /home/airflow/.local/lib/python3.7/site-packages/airflow/example_dags/example_task_group.py for tasks to queue
[2023-03-27T23:17:22.988+0000] {logging_mixin.py:137} INFO - [2023-03-27T23:17:22.988+0000] {dagbag.py:532} INFO - Filling up the DagBag from /home/airflow/.local/lib/python3.7/site-packages/airflow/example_dags/example_task_group.py
[2023-03-27T23:17:23.029+0000] {processor.py:753} INFO - DAG(s) dict_keys(['example_task_group']) retrieved from /home/airflow/.local/lib/python3.7/site-packages/airflow/example_dags/example_task_group.py
[2023-03-27T23:17:23.085+0000] {logging_mixin.py:137} INFO - [2023-03-27T23:17:23.084+0000] {dag.py:2693} INFO - Sync 1 DAGs
[2023-03-27T23:17:23.146+0000] {logging_mixin.py:137} INFO - [2023-03-27T23:17:23.146+0000] {dag.py:3444} INFO - Setting next_dagrun for example_task_group to 2023-03-26T23:17:23.146131+00:00, run_after=2023-03-27T23:17:23.146131+00:00
[2023-03-27T23:17:23.193+0000] {processor.py:175} INFO - Processing /home/airflow/.local/lib/python3.7/site-packages/airflow/example_dags/example_task_group.py took 0.222 seconds
[2023-03-27T23:17:53.436+0000] {processor.py:153} INFO - Started process (PID=810) to work on /home/airflow/.local/lib/python3.7/site-packages/airflow/example_dags/example_task_group.py
[2023-03-27T23:17:53.438+0000] {processor.py:743} INFO - Processing file /home/airflow/.local/lib/python3.7/site-packages/airflow/example_dags/example_task_group.py for tasks to queue
[2023-03-27T23:17:53.441+0000] {logging_mixin.py:137} INFO - [2023-03-27T23:17:53.440+0000] {dagbag.py:532} INFO - Filling up the DagBag from /home/airflow/.local/lib/python3.7/site-packages/airflow/example_dags/example_task_group.py
[2023-03-27T23:17:53.473+0000] {processor.py:753} INFO - DAG(s) dict_keys(['example_task_group']) retrieved from /home/airflow/.local/lib/python3.7/site-packages/airflow/example_dags/example_task_group.py
[2023-03-27T23:17:53.528+0000] {logging_mixin.py:137} INFO - [2023-03-27T23:17:53.527+0000] {dag.py:2693} INFO - Sync 1 DAGs
[2023-03-27T23:17:53.578+0000] {logging_mixin.py:137} INFO - [2023-03-27T23:17:53.578+0000] {dag.py:3444} INFO - Setting next_dagrun for example_task_group to 2023-03-26T23:17:53.577708+00:00, run_after=2023-03-27T23:17:53.577708+00:00
[2023-03-27T23:17:53.622+0000] {processor.py:175} INFO - Processing /home/airflow/.local/lib/python3.7/site-packages/airflow/example_dags/example_task_group.py took 0.193 seconds
[2023-03-27T23:18:23.890+0000] {processor.py:153} INFO - Started process (PID=859) to work on /home/airflow/.local/lib/python3.7/site-packages/airflow/example_dags/example_task_group.py
[2023-03-27T23:18:23.893+0000] {processor.py:743} INFO - Processing file /home/airflow/.local/lib/python3.7/site-packages/airflow/example_dags/example_task_group.py for tasks to queue
[2023-03-27T23:18:23.896+0000] {logging_mixin.py:137} INFO - [2023-03-27T23:18:23.896+0000] {dagbag.py:532} INFO - Filling up the DagBag from /home/airflow/.local/lib/python3.7/site-packages/airflow/example_dags/example_task_group.py
[2023-03-27T23:18:23.929+0000] {processor.py:753} INFO - DAG(s) dict_keys(['example_task_group']) retrieved from /home/airflow/.local/lib/python3.7/site-packages/airflow/example_dags/example_task_group.py
[2023-03-27T23:18:23.990+0000] {logging_mixin.py:137} INFO - [2023-03-27T23:18:23.989+0000] {dag.py:2693} INFO - Sync 1 DAGs
[2023-03-27T23:18:24.042+0000] {logging_mixin.py:137} INFO - [2023-03-27T23:18:24.042+0000] {dag.py:3444} INFO - Setting next_dagrun for example_task_group to 2023-03-26T23:18:24.041430+00:00, run_after=2023-03-27T23:18:24.041430+00:00
[2023-03-27T23:18:24.085+0000] {processor.py:175} INFO - Processing /home/airflow/.local/lib/python3.7/site-packages/airflow/example_dags/example_task_group.py took 0.202 seconds
[2023-03-27T23:18:54.276+0000] {processor.py:153} INFO - Started process (PID=908) to work on /home/airflow/.local/lib/python3.7/site-packages/airflow/example_dags/example_task_group.py
[2023-03-27T23:18:54.280+0000] {processor.py:743} INFO - Processing file /home/airflow/.local/lib/python3.7/site-packages/airflow/example_dags/example_task_group.py for tasks to queue
[2023-03-27T23:18:54.283+0000] {logging_mixin.py:137} INFO - [2023-03-27T23:18:54.283+0000] {dagbag.py:532} INFO - Filling up the DagBag from /home/airflow/.local/lib/python3.7/site-packages/airflow/example_dags/example_task_group.py
[2023-03-27T23:18:54.315+0000] {processor.py:753} INFO - DAG(s) dict_keys(['example_task_group']) retrieved from /home/airflow/.local/lib/python3.7/site-packages/airflow/example_dags/example_task_group.py
[2023-03-27T23:18:54.367+0000] {logging_mixin.py:137} INFO - [2023-03-27T23:18:54.367+0000] {dag.py:2693} INFO - Sync 1 DAGs
[2023-03-27T23:18:54.446+0000] {logging_mixin.py:137} INFO - [2023-03-27T23:18:54.446+0000] {dag.py:3444} INFO - Setting next_dagrun for example_task_group to 2023-03-26T23:18:54.445660+00:00, run_after=2023-03-27T23:18:54.445660+00:00
[2023-03-27T23:18:54.518+0000] {processor.py:175} INFO - Processing /home/airflow/.local/lib/python3.7/site-packages/airflow/example_dags/example_task_group.py took 0.249 seconds
[2023-03-27T23:19:24.868+0000] {processor.py:153} INFO - Started process (PID=957) to work on /home/airflow/.local/lib/python3.7/site-packages/airflow/example_dags/example_task_group.py
[2023-03-27T23:19:24.871+0000] {processor.py:743} INFO - Processing file /home/airflow/.local/lib/python3.7/site-packages/airflow/example_dags/example_task_group.py for tasks to queue
[2023-03-27T23:19:24.874+0000] {logging_mixin.py:137} INFO - [2023-03-27T23:19:24.874+0000] {dagbag.py:532} INFO - Filling up the DagBag from /home/airflow/.local/lib/python3.7/site-packages/airflow/example_dags/example_task_group.py
[2023-03-27T23:19:24.904+0000] {processor.py:753} INFO - DAG(s) dict_keys(['example_task_group']) retrieved from /home/airflow/.local/lib/python3.7/site-packages/airflow/example_dags/example_task_group.py
[2023-03-27T23:19:24.958+0000] {logging_mixin.py:137} INFO - [2023-03-27T23:19:24.958+0000] {dag.py:2693} INFO - Sync 1 DAGs
[2023-03-27T23:19:25.009+0000] {logging_mixin.py:137} INFO - [2023-03-27T23:19:25.008+0000] {dag.py:3444} INFO - Setting next_dagrun for example_task_group to 2023-03-26T23:19:25.008416+00:00, run_after=2023-03-27T23:19:25.008416+00:00
[2023-03-27T23:19:25.050+0000] {processor.py:175} INFO - Processing /home/airflow/.local/lib/python3.7/site-packages/airflow/example_dags/example_task_group.py took 0.189 seconds
[2023-03-27T23:19:55.397+0000] {processor.py:153} INFO - Started process (PID=1006) to work on /home/airflow/.local/lib/python3.7/site-packages/airflow/example_dags/example_task_group.py
[2023-03-27T23:19:55.402+0000] {processor.py:743} INFO - Processing file /home/airflow/.local/lib/python3.7/site-packages/airflow/example_dags/example_task_group.py for tasks to queue
[2023-03-27T23:19:55.405+0000] {logging_mixin.py:137} INFO - [2023-03-27T23:19:55.405+0000] {dagbag.py:532} INFO - Filling up the DagBag from /home/airflow/.local/lib/python3.7/site-packages/airflow/example_dags/example_task_group.py
[2023-03-27T23:19:55.442+0000] {processor.py:753} INFO - DAG(s) dict_keys(['example_task_group']) retrieved from /home/airflow/.local/lib/python3.7/site-packages/airflow/example_dags/example_task_group.py
[2023-03-27T23:19:55.501+0000] {logging_mixin.py:137} INFO - [2023-03-27T23:19:55.501+0000] {dag.py:2693} INFO - Sync 1 DAGs
[2023-03-27T23:19:55.561+0000] {logging_mixin.py:137} INFO - [2023-03-27T23:19:55.561+0000] {dag.py:3444} INFO - Setting next_dagrun for example_task_group to 2023-03-26T23:19:55.560960+00:00, run_after=2023-03-27T23:19:55.560960+00:00
[2023-03-27T23:19:55.597+0000] {processor.py:175} INFO - Processing /home/airflow/.local/lib/python3.7/site-packages/airflow/example_dags/example_task_group.py took 0.210 seconds
[2023-03-27T23:20:25.829+0000] {processor.py:153} INFO - Started process (PID=1055) to work on /home/airflow/.local/lib/python3.7/site-packages/airflow/example_dags/example_task_group.py
[2023-03-27T23:20:25.833+0000] {processor.py:743} INFO - Processing file /home/airflow/.local/lib/python3.7/site-packages/airflow/example_dags/example_task_group.py for tasks to queue
[2023-03-27T23:20:25.836+0000] {logging_mixin.py:137} INFO - [2023-03-27T23:20:25.836+0000] {dagbag.py:532} INFO - Filling up the DagBag from /home/airflow/.local/lib/python3.7/site-packages/airflow/example_dags/example_task_group.py
[2023-03-27T23:20:25.866+0000] {processor.py:753} INFO - DAG(s) dict_keys(['example_task_group']) retrieved from /home/airflow/.local/lib/python3.7/site-packages/airflow/example_dags/example_task_group.py
[2023-03-27T23:20:25.916+0000] {logging_mixin.py:137} INFO - [2023-03-27T23:20:25.916+0000] {dag.py:2693} INFO - Sync 1 DAGs
[2023-03-27T23:20:25.971+0000] {logging_mixin.py:137} INFO - [2023-03-27T23:20:25.971+0000] {dag.py:3444} INFO - Setting next_dagrun for example_task_group to 2023-03-26T23:20:25.970568+00:00, run_after=2023-03-27T23:20:25.970568+00:00
[2023-03-27T23:20:26.016+0000] {processor.py:175} INFO - Processing /home/airflow/.local/lib/python3.7/site-packages/airflow/example_dags/example_task_group.py took 0.193 seconds
[2023-03-27T23:20:56.416+0000] {processor.py:153} INFO - Started process (PID=1104) to work on /home/airflow/.local/lib/python3.7/site-packages/airflow/example_dags/example_task_group.py
[2023-03-27T23:20:56.420+0000] {processor.py:743} INFO - Processing file /home/airflow/.local/lib/python3.7/site-packages/airflow/example_dags/example_task_group.py for tasks to queue
[2023-03-27T23:20:56.423+0000] {logging_mixin.py:137} INFO - [2023-03-27T23:20:56.422+0000] {dagbag.py:532} INFO - Filling up the DagBag from /home/airflow/.local/lib/python3.7/site-packages/airflow/example_dags/example_task_group.py
[2023-03-27T23:20:56.456+0000] {processor.py:753} INFO - DAG(s) dict_keys(['example_task_group']) retrieved from /home/airflow/.local/lib/python3.7/site-packages/airflow/example_dags/example_task_group.py
[2023-03-27T23:20:56.510+0000] {logging_mixin.py:137} INFO - [2023-03-27T23:20:56.510+0000] {dag.py:2693} INFO - Sync 1 DAGs
[2023-03-27T23:20:56.572+0000] {logging_mixin.py:137} INFO - [2023-03-27T23:20:56.572+0000] {dag.py:3444} INFO - Setting next_dagrun for example_task_group to 2023-03-26T23:20:56.571850+00:00, run_after=2023-03-27T23:20:56.571850+00:00
[2023-03-27T23:20:56.619+0000] {processor.py:175} INFO - Processing /home/airflow/.local/lib/python3.7/site-packages/airflow/example_dags/example_task_group.py took 0.210 seconds
[2023-03-27T23:21:27.327+0000] {processor.py:153} INFO - Started process (PID=1153) to work on /home/airflow/.local/lib/python3.7/site-packages/airflow/example_dags/example_task_group.py
[2023-03-27T23:21:27.333+0000] {processor.py:743} INFO - Processing file /home/airflow/.local/lib/python3.7/site-packages/airflow/example_dags/example_task_group.py for tasks to queue
[2023-03-27T23:21:27.337+0000] {logging_mixin.py:137} INFO - [2023-03-27T23:21:27.337+0000] {dagbag.py:532} INFO - Filling up the DagBag from /home/airflow/.local/lib/python3.7/site-packages/airflow/example_dags/example_task_group.py
[2023-03-27T23:21:27.391+0000] {processor.py:753} INFO - DAG(s) dict_keys(['example_task_group']) retrieved from /home/airflow/.local/lib/python3.7/site-packages/airflow/example_dags/example_task_group.py
[2023-03-27T23:21:27.515+0000] {logging_mixin.py:137} INFO - [2023-03-27T23:21:27.514+0000] {dag.py:2693} INFO - Sync 1 DAGs
[2023-03-27T23:21:27.571+0000] {logging_mixin.py:137} INFO - [2023-03-27T23:21:27.571+0000] {dag.py:3444} INFO - Setting next_dagrun for example_task_group to 2023-03-26T23:21:27.571312+00:00, run_after=2023-03-27T23:21:27.571312+00:00
[2023-03-27T23:21:27.622+0000] {processor.py:175} INFO - Processing /home/airflow/.local/lib/python3.7/site-packages/airflow/example_dags/example_task_group.py took 0.302 seconds
[2023-03-27T23:21:57.933+0000] {processor.py:153} INFO - Started process (PID=1203) to work on /home/airflow/.local/lib/python3.7/site-packages/airflow/example_dags/example_task_group.py
[2023-03-27T23:21:57.939+0000] {processor.py:743} INFO - Processing file /home/airflow/.local/lib/python3.7/site-packages/airflow/example_dags/example_task_group.py for tasks to queue
[2023-03-27T23:21:57.943+0000] {logging_mixin.py:137} INFO - [2023-03-27T23:21:57.942+0000] {dagbag.py:532} INFO - Filling up the DagBag from /home/airflow/.local/lib/python3.7/site-packages/airflow/example_dags/example_task_group.py
[2023-03-27T23:21:57.979+0000] {processor.py:753} INFO - DAG(s) dict_keys(['example_task_group']) retrieved from /home/airflow/.local/lib/python3.7/site-packages/airflow/example_dags/example_task_group.py
[2023-03-27T23:21:58.074+0000] {logging_mixin.py:137} INFO - [2023-03-27T23:21:58.074+0000] {dag.py:2693} INFO - Sync 1 DAGs
[2023-03-27T23:21:58.173+0000] {logging_mixin.py:137} INFO - [2023-03-27T23:21:58.172+0000] {dag.py:3444} INFO - Setting next_dagrun for example_task_group to 2023-03-26T23:21:58.171643+00:00, run_after=2023-03-27T23:21:58.171643+00:00
[2023-03-27T23:21:58.220+0000] {processor.py:175} INFO - Processing /home/airflow/.local/lib/python3.7/site-packages/airflow/example_dags/example_task_group.py took 0.296 seconds
[2023-03-27T23:22:28.390+0000] {processor.py:153} INFO - Started process (PID=1251) to work on /home/airflow/.local/lib/python3.7/site-packages/airflow/example_dags/example_task_group.py
[2023-03-27T23:22:28.394+0000] {processor.py:743} INFO - Processing file /home/airflow/.local/lib/python3.7/site-packages/airflow/example_dags/example_task_group.py for tasks to queue
[2023-03-27T23:22:28.398+0000] {logging_mixin.py:137} INFO - [2023-03-27T23:22:28.397+0000] {dagbag.py:532} INFO - Filling up the DagBag from /home/airflow/.local/lib/python3.7/site-packages/airflow/example_dags/example_task_group.py
[2023-03-27T23:22:28.432+0000] {processor.py:753} INFO - DAG(s) dict_keys(['example_task_group']) retrieved from /home/airflow/.local/lib/python3.7/site-packages/airflow/example_dags/example_task_group.py
[2023-03-27T23:22:28.483+0000] {logging_mixin.py:137} INFO - [2023-03-27T23:22:28.483+0000] {dag.py:2693} INFO - Sync 1 DAGs
[2023-03-27T23:22:28.537+0000] {logging_mixin.py:137} INFO - [2023-03-27T23:22:28.537+0000] {dag.py:3444} INFO - Setting next_dagrun for example_task_group to 2023-03-26T23:22:28.537264+00:00, run_after=2023-03-27T23:22:28.537264+00:00
[2023-03-27T23:22:28.581+0000] {processor.py:175} INFO - Processing /home/airflow/.local/lib/python3.7/site-packages/airflow/example_dags/example_task_group.py took 0.198 seconds
[2023-03-27T23:22:59.157+0000] {processor.py:153} INFO - Started process (PID=1300) to work on /home/airflow/.local/lib/python3.7/site-packages/airflow/example_dags/example_task_group.py
[2023-03-27T23:22:59.160+0000] {processor.py:743} INFO - Processing file /home/airflow/.local/lib/python3.7/site-packages/airflow/example_dags/example_task_group.py for tasks to queue
[2023-03-27T23:22:59.164+0000] {logging_mixin.py:137} INFO - [2023-03-27T23:22:59.163+0000] {dagbag.py:532} INFO - Filling up the DagBag from /home/airflow/.local/lib/python3.7/site-packages/airflow/example_dags/example_task_group.py
[2023-03-27T23:22:59.194+0000] {processor.py:753} INFO - DAG(s) dict_keys(['example_task_group']) retrieved from /home/airflow/.local/lib/python3.7/site-packages/airflow/example_dags/example_task_group.py
[2023-03-27T23:22:59.249+0000] {logging_mixin.py:137} INFO - [2023-03-27T23:22:59.249+0000] {dag.py:2693} INFO - Sync 1 DAGs
[2023-03-27T23:22:59.313+0000] {logging_mixin.py:137} INFO - [2023-03-27T23:22:59.313+0000] {dag.py:3444} INFO - Setting next_dagrun for example_task_group to 2023-03-26T23:22:59.312724+00:00, run_after=2023-03-27T23:22:59.312724+00:00
[2023-03-27T23:22:59.367+0000] {processor.py:175} INFO - Processing /home/airflow/.local/lib/python3.7/site-packages/airflow/example_dags/example_task_group.py took 0.216 seconds
[2023-03-27T23:23:29.819+0000] {processor.py:153} INFO - Started process (PID=1349) to work on /home/airflow/.local/lib/python3.7/site-packages/airflow/example_dags/example_task_group.py
[2023-03-27T23:23:29.822+0000] {processor.py:743} INFO - Processing file /home/airflow/.local/lib/python3.7/site-packages/airflow/example_dags/example_task_group.py for tasks to queue
[2023-03-27T23:23:29.824+0000] {logging_mixin.py:137} INFO - [2023-03-27T23:23:29.824+0000] {dagbag.py:532} INFO - Filling up the DagBag from /home/airflow/.local/lib/python3.7/site-packages/airflow/example_dags/example_task_group.py
[2023-03-27T23:23:29.857+0000] {processor.py:753} INFO - DAG(s) dict_keys(['example_task_group']) retrieved from /home/airflow/.local/lib/python3.7/site-packages/airflow/example_dags/example_task_group.py
[2023-03-27T23:23:29.916+0000] {logging_mixin.py:137} INFO - [2023-03-27T23:23:29.916+0000] {dag.py:2693} INFO - Sync 1 DAGs
[2023-03-27T23:23:29.963+0000] {logging_mixin.py:137} INFO - [2023-03-27T23:23:29.963+0000] {dag.py:3444} INFO - Setting next_dagrun for example_task_group to 2023-03-26T23:23:29.962859+00:00, run_after=2023-03-27T23:23:29.962859+00:00
[2023-03-27T23:23:30.004+0000] {processor.py:175} INFO - Processing /home/airflow/.local/lib/python3.7/site-packages/airflow/example_dags/example_task_group.py took 0.194 seconds
[2023-03-27T23:24:00.842+0000] {processor.py:153} INFO - Started process (PID=1398) to work on /home/airflow/.local/lib/python3.7/site-packages/airflow/example_dags/example_task_group.py
[2023-03-27T23:24:00.847+0000] {processor.py:743} INFO - Processing file /home/airflow/.local/lib/python3.7/site-packages/airflow/example_dags/example_task_group.py for tasks to queue
[2023-03-27T23:24:00.852+0000] {logging_mixin.py:137} INFO - [2023-03-27T23:24:00.852+0000] {dagbag.py:532} INFO - Filling up the DagBag from /home/airflow/.local/lib/python3.7/site-packages/airflow/example_dags/example_task_group.py
[2023-03-27T23:24:00.891+0000] {processor.py:753} INFO - DAG(s) dict_keys(['example_task_group']) retrieved from /home/airflow/.local/lib/python3.7/site-packages/airflow/example_dags/example_task_group.py
[2023-03-27T23:24:00.948+0000] {logging_mixin.py:137} INFO - [2023-03-27T23:24:00.948+0000] {dag.py:2693} INFO - Sync 1 DAGs
[2023-03-27T23:24:01.011+0000] {logging_mixin.py:137} INFO - [2023-03-27T23:24:01.011+0000] {dag.py:3444} INFO - Setting next_dagrun for example_task_group to 2023-03-26T23:24:01.010998+00:00, run_after=2023-03-27T23:24:01.010998+00:00
[2023-03-27T23:24:01.053+0000] {processor.py:175} INFO - Processing /home/airflow/.local/lib/python3.7/site-packages/airflow/example_dags/example_task_group.py took 0.221 seconds
[2023-03-27T23:24:31.410+0000] {processor.py:153} INFO - Started process (PID=1448) to work on /home/airflow/.local/lib/python3.7/site-packages/airflow/example_dags/example_task_group.py
[2023-03-27T23:24:31.415+0000] {processor.py:743} INFO - Processing file /home/airflow/.local/lib/python3.7/site-packages/airflow/example_dags/example_task_group.py for tasks to queue
[2023-03-27T23:24:31.418+0000] {logging_mixin.py:137} INFO - [2023-03-27T23:24:31.418+0000] {dagbag.py:532} INFO - Filling up the DagBag from /home/airflow/.local/lib/python3.7/site-packages/airflow/example_dags/example_task_group.py
[2023-03-27T23:24:31.456+0000] {processor.py:753} INFO - DAG(s) dict_keys(['example_task_group']) retrieved from /home/airflow/.local/lib/python3.7/site-packages/airflow/example_dags/example_task_group.py
[2023-03-27T23:24:31.506+0000] {logging_mixin.py:137} INFO - [2023-03-27T23:24:31.505+0000] {dag.py:2693} INFO - Sync 1 DAGs
[2023-03-27T23:24:31.557+0000] {logging_mixin.py:137} INFO - [2023-03-27T23:24:31.557+0000] {dag.py:3444} INFO - Setting next_dagrun for example_task_group to 2023-03-26T23:24:31.556899+00:00, run_after=2023-03-27T23:24:31.556899+00:00
[2023-03-27T23:24:31.619+0000] {processor.py:175} INFO - Processing /home/airflow/.local/lib/python3.7/site-packages/airflow/example_dags/example_task_group.py took 0.219 seconds
[2023-03-27T23:54:57.532+0000] {processor.py:153} INFO - Started process (PID=1497) to work on /home/airflow/.local/lib/python3.7/site-packages/airflow/example_dags/example_task_group.py
[2023-03-27T23:54:57.538+0000] {processor.py:743} INFO - Processing file /home/airflow/.local/lib/python3.7/site-packages/airflow/example_dags/example_task_group.py for tasks to queue
[2023-03-27T23:54:57.542+0000] {logging_mixin.py:137} INFO - [2023-03-27T23:54:57.541+0000] {dagbag.py:532} INFO - Filling up the DagBag from /home/airflow/.local/lib/python3.7/site-packages/airflow/example_dags/example_task_group.py
[2023-03-27T23:54:57.596+0000] {processor.py:753} INFO - DAG(s) dict_keys(['example_task_group']) retrieved from /home/airflow/.local/lib/python3.7/site-packages/airflow/example_dags/example_task_group.py
[2023-03-27T23:54:57.704+0000] {logging_mixin.py:137} INFO - [2023-03-27T23:54:57.703+0000] {dag.py:2693} INFO - Sync 1 DAGs
[2023-03-27T23:54:57.800+0000] {logging_mixin.py:137} INFO - [2023-03-27T23:54:57.800+0000] {dag.py:3444} INFO - Setting next_dagrun for example_task_group to 2023-03-26T23:54:57.799992+00:00, run_after=2023-03-27T23:54:57.799992+00:00
[2023-03-27T23:54:57.872+0000] {processor.py:175} INFO - Processing /home/airflow/.local/lib/python3.7/site-packages/airflow/example_dags/example_task_group.py took 0.358 seconds
[2023-03-27T23:55:28.493+0000] {processor.py:153} INFO - Started process (PID=1544) to work on /home/airflow/.local/lib/python3.7/site-packages/airflow/example_dags/example_task_group.py
[2023-03-27T23:55:28.500+0000] {processor.py:743} INFO - Processing file /home/airflow/.local/lib/python3.7/site-packages/airflow/example_dags/example_task_group.py for tasks to queue
[2023-03-27T23:55:28.508+0000] {logging_mixin.py:137} INFO - [2023-03-27T23:55:28.506+0000] {dagbag.py:532} INFO - Filling up the DagBag from /home/airflow/.local/lib/python3.7/site-packages/airflow/example_dags/example_task_group.py
[2023-03-27T23:55:28.679+0000] {processor.py:753} INFO - DAG(s) dict_keys(['example_task_group']) retrieved from /home/airflow/.local/lib/python3.7/site-packages/airflow/example_dags/example_task_group.py
[2023-03-27T23:55:28.843+0000] {logging_mixin.py:137} INFO - [2023-03-27T23:55:28.843+0000] {dag.py:2693} INFO - Sync 1 DAGs
[2023-03-27T23:55:28.976+0000] {logging_mixin.py:137} INFO - [2023-03-27T23:55:28.976+0000] {dag.py:3444} INFO - Setting next_dagrun for example_task_group to 2023-03-26T23:55:28.975816+00:00, run_after=2023-03-27T23:55:28.975816+00:00
[2023-03-27T23:55:29.016+0000] {processor.py:175} INFO - Processing /home/airflow/.local/lib/python3.7/site-packages/airflow/example_dags/example_task_group.py took 0.550 seconds
[2023-03-27T23:55:59.759+0000] {processor.py:153} INFO - Started process (PID=1593) to work on /home/airflow/.local/lib/python3.7/site-packages/airflow/example_dags/example_task_group.py
[2023-03-27T23:55:59.779+0000] {processor.py:743} INFO - Processing file /home/airflow/.local/lib/python3.7/site-packages/airflow/example_dags/example_task_group.py for tasks to queue
[2023-03-27T23:55:59.794+0000] {logging_mixin.py:137} INFO - [2023-03-27T23:55:59.788+0000] {dagbag.py:532} INFO - Filling up the DagBag from /home/airflow/.local/lib/python3.7/site-packages/airflow/example_dags/example_task_group.py
[2023-03-27T23:55:59.915+0000] {processor.py:753} INFO - DAG(s) dict_keys(['example_task_group']) retrieved from /home/airflow/.local/lib/python3.7/site-packages/airflow/example_dags/example_task_group.py
[2023-03-27T23:56:00.090+0000] {logging_mixin.py:137} INFO - [2023-03-27T23:56:00.089+0000] {dag.py:2693} INFO - Sync 1 DAGs
[2023-03-27T23:56:00.215+0000] {logging_mixin.py:137} INFO - [2023-03-27T23:56:00.215+0000] {dag.py:3444} INFO - Setting next_dagrun for example_task_group to 2023-03-26T23:56:00.215128+00:00, run_after=2023-03-27T23:56:00.215128+00:00
[2023-03-27T23:56:00.304+0000] {processor.py:175} INFO - Processing /home/airflow/.local/lib/python3.7/site-packages/airflow/example_dags/example_task_group.py took 0.551 seconds
[2023-03-27T23:56:30.458+0000] {processor.py:153} INFO - Started process (PID=1642) to work on /home/airflow/.local/lib/python3.7/site-packages/airflow/example_dags/example_task_group.py
[2023-03-27T23:56:30.465+0000] {processor.py:743} INFO - Processing file /home/airflow/.local/lib/python3.7/site-packages/airflow/example_dags/example_task_group.py for tasks to queue
[2023-03-27T23:56:30.469+0000] {logging_mixin.py:137} INFO - [2023-03-27T23:56:30.469+0000] {dagbag.py:532} INFO - Filling up the DagBag from /home/airflow/.local/lib/python3.7/site-packages/airflow/example_dags/example_task_group.py
[2023-03-27T23:56:30.524+0000] {processor.py:753} INFO - DAG(s) dict_keys(['example_task_group']) retrieved from /home/airflow/.local/lib/python3.7/site-packages/airflow/example_dags/example_task_group.py
[2023-03-27T23:56:30.587+0000] {logging_mixin.py:137} INFO - [2023-03-27T23:56:30.586+0000] {dag.py:2693} INFO - Sync 1 DAGs
[2023-03-27T23:56:30.856+0000] {logging_mixin.py:137} INFO - [2023-03-27T23:56:30.856+0000] {dag.py:3444} INFO - Setting next_dagrun for example_task_group to 2023-03-26T23:56:30.855426+00:00, run_after=2023-03-27T23:56:30.855426+00:00
[2023-03-27T23:56:30.896+0000] {processor.py:175} INFO - Processing /home/airflow/.local/lib/python3.7/site-packages/airflow/example_dags/example_task_group.py took 0.457 seconds
[2023-03-27T23:57:01.871+0000] {processor.py:153} INFO - Started process (PID=1691) to work on /home/airflow/.local/lib/python3.7/site-packages/airflow/example_dags/example_task_group.py
[2023-03-27T23:57:01.877+0000] {processor.py:743} INFO - Processing file /home/airflow/.local/lib/python3.7/site-packages/airflow/example_dags/example_task_group.py for tasks to queue
[2023-03-27T23:57:01.883+0000] {logging_mixin.py:137} INFO - [2023-03-27T23:57:01.882+0000] {dagbag.py:532} INFO - Filling up the DagBag from /home/airflow/.local/lib/python3.7/site-packages/airflow/example_dags/example_task_group.py
[2023-03-27T23:57:01.968+0000] {processor.py:753} INFO - DAG(s) dict_keys(['example_task_group']) retrieved from /home/airflow/.local/lib/python3.7/site-packages/airflow/example_dags/example_task_group.py
[2023-03-27T23:57:02.038+0000] {logging_mixin.py:137} INFO - [2023-03-27T23:57:02.037+0000] {dag.py:2693} INFO - Sync 1 DAGs
[2023-03-27T23:57:02.092+0000] {logging_mixin.py:137} INFO - [2023-03-27T23:57:02.092+0000] {dag.py:3444} INFO - Setting next_dagrun for example_task_group to 2023-03-26T23:57:02.092201+00:00, run_after=2023-03-27T23:57:02.092201+00:00
[2023-03-27T23:57:02.134+0000] {processor.py:175} INFO - Processing /home/airflow/.local/lib/python3.7/site-packages/airflow/example_dags/example_task_group.py took 0.273 seconds
[2023-03-27T23:57:32.249+0000] {processor.py:153} INFO - Started process (PID=1740) to work on /home/airflow/.local/lib/python3.7/site-packages/airflow/example_dags/example_task_group.py
[2023-03-27T23:57:32.256+0000] {processor.py:743} INFO - Processing file /home/airflow/.local/lib/python3.7/site-packages/airflow/example_dags/example_task_group.py for tasks to queue
[2023-03-27T23:57:32.265+0000] {logging_mixin.py:137} INFO - [2023-03-27T23:57:32.265+0000] {dagbag.py:532} INFO - Filling up the DagBag from /home/airflow/.local/lib/python3.7/site-packages/airflow/example_dags/example_task_group.py
[2023-03-27T23:57:32.301+0000] {processor.py:753} INFO - DAG(s) dict_keys(['example_task_group']) retrieved from /home/airflow/.local/lib/python3.7/site-packages/airflow/example_dags/example_task_group.py
[2023-03-27T23:57:32.356+0000] {logging_mixin.py:137} INFO - [2023-03-27T23:57:32.355+0000] {dag.py:2693} INFO - Sync 1 DAGs
[2023-03-27T23:57:32.412+0000] {logging_mixin.py:137} INFO - [2023-03-27T23:57:32.412+0000] {dag.py:3444} INFO - Setting next_dagrun for example_task_group to 2023-03-26T23:57:32.411733+00:00, run_after=2023-03-27T23:57:32.411733+00:00
[2023-03-27T23:57:32.455+0000] {processor.py:175} INFO - Processing /home/airflow/.local/lib/python3.7/site-packages/airflow/example_dags/example_task_group.py took 0.218 seconds
[2023-03-27T23:58:02.859+0000] {processor.py:153} INFO - Started process (PID=1789) to work on /home/airflow/.local/lib/python3.7/site-packages/airflow/example_dags/example_task_group.py
[2023-03-27T23:58:02.866+0000] {processor.py:743} INFO - Processing file /home/airflow/.local/lib/python3.7/site-packages/airflow/example_dags/example_task_group.py for tasks to queue
[2023-03-27T23:58:02.869+0000] {logging_mixin.py:137} INFO - [2023-03-27T23:58:02.869+0000] {dagbag.py:532} INFO - Filling up the DagBag from /home/airflow/.local/lib/python3.7/site-packages/airflow/example_dags/example_task_group.py
[2023-03-27T23:58:02.943+0000] {processor.py:753} INFO - DAG(s) dict_keys(['example_task_group']) retrieved from /home/airflow/.local/lib/python3.7/site-packages/airflow/example_dags/example_task_group.py
[2023-03-27T23:58:03.050+0000] {logging_mixin.py:137} INFO - [2023-03-27T23:58:03.049+0000] {dag.py:2693} INFO - Sync 1 DAGs
[2023-03-27T23:58:03.145+0000] {logging_mixin.py:137} INFO - [2023-03-27T23:58:03.145+0000] {dag.py:3444} INFO - Setting next_dagrun for example_task_group to 2023-03-26T23:58:03.144543+00:00, run_after=2023-03-27T23:58:03.144543+00:00
[2023-03-27T23:58:03.190+0000] {processor.py:175} INFO - Processing /home/airflow/.local/lib/python3.7/site-packages/airflow/example_dags/example_task_group.py took 0.346 seconds
[2023-03-27T23:58:33.617+0000] {processor.py:153} INFO - Started process (PID=1839) to work on /home/airflow/.local/lib/python3.7/site-packages/airflow/example_dags/example_task_group.py
[2023-03-27T23:58:33.620+0000] {processor.py:743} INFO - Processing file /home/airflow/.local/lib/python3.7/site-packages/airflow/example_dags/example_task_group.py for tasks to queue
[2023-03-27T23:58:33.624+0000] {logging_mixin.py:137} INFO - [2023-03-27T23:58:33.623+0000] {dagbag.py:532} INFO - Filling up the DagBag from /home/airflow/.local/lib/python3.7/site-packages/airflow/example_dags/example_task_group.py
[2023-03-27T23:58:33.701+0000] {processor.py:753} INFO - DAG(s) dict_keys(['example_task_group']) retrieved from /home/airflow/.local/lib/python3.7/site-packages/airflow/example_dags/example_task_group.py
[2023-03-27T23:58:33.760+0000] {logging_mixin.py:137} INFO - [2023-03-27T23:58:33.760+0000] {dag.py:2693} INFO - Sync 1 DAGs
[2023-03-27T23:58:34.079+0000] {logging_mixin.py:137} INFO - [2023-03-27T23:58:34.078+0000] {dag.py:3444} INFO - Setting next_dagrun for example_task_group to 2023-03-26T23:58:34.077735+00:00, run_after=2023-03-27T23:58:34.077735+00:00
[2023-03-27T23:58:34.183+0000] {processor.py:175} INFO - Processing /home/airflow/.local/lib/python3.7/site-packages/airflow/example_dags/example_task_group.py took 0.577 seconds
[2023-03-27T23:59:04.885+0000] {processor.py:153} INFO - Started process (PID=1888) to work on /home/airflow/.local/lib/python3.7/site-packages/airflow/example_dags/example_task_group.py
[2023-03-27T23:59:04.890+0000] {processor.py:743} INFO - Processing file /home/airflow/.local/lib/python3.7/site-packages/airflow/example_dags/example_task_group.py for tasks to queue
[2023-03-27T23:59:04.893+0000] {logging_mixin.py:137} INFO - [2023-03-27T23:59:04.892+0000] {dagbag.py:532} INFO - Filling up the DagBag from /home/airflow/.local/lib/python3.7/site-packages/airflow/example_dags/example_task_group.py
[2023-03-27T23:59:04.952+0000] {processor.py:753} INFO - DAG(s) dict_keys(['example_task_group']) retrieved from /home/airflow/.local/lib/python3.7/site-packages/airflow/example_dags/example_task_group.py
[2023-03-27T23:59:05.075+0000] {logging_mixin.py:137} INFO - [2023-03-27T23:59:05.075+0000] {dag.py:2693} INFO - Sync 1 DAGs
[2023-03-27T23:59:05.160+0000] {logging_mixin.py:137} INFO - [2023-03-27T23:59:05.160+0000] {dag.py:3444} INFO - Setting next_dagrun for example_task_group to 2023-03-26T23:59:05.159532+00:00, run_after=2023-03-27T23:59:05.159532+00:00
[2023-03-27T23:59:05.243+0000] {processor.py:175} INFO - Processing /home/airflow/.local/lib/python3.7/site-packages/airflow/example_dags/example_task_group.py took 0.373 seconds
[2023-03-27T23:59:37.193+0000] {processor.py:153} INFO - Started process (PID=1937) to work on /home/airflow/.local/lib/python3.7/site-packages/airflow/example_dags/example_task_group.py
[2023-03-27T23:59:37.198+0000] {processor.py:743} INFO - Processing file /home/airflow/.local/lib/python3.7/site-packages/airflow/example_dags/example_task_group.py for tasks to queue
[2023-03-27T23:59:37.211+0000] {logging_mixin.py:137} INFO - [2023-03-27T23:59:37.211+0000] {dagbag.py:532} INFO - Filling up the DagBag from /home/airflow/.local/lib/python3.7/site-packages/airflow/example_dags/example_task_group.py
[2023-03-27T23:59:37.319+0000] {processor.py:753} INFO - DAG(s) dict_keys(['example_task_group']) retrieved from /home/airflow/.local/lib/python3.7/site-packages/airflow/example_dags/example_task_group.py
[2023-03-27T23:59:37.474+0000] {logging_mixin.py:137} INFO - [2023-03-27T23:59:37.474+0000] {dag.py:2693} INFO - Sync 1 DAGs
[2023-03-27T23:59:37.549+0000] {logging_mixin.py:137} INFO - [2023-03-27T23:59:37.549+0000] {dag.py:3444} INFO - Setting next_dagrun for example_task_group to 2023-03-26T23:59:37.548657+00:00, run_after=2023-03-27T23:59:37.548657+00:00
[2023-03-27T23:59:37.730+0000] {processor.py:175} INFO - Processing /home/airflow/.local/lib/python3.7/site-packages/airflow/example_dags/example_task_group.py took 0.569 seconds
