[2023-03-27T11:28:28.075+0000] {processor.py:153} INFO - Started process (PID=93) to work on /home/airflow/.local/lib/python3.7/site-packages/airflow/example_dags/example_kubernetes_executor.py
[2023-03-27T11:28:28.109+0000] {processor.py:743} INFO - Processing file /home/airflow/.local/lib/python3.7/site-packages/airflow/example_dags/example_kubernetes_executor.py for tasks to queue
[2023-03-27T11:28:28.164+0000] {logging_mixin.py:137} INFO - [2023-03-27T11:28:28.163+0000] {dagbag.py:532} INFO - Filling up the DagBag from /home/airflow/.local/lib/python3.7/site-packages/airflow/example_dags/example_kubernetes_executor.py
[2023-03-27T11:28:31.734+0000] {processor.py:753} INFO - DAG(s) dict_keys(['example_kubernetes_executor']) retrieved from /home/airflow/.local/lib/python3.7/site-packages/airflow/example_dags/example_kubernetes_executor.py
[2023-03-27T11:28:33.920+0000] {logging_mixin.py:137} INFO - [2023-03-27T11:28:33.920+0000] {dag.py:2693} INFO - Sync 1 DAGs
[2023-03-27T11:28:34.514+0000] {logging_mixin.py:137} INFO - [2023-03-27T11:28:34.514+0000] {dag.py:3444} INFO - Setting next_dagrun for example_kubernetes_executor to None, run_after=None
[2023-03-27T11:28:35.228+0000] {processor.py:175} INFO - Processing /home/airflow/.local/lib/python3.7/site-packages/airflow/example_dags/example_kubernetes_executor.py took 7.317 seconds
[2023-03-27T11:47:29.717+0000] {processor.py:153} INFO - Started process (PID=77) to work on /home/airflow/.local/lib/python3.7/site-packages/airflow/example_dags/example_kubernetes_executor.py
[2023-03-27T11:47:29.748+0000] {processor.py:743} INFO - Processing file /home/airflow/.local/lib/python3.7/site-packages/airflow/example_dags/example_kubernetes_executor.py for tasks to queue
[2023-03-27T11:47:31.247+0000] {logging_mixin.py:137} INFO - [2023-03-27T11:47:31.245+0000] {dagbag.py:532} INFO - Filling up the DagBag from /home/airflow/.local/lib/python3.7/site-packages/airflow/example_dags/example_kubernetes_executor.py
[2023-03-27T11:47:32.781+0000] {processor.py:753} INFO - DAG(s) dict_keys(['example_kubernetes_executor']) retrieved from /home/airflow/.local/lib/python3.7/site-packages/airflow/example_dags/example_kubernetes_executor.py
[2023-03-27T11:47:37.090+0000] {logging_mixin.py:137} INFO - [2023-03-27T11:47:37.090+0000] {dag.py:2693} INFO - Sync 1 DAGs
[2023-03-27T11:47:38.791+0000] {logging_mixin.py:137} INFO - [2023-03-27T11:47:38.790+0000] {dag.py:3444} INFO - Setting next_dagrun for example_kubernetes_executor to None, run_after=None
[2023-03-27T11:47:42.577+0000] {processor.py:175} INFO - Processing /home/airflow/.local/lib/python3.7/site-packages/airflow/example_dags/example_kubernetes_executor.py took 12.918 seconds
[2023-03-27T11:54:05.727+0000] {processor.py:153} INFO - Started process (PID=196) to work on /home/airflow/.local/lib/python3.7/site-packages/airflow/example_dags/example_kubernetes_executor.py
[2023-03-27T11:54:05.873+0000] {processor.py:743} INFO - Processing file /home/airflow/.local/lib/python3.7/site-packages/airflow/example_dags/example_kubernetes_executor.py for tasks to queue
[2023-03-27T11:54:05.997+0000] {logging_mixin.py:137} INFO - [2023-03-27T11:54:05.997+0000] {dagbag.py:532} INFO - Filling up the DagBag from /home/airflow/.local/lib/python3.7/site-packages/airflow/example_dags/example_kubernetes_executor.py
[2023-03-27T11:54:08.954+0000] {processor.py:753} INFO - DAG(s) dict_keys(['example_kubernetes_executor']) retrieved from /home/airflow/.local/lib/python3.7/site-packages/airflow/example_dags/example_kubernetes_executor.py
[2023-03-27T11:54:21.407+0000] {logging_mixin.py:137} INFO - [2023-03-27T11:54:21.304+0000] {dag.py:2693} INFO - Sync 1 DAGs
[2023-03-27T11:54:26.777+0000] {logging_mixin.py:137} INFO - [2023-03-27T11:54:26.702+0000] {dag.py:3444} INFO - Setting next_dagrun for example_kubernetes_executor to None, run_after=None
[2023-03-27T11:54:39.980+0000] {processor.py:175} INFO - Processing /home/airflow/.local/lib/python3.7/site-packages/airflow/example_dags/example_kubernetes_executor.py took 34.548 seconds
[2023-03-27T13:23:16.192+0000] {processor.py:153} INFO - Started process (PID=161) to work on /home/airflow/.local/lib/python3.7/site-packages/airflow/example_dags/example_kubernetes_executor.py
[2023-03-27T13:23:16.291+0000] {processor.py:743} INFO - Processing file /home/airflow/.local/lib/python3.7/site-packages/airflow/example_dags/example_kubernetes_executor.py for tasks to queue
[2023-03-27T13:23:16.373+0000] {logging_mixin.py:137} INFO - [2023-03-27T13:23:16.372+0000] {dagbag.py:532} INFO - Filling up the DagBag from /home/airflow/.local/lib/python3.7/site-packages/airflow/example_dags/example_kubernetes_executor.py
[2023-03-27T13:23:17.522+0000] {processor.py:753} INFO - DAG(s) dict_keys(['example_kubernetes_executor']) retrieved from /home/airflow/.local/lib/python3.7/site-packages/airflow/example_dags/example_kubernetes_executor.py
[2023-03-27T13:23:19.775+0000] {logging_mixin.py:137} INFO - [2023-03-27T13:23:19.775+0000] {dag.py:2693} INFO - Sync 1 DAGs
[2023-03-27T13:23:23.314+0000] {logging_mixin.py:137} INFO - [2023-03-27T13:23:23.314+0000] {dag.py:3444} INFO - Setting next_dagrun for example_kubernetes_executor to None, run_after=None
[2023-03-27T13:23:24.620+0000] {processor.py:175} INFO - Processing /home/airflow/.local/lib/python3.7/site-packages/airflow/example_dags/example_kubernetes_executor.py took 8.990 seconds
[2023-03-27T13:26:38.887+0000] {processor.py:153} INFO - Started process (PID=236) to work on /home/airflow/.local/lib/python3.7/site-packages/airflow/example_dags/example_kubernetes_executor.py
[2023-03-27T13:26:38.905+0000] {processor.py:743} INFO - Processing file /home/airflow/.local/lib/python3.7/site-packages/airflow/example_dags/example_kubernetes_executor.py for tasks to queue
[2023-03-27T13:26:38.925+0000] {logging_mixin.py:137} INFO - [2023-03-27T13:26:38.925+0000] {dagbag.py:532} INFO - Filling up the DagBag from /home/airflow/.local/lib/python3.7/site-packages/airflow/example_dags/example_kubernetes_executor.py
[2023-03-27T13:26:39.339+0000] {processor.py:753} INFO - DAG(s) dict_keys(['example_kubernetes_executor']) retrieved from /home/airflow/.local/lib/python3.7/site-packages/airflow/example_dags/example_kubernetes_executor.py
[2023-03-27T13:26:40.195+0000] {logging_mixin.py:137} INFO - [2023-03-27T13:26:40.194+0000] {dag.py:2693} INFO - Sync 1 DAGs
[2023-03-27T13:26:40.863+0000] {logging_mixin.py:137} INFO - [2023-03-27T13:26:40.862+0000] {dag.py:3444} INFO - Setting next_dagrun for example_kubernetes_executor to None, run_after=None
[2023-03-27T13:26:41.641+0000] {processor.py:175} INFO - Processing /home/airflow/.local/lib/python3.7/site-packages/airflow/example_dags/example_kubernetes_executor.py took 2.807 seconds
[2023-03-27T13:28:38.956+0000] {processor.py:153} INFO - Started process (PID=300) to work on /home/airflow/.local/lib/python3.7/site-packages/airflow/example_dags/example_kubernetes_executor.py
[2023-03-27T13:28:38.977+0000] {processor.py:743} INFO - Processing file /home/airflow/.local/lib/python3.7/site-packages/airflow/example_dags/example_kubernetes_executor.py for tasks to queue
[2023-03-27T13:28:38.985+0000] {logging_mixin.py:137} INFO - [2023-03-27T13:28:38.985+0000] {dagbag.py:532} INFO - Filling up the DagBag from /home/airflow/.local/lib/python3.7/site-packages/airflow/example_dags/example_kubernetes_executor.py
[2023-03-27T13:28:40.964+0000] {processor.py:753} INFO - DAG(s) dict_keys(['example_kubernetes_executor']) retrieved from /home/airflow/.local/lib/python3.7/site-packages/airflow/example_dags/example_kubernetes_executor.py
[2023-03-27T13:28:42.784+0000] {logging_mixin.py:137} INFO - [2023-03-27T13:28:42.783+0000] {dag.py:2693} INFO - Sync 1 DAGs
[2023-03-27T13:28:47.015+0000] {logging_mixin.py:137} INFO - [2023-03-27T13:28:46.980+0000] {dag.py:3444} INFO - Setting next_dagrun for example_kubernetes_executor to None, run_after=None
[2023-03-27T13:28:48.682+0000] {processor.py:175} INFO - Processing /home/airflow/.local/lib/python3.7/site-packages/airflow/example_dags/example_kubernetes_executor.py took 9.832 seconds
[2023-03-27T13:30:48.899+0000] {processor.py:153} INFO - Started process (PID=359) to work on /home/airflow/.local/lib/python3.7/site-packages/airflow/example_dags/example_kubernetes_executor.py
[2023-03-27T13:30:48.931+0000] {processor.py:743} INFO - Processing file /home/airflow/.local/lib/python3.7/site-packages/airflow/example_dags/example_kubernetes_executor.py for tasks to queue
[2023-03-27T13:30:48.964+0000] {logging_mixin.py:137} INFO - [2023-03-27T13:30:48.964+0000] {dagbag.py:532} INFO - Filling up the DagBag from /home/airflow/.local/lib/python3.7/site-packages/airflow/example_dags/example_kubernetes_executor.py
[2023-03-27T13:30:50.105+0000] {processor.py:753} INFO - DAG(s) dict_keys(['example_kubernetes_executor']) retrieved from /home/airflow/.local/lib/python3.7/site-packages/airflow/example_dags/example_kubernetes_executor.py
[2023-03-27T13:30:52.800+0000] {logging_mixin.py:137} INFO - [2023-03-27T13:30:52.800+0000] {dag.py:2693} INFO - Sync 1 DAGs
[2023-03-27T13:30:54.865+0000] {logging_mixin.py:137} INFO - [2023-03-27T13:30:54.865+0000] {dag.py:3444} INFO - Setting next_dagrun for example_kubernetes_executor to None, run_after=None
[2023-03-27T13:30:55.525+0000] {processor.py:175} INFO - Processing /home/airflow/.local/lib/python3.7/site-packages/airflow/example_dags/example_kubernetes_executor.py took 6.715 seconds
[2023-03-27T13:32:49.128+0000] {processor.py:153} INFO - Started process (PID=411) to work on /home/airflow/.local/lib/python3.7/site-packages/airflow/example_dags/example_kubernetes_executor.py
[2023-03-27T13:32:49.392+0000] {processor.py:743} INFO - Processing file /home/airflow/.local/lib/python3.7/site-packages/airflow/example_dags/example_kubernetes_executor.py for tasks to queue
[2023-03-27T13:32:49.541+0000] {logging_mixin.py:137} INFO - [2023-03-27T13:32:49.505+0000] {dagbag.py:532} INFO - Filling up the DagBag from /home/airflow/.local/lib/python3.7/site-packages/airflow/example_dags/example_kubernetes_executor.py
[2023-03-27T13:32:51.598+0000] {processor.py:753} INFO - DAG(s) dict_keys(['example_kubernetes_executor']) retrieved from /home/airflow/.local/lib/python3.7/site-packages/airflow/example_dags/example_kubernetes_executor.py
[2023-03-27T13:32:53.620+0000] {logging_mixin.py:137} INFO - [2023-03-27T13:32:53.619+0000] {dag.py:2693} INFO - Sync 1 DAGs
[2023-03-27T13:32:55.073+0000] {logging_mixin.py:137} INFO - [2023-03-27T13:32:55.073+0000] {dag.py:3444} INFO - Setting next_dagrun for example_kubernetes_executor to None, run_after=None
[2023-03-27T13:32:56.864+0000] {processor.py:175} INFO - Processing /home/airflow/.local/lib/python3.7/site-packages/airflow/example_dags/example_kubernetes_executor.py took 8.641 seconds
[2023-03-27T13:34:53.594+0000] {processor.py:153} INFO - Started process (PID=475) to work on /home/airflow/.local/lib/python3.7/site-packages/airflow/example_dags/example_kubernetes_executor.py
[2023-03-27T13:34:53.666+0000] {processor.py:743} INFO - Processing file /home/airflow/.local/lib/python3.7/site-packages/airflow/example_dags/example_kubernetes_executor.py for tasks to queue
[2023-03-27T13:34:53.685+0000] {logging_mixin.py:137} INFO - [2023-03-27T13:34:53.685+0000] {dagbag.py:532} INFO - Filling up the DagBag from /home/airflow/.local/lib/python3.7/site-packages/airflow/example_dags/example_kubernetes_executor.py
[2023-03-27T13:34:54.800+0000] {processor.py:753} INFO - DAG(s) dict_keys(['example_kubernetes_executor']) retrieved from /home/airflow/.local/lib/python3.7/site-packages/airflow/example_dags/example_kubernetes_executor.py
[2023-03-27T13:34:55.561+0000] {logging_mixin.py:137} INFO - [2023-03-27T13:34:55.561+0000] {dag.py:2693} INFO - Sync 1 DAGs
[2023-03-27T13:34:56.332+0000] {logging_mixin.py:137} INFO - [2023-03-27T13:34:56.332+0000] {dag.py:3444} INFO - Setting next_dagrun for example_kubernetes_executor to None, run_after=None
[2023-03-27T13:34:56.945+0000] {processor.py:175} INFO - Processing /home/airflow/.local/lib/python3.7/site-packages/airflow/example_dags/example_kubernetes_executor.py took 3.446 seconds
[2023-03-27T13:36:50.733+0000] {processor.py:153} INFO - Started process (PID=527) to work on /home/airflow/.local/lib/python3.7/site-packages/airflow/example_dags/example_kubernetes_executor.py
[2023-03-27T13:36:50.778+0000] {processor.py:743} INFO - Processing file /home/airflow/.local/lib/python3.7/site-packages/airflow/example_dags/example_kubernetes_executor.py for tasks to queue
[2023-03-27T13:36:50.796+0000] {logging_mixin.py:137} INFO - [2023-03-27T13:36:50.792+0000] {dagbag.py:532} INFO - Filling up the DagBag from /home/airflow/.local/lib/python3.7/site-packages/airflow/example_dags/example_kubernetes_executor.py
[2023-03-27T13:36:53.028+0000] {processor.py:753} INFO - DAG(s) dict_keys(['example_kubernetes_executor']) retrieved from /home/airflow/.local/lib/python3.7/site-packages/airflow/example_dags/example_kubernetes_executor.py
[2023-03-27T13:36:55.494+0000] {logging_mixin.py:137} INFO - [2023-03-27T13:36:55.494+0000] {dag.py:2693} INFO - Sync 1 DAGs
[2023-03-27T13:36:56.673+0000] {logging_mixin.py:137} INFO - [2023-03-27T13:36:56.673+0000] {dag.py:3444} INFO - Setting next_dagrun for example_kubernetes_executor to None, run_after=None
[2023-03-27T13:36:57.092+0000] {processor.py:175} INFO - Processing /home/airflow/.local/lib/python3.7/site-packages/airflow/example_dags/example_kubernetes_executor.py took 6.468 seconds
[2023-03-27T13:38:12.435+0000] {processor.py:153} INFO - Started process (PID=578) to work on /home/airflow/.local/lib/python3.7/site-packages/airflow/example_dags/example_kubernetes_executor.py
[2023-03-27T13:38:12.448+0000] {processor.py:743} INFO - Processing file /home/airflow/.local/lib/python3.7/site-packages/airflow/example_dags/example_kubernetes_executor.py for tasks to queue
[2023-03-27T13:38:12.473+0000] {logging_mixin.py:137} INFO - [2023-03-27T13:38:12.464+0000] {dagbag.py:532} INFO - Filling up the DagBag from /home/airflow/.local/lib/python3.7/site-packages/airflow/example_dags/example_kubernetes_executor.py
[2023-03-27T13:38:13.951+0000] {processor.py:753} INFO - DAG(s) dict_keys(['example_kubernetes_executor']) retrieved from /home/airflow/.local/lib/python3.7/site-packages/airflow/example_dags/example_kubernetes_executor.py
[2023-03-27T13:38:15.522+0000] {logging_mixin.py:137} INFO - [2023-03-27T13:38:15.522+0000] {dag.py:2693} INFO - Sync 1 DAGs
[2023-03-27T13:38:16.518+0000] {logging_mixin.py:137} INFO - [2023-03-27T13:38:16.518+0000] {dag.py:3444} INFO - Setting next_dagrun for example_kubernetes_executor to None, run_after=None
[2023-03-27T13:38:17.260+0000] {processor.py:175} INFO - Processing /home/airflow/.local/lib/python3.7/site-packages/airflow/example_dags/example_kubernetes_executor.py took 4.904 seconds
[2023-03-27T13:39:38.533+0000] {processor.py:153} INFO - Started process (PID=623) to work on /home/airflow/.local/lib/python3.7/site-packages/airflow/example_dags/example_kubernetes_executor.py
[2023-03-27T13:39:38.628+0000] {processor.py:743} INFO - Processing file /home/airflow/.local/lib/python3.7/site-packages/airflow/example_dags/example_kubernetes_executor.py for tasks to queue
[2023-03-27T13:39:38.894+0000] {logging_mixin.py:137} INFO - [2023-03-27T13:39:38.713+0000] {dagbag.py:532} INFO - Filling up the DagBag from /home/airflow/.local/lib/python3.7/site-packages/airflow/example_dags/example_kubernetes_executor.py
[2023-03-27T13:39:42.361+0000] {processor.py:753} INFO - DAG(s) dict_keys(['example_kubernetes_executor']) retrieved from /home/airflow/.local/lib/python3.7/site-packages/airflow/example_dags/example_kubernetes_executor.py
[2023-03-27T13:39:43.265+0000] {logging_mixin.py:137} INFO - [2023-03-27T13:39:43.262+0000] {dag.py:2693} INFO - Sync 1 DAGs
[2023-03-27T13:39:44.461+0000] {logging_mixin.py:137} INFO - [2023-03-27T13:39:44.461+0000] {dag.py:3444} INFO - Setting next_dagrun for example_kubernetes_executor to None, run_after=None
[2023-03-27T13:39:45.257+0000] {processor.py:175} INFO - Processing /home/airflow/.local/lib/python3.7/site-packages/airflow/example_dags/example_kubernetes_executor.py took 6.868 seconds
[2023-03-27T13:41:48.091+0000] {processor.py:153} INFO - Started process (PID=702) to work on /home/airflow/.local/lib/python3.7/site-packages/airflow/example_dags/example_kubernetes_executor.py
[2023-03-27T13:41:48.114+0000] {processor.py:743} INFO - Processing file /home/airflow/.local/lib/python3.7/site-packages/airflow/example_dags/example_kubernetes_executor.py for tasks to queue
[2023-03-27T13:41:48.126+0000] {logging_mixin.py:137} INFO - [2023-03-27T13:41:48.126+0000] {dagbag.py:532} INFO - Filling up the DagBag from /home/airflow/.local/lib/python3.7/site-packages/airflow/example_dags/example_kubernetes_executor.py
[2023-03-27T13:41:48.931+0000] {processor.py:753} INFO - DAG(s) dict_keys(['example_kubernetes_executor']) retrieved from /home/airflow/.local/lib/python3.7/site-packages/airflow/example_dags/example_kubernetes_executor.py
[2023-03-27T13:41:50.172+0000] {logging_mixin.py:137} INFO - [2023-03-27T13:41:50.171+0000] {dag.py:2693} INFO - Sync 1 DAGs
[2023-03-27T13:41:51.095+0000] {logging_mixin.py:137} INFO - [2023-03-27T13:41:51.095+0000] {dag.py:3444} INFO - Setting next_dagrun for example_kubernetes_executor to None, run_after=None
[2023-03-27T13:41:51.517+0000] {processor.py:175} INFO - Processing /home/airflow/.local/lib/python3.7/site-packages/airflow/example_dags/example_kubernetes_executor.py took 3.553 seconds
[2023-03-27T13:44:27.763+0000] {processor.py:153} INFO - Started process (PID=765) to work on /home/airflow/.local/lib/python3.7/site-packages/airflow/example_dags/example_kubernetes_executor.py
[2023-03-27T13:44:27.824+0000] {processor.py:743} INFO - Processing file /home/airflow/.local/lib/python3.7/site-packages/airflow/example_dags/example_kubernetes_executor.py for tasks to queue
[2023-03-27T13:44:27.891+0000] {logging_mixin.py:137} INFO - [2023-03-27T13:44:27.879+0000] {dagbag.py:532} INFO - Filling up the DagBag from /home/airflow/.local/lib/python3.7/site-packages/airflow/example_dags/example_kubernetes_executor.py
[2023-03-27T13:44:29.459+0000] {processor.py:753} INFO - DAG(s) dict_keys(['example_kubernetes_executor']) retrieved from /home/airflow/.local/lib/python3.7/site-packages/airflow/example_dags/example_kubernetes_executor.py
[2023-03-27T13:44:30.894+0000] {logging_mixin.py:137} INFO - [2023-03-27T13:44:30.893+0000] {dag.py:2693} INFO - Sync 1 DAGs
[2023-03-27T13:44:31.620+0000] {logging_mixin.py:137} INFO - [2023-03-27T13:44:31.620+0000] {dag.py:3444} INFO - Setting next_dagrun for example_kubernetes_executor to None, run_after=None
[2023-03-27T13:44:33.746+0000] {processor.py:175} INFO - Processing /home/airflow/.local/lib/python3.7/site-packages/airflow/example_dags/example_kubernetes_executor.py took 6.140 seconds
[2023-03-27T18:06:32.971+0000] {processor.py:153} INFO - Started process (PID=159) to work on /home/airflow/.local/lib/python3.7/site-packages/airflow/example_dags/example_kubernetes_executor.py
[2023-03-27T18:06:33.025+0000] {processor.py:743} INFO - Processing file /home/airflow/.local/lib/python3.7/site-packages/airflow/example_dags/example_kubernetes_executor.py for tasks to queue
[2023-03-27T18:06:33.565+0000] {logging_mixin.py:137} INFO - [2023-03-27T18:06:33.564+0000] {dagbag.py:532} INFO - Filling up the DagBag from /home/airflow/.local/lib/python3.7/site-packages/airflow/example_dags/example_kubernetes_executor.py
[2023-03-27T18:06:40.748+0000] {processor.py:753} INFO - DAG(s) dict_keys(['example_kubernetes_executor']) retrieved from /home/airflow/.local/lib/python3.7/site-packages/airflow/example_dags/example_kubernetes_executor.py
[2023-03-27T18:06:43.657+0000] {logging_mixin.py:137} INFO - [2023-03-27T18:06:43.657+0000] {dag.py:2693} INFO - Sync 1 DAGs
[2023-03-27T18:06:44.786+0000] {logging_mixin.py:137} INFO - [2023-03-27T18:06:44.786+0000] {dag.py:3444} INFO - Setting next_dagrun for example_kubernetes_executor to None, run_after=None
[2023-03-27T18:06:46.474+0000] {processor.py:175} INFO - Processing /home/airflow/.local/lib/python3.7/site-packages/airflow/example_dags/example_kubernetes_executor.py took 14.268 seconds
[2023-03-27T18:11:24.447+0000] {processor.py:153} INFO - Started process (PID=248) to work on /home/airflow/.local/lib/python3.7/site-packages/airflow/example_dags/example_kubernetes_executor.py
[2023-03-27T18:11:24.531+0000] {processor.py:743} INFO - Processing file /home/airflow/.local/lib/python3.7/site-packages/airflow/example_dags/example_kubernetes_executor.py for tasks to queue
[2023-03-27T18:11:24.547+0000] {logging_mixin.py:137} INFO - [2023-03-27T18:11:24.547+0000] {dagbag.py:532} INFO - Filling up the DagBag from /home/airflow/.local/lib/python3.7/site-packages/airflow/example_dags/example_kubernetes_executor.py
[2023-03-27T18:11:26.620+0000] {processor.py:753} INFO - DAG(s) dict_keys(['example_kubernetes_executor']) retrieved from /home/airflow/.local/lib/python3.7/site-packages/airflow/example_dags/example_kubernetes_executor.py
[2023-03-27T18:11:27.932+0000] {logging_mixin.py:137} INFO - [2023-03-27T18:11:27.932+0000] {dag.py:2693} INFO - Sync 1 DAGs
[2023-03-27T18:11:28.983+0000] {logging_mixin.py:137} INFO - [2023-03-27T18:11:28.982+0000] {dag.py:3444} INFO - Setting next_dagrun for example_kubernetes_executor to None, run_after=None
[2023-03-27T18:11:30.530+0000] {processor.py:175} INFO - Processing /home/airflow/.local/lib/python3.7/site-packages/airflow/example_dags/example_kubernetes_executor.py took 6.280 seconds
[2023-03-27T18:16:29.087+0000] {processor.py:153} INFO - Started process (PID=339) to work on /home/airflow/.local/lib/python3.7/site-packages/airflow/example_dags/example_kubernetes_executor.py
[2023-03-27T18:16:29.275+0000] {processor.py:743} INFO - Processing file /home/airflow/.local/lib/python3.7/site-packages/airflow/example_dags/example_kubernetes_executor.py for tasks to queue
[2023-03-27T18:16:29.459+0000] {logging_mixin.py:137} INFO - [2023-03-27T18:16:29.459+0000] {dagbag.py:532} INFO - Filling up the DagBag from /home/airflow/.local/lib/python3.7/site-packages/airflow/example_dags/example_kubernetes_executor.py
[2023-03-27T18:16:35.404+0000] {processor.py:753} INFO - DAG(s) dict_keys(['example_kubernetes_executor']) retrieved from /home/airflow/.local/lib/python3.7/site-packages/airflow/example_dags/example_kubernetes_executor.py
[2023-03-27T18:16:36.749+0000] {logging_mixin.py:137} INFO - [2023-03-27T18:16:36.749+0000] {dag.py:2693} INFO - Sync 1 DAGs
[2023-03-27T18:16:39.021+0000] {logging_mixin.py:137} INFO - [2023-03-27T18:16:38.972+0000] {dag.py:3444} INFO - Setting next_dagrun for example_kubernetes_executor to None, run_after=None
[2023-03-27T18:16:40.955+0000] {processor.py:175} INFO - Processing /home/airflow/.local/lib/python3.7/site-packages/airflow/example_dags/example_kubernetes_executor.py took 12.592 seconds
[2023-03-27T18:21:50.049+0000] {processor.py:153} INFO - Started process (PID=436) to work on /home/airflow/.local/lib/python3.7/site-packages/airflow/example_dags/example_kubernetes_executor.py
[2023-03-27T18:21:50.566+0000] {processor.py:743} INFO - Processing file /home/airflow/.local/lib/python3.7/site-packages/airflow/example_dags/example_kubernetes_executor.py for tasks to queue
[2023-03-27T18:21:50.659+0000] {logging_mixin.py:137} INFO - [2023-03-27T18:21:50.616+0000] {dagbag.py:532} INFO - Filling up the DagBag from /home/airflow/.local/lib/python3.7/site-packages/airflow/example_dags/example_kubernetes_executor.py
[2023-03-27T18:21:53.736+0000] {processor.py:753} INFO - DAG(s) dict_keys(['example_kubernetes_executor']) retrieved from /home/airflow/.local/lib/python3.7/site-packages/airflow/example_dags/example_kubernetes_executor.py
[2023-03-27T18:21:56.978+0000] {logging_mixin.py:137} INFO - [2023-03-27T18:21:56.977+0000] {dag.py:2693} INFO - Sync 1 DAGs
[2023-03-27T18:21:59.198+0000] {logging_mixin.py:137} INFO - [2023-03-27T18:21:59.197+0000] {dag.py:3444} INFO - Setting next_dagrun for example_kubernetes_executor to None, run_after=None
[2023-03-27T18:22:00.632+0000] {processor.py:175} INFO - Processing /home/airflow/.local/lib/python3.7/site-packages/airflow/example_dags/example_kubernetes_executor.py took 12.195 seconds
[2023-03-27T18:25:30.464+0000] {processor.py:153} INFO - Started process (PID=509) to work on /home/airflow/.local/lib/python3.7/site-packages/airflow/example_dags/example_kubernetes_executor.py
[2023-03-27T18:25:30.537+0000] {processor.py:743} INFO - Processing file /home/airflow/.local/lib/python3.7/site-packages/airflow/example_dags/example_kubernetes_executor.py for tasks to queue
[2023-03-27T18:25:30.563+0000] {logging_mixin.py:137} INFO - [2023-03-27T18:25:30.563+0000] {dagbag.py:532} INFO - Filling up the DagBag from /home/airflow/.local/lib/python3.7/site-packages/airflow/example_dags/example_kubernetes_executor.py
[2023-03-27T18:25:31.827+0000] {processor.py:753} INFO - DAG(s) dict_keys(['example_kubernetes_executor']) retrieved from /home/airflow/.local/lib/python3.7/site-packages/airflow/example_dags/example_kubernetes_executor.py
[2023-03-27T18:25:33.363+0000] {logging_mixin.py:137} INFO - [2023-03-27T18:25:33.363+0000] {dag.py:2693} INFO - Sync 1 DAGs
[2023-03-27T18:25:33.735+0000] {logging_mixin.py:137} INFO - [2023-03-27T18:25:33.735+0000] {dag.py:3444} INFO - Setting next_dagrun for example_kubernetes_executor to None, run_after=None
[2023-03-27T18:25:34.435+0000] {processor.py:175} INFO - Processing /home/airflow/.local/lib/python3.7/site-packages/airflow/example_dags/example_kubernetes_executor.py took 4.266 seconds
[2023-03-27T18:28:56.621+0000] {processor.py:153} INFO - Started process (PID=578) to work on /home/airflow/.local/lib/python3.7/site-packages/airflow/example_dags/example_kubernetes_executor.py
[2023-03-27T18:28:56.636+0000] {processor.py:743} INFO - Processing file /home/airflow/.local/lib/python3.7/site-packages/airflow/example_dags/example_kubernetes_executor.py for tasks to queue
[2023-03-27T18:28:56.644+0000] {logging_mixin.py:137} INFO - [2023-03-27T18:28:56.642+0000] {dagbag.py:532} INFO - Filling up the DagBag from /home/airflow/.local/lib/python3.7/site-packages/airflow/example_dags/example_kubernetes_executor.py
[2023-03-27T18:28:56.814+0000] {processor.py:753} INFO - DAG(s) dict_keys(['example_kubernetes_executor']) retrieved from /home/airflow/.local/lib/python3.7/site-packages/airflow/example_dags/example_kubernetes_executor.py
[2023-03-27T18:28:57.051+0000] {logging_mixin.py:137} INFO - [2023-03-27T18:28:57.050+0000] {dag.py:2693} INFO - Sync 1 DAGs
[2023-03-27T18:28:57.217+0000] {logging_mixin.py:137} INFO - [2023-03-27T18:28:57.217+0000] {dag.py:3444} INFO - Setting next_dagrun for example_kubernetes_executor to None, run_after=None
[2023-03-27T18:28:57.527+0000] {processor.py:175} INFO - Processing /home/airflow/.local/lib/python3.7/site-packages/airflow/example_dags/example_kubernetes_executor.py took 0.933 seconds
[2023-03-27T18:30:10.885+0000] {processor.py:153} INFO - Started process (PID=625) to work on /home/airflow/.local/lib/python3.7/site-packages/airflow/example_dags/example_kubernetes_executor.py
[2023-03-27T18:30:10.904+0000] {processor.py:743} INFO - Processing file /home/airflow/.local/lib/python3.7/site-packages/airflow/example_dags/example_kubernetes_executor.py for tasks to queue
[2023-03-27T18:30:10.922+0000] {logging_mixin.py:137} INFO - [2023-03-27T18:30:10.921+0000] {dagbag.py:532} INFO - Filling up the DagBag from /home/airflow/.local/lib/python3.7/site-packages/airflow/example_dags/example_kubernetes_executor.py
[2023-03-27T18:30:11.147+0000] {processor.py:753} INFO - DAG(s) dict_keys(['example_kubernetes_executor']) retrieved from /home/airflow/.local/lib/python3.7/site-packages/airflow/example_dags/example_kubernetes_executor.py
[2023-03-27T18:30:11.468+0000] {logging_mixin.py:137} INFO - [2023-03-27T18:30:11.468+0000] {dag.py:2693} INFO - Sync 1 DAGs
[2023-03-27T18:30:11.641+0000] {logging_mixin.py:137} INFO - [2023-03-27T18:30:11.641+0000] {dag.py:3444} INFO - Setting next_dagrun for example_kubernetes_executor to None, run_after=None
[2023-03-27T18:30:11.903+0000] {processor.py:175} INFO - Processing /home/airflow/.local/lib/python3.7/site-packages/airflow/example_dags/example_kubernetes_executor.py took 1.057 seconds
[2023-03-27T18:31:36.605+0000] {processor.py:153} INFO - Started process (PID=690) to work on /home/airflow/.local/lib/python3.7/site-packages/airflow/example_dags/example_kubernetes_executor.py
[2023-03-27T18:31:36.613+0000] {processor.py:743} INFO - Processing file /home/airflow/.local/lib/python3.7/site-packages/airflow/example_dags/example_kubernetes_executor.py for tasks to queue
[2023-03-27T18:31:36.619+0000] {logging_mixin.py:137} INFO - [2023-03-27T18:31:36.619+0000] {dagbag.py:532} INFO - Filling up the DagBag from /home/airflow/.local/lib/python3.7/site-packages/airflow/example_dags/example_kubernetes_executor.py
[2023-03-27T18:31:45.972+0000] {processor.py:753} INFO - DAG(s) dict_keys(['example_kubernetes_executor']) retrieved from /home/airflow/.local/lib/python3.7/site-packages/airflow/example_dags/example_kubernetes_executor.py
[2023-03-27T18:31:49.260+0000] {logging_mixin.py:137} INFO - [2023-03-27T18:31:49.254+0000] {dag.py:2693} INFO - Sync 1 DAGs
[2023-03-27T18:31:49.968+0000] {logging_mixin.py:137} INFO - [2023-03-27T18:31:49.968+0000] {dag.py:3444} INFO - Setting next_dagrun for example_kubernetes_executor to None, run_after=None
[2023-03-27T18:31:51.213+0000] {processor.py:175} INFO - Processing /home/airflow/.local/lib/python3.7/site-packages/airflow/example_dags/example_kubernetes_executor.py took 14.715 seconds
[2023-03-27T21:07:58.181+0000] {processor.py:153} INFO - Started process (PID=765) to work on /home/airflow/.local/lib/python3.7/site-packages/airflow/example_dags/example_kubernetes_executor.py
[2023-03-27T21:07:58.202+0000] {processor.py:743} INFO - Processing file /home/airflow/.local/lib/python3.7/site-packages/airflow/example_dags/example_kubernetes_executor.py for tasks to queue
[2023-03-27T21:07:58.242+0000] {logging_mixin.py:137} INFO - [2023-03-27T21:07:58.236+0000] {dagbag.py:532} INFO - Filling up the DagBag from /home/airflow/.local/lib/python3.7/site-packages/airflow/example_dags/example_kubernetes_executor.py
[2023-03-27T21:07:59.578+0000] {processor.py:753} INFO - DAG(s) dict_keys(['example_kubernetes_executor']) retrieved from /home/airflow/.local/lib/python3.7/site-packages/airflow/example_dags/example_kubernetes_executor.py
[2023-03-27T21:08:00.150+0000] {logging_mixin.py:137} INFO - [2023-03-27T21:08:00.150+0000] {dag.py:2693} INFO - Sync 1 DAGs
[2023-03-27T21:08:01.337+0000] {logging_mixin.py:137} INFO - [2023-03-27T21:08:01.337+0000] {dag.py:3444} INFO - Setting next_dagrun for example_kubernetes_executor to None, run_after=None
[2023-03-27T21:08:01.753+0000] {processor.py:175} INFO - Processing /home/airflow/.local/lib/python3.7/site-packages/airflow/example_dags/example_kubernetes_executor.py took 3.830 seconds
[2023-03-27T21:42:55.172+0000] {processor.py:153} INFO - Started process (PID=855) to work on /home/airflow/.local/lib/python3.7/site-packages/airflow/example_dags/example_kubernetes_executor.py
[2023-03-27T21:42:55.181+0000] {processor.py:743} INFO - Processing file /home/airflow/.local/lib/python3.7/site-packages/airflow/example_dags/example_kubernetes_executor.py for tasks to queue
[2023-03-27T21:42:55.193+0000] {logging_mixin.py:137} INFO - [2023-03-27T21:42:55.193+0000] {dagbag.py:532} INFO - Filling up the DagBag from /home/airflow/.local/lib/python3.7/site-packages/airflow/example_dags/example_kubernetes_executor.py
[2023-03-27T21:42:57.260+0000] {processor.py:753} INFO - DAG(s) dict_keys(['example_kubernetes_executor']) retrieved from /home/airflow/.local/lib/python3.7/site-packages/airflow/example_dags/example_kubernetes_executor.py
[2023-03-27T21:42:58.572+0000] {logging_mixin.py:137} INFO - [2023-03-27T21:42:58.571+0000] {dag.py:2693} INFO - Sync 1 DAGs
[2023-03-27T21:42:59.486+0000] {logging_mixin.py:137} INFO - [2023-03-27T21:42:59.484+0000] {dag.py:3444} INFO - Setting next_dagrun for example_kubernetes_executor to None, run_after=None
[2023-03-27T21:43:01.087+0000] {processor.py:175} INFO - Processing /home/airflow/.local/lib/python3.7/site-packages/airflow/example_dags/example_kubernetes_executor.py took 6.003 seconds
[2023-03-27T21:45:39.350+0000] {processor.py:153} INFO - Started process (PID=912) to work on /home/airflow/.local/lib/python3.7/site-packages/airflow/example_dags/example_kubernetes_executor.py
[2023-03-27T21:45:39.379+0000] {processor.py:743} INFO - Processing file /home/airflow/.local/lib/python3.7/site-packages/airflow/example_dags/example_kubernetes_executor.py for tasks to queue
[2023-03-27T21:45:39.414+0000] {logging_mixin.py:137} INFO - [2023-03-27T21:45:39.391+0000] {dagbag.py:532} INFO - Filling up the DagBag from /home/airflow/.local/lib/python3.7/site-packages/airflow/example_dags/example_kubernetes_executor.py
[2023-03-27T21:45:41.561+0000] {processor.py:753} INFO - DAG(s) dict_keys(['example_kubernetes_executor']) retrieved from /home/airflow/.local/lib/python3.7/site-packages/airflow/example_dags/example_kubernetes_executor.py
[2023-03-27T21:45:43.534+0000] {logging_mixin.py:137} INFO - [2023-03-27T21:45:43.534+0000] {dag.py:2693} INFO - Sync 1 DAGs
[2023-03-27T21:45:45.232+0000] {logging_mixin.py:137} INFO - [2023-03-27T21:45:45.231+0000] {dag.py:3444} INFO - Setting next_dagrun for example_kubernetes_executor to None, run_after=None
[2023-03-27T21:45:46.816+0000] {processor.py:175} INFO - Processing /home/airflow/.local/lib/python3.7/site-packages/airflow/example_dags/example_kubernetes_executor.py took 7.622 seconds
[2023-03-27T21:47:17.692+0000] {processor.py:153} INFO - Started process (PID=965) to work on /home/airflow/.local/lib/python3.7/site-packages/airflow/example_dags/example_kubernetes_executor.py
[2023-03-27T21:47:17.817+0000] {processor.py:743} INFO - Processing file /home/airflow/.local/lib/python3.7/site-packages/airflow/example_dags/example_kubernetes_executor.py for tasks to queue
[2023-03-27T21:47:17.834+0000] {logging_mixin.py:137} INFO - [2023-03-27T21:47:17.833+0000] {dagbag.py:532} INFO - Filling up the DagBag from /home/airflow/.local/lib/python3.7/site-packages/airflow/example_dags/example_kubernetes_executor.py
[2023-03-27T21:47:21.353+0000] {processor.py:753} INFO - DAG(s) dict_keys(['example_kubernetes_executor']) retrieved from /home/airflow/.local/lib/python3.7/site-packages/airflow/example_dags/example_kubernetes_executor.py
[2023-03-27T21:47:26.765+0000] {logging_mixin.py:137} INFO - [2023-03-27T21:47:26.763+0000] {dag.py:2693} INFO - Sync 1 DAGs
[2023-03-27T21:47:29.039+0000] {logging_mixin.py:137} INFO - [2023-03-27T21:47:29.038+0000] {dag.py:3444} INFO - Setting next_dagrun for example_kubernetes_executor to None, run_after=None
[2023-03-27T21:47:29.746+0000] {processor.py:175} INFO - Processing /home/airflow/.local/lib/python3.7/site-packages/airflow/example_dags/example_kubernetes_executor.py took 12.159 seconds
[2023-03-27T21:51:13.650+0000] {processor.py:153} INFO - Started process (PID=1046) to work on /home/airflow/.local/lib/python3.7/site-packages/airflow/example_dags/example_kubernetes_executor.py
[2023-03-27T21:51:13.929+0000] {processor.py:743} INFO - Processing file /home/airflow/.local/lib/python3.7/site-packages/airflow/example_dags/example_kubernetes_executor.py for tasks to queue
[2023-03-27T21:51:13.987+0000] {logging_mixin.py:137} INFO - [2023-03-27T21:51:13.950+0000] {dagbag.py:532} INFO - Filling up the DagBag from /home/airflow/.local/lib/python3.7/site-packages/airflow/example_dags/example_kubernetes_executor.py
[2023-03-27T21:51:19.404+0000] {processor.py:753} INFO - DAG(s) dict_keys(['example_kubernetes_executor']) retrieved from /home/airflow/.local/lib/python3.7/site-packages/airflow/example_dags/example_kubernetes_executor.py
[2023-03-27T21:51:26.452+0000] {logging_mixin.py:137} INFO - [2023-03-27T21:51:26.106+0000] {dag.py:2693} INFO - Sync 1 DAGs
[2023-03-27T21:51:29.937+0000] {logging_mixin.py:137} INFO - [2023-03-27T21:51:29.937+0000] {dag.py:3444} INFO - Setting next_dagrun for example_kubernetes_executor to None, run_after=None
[2023-03-27T21:51:31.802+0000] {processor.py:175} INFO - Processing /home/airflow/.local/lib/python3.7/site-packages/airflow/example_dags/example_kubernetes_executor.py took 18.649 seconds
[2023-03-27T21:53:06.674+0000] {processor.py:153} INFO - Started process (PID=1105) to work on /home/airflow/.local/lib/python3.7/site-packages/airflow/example_dags/example_kubernetes_executor.py
[2023-03-27T21:53:06.682+0000] {processor.py:743} INFO - Processing file /home/airflow/.local/lib/python3.7/site-packages/airflow/example_dags/example_kubernetes_executor.py for tasks to queue
[2023-03-27T21:53:06.694+0000] {logging_mixin.py:137} INFO - [2023-03-27T21:53:06.691+0000] {dagbag.py:532} INFO - Filling up the DagBag from /home/airflow/.local/lib/python3.7/site-packages/airflow/example_dags/example_kubernetes_executor.py
[2023-03-27T21:53:07.080+0000] {processor.py:753} INFO - DAG(s) dict_keys(['example_kubernetes_executor']) retrieved from /home/airflow/.local/lib/python3.7/site-packages/airflow/example_dags/example_kubernetes_executor.py
[2023-03-27T21:53:07.711+0000] {logging_mixin.py:137} INFO - [2023-03-27T21:53:07.710+0000] {dag.py:2693} INFO - Sync 1 DAGs
[2023-03-27T21:53:08.170+0000] {logging_mixin.py:137} INFO - [2023-03-27T21:53:08.170+0000] {dag.py:3444} INFO - Setting next_dagrun for example_kubernetes_executor to None, run_after=None
[2023-03-27T21:53:08.451+0000] {processor.py:175} INFO - Processing /home/airflow/.local/lib/python3.7/site-packages/airflow/example_dags/example_kubernetes_executor.py took 1.799 seconds
[2023-03-27T22:24:46.479+0000] {processor.py:153} INFO - Started process (PID=1166) to work on /home/airflow/.local/lib/python3.7/site-packages/airflow/example_dags/example_kubernetes_executor.py
[2023-03-27T22:24:46.496+0000] {processor.py:743} INFO - Processing file /home/airflow/.local/lib/python3.7/site-packages/airflow/example_dags/example_kubernetes_executor.py for tasks to queue
[2023-03-27T22:24:46.517+0000] {logging_mixin.py:137} INFO - [2023-03-27T22:24:46.517+0000] {dagbag.py:532} INFO - Filling up the DagBag from /home/airflow/.local/lib/python3.7/site-packages/airflow/example_dags/example_kubernetes_executor.py
[2023-03-27T22:24:47.136+0000] {processor.py:753} INFO - DAG(s) dict_keys(['example_kubernetes_executor']) retrieved from /home/airflow/.local/lib/python3.7/site-packages/airflow/example_dags/example_kubernetes_executor.py
[2023-03-27T22:24:47.639+0000] {logging_mixin.py:137} INFO - [2023-03-27T22:24:47.639+0000] {dag.py:2693} INFO - Sync 1 DAGs
[2023-03-27T22:24:48.178+0000] {logging_mixin.py:137} INFO - [2023-03-27T22:24:48.178+0000] {dag.py:3444} INFO - Setting next_dagrun for example_kubernetes_executor to None, run_after=None
[2023-03-27T22:24:48.628+0000] {processor.py:175} INFO - Processing /home/airflow/.local/lib/python3.7/site-packages/airflow/example_dags/example_kubernetes_executor.py took 2.189 seconds
[2023-03-27T22:25:34.062+0000] {processor.py:153} INFO - Started process (PID=1221) to work on /home/airflow/.local/lib/python3.7/site-packages/airflow/example_dags/example_kubernetes_executor.py
[2023-03-27T22:25:34.075+0000] {processor.py:743} INFO - Processing file /home/airflow/.local/lib/python3.7/site-packages/airflow/example_dags/example_kubernetes_executor.py for tasks to queue
[2023-03-27T22:25:34.079+0000] {logging_mixin.py:137} INFO - [2023-03-27T22:25:34.079+0000] {dagbag.py:532} INFO - Filling up the DagBag from /home/airflow/.local/lib/python3.7/site-packages/airflow/example_dags/example_kubernetes_executor.py
[2023-03-27T22:25:34.661+0000] {processor.py:753} INFO - DAG(s) dict_keys(['example_kubernetes_executor']) retrieved from /home/airflow/.local/lib/python3.7/site-packages/airflow/example_dags/example_kubernetes_executor.py
[2023-03-27T22:25:34.931+0000] {logging_mixin.py:137} INFO - [2023-03-27T22:25:34.930+0000] {dag.py:2693} INFO - Sync 1 DAGs
[2023-03-27T22:25:41.265+0000] {logging_mixin.py:137} INFO - [2023-03-27T22:25:41.226+0000] {dag.py:3444} INFO - Setting next_dagrun for example_kubernetes_executor to None, run_after=None
[2023-03-27T22:25:42.801+0000] {processor.py:175} INFO - Processing /home/airflow/.local/lib/python3.7/site-packages/airflow/example_dags/example_kubernetes_executor.py took 8.777 seconds
[2023-03-27T22:26:44.006+0000] {processor.py:153} INFO - Started process (PID=1269) to work on /home/airflow/.local/lib/python3.7/site-packages/airflow/example_dags/example_kubernetes_executor.py
[2023-03-27T22:26:44.024+0000] {processor.py:743} INFO - Processing file /home/airflow/.local/lib/python3.7/site-packages/airflow/example_dags/example_kubernetes_executor.py for tasks to queue
[2023-03-27T22:26:44.059+0000] {logging_mixin.py:137} INFO - [2023-03-27T22:26:44.043+0000] {dagbag.py:532} INFO - Filling up the DagBag from /home/airflow/.local/lib/python3.7/site-packages/airflow/example_dags/example_kubernetes_executor.py
[2023-03-27T22:26:44.705+0000] {processor.py:753} INFO - DAG(s) dict_keys(['example_kubernetes_executor']) retrieved from /home/airflow/.local/lib/python3.7/site-packages/airflow/example_dags/example_kubernetes_executor.py
[2023-03-27T22:26:45.294+0000] {logging_mixin.py:137} INFO - [2023-03-27T22:26:45.293+0000] {dag.py:2693} INFO - Sync 1 DAGs
[2023-03-27T22:26:45.635+0000] {logging_mixin.py:137} INFO - [2023-03-27T22:26:45.635+0000] {dag.py:3444} INFO - Setting next_dagrun for example_kubernetes_executor to None, run_after=None
[2023-03-27T22:26:46.040+0000] {processor.py:175} INFO - Processing /home/airflow/.local/lib/python3.7/site-packages/airflow/example_dags/example_kubernetes_executor.py took 2.088 seconds
[2023-03-27T22:28:02.124+0000] {processor.py:153} INFO - Started process (PID=1330) to work on /home/airflow/.local/lib/python3.7/site-packages/airflow/example_dags/example_kubernetes_executor.py
[2023-03-27T22:28:02.159+0000] {processor.py:743} INFO - Processing file /home/airflow/.local/lib/python3.7/site-packages/airflow/example_dags/example_kubernetes_executor.py for tasks to queue
[2023-03-27T22:28:02.165+0000] {logging_mixin.py:137} INFO - [2023-03-27T22:28:02.164+0000] {dagbag.py:532} INFO - Filling up the DagBag from /home/airflow/.local/lib/python3.7/site-packages/airflow/example_dags/example_kubernetes_executor.py
[2023-03-27T22:28:02.916+0000] {processor.py:753} INFO - DAG(s) dict_keys(['example_kubernetes_executor']) retrieved from /home/airflow/.local/lib/python3.7/site-packages/airflow/example_dags/example_kubernetes_executor.py
[2023-03-27T22:28:03.440+0000] {logging_mixin.py:137} INFO - [2023-03-27T22:28:03.432+0000] {dag.py:2693} INFO - Sync 1 DAGs
[2023-03-27T22:28:03.893+0000] {logging_mixin.py:137} INFO - [2023-03-27T22:28:03.893+0000] {dag.py:3444} INFO - Setting next_dagrun for example_kubernetes_executor to None, run_after=None
[2023-03-27T22:28:04.557+0000] {processor.py:175} INFO - Processing /home/airflow/.local/lib/python3.7/site-packages/airflow/example_dags/example_kubernetes_executor.py took 2.477 seconds
[2023-03-27T22:28:57.485+0000] {processor.py:153} INFO - Started process (PID=1371) to work on /home/airflow/.local/lib/python3.7/site-packages/airflow/example_dags/example_kubernetes_executor.py
[2023-03-27T22:28:57.516+0000] {processor.py:743} INFO - Processing file /home/airflow/.local/lib/python3.7/site-packages/airflow/example_dags/example_kubernetes_executor.py for tasks to queue
[2023-03-27T22:28:57.542+0000] {logging_mixin.py:137} INFO - [2023-03-27T22:28:57.542+0000] {dagbag.py:532} INFO - Filling up the DagBag from /home/airflow/.local/lib/python3.7/site-packages/airflow/example_dags/example_kubernetes_executor.py
[2023-03-27T22:28:59.012+0000] {processor.py:753} INFO - DAG(s) dict_keys(['example_kubernetes_executor']) retrieved from /home/airflow/.local/lib/python3.7/site-packages/airflow/example_dags/example_kubernetes_executor.py
[2023-03-27T22:29:00.390+0000] {logging_mixin.py:137} INFO - [2023-03-27T22:29:00.390+0000] {dag.py:2693} INFO - Sync 1 DAGs
[2023-03-27T22:29:01.091+0000] {logging_mixin.py:137} INFO - [2023-03-27T22:29:01.090+0000] {dag.py:3444} INFO - Setting next_dagrun for example_kubernetes_executor to None, run_after=None
[2023-03-27T22:29:01.396+0000] {processor.py:175} INFO - Processing /home/airflow/.local/lib/python3.7/site-packages/airflow/example_dags/example_kubernetes_executor.py took 4.036 seconds
[2023-03-27T22:30:51.958+0000] {processor.py:153} INFO - Started process (PID=1443) to work on /home/airflow/.local/lib/python3.7/site-packages/airflow/example_dags/example_kubernetes_executor.py
[2023-03-27T22:30:52.006+0000] {processor.py:743} INFO - Processing file /home/airflow/.local/lib/python3.7/site-packages/airflow/example_dags/example_kubernetes_executor.py for tasks to queue
[2023-03-27T22:30:52.060+0000] {logging_mixin.py:137} INFO - [2023-03-27T22:30:52.058+0000] {dagbag.py:532} INFO - Filling up the DagBag from /home/airflow/.local/lib/python3.7/site-packages/airflow/example_dags/example_kubernetes_executor.py
[2023-03-27T22:30:54.546+0000] {processor.py:753} INFO - DAG(s) dict_keys(['example_kubernetes_executor']) retrieved from /home/airflow/.local/lib/python3.7/site-packages/airflow/example_dags/example_kubernetes_executor.py
[2023-03-27T22:30:55.533+0000] {logging_mixin.py:137} INFO - [2023-03-27T22:30:55.532+0000] {dag.py:2693} INFO - Sync 1 DAGs
[2023-03-27T22:30:56.258+0000] {logging_mixin.py:137} INFO - [2023-03-27T22:30:56.258+0000] {dag.py:3444} INFO - Setting next_dagrun for example_kubernetes_executor to None, run_after=None
[2023-03-27T22:30:56.670+0000] {processor.py:175} INFO - Processing /home/airflow/.local/lib/python3.7/site-packages/airflow/example_dags/example_kubernetes_executor.py took 5.133 seconds
[2023-03-27T23:09:05.615+0000] {processor.py:153} INFO - Started process (PID=49) to work on /home/airflow/.local/lib/python3.7/site-packages/airflow/example_dags/example_kubernetes_executor.py
[2023-03-27T23:09:05.622+0000] {processor.py:743} INFO - Processing file /home/airflow/.local/lib/python3.7/site-packages/airflow/example_dags/example_kubernetes_executor.py for tasks to queue
[2023-03-27T23:09:05.635+0000] {logging_mixin.py:137} INFO - [2023-03-27T23:09:05.632+0000] {dagbag.py:532} INFO - Filling up the DagBag from /home/airflow/.local/lib/python3.7/site-packages/airflow/example_dags/example_kubernetes_executor.py
[2023-03-27T23:09:06.288+0000] {processor.py:753} INFO - DAG(s) dict_keys(['example_kubernetes_executor']) retrieved from /home/airflow/.local/lib/python3.7/site-packages/airflow/example_dags/example_kubernetes_executor.py
[2023-03-27T23:09:06.688+0000] {logging_mixin.py:137} INFO - [2023-03-27T23:09:06.677+0000] {dag.py:2693} INFO - Sync 1 DAGs
[2023-03-27T23:09:06.950+0000] {logging_mixin.py:137} INFO - [2023-03-27T23:09:06.949+0000] {dag.py:3444} INFO - Setting next_dagrun for example_kubernetes_executor to None, run_after=None
[2023-03-27T23:09:07.308+0000] {processor.py:175} INFO - Processing /home/airflow/.local/lib/python3.7/site-packages/airflow/example_dags/example_kubernetes_executor.py took 1.727 seconds
[2023-03-27T23:10:13.992+0000] {processor.py:153} INFO - Started process (PID=112) to work on /home/airflow/.local/lib/python3.7/site-packages/airflow/example_dags/example_kubernetes_executor.py
[2023-03-27T23:10:13.997+0000] {processor.py:743} INFO - Processing file /home/airflow/.local/lib/python3.7/site-packages/airflow/example_dags/example_kubernetes_executor.py for tasks to queue
[2023-03-27T23:10:14.007+0000] {logging_mixin.py:137} INFO - [2023-03-27T23:10:14.006+0000] {dagbag.py:532} INFO - Filling up the DagBag from /home/airflow/.local/lib/python3.7/site-packages/airflow/example_dags/example_kubernetes_executor.py
[2023-03-27T23:10:14.256+0000] {processor.py:753} INFO - DAG(s) dict_keys(['example_kubernetes_executor']) retrieved from /home/airflow/.local/lib/python3.7/site-packages/airflow/example_dags/example_kubernetes_executor.py
[2023-03-27T23:10:14.475+0000] {logging_mixin.py:137} INFO - [2023-03-27T23:10:14.475+0000] {dag.py:2693} INFO - Sync 1 DAGs
[2023-03-27T23:10:14.652+0000] {logging_mixin.py:137} INFO - [2023-03-27T23:10:14.652+0000] {dag.py:3444} INFO - Setting next_dagrun for example_kubernetes_executor to None, run_after=None
[2023-03-27T23:10:14.790+0000] {processor.py:175} INFO - Processing /home/airflow/.local/lib/python3.7/site-packages/airflow/example_dags/example_kubernetes_executor.py took 0.884 seconds
[2023-03-27T23:10:54.170+0000] {processor.py:153} INFO - Started process (PID=161) to work on /home/airflow/.local/lib/python3.7/site-packages/airflow/example_dags/example_kubernetes_executor.py
[2023-03-27T23:10:54.186+0000] {processor.py:743} INFO - Processing file /home/airflow/.local/lib/python3.7/site-packages/airflow/example_dags/example_kubernetes_executor.py for tasks to queue
[2023-03-27T23:10:54.191+0000] {logging_mixin.py:137} INFO - [2023-03-27T23:10:54.190+0000] {dagbag.py:532} INFO - Filling up the DagBag from /home/airflow/.local/lib/python3.7/site-packages/airflow/example_dags/example_kubernetes_executor.py
[2023-03-27T23:10:54.519+0000] {processor.py:753} INFO - DAG(s) dict_keys(['example_kubernetes_executor']) retrieved from /home/airflow/.local/lib/python3.7/site-packages/airflow/example_dags/example_kubernetes_executor.py
[2023-03-27T23:10:54.818+0000] {logging_mixin.py:137} INFO - [2023-03-27T23:10:54.818+0000] {dag.py:2693} INFO - Sync 1 DAGs
[2023-03-27T23:10:55.025+0000] {logging_mixin.py:137} INFO - [2023-03-27T23:10:55.025+0000] {dag.py:3444} INFO - Setting next_dagrun for example_kubernetes_executor to None, run_after=None
[2023-03-27T23:10:55.119+0000] {processor.py:175} INFO - Processing /home/airflow/.local/lib/python3.7/site-packages/airflow/example_dags/example_kubernetes_executor.py took 0.985 seconds
[2023-03-27T23:11:25.343+0000] {processor.py:153} INFO - Started process (PID=210) to work on /home/airflow/.local/lib/python3.7/site-packages/airflow/example_dags/example_kubernetes_executor.py
[2023-03-27T23:11:25.347+0000] {processor.py:743} INFO - Processing file /home/airflow/.local/lib/python3.7/site-packages/airflow/example_dags/example_kubernetes_executor.py for tasks to queue
[2023-03-27T23:11:25.350+0000] {logging_mixin.py:137} INFO - [2023-03-27T23:11:25.349+0000] {dagbag.py:532} INFO - Filling up the DagBag from /home/airflow/.local/lib/python3.7/site-packages/airflow/example_dags/example_kubernetes_executor.py
[2023-03-27T23:11:25.421+0000] {processor.py:753} INFO - DAG(s) dict_keys(['example_kubernetes_executor']) retrieved from /home/airflow/.local/lib/python3.7/site-packages/airflow/example_dags/example_kubernetes_executor.py
[2023-03-27T23:11:25.479+0000] {logging_mixin.py:137} INFO - [2023-03-27T23:11:25.479+0000] {dag.py:2693} INFO - Sync 1 DAGs
[2023-03-27T23:11:25.545+0000] {logging_mixin.py:137} INFO - [2023-03-27T23:11:25.544+0000] {dag.py:3444} INFO - Setting next_dagrun for example_kubernetes_executor to None, run_after=None
[2023-03-27T23:11:25.585+0000] {processor.py:175} INFO - Processing /home/airflow/.local/lib/python3.7/site-packages/airflow/example_dags/example_kubernetes_executor.py took 0.251 seconds
[2023-03-27T23:12:00.184+0000] {processor.py:153} INFO - Started process (PID=260) to work on /home/airflow/.local/lib/python3.7/site-packages/airflow/example_dags/example_kubernetes_executor.py
[2023-03-27T23:12:00.193+0000] {processor.py:743} INFO - Processing file /home/airflow/.local/lib/python3.7/site-packages/airflow/example_dags/example_kubernetes_executor.py for tasks to queue
[2023-03-27T23:12:00.204+0000] {logging_mixin.py:137} INFO - [2023-03-27T23:12:00.203+0000] {dagbag.py:532} INFO - Filling up the DagBag from /home/airflow/.local/lib/python3.7/site-packages/airflow/example_dags/example_kubernetes_executor.py
[2023-03-27T23:12:01.185+0000] {processor.py:753} INFO - DAG(s) dict_keys(['example_kubernetes_executor']) retrieved from /home/airflow/.local/lib/python3.7/site-packages/airflow/example_dags/example_kubernetes_executor.py
[2023-03-27T23:12:02.219+0000] {logging_mixin.py:137} INFO - [2023-03-27T23:12:02.218+0000] {dag.py:2693} INFO - Sync 1 DAGs
[2023-03-27T23:12:02.773+0000] {logging_mixin.py:137} INFO - [2023-03-27T23:12:02.773+0000] {dag.py:3444} INFO - Setting next_dagrun for example_kubernetes_executor to None, run_after=None
[2023-03-27T23:12:03.483+0000] {processor.py:175} INFO - Processing /home/airflow/.local/lib/python3.7/site-packages/airflow/example_dags/example_kubernetes_executor.py took 3.355 seconds
[2023-03-27T23:12:34.268+0000] {processor.py:153} INFO - Started process (PID=308) to work on /home/airflow/.local/lib/python3.7/site-packages/airflow/example_dags/example_kubernetes_executor.py
[2023-03-27T23:12:34.275+0000] {processor.py:743} INFO - Processing file /home/airflow/.local/lib/python3.7/site-packages/airflow/example_dags/example_kubernetes_executor.py for tasks to queue
[2023-03-27T23:12:34.280+0000] {logging_mixin.py:137} INFO - [2023-03-27T23:12:34.279+0000] {dagbag.py:532} INFO - Filling up the DagBag from /home/airflow/.local/lib/python3.7/site-packages/airflow/example_dags/example_kubernetes_executor.py
[2023-03-27T23:12:34.356+0000] {processor.py:753} INFO - DAG(s) dict_keys(['example_kubernetes_executor']) retrieved from /home/airflow/.local/lib/python3.7/site-packages/airflow/example_dags/example_kubernetes_executor.py
[2023-03-27T23:12:34.427+0000] {logging_mixin.py:137} INFO - [2023-03-27T23:12:34.427+0000] {dag.py:2693} INFO - Sync 1 DAGs
[2023-03-27T23:12:34.519+0000] {logging_mixin.py:137} INFO - [2023-03-27T23:12:34.519+0000] {dag.py:3444} INFO - Setting next_dagrun for example_kubernetes_executor to None, run_after=None
[2023-03-27T23:12:34.608+0000] {processor.py:175} INFO - Processing /home/airflow/.local/lib/python3.7/site-packages/airflow/example_dags/example_kubernetes_executor.py took 0.351 seconds
[2023-03-27T23:13:04.732+0000] {processor.py:153} INFO - Started process (PID=357) to work on /home/airflow/.local/lib/python3.7/site-packages/airflow/example_dags/example_kubernetes_executor.py
[2023-03-27T23:13:04.737+0000] {processor.py:743} INFO - Processing file /home/airflow/.local/lib/python3.7/site-packages/airflow/example_dags/example_kubernetes_executor.py for tasks to queue
[2023-03-27T23:13:04.741+0000] {logging_mixin.py:137} INFO - [2023-03-27T23:13:04.741+0000] {dagbag.py:532} INFO - Filling up the DagBag from /home/airflow/.local/lib/python3.7/site-packages/airflow/example_dags/example_kubernetes_executor.py
[2023-03-27T23:13:04.826+0000] {processor.py:753} INFO - DAG(s) dict_keys(['example_kubernetes_executor']) retrieved from /home/airflow/.local/lib/python3.7/site-packages/airflow/example_dags/example_kubernetes_executor.py
[2023-03-27T23:13:04.895+0000] {logging_mixin.py:137} INFO - [2023-03-27T23:13:04.894+0000] {dag.py:2693} INFO - Sync 1 DAGs
[2023-03-27T23:13:04.962+0000] {logging_mixin.py:137} INFO - [2023-03-27T23:13:04.962+0000] {dag.py:3444} INFO - Setting next_dagrun for example_kubernetes_executor to None, run_after=None
[2023-03-27T23:13:05.008+0000] {processor.py:175} INFO - Processing /home/airflow/.local/lib/python3.7/site-packages/airflow/example_dags/example_kubernetes_executor.py took 0.292 seconds
[2023-03-27T23:13:35.506+0000] {processor.py:153} INFO - Started process (PID=406) to work on /home/airflow/.local/lib/python3.7/site-packages/airflow/example_dags/example_kubernetes_executor.py
[2023-03-27T23:13:35.510+0000] {processor.py:743} INFO - Processing file /home/airflow/.local/lib/python3.7/site-packages/airflow/example_dags/example_kubernetes_executor.py for tasks to queue
[2023-03-27T23:13:35.513+0000] {logging_mixin.py:137} INFO - [2023-03-27T23:13:35.513+0000] {dagbag.py:532} INFO - Filling up the DagBag from /home/airflow/.local/lib/python3.7/site-packages/airflow/example_dags/example_kubernetes_executor.py
[2023-03-27T23:13:35.585+0000] {processor.py:753} INFO - DAG(s) dict_keys(['example_kubernetes_executor']) retrieved from /home/airflow/.local/lib/python3.7/site-packages/airflow/example_dags/example_kubernetes_executor.py
[2023-03-27T23:13:35.656+0000] {logging_mixin.py:137} INFO - [2023-03-27T23:13:35.656+0000] {dag.py:2693} INFO - Sync 1 DAGs
[2023-03-27T23:13:35.701+0000] {logging_mixin.py:137} INFO - [2023-03-27T23:13:35.701+0000] {dag.py:3444} INFO - Setting next_dagrun for example_kubernetes_executor to None, run_after=None
[2023-03-27T23:13:35.747+0000] {processor.py:175} INFO - Processing /home/airflow/.local/lib/python3.7/site-packages/airflow/example_dags/example_kubernetes_executor.py took 0.251 seconds
[2023-03-27T23:14:06.563+0000] {processor.py:153} INFO - Started process (PID=455) to work on /home/airflow/.local/lib/python3.7/site-packages/airflow/example_dags/example_kubernetes_executor.py
[2023-03-27T23:14:06.567+0000] {processor.py:743} INFO - Processing file /home/airflow/.local/lib/python3.7/site-packages/airflow/example_dags/example_kubernetes_executor.py for tasks to queue
[2023-03-27T23:14:06.572+0000] {logging_mixin.py:137} INFO - [2023-03-27T23:14:06.571+0000] {dagbag.py:532} INFO - Filling up the DagBag from /home/airflow/.local/lib/python3.7/site-packages/airflow/example_dags/example_kubernetes_executor.py
[2023-03-27T23:14:06.643+0000] {processor.py:753} INFO - DAG(s) dict_keys(['example_kubernetes_executor']) retrieved from /home/airflow/.local/lib/python3.7/site-packages/airflow/example_dags/example_kubernetes_executor.py
[2023-03-27T23:14:06.717+0000] {logging_mixin.py:137} INFO - [2023-03-27T23:14:06.717+0000] {dag.py:2693} INFO - Sync 1 DAGs
[2023-03-27T23:14:06.772+0000] {logging_mixin.py:137} INFO - [2023-03-27T23:14:06.772+0000] {dag.py:3444} INFO - Setting next_dagrun for example_kubernetes_executor to None, run_after=None
[2023-03-27T23:14:06.817+0000] {processor.py:175} INFO - Processing /home/airflow/.local/lib/python3.7/site-packages/airflow/example_dags/example_kubernetes_executor.py took 0.263 seconds
[2023-03-27T23:14:37.426+0000] {processor.py:153} INFO - Started process (PID=504) to work on /home/airflow/.local/lib/python3.7/site-packages/airflow/example_dags/example_kubernetes_executor.py
[2023-03-27T23:14:37.432+0000] {processor.py:743} INFO - Processing file /home/airflow/.local/lib/python3.7/site-packages/airflow/example_dags/example_kubernetes_executor.py for tasks to queue
[2023-03-27T23:14:37.441+0000] {logging_mixin.py:137} INFO - [2023-03-27T23:14:37.439+0000] {dagbag.py:532} INFO - Filling up the DagBag from /home/airflow/.local/lib/python3.7/site-packages/airflow/example_dags/example_kubernetes_executor.py
[2023-03-27T23:14:37.538+0000] {processor.py:753} INFO - DAG(s) dict_keys(['example_kubernetes_executor']) retrieved from /home/airflow/.local/lib/python3.7/site-packages/airflow/example_dags/example_kubernetes_executor.py
[2023-03-27T23:14:37.599+0000] {logging_mixin.py:137} INFO - [2023-03-27T23:14:37.599+0000] {dag.py:2693} INFO - Sync 1 DAGs
[2023-03-27T23:14:37.665+0000] {logging_mixin.py:137} INFO - [2023-03-27T23:14:37.665+0000] {dag.py:3444} INFO - Setting next_dagrun for example_kubernetes_executor to None, run_after=None
[2023-03-27T23:14:37.723+0000] {processor.py:175} INFO - Processing /home/airflow/.local/lib/python3.7/site-packages/airflow/example_dags/example_kubernetes_executor.py took 0.313 seconds
[2023-03-27T23:15:08.248+0000] {processor.py:153} INFO - Started process (PID=553) to work on /home/airflow/.local/lib/python3.7/site-packages/airflow/example_dags/example_kubernetes_executor.py
[2023-03-27T23:15:08.259+0000] {processor.py:743} INFO - Processing file /home/airflow/.local/lib/python3.7/site-packages/airflow/example_dags/example_kubernetes_executor.py for tasks to queue
[2023-03-27T23:15:08.269+0000] {logging_mixin.py:137} INFO - [2023-03-27T23:15:08.269+0000] {dagbag.py:532} INFO - Filling up the DagBag from /home/airflow/.local/lib/python3.7/site-packages/airflow/example_dags/example_kubernetes_executor.py
[2023-03-27T23:15:08.352+0000] {processor.py:753} INFO - DAG(s) dict_keys(['example_kubernetes_executor']) retrieved from /home/airflow/.local/lib/python3.7/site-packages/airflow/example_dags/example_kubernetes_executor.py
[2023-03-27T23:15:08.536+0000] {logging_mixin.py:137} INFO - [2023-03-27T23:15:08.536+0000] {dag.py:2693} INFO - Sync 1 DAGs
[2023-03-27T23:15:08.608+0000] {logging_mixin.py:137} INFO - [2023-03-27T23:15:08.608+0000] {dag.py:3444} INFO - Setting next_dagrun for example_kubernetes_executor to None, run_after=None
[2023-03-27T23:15:08.681+0000] {processor.py:175} INFO - Processing /home/airflow/.local/lib/python3.7/site-packages/airflow/example_dags/example_kubernetes_executor.py took 0.458 seconds
[2023-03-27T23:15:39.028+0000] {processor.py:153} INFO - Started process (PID=602) to work on /home/airflow/.local/lib/python3.7/site-packages/airflow/example_dags/example_kubernetes_executor.py
[2023-03-27T23:15:39.034+0000] {processor.py:743} INFO - Processing file /home/airflow/.local/lib/python3.7/site-packages/airflow/example_dags/example_kubernetes_executor.py for tasks to queue
[2023-03-27T23:15:39.038+0000] {logging_mixin.py:137} INFO - [2023-03-27T23:15:39.037+0000] {dagbag.py:532} INFO - Filling up the DagBag from /home/airflow/.local/lib/python3.7/site-packages/airflow/example_dags/example_kubernetes_executor.py
[2023-03-27T23:15:39.114+0000] {processor.py:753} INFO - DAG(s) dict_keys(['example_kubernetes_executor']) retrieved from /home/airflow/.local/lib/python3.7/site-packages/airflow/example_dags/example_kubernetes_executor.py
[2023-03-27T23:15:39.178+0000] {logging_mixin.py:137} INFO - [2023-03-27T23:15:39.178+0000] {dag.py:2693} INFO - Sync 1 DAGs
[2023-03-27T23:15:39.238+0000] {logging_mixin.py:137} INFO - [2023-03-27T23:15:39.237+0000] {dag.py:3444} INFO - Setting next_dagrun for example_kubernetes_executor to None, run_after=None
[2023-03-27T23:15:39.282+0000] {processor.py:175} INFO - Processing /home/airflow/.local/lib/python3.7/site-packages/airflow/example_dags/example_kubernetes_executor.py took 0.262 seconds
[2023-03-27T23:16:09.447+0000] {processor.py:153} INFO - Started process (PID=650) to work on /home/airflow/.local/lib/python3.7/site-packages/airflow/example_dags/example_kubernetes_executor.py
[2023-03-27T23:16:09.453+0000] {processor.py:743} INFO - Processing file /home/airflow/.local/lib/python3.7/site-packages/airflow/example_dags/example_kubernetes_executor.py for tasks to queue
[2023-03-27T23:16:09.456+0000] {logging_mixin.py:137} INFO - [2023-03-27T23:16:09.455+0000] {dagbag.py:532} INFO - Filling up the DagBag from /home/airflow/.local/lib/python3.7/site-packages/airflow/example_dags/example_kubernetes_executor.py
[2023-03-27T23:16:09.515+0000] {processor.py:753} INFO - DAG(s) dict_keys(['example_kubernetes_executor']) retrieved from /home/airflow/.local/lib/python3.7/site-packages/airflow/example_dags/example_kubernetes_executor.py
[2023-03-27T23:16:09.580+0000] {logging_mixin.py:137} INFO - [2023-03-27T23:16:09.580+0000] {dag.py:2693} INFO - Sync 1 DAGs
[2023-03-27T23:16:09.633+0000] {logging_mixin.py:137} INFO - [2023-03-27T23:16:09.632+0000] {dag.py:3444} INFO - Setting next_dagrun for example_kubernetes_executor to None, run_after=None
[2023-03-27T23:16:09.676+0000] {processor.py:175} INFO - Processing /home/airflow/.local/lib/python3.7/site-packages/airflow/example_dags/example_kubernetes_executor.py took 0.236 seconds
[2023-03-27T23:16:40.212+0000] {processor.py:153} INFO - Started process (PID=699) to work on /home/airflow/.local/lib/python3.7/site-packages/airflow/example_dags/example_kubernetes_executor.py
[2023-03-27T23:16:40.216+0000] {processor.py:743} INFO - Processing file /home/airflow/.local/lib/python3.7/site-packages/airflow/example_dags/example_kubernetes_executor.py for tasks to queue
[2023-03-27T23:16:40.219+0000] {logging_mixin.py:137} INFO - [2023-03-27T23:16:40.219+0000] {dagbag.py:532} INFO - Filling up the DagBag from /home/airflow/.local/lib/python3.7/site-packages/airflow/example_dags/example_kubernetes_executor.py
[2023-03-27T23:16:40.272+0000] {processor.py:753} INFO - DAG(s) dict_keys(['example_kubernetes_executor']) retrieved from /home/airflow/.local/lib/python3.7/site-packages/airflow/example_dags/example_kubernetes_executor.py
[2023-03-27T23:16:40.330+0000] {logging_mixin.py:137} INFO - [2023-03-27T23:16:40.330+0000] {dag.py:2693} INFO - Sync 1 DAGs
[2023-03-27T23:16:40.378+0000] {logging_mixin.py:137} INFO - [2023-03-27T23:16:40.377+0000] {dag.py:3444} INFO - Setting next_dagrun for example_kubernetes_executor to None, run_after=None
[2023-03-27T23:16:40.424+0000] {processor.py:175} INFO - Processing /home/airflow/.local/lib/python3.7/site-packages/airflow/example_dags/example_kubernetes_executor.py took 0.221 seconds
[2023-03-27T23:17:10.816+0000] {processor.py:153} INFO - Started process (PID=747) to work on /home/airflow/.local/lib/python3.7/site-packages/airflow/example_dags/example_kubernetes_executor.py
[2023-03-27T23:17:10.821+0000] {processor.py:743} INFO - Processing file /home/airflow/.local/lib/python3.7/site-packages/airflow/example_dags/example_kubernetes_executor.py for tasks to queue
[2023-03-27T23:17:10.825+0000] {logging_mixin.py:137} INFO - [2023-03-27T23:17:10.824+0000] {dagbag.py:532} INFO - Filling up the DagBag from /home/airflow/.local/lib/python3.7/site-packages/airflow/example_dags/example_kubernetes_executor.py
[2023-03-27T23:17:10.883+0000] {processor.py:753} INFO - DAG(s) dict_keys(['example_kubernetes_executor']) retrieved from /home/airflow/.local/lib/python3.7/site-packages/airflow/example_dags/example_kubernetes_executor.py
[2023-03-27T23:17:10.947+0000] {logging_mixin.py:137} INFO - [2023-03-27T23:17:10.947+0000] {dag.py:2693} INFO - Sync 1 DAGs
[2023-03-27T23:17:10.999+0000] {logging_mixin.py:137} INFO - [2023-03-27T23:17:10.998+0000] {dag.py:3444} INFO - Setting next_dagrun for example_kubernetes_executor to None, run_after=None
[2023-03-27T23:17:11.047+0000] {processor.py:175} INFO - Processing /home/airflow/.local/lib/python3.7/site-packages/airflow/example_dags/example_kubernetes_executor.py took 0.241 seconds
[2023-03-27T23:17:41.137+0000] {processor.py:153} INFO - Started process (PID=796) to work on /home/airflow/.local/lib/python3.7/site-packages/airflow/example_dags/example_kubernetes_executor.py
[2023-03-27T23:17:41.140+0000] {processor.py:743} INFO - Processing file /home/airflow/.local/lib/python3.7/site-packages/airflow/example_dags/example_kubernetes_executor.py for tasks to queue
[2023-03-27T23:17:41.143+0000] {logging_mixin.py:137} INFO - [2023-03-27T23:17:41.143+0000] {dagbag.py:532} INFO - Filling up the DagBag from /home/airflow/.local/lib/python3.7/site-packages/airflow/example_dags/example_kubernetes_executor.py
[2023-03-27T23:17:41.208+0000] {processor.py:753} INFO - DAG(s) dict_keys(['example_kubernetes_executor']) retrieved from /home/airflow/.local/lib/python3.7/site-packages/airflow/example_dags/example_kubernetes_executor.py
[2023-03-27T23:17:41.284+0000] {logging_mixin.py:137} INFO - [2023-03-27T23:17:41.283+0000] {dag.py:2693} INFO - Sync 1 DAGs
[2023-03-27T23:17:41.331+0000] {logging_mixin.py:137} INFO - [2023-03-27T23:17:41.331+0000] {dag.py:3444} INFO - Setting next_dagrun for example_kubernetes_executor to None, run_after=None
[2023-03-27T23:17:41.373+0000] {processor.py:175} INFO - Processing /home/airflow/.local/lib/python3.7/site-packages/airflow/example_dags/example_kubernetes_executor.py took 0.245 seconds
[2023-03-27T23:18:11.927+0000] {processor.py:153} INFO - Started process (PID=845) to work on /home/airflow/.local/lib/python3.7/site-packages/airflow/example_dags/example_kubernetes_executor.py
[2023-03-27T23:18:11.930+0000] {processor.py:743} INFO - Processing file /home/airflow/.local/lib/python3.7/site-packages/airflow/example_dags/example_kubernetes_executor.py for tasks to queue
[2023-03-27T23:18:11.934+0000] {logging_mixin.py:137} INFO - [2023-03-27T23:18:11.934+0000] {dagbag.py:532} INFO - Filling up the DagBag from /home/airflow/.local/lib/python3.7/site-packages/airflow/example_dags/example_kubernetes_executor.py
[2023-03-27T23:18:12.002+0000] {processor.py:753} INFO - DAG(s) dict_keys(['example_kubernetes_executor']) retrieved from /home/airflow/.local/lib/python3.7/site-packages/airflow/example_dags/example_kubernetes_executor.py
[2023-03-27T23:18:12.072+0000] {logging_mixin.py:137} INFO - [2023-03-27T23:18:12.072+0000] {dag.py:2693} INFO - Sync 1 DAGs
[2023-03-27T23:18:12.131+0000] {logging_mixin.py:137} INFO - [2023-03-27T23:18:12.130+0000] {dag.py:3444} INFO - Setting next_dagrun for example_kubernetes_executor to None, run_after=None
[2023-03-27T23:18:12.179+0000] {processor.py:175} INFO - Processing /home/airflow/.local/lib/python3.7/site-packages/airflow/example_dags/example_kubernetes_executor.py took 0.259 seconds
[2023-03-27T23:18:42.628+0000] {processor.py:153} INFO - Started process (PID=894) to work on /home/airflow/.local/lib/python3.7/site-packages/airflow/example_dags/example_kubernetes_executor.py
[2023-03-27T23:18:42.633+0000] {processor.py:743} INFO - Processing file /home/airflow/.local/lib/python3.7/site-packages/airflow/example_dags/example_kubernetes_executor.py for tasks to queue
[2023-03-27T23:18:42.638+0000] {logging_mixin.py:137} INFO - [2023-03-27T23:18:42.637+0000] {dagbag.py:532} INFO - Filling up the DagBag from /home/airflow/.local/lib/python3.7/site-packages/airflow/example_dags/example_kubernetes_executor.py
[2023-03-27T23:18:42.835+0000] {processor.py:753} INFO - DAG(s) dict_keys(['example_kubernetes_executor']) retrieved from /home/airflow/.local/lib/python3.7/site-packages/airflow/example_dags/example_kubernetes_executor.py
[2023-03-27T23:18:42.981+0000] {logging_mixin.py:137} INFO - [2023-03-27T23:18:42.980+0000] {dag.py:2693} INFO - Sync 1 DAGs
[2023-03-27T23:18:43.060+0000] {logging_mixin.py:137} INFO - [2023-03-27T23:18:43.059+0000] {dag.py:3444} INFO - Setting next_dagrun for example_kubernetes_executor to None, run_after=None
[2023-03-27T23:18:43.119+0000] {processor.py:175} INFO - Processing /home/airflow/.local/lib/python3.7/site-packages/airflow/example_dags/example_kubernetes_executor.py took 0.502 seconds
[2023-03-27T23:19:13.332+0000] {processor.py:153} INFO - Started process (PID=943) to work on /home/airflow/.local/lib/python3.7/site-packages/airflow/example_dags/example_kubernetes_executor.py
[2023-03-27T23:19:13.339+0000] {processor.py:743} INFO - Processing file /home/airflow/.local/lib/python3.7/site-packages/airflow/example_dags/example_kubernetes_executor.py for tasks to queue
[2023-03-27T23:19:13.341+0000] {logging_mixin.py:137} INFO - [2023-03-27T23:19:13.341+0000] {dagbag.py:532} INFO - Filling up the DagBag from /home/airflow/.local/lib/python3.7/site-packages/airflow/example_dags/example_kubernetes_executor.py
[2023-03-27T23:19:13.398+0000] {processor.py:753} INFO - DAG(s) dict_keys(['example_kubernetes_executor']) retrieved from /home/airflow/.local/lib/python3.7/site-packages/airflow/example_dags/example_kubernetes_executor.py
[2023-03-27T23:19:13.456+0000] {logging_mixin.py:137} INFO - [2023-03-27T23:19:13.456+0000] {dag.py:2693} INFO - Sync 1 DAGs
[2023-03-27T23:19:13.584+0000] {logging_mixin.py:137} INFO - [2023-03-27T23:19:13.584+0000] {dag.py:3444} INFO - Setting next_dagrun for example_kubernetes_executor to None, run_after=None
[2023-03-27T23:19:13.654+0000] {processor.py:175} INFO - Processing /home/airflow/.local/lib/python3.7/site-packages/airflow/example_dags/example_kubernetes_executor.py took 0.330 seconds
[2023-03-27T23:19:43.870+0000] {processor.py:153} INFO - Started process (PID=992) to work on /home/airflow/.local/lib/python3.7/site-packages/airflow/example_dags/example_kubernetes_executor.py
[2023-03-27T23:19:43.875+0000] {processor.py:743} INFO - Processing file /home/airflow/.local/lib/python3.7/site-packages/airflow/example_dags/example_kubernetes_executor.py for tasks to queue
[2023-03-27T23:19:43.880+0000] {logging_mixin.py:137} INFO - [2023-03-27T23:19:43.879+0000] {dagbag.py:532} INFO - Filling up the DagBag from /home/airflow/.local/lib/python3.7/site-packages/airflow/example_dags/example_kubernetes_executor.py
[2023-03-27T23:19:43.953+0000] {processor.py:753} INFO - DAG(s) dict_keys(['example_kubernetes_executor']) retrieved from /home/airflow/.local/lib/python3.7/site-packages/airflow/example_dags/example_kubernetes_executor.py
[2023-03-27T23:19:44.047+0000] {logging_mixin.py:137} INFO - [2023-03-27T23:19:44.047+0000] {dag.py:2693} INFO - Sync 1 DAGs
[2023-03-27T23:19:44.131+0000] {logging_mixin.py:137} INFO - [2023-03-27T23:19:44.130+0000] {dag.py:3444} INFO - Setting next_dagrun for example_kubernetes_executor to None, run_after=None
[2023-03-27T23:19:44.215+0000] {processor.py:175} INFO - Processing /home/airflow/.local/lib/python3.7/site-packages/airflow/example_dags/example_kubernetes_executor.py took 0.357 seconds
[2023-03-27T23:20:14.818+0000] {processor.py:153} INFO - Started process (PID=1041) to work on /home/airflow/.local/lib/python3.7/site-packages/airflow/example_dags/example_kubernetes_executor.py
[2023-03-27T23:20:14.829+0000] {processor.py:743} INFO - Processing file /home/airflow/.local/lib/python3.7/site-packages/airflow/example_dags/example_kubernetes_executor.py for tasks to queue
[2023-03-27T23:20:14.837+0000] {logging_mixin.py:137} INFO - [2023-03-27T23:20:14.837+0000] {dagbag.py:532} INFO - Filling up the DagBag from /home/airflow/.local/lib/python3.7/site-packages/airflow/example_dags/example_kubernetes_executor.py
[2023-03-27T23:20:14.936+0000] {processor.py:753} INFO - DAG(s) dict_keys(['example_kubernetes_executor']) retrieved from /home/airflow/.local/lib/python3.7/site-packages/airflow/example_dags/example_kubernetes_executor.py
[2023-03-27T23:20:15.022+0000] {logging_mixin.py:137} INFO - [2023-03-27T23:20:15.022+0000] {dag.py:2693} INFO - Sync 1 DAGs
[2023-03-27T23:20:15.083+0000] {logging_mixin.py:137} INFO - [2023-03-27T23:20:15.083+0000] {dag.py:3444} INFO - Setting next_dagrun for example_kubernetes_executor to None, run_after=None
[2023-03-27T23:20:15.125+0000] {processor.py:175} INFO - Processing /home/airflow/.local/lib/python3.7/site-packages/airflow/example_dags/example_kubernetes_executor.py took 0.318 seconds
[2023-03-27T23:20:45.292+0000] {processor.py:153} INFO - Started process (PID=1090) to work on /home/airflow/.local/lib/python3.7/site-packages/airflow/example_dags/example_kubernetes_executor.py
[2023-03-27T23:20:45.300+0000] {processor.py:743} INFO - Processing file /home/airflow/.local/lib/python3.7/site-packages/airflow/example_dags/example_kubernetes_executor.py for tasks to queue
[2023-03-27T23:20:45.305+0000] {logging_mixin.py:137} INFO - [2023-03-27T23:20:45.305+0000] {dagbag.py:532} INFO - Filling up the DagBag from /home/airflow/.local/lib/python3.7/site-packages/airflow/example_dags/example_kubernetes_executor.py
[2023-03-27T23:20:45.419+0000] {processor.py:753} INFO - DAG(s) dict_keys(['example_kubernetes_executor']) retrieved from /home/airflow/.local/lib/python3.7/site-packages/airflow/example_dags/example_kubernetes_executor.py
[2023-03-27T23:20:45.504+0000] {logging_mixin.py:137} INFO - [2023-03-27T23:20:45.504+0000] {dag.py:2693} INFO - Sync 1 DAGs
[2023-03-27T23:20:45.566+0000] {logging_mixin.py:137} INFO - [2023-03-27T23:20:45.566+0000] {dag.py:3444} INFO - Setting next_dagrun for example_kubernetes_executor to None, run_after=None
[2023-03-27T23:20:45.621+0000] {processor.py:175} INFO - Processing /home/airflow/.local/lib/python3.7/site-packages/airflow/example_dags/example_kubernetes_executor.py took 0.351 seconds
[2023-03-27T23:21:15.743+0000] {processor.py:153} INFO - Started process (PID=1139) to work on /home/airflow/.local/lib/python3.7/site-packages/airflow/example_dags/example_kubernetes_executor.py
[2023-03-27T23:21:15.747+0000] {processor.py:743} INFO - Processing file /home/airflow/.local/lib/python3.7/site-packages/airflow/example_dags/example_kubernetes_executor.py for tasks to queue
[2023-03-27T23:21:15.750+0000] {logging_mixin.py:137} INFO - [2023-03-27T23:21:15.750+0000] {dagbag.py:532} INFO - Filling up the DagBag from /home/airflow/.local/lib/python3.7/site-packages/airflow/example_dags/example_kubernetes_executor.py
[2023-03-27T23:21:15.820+0000] {processor.py:753} INFO - DAG(s) dict_keys(['example_kubernetes_executor']) retrieved from /home/airflow/.local/lib/python3.7/site-packages/airflow/example_dags/example_kubernetes_executor.py
[2023-03-27T23:21:15.893+0000] {logging_mixin.py:137} INFO - [2023-03-27T23:21:15.893+0000] {dag.py:2693} INFO - Sync 1 DAGs
[2023-03-27T23:21:15.949+0000] {logging_mixin.py:137} INFO - [2023-03-27T23:21:15.949+0000] {dag.py:3444} INFO - Setting next_dagrun for example_kubernetes_executor to None, run_after=None
[2023-03-27T23:21:15.994+0000] {processor.py:175} INFO - Processing /home/airflow/.local/lib/python3.7/site-packages/airflow/example_dags/example_kubernetes_executor.py took 0.259 seconds
[2023-03-27T23:21:46.121+0000] {processor.py:153} INFO - Started process (PID=1188) to work on /home/airflow/.local/lib/python3.7/site-packages/airflow/example_dags/example_kubernetes_executor.py
[2023-03-27T23:21:46.125+0000] {processor.py:743} INFO - Processing file /home/airflow/.local/lib/python3.7/site-packages/airflow/example_dags/example_kubernetes_executor.py for tasks to queue
[2023-03-27T23:21:46.133+0000] {logging_mixin.py:137} INFO - [2023-03-27T23:21:46.133+0000] {dagbag.py:532} INFO - Filling up the DagBag from /home/airflow/.local/lib/python3.7/site-packages/airflow/example_dags/example_kubernetes_executor.py
[2023-03-27T23:21:46.290+0000] {processor.py:753} INFO - DAG(s) dict_keys(['example_kubernetes_executor']) retrieved from /home/airflow/.local/lib/python3.7/site-packages/airflow/example_dags/example_kubernetes_executor.py
[2023-03-27T23:21:46.375+0000] {logging_mixin.py:137} INFO - [2023-03-27T23:21:46.375+0000] {dag.py:2693} INFO - Sync 1 DAGs
[2023-03-27T23:21:46.471+0000] {logging_mixin.py:137} INFO - [2023-03-27T23:21:46.471+0000] {dag.py:3444} INFO - Setting next_dagrun for example_kubernetes_executor to None, run_after=None
[2023-03-27T23:21:46.530+0000] {processor.py:175} INFO - Processing /home/airflow/.local/lib/python3.7/site-packages/airflow/example_dags/example_kubernetes_executor.py took 0.424 seconds
[2023-03-27T23:22:16.807+0000] {processor.py:153} INFO - Started process (PID=1238) to work on /home/airflow/.local/lib/python3.7/site-packages/airflow/example_dags/example_kubernetes_executor.py
[2023-03-27T23:22:16.811+0000] {processor.py:743} INFO - Processing file /home/airflow/.local/lib/python3.7/site-packages/airflow/example_dags/example_kubernetes_executor.py for tasks to queue
[2023-03-27T23:22:16.815+0000] {logging_mixin.py:137} INFO - [2023-03-27T23:22:16.815+0000] {dagbag.py:532} INFO - Filling up the DagBag from /home/airflow/.local/lib/python3.7/site-packages/airflow/example_dags/example_kubernetes_executor.py
[2023-03-27T23:22:16.894+0000] {processor.py:753} INFO - DAG(s) dict_keys(['example_kubernetes_executor']) retrieved from /home/airflow/.local/lib/python3.7/site-packages/airflow/example_dags/example_kubernetes_executor.py
[2023-03-27T23:22:16.970+0000] {logging_mixin.py:137} INFO - [2023-03-27T23:22:16.969+0000] {dag.py:2693} INFO - Sync 1 DAGs
[2023-03-27T23:22:17.103+0000] {logging_mixin.py:137} INFO - [2023-03-27T23:22:17.103+0000] {dag.py:3444} INFO - Setting next_dagrun for example_kubernetes_executor to None, run_after=None
[2023-03-27T23:22:17.145+0000] {processor.py:175} INFO - Processing /home/airflow/.local/lib/python3.7/site-packages/airflow/example_dags/example_kubernetes_executor.py took 0.378 seconds
[2023-03-27T23:22:47.776+0000] {processor.py:153} INFO - Started process (PID=1286) to work on /home/airflow/.local/lib/python3.7/site-packages/airflow/example_dags/example_kubernetes_executor.py
[2023-03-27T23:22:47.786+0000] {processor.py:743} INFO - Processing file /home/airflow/.local/lib/python3.7/site-packages/airflow/example_dags/example_kubernetes_executor.py for tasks to queue
[2023-03-27T23:22:47.792+0000] {logging_mixin.py:137} INFO - [2023-03-27T23:22:47.791+0000] {dagbag.py:532} INFO - Filling up the DagBag from /home/airflow/.local/lib/python3.7/site-packages/airflow/example_dags/example_kubernetes_executor.py
[2023-03-27T23:22:47.907+0000] {processor.py:753} INFO - DAG(s) dict_keys(['example_kubernetes_executor']) retrieved from /home/airflow/.local/lib/python3.7/site-packages/airflow/example_dags/example_kubernetes_executor.py
[2023-03-27T23:22:48.067+0000] {logging_mixin.py:137} INFO - [2023-03-27T23:22:48.067+0000] {dag.py:2693} INFO - Sync 1 DAGs
[2023-03-27T23:22:48.251+0000] {logging_mixin.py:137} INFO - [2023-03-27T23:22:48.251+0000] {dag.py:3444} INFO - Setting next_dagrun for example_kubernetes_executor to None, run_after=None
[2023-03-27T23:22:48.320+0000] {processor.py:175} INFO - Processing /home/airflow/.local/lib/python3.7/site-packages/airflow/example_dags/example_kubernetes_executor.py took 0.568 seconds
[2023-03-27T23:23:18.506+0000] {processor.py:153} INFO - Started process (PID=1336) to work on /home/airflow/.local/lib/python3.7/site-packages/airflow/example_dags/example_kubernetes_executor.py
[2023-03-27T23:23:18.511+0000] {processor.py:743} INFO - Processing file /home/airflow/.local/lib/python3.7/site-packages/airflow/example_dags/example_kubernetes_executor.py for tasks to queue
[2023-03-27T23:23:18.517+0000] {logging_mixin.py:137} INFO - [2023-03-27T23:23:18.516+0000] {dagbag.py:532} INFO - Filling up the DagBag from /home/airflow/.local/lib/python3.7/site-packages/airflow/example_dags/example_kubernetes_executor.py
[2023-03-27T23:23:18.607+0000] {processor.py:753} INFO - DAG(s) dict_keys(['example_kubernetes_executor']) retrieved from /home/airflow/.local/lib/python3.7/site-packages/airflow/example_dags/example_kubernetes_executor.py
[2023-03-27T23:23:18.739+0000] {logging_mixin.py:137} INFO - [2023-03-27T23:23:18.739+0000] {dag.py:2693} INFO - Sync 1 DAGs
[2023-03-27T23:23:18.810+0000] {logging_mixin.py:137} INFO - [2023-03-27T23:23:18.810+0000] {dag.py:3444} INFO - Setting next_dagrun for example_kubernetes_executor to None, run_after=None
[2023-03-27T23:23:18.851+0000] {processor.py:175} INFO - Processing /home/airflow/.local/lib/python3.7/site-packages/airflow/example_dags/example_kubernetes_executor.py took 0.362 seconds
[2023-03-27T23:23:48.987+0000] {processor.py:153} INFO - Started process (PID=1384) to work on /home/airflow/.local/lib/python3.7/site-packages/airflow/example_dags/example_kubernetes_executor.py
[2023-03-27T23:23:48.992+0000] {processor.py:743} INFO - Processing file /home/airflow/.local/lib/python3.7/site-packages/airflow/example_dags/example_kubernetes_executor.py for tasks to queue
[2023-03-27T23:23:48.999+0000] {logging_mixin.py:137} INFO - [2023-03-27T23:23:48.998+0000] {dagbag.py:532} INFO - Filling up the DagBag from /home/airflow/.local/lib/python3.7/site-packages/airflow/example_dags/example_kubernetes_executor.py
[2023-03-27T23:23:49.078+0000] {processor.py:753} INFO - DAG(s) dict_keys(['example_kubernetes_executor']) retrieved from /home/airflow/.local/lib/python3.7/site-packages/airflow/example_dags/example_kubernetes_executor.py
[2023-03-27T23:23:49.187+0000] {logging_mixin.py:137} INFO - [2023-03-27T23:23:49.186+0000] {dag.py:2693} INFO - Sync 1 DAGs
[2023-03-27T23:23:49.358+0000] {logging_mixin.py:137} INFO - [2023-03-27T23:23:49.358+0000] {dag.py:3444} INFO - Setting next_dagrun for example_kubernetes_executor to None, run_after=None
[2023-03-27T23:23:49.530+0000] {processor.py:175} INFO - Processing /home/airflow/.local/lib/python3.7/site-packages/airflow/example_dags/example_kubernetes_executor.py took 0.559 seconds
[2023-03-27T23:24:20.392+0000] {processor.py:153} INFO - Started process (PID=1432) to work on /home/airflow/.local/lib/python3.7/site-packages/airflow/example_dags/example_kubernetes_executor.py
[2023-03-27T23:24:20.404+0000] {processor.py:743} INFO - Processing file /home/airflow/.local/lib/python3.7/site-packages/airflow/example_dags/example_kubernetes_executor.py for tasks to queue
[2023-03-27T23:24:20.407+0000] {logging_mixin.py:137} INFO - [2023-03-27T23:24:20.406+0000] {dagbag.py:532} INFO - Filling up the DagBag from /home/airflow/.local/lib/python3.7/site-packages/airflow/example_dags/example_kubernetes_executor.py
[2023-03-27T23:24:20.578+0000] {processor.py:753} INFO - DAG(s) dict_keys(['example_kubernetes_executor']) retrieved from /home/airflow/.local/lib/python3.7/site-packages/airflow/example_dags/example_kubernetes_executor.py
[2023-03-27T23:24:20.830+0000] {logging_mixin.py:137} INFO - [2023-03-27T23:24:20.829+0000] {dag.py:2693} INFO - Sync 1 DAGs
[2023-03-27T23:24:22.317+0000] {logging_mixin.py:137} INFO - [2023-03-27T23:24:22.317+0000] {dag.py:3444} INFO - Setting next_dagrun for example_kubernetes_executor to None, run_after=None
[2023-03-27T23:24:22.426+0000] {processor.py:175} INFO - Processing /home/airflow/.local/lib/python3.7/site-packages/airflow/example_dags/example_kubernetes_executor.py took 2.041 seconds
[2023-03-27T23:54:54.287+0000] {processor.py:153} INFO - Started process (PID=1491) to work on /home/airflow/.local/lib/python3.7/site-packages/airflow/example_dags/example_kubernetes_executor.py
[2023-03-27T23:54:54.302+0000] {processor.py:743} INFO - Processing file /home/airflow/.local/lib/python3.7/site-packages/airflow/example_dags/example_kubernetes_executor.py for tasks to queue
[2023-03-27T23:54:54.312+0000] {logging_mixin.py:137} INFO - [2023-03-27T23:54:54.312+0000] {dagbag.py:532} INFO - Filling up the DagBag from /home/airflow/.local/lib/python3.7/site-packages/airflow/example_dags/example_kubernetes_executor.py
[2023-03-27T23:54:54.694+0000] {processor.py:753} INFO - DAG(s) dict_keys(['example_kubernetes_executor']) retrieved from /home/airflow/.local/lib/python3.7/site-packages/airflow/example_dags/example_kubernetes_executor.py
[2023-03-27T23:54:55.294+0000] {logging_mixin.py:137} INFO - [2023-03-27T23:54:55.293+0000] {dag.py:2693} INFO - Sync 1 DAGs
[2023-03-27T23:54:55.531+0000] {logging_mixin.py:137} INFO - [2023-03-27T23:54:55.531+0000] {dag.py:3444} INFO - Setting next_dagrun for example_kubernetes_executor to None, run_after=None
[2023-03-27T23:54:55.672+0000] {processor.py:175} INFO - Processing /home/airflow/.local/lib/python3.7/site-packages/airflow/example_dags/example_kubernetes_executor.py took 1.407 seconds
[2023-03-27T23:55:26.314+0000] {processor.py:153} INFO - Started process (PID=1539) to work on /home/airflow/.local/lib/python3.7/site-packages/airflow/example_dags/example_kubernetes_executor.py
[2023-03-27T23:55:26.318+0000] {processor.py:743} INFO - Processing file /home/airflow/.local/lib/python3.7/site-packages/airflow/example_dags/example_kubernetes_executor.py for tasks to queue
[2023-03-27T23:55:26.321+0000] {logging_mixin.py:137} INFO - [2023-03-27T23:55:26.320+0000] {dagbag.py:532} INFO - Filling up the DagBag from /home/airflow/.local/lib/python3.7/site-packages/airflow/example_dags/example_kubernetes_executor.py
[2023-03-27T23:55:26.571+0000] {processor.py:753} INFO - DAG(s) dict_keys(['example_kubernetes_executor']) retrieved from /home/airflow/.local/lib/python3.7/site-packages/airflow/example_dags/example_kubernetes_executor.py
[2023-03-27T23:55:26.724+0000] {logging_mixin.py:137} INFO - [2023-03-27T23:55:26.724+0000] {dag.py:2693} INFO - Sync 1 DAGs
[2023-03-27T23:55:26.867+0000] {logging_mixin.py:137} INFO - [2023-03-27T23:55:26.867+0000] {dag.py:3444} INFO - Setting next_dagrun for example_kubernetes_executor to None, run_after=None
[2023-03-27T23:55:26.956+0000] {processor.py:175} INFO - Processing /home/airflow/.local/lib/python3.7/site-packages/airflow/example_dags/example_kubernetes_executor.py took 0.655 seconds
[2023-03-27T23:55:57.254+0000] {processor.py:153} INFO - Started process (PID=1588) to work on /home/airflow/.local/lib/python3.7/site-packages/airflow/example_dags/example_kubernetes_executor.py
[2023-03-27T23:55:57.259+0000] {processor.py:743} INFO - Processing file /home/airflow/.local/lib/python3.7/site-packages/airflow/example_dags/example_kubernetes_executor.py for tasks to queue
[2023-03-27T23:55:57.264+0000] {logging_mixin.py:137} INFO - [2023-03-27T23:55:57.263+0000] {dagbag.py:532} INFO - Filling up the DagBag from /home/airflow/.local/lib/python3.7/site-packages/airflow/example_dags/example_kubernetes_executor.py
[2023-03-27T23:55:57.351+0000] {processor.py:753} INFO - DAG(s) dict_keys(['example_kubernetes_executor']) retrieved from /home/airflow/.local/lib/python3.7/site-packages/airflow/example_dags/example_kubernetes_executor.py
[2023-03-27T23:55:57.428+0000] {logging_mixin.py:137} INFO - [2023-03-27T23:55:57.428+0000] {dag.py:2693} INFO - Sync 1 DAGs
[2023-03-27T23:55:57.475+0000] {logging_mixin.py:137} INFO - [2023-03-27T23:55:57.474+0000] {dag.py:3444} INFO - Setting next_dagrun for example_kubernetes_executor to None, run_after=None
[2023-03-27T23:55:57.799+0000] {processor.py:175} INFO - Processing /home/airflow/.local/lib/python3.7/site-packages/airflow/example_dags/example_kubernetes_executor.py took 0.560 seconds
[2023-03-27T23:56:28.012+0000] {processor.py:153} INFO - Started process (PID=1637) to work on /home/airflow/.local/lib/python3.7/site-packages/airflow/example_dags/example_kubernetes_executor.py
[2023-03-27T23:56:28.017+0000] {processor.py:743} INFO - Processing file /home/airflow/.local/lib/python3.7/site-packages/airflow/example_dags/example_kubernetes_executor.py for tasks to queue
[2023-03-27T23:56:28.024+0000] {logging_mixin.py:137} INFO - [2023-03-27T23:56:28.022+0000] {dagbag.py:532} INFO - Filling up the DagBag from /home/airflow/.local/lib/python3.7/site-packages/airflow/example_dags/example_kubernetes_executor.py
[2023-03-27T23:56:28.110+0000] {processor.py:753} INFO - DAG(s) dict_keys(['example_kubernetes_executor']) retrieved from /home/airflow/.local/lib/python3.7/site-packages/airflow/example_dags/example_kubernetes_executor.py
[2023-03-27T23:56:28.386+0000] {logging_mixin.py:137} INFO - [2023-03-27T23:56:28.386+0000] {dag.py:2693} INFO - Sync 1 DAGs
[2023-03-27T23:56:28.431+0000] {logging_mixin.py:137} INFO - [2023-03-27T23:56:28.431+0000] {dag.py:3444} INFO - Setting next_dagrun for example_kubernetes_executor to None, run_after=None
[2023-03-27T23:56:28.472+0000] {processor.py:175} INFO - Processing /home/airflow/.local/lib/python3.7/site-packages/airflow/example_dags/example_kubernetes_executor.py took 0.466 seconds
[2023-03-27T23:56:58.731+0000] {processor.py:153} INFO - Started process (PID=1686) to work on /home/airflow/.local/lib/python3.7/site-packages/airflow/example_dags/example_kubernetes_executor.py
[2023-03-27T23:56:58.734+0000] {processor.py:743} INFO - Processing file /home/airflow/.local/lib/python3.7/site-packages/airflow/example_dags/example_kubernetes_executor.py for tasks to queue
[2023-03-27T23:56:58.739+0000] {logging_mixin.py:137} INFO - [2023-03-27T23:56:58.738+0000] {dagbag.py:532} INFO - Filling up the DagBag from /home/airflow/.local/lib/python3.7/site-packages/airflow/example_dags/example_kubernetes_executor.py
[2023-03-27T23:56:58.807+0000] {processor.py:753} INFO - DAG(s) dict_keys(['example_kubernetes_executor']) retrieved from /home/airflow/.local/lib/python3.7/site-packages/airflow/example_dags/example_kubernetes_executor.py
[2023-03-27T23:56:58.870+0000] {logging_mixin.py:137} INFO - [2023-03-27T23:56:58.870+0000] {dag.py:2693} INFO - Sync 1 DAGs
[2023-03-27T23:56:58.924+0000] {logging_mixin.py:137} INFO - [2023-03-27T23:56:58.923+0000] {dag.py:3444} INFO - Setting next_dagrun for example_kubernetes_executor to None, run_after=None
[2023-03-27T23:56:58.970+0000] {processor.py:175} INFO - Processing /home/airflow/.local/lib/python3.7/site-packages/airflow/example_dags/example_kubernetes_executor.py took 0.247 seconds
[2023-03-27T23:57:29.613+0000] {processor.py:153} INFO - Started process (PID=1735) to work on /home/airflow/.local/lib/python3.7/site-packages/airflow/example_dags/example_kubernetes_executor.py
[2023-03-27T23:57:29.617+0000] {processor.py:743} INFO - Processing file /home/airflow/.local/lib/python3.7/site-packages/airflow/example_dags/example_kubernetes_executor.py for tasks to queue
[2023-03-27T23:57:29.620+0000] {logging_mixin.py:137} INFO - [2023-03-27T23:57:29.620+0000] {dagbag.py:532} INFO - Filling up the DagBag from /home/airflow/.local/lib/python3.7/site-packages/airflow/example_dags/example_kubernetes_executor.py
[2023-03-27T23:57:29.696+0000] {processor.py:753} INFO - DAG(s) dict_keys(['example_kubernetes_executor']) retrieved from /home/airflow/.local/lib/python3.7/site-packages/airflow/example_dags/example_kubernetes_executor.py
[2023-03-27T23:57:29.762+0000] {logging_mixin.py:137} INFO - [2023-03-27T23:57:29.761+0000] {dag.py:2693} INFO - Sync 1 DAGs
[2023-03-27T23:57:29.833+0000] {logging_mixin.py:137} INFO - [2023-03-27T23:57:29.832+0000] {dag.py:3444} INFO - Setting next_dagrun for example_kubernetes_executor to None, run_after=None
[2023-03-27T23:57:29.892+0000] {processor.py:175} INFO - Processing /home/airflow/.local/lib/python3.7/site-packages/airflow/example_dags/example_kubernetes_executor.py took 0.295 seconds
[2023-03-27T23:58:00.232+0000] {processor.py:153} INFO - Started process (PID=1784) to work on /home/airflow/.local/lib/python3.7/site-packages/airflow/example_dags/example_kubernetes_executor.py
[2023-03-27T23:58:00.236+0000] {processor.py:743} INFO - Processing file /home/airflow/.local/lib/python3.7/site-packages/airflow/example_dags/example_kubernetes_executor.py for tasks to queue
[2023-03-27T23:58:00.238+0000] {logging_mixin.py:137} INFO - [2023-03-27T23:58:00.238+0000] {dagbag.py:532} INFO - Filling up the DagBag from /home/airflow/.local/lib/python3.7/site-packages/airflow/example_dags/example_kubernetes_executor.py
[2023-03-27T23:58:00.308+0000] {processor.py:753} INFO - DAG(s) dict_keys(['example_kubernetes_executor']) retrieved from /home/airflow/.local/lib/python3.7/site-packages/airflow/example_dags/example_kubernetes_executor.py
[2023-03-27T23:58:00.368+0000] {logging_mixin.py:137} INFO - [2023-03-27T23:58:00.368+0000] {dag.py:2693} INFO - Sync 1 DAGs
[2023-03-27T23:58:00.429+0000] {logging_mixin.py:137} INFO - [2023-03-27T23:58:00.429+0000] {dag.py:3444} INFO - Setting next_dagrun for example_kubernetes_executor to None, run_after=None
[2023-03-27T23:58:00.883+0000] {processor.py:175} INFO - Processing /home/airflow/.local/lib/python3.7/site-packages/airflow/example_dags/example_kubernetes_executor.py took 0.656 seconds
[2023-03-27T23:58:31.528+0000] {processor.py:153} INFO - Started process (PID=1834) to work on /home/airflow/.local/lib/python3.7/site-packages/airflow/example_dags/example_kubernetes_executor.py
[2023-03-27T23:58:31.532+0000] {processor.py:743} INFO - Processing file /home/airflow/.local/lib/python3.7/site-packages/airflow/example_dags/example_kubernetes_executor.py for tasks to queue
[2023-03-27T23:58:31.552+0000] {logging_mixin.py:137} INFO - [2023-03-27T23:58:31.550+0000] {dagbag.py:532} INFO - Filling up the DagBag from /home/airflow/.local/lib/python3.7/site-packages/airflow/example_dags/example_kubernetes_executor.py
[2023-03-27T23:58:31.705+0000] {processor.py:753} INFO - DAG(s) dict_keys(['example_kubernetes_executor']) retrieved from /home/airflow/.local/lib/python3.7/site-packages/airflow/example_dags/example_kubernetes_executor.py
[2023-03-27T23:58:32.134+0000] {logging_mixin.py:137} INFO - [2023-03-27T23:58:32.133+0000] {dag.py:2693} INFO - Sync 1 DAGs
[2023-03-27T23:58:32.180+0000] {logging_mixin.py:137} INFO - [2023-03-27T23:58:32.180+0000] {dag.py:3444} INFO - Setting next_dagrun for example_kubernetes_executor to None, run_after=None
[2023-03-27T23:58:32.281+0000] {processor.py:175} INFO - Processing /home/airflow/.local/lib/python3.7/site-packages/airflow/example_dags/example_kubernetes_executor.py took 0.760 seconds
[2023-03-27T23:59:02.610+0000] {processor.py:153} INFO - Started process (PID=1883) to work on /home/airflow/.local/lib/python3.7/site-packages/airflow/example_dags/example_kubernetes_executor.py
[2023-03-27T23:59:02.628+0000] {processor.py:743} INFO - Processing file /home/airflow/.local/lib/python3.7/site-packages/airflow/example_dags/example_kubernetes_executor.py for tasks to queue
[2023-03-27T23:59:02.653+0000] {logging_mixin.py:137} INFO - [2023-03-27T23:59:02.652+0000] {dagbag.py:532} INFO - Filling up the DagBag from /home/airflow/.local/lib/python3.7/site-packages/airflow/example_dags/example_kubernetes_executor.py
[2023-03-27T23:59:03.095+0000] {processor.py:753} INFO - DAG(s) dict_keys(['example_kubernetes_executor']) retrieved from /home/airflow/.local/lib/python3.7/site-packages/airflow/example_dags/example_kubernetes_executor.py
[2023-03-27T23:59:03.170+0000] {logging_mixin.py:137} INFO - [2023-03-27T23:59:03.169+0000] {dag.py:2693} INFO - Sync 1 DAGs
[2023-03-27T23:59:03.302+0000] {logging_mixin.py:137} INFO - [2023-03-27T23:59:03.302+0000] {dag.py:3444} INFO - Setting next_dagrun for example_kubernetes_executor to None, run_after=None
[2023-03-27T23:59:03.410+0000] {processor.py:175} INFO - Processing /home/airflow/.local/lib/python3.7/site-packages/airflow/example_dags/example_kubernetes_executor.py took 0.891 seconds
[2023-03-27T23:59:33.818+0000] {processor.py:153} INFO - Started process (PID=1932) to work on /home/airflow/.local/lib/python3.7/site-packages/airflow/example_dags/example_kubernetes_executor.py
[2023-03-27T23:59:33.832+0000] {processor.py:743} INFO - Processing file /home/airflow/.local/lib/python3.7/site-packages/airflow/example_dags/example_kubernetes_executor.py for tasks to queue
[2023-03-27T23:59:33.851+0000] {logging_mixin.py:137} INFO - [2023-03-27T23:59:33.851+0000] {dagbag.py:532} INFO - Filling up the DagBag from /home/airflow/.local/lib/python3.7/site-packages/airflow/example_dags/example_kubernetes_executor.py
[2023-03-27T23:59:34.217+0000] {processor.py:753} INFO - DAG(s) dict_keys(['example_kubernetes_executor']) retrieved from /home/airflow/.local/lib/python3.7/site-packages/airflow/example_dags/example_kubernetes_executor.py
[2023-03-27T23:59:34.421+0000] {logging_mixin.py:137} INFO - [2023-03-27T23:59:34.421+0000] {dag.py:2693} INFO - Sync 1 DAGs
[2023-03-27T23:59:34.632+0000] {logging_mixin.py:137} INFO - [2023-03-27T23:59:34.631+0000] {dag.py:3444} INFO - Setting next_dagrun for example_kubernetes_executor to None, run_after=None
[2023-03-27T23:59:35.113+0000] {processor.py:175} INFO - Processing /home/airflow/.local/lib/python3.7/site-packages/airflow/example_dags/example_kubernetes_executor.py took 1.379 seconds
