[2023-03-28T23:00:37.483+0000] {taskinstance.py:1084} INFO - Dependencies all met for dep_context=non-requeueable deps ti=<TaskInstance: my_dag.my_task scheduled__2023-03-28T22:55:00+00:00 [queued]>
[2023-03-28T23:00:37.503+0000] {taskinstance.py:1084} INFO - Dependencies all met for dep_context=requeueable deps ti=<TaskInstance: my_dag.my_task scheduled__2023-03-28T22:55:00+00:00 [queued]>
[2023-03-28T23:00:37.505+0000] {taskinstance.py:1282} INFO - 
--------------------------------------------------------------------------------
[2023-03-28T23:00:37.507+0000] {taskinstance.py:1283} INFO - Starting attempt 1 of 1
[2023-03-28T23:00:37.508+0000] {taskinstance.py:1284} INFO - 
--------------------------------------------------------------------------------
[2023-03-28T23:00:37.542+0000] {taskinstance.py:1303} INFO - Executing <Task(BashOperator): my_task> on 2023-03-28 22:55:00+00:00
[2023-03-28T23:00:37.555+0000] {standard_task_runner.py:55} INFO - Started process 3787 to run task
[2023-03-28T23:00:37.566+0000] {standard_task_runner.py:82} INFO - Running: ['***', 'tasks', 'run', 'my_dag', 'my_task', 'scheduled__2023-03-28T22:55:00+00:00', '--job-id', '241', '--raw', '--subdir', 'DAGS_FOLDER/test.py', '--cfg-path', '/tmp/tmppplz456g']
[2023-03-28T23:00:37.571+0000] {standard_task_runner.py:83} INFO - Job 241: Subtask my_task
[2023-03-28T23:00:37.711+0000] {task_command.py:388} INFO - Running <TaskInstance: my_dag.my_task scheduled__2023-03-28T22:55:00+00:00 [running]> on host 18cf4662f3ac
[2023-03-28T23:00:37.863+0000] {taskinstance.py:1511} INFO - Exporting the following env vars:
AIRFLOW_CTX_DAG_OWNER=***
AIRFLOW_CTX_DAG_ID=my_dag
AIRFLOW_CTX_TASK_ID=my_task
AIRFLOW_CTX_EXECUTION_DATE=2023-03-28T22:55:00+00:00
AIRFLOW_CTX_TRY_NUMBER=1
AIRFLOW_CTX_DAG_RUN_ID=scheduled__2023-03-28T22:55:00+00:00
[2023-03-28T23:00:37.867+0000] {subprocess.py:63} INFO - Tmp dir root location: 
 /tmp
[2023-03-28T23:00:37.870+0000] {subprocess.py:75} INFO - Running command: ['/bin/bash', '-c', 'for i in {1..5}; do echo $i; sleep 1; done']
[2023-03-28T23:00:37.905+0000] {subprocess.py:86} INFO - Output:
[2023-03-28T23:00:37.911+0000] {subprocess.py:93} INFO - 1
[2023-03-28T23:00:38.922+0000] {subprocess.py:93} INFO - 2
[2023-03-28T23:00:39.946+0000] {subprocess.py:93} INFO - 3
[2023-03-28T23:00:40.955+0000] {subprocess.py:93} INFO - 4
[2023-03-28T23:00:41.965+0000] {subprocess.py:93} INFO - 5
[2023-03-28T23:00:42.977+0000] {subprocess.py:97} INFO - Command exited with return code 0
[2023-03-28T23:00:43.082+0000] {taskinstance.py:1326} INFO - Marking task as SUCCESS. dag_id=my_dag, task_id=my_task, execution_date=20230328T225500, start_date=20230328T230037, end_date=20230328T230043
[2023-03-28T23:00:43.172+0000] {local_task_job.py:212} INFO - Task exited with return code 0
[2023-03-28T23:00:43.211+0000] {taskinstance.py:2585} INFO - 0 downstream tasks scheduled from follow-on schedule check
