[2023-03-29T12:46:28.644+0000] {taskinstance.py:1084} INFO - Dependencies all met for dep_context=non-requeueable deps ti=<TaskInstance: my_dag.my_task scheduled__2023-03-29T12:25:00+00:00 [queued]>
[2023-03-29T12:46:28.701+0000] {taskinstance.py:1084} INFO - Dependencies all met for dep_context=requeueable deps ti=<TaskInstance: my_dag.my_task scheduled__2023-03-29T12:25:00+00:00 [queued]>
[2023-03-29T12:46:28.704+0000] {taskinstance.py:1282} INFO - 
--------------------------------------------------------------------------------
[2023-03-29T12:46:28.708+0000] {taskinstance.py:1283} INFO - Starting attempt 1 of 1
[2023-03-29T12:46:28.709+0000] {taskinstance.py:1284} INFO - 
--------------------------------------------------------------------------------
[2023-03-29T12:46:28.802+0000] {taskinstance.py:1303} INFO - Executing <Task(BashOperator): my_task> on 2023-03-29 12:25:00+00:00
[2023-03-29T12:46:28.838+0000] {standard_task_runner.py:55} INFO - Started process 1932 to run task
[2023-03-29T12:46:28.881+0000] {standard_task_runner.py:82} INFO - Running: ['***', 'tasks', 'run', 'my_dag', 'my_task', 'scheduled__2023-03-29T12:25:00+00:00', '--job-id', '376', '--raw', '--subdir', 'DAGS_FOLDER/test.py', '--cfg-path', '/tmp/tmpefqrud7d']
[2023-03-29T12:46:28.913+0000] {standard_task_runner.py:83} INFO - Job 376: Subtask my_task
[2023-03-29T12:46:29.396+0000] {task_command.py:388} INFO - Running <TaskInstance: my_dag.my_task scheduled__2023-03-29T12:25:00+00:00 [running]> on host e7ec0deaf382
[2023-03-29T12:46:29.990+0000] {taskinstance.py:1511} INFO - Exporting the following env vars:
AIRFLOW_CTX_DAG_OWNER=***
AIRFLOW_CTX_DAG_ID=my_dag
AIRFLOW_CTX_TASK_ID=my_task
AIRFLOW_CTX_EXECUTION_DATE=2023-03-29T12:25:00+00:00
AIRFLOW_CTX_TRY_NUMBER=1
AIRFLOW_CTX_DAG_RUN_ID=scheduled__2023-03-29T12:25:00+00:00
[2023-03-29T12:46:30.000+0000] {subprocess.py:63} INFO - Tmp dir root location: 
 /tmp
[2023-03-29T12:46:30.014+0000] {subprocess.py:75} INFO - Running command: ['/bin/bash', '-c', 'for i in {1..5}; do echo $i; sleep 1; done']
[2023-03-29T12:46:30.167+0000] {subprocess.py:86} INFO - Output:
[2023-03-29T12:46:30.197+0000] {subprocess.py:93} INFO - 1
[2023-03-29T12:46:31.249+0000] {subprocess.py:93} INFO - 2
[2023-03-29T12:46:32.332+0000] {subprocess.py:93} INFO - 3
[2023-03-29T12:46:33.388+0000] {subprocess.py:93} INFO - 4
[2023-03-29T12:46:34.706+0000] {subprocess.py:93} INFO - 5
[2023-03-29T12:46:35.733+0000] {subprocess.py:97} INFO - Command exited with return code 0
[2023-03-29T12:46:36.145+0000] {taskinstance.py:1326} INFO - Marking task as SUCCESS. dag_id=my_dag, task_id=my_task, execution_date=20230329T122500, start_date=20230329T124628, end_date=20230329T124636
[2023-03-29T12:46:37.287+0000] {local_task_job.py:212} INFO - Task exited with return code 0
[2023-03-29T12:46:37.548+0000] {taskinstance.py:2585} INFO - 0 downstream tasks scheduled from follow-on schedule check
