[2023-03-28T00:07:23.140+0000] {taskinstance.py:1084} INFO - Dependencies all met for dep_context=non-requeueable deps ti=<TaskInstance: my_dag.my_task manual__2023-03-28T00:07:17.840386+00:00 [queued]>
[2023-03-28T00:07:23.199+0000] {taskinstance.py:1084} INFO - Dependencies all met for dep_context=requeueable deps ti=<TaskInstance: my_dag.my_task manual__2023-03-28T00:07:17.840386+00:00 [queued]>
[2023-03-28T00:07:23.201+0000] {taskinstance.py:1282} INFO - 
--------------------------------------------------------------------------------
[2023-03-28T00:07:23.203+0000] {taskinstance.py:1283} INFO - Starting attempt 1 of 1
[2023-03-28T00:07:23.206+0000] {taskinstance.py:1284} INFO - 
--------------------------------------------------------------------------------
[2023-03-28T00:07:23.256+0000] {taskinstance.py:1303} INFO - Executing <Task(BashOperator): my_task> on 2023-03-28 00:07:17.840386+00:00
[2023-03-28T00:07:23.273+0000] {standard_task_runner.py:55} INFO - Started process 527 to run task
[2023-03-28T00:07:23.284+0000] {standard_task_runner.py:82} INFO - Running: ['***', 'tasks', 'run', 'my_dag', 'my_task', 'manual__2023-03-28T00:07:17.840386+00:00', '--job-id', '5', '--raw', '--subdir', 'DAGS_FOLDER/test.py', '--cfg-path', '/tmp/tmp73hnemuk']
[2023-03-28T00:07:23.295+0000] {standard_task_runner.py:83} INFO - Job 5: Subtask my_task
[2023-03-28T00:07:23.471+0000] {task_command.py:388} INFO - Running <TaskInstance: my_dag.my_task manual__2023-03-28T00:07:17.840386+00:00 [running]> on host 9d96fd24b1ab
[2023-03-28T00:07:23.797+0000] {taskinstance.py:1511} INFO - Exporting the following env vars:
AIRFLOW_CTX_DAG_OWNER=***
AIRFLOW_CTX_DAG_ID=my_dag
AIRFLOW_CTX_TASK_ID=my_task
AIRFLOW_CTX_EXECUTION_DATE=2023-03-28T00:07:17.840386+00:00
AIRFLOW_CTX_TRY_NUMBER=1
AIRFLOW_CTX_DAG_RUN_ID=manual__2023-03-28T00:07:17.840386+00:00
[2023-03-28T00:07:23.819+0000] {subprocess.py:63} INFO - Tmp dir root location: 
 /tmp
[2023-03-28T00:07:23.835+0000] {subprocess.py:75} INFO - Running command: ['/bin/bash', '-c', 'for i in {1..5}; do echo $i; sleep 1; done']
[2023-03-28T00:07:24.214+0000] {subprocess.py:86} INFO - Output:
[2023-03-28T00:07:24.310+0000] {subprocess.py:93} INFO - 1
[2023-03-28T00:07:25.450+0000] {subprocess.py:93} INFO - 2
[2023-03-28T00:07:26.462+0000] {subprocess.py:93} INFO - 3
[2023-03-28T00:07:27.482+0000] {subprocess.py:93} INFO - 4
[2023-03-28T00:07:28.502+0000] {subprocess.py:93} INFO - 5
[2023-03-28T00:07:29.628+0000] {subprocess.py:97} INFO - Command exited with return code 0
[2023-03-28T00:07:29.985+0000] {taskinstance.py:1326} INFO - Marking task as SUCCESS. dag_id=my_dag, task_id=my_task, execution_date=20230328T000717, start_date=20230328T000723, end_date=20230328T000729
[2023-03-28T00:07:31.257+0000] {local_task_job.py:212} INFO - Task exited with return code 0
[2023-03-28T00:07:31.425+0000] {taskinstance.py:2585} INFO - 0 downstream tasks scheduled from follow-on schedule check
