[2023-03-29T22:55:04.989+0000] {taskinstance.py:1084} INFO - Dependencies all met for dep_context=non-requeueable deps ti=<TaskInstance: my_dag.extract_and_load scheduled__2023-03-29T22:50:00+00:00 [queued]>
[2023-03-29T22:55:05.014+0000] {taskinstance.py:1084} INFO - Dependencies all met for dep_context=requeueable deps ti=<TaskInstance: my_dag.extract_and_load scheduled__2023-03-29T22:50:00+00:00 [queued]>
[2023-03-29T22:55:05.016+0000] {taskinstance.py:1282} INFO - 
--------------------------------------------------------------------------------
[2023-03-29T22:55:05.018+0000] {taskinstance.py:1283} INFO - Starting attempt 1 of 1
[2023-03-29T22:55:05.020+0000] {taskinstance.py:1284} INFO - 
--------------------------------------------------------------------------------
[2023-03-29T22:55:05.077+0000] {taskinstance.py:1303} INFO - Executing <Task(PythonOperator): extract_and_load> on 2023-03-29 22:50:00+00:00
[2023-03-29T22:55:05.090+0000] {standard_task_runner.py:55} INFO - Started process 2773 to run task
[2023-03-29T22:55:05.102+0000] {standard_task_runner.py:82} INFO - Running: ['***', 'tasks', 'run', 'my_dag', 'extract_and_load', 'scheduled__2023-03-29T22:50:00+00:00', '--job-id', '557', '--raw', '--subdir', 'DAGS_FOLDER/test.py', '--cfg-path', '/tmp/tmpc_w77nyh']
[2023-03-29T22:55:05.107+0000] {standard_task_runner.py:83} INFO - Job 557: Subtask extract_and_load
[2023-03-29T22:55:05.245+0000] {task_command.py:388} INFO - Running <TaskInstance: my_dag.extract_and_load scheduled__2023-03-29T22:50:00+00:00 [running]> on host 32688d23169d
[2023-03-29T22:55:05.401+0000] {taskinstance.py:1511} INFO - Exporting the following env vars:
AIRFLOW_CTX_DAG_OWNER=***
AIRFLOW_CTX_DAG_ID=my_dag
AIRFLOW_CTX_TASK_ID=extract_and_load
AIRFLOW_CTX_EXECUTION_DATE=2023-03-29T22:50:00+00:00
AIRFLOW_CTX_TRY_NUMBER=1
AIRFLOW_CTX_DAG_RUN_ID=scheduled__2023-03-29T22:50:00+00:00
[2023-03-29T22:55:05.409+0000] {test.py:60} INFO - Starting load_csv_from_bucket function...
[2023-03-29T22:55:05.544+0000] {test.py:69} INFO - Downloading CSV files from test-chr-ml 
[2023-03-29T22:55:14.327+0000] {test.py:85} INFO - Concatenating CSV files into a single DataFrame...
[2023-03-29T22:55:19.672+0000] {test.py:93} INFO - Select specific columns and rename them
[2023-03-29T22:55:19.955+0000] {test.py:100} INFO - Exporting DataFrame to BigQuery...
[2023-03-29T22:55:29.391+0000] {gbq.py:606} INFO - 199522 out of 199522 rows loaded.
[2023-03-29T22:55:29.393+0000] {test.py:117} INFO - Finished load_csv_from_bucket function.
[2023-03-29T22:55:29.396+0000] {python.py:177} INFO - Done. Returned value was: None
[2023-03-29T22:55:29.510+0000] {taskinstance.py:1326} INFO - Marking task as SUCCESS. dag_id=my_dag, task_id=extract_and_load, execution_date=20230329T225000, start_date=20230329T225504, end_date=20230329T225529
[2023-03-29T22:55:29.651+0000] {local_task_job.py:212} INFO - Task exited with return code 0
[2023-03-29T22:55:29.725+0000] {taskinstance.py:2585} INFO - 1 downstream tasks scheduled from follow-on schedule check
