[2023-03-29T11:40:29.524+0000] {taskinstance.py:1084} INFO - Dependencies all met for dep_context=non-requeueable deps ti=<TaskInstance: my_dag.my_task scheduled__2023-03-29T11:35:00+00:00 [queued]>
[2023-03-29T11:40:29.548+0000] {taskinstance.py:1084} INFO - Dependencies all met for dep_context=requeueable deps ti=<TaskInstance: my_dag.my_task scheduled__2023-03-29T11:35:00+00:00 [queued]>
[2023-03-29T11:40:29.550+0000] {taskinstance.py:1282} INFO - 
--------------------------------------------------------------------------------
[2023-03-29T11:40:29.551+0000] {taskinstance.py:1283} INFO - Starting attempt 1 of 1
[2023-03-29T11:40:29.553+0000] {taskinstance.py:1284} INFO - 
--------------------------------------------------------------------------------
[2023-03-29T11:40:29.587+0000] {taskinstance.py:1303} INFO - Executing <Task(BashOperator): my_task> on 2023-03-29 11:35:00+00:00
[2023-03-29T11:40:29.598+0000] {standard_task_runner.py:55} INFO - Started process 1118 to run task
[2023-03-29T11:40:29.606+0000] {standard_task_runner.py:82} INFO - Running: ['***', 'tasks', 'run', 'my_dag', 'my_task', 'scheduled__2023-03-29T11:35:00+00:00', '--job-id', '345', '--raw', '--subdir', 'DAGS_FOLDER/test.py', '--cfg-path', '/tmp/tmp7sk_wa4g']
[2023-03-29T11:40:29.611+0000] {standard_task_runner.py:83} INFO - Job 345: Subtask my_task
[2023-03-29T11:40:29.748+0000] {task_command.py:388} INFO - Running <TaskInstance: my_dag.my_task scheduled__2023-03-29T11:35:00+00:00 [running]> on host e7ec0deaf382
[2023-03-29T11:40:29.910+0000] {taskinstance.py:1511} INFO - Exporting the following env vars:
AIRFLOW_CTX_DAG_OWNER=***
AIRFLOW_CTX_DAG_ID=my_dag
AIRFLOW_CTX_TASK_ID=my_task
AIRFLOW_CTX_EXECUTION_DATE=2023-03-29T11:35:00+00:00
AIRFLOW_CTX_TRY_NUMBER=1
AIRFLOW_CTX_DAG_RUN_ID=scheduled__2023-03-29T11:35:00+00:00
[2023-03-29T11:40:29.914+0000] {subprocess.py:63} INFO - Tmp dir root location: 
 /tmp
[2023-03-29T11:40:29.916+0000] {subprocess.py:75} INFO - Running command: ['/bin/bash', '-c', 'for i in {1..5}; do echo $i; sleep 1; done']
[2023-03-29T11:40:29.945+0000] {subprocess.py:86} INFO - Output:
[2023-03-29T11:40:29.950+0000] {subprocess.py:93} INFO - 1
[2023-03-29T11:40:30.955+0000] {subprocess.py:93} INFO - 2
[2023-03-29T11:40:31.960+0000] {subprocess.py:93} INFO - 3
[2023-03-29T11:40:32.967+0000] {subprocess.py:93} INFO - 4
[2023-03-29T11:40:33.977+0000] {subprocess.py:93} INFO - 5
[2023-03-29T11:40:34.988+0000] {subprocess.py:97} INFO - Command exited with return code 0
[2023-03-29T11:40:35.060+0000] {taskinstance.py:1326} INFO - Marking task as SUCCESS. dag_id=my_dag, task_id=my_task, execution_date=20230329T113500, start_date=20230329T114029, end_date=20230329T114035
[2023-03-29T11:40:35.139+0000] {local_task_job.py:212} INFO - Task exited with return code 0
[2023-03-29T11:40:35.184+0000] {taskinstance.py:2585} INFO - 1 downstream tasks scheduled from follow-on schedule check
