[2023-03-28T17:09:23.054+0000] {taskinstance.py:1084} INFO - Dependencies all met for dep_context=non-requeueable deps ti=<TaskInstance: my_dag.my_task scheduled__2023-03-28T16:45:00+00:00 [queued]>
[2023-03-28T17:09:23.078+0000] {taskinstance.py:1084} INFO - Dependencies all met for dep_context=requeueable deps ti=<TaskInstance: my_dag.my_task scheduled__2023-03-28T16:45:00+00:00 [queued]>
[2023-03-28T17:09:23.080+0000] {taskinstance.py:1282} INFO - 
--------------------------------------------------------------------------------
[2023-03-28T17:09:23.082+0000] {taskinstance.py:1283} INFO - Starting attempt 1 of 1
[2023-03-28T17:09:23.084+0000] {taskinstance.py:1284} INFO - 
--------------------------------------------------------------------------------
[2023-03-28T17:09:23.124+0000] {taskinstance.py:1303} INFO - Executing <Task(BashOperator): my_task> on 2023-03-28 16:45:00+00:00
[2023-03-28T17:09:23.142+0000] {standard_task_runner.py:55} INFO - Started process 534 to run task
[2023-03-28T17:09:23.166+0000] {standard_task_runner.py:82} INFO - Running: ['***', 'tasks', 'run', 'my_dag', 'my_task', 'scheduled__2023-03-28T16:45:00+00:00', '--job-id', '186', '--raw', '--subdir', 'DAGS_FOLDER/test.py', '--cfg-path', '/tmp/tmplmpyda46']
[2023-03-28T17:09:23.174+0000] {standard_task_runner.py:83} INFO - Job 186: Subtask my_task
[2023-03-28T17:09:23.591+0000] {task_command.py:388} INFO - Running <TaskInstance: my_dag.my_task scheduled__2023-03-28T16:45:00+00:00 [running]> on host 18cf4662f3ac
[2023-03-28T17:09:23.842+0000] {taskinstance.py:1511} INFO - Exporting the following env vars:
AIRFLOW_CTX_DAG_OWNER=***
AIRFLOW_CTX_DAG_ID=my_dag
AIRFLOW_CTX_TASK_ID=my_task
AIRFLOW_CTX_EXECUTION_DATE=2023-03-28T16:45:00+00:00
AIRFLOW_CTX_TRY_NUMBER=1
AIRFLOW_CTX_DAG_RUN_ID=scheduled__2023-03-28T16:45:00+00:00
[2023-03-28T17:09:23.846+0000] {subprocess.py:63} INFO - Tmp dir root location: 
 /tmp
[2023-03-28T17:09:23.849+0000] {subprocess.py:75} INFO - Running command: ['/bin/bash', '-c', 'for i in {1..5}; do echo $i; sleep 1; done']
[2023-03-28T17:09:23.879+0000] {subprocess.py:86} INFO - Output:
[2023-03-28T17:09:23.890+0000] {subprocess.py:93} INFO - 1
[2023-03-28T17:09:24.911+0000] {subprocess.py:93} INFO - 2
[2023-03-28T17:09:25.934+0000] {subprocess.py:93} INFO - 3
[2023-03-28T17:09:26.948+0000] {subprocess.py:93} INFO - 4
[2023-03-28T17:09:27.955+0000] {subprocess.py:93} INFO - 5
[2023-03-28T17:09:28.962+0000] {subprocess.py:97} INFO - Command exited with return code 0
[2023-03-28T17:09:29.097+0000] {taskinstance.py:1326} INFO - Marking task as SUCCESS. dag_id=my_dag, task_id=my_task, execution_date=20230328T164500, start_date=20230328T170923, end_date=20230328T170929
[2023-03-28T17:09:29.213+0000] {local_task_job.py:212} INFO - Task exited with return code 0
[2023-03-28T17:09:29.299+0000] {taskinstance.py:2585} INFO - 0 downstream tasks scheduled from follow-on schedule check
