[2023-03-29T21:10:03.238+0000] {taskinstance.py:1084} INFO - Dependencies all met for dep_context=non-requeueable deps ti=<TaskInstance: my_dag.extract_and_load scheduled__2023-03-29T21:05:00+00:00 [queued]>
[2023-03-29T21:10:03.264+0000] {taskinstance.py:1084} INFO - Dependencies all met for dep_context=requeueable deps ti=<TaskInstance: my_dag.extract_and_load scheduled__2023-03-29T21:05:00+00:00 [queued]>
[2023-03-29T21:10:03.266+0000] {taskinstance.py:1282} INFO - 
--------------------------------------------------------------------------------
[2023-03-29T21:10:03.270+0000] {taskinstance.py:1283} INFO - Starting attempt 1 of 1
[2023-03-29T21:10:03.273+0000] {taskinstance.py:1284} INFO - 
--------------------------------------------------------------------------------
[2023-03-29T21:10:03.316+0000] {taskinstance.py:1303} INFO - Executing <Task(PythonOperator): extract_and_load> on 2023-03-29 21:05:00+00:00
[2023-03-29T21:10:03.335+0000] {standard_task_runner.py:55} INFO - Started process 1035 to run task
[2023-03-29T21:10:03.348+0000] {standard_task_runner.py:82} INFO - Running: ['***', 'tasks', 'run', 'my_dag', 'extract_and_load', 'scheduled__2023-03-29T21:05:00+00:00', '--job-id', '519', '--raw', '--subdir', 'DAGS_FOLDER/test.py', '--cfg-path', '/tmp/tmpz0x_6348']
[2023-03-29T21:10:03.352+0000] {standard_task_runner.py:83} INFO - Job 519: Subtask extract_and_load
[2023-03-29T21:10:03.528+0000] {task_command.py:388} INFO - Running <TaskInstance: my_dag.extract_and_load scheduled__2023-03-29T21:05:00+00:00 [running]> on host 32688d23169d
[2023-03-29T21:10:03.708+0000] {taskinstance.py:1511} INFO - Exporting the following env vars:
AIRFLOW_CTX_DAG_OWNER=***
AIRFLOW_CTX_DAG_ID=my_dag
AIRFLOW_CTX_TASK_ID=extract_and_load
AIRFLOW_CTX_EXECUTION_DATE=2023-03-29T21:05:00+00:00
AIRFLOW_CTX_TRY_NUMBER=1
AIRFLOW_CTX_DAG_RUN_ID=scheduled__2023-03-29T21:05:00+00:00
[2023-03-29T21:10:20.448+0000] {gbq.py:606} INFO - 199522 out of 199522 rows loaded.
[2023-03-29T21:10:20.450+0000] {python.py:177} INFO - Done. Returned value was: None
[2023-03-29T21:10:20.521+0000] {taskinstance.py:1326} INFO - Marking task as SUCCESS. dag_id=my_dag, task_id=extract_and_load, execution_date=20230329T210500, start_date=20230329T211003, end_date=20230329T211020
[2023-03-29T21:10:20.615+0000] {local_task_job.py:212} INFO - Task exited with return code 0
[2023-03-29T21:10:20.651+0000] {taskinstance.py:2585} INFO - 1 downstream tasks scheduled from follow-on schedule check
