[2023-03-28T17:25:45.423+0000] {taskinstance.py:1084} INFO - Dependencies all met for dep_context=non-requeueable deps ti=<TaskInstance: my_dag.my_task scheduled__2023-03-28T17:20:00+00:00 [queued]>
[2023-03-28T17:25:45.456+0000] {taskinstance.py:1084} INFO - Dependencies all met for dep_context=requeueable deps ti=<TaskInstance: my_dag.my_task scheduled__2023-03-28T17:20:00+00:00 [queued]>
[2023-03-28T17:25:45.458+0000] {taskinstance.py:1282} INFO - 
--------------------------------------------------------------------------------
[2023-03-28T17:25:45.460+0000] {taskinstance.py:1283} INFO - Starting attempt 1 of 1
[2023-03-28T17:25:45.463+0000] {taskinstance.py:1284} INFO - 
--------------------------------------------------------------------------------
[2023-03-28T17:25:45.512+0000] {taskinstance.py:1303} INFO - Executing <Task(BashOperator): my_task> on 2023-03-28 17:20:00+00:00
[2023-03-28T17:25:45.526+0000] {standard_task_runner.py:55} INFO - Started process 867 to run task
[2023-03-28T17:25:45.546+0000] {standard_task_runner.py:82} INFO - Running: ['***', 'tasks', 'run', 'my_dag', 'my_task', 'scheduled__2023-03-28T17:20:00+00:00', '--job-id', '195', '--raw', '--subdir', 'DAGS_FOLDER/test.py', '--cfg-path', '/tmp/tmpy7pcixxy']
[2023-03-28T17:25:45.558+0000] {standard_task_runner.py:83} INFO - Job 195: Subtask my_task
[2023-03-28T17:25:45.809+0000] {task_command.py:388} INFO - Running <TaskInstance: my_dag.my_task scheduled__2023-03-28T17:20:00+00:00 [running]> on host 18cf4662f3ac
[2023-03-28T17:25:46.034+0000] {taskinstance.py:1511} INFO - Exporting the following env vars:
AIRFLOW_CTX_DAG_OWNER=***
AIRFLOW_CTX_DAG_ID=my_dag
AIRFLOW_CTX_TASK_ID=my_task
AIRFLOW_CTX_EXECUTION_DATE=2023-03-28T17:20:00+00:00
AIRFLOW_CTX_TRY_NUMBER=1
AIRFLOW_CTX_DAG_RUN_ID=scheduled__2023-03-28T17:20:00+00:00
[2023-03-28T17:25:46.059+0000] {subprocess.py:63} INFO - Tmp dir root location: 
 /tmp
[2023-03-28T17:25:46.066+0000] {subprocess.py:75} INFO - Running command: ['/bin/bash', '-c', 'for i in {1..5}; do echo $i; sleep 1; done']
[2023-03-28T17:25:46.150+0000] {subprocess.py:86} INFO - Output:
[2023-03-28T17:25:46.174+0000] {subprocess.py:93} INFO - 1
[2023-03-28T17:25:47.180+0000] {subprocess.py:93} INFO - 2
[2023-03-28T17:25:48.188+0000] {subprocess.py:93} INFO - 3
[2023-03-28T17:25:49.197+0000] {subprocess.py:93} INFO - 4
[2023-03-28T17:25:50.189+0000] {subprocess.py:93} INFO - 5
[2023-03-28T17:25:51.213+0000] {subprocess.py:97} INFO - Command exited with return code 0
[2023-03-28T17:25:51.520+0000] {taskinstance.py:1326} INFO - Marking task as SUCCESS. dag_id=my_dag, task_id=my_task, execution_date=20230328T172000, start_date=20230328T172545, end_date=20230328T172551
[2023-03-28T17:25:51.817+0000] {local_task_job.py:212} INFO - Task exited with return code 0
[2023-03-28T17:25:51.960+0000] {taskinstance.py:2585} INFO - 0 downstream tasks scheduled from follow-on schedule check
