[2023-03-29T23:56:22.074+0000] {taskinstance.py:1084} INFO - Dependencies all met for dep_context=non-requeueable deps ti=<TaskInstance: tax_income.model_predict manual__2023-03-29T23:49:39.928420+00:00 [queued]>
[2023-03-29T23:56:22.145+0000] {taskinstance.py:1084} INFO - Dependencies all met for dep_context=requeueable deps ti=<TaskInstance: tax_income.model_predict manual__2023-03-29T23:49:39.928420+00:00 [queued]>
[2023-03-29T23:56:22.147+0000] {taskinstance.py:1282} INFO - 
--------------------------------------------------------------------------------
[2023-03-29T23:56:22.149+0000] {taskinstance.py:1283} INFO - Starting attempt 1 of 2
[2023-03-29T23:56:22.150+0000] {taskinstance.py:1284} INFO - 
--------------------------------------------------------------------------------
[2023-03-29T23:56:22.466+0000] {taskinstance.py:1303} INFO - Executing <Task(PythonOperator): model_predict> on 2023-03-29 23:49:39.928420+00:00
[2023-03-29T23:56:22.634+0000] {standard_task_runner.py:55} INFO - Started process 120 to run task
[2023-03-29T23:56:22.813+0000] {standard_task_runner.py:82} INFO - Running: ['***', 'tasks', 'run', 'tax_income', 'model_predict', 'manual__2023-03-29T23:49:39.928420+00:00', '--job-id', '576', '--raw', '--subdir', 'DAGS_FOLDER/test.py', '--cfg-path', '/tmp/tmprijydvdr']
[2023-03-29T23:56:22.829+0000] {standard_task_runner.py:83} INFO - Job 576: Subtask model_predict
[2023-03-29T23:56:23.764+0000] {task_command.py:388} INFO - Running <TaskInstance: tax_income.model_predict manual__2023-03-29T23:49:39.928420+00:00 [running]> on host 32688d23169d
[2023-03-29T23:56:24.796+0000] {taskinstance.py:1511} INFO - Exporting the following env vars:
AIRFLOW_CTX_DAG_OWNER=***
AIRFLOW_CTX_DAG_ID=tax_income
AIRFLOW_CTX_TASK_ID=model_predict
AIRFLOW_CTX_EXECUTION_DATE=2023-03-29T23:49:39.928420+00:00
AIRFLOW_CTX_TRY_NUMBER=1
AIRFLOW_CTX_DAG_RUN_ID=manual__2023-03-29T23:49:39.928420+00:00
[2023-03-29T23:56:24.822+0000] {test.py:130} INFO - Loading data from BigQuery...
[2023-03-29T23:56:35.782+0000] {warnings.py:110} WARNING - /home/***/.local/lib/python3.7/site-packages/google/cloud/bigquery/table.py:1988: UserWarning: A progress bar was requested, but there was an error loading the tqdm library. Please install tqdm to use the progress bar functionality.
  create_bqstorage_client=create_bqstorage_client,

[2023-03-29T23:57:24.750+0000] {gbq.py:352} INFO - Total time taken 56.72 s.
Finished at 2023-03-29 23:57:24.
[2023-03-29T23:57:24.753+0000] {test.py:145} INFO - One-hot encoding categorical features...
[2023-03-29T23:57:25.124+0000] {test.py:151} INFO - Loading XGBoost model and performing predictions...
[2023-03-29T23:57:25.259+0000] {logging_mixin.py:137} INFO - [23:57:25] WARNING: ../src/learner.cc:749: Found JSON model saved before XGBoost 1.6, please save the model using current version again. The support for old JSON model will be discontinued in XGBoost 2.3.
[2023-03-29T23:57:27.132+0000] {test.py:157} INFO - Adding predictions to DataFrame...
[2023-03-29T23:57:27.654+0000] {test.py:163} INFO - Exporting DataFrame to BigQuery...
[2023-03-29T23:57:39.214+0000] {gbq.py:606} INFO - 199522 out of 199522 rows loaded.
[2023-03-29T23:57:39.220+0000] {test.py:179} INFO - Finished model_predict function.
[2023-03-29T23:57:39.228+0000] {python.py:177} INFO - Done. Returned value was: None
[2023-03-29T23:57:39.272+0000] {taskinstance.py:1326} INFO - Marking task as SUCCESS. dag_id=tax_income, task_id=model_predict, execution_date=20230329T234939, start_date=20230329T235622, end_date=20230329T235739
[2023-03-29T23:57:39.444+0000] {local_task_job.py:212} INFO - Task exited with return code 0
[2023-03-29T23:57:39.506+0000] {taskinstance.py:2585} INFO - 0 downstream tasks scheduled from follow-on schedule check
