[2023-03-29T11:57:51.292+0000] {taskinstance.py:1084} INFO - Dependencies all met for dep_context=non-requeueable deps ti=<TaskInstance: my_dag.load_predict scheduled__2023-03-29T11:50:00+00:00 [queued]>
[2023-03-29T11:57:51.313+0000] {taskinstance.py:1084} INFO - Dependencies all met for dep_context=requeueable deps ti=<TaskInstance: my_dag.load_predict scheduled__2023-03-29T11:50:00+00:00 [queued]>
[2023-03-29T11:57:51.314+0000] {taskinstance.py:1282} INFO - 
--------------------------------------------------------------------------------
[2023-03-29T11:57:51.316+0000] {taskinstance.py:1283} INFO - Starting attempt 1 of 1
[2023-03-29T11:57:51.318+0000] {taskinstance.py:1284} INFO - 
--------------------------------------------------------------------------------
[2023-03-29T11:57:51.351+0000] {taskinstance.py:1303} INFO - Executing <Task(PythonOperator): load_predict> on 2023-03-29 11:50:00+00:00
[2023-03-29T11:57:51.363+0000] {standard_task_runner.py:55} INFO - Started process 1405 to run task
[2023-03-29T11:57:51.370+0000] {standard_task_runner.py:82} INFO - Running: ['***', 'tasks', 'run', 'my_dag', 'load_predict', 'scheduled__2023-03-29T11:50:00+00:00', '--job-id', '355', '--raw', '--subdir', 'DAGS_FOLDER/test.py', '--cfg-path', '/tmp/tmpxlm5zqqy']
[2023-03-29T11:57:51.375+0000] {standard_task_runner.py:83} INFO - Job 355: Subtask load_predict
[2023-03-29T11:57:51.513+0000] {task_command.py:388} INFO - Running <TaskInstance: my_dag.load_predict scheduled__2023-03-29T11:50:00+00:00 [running]> on host e7ec0deaf382
[2023-03-29T11:57:51.669+0000] {taskinstance.py:1511} INFO - Exporting the following env vars:
AIRFLOW_CTX_DAG_OWNER=***
AIRFLOW_CTX_DAG_ID=my_dag
AIRFLOW_CTX_TASK_ID=load_predict
AIRFLOW_CTX_EXECUTION_DATE=2023-03-29T11:50:00+00:00
AIRFLOW_CTX_TRY_NUMBER=1
AIRFLOW_CTX_DAG_RUN_ID=scheduled__2023-03-29T11:50:00+00:00
[2023-03-29T11:57:54.320+0000] {warnings.py:110} WARNING - /home/***/.local/lib/python3.7/site-packages/google/cloud/bigquery/table.py:1988: UserWarning: A progress bar was requested, but there was an error loading the tqdm library. Please install tqdm to use the progress bar functionality.
  create_bqstorage_client=create_bqstorage_client,

[2023-03-29T11:58:04.097+0000] {gbq.py:352} INFO - Total time taken 12.18 s.
Finished at 2023-03-29 11:58:04.
[2023-03-29T11:58:04.167+0000] {logging_mixin.py:137} INFO -         age  sex  ...                                education tax_filer_status
0         0    1  ...                                 Children         - 50000.
1         0    1  ...                                 Children         - 50000.
2         0    0  ...                                 Children         - 50000.
3         0    1  ...                                 Children         - 50000.
4         0    1  ...                                 Children         - 50000.
...     ...  ...  ...                                      ...              ...
199517   90    1  ...   Prof school degree (MD DDS DVM LLB JD)         - 50000.
199518   90    1  ...   Prof school degree (MD DDS DVM LLB JD)         - 50000.
199519   90    0  ...   Prof school degree (MD DDS DVM LLB JD)          50000+.
199520   90    1  ...   Prof school degree (MD DDS DVM LLB JD)         - 50000.
199521   90    0  ...   Prof school degree (MD DDS DVM LLB JD)          50000+.

[199522 rows x 5 columns]
[2023-03-29T11:58:13.177+0000] {gbq.py:606} INFO - 199522 out of 199522 rows loaded.
[2023-03-29T11:58:13.279+0000] {logging_mixin.py:137} INFO -         age  sex  ...                                education tax_filer_status
0         0    1  ...                                 Children         - 50000.
1         0    1  ...                                 Children         - 50000.
2         0    0  ...                                 Children         - 50000.
3         0    1  ...                                 Children         - 50000.
4         0    1  ...                                 Children         - 50000.
...     ...  ...  ...                                      ...              ...
199517   90    1  ...   Prof school degree (MD DDS DVM LLB JD)         - 50000.
199518   90    1  ...   Prof school degree (MD DDS DVM LLB JD)         - 50000.
199519   90    0  ...   Prof school degree (MD DDS DVM LLB JD)          50000+.
199520   90    1  ...   Prof school degree (MD DDS DVM LLB JD)         - 50000.
199521   90    0  ...   Prof school degree (MD DDS DVM LLB JD)          50000+.

[199522 rows x 5 columns]
[2023-03-29T11:58:22.216+0000] {gbq.py:606} INFO - 199522 out of 199522 rows loaded.
[2023-03-29T11:58:22.286+0000] {logging_mixin.py:137} INFO -         age  sex  marital_status  education tax_filer_status
0         0    1               4         10         - 50000.
1         0    1               4         10         - 50000.
2         0    0               4         10         - 50000.
3         0    1               4         10         - 50000.
4         0    1               4         10         - 50000.
...     ...  ...             ...        ...              ...
199517   90    1               6         15         - 50000.
199518   90    1               2         15         - 50000.
199519   90    0               2         15          50000+.
199520   90    1               2         15         - 50000.
199521   90    0               4         15          50000+.

[199522 rows x 5 columns]
[2023-03-29T11:58:29.538+0000] {gbq.py:606} INFO - 199522 out of 199522 rows loaded.
[2023-03-29T11:58:29.670+0000] {logging_mixin.py:137} INFO -         age  sex  marital_status  education  tax_filer_status
0         0    1               4         10                 0
1         0    1               4         10                 0
2         0    0               4         10                 0
3         0    1               4         10                 0
4         0    1               4         10                 0
...     ...  ...             ...        ...               ...
199517   90    1               6         15                 0
199518   90    1               2         15                 0
199519   90    0               2         15                 1
199520   90    1               2         15                 0
199521   90    0               4         15                 1

[199522 rows x 5 columns]
[2023-03-29T11:58:37.764+0000] {gbq.py:606} INFO - 199522 out of 199522 rows loaded.
[2023-03-29T11:58:37.767+0000] {python.py:177} INFO - Done. Returned value was: None
[2023-03-29T11:58:37.794+0000] {taskinstance.py:1326} INFO - Marking task as SUCCESS. dag_id=my_dag, task_id=load_predict, execution_date=20230329T115000, start_date=20230329T115751, end_date=20230329T115837
[2023-03-29T11:58:37.910+0000] {local_task_job.py:212} INFO - Task exited with return code 0
[2023-03-29T11:58:37.987+0000] {taskinstance.py:2585} INFO - 0 downstream tasks scheduled from follow-on schedule check
