[2023-03-29T22:40:29.622+0000] {taskinstance.py:1084} INFO - Dependencies all met for dep_context=non-requeueable deps ti=<TaskInstance: my_dag.model_predict scheduled__2023-03-29T22:35:00+00:00 [queued]>
[2023-03-29T22:40:29.706+0000] {taskinstance.py:1084} INFO - Dependencies all met for dep_context=requeueable deps ti=<TaskInstance: my_dag.model_predict scheduled__2023-03-29T22:35:00+00:00 [queued]>
[2023-03-29T22:40:29.709+0000] {taskinstance.py:1282} INFO - 
--------------------------------------------------------------------------------
[2023-03-29T22:40:29.713+0000] {taskinstance.py:1283} INFO - Starting attempt 1 of 1
[2023-03-29T22:40:29.717+0000] {taskinstance.py:1284} INFO - 
--------------------------------------------------------------------------------
[2023-03-29T22:40:29.827+0000] {taskinstance.py:1303} INFO - Executing <Task(PythonOperator): model_predict> on 2023-03-29 22:35:00+00:00
[2023-03-29T22:40:29.860+0000] {standard_task_runner.py:55} INFO - Started process 2508 to run task
[2023-03-29T22:40:29.918+0000] {standard_task_runner.py:82} INFO - Running: ['***', 'tasks', 'run', 'my_dag', 'model_predict', 'scheduled__2023-03-29T22:35:00+00:00', '--job-id', '552', '--raw', '--subdir', 'DAGS_FOLDER/test.py', '--cfg-path', '/tmp/tmp74e6srad']
[2023-03-29T22:40:29.943+0000] {standard_task_runner.py:83} INFO - Job 552: Subtask model_predict
[2023-03-29T22:40:30.388+0000] {task_command.py:388} INFO - Running <TaskInstance: my_dag.model_predict scheduled__2023-03-29T22:35:00+00:00 [running]> on host 32688d23169d
[2023-03-29T22:40:31.499+0000] {taskinstance.py:1511} INFO - Exporting the following env vars:
AIRFLOW_CTX_DAG_OWNER=***
AIRFLOW_CTX_DAG_ID=my_dag
AIRFLOW_CTX_TASK_ID=model_predict
AIRFLOW_CTX_EXECUTION_DATE=2023-03-29T22:35:00+00:00
AIRFLOW_CTX_TRY_NUMBER=1
AIRFLOW_CTX_DAG_RUN_ID=scheduled__2023-03-29T22:35:00+00:00
[2023-03-29T22:40:31.507+0000] {test.py:124} INFO - Loading data from BigQuery...
[2023-03-29T22:40:34.622+0000] {warnings.py:110} WARNING - /home/***/.local/lib/python3.7/site-packages/google/cloud/bigquery/table.py:1988: UserWarning: A progress bar was requested, but there was an error loading the tqdm library. Please install tqdm to use the progress bar functionality.
  create_bqstorage_client=create_bqstorage_client,

[2023-03-29T22:40:45.046+0000] {gbq.py:352} INFO - Total time taken 12.96 s.
Finished at 2023-03-29 22:40:45.
[2023-03-29T22:40:45.048+0000] {test.py:139} INFO - One-hot encoding categorical features...
[2023-03-29T22:40:45.185+0000] {test.py:145} INFO - Loading XGBoost model and performing predictions...
[2023-03-29T22:40:45.205+0000] {logging_mixin.py:137} INFO - [22:40:45] WARNING: ../src/learner.cc:749: Found JSON model saved before XGBoost 1.6, please save the model using current version again. The support for old JSON model will be discontinued in XGBoost 2.3.
[2023-03-29T22:40:45.844+0000] {test.py:151} INFO - Adding predictions to DataFrame...
[2023-03-29T22:40:45.847+0000] {test.py:156} INFO - Exporting DataFrame to BigQuery...
[2023-03-29T22:40:53.221+0000] {gbq.py:606} INFO - 199522 out of 199522 rows loaded.
[2023-03-29T22:40:53.226+0000] {test.py:172} INFO - Finished model_predict function.
[2023-03-29T22:40:53.236+0000] {python.py:177} INFO - Done. Returned value was: None
[2023-03-29T22:40:53.430+0000] {taskinstance.py:1326} INFO - Marking task as SUCCESS. dag_id=my_dag, task_id=model_predict, execution_date=20230329T223500, start_date=20230329T224029, end_date=20230329T224053
[2023-03-29T22:40:53.755+0000] {local_task_job.py:212} INFO - Task exited with return code 0
[2023-03-29T22:40:54.128+0000] {taskinstance.py:2585} INFO - 0 downstream tasks scheduled from follow-on schedule check
