[2023-03-30T00:22:24.522+0000] {taskinstance.py:1084} INFO - Dependencies all met for dep_context=non-requeueable deps ti=<TaskInstance: tax_income.extract_and_load scheduled__2023-03-28T05:00:00+00:00 [queued]>
[2023-03-30T00:22:25.225+0000] {taskinstance.py:1084} INFO - Dependencies all met for dep_context=requeueable deps ti=<TaskInstance: tax_income.extract_and_load scheduled__2023-03-28T05:00:00+00:00 [queued]>
[2023-03-30T00:22:25.241+0000] {taskinstance.py:1282} INFO - 
--------------------------------------------------------------------------------
[2023-03-30T00:22:25.391+0000] {taskinstance.py:1283} INFO - Starting attempt 2 of 2
[2023-03-30T00:22:25.730+0000] {taskinstance.py:1284} INFO - 
--------------------------------------------------------------------------------
[2023-03-30T00:22:26.423+0000] {taskinstance.py:1303} INFO - Executing <Task(PythonOperator): extract_and_load> on 2023-03-28 05:00:00+00:00
[2023-03-30T00:22:27.263+0000] {standard_task_runner.py:55} INFO - Started process 121 to run task
[2023-03-30T00:22:28.491+0000] {standard_task_runner.py:82} INFO - Running: ['***', 'tasks', 'run', 'tax_income', 'extract_and_load', 'scheduled__2023-03-28T05:00:00+00:00', '--job-id', '4', '--raw', '--subdir', 'DAGS_FOLDER/dag_model.py', '--cfg-path', '/tmp/tmpnzt8kxu5']
[2023-03-30T00:22:28.950+0000] {standard_task_runner.py:83} INFO - Job 4: Subtask extract_and_load
[2023-03-30T00:22:41.704+0000] {task_command.py:388} INFO - Running <TaskInstance: tax_income.extract_and_load scheduled__2023-03-28T05:00:00+00:00 [running]> on host d8c38a1ae850
[2023-03-30T00:22:45.331+0000] {taskinstance.py:1511} INFO - Exporting the following env vars:
AIRFLOW_CTX_DAG_OWNER=***
AIRFLOW_CTX_DAG_ID=tax_income
AIRFLOW_CTX_TASK_ID=extract_and_load
AIRFLOW_CTX_EXECUTION_DATE=2023-03-28T05:00:00+00:00
AIRFLOW_CTX_TRY_NUMBER=2
AIRFLOW_CTX_DAG_RUN_ID=scheduled__2023-03-28T05:00:00+00:00
[2023-03-30T00:22:45.437+0000] {dag_model.py:67} INFO - Starting load_csv_from_bucket function...
[2023-03-30T00:22:51.077+0000] {dag_model.py:76} INFO - Downloading CSV files from test-chr-ml 
