[2023-03-29T23:13:06.694+0000] {taskinstance.py:1084} INFO - Dependencies all met for dep_context=non-requeueable deps ti=<TaskInstance: tax_income.extract_and_load scheduled__2023-03-28T05:00:00+00:00 [queued]>
[2023-03-29T23:13:06.753+0000] {taskinstance.py:1084} INFO - Dependencies all met for dep_context=requeueable deps ti=<TaskInstance: tax_income.extract_and_load scheduled__2023-03-28T05:00:00+00:00 [queued]>
[2023-03-29T23:13:06.755+0000] {taskinstance.py:1282} INFO - 
--------------------------------------------------------------------------------
[2023-03-29T23:13:06.757+0000] {taskinstance.py:1283} INFO - Starting attempt 1 of 2
[2023-03-29T23:13:06.759+0000] {taskinstance.py:1284} INFO - 
--------------------------------------------------------------------------------
[2023-03-29T23:13:06.799+0000] {taskinstance.py:1303} INFO - Executing <Task(PythonOperator): extract_and_load> on 2023-03-28 05:00:00+00:00
[2023-03-29T23:13:06.854+0000] {standard_task_runner.py:55} INFO - Started process 207 to run task
[2023-03-29T23:13:06.912+0000] {standard_task_runner.py:82} INFO - Running: ['***', 'tasks', 'run', 'tax_income', 'extract_and_load', 'scheduled__2023-03-28T05:00:00+00:00', '--job-id', '563', '--raw', '--subdir', 'DAGS_FOLDER/test.py', '--cfg-path', '/tmp/tmpi9frcjh4']
[2023-03-29T23:13:06.932+0000] {standard_task_runner.py:83} INFO - Job 563: Subtask extract_and_load
[2023-03-29T23:13:07.680+0000] {task_command.py:388} INFO - Running <TaskInstance: tax_income.extract_and_load scheduled__2023-03-28T05:00:00+00:00 [running]> on host 32688d23169d
[2023-03-29T23:13:08.192+0000] {taskinstance.py:1511} INFO - Exporting the following env vars:
AIRFLOW_CTX_DAG_OWNER=***
AIRFLOW_CTX_DAG_ID=tax_income
AIRFLOW_CTX_TASK_ID=extract_and_load
AIRFLOW_CTX_EXECUTION_DATE=2023-03-28T05:00:00+00:00
AIRFLOW_CTX_TRY_NUMBER=1
AIRFLOW_CTX_DAG_RUN_ID=scheduled__2023-03-28T05:00:00+00:00
[2023-03-29T23:13:08.196+0000] {test.py:66} INFO - Starting load_csv_from_bucket function...
[2023-03-29T23:13:08.511+0000] {test.py:75} INFO - Downloading CSV files from test-chr-ml 
[2023-03-29T23:13:30.777+0000] {test.py:91} INFO - Concatenating CSV files into a single DataFrame...
[2023-03-29T23:13:42.378+0000] {test.py:99} INFO - Select specific columns and rename them
[2023-03-29T23:14:16.247+0000] {test.py:106} INFO - Exporting DataFrame to BigQuery...
[2023-03-29T23:14:46.599+0000] {gbq.py:606} INFO - 199522 out of 199522 rows loaded.
[2023-03-29T23:14:46.651+0000] {test.py:123} INFO - Finished load_csv_from_bucket function.
[2023-03-29T23:14:46.694+0000] {python.py:177} INFO - Done. Returned value was: None
[2023-03-29T23:14:50.067+0000] {taskinstance.py:1326} INFO - Marking task as SUCCESS. dag_id=tax_income, task_id=extract_and_load, execution_date=20230328T050000, start_date=20230329T231306, end_date=20230329T231450
[2023-03-29T23:14:51.035+0000] {local_task_job.py:212} INFO - Task exited with return code 0
[2023-03-29T23:14:51.542+0000] {taskinstance.py:2585} INFO - 0 downstream tasks scheduled from follow-on schedule check
[2023-03-30T11:19:57.302+0000] {taskinstance.py:1084} INFO - Dependencies all met for dep_context=non-requeueable deps ti=<TaskInstance: tax_income.extract_and_load scheduled__2023-03-28T05:00:00+00:00 [queued]>
[2023-03-30T11:19:57.336+0000] {taskinstance.py:1084} INFO - Dependencies all met for dep_context=requeueable deps ti=<TaskInstance: tax_income.extract_and_load scheduled__2023-03-28T05:00:00+00:00 [queued]>
[2023-03-30T11:19:57.342+0000] {taskinstance.py:1282} INFO - 
--------------------------------------------------------------------------------
[2023-03-30T11:19:57.344+0000] {taskinstance.py:1283} INFO - Starting attempt 1 of 2
[2023-03-30T11:19:57.347+0000] {taskinstance.py:1284} INFO - 
--------------------------------------------------------------------------------
[2023-03-30T11:19:57.403+0000] {taskinstance.py:1303} INFO - Executing <Task(PythonOperator): extract_and_load> on 2023-03-28 05:00:00+00:00
[2023-03-30T11:19:57.448+0000] {standard_task_runner.py:55} INFO - Started process 134 to run task
[2023-03-30T11:19:57.585+0000] {standard_task_runner.py:82} INFO - Running: ['***', 'tasks', 'run', 'tax_income', 'extract_and_load', 'scheduled__2023-03-28T05:00:00+00:00', '--job-id', '16', '--raw', '--subdir', 'DAGS_FOLDER/dag_model.py', '--cfg-path', '/tmp/tmpt2zjwo9d']
[2023-03-30T11:19:57.619+0000] {standard_task_runner.py:83} INFO - Job 16: Subtask extract_and_load
[2023-03-30T11:19:58.965+0000] {task_command.py:388} INFO - Running <TaskInstance: tax_income.extract_and_load scheduled__2023-03-28T05:00:00+00:00 [running]> on host d8c38a1ae850
[2023-03-30T11:20:01.256+0000] {taskinstance.py:1511} INFO - Exporting the following env vars:
AIRFLOW_CTX_DAG_OWNER=***
AIRFLOW_CTX_DAG_ID=tax_income
AIRFLOW_CTX_TASK_ID=extract_and_load
AIRFLOW_CTX_EXECUTION_DATE=2023-03-28T05:00:00+00:00
AIRFLOW_CTX_TRY_NUMBER=1
AIRFLOW_CTX_DAG_RUN_ID=scheduled__2023-03-28T05:00:00+00:00
[2023-03-30T11:20:01.316+0000] {dag_model.py:67} INFO - Starting load_csv_from_bucket function...
[2023-03-30T11:20:02.045+0000] {dag_model.py:76} INFO - Downloading CSV files from test-chr-ml 
