[2023-03-28T23:30:30.265+0000] {taskinstance.py:1084} INFO - Dependencies all met for dep_context=non-requeueable deps ti=<TaskInstance: my_dag.load_predict scheduled__2023-03-28T23:25:00+00:00 [queued]>
[2023-03-28T23:30:30.287+0000] {taskinstance.py:1084} INFO - Dependencies all met for dep_context=requeueable deps ti=<TaskInstance: my_dag.load_predict scheduled__2023-03-28T23:25:00+00:00 [queued]>
[2023-03-28T23:30:30.288+0000] {taskinstance.py:1282} INFO - 
--------------------------------------------------------------------------------
[2023-03-28T23:30:30.289+0000] {taskinstance.py:1283} INFO - Starting attempt 1 of 1
[2023-03-28T23:30:30.291+0000] {taskinstance.py:1284} INFO - 
--------------------------------------------------------------------------------
[2023-03-28T23:30:30.325+0000] {taskinstance.py:1303} INFO - Executing <Task(PythonOperator): load_predict> on 2023-03-28 23:25:00+00:00
[2023-03-28T23:30:30.335+0000] {standard_task_runner.py:55} INFO - Started process 4395 to run task
[2023-03-28T23:30:30.347+0000] {standard_task_runner.py:82} INFO - Running: ['***', 'tasks', 'run', 'my_dag', 'load_predict', 'scheduled__2023-03-28T23:25:00+00:00', '--job-id', '259', '--raw', '--subdir', 'DAGS_FOLDER/test.py', '--cfg-path', '/tmp/tmp4fxg2si1']
[2023-03-28T23:30:30.352+0000] {standard_task_runner.py:83} INFO - Job 259: Subtask load_predict
[2023-03-28T23:30:30.487+0000] {task_command.py:388} INFO - Running <TaskInstance: my_dag.load_predict scheduled__2023-03-28T23:25:00+00:00 [running]> on host 18cf4662f3ac
[2023-03-28T23:30:30.632+0000] {taskinstance.py:1511} INFO - Exporting the following env vars:
AIRFLOW_CTX_DAG_OWNER=***
AIRFLOW_CTX_DAG_ID=my_dag
AIRFLOW_CTX_TASK_ID=load_predict
AIRFLOW_CTX_EXECUTION_DATE=2023-03-28T23:25:00+00:00
AIRFLOW_CTX_TRY_NUMBER=1
AIRFLOW_CTX_DAG_RUN_ID=scheduled__2023-03-28T23:25:00+00:00
[2023-03-28T23:30:34.169+0000] {warnings.py:110} WARNING - /home/***/.local/lib/python3.7/site-packages/google/cloud/bigquery/table.py:1988: UserWarning: A progress bar was requested, but there was an error loading the tqdm library. Please install tqdm to use the progress bar functionality.
  create_bqstorage_client=create_bqstorage_client,

[2023-03-28T23:31:04.470+0000] {gbq.py:352} INFO - Total time taken 33.66 s.
Finished at 2023-03-28 23:31:04.
[2023-03-28T23:31:04.497+0000] {logging_mixin.py:137} INFO - testtttt         age      sex  ...                                education tax_filer_status
0         0     Male  ...                                 Children         - 50000.
1         0     Male  ...                                 Children         - 50000.
2         0   Female  ...                                 Children         - 50000.
3         0     Male  ...                                 Children         - 50000.
4         0     Male  ...                                 Children         - 50000.
...     ...      ...  ...                                      ...              ...
598561   90     Male  ...   Prof school degree (MD DDS DVM LLB JD)         - 50000.
598562   90     Male  ...   Prof school degree (MD DDS DVM LLB JD)         - 50000.
598563   90   Female  ...   Prof school degree (MD DDS DVM LLB JD)          50000+.
598564   90     Male  ...   Prof school degree (MD DDS DVM LLB JD)         - 50000.
598565   90   Female  ...   Prof school degree (MD DDS DVM LLB JD)          50000+.

[598566 rows x 5 columns]
[2023-03-28T23:31:04.509+0000] {python.py:177} INFO - Done. Returned value was: None
[2023-03-28T23:31:04.530+0000] {taskinstance.py:1326} INFO - Marking task as SUCCESS. dag_id=my_dag, task_id=load_predict, execution_date=20230328T232500, start_date=20230328T233030, end_date=20230328T233104
[2023-03-28T23:31:04.642+0000] {local_task_job.py:212} INFO - Task exited with return code 0
[2023-03-28T23:31:04.672+0000] {taskinstance.py:2585} INFO - 0 downstream tasks scheduled from follow-on schedule check
