[2023-03-29T22:18:01.528+0000] {taskinstance.py:1084} INFO - Dependencies all met for dep_context=non-requeueable deps ti=<TaskInstance: my_dag.extract_and_load scheduled__2023-03-29T22:00:00+00:00 [queued]>
[2023-03-29T22:18:02.277+0000] {taskinstance.py:1084} INFO - Dependencies all met for dep_context=requeueable deps ti=<TaskInstance: my_dag.extract_and_load scheduled__2023-03-29T22:00:00+00:00 [queued]>
[2023-03-29T22:18:02.286+0000] {taskinstance.py:1282} INFO - 
--------------------------------------------------------------------------------
[2023-03-29T22:18:02.304+0000] {taskinstance.py:1283} INFO - Starting attempt 1 of 1
[2023-03-29T22:18:02.310+0000] {taskinstance.py:1284} INFO - 
--------------------------------------------------------------------------------
[2023-03-29T22:18:06.057+0000] {taskinstance.py:1303} INFO - Executing <Task(PythonOperator): extract_and_load> on 2023-03-29 22:00:00+00:00
[2023-03-29T22:18:08.646+0000] {standard_task_runner.py:55} INFO - Started process 2098 to run task
[2023-03-29T22:18:09.537+0000] {standard_task_runner.py:82} INFO - Running: ['***', 'tasks', 'run', 'my_dag', 'extract_and_load', 'scheduled__2023-03-29T22:00:00+00:00', '--job-id', '541', '--raw', '--subdir', 'DAGS_FOLDER/test.py', '--cfg-path', '/tmp/tmp1q8o6ick']
[2023-03-29T22:18:09.648+0000] {standard_task_runner.py:83} INFO - Job 541: Subtask extract_and_load
[2023-03-29T22:18:14.647+0000] {task_command.py:388} INFO - Running <TaskInstance: my_dag.extract_and_load scheduled__2023-03-29T22:00:00+00:00 [running]> on host 32688d23169d
[2023-03-29T22:18:23.324+0000] {taskinstance.py:1511} INFO - Exporting the following env vars:
AIRFLOW_CTX_DAG_OWNER=***
AIRFLOW_CTX_DAG_ID=my_dag
AIRFLOW_CTX_TASK_ID=extract_and_load
AIRFLOW_CTX_EXECUTION_DATE=2023-03-29T22:00:00+00:00
AIRFLOW_CTX_TRY_NUMBER=1
AIRFLOW_CTX_DAG_RUN_ID=scheduled__2023-03-29T22:00:00+00:00
[2023-03-29T22:18:23.343+0000] {test.py:60} INFO - Starting load_csv_from_bucket function...
[2023-03-29T22:18:27.152+0000] {test.py:69} INFO - Downloading CSV files from test-chr-ml 
[2023-03-29T22:19:07.339+0000] {test.py:85} INFO - Concatenating CSV files into a single DataFrame...
[2023-03-29T22:19:17.238+0000] {test.py:93} INFO - Select specific columns and rename them
[2023-03-29T22:19:17.765+0000] {test.py:100} INFO - Exporting DataFrame to BigQuery...
[2023-03-29T22:19:29.353+0000] {gbq.py:606} INFO - 199522 out of 199522 rows loaded.
[2023-03-29T22:19:29.371+0000] {test.py:117} INFO - Finished load_csv_from_bucket function.
[2023-03-29T22:19:29.381+0000] {python.py:177} INFO - Done. Returned value was: None
[2023-03-29T22:19:29.642+0000] {taskinstance.py:1326} INFO - Marking task as SUCCESS. dag_id=my_dag, task_id=extract_and_load, execution_date=20230329T220000, start_date=20230329T221801, end_date=20230329T221929
[2023-03-29T22:19:29.800+0000] {local_task_job.py:212} INFO - Task exited with return code 0
[2023-03-29T22:19:29.856+0000] {taskinstance.py:2585} INFO - 1 downstream tasks scheduled from follow-on schedule check
