[2023-03-29T01:59:06.869+0000] {taskinstance.py:1084} INFO - Dependencies all met for dep_context=non-requeueable deps ti=<TaskInstance: my_dag.extract_and_load scheduled__2023-03-29T01:40:00+00:00 [queued]>
[2023-03-29T01:59:07.119+0000] {taskinstance.py:1084} INFO - Dependencies all met for dep_context=requeueable deps ti=<TaskInstance: my_dag.extract_and_load scheduled__2023-03-29T01:40:00+00:00 [queued]>
[2023-03-29T01:59:07.131+0000] {taskinstance.py:1282} INFO - 
--------------------------------------------------------------------------------
[2023-03-29T01:59:07.147+0000] {taskinstance.py:1283} INFO - Starting attempt 1 of 1
[2023-03-29T01:59:07.149+0000] {taskinstance.py:1284} INFO - 
--------------------------------------------------------------------------------
[2023-03-29T01:59:10.134+0000] {taskinstance.py:1303} INFO - Executing <Task(PythonOperator): extract_and_load> on 2023-03-29 01:40:00+00:00
[2023-03-29T01:59:16.064+0000] {standard_task_runner.py:55} INFO - Started process 1118 to run task
[2023-03-29T01:59:16.208+0000] {standard_task_runner.py:82} INFO - Running: ['***', 'tasks', 'run', 'my_dag', 'extract_and_load', 'scheduled__2023-03-29T01:40:00+00:00', '--job-id', '291', '--raw', '--subdir', 'DAGS_FOLDER/test.py', '--cfg-path', '/tmp/tmpukcid913']
[2023-03-29T01:59:16.370+0000] {standard_task_runner.py:83} INFO - Job 291: Subtask extract_and_load
[2023-03-29T01:59:22.720+0000] {task_command.py:388} INFO - Running <TaskInstance: my_dag.extract_and_load scheduled__2023-03-29T01:40:00+00:00 [running]> on host 18cf4662f3ac
[2023-03-29T01:59:24.171+0000] {taskinstance.py:1511} INFO - Exporting the following env vars:
AIRFLOW_CTX_DAG_OWNER=***
AIRFLOW_CTX_DAG_ID=my_dag
AIRFLOW_CTX_TASK_ID=extract_and_load
AIRFLOW_CTX_EXECUTION_DATE=2023-03-29T01:40:00+00:00
AIRFLOW_CTX_TRY_NUMBER=1
AIRFLOW_CTX_DAG_RUN_ID=scheduled__2023-03-29T01:40:00+00:00
[2023-03-29T01:59:24.188+0000] {logging_mixin.py:137} INFO - eeeee test-chronotruck test-chr-ml/primary/data.csv
[2023-03-29T02:01:16.190+0000] {logging_mixin.py:137} INFO - rasssss
[2023-03-29T02:02:01.518+0000] {gbq.py:606} INFO - 180263 out of 180263 rows loaded.
[2023-03-29T02:02:03.387+0000] {logging_mixin.py:137} INFO - test ras ggdgg  ssssss          age      sex  ...                    education tax_filer_status
0        58     Male  ...   Some college but no degree         - 50000.
1        18   Female  ...                   10th grade         - 50000.
2         9   Female  ...                     Children         - 50000.
3        10   Female  ...                     Children         - 50000.
4        48   Female  ...   Some college but no degree         - 50000.
...     ...      ...  ...                          ...              ...
180258   12     Male  ...                     Children         - 50000.
180259   28     Male  ...         High school graduate         - 50000.
180260    9   Female  ...                     Children         - 50000.
180261    6   Female  ...                     Children         - 50000.
180262    1     Male  ...                     Children              NaN

[180263 rows x 5 columns]
[2023-03-29T02:02:12.102+0000] {python.py:177} INFO - Done. Returned value was: None
[2023-03-29T02:02:13.047+0000] {taskinstance.py:1326} INFO - Marking task as SUCCESS. dag_id=my_dag, task_id=extract_and_load, execution_date=20230329T014000, start_date=20230329T015906, end_date=20230329T020213
[2023-03-29T02:02:24.160+0000] {local_task_job.py:212} INFO - Task exited with return code 0
[2023-03-29T02:02:27.498+0000] {taskinstance.py:2585} INFO - 0 downstream tasks scheduled from follow-on schedule check
