[2023-03-29T12:10:38.551+0000] {taskinstance.py:1084} INFO - Dependencies all met for dep_context=non-requeueable deps ti=<TaskInstance: my_dag.load_predict scheduled__2023-03-29T12:05:00+00:00 [queued]>
[2023-03-29T12:10:38.571+0000] {taskinstance.py:1084} INFO - Dependencies all met for dep_context=requeueable deps ti=<TaskInstance: my_dag.load_predict scheduled__2023-03-29T12:05:00+00:00 [queued]>
[2023-03-29T12:10:38.572+0000] {taskinstance.py:1282} INFO - 
--------------------------------------------------------------------------------
[2023-03-29T12:10:38.574+0000] {taskinstance.py:1283} INFO - Starting attempt 1 of 1
[2023-03-29T12:10:38.576+0000] {taskinstance.py:1284} INFO - 
--------------------------------------------------------------------------------
[2023-03-29T12:10:38.603+0000] {taskinstance.py:1303} INFO - Executing <Task(PythonOperator): load_predict> on 2023-03-29 12:05:00+00:00
[2023-03-29T12:10:38.614+0000] {standard_task_runner.py:55} INFO - Started process 1556 to run task
[2023-03-29T12:10:38.626+0000] {standard_task_runner.py:82} INFO - Running: ['***', 'tasks', 'run', 'my_dag', 'load_predict', 'scheduled__2023-03-29T12:05:00+00:00', '--job-id', '362', '--raw', '--subdir', 'DAGS_FOLDER/test.py', '--cfg-path', '/tmp/tmp5k8um60_']
[2023-03-29T12:10:38.631+0000] {standard_task_runner.py:83} INFO - Job 362: Subtask load_predict
[2023-03-29T12:10:38.755+0000] {task_command.py:388} INFO - Running <TaskInstance: my_dag.load_predict scheduled__2023-03-29T12:05:00+00:00 [running]> on host e7ec0deaf382
[2023-03-29T12:10:38.914+0000] {taskinstance.py:1511} INFO - Exporting the following env vars:
AIRFLOW_CTX_DAG_OWNER=***
AIRFLOW_CTX_DAG_ID=my_dag
AIRFLOW_CTX_TASK_ID=load_predict
AIRFLOW_CTX_EXECUTION_DATE=2023-03-29T12:05:00+00:00
AIRFLOW_CTX_TRY_NUMBER=1
AIRFLOW_CTX_DAG_RUN_ID=scheduled__2023-03-29T12:05:00+00:00
[2023-03-29T12:10:41.848+0000] {warnings.py:110} WARNING - /home/***/.local/lib/python3.7/site-packages/google/cloud/bigquery/table.py:1988: UserWarning: A progress bar was requested, but there was an error loading the tqdm library. Please install tqdm to use the progress bar functionality.
  create_bqstorage_client=create_bqstorage_client,

[2023-03-29T12:10:52.640+0000] {gbq.py:352} INFO - Total time taken 13.57 s.
Finished at 2023-03-29 12:10:52.
[2023-03-29T12:10:52.725+0000] {logging_mixin.py:137} INFO -         age  sex  ...                                education tax_filer_status
0         0    1  ...                                 Children         - 50000.
1         0    1  ...                                 Children         - 50000.
2         0    0  ...                                 Children         - 50000.
3         0    1  ...                                 Children         - 50000.
4         0    1  ...                                 Children         - 50000.
...     ...  ...  ...                                      ...              ...
199517   90    1  ...   Prof school degree (MD DDS DVM LLB JD)         - 50000.
199518   90    1  ...   Prof school degree (MD DDS DVM LLB JD)         - 50000.
199519   90    0  ...   Prof school degree (MD DDS DVM LLB JD)          50000+.
199520   90    1  ...   Prof school degree (MD DDS DVM LLB JD)         - 50000.
199521   90    0  ...   Prof school degree (MD DDS DVM LLB JD)          50000+.

[199522 rows x 5 columns]
[2023-03-29T12:11:02.441+0000] {gbq.py:606} INFO - 199522 out of 199522 rows loaded.
[2023-03-29T12:11:02.525+0000] {logging_mixin.py:137} INFO -         age  sex  ...                                education tax_filer_status
0         0    1  ...                                 Children         - 50000.
1         0    1  ...                                 Children         - 50000.
2         0    0  ...                                 Children         - 50000.
3         0    1  ...                                 Children         - 50000.
4         0    1  ...                                 Children         - 50000.
...     ...  ...  ...                                      ...              ...
199517   90    1  ...   Prof school degree (MD DDS DVM LLB JD)         - 50000.
199518   90    1  ...   Prof school degree (MD DDS DVM LLB JD)         - 50000.
199519   90    0  ...   Prof school degree (MD DDS DVM LLB JD)          50000+.
199520   90    1  ...   Prof school degree (MD DDS DVM LLB JD)         - 50000.
199521   90    0  ...   Prof school degree (MD DDS DVM LLB JD)          50000+.

[199522 rows x 5 columns]
[2023-03-29T12:11:09.004+0000] {gbq.py:606} INFO - 199522 out of 199522 rows loaded.
[2023-03-29T12:11:09.120+0000] {logging_mixin.py:137} INFO -         age  sex  marital_status  education tax_filer_status
0         0    1               4         10         - 50000.
1         0    1               4         10         - 50000.
2         0    0               4         10         - 50000.
3         0    1               4         10         - 50000.
4         0    1               4         10         - 50000.
...     ...  ...             ...        ...              ...
199517   90    1               6         15         - 50000.
199518   90    1               2         15         - 50000.
199519   90    0               2         15          50000+.
199520   90    1               2         15         - 50000.
199521   90    0               4         15          50000+.

[199522 rows x 5 columns]
[2023-03-29T12:11:15.221+0000] {gbq.py:606} INFO - 199522 out of 199522 rows loaded.
[2023-03-29T12:11:15.307+0000] {logging_mixin.py:137} INFO -         age  sex  marital_status  education  tax_filer_status
0         0    1               4         10                 0
1         0    1               4         10                 0
2         0    0               4         10                 0
3         0    1               4         10                 0
4         0    1               4         10                 0
...     ...  ...             ...        ...               ...
199517   90    1               6         15                 0
199518   90    1               2         15                 0
199519   90    0               2         15                 1
199520   90    1               2         15                 0
199521   90    0               4         15                 1

[199522 rows x 5 columns]
[2023-03-29T12:11:24.443+0000] {gbq.py:606} INFO - 199522 out of 199522 rows loaded.
[2023-03-29T12:11:24.448+0000] {python.py:177} INFO - Done. Returned value was: None
[2023-03-29T12:11:24.478+0000] {taskinstance.py:1326} INFO - Marking task as SUCCESS. dag_id=my_dag, task_id=load_predict, execution_date=20230329T120500, start_date=20230329T121038, end_date=20230329T121124
[2023-03-29T12:11:24.634+0000] {local_task_job.py:212} INFO - Task exited with return code 0
[2023-03-29T12:11:24.697+0000] {taskinstance.py:2585} INFO - 0 downstream tasks scheduled from follow-on schedule check
