[2023-03-29T10:57:58.028+0000] {taskinstance.py:1084} INFO - Dependencies all met for dep_context=non-requeueable deps ti=<TaskInstance: my_dag.my_task scheduled__2023-03-29T10:30:00+00:00 [queued]>
[2023-03-29T10:57:58.052+0000] {taskinstance.py:1084} INFO - Dependencies all met for dep_context=requeueable deps ti=<TaskInstance: my_dag.my_task scheduled__2023-03-29T10:30:00+00:00 [queued]>
[2023-03-29T10:57:58.054+0000] {taskinstance.py:1282} INFO - 
--------------------------------------------------------------------------------
[2023-03-29T10:57:58.057+0000] {taskinstance.py:1283} INFO - Starting attempt 1 of 1
[2023-03-29T10:57:58.059+0000] {taskinstance.py:1284} INFO - 
--------------------------------------------------------------------------------
[2023-03-29T10:57:58.095+0000] {taskinstance.py:1303} INFO - Executing <Task(BashOperator): my_task> on 2023-03-29 10:30:00+00:00
[2023-03-29T10:57:58.110+0000] {standard_task_runner.py:55} INFO - Started process 501 to run task
[2023-03-29T10:57:58.123+0000] {standard_task_runner.py:82} INFO - Running: ['***', 'tasks', 'run', 'my_dag', 'my_task', 'scheduled__2023-03-29T10:30:00+00:00', '--job-id', '318', '--raw', '--subdir', 'DAGS_FOLDER/test.py', '--cfg-path', '/tmp/tmpcsaf7y4x']
[2023-03-29T10:57:58.128+0000] {standard_task_runner.py:83} INFO - Job 318: Subtask my_task
[2023-03-29T10:57:58.465+0000] {task_command.py:388} INFO - Running <TaskInstance: my_dag.my_task scheduled__2023-03-29T10:30:00+00:00 [running]> on host e7ec0deaf382
[2023-03-29T10:57:59.363+0000] {taskinstance.py:1511} INFO - Exporting the following env vars:
AIRFLOW_CTX_DAG_OWNER=***
AIRFLOW_CTX_DAG_ID=my_dag
AIRFLOW_CTX_TASK_ID=my_task
AIRFLOW_CTX_EXECUTION_DATE=2023-03-29T10:30:00+00:00
AIRFLOW_CTX_TRY_NUMBER=1
AIRFLOW_CTX_DAG_RUN_ID=scheduled__2023-03-29T10:30:00+00:00
[2023-03-29T10:57:59.396+0000] {subprocess.py:63} INFO - Tmp dir root location: 
 /tmp
[2023-03-29T10:57:59.409+0000] {subprocess.py:75} INFO - Running command: ['/bin/bash', '-c', 'for i in {1..5}; do echo $i; sleep 1; done']
[2023-03-29T10:57:59.568+0000] {subprocess.py:86} INFO - Output:
[2023-03-29T10:57:59.595+0000] {subprocess.py:93} INFO - 1
[2023-03-29T10:58:00.607+0000] {subprocess.py:93} INFO - 2
[2023-03-29T10:58:01.621+0000] {subprocess.py:93} INFO - 3
[2023-03-29T10:58:02.628+0000] {subprocess.py:93} INFO - 4
[2023-03-29T10:58:03.648+0000] {subprocess.py:93} INFO - 5
[2023-03-29T10:58:04.674+0000] {subprocess.py:97} INFO - Command exited with return code 0
[2023-03-29T10:58:04.787+0000] {taskinstance.py:1326} INFO - Marking task as SUCCESS. dag_id=my_dag, task_id=my_task, execution_date=20230329T103000, start_date=20230329T105758, end_date=20230329T105804
[2023-03-29T10:58:04.915+0000] {local_task_job.py:212} INFO - Task exited with return code 0
[2023-03-29T10:58:05.071+0000] {taskinstance.py:2585} INFO - 0 downstream tasks scheduled from follow-on schedule check
