[2023-03-28T15:46:55.706+0000] {taskinstance.py:1084} INFO - Dependencies all met for dep_context=non-requeueable deps ti=<TaskInstance: my_dag.my_task scheduled__2023-03-28T15:40:00+00:00 [queued]>
[2023-03-28T15:46:55.727+0000] {taskinstance.py:1084} INFO - Dependencies all met for dep_context=requeueable deps ti=<TaskInstance: my_dag.my_task scheduled__2023-03-28T15:40:00+00:00 [queued]>
[2023-03-28T15:46:55.729+0000] {taskinstance.py:1282} INFO - 
--------------------------------------------------------------------------------
[2023-03-28T15:46:55.731+0000] {taskinstance.py:1283} INFO - Starting attempt 1 of 1
[2023-03-28T15:46:55.732+0000] {taskinstance.py:1284} INFO - 
--------------------------------------------------------------------------------
[2023-03-28T15:46:55.760+0000] {taskinstance.py:1303} INFO - Executing <Task(BashOperator): my_task> on 2023-03-28 15:40:00+00:00
[2023-03-28T15:46:55.769+0000] {standard_task_runner.py:55} INFO - Started process 73 to run task
[2023-03-28T15:46:55.779+0000] {standard_task_runner.py:82} INFO - Running: ['***', 'tasks', 'run', 'my_dag', 'my_task', 'scheduled__2023-03-28T15:40:00+00:00', '--job-id', '132', '--raw', '--subdir', 'DAGS_FOLDER/test.py', '--cfg-path', '/tmp/tmpp4il3_9i']
[2023-03-28T15:46:55.785+0000] {standard_task_runner.py:83} INFO - Job 132: Subtask my_task
[2023-03-28T15:46:55.944+0000] {task_command.py:388} INFO - Running <TaskInstance: my_dag.my_task scheduled__2023-03-28T15:40:00+00:00 [running]> on host 18cf4662f3ac
[2023-03-28T15:46:56.102+0000] {taskinstance.py:1511} INFO - Exporting the following env vars:
AIRFLOW_CTX_DAG_OWNER=***
AIRFLOW_CTX_DAG_ID=my_dag
AIRFLOW_CTX_TASK_ID=my_task
AIRFLOW_CTX_EXECUTION_DATE=2023-03-28T15:40:00+00:00
AIRFLOW_CTX_TRY_NUMBER=1
AIRFLOW_CTX_DAG_RUN_ID=scheduled__2023-03-28T15:40:00+00:00
[2023-03-28T15:46:56.106+0000] {subprocess.py:63} INFO - Tmp dir root location: 
 /tmp
[2023-03-28T15:46:56.109+0000] {subprocess.py:75} INFO - Running command: ['/bin/bash', '-c', 'for i in {1..5}; do echo $i; sleep 1; done']
[2023-03-28T15:46:56.134+0000] {subprocess.py:86} INFO - Output:
[2023-03-28T15:46:56.141+0000] {subprocess.py:93} INFO - 1
[2023-03-28T15:46:57.154+0000] {subprocess.py:93} INFO - 2
[2023-03-28T15:46:58.162+0000] {subprocess.py:93} INFO - 3
[2023-03-28T15:46:59.202+0000] {subprocess.py:93} INFO - 4
[2023-03-28T15:47:00.251+0000] {subprocess.py:93} INFO - 5
[2023-03-28T15:47:01.254+0000] {subprocess.py:97} INFO - Command exited with return code 0
[2023-03-28T15:47:01.324+0000] {taskinstance.py:1326} INFO - Marking task as SUCCESS. dag_id=my_dag, task_id=my_task, execution_date=20230328T154000, start_date=20230328T154655, end_date=20230328T154701
[2023-03-28T15:47:01.431+0000] {local_task_job.py:212} INFO - Task exited with return code 0
[2023-03-28T15:47:01.506+0000] {taskinstance.py:2585} INFO - 0 downstream tasks scheduled from follow-on schedule check
