[2023-03-30T00:58:59.795+0000] {taskinstance.py:1084} INFO - Dependencies all met for dep_context=non-requeueable deps ti=<TaskInstance: tax_income.model_predict manual__2023-03-30T00:58:26.693875+00:00 [queued]>
[2023-03-30T00:58:59.823+0000] {taskinstance.py:1084} INFO - Dependencies all met for dep_context=requeueable deps ti=<TaskInstance: tax_income.model_predict manual__2023-03-30T00:58:26.693875+00:00 [queued]>
[2023-03-30T00:58:59.825+0000] {taskinstance.py:1282} INFO - 
--------------------------------------------------------------------------------
[2023-03-30T00:58:59.828+0000] {taskinstance.py:1283} INFO - Starting attempt 1 of 2
[2023-03-30T00:58:59.830+0000] {taskinstance.py:1284} INFO - 
--------------------------------------------------------------------------------
[2023-03-30T00:58:59.864+0000] {taskinstance.py:1303} INFO - Executing <Task(PythonOperator): model_predict> on 2023-03-30 00:58:26.693875+00:00
[2023-03-30T00:58:59.879+0000] {standard_task_runner.py:55} INFO - Started process 164 to run task
[2023-03-30T00:58:59.886+0000] {standard_task_runner.py:82} INFO - Running: ['***', 'tasks', 'run', 'tax_income', 'model_predict', 'manual__2023-03-30T00:58:26.693875+00:00', '--job-id', '11', '--raw', '--subdir', 'DAGS_FOLDER/dag_model.py', '--cfg-path', '/tmp/tmp4intqbej']
[2023-03-30T00:58:59.891+0000] {standard_task_runner.py:83} INFO - Job 11: Subtask model_predict
[2023-03-30T00:59:00.074+0000] {task_command.py:388} INFO - Running <TaskInstance: tax_income.model_predict manual__2023-03-30T00:58:26.693875+00:00 [running]> on host d8c38a1ae850
[2023-03-30T00:59:00.245+0000] {taskinstance.py:1511} INFO - Exporting the following env vars:
AIRFLOW_CTX_DAG_OWNER=***
AIRFLOW_CTX_DAG_ID=tax_income
AIRFLOW_CTX_TASK_ID=model_predict
AIRFLOW_CTX_EXECUTION_DATE=2023-03-30T00:58:26.693875+00:00
AIRFLOW_CTX_TRY_NUMBER=1
AIRFLOW_CTX_DAG_RUN_ID=manual__2023-03-30T00:58:26.693875+00:00
[2023-03-30T00:59:00.250+0000] {dag_model.py:131} INFO - Loading data from BigQuery...
[2023-03-30T00:59:02.893+0000] {warnings.py:110} WARNING - /home/***/.local/lib/python3.7/site-packages/google/cloud/bigquery/table.py:1988: UserWarning: A progress bar was requested, but there was an error loading the tqdm library. Please install tqdm to use the progress bar functionality.
  create_bqstorage_client=create_bqstorage_client,

[2023-03-30T00:59:13.930+0000] {gbq.py:352} INFO - Total time taken 13.52 s.
Finished at 2023-03-30 00:59:13.
[2023-03-30T00:59:13.932+0000] {dag_model.py:146} INFO - One-hot encoding categorical features...
[2023-03-30T00:59:14.048+0000] {dag_model.py:152} INFO - Loading XGBoost model and performing predictions...
[2023-03-30T00:59:14.102+0000] {logging_mixin.py:137} INFO - [00:59:14] WARNING: ../src/learner.cc:749: Found JSON model saved before XGBoost 1.6, please save the model using current version again. The support for old JSON model will be discontinued in XGBoost 2.3.
[2023-03-30T00:59:14.592+0000] {dag_model.py:158} INFO - Adding predictions to DataFrame...
[2023-03-30T00:59:14.789+0000] {dag_model.py:164} INFO - Exporting DataFrame to BigQuery...
[2023-03-30T00:59:22.423+0000] {gbq.py:606} INFO - 199522 out of 199522 rows loaded.
[2023-03-30T00:59:22.426+0000] {dag_model.py:180} INFO - Finished model_predict function.
[2023-03-30T00:59:22.429+0000] {python.py:177} INFO - Done. Returned value was: None
[2023-03-30T00:59:22.457+0000] {taskinstance.py:1326} INFO - Marking task as SUCCESS. dag_id=tax_income, task_id=model_predict, execution_date=20230330T005826, start_date=20230330T005859, end_date=20230330T005922
[2023-03-30T00:59:22.562+0000] {local_task_job.py:212} INFO - Task exited with return code 0
[2023-03-30T00:59:22.601+0000] {taskinstance.py:2585} INFO - 0 downstream tasks scheduled from follow-on schedule check
