[2023-03-28T23:10:02.007+0000] {taskinstance.py:1084} INFO - Dependencies all met for dep_context=non-requeueable deps ti=<TaskInstance: my_dag.extract_and_load scheduled__2023-03-28T23:05:00+00:00 [queued]>
[2023-03-28T23:10:02.034+0000] {taskinstance.py:1084} INFO - Dependencies all met for dep_context=requeueable deps ti=<TaskInstance: my_dag.extract_and_load scheduled__2023-03-28T23:05:00+00:00 [queued]>
[2023-03-28T23:10:02.036+0000] {taskinstance.py:1282} INFO - 
--------------------------------------------------------------------------------
[2023-03-28T23:10:02.039+0000] {taskinstance.py:1283} INFO - Starting attempt 1 of 1
[2023-03-28T23:10:02.040+0000] {taskinstance.py:1284} INFO - 
--------------------------------------------------------------------------------
[2023-03-28T23:10:02.079+0000] {taskinstance.py:1303} INFO - Executing <Task(PythonOperator): extract_and_load> on 2023-03-28 23:05:00+00:00
[2023-03-28T23:10:02.093+0000] {standard_task_runner.py:55} INFO - Started process 3972 to run task
[2023-03-28T23:10:02.099+0000] {standard_task_runner.py:82} INFO - Running: ['***', 'tasks', 'run', 'my_dag', 'extract_and_load', 'scheduled__2023-03-28T23:05:00+00:00', '--job-id', '245', '--raw', '--subdir', 'DAGS_FOLDER/test.py', '--cfg-path', '/tmp/tmp9any2044']
[2023-03-28T23:10:02.104+0000] {standard_task_runner.py:83} INFO - Job 245: Subtask extract_and_load
[2023-03-28T23:10:02.241+0000] {task_command.py:388} INFO - Running <TaskInstance: my_dag.extract_and_load scheduled__2023-03-28T23:05:00+00:00 [running]> on host 18cf4662f3ac
[2023-03-28T23:10:02.393+0000] {taskinstance.py:1511} INFO - Exporting the following env vars:
AIRFLOW_CTX_DAG_OWNER=***
AIRFLOW_CTX_DAG_ID=my_dag
AIRFLOW_CTX_TASK_ID=extract_and_load
AIRFLOW_CTX_EXECUTION_DATE=2023-03-28T23:05:00+00:00
AIRFLOW_CTX_TRY_NUMBER=1
AIRFLOW_CTX_DAG_RUN_ID=scheduled__2023-03-28T23:05:00+00:00
[2023-03-28T23:10:02.396+0000] {logging_mixin.py:137} INFO - eeeee test-chronotruck test-chr-ml/primary/data.csv
[2023-03-28T23:10:11.278+0000] {logging_mixin.py:137} INFO - rasssss
[2023-03-28T23:10:16.531+0000] {gbq.py:606} INFO - 199522 out of 199522 rows loaded.
[2023-03-28T23:10:16.550+0000] {logging_mixin.py:137} INFO - test ras ggdgg  ssssss          age      sex
0        58     Male
1        18   Female
2         9   Female
3        10   Female
4        48   Female
...     ...      ...
199517   87     Male
199518   65     Male
199519   47     Male
199520   16   Female
199521   32   Female

[199522 rows x 2 columns]
[2023-03-28T23:10:16.628+0000] {python.py:177} INFO - Done. Returned value was: None
[2023-03-28T23:10:16.664+0000] {taskinstance.py:1326} INFO - Marking task as SUCCESS. dag_id=my_dag, task_id=extract_and_load, execution_date=20230328T230500, start_date=20230328T231002, end_date=20230328T231016
[2023-03-28T23:10:16.789+0000] {local_task_job.py:212} INFO - Task exited with return code 0
[2023-03-28T23:10:16.873+0000] {taskinstance.py:2585} INFO - 1 downstream tasks scheduled from follow-on schedule check
