[2023-03-29T12:46:28.957+0000] {taskinstance.py:1084} INFO - Dependencies all met for dep_context=non-requeueable deps ti=<TaskInstance: my_dag.my_task scheduled__2023-03-29T12:40:00+00:00 [queued]>
[2023-03-29T12:46:29.011+0000] {taskinstance.py:1084} INFO - Dependencies all met for dep_context=requeueable deps ti=<TaskInstance: my_dag.my_task scheduled__2023-03-29T12:40:00+00:00 [queued]>
[2023-03-29T12:46:29.013+0000] {taskinstance.py:1282} INFO - 
--------------------------------------------------------------------------------
[2023-03-29T12:46:29.015+0000] {taskinstance.py:1283} INFO - Starting attempt 1 of 1
[2023-03-29T12:46:29.017+0000] {taskinstance.py:1284} INFO - 
--------------------------------------------------------------------------------
[2023-03-29T12:46:29.098+0000] {taskinstance.py:1303} INFO - Executing <Task(BashOperator): my_task> on 2023-03-29 12:40:00+00:00
[2023-03-29T12:46:29.130+0000] {standard_task_runner.py:55} INFO - Started process 1933 to run task
[2023-03-29T12:46:29.171+0000] {standard_task_runner.py:82} INFO - Running: ['***', 'tasks', 'run', 'my_dag', 'my_task', 'scheduled__2023-03-29T12:40:00+00:00', '--job-id', '377', '--raw', '--subdir', 'DAGS_FOLDER/test.py', '--cfg-path', '/tmp/tmpqtcgxr0w']
[2023-03-29T12:46:29.188+0000] {standard_task_runner.py:83} INFO - Job 377: Subtask my_task
[2023-03-29T12:46:29.900+0000] {task_command.py:388} INFO - Running <TaskInstance: my_dag.my_task scheduled__2023-03-29T12:40:00+00:00 [running]> on host e7ec0deaf382
[2023-03-29T12:46:30.495+0000] {taskinstance.py:1511} INFO - Exporting the following env vars:
AIRFLOW_CTX_DAG_OWNER=***
AIRFLOW_CTX_DAG_ID=my_dag
AIRFLOW_CTX_TASK_ID=my_task
AIRFLOW_CTX_EXECUTION_DATE=2023-03-29T12:40:00+00:00
AIRFLOW_CTX_TRY_NUMBER=1
AIRFLOW_CTX_DAG_RUN_ID=scheduled__2023-03-29T12:40:00+00:00
[2023-03-29T12:46:30.509+0000] {subprocess.py:63} INFO - Tmp dir root location: 
 /tmp
[2023-03-29T12:46:30.512+0000] {subprocess.py:75} INFO - Running command: ['/bin/bash', '-c', 'for i in {1..5}; do echo $i; sleep 1; done']
[2023-03-29T12:46:30.585+0000] {subprocess.py:86} INFO - Output:
[2023-03-29T12:46:30.592+0000] {subprocess.py:93} INFO - 1
[2023-03-29T12:46:31.610+0000] {subprocess.py:93} INFO - 2
[2023-03-29T12:46:32.679+0000] {subprocess.py:93} INFO - 3
[2023-03-29T12:46:33.955+0000] {subprocess.py:93} INFO - 4
[2023-03-29T12:46:35.030+0000] {subprocess.py:93} INFO - 5
[2023-03-29T12:46:36.235+0000] {subprocess.py:97} INFO - Command exited with return code 0
[2023-03-29T12:46:37.113+0000] {taskinstance.py:1326} INFO - Marking task as SUCCESS. dag_id=my_dag, task_id=my_task, execution_date=20230329T124000, start_date=20230329T124628, end_date=20230329T124637
[2023-03-29T12:46:37.712+0000] {local_task_job.py:212} INFO - Task exited with return code 0
[2023-03-29T12:46:37.959+0000] {taskinstance.py:2585} INFO - 0 downstream tasks scheduled from follow-on schedule check
