[2023-03-29T12:25:33.344+0000] {taskinstance.py:1084} INFO - Dependencies all met for dep_context=non-requeueable deps ti=<TaskInstance: my_dag.task_transform scheduled__2023-03-29T12:20:00+00:00 [queued]>
[2023-03-29T12:25:33.366+0000] {taskinstance.py:1084} INFO - Dependencies all met for dep_context=requeueable deps ti=<TaskInstance: my_dag.task_transform scheduled__2023-03-29T12:20:00+00:00 [queued]>
[2023-03-29T12:25:33.367+0000] {taskinstance.py:1282} INFO - 
--------------------------------------------------------------------------------
[2023-03-29T12:25:33.368+0000] {taskinstance.py:1283} INFO - Starting attempt 1 of 1
[2023-03-29T12:25:33.370+0000] {taskinstance.py:1284} INFO - 
--------------------------------------------------------------------------------
[2023-03-29T12:25:33.398+0000] {taskinstance.py:1303} INFO - Executing <Task(PythonOperator): task_transform> on 2023-03-29 12:20:00+00:00
[2023-03-29T12:25:33.412+0000] {standard_task_runner.py:55} INFO - Started process 1864 to run task
[2023-03-29T12:25:33.430+0000] {standard_task_runner.py:82} INFO - Running: ['***', 'tasks', 'run', 'my_dag', 'task_transform', 'scheduled__2023-03-29T12:20:00+00:00', '--job-id', '373', '--raw', '--subdir', 'DAGS_FOLDER/test.py', '--cfg-path', '/tmp/tmpdat6yp3z']
[2023-03-29T12:25:33.450+0000] {standard_task_runner.py:83} INFO - Job 373: Subtask task_transform
[2023-03-29T12:25:33.599+0000] {task_command.py:388} INFO - Running <TaskInstance: my_dag.task_transform scheduled__2023-03-29T12:20:00+00:00 [running]> on host e7ec0deaf382
[2023-03-29T12:25:33.765+0000] {taskinstance.py:1511} INFO - Exporting the following env vars:
AIRFLOW_CTX_DAG_OWNER=***
AIRFLOW_CTX_DAG_ID=my_dag
AIRFLOW_CTX_TASK_ID=task_transform
AIRFLOW_CTX_EXECUTION_DATE=2023-03-29T12:20:00+00:00
AIRFLOW_CTX_TRY_NUMBER=1
AIRFLOW_CTX_DAG_RUN_ID=scheduled__2023-03-29T12:20:00+00:00
[2023-03-29T12:25:36.399+0000] {warnings.py:110} WARNING - /home/***/.local/lib/python3.7/site-packages/google/cloud/bigquery/table.py:1988: UserWarning: A progress bar was requested, but there was an error loading the tqdm library. Please install tqdm to use the progress bar functionality.
  create_bqstorage_client=create_bqstorage_client,

[2023-03-29T12:25:46.540+0000] {gbq.py:352} INFO - Total time taken 12.6 s.
Finished at 2023-03-29 12:25:46.
[2023-03-29T12:25:46.628+0000] {logging_mixin.py:137} INFO -         age  sex  ...                                education tax_filer_status
0         0    1  ...                                 Children         - 50000.
1         0    1  ...                                 Children         - 50000.
2         0    0  ...                                 Children         - 50000.
3         0    1  ...                                 Children         - 50000.
4         0    1  ...                                 Children         - 50000.
...     ...  ...  ...                                      ...              ...
199517   90    1  ...   Prof school degree (MD DDS DVM LLB JD)         - 50000.
199518   90    1  ...   Prof school degree (MD DDS DVM LLB JD)         - 50000.
199519   90    0  ...   Prof school degree (MD DDS DVM LLB JD)          50000+.
199520   90    1  ...   Prof school degree (MD DDS DVM LLB JD)         - 50000.
199521   90    0  ...   Prof school degree (MD DDS DVM LLB JD)          50000+.

[199522 rows x 5 columns]
[2023-03-29T12:25:52.758+0000] {gbq.py:606} INFO - 199522 out of 199522 rows loaded.
[2023-03-29T12:25:52.972+0000] {logging_mixin.py:137} INFO -         age  sex  ...                                education tax_filer_status
0         0    1  ...                                 Children         - 50000.
1         0    1  ...                                 Children         - 50000.
2         0    0  ...                                 Children         - 50000.
3         0    1  ...                                 Children         - 50000.
4         0    1  ...                                 Children         - 50000.
...     ...  ...  ...                                      ...              ...
199517   90    1  ...   Prof school degree (MD DDS DVM LLB JD)         - 50000.
199518   90    1  ...   Prof school degree (MD DDS DVM LLB JD)         - 50000.
199519   90    0  ...   Prof school degree (MD DDS DVM LLB JD)          50000+.
199520   90    1  ...   Prof school degree (MD DDS DVM LLB JD)         - 50000.
199521   90    0  ...   Prof school degree (MD DDS DVM LLB JD)          50000+.

[199522 rows x 5 columns]
[2023-03-29T12:26:00.760+0000] {gbq.py:606} INFO - 199522 out of 199522 rows loaded.
[2023-03-29T12:26:00.830+0000] {logging_mixin.py:137} INFO -         age  sex  marital_status  education tax_filer_status
0         0    1               4         10         - 50000.
1         0    1               4         10         - 50000.
2         0    0               4         10         - 50000.
3         0    1               4         10         - 50000.
4         0    1               4         10         - 50000.
...     ...  ...             ...        ...              ...
199517   90    1               6         15         - 50000.
199518   90    1               2         15         - 50000.
199519   90    0               2         15          50000+.
199520   90    1               2         15         - 50000.
199521   90    0               4         15          50000+.

[199522 rows x 5 columns]
[2023-03-29T12:26:08.238+0000] {gbq.py:606} INFO - 199522 out of 199522 rows loaded.
[2023-03-29T12:26:08.309+0000] {logging_mixin.py:137} INFO -         age  sex  marital_status  education  tax_filer_status
0         0    1               4         10                 0
1         0    1               4         10                 0
2         0    0               4         10                 0
3         0    1               4         10                 0
4         0    1               4         10                 0
...     ...  ...             ...        ...               ...
199517   90    1               6         15                 0
199518   90    1               2         15                 0
199519   90    0               2         15                 1
199520   90    1               2         15                 0
199521   90    0               4         15                 1

[199522 rows x 5 columns]
[2023-03-29T12:26:17.155+0000] {gbq.py:606} INFO - 199522 out of 199522 rows loaded.
[2023-03-29T12:26:17.158+0000] {python.py:177} INFO - Done. Returned value was: None
[2023-03-29T12:26:17.181+0000] {taskinstance.py:1326} INFO - Marking task as SUCCESS. dag_id=my_dag, task_id=task_transform, execution_date=20230329T122000, start_date=20230329T122533, end_date=20230329T122617
[2023-03-29T12:26:17.276+0000] {local_task_job.py:212} INFO - Task exited with return code 0
[2023-03-29T12:26:17.322+0000] {taskinstance.py:2585} INFO - 1 downstream tasks scheduled from follow-on schedule check
