[2023-03-29T00:55:21.176+0000] {taskinstance.py:1084} INFO - Dependencies all met for dep_context=non-requeueable deps ti=<TaskInstance: my_dag.my_task scheduled__2023-03-29T00:45:00+00:00 [queued]>
[2023-03-29T00:55:21.266+0000] {taskinstance.py:1084} INFO - Dependencies all met for dep_context=requeueable deps ti=<TaskInstance: my_dag.my_task scheduled__2023-03-29T00:45:00+00:00 [queued]>
[2023-03-29T00:55:21.268+0000] {taskinstance.py:1282} INFO - 
--------------------------------------------------------------------------------
[2023-03-29T00:55:21.270+0000] {taskinstance.py:1283} INFO - Starting attempt 1 of 1
[2023-03-29T00:55:21.274+0000] {taskinstance.py:1284} INFO - 
--------------------------------------------------------------------------------
[2023-03-29T00:55:21.362+0000] {taskinstance.py:1303} INFO - Executing <Task(BashOperator): my_task> on 2023-03-29 00:45:00+00:00
[2023-03-29T00:55:21.378+0000] {standard_task_runner.py:55} INFO - Started process 779 to run task
[2023-03-29T00:55:21.395+0000] {standard_task_runner.py:82} INFO - Running: ['***', 'tasks', 'run', 'my_dag', 'my_task', 'scheduled__2023-03-29T00:45:00+00:00', '--job-id', '281', '--raw', '--subdir', 'DAGS_FOLDER/test.py', '--cfg-path', '/tmp/tmpklrx0c7e']
[2023-03-29T00:55:21.401+0000] {standard_task_runner.py:83} INFO - Job 281: Subtask my_task
[2023-03-29T00:55:21.649+0000] {task_command.py:388} INFO - Running <TaskInstance: my_dag.my_task scheduled__2023-03-29T00:45:00+00:00 [running]> on host 18cf4662f3ac
[2023-03-29T00:55:22.699+0000] {taskinstance.py:1511} INFO - Exporting the following env vars:
AIRFLOW_CTX_DAG_OWNER=***
AIRFLOW_CTX_DAG_ID=my_dag
AIRFLOW_CTX_TASK_ID=my_task
AIRFLOW_CTX_EXECUTION_DATE=2023-03-29T00:45:00+00:00
AIRFLOW_CTX_TRY_NUMBER=1
AIRFLOW_CTX_DAG_RUN_ID=scheduled__2023-03-29T00:45:00+00:00
[2023-03-29T00:55:22.783+0000] {subprocess.py:63} INFO - Tmp dir root location: 
 /tmp
[2023-03-29T00:55:22.823+0000] {subprocess.py:75} INFO - Running command: ['/bin/bash', '-c', 'for i in {1..5}; do echo $i; sleep 1; done']
[2023-03-29T00:55:23.006+0000] {subprocess.py:86} INFO - Output:
[2023-03-29T00:55:23.048+0000] {subprocess.py:93} INFO - 1
[2023-03-29T00:55:24.077+0000] {subprocess.py:93} INFO - 2
[2023-03-29T00:55:25.084+0000] {subprocess.py:93} INFO - 3
[2023-03-29T00:55:26.111+0000] {subprocess.py:93} INFO - 4
[2023-03-29T00:55:27.123+0000] {subprocess.py:93} INFO - 5
[2023-03-29T00:55:28.138+0000] {subprocess.py:97} INFO - Command exited with return code 0
[2023-03-29T00:55:28.199+0000] {taskinstance.py:1326} INFO - Marking task as SUCCESS. dag_id=my_dag, task_id=my_task, execution_date=20230329T004500, start_date=20230329T005521, end_date=20230329T005528
[2023-03-29T00:55:28.272+0000] {local_task_job.py:212} INFO - Task exited with return code 0
[2023-03-29T00:55:28.329+0000] {taskinstance.py:2585} INFO - 1 downstream tasks scheduled from follow-on schedule check
