[2023-03-28T20:15:01.862+0000] {taskinstance.py:1084} INFO - Dependencies all met for dep_context=non-requeueable deps ti=<TaskInstance: my_dag.extract_and_load scheduled__2023-03-28T20:10:00+00:00 [queued]>
[2023-03-28T20:15:01.888+0000] {taskinstance.py:1084} INFO - Dependencies all met for dep_context=requeueable deps ti=<TaskInstance: my_dag.extract_and_load scheduled__2023-03-28T20:10:00+00:00 [queued]>
[2023-03-28T20:15:01.890+0000] {taskinstance.py:1282} INFO - 
--------------------------------------------------------------------------------
[2023-03-28T20:15:01.892+0000] {taskinstance.py:1283} INFO - Starting attempt 1 of 1
[2023-03-28T20:15:01.894+0000] {taskinstance.py:1284} INFO - 
--------------------------------------------------------------------------------
[2023-03-28T20:15:01.932+0000] {taskinstance.py:1303} INFO - Executing <Task(PythonOperator): extract_and_load> on 2023-03-28 20:10:00+00:00
[2023-03-28T20:15:01.946+0000] {standard_task_runner.py:55} INFO - Started process 3552 to run task
[2023-03-28T20:15:01.952+0000] {standard_task_runner.py:82} INFO - Running: ['***', 'tasks', 'run', 'my_dag', 'extract_and_load', 'scheduled__2023-03-28T20:10:00+00:00', '--job-id', '230', '--raw', '--subdir', 'DAGS_FOLDER/test.py', '--cfg-path', '/tmp/tmp7n7cn4dd']
[2023-03-28T20:15:01.957+0000] {standard_task_runner.py:83} INFO - Job 230: Subtask extract_and_load
[2023-03-28T20:15:02.090+0000] {task_command.py:388} INFO - Running <TaskInstance: my_dag.extract_and_load scheduled__2023-03-28T20:10:00+00:00 [running]> on host 18cf4662f3ac
[2023-03-28T20:15:02.236+0000] {taskinstance.py:1511} INFO - Exporting the following env vars:
AIRFLOW_CTX_DAG_OWNER=***
AIRFLOW_CTX_DAG_ID=my_dag
AIRFLOW_CTX_TASK_ID=extract_and_load
AIRFLOW_CTX_EXECUTION_DATE=2023-03-28T20:10:00+00:00
AIRFLOW_CTX_TRY_NUMBER=1
AIRFLOW_CTX_DAG_RUN_ID=scheduled__2023-03-28T20:10:00+00:00
[2023-03-28T20:15:02.240+0000] {logging_mixin.py:137} INFO - eeeee test-chronotruck test-chr-ml/primary/data.csv
[2023-03-28T20:15:13.868+0000] {logging_mixin.py:137} INFO - rasssss
[2023-03-28T20:15:23.438+0000] {gbq.py:606} INFO - 199522 out of 199522 rows loaded.
[2023-03-28T20:15:23.452+0000] {logging_mixin.py:137} INFO - test ras ggdgg  ssssss          age      sex
0        58     Male
1        18   Female
2         9   Female
3        10   Female
4        48   Female
...     ...      ...
199517   87     Male
199518   65     Male
199519   47     Male
199520   16   Female
199521   32   Female

[199522 rows x 2 columns]
[2023-03-28T20:15:23.508+0000] {python.py:177} INFO - Done. Returned value was: None
[2023-03-28T20:15:23.527+0000] {taskinstance.py:1326} INFO - Marking task as SUCCESS. dag_id=my_dag, task_id=extract_and_load, execution_date=20230328T201000, start_date=20230328T201501, end_date=20230328T201523
[2023-03-28T20:15:23.663+0000] {local_task_job.py:212} INFO - Task exited with return code 0
[2023-03-28T20:15:23.714+0000] {taskinstance.py:2585} INFO - 1 downstream tasks scheduled from follow-on schedule check
