[2023-03-28T23:10:18.466+0000] {taskinstance.py:1084} INFO - Dependencies all met for dep_context=non-requeueable deps ti=<TaskInstance: my_dag.my_task scheduled__2023-03-28T23:05:00+00:00 [queued]>
[2023-03-28T23:10:18.491+0000] {taskinstance.py:1084} INFO - Dependencies all met for dep_context=requeueable deps ti=<TaskInstance: my_dag.my_task scheduled__2023-03-28T23:05:00+00:00 [queued]>
[2023-03-28T23:10:18.493+0000] {taskinstance.py:1282} INFO - 
--------------------------------------------------------------------------------
[2023-03-28T23:10:18.495+0000] {taskinstance.py:1283} INFO - Starting attempt 1 of 1
[2023-03-28T23:10:18.499+0000] {taskinstance.py:1284} INFO - 
--------------------------------------------------------------------------------
[2023-03-28T23:10:18.538+0000] {taskinstance.py:1303} INFO - Executing <Task(BashOperator): my_task> on 2023-03-28 23:05:00+00:00
[2023-03-28T23:10:18.554+0000] {standard_task_runner.py:55} INFO - Started process 3976 to run task
[2023-03-28T23:10:18.566+0000] {standard_task_runner.py:82} INFO - Running: ['***', 'tasks', 'run', 'my_dag', 'my_task', 'scheduled__2023-03-28T23:05:00+00:00', '--job-id', '246', '--raw', '--subdir', 'DAGS_FOLDER/test.py', '--cfg-path', '/tmp/tmpa1a6vv75']
[2023-03-28T23:10:18.571+0000] {standard_task_runner.py:83} INFO - Job 246: Subtask my_task
[2023-03-28T23:10:18.708+0000] {task_command.py:388} INFO - Running <TaskInstance: my_dag.my_task scheduled__2023-03-28T23:05:00+00:00 [running]> on host 18cf4662f3ac
[2023-03-28T23:10:18.853+0000] {taskinstance.py:1511} INFO - Exporting the following env vars:
AIRFLOW_CTX_DAG_OWNER=***
AIRFLOW_CTX_DAG_ID=my_dag
AIRFLOW_CTX_TASK_ID=my_task
AIRFLOW_CTX_EXECUTION_DATE=2023-03-28T23:05:00+00:00
AIRFLOW_CTX_TRY_NUMBER=1
AIRFLOW_CTX_DAG_RUN_ID=scheduled__2023-03-28T23:05:00+00:00
[2023-03-28T23:10:18.861+0000] {subprocess.py:63} INFO - Tmp dir root location: 
 /tmp
[2023-03-28T23:10:18.867+0000] {subprocess.py:75} INFO - Running command: ['/bin/bash', '-c', 'for i in {1..5}; do echo $i; sleep 1; done']
[2023-03-28T23:10:18.897+0000] {subprocess.py:86} INFO - Output:
[2023-03-28T23:10:18.903+0000] {subprocess.py:93} INFO - 1
[2023-03-28T23:10:19.911+0000] {subprocess.py:93} INFO - 2
[2023-03-28T23:10:20.920+0000] {subprocess.py:93} INFO - 3
[2023-03-28T23:10:21.927+0000] {subprocess.py:93} INFO - 4
[2023-03-28T23:10:22.936+0000] {subprocess.py:93} INFO - 5
[2023-03-28T23:10:23.946+0000] {subprocess.py:97} INFO - Command exited with return code 0
[2023-03-28T23:10:24.008+0000] {taskinstance.py:1326} INFO - Marking task as SUCCESS. dag_id=my_dag, task_id=my_task, execution_date=20230328T230500, start_date=20230328T231018, end_date=20230328T231024
[2023-03-28T23:10:24.089+0000] {local_task_job.py:212} INFO - Task exited with return code 0
[2023-03-28T23:10:24.131+0000] {taskinstance.py:2585} INFO - 1 downstream tasks scheduled from follow-on schedule check
