[2023-03-29T20:17:37.798+0000] {taskinstance.py:1084} INFO - Dependencies all met for dep_context=non-requeueable deps ti=<TaskInstance: my_dag.extract_and_load scheduled__2023-03-29T20:10:00+00:00 [queued]>
[2023-03-29T20:17:37.820+0000] {taskinstance.py:1084} INFO - Dependencies all met for dep_context=requeueable deps ti=<TaskInstance: my_dag.extract_and_load scheduled__2023-03-29T20:10:00+00:00 [queued]>
[2023-03-29T20:17:37.821+0000] {taskinstance.py:1282} INFO - 
--------------------------------------------------------------------------------
[2023-03-29T20:17:37.823+0000] {taskinstance.py:1283} INFO - Starting attempt 1 of 1
[2023-03-29T20:17:37.824+0000] {taskinstance.py:1284} INFO - 
--------------------------------------------------------------------------------
[2023-03-29T20:17:37.853+0000] {taskinstance.py:1303} INFO - Executing <Task(PythonOperator): extract_and_load> on 2023-03-29 20:10:00+00:00
[2023-03-29T20:17:37.872+0000] {standard_task_runner.py:55} INFO - Started process 68 to run task
[2023-03-29T20:17:37.878+0000] {standard_task_runner.py:82} INFO - Running: ['***', 'tasks', 'run', 'my_dag', 'extract_and_load', 'scheduled__2023-03-29T20:10:00+00:00', '--job-id', '499', '--raw', '--subdir', 'DAGS_FOLDER/test.py', '--cfg-path', '/tmp/tmpzh_29fgw']
[2023-03-29T20:17:37.884+0000] {standard_task_runner.py:83} INFO - Job 499: Subtask extract_and_load
[2023-03-29T20:17:38.123+0000] {task_command.py:388} INFO - Running <TaskInstance: my_dag.extract_and_load scheduled__2023-03-29T20:10:00+00:00 [running]> on host 32688d23169d
[2023-03-29T20:17:38.633+0000] {taskinstance.py:1511} INFO - Exporting the following env vars:
AIRFLOW_CTX_DAG_OWNER=***
AIRFLOW_CTX_DAG_ID=my_dag
AIRFLOW_CTX_TASK_ID=extract_and_load
AIRFLOW_CTX_EXECUTION_DATE=2023-03-29T20:10:00+00:00
AIRFLOW_CTX_TRY_NUMBER=1
AIRFLOW_CTX_DAG_RUN_ID=scheduled__2023-03-29T20:10:00+00:00
[2023-03-29T20:17:38.637+0000] {logging_mixin.py:137} INFO - eeeee test-chronotruck test-chr-ml/primary/data.csv
[2023-03-29T20:18:11.428+0000] {logging_mixin.py:137} INFO - rasssss
[2023-03-29T20:18:22.841+0000] {gbq.py:606} INFO - 199522 out of 199522 rows loaded.
[2023-03-29T20:18:22.843+0000] {python.py:177} INFO - Done. Returned value was: None
[2023-03-29T20:18:23.065+0000] {taskinstance.py:1326} INFO - Marking task as SUCCESS. dag_id=my_dag, task_id=extract_and_load, execution_date=20230329T201000, start_date=20230329T201737, end_date=20230329T201823
[2023-03-29T20:18:23.226+0000] {local_task_job.py:212} INFO - Task exited with return code 0
[2023-03-29T20:18:23.556+0000] {taskinstance.py:2585} INFO - 0 downstream tasks scheduled from follow-on schedule check
