[2023-03-29T12:21:15.346+0000] {taskinstance.py:1084} INFO - Dependencies all met for dep_context=non-requeueable deps ti=<TaskInstance: my_dag.model_predict scheduled__2023-03-29T12:15:00+00:00 [queued]>
[2023-03-29T12:21:15.374+0000] {taskinstance.py:1084} INFO - Dependencies all met for dep_context=requeueable deps ti=<TaskInstance: my_dag.model_predict scheduled__2023-03-29T12:15:00+00:00 [queued]>
[2023-03-29T12:21:15.376+0000] {taskinstance.py:1282} INFO - 
--------------------------------------------------------------------------------
[2023-03-29T12:21:15.378+0000] {taskinstance.py:1283} INFO - Starting attempt 1 of 1
[2023-03-29T12:21:15.380+0000] {taskinstance.py:1284} INFO - 
--------------------------------------------------------------------------------
[2023-03-29T12:21:15.414+0000] {taskinstance.py:1303} INFO - Executing <Task(PythonOperator): model_predict> on 2023-03-29 12:15:00+00:00
[2023-03-29T12:21:15.429+0000] {standard_task_runner.py:55} INFO - Started process 1774 to run task
[2023-03-29T12:21:15.442+0000] {standard_task_runner.py:82} INFO - Running: ['***', 'tasks', 'run', 'my_dag', 'model_predict', 'scheduled__2023-03-29T12:15:00+00:00', '--job-id', '370', '--raw', '--subdir', 'DAGS_FOLDER/test.py', '--cfg-path', '/tmp/tmpjytiwsdo']
[2023-03-29T12:21:15.448+0000] {standard_task_runner.py:83} INFO - Job 370: Subtask model_predict
[2023-03-29T12:21:15.597+0000] {task_command.py:388} INFO - Running <TaskInstance: my_dag.model_predict scheduled__2023-03-29T12:15:00+00:00 [running]> on host e7ec0deaf382
[2023-03-29T12:21:15.794+0000] {taskinstance.py:1511} INFO - Exporting the following env vars:
AIRFLOW_CTX_DAG_OWNER=***
AIRFLOW_CTX_DAG_ID=my_dag
AIRFLOW_CTX_TASK_ID=model_predict
AIRFLOW_CTX_EXECUTION_DATE=2023-03-29T12:15:00+00:00
AIRFLOW_CTX_TRY_NUMBER=1
AIRFLOW_CTX_DAG_RUN_ID=scheduled__2023-03-29T12:15:00+00:00
[2023-03-29T12:21:18.668+0000] {warnings.py:110} WARNING - /home/***/.local/lib/python3.7/site-packages/google/cloud/bigquery/table.py:1988: UserWarning: A progress bar was requested, but there was an error loading the tqdm library. Please install tqdm to use the progress bar functionality.
  create_bqstorage_client=create_bqstorage_client,

[2023-03-29T12:21:25.332+0000] {gbq.py:352} INFO - Total time taken 9.33 s.
Finished at 2023-03-29 12:21:25.
[2023-03-29T12:21:25.336+0000] {python.py:177} INFO - Done. Returned value was: None
[2023-03-29T12:21:25.368+0000] {taskinstance.py:1326} INFO - Marking task as SUCCESS. dag_id=my_dag, task_id=model_predict, execution_date=20230329T121500, start_date=20230329T122115, end_date=20230329T122125
[2023-03-29T12:21:25.458+0000] {local_task_job.py:212} INFO - Task exited with return code 0
[2023-03-29T12:21:25.496+0000] {taskinstance.py:2585} INFO - 0 downstream tasks scheduled from follow-on schedule check
