[2023-03-29T11:16:23.615+0000] {taskinstance.py:1084} INFO - Dependencies all met for dep_context=non-requeueable deps ti=<TaskInstance: my_dag.load_predict scheduled__2023-03-29T11:05:00+00:00 [queued]>
[2023-03-29T11:16:23.681+0000] {taskinstance.py:1084} INFO - Dependencies all met for dep_context=requeueable deps ti=<TaskInstance: my_dag.load_predict scheduled__2023-03-29T11:05:00+00:00 [queued]>
[2023-03-29T11:16:23.683+0000] {taskinstance.py:1282} INFO - 
--------------------------------------------------------------------------------
[2023-03-29T11:16:23.687+0000] {taskinstance.py:1283} INFO - Starting attempt 1 of 1
[2023-03-29T11:16:23.695+0000] {taskinstance.py:1284} INFO - 
--------------------------------------------------------------------------------
[2023-03-29T11:16:23.783+0000] {taskinstance.py:1303} INFO - Executing <Task(PythonOperator): load_predict> on 2023-03-29 11:05:00+00:00
[2023-03-29T11:16:23.831+0000] {standard_task_runner.py:55} INFO - Started process 650 to run task
[2023-03-29T11:16:23.872+0000] {standard_task_runner.py:82} INFO - Running: ['***', 'tasks', 'run', 'my_dag', 'load_predict', 'scheduled__2023-03-29T11:05:00+00:00', '--job-id', '329', '--raw', '--subdir', 'DAGS_FOLDER/test.py', '--cfg-path', '/tmp/tmpe9joxpku']
[2023-03-29T11:16:23.895+0000] {standard_task_runner.py:83} INFO - Job 329: Subtask load_predict
[2023-03-29T11:16:25.392+0000] {task_command.py:388} INFO - Running <TaskInstance: my_dag.load_predict scheduled__2023-03-29T11:05:00+00:00 [running]> on host e7ec0deaf382
[2023-03-29T11:16:27.438+0000] {taskinstance.py:1511} INFO - Exporting the following env vars:
AIRFLOW_CTX_DAG_OWNER=***
AIRFLOW_CTX_DAG_ID=my_dag
AIRFLOW_CTX_TASK_ID=load_predict
AIRFLOW_CTX_EXECUTION_DATE=2023-03-29T11:05:00+00:00
AIRFLOW_CTX_TRY_NUMBER=1
AIRFLOW_CTX_DAG_RUN_ID=scheduled__2023-03-29T11:05:00+00:00
[2023-03-29T11:16:36.228+0000] {warnings.py:110} WARNING - /home/***/.local/lib/python3.7/site-packages/google/cloud/bigquery/table.py:1988: UserWarning: A progress bar was requested, but there was an error loading the tqdm library. Please install tqdm to use the progress bar functionality.
  create_bqstorage_client=create_bqstorage_client,

[2023-03-29T11:23:57.411+0000] {gbq.py:352} INFO - Total time taken 448.17 s.
Finished at 2023-03-29 11:23:57.
[2023-03-29T11:24:00.943+0000] {logging_mixin.py:137} INFO -          age  sex  ...                                education tax_filer_status
0          0    1  ...                                 Children         - 50000.
1          0    1  ...                                 Children         - 50000.
2          0    1  ...                                 Children         - 50000.
3          0    0  ...                                 Children         - 50000.
4          0    0  ...                                 Children         - 50000.
...      ...  ...  ...                                      ...              ...
4994693   90    1  ...   Prof school degree (MD DDS DVM LLB JD)         - 50000.
4994694   90    1  ...   Prof school degree (MD DDS DVM LLB JD)         - 50000.
4994695   90    1  ...   Prof school degree (MD DDS DVM LLB JD)         - 50000.
4994696   90    1  ...   Prof school degree (MD DDS DVM LLB JD)         - 50000.
4994697   90    0  ...   Prof school degree (MD DDS DVM LLB JD)          50000+.

[4994698 rows x 5 columns] gffffgg
[2023-03-29T11:24:05.517+0000] {logging_mixin.py:137} INFO -          age  sex  ...                                education tax_filer_status
0          0    1  ...                                 Children         - 50000.
1          0    1  ...                                 Children         - 50000.
2          0    1  ...                                 Children         - 50000.
3          0    0  ...                                 Children         - 50000.
4          0    0  ...                                 Children         - 50000.
...      ...  ...  ...                                      ...              ...
4994693   90    1  ...   Prof school degree (MD DDS DVM LLB JD)         - 50000.
4994694   90    1  ...   Prof school degree (MD DDS DVM LLB JD)         - 50000.
4994695   90    1  ...   Prof school degree (MD DDS DVM LLB JD)         - 50000.
4994696   90    1  ...   Prof school degree (MD DDS DVM LLB JD)         - 50000.
4994697   90    0  ...   Prof school degree (MD DDS DVM LLB JD)          50000+.

[4994698 rows x 5 columns] gffffgg
[2023-03-29T11:24:11.337+0000] {logging_mixin.py:137} INFO -          age  sex  marital_status  education tax_filer_status
0          0    1               4         10         - 50000.
1          0    1               4         10         - 50000.
2          0    1               4         10         - 50000.
3          0    0               4         10         - 50000.
4          0    0               4         10         - 50000.
...      ...  ...             ...        ...              ...
4994693   90    1               6         15         - 50000.
4994694   90    1               4         15         - 50000.
4994695   90    1               6         15         - 50000.
4994696   90    1               2         15         - 50000.
4994697   90    0               4         15          50000+.

[4994698 rows x 5 columns] gffffgg
[2023-03-29T11:24:16.293+0000] {logging_mixin.py:137} INFO -          age  sex  marital_status  education  tax_filer_status
0          0    1               4         10                 0
1          0    1               4         10                 0
2          0    1               4         10                 0
3          0    0               4         10                 0
4          0    0               4         10                 0
...      ...  ...             ...        ...               ...
4994693   90    1               6         15                 0
4994694   90    1               4         15                 0
4994695   90    1               6         15                 0
4994696   90    1               2         15                 0
4994697   90    0               4         15                 1

[4994698 rows x 5 columns] gffffgg
[2023-03-29T11:24:16.361+0000] {python.py:177} INFO - Done. Returned value was: None
[2023-03-29T11:24:16.405+0000] {taskinstance.py:1326} INFO - Marking task as SUCCESS. dag_id=my_dag, task_id=load_predict, execution_date=20230329T110500, start_date=20230329T111623, end_date=20230329T112416
[2023-03-29T11:24:17.586+0000] {local_task_job.py:212} INFO - Task exited with return code 0
[2023-03-29T11:24:17.655+0000] {taskinstance.py:2585} INFO - 0 downstream tasks scheduled from follow-on schedule check
