[2023-03-29T12:08:10.063+0000] {taskinstance.py:1084} INFO - Dependencies all met for dep_context=non-requeueable deps ti=<TaskInstance: my_dag.my_task scheduled__2023-03-29T12:00:00+00:00 [queued]>
[2023-03-29T12:08:10.097+0000] {taskinstance.py:1084} INFO - Dependencies all met for dep_context=requeueable deps ti=<TaskInstance: my_dag.my_task scheduled__2023-03-29T12:00:00+00:00 [queued]>
[2023-03-29T12:08:10.099+0000] {taskinstance.py:1282} INFO - 
--------------------------------------------------------------------------------
[2023-03-29T12:08:10.101+0000] {taskinstance.py:1283} INFO - Starting attempt 1 of 1
[2023-03-29T12:08:10.105+0000] {taskinstance.py:1284} INFO - 
--------------------------------------------------------------------------------
[2023-03-29T12:08:10.143+0000] {taskinstance.py:1303} INFO - Executing <Task(BashOperator): my_task> on 2023-03-29 12:00:00+00:00
[2023-03-29T12:08:10.173+0000] {standard_task_runner.py:55} INFO - Started process 1488 to run task
[2023-03-29T12:08:10.199+0000] {standard_task_runner.py:82} INFO - Running: ['***', 'tasks', 'run', 'my_dag', 'my_task', 'scheduled__2023-03-29T12:00:00+00:00', '--job-id', '358', '--raw', '--subdir', 'DAGS_FOLDER/test.py', '--cfg-path', '/tmp/tmpi7e6jsr3']
[2023-03-29T12:08:10.207+0000] {standard_task_runner.py:83} INFO - Job 358: Subtask my_task
[2023-03-29T12:08:10.588+0000] {task_command.py:388} INFO - Running <TaskInstance: my_dag.my_task scheduled__2023-03-29T12:00:00+00:00 [running]> on host e7ec0deaf382
[2023-03-29T12:08:10.846+0000] {taskinstance.py:1511} INFO - Exporting the following env vars:
AIRFLOW_CTX_DAG_OWNER=***
AIRFLOW_CTX_DAG_ID=my_dag
AIRFLOW_CTX_TASK_ID=my_task
AIRFLOW_CTX_EXECUTION_DATE=2023-03-29T12:00:00+00:00
AIRFLOW_CTX_TRY_NUMBER=1
AIRFLOW_CTX_DAG_RUN_ID=scheduled__2023-03-29T12:00:00+00:00
[2023-03-29T12:08:10.856+0000] {subprocess.py:63} INFO - Tmp dir root location: 
 /tmp
[2023-03-29T12:08:10.859+0000] {subprocess.py:75} INFO - Running command: ['/bin/bash', '-c', 'for i in {1..5}; do echo $i; sleep 1; done']
[2023-03-29T12:08:10.906+0000] {subprocess.py:86} INFO - Output:
[2023-03-29T12:08:10.922+0000] {subprocess.py:93} INFO - 1
[2023-03-29T12:08:11.939+0000] {subprocess.py:93} INFO - 2
[2023-03-29T12:08:12.945+0000] {subprocess.py:93} INFO - 3
[2023-03-29T12:08:13.949+0000] {subprocess.py:93} INFO - 4
[2023-03-29T12:08:14.960+0000] {subprocess.py:93} INFO - 5
[2023-03-29T12:08:15.964+0000] {subprocess.py:97} INFO - Command exited with return code 0
[2023-03-29T12:08:16.016+0000] {taskinstance.py:1326} INFO - Marking task as SUCCESS. dag_id=my_dag, task_id=my_task, execution_date=20230329T120000, start_date=20230329T120810, end_date=20230329T120816
[2023-03-29T12:08:16.070+0000] {local_task_job.py:212} INFO - Task exited with return code 0
[2023-03-29T12:08:16.110+0000] {taskinstance.py:2585} INFO - 1 downstream tasks scheduled from follow-on schedule check
