[2023-03-29T16:46:51.648+0000] {taskinstance.py:1084} INFO - Dependencies all met for dep_context=non-requeueable deps ti=<TaskInstance: my_dag.extract_and_load scheduled__2023-03-29T16:40:00+00:00 [queued]>
[2023-03-29T16:46:51.683+0000] {taskinstance.py:1084} INFO - Dependencies all met for dep_context=requeueable deps ti=<TaskInstance: my_dag.extract_and_load scheduled__2023-03-29T16:40:00+00:00 [queued]>
[2023-03-29T16:46:51.686+0000] {taskinstance.py:1282} INFO - 
--------------------------------------------------------------------------------
[2023-03-29T16:46:51.690+0000] {taskinstance.py:1283} INFO - Starting attempt 1 of 1
[2023-03-29T16:46:51.692+0000] {taskinstance.py:1284} INFO - 
--------------------------------------------------------------------------------
[2023-03-29T16:46:51.739+0000] {taskinstance.py:1303} INFO - Executing <Task(PythonOperator): extract_and_load> on 2023-03-29 16:40:00+00:00
[2023-03-29T16:46:51.773+0000] {standard_task_runner.py:55} INFO - Started process 60 to run task
[2023-03-29T16:46:51.786+0000] {standard_task_runner.py:82} INFO - Running: ['***', 'tasks', 'run', 'my_dag', 'extract_and_load', 'scheduled__2023-03-29T16:40:00+00:00', '--job-id', '437', '--raw', '--subdir', 'DAGS_FOLDER/test.py', '--cfg-path', '/tmp/tmpgj2uc2r8']
[2023-03-29T16:46:51.794+0000] {standard_task_runner.py:83} INFO - Job 437: Subtask extract_and_load
[2023-03-29T16:46:51.960+0000] {task_command.py:388} INFO - Running <TaskInstance: my_dag.extract_and_load scheduled__2023-03-29T16:40:00+00:00 [running]> on host c9ad826755ad
[2023-03-29T16:46:52.158+0000] {taskinstance.py:1511} INFO - Exporting the following env vars:
AIRFLOW_CTX_DAG_OWNER=***
AIRFLOW_CTX_DAG_ID=my_dag
AIRFLOW_CTX_TASK_ID=extract_and_load
AIRFLOW_CTX_EXECUTION_DATE=2023-03-29T16:40:00+00:00
AIRFLOW_CTX_TRY_NUMBER=1
AIRFLOW_CTX_DAG_RUN_ID=scheduled__2023-03-29T16:40:00+00:00
[2023-03-29T16:46:52.163+0000] {logging_mixin.py:137} INFO - eeeee test-chronotruck test-chr-ml/primary/data.csv
[2023-03-29T16:47:09.249+0000] {logging_mixin.py:137} INFO - rasssss
[2023-03-29T16:47:26.521+0000] {gbq.py:606} INFO - 199522 out of 199522 rows loaded.
[2023-03-29T16:47:26.531+0000] {python.py:177} INFO - Done. Returned value was: None
[2023-03-29T16:47:26.573+0000] {taskinstance.py:1326} INFO - Marking task as SUCCESS. dag_id=my_dag, task_id=extract_and_load, execution_date=20230329T164000, start_date=20230329T164651, end_date=20230329T164726
[2023-03-29T16:47:28.361+0000] {local_task_job.py:212} INFO - Task exited with return code 0
[2023-03-29T16:47:29.670+0000] {taskinstance.py:2585} INFO - 0 downstream tasks scheduled from follow-on schedule check
