[2023-03-28T22:52:14.619+0000] {taskinstance.py:1084} INFO - Dependencies all met for dep_context=non-requeueable deps ti=<TaskInstance: my_dag.my_task scheduled__2023-03-28T20:15:00+00:00 [queued]>
[2023-03-28T22:52:14.728+0000] {taskinstance.py:1084} INFO - Dependencies all met for dep_context=requeueable deps ti=<TaskInstance: my_dag.my_task scheduled__2023-03-28T20:15:00+00:00 [queued]>
[2023-03-28T22:52:14.734+0000] {taskinstance.py:1282} INFO - 
--------------------------------------------------------------------------------
[2023-03-28T22:52:14.740+0000] {taskinstance.py:1283} INFO - Starting attempt 1 of 1
[2023-03-28T22:52:14.742+0000] {taskinstance.py:1284} INFO - 
--------------------------------------------------------------------------------
[2023-03-28T22:52:14.844+0000] {taskinstance.py:1303} INFO - Executing <Task(BashOperator): my_task> on 2023-03-28 20:15:00+00:00
[2023-03-28T22:52:14.877+0000] {standard_task_runner.py:55} INFO - Started process 3614 to run task
[2023-03-28T22:52:14.906+0000] {standard_task_runner.py:82} INFO - Running: ['***', 'tasks', 'run', 'my_dag', 'my_task', 'scheduled__2023-03-28T20:15:00+00:00', '--job-id', '235', '--raw', '--subdir', 'DAGS_FOLDER/test.py', '--cfg-path', '/tmp/tmpxvoakzxr']
[2023-03-28T22:52:14.928+0000] {standard_task_runner.py:83} INFO - Job 235: Subtask my_task
[2023-03-28T22:52:15.665+0000] {task_command.py:388} INFO - Running <TaskInstance: my_dag.my_task scheduled__2023-03-28T20:15:00+00:00 [running]> on host 18cf4662f3ac
[2023-03-28T22:52:16.309+0000] {taskinstance.py:1511} INFO - Exporting the following env vars:
AIRFLOW_CTX_DAG_OWNER=***
AIRFLOW_CTX_DAG_ID=my_dag
AIRFLOW_CTX_TASK_ID=my_task
AIRFLOW_CTX_EXECUTION_DATE=2023-03-28T20:15:00+00:00
AIRFLOW_CTX_TRY_NUMBER=1
AIRFLOW_CTX_DAG_RUN_ID=scheduled__2023-03-28T20:15:00+00:00
[2023-03-28T22:52:16.316+0000] {subprocess.py:63} INFO - Tmp dir root location: 
 /tmp
[2023-03-28T22:52:16.324+0000] {subprocess.py:75} INFO - Running command: ['/bin/bash', '-c', 'for i in {1..5}; do echo $i; sleep 1; done']
[2023-03-28T22:52:16.363+0000] {subprocess.py:86} INFO - Output:
[2023-03-28T22:52:16.370+0000] {subprocess.py:93} INFO - 1
[2023-03-28T22:52:17.402+0000] {subprocess.py:93} INFO - 2
[2023-03-28T22:52:18.444+0000] {subprocess.py:93} INFO - 3
[2023-03-28T22:52:19.535+0000] {subprocess.py:93} INFO - 4
[2023-03-28T22:52:20.562+0000] {subprocess.py:93} INFO - 5
[2023-03-28T22:52:21.630+0000] {subprocess.py:97} INFO - Command exited with return code 0
[2023-03-28T22:52:22.523+0000] {taskinstance.py:1326} INFO - Marking task as SUCCESS. dag_id=my_dag, task_id=my_task, execution_date=20230328T201500, start_date=20230328T225214, end_date=20230328T225222
[2023-03-28T22:52:23.334+0000] {local_task_job.py:212} INFO - Task exited with return code 0
[2023-03-28T22:52:23.716+0000] {taskinstance.py:2585} INFO - 0 downstream tasks scheduled from follow-on schedule check
