[2023-03-29T22:00:07.797+0000] {taskinstance.py:1084} INFO - Dependencies all met for dep_context=non-requeueable deps ti=<TaskInstance: my_dag.extract_and_load scheduled__2023-03-29T21:55:00+00:00 [queued]>
[2023-03-29T22:00:07.879+0000] {taskinstance.py:1084} INFO - Dependencies all met for dep_context=requeueable deps ti=<TaskInstance: my_dag.extract_and_load scheduled__2023-03-29T21:55:00+00:00 [queued]>
[2023-03-29T22:00:07.893+0000] {taskinstance.py:1282} INFO - 
--------------------------------------------------------------------------------
[2023-03-29T22:00:07.908+0000] {taskinstance.py:1283} INFO - Starting attempt 1 of 1
[2023-03-29T22:00:07.911+0000] {taskinstance.py:1284} INFO - 
--------------------------------------------------------------------------------
[2023-03-29T22:00:08.100+0000] {taskinstance.py:1303} INFO - Executing <Task(PythonOperator): extract_and_load> on 2023-03-29 21:55:00+00:00
[2023-03-29T22:00:08.137+0000] {standard_task_runner.py:55} INFO - Started process 1982 to run task
[2023-03-29T22:00:08.171+0000] {standard_task_runner.py:82} INFO - Running: ['***', 'tasks', 'run', 'my_dag', 'extract_and_load', 'scheduled__2023-03-29T21:55:00+00:00', '--job-id', '539', '--raw', '--subdir', 'DAGS_FOLDER/test.py', '--cfg-path', '/tmp/tmpxbarxalh']
[2023-03-29T22:00:08.200+0000] {standard_task_runner.py:83} INFO - Job 539: Subtask extract_and_load
[2023-03-29T22:00:09.070+0000] {task_command.py:388} INFO - Running <TaskInstance: my_dag.extract_and_load scheduled__2023-03-29T21:55:00+00:00 [running]> on host 32688d23169d
[2023-03-29T22:00:09.888+0000] {taskinstance.py:1511} INFO - Exporting the following env vars:
AIRFLOW_CTX_DAG_OWNER=***
AIRFLOW_CTX_DAG_ID=my_dag
AIRFLOW_CTX_TASK_ID=extract_and_load
AIRFLOW_CTX_EXECUTION_DATE=2023-03-29T21:55:00+00:00
AIRFLOW_CTX_TRY_NUMBER=1
AIRFLOW_CTX_DAG_RUN_ID=scheduled__2023-03-29T21:55:00+00:00
[2023-03-29T22:00:09.896+0000] {test.py:60} INFO - Starting load_csv_from_bucket function...
[2023-03-29T22:00:10.088+0000] {test.py:69} INFO - Downloading CSV files from test-chr-ml 
[2023-03-29T22:00:20.434+0000] {test.py:85} INFO - Concatenating CSV files into a single DataFrame...
[2023-03-29T22:00:23.045+0000] {test.py:93} INFO - Select specific columns and rename them
[2023-03-29T22:00:23.354+0000] {test.py:100} INFO - Exporting DataFrame to BigQuery...
[2023-03-29T22:00:31.762+0000] {gbq.py:606} INFO - 199522 out of 199522 rows loaded.
[2023-03-29T22:00:31.766+0000] {test.py:117} INFO - Finished load_csv_from_bucket function.
[2023-03-29T22:00:31.768+0000] {python.py:177} INFO - Done. Returned value was: None
[2023-03-29T22:00:31.853+0000] {taskinstance.py:1326} INFO - Marking task as SUCCESS. dag_id=my_dag, task_id=extract_and_load, execution_date=20230329T215500, start_date=20230329T220007, end_date=20230329T220031
[2023-03-29T22:00:31.976+0000] {local_task_job.py:212} INFO - Task exited with return code 0
[2023-03-29T22:00:32.028+0000] {taskinstance.py:2585} INFO - 1 downstream tasks scheduled from follow-on schedule check
