[2023-03-28T22:52:27.939+0000] {taskinstance.py:1084} INFO - Dependencies all met for dep_context=non-requeueable deps ti=<TaskInstance: my_dag.my_task scheduled__2023-03-28T22:40:00+00:00 [queued]>
[2023-03-28T22:52:28.708+0000] {taskinstance.py:1084} INFO - Dependencies all met for dep_context=requeueable deps ti=<TaskInstance: my_dag.my_task scheduled__2023-03-28T22:40:00+00:00 [queued]>
[2023-03-28T22:52:28.768+0000] {taskinstance.py:1282} INFO - 
--------------------------------------------------------------------------------
[2023-03-28T22:52:28.782+0000] {taskinstance.py:1283} INFO - Starting attempt 1 of 1
[2023-03-28T22:52:28.801+0000] {taskinstance.py:1284} INFO - 
--------------------------------------------------------------------------------
[2023-03-28T22:52:29.360+0000] {taskinstance.py:1303} INFO - Executing <Task(BashOperator): my_task> on 2023-03-28 22:40:00+00:00
[2023-03-28T22:52:29.455+0000] {standard_task_runner.py:55} INFO - Started process 3631 to run task
[2023-03-28T22:52:29.493+0000] {standard_task_runner.py:82} INFO - Running: ['***', 'tasks', 'run', 'my_dag', 'my_task', 'scheduled__2023-03-28T22:40:00+00:00', '--job-id', '236', '--raw', '--subdir', 'DAGS_FOLDER/test.py', '--cfg-path', '/tmp/tmpwg_cdfhw']
[2023-03-28T22:52:29.520+0000] {standard_task_runner.py:83} INFO - Job 236: Subtask my_task
[2023-03-28T22:52:30.218+0000] {task_command.py:388} INFO - Running <TaskInstance: my_dag.my_task scheduled__2023-03-28T22:40:00+00:00 [running]> on host 18cf4662f3ac
[2023-03-28T22:52:31.079+0000] {taskinstance.py:1511} INFO - Exporting the following env vars:
AIRFLOW_CTX_DAG_OWNER=***
AIRFLOW_CTX_DAG_ID=my_dag
AIRFLOW_CTX_TASK_ID=my_task
AIRFLOW_CTX_EXECUTION_DATE=2023-03-28T22:40:00+00:00
AIRFLOW_CTX_TRY_NUMBER=1
AIRFLOW_CTX_DAG_RUN_ID=scheduled__2023-03-28T22:40:00+00:00
[2023-03-28T22:52:31.123+0000] {subprocess.py:63} INFO - Tmp dir root location: 
 /tmp
[2023-03-28T22:52:31.139+0000] {subprocess.py:75} INFO - Running command: ['/bin/bash', '-c', 'for i in {1..5}; do echo $i; sleep 1; done']
[2023-03-28T22:52:31.209+0000] {subprocess.py:86} INFO - Output:
[2023-03-28T22:52:31.226+0000] {subprocess.py:93} INFO - 1
[2023-03-28T22:52:32.234+0000] {subprocess.py:93} INFO - 2
[2023-03-28T22:52:33.247+0000] {subprocess.py:93} INFO - 3
[2023-03-28T22:52:34.265+0000] {subprocess.py:93} INFO - 4
[2023-03-28T22:52:35.276+0000] {subprocess.py:93} INFO - 5
[2023-03-28T22:52:36.371+0000] {subprocess.py:97} INFO - Command exited with return code 0
[2023-03-28T22:52:36.648+0000] {taskinstance.py:1326} INFO - Marking task as SUCCESS. dag_id=my_dag, task_id=my_task, execution_date=20230328T224000, start_date=20230328T225228, end_date=20230328T225236
[2023-03-28T22:52:36.875+0000] {local_task_job.py:212} INFO - Task exited with return code 0
[2023-03-28T22:52:37.014+0000] {taskinstance.py:2585} INFO - 0 downstream tasks scheduled from follow-on schedule check
