[2023-03-29T11:01:03.186+0000] {taskinstance.py:1084} INFO - Dependencies all met for dep_context=non-requeueable deps ti=<TaskInstance: my_dag.my_task scheduled__2023-03-29T10:55:00+00:00 [queued]>
[2023-03-29T11:01:03.222+0000] {taskinstance.py:1084} INFO - Dependencies all met for dep_context=requeueable deps ti=<TaskInstance: my_dag.my_task scheduled__2023-03-29T10:55:00+00:00 [queued]>
[2023-03-29T11:01:03.224+0000] {taskinstance.py:1282} INFO - 
--------------------------------------------------------------------------------
[2023-03-29T11:01:03.225+0000] {taskinstance.py:1283} INFO - Starting attempt 1 of 1
[2023-03-29T11:01:03.227+0000] {taskinstance.py:1284} INFO - 
--------------------------------------------------------------------------------
[2023-03-29T11:01:03.290+0000] {taskinstance.py:1303} INFO - Executing <Task(BashOperator): my_task> on 2023-03-29 10:55:00+00:00
[2023-03-29T11:01:03.346+0000] {standard_task_runner.py:55} INFO - Started process 571 to run task
[2023-03-29T11:01:03.364+0000] {standard_task_runner.py:82} INFO - Running: ['***', 'tasks', 'run', 'my_dag', 'my_task', 'scheduled__2023-03-29T10:55:00+00:00', '--job-id', '323', '--raw', '--subdir', 'DAGS_FOLDER/test.py', '--cfg-path', '/tmp/tmpxla5l680']
[2023-03-29T11:01:03.370+0000] {standard_task_runner.py:83} INFO - Job 323: Subtask my_task
[2023-03-29T11:01:03.669+0000] {task_command.py:388} INFO - Running <TaskInstance: my_dag.my_task scheduled__2023-03-29T10:55:00+00:00 [running]> on host e7ec0deaf382
[2023-03-29T11:01:04.138+0000] {taskinstance.py:1511} INFO - Exporting the following env vars:
AIRFLOW_CTX_DAG_OWNER=***
AIRFLOW_CTX_DAG_ID=my_dag
AIRFLOW_CTX_TASK_ID=my_task
AIRFLOW_CTX_EXECUTION_DATE=2023-03-29T10:55:00+00:00
AIRFLOW_CTX_TRY_NUMBER=1
AIRFLOW_CTX_DAG_RUN_ID=scheduled__2023-03-29T10:55:00+00:00
[2023-03-29T11:01:04.142+0000] {subprocess.py:63} INFO - Tmp dir root location: 
 /tmp
[2023-03-29T11:01:04.145+0000] {subprocess.py:75} INFO - Running command: ['/bin/bash', '-c', 'for i in {1..5}; do echo $i; sleep 1; done']
[2023-03-29T11:01:04.174+0000] {subprocess.py:86} INFO - Output:
[2023-03-29T11:01:04.183+0000] {subprocess.py:93} INFO - 1
[2023-03-29T11:01:05.189+0000] {subprocess.py:93} INFO - 2
[2023-03-29T11:01:06.195+0000] {subprocess.py:93} INFO - 3
[2023-03-29T11:01:07.200+0000] {subprocess.py:93} INFO - 4
[2023-03-29T11:01:08.281+0000] {subprocess.py:93} INFO - 5
[2023-03-29T11:01:09.288+0000] {subprocess.py:97} INFO - Command exited with return code 0
[2023-03-29T11:01:09.574+0000] {taskinstance.py:1326} INFO - Marking task as SUCCESS. dag_id=my_dag, task_id=my_task, execution_date=20230329T105500, start_date=20230329T110103, end_date=20230329T110109
[2023-03-29T11:01:09.744+0000] {local_task_job.py:212} INFO - Task exited with return code 0
[2023-03-29T11:01:09.878+0000] {taskinstance.py:2585} INFO - 1 downstream tasks scheduled from follow-on schedule check
