[2023-03-29T22:30:25.379+0000] {taskinstance.py:1084} INFO - Dependencies all met for dep_context=non-requeueable deps ti=<TaskInstance: my_dag.model_predict scheduled__2023-03-29T22:25:00+00:00 [queued]>
[2023-03-29T22:30:25.605+0000] {taskinstance.py:1084} INFO - Dependencies all met for dep_context=requeueable deps ti=<TaskInstance: my_dag.model_predict scheduled__2023-03-29T22:25:00+00:00 [queued]>
[2023-03-29T22:30:25.606+0000] {taskinstance.py:1282} INFO - 
--------------------------------------------------------------------------------
[2023-03-29T22:30:25.608+0000] {taskinstance.py:1283} INFO - Starting attempt 1 of 1
[2023-03-29T22:30:25.610+0000] {taskinstance.py:1284} INFO - 
--------------------------------------------------------------------------------
[2023-03-29T22:30:25.642+0000] {taskinstance.py:1303} INFO - Executing <Task(PythonOperator): model_predict> on 2023-03-29 22:25:00+00:00
[2023-03-29T22:30:25.660+0000] {standard_task_runner.py:55} INFO - Started process 2328 to run task
[2023-03-29T22:30:25.687+0000] {standard_task_runner.py:82} INFO - Running: ['***', 'tasks', 'run', 'my_dag', 'model_predict', 'scheduled__2023-03-29T22:25:00+00:00', '--job-id', '548', '--raw', '--subdir', 'DAGS_FOLDER/test.py', '--cfg-path', '/tmp/tmp4scxj7xi']
[2023-03-29T22:30:25.693+0000] {standard_task_runner.py:83} INFO - Job 548: Subtask model_predict
[2023-03-29T22:30:25.850+0000] {task_command.py:388} INFO - Running <TaskInstance: my_dag.model_predict scheduled__2023-03-29T22:25:00+00:00 [running]> on host 32688d23169d
[2023-03-29T22:30:25.993+0000] {taskinstance.py:1511} INFO - Exporting the following env vars:
AIRFLOW_CTX_DAG_OWNER=***
AIRFLOW_CTX_DAG_ID=my_dag
AIRFLOW_CTX_TASK_ID=model_predict
AIRFLOW_CTX_EXECUTION_DATE=2023-03-29T22:25:00+00:00
AIRFLOW_CTX_TRY_NUMBER=1
AIRFLOW_CTX_DAG_RUN_ID=scheduled__2023-03-29T22:25:00+00:00
[2023-03-29T22:30:28.908+0000] {warnings.py:110} WARNING - /home/***/.local/lib/python3.7/site-packages/google/cloud/bigquery/table.py:1988: UserWarning: A progress bar was requested, but there was an error loading the tqdm library. Please install tqdm to use the progress bar functionality.
  create_bqstorage_client=create_bqstorage_client,

[2023-03-29T22:30:38.641+0000] {gbq.py:352} INFO - Total time taken 12.5 s.
Finished at 2023-03-29 22:30:38.
[2023-03-29T22:30:38.765+0000] {logging_mixin.py:137} INFO - [22:30:38] WARNING: ../src/learner.cc:749: Found JSON model saved before XGBoost 1.6, please save the model using current version again. The support for old JSON model will be discontinued in XGBoost 2.3.
[2023-03-29T22:30:39.275+0000] {logging_mixin.py:137} INFO -         age      sex  ...                 tax_filer_stat predictions-tax
0        15     Male  ...                         Single        0.000846
1        15     Male  ...                         Single        0.000319
2        15     Male  ...                         Single        0.000319
3        15     Male  ...                         Single        0.000146
4        15   Female  ...                         Single        0.000144
...     ...      ...  ...                            ...             ...
199517   90     Male  ...   Joint one under 65 & one 65+        0.064528
199518   90   Female  ...   Joint one under 65 & one 65+        0.033536
199519   90     Male  ...   Joint one under 65 & one 65+        0.125377
199520   90   Female  ...   Joint one under 65 & one 65+        0.096431
199521   90     Male  ...   Joint one under 65 & one 65+        0.236067

[199522 rows x 6 columns]
[2023-03-29T22:30:49.055+0000] {gbq.py:606} INFO - 199522 out of 199522 rows loaded.
[2023-03-29T22:30:49.059+0000] {python.py:177} INFO - Done. Returned value was: None
[2023-03-29T22:30:49.087+0000] {taskinstance.py:1326} INFO - Marking task as SUCCESS. dag_id=my_dag, task_id=model_predict, execution_date=20230329T222500, start_date=20230329T223025, end_date=20230329T223049
[2023-03-29T22:30:49.207+0000] {local_task_job.py:212} INFO - Task exited with return code 0
[2023-03-29T22:30:49.251+0000] {taskinstance.py:2585} INFO - 0 downstream tasks scheduled from follow-on schedule check
