[2023-03-29T00:38:54.262+0000] {taskinstance.py:1084} INFO - Dependencies all met for dep_context=non-requeueable deps ti=<TaskInstance: my_dag.my_task scheduled__2023-03-29T00:30:00+00:00 [queued]>
[2023-03-29T00:38:54.288+0000] {taskinstance.py:1084} INFO - Dependencies all met for dep_context=requeueable deps ti=<TaskInstance: my_dag.my_task scheduled__2023-03-29T00:30:00+00:00 [queued]>
[2023-03-29T00:38:54.289+0000] {taskinstance.py:1282} INFO - 
--------------------------------------------------------------------------------
[2023-03-29T00:38:54.291+0000] {taskinstance.py:1283} INFO - Starting attempt 1 of 1
[2023-03-29T00:38:54.292+0000] {taskinstance.py:1284} INFO - 
--------------------------------------------------------------------------------
[2023-03-29T00:38:54.321+0000] {taskinstance.py:1303} INFO - Executing <Task(BashOperator): my_task> on 2023-03-29 00:30:00+00:00
[2023-03-29T00:38:54.333+0000] {standard_task_runner.py:55} INFO - Started process 454 to run task
[2023-03-29T00:38:54.344+0000] {standard_task_runner.py:82} INFO - Running: ['***', 'tasks', 'run', 'my_dag', 'my_task', 'scheduled__2023-03-29T00:30:00+00:00', '--job-id', '271', '--raw', '--subdir', 'DAGS_FOLDER/test.py', '--cfg-path', '/tmp/tmpggef8d2n']
[2023-03-29T00:38:54.349+0000] {standard_task_runner.py:83} INFO - Job 271: Subtask my_task
[2023-03-29T00:38:54.497+0000] {task_command.py:388} INFO - Running <TaskInstance: my_dag.my_task scheduled__2023-03-29T00:30:00+00:00 [running]> on host 18cf4662f3ac
[2023-03-29T00:38:54.668+0000] {taskinstance.py:1511} INFO - Exporting the following env vars:
AIRFLOW_CTX_DAG_OWNER=***
AIRFLOW_CTX_DAG_ID=my_dag
AIRFLOW_CTX_TASK_ID=my_task
AIRFLOW_CTX_EXECUTION_DATE=2023-03-29T00:30:00+00:00
AIRFLOW_CTX_TRY_NUMBER=1
AIRFLOW_CTX_DAG_RUN_ID=scheduled__2023-03-29T00:30:00+00:00
[2023-03-29T00:38:54.676+0000] {subprocess.py:63} INFO - Tmp dir root location: 
 /tmp
[2023-03-29T00:38:54.679+0000] {subprocess.py:75} INFO - Running command: ['/bin/bash', '-c', 'for i in {1..5}; do echo $i; sleep 1; done']
[2023-03-29T00:38:54.763+0000] {subprocess.py:86} INFO - Output:
[2023-03-29T00:38:54.938+0000] {subprocess.py:93} INFO - 1
[2023-03-29T00:38:56.051+0000] {subprocess.py:93} INFO - 2
[2023-03-29T00:38:57.104+0000] {subprocess.py:93} INFO - 3
[2023-03-29T00:38:58.127+0000] {subprocess.py:93} INFO - 4
[2023-03-29T00:38:59.161+0000] {subprocess.py:93} INFO - 5
[2023-03-29T00:39:00.157+0000] {subprocess.py:97} INFO - Command exited with return code 0
[2023-03-29T00:39:00.211+0000] {taskinstance.py:1326} INFO - Marking task as SUCCESS. dag_id=my_dag, task_id=my_task, execution_date=20230329T003000, start_date=20230329T003854, end_date=20230329T003900
[2023-03-29T00:39:00.266+0000] {local_task_job.py:212} INFO - Task exited with return code 0
[2023-03-29T00:39:00.307+0000] {taskinstance.py:2585} INFO - 1 downstream tasks scheduled from follow-on schedule check
