[2023-03-29T12:10:29.850+0000] {taskinstance.py:1084} INFO - Dependencies all met for dep_context=non-requeueable deps ti=<TaskInstance: my_dag.my_task scheduled__2023-03-29T12:05:00+00:00 [queued]>
[2023-03-29T12:10:29.872+0000] {taskinstance.py:1084} INFO - Dependencies all met for dep_context=requeueable deps ti=<TaskInstance: my_dag.my_task scheduled__2023-03-29T12:05:00+00:00 [queued]>
[2023-03-29T12:10:29.873+0000] {taskinstance.py:1282} INFO - 
--------------------------------------------------------------------------------
[2023-03-29T12:10:29.875+0000] {taskinstance.py:1283} INFO - Starting attempt 1 of 1
[2023-03-29T12:10:29.876+0000] {taskinstance.py:1284} INFO - 
--------------------------------------------------------------------------------
[2023-03-29T12:10:29.910+0000] {taskinstance.py:1303} INFO - Executing <Task(BashOperator): my_task> on 2023-03-29 12:05:00+00:00
[2023-03-29T12:10:29.921+0000] {standard_task_runner.py:55} INFO - Started process 1537 to run task
[2023-03-29T12:10:29.934+0000] {standard_task_runner.py:82} INFO - Running: ['***', 'tasks', 'run', 'my_dag', 'my_task', 'scheduled__2023-03-29T12:05:00+00:00', '--job-id', '361', '--raw', '--subdir', 'DAGS_FOLDER/test.py', '--cfg-path', '/tmp/tmppchpkaq1']
[2023-03-29T12:10:29.939+0000] {standard_task_runner.py:83} INFO - Job 361: Subtask my_task
[2023-03-29T12:10:30.079+0000] {task_command.py:388} INFO - Running <TaskInstance: my_dag.my_task scheduled__2023-03-29T12:05:00+00:00 [running]> on host e7ec0deaf382
[2023-03-29T12:10:30.420+0000] {taskinstance.py:1511} INFO - Exporting the following env vars:
AIRFLOW_CTX_DAG_OWNER=***
AIRFLOW_CTX_DAG_ID=my_dag
AIRFLOW_CTX_TASK_ID=my_task
AIRFLOW_CTX_EXECUTION_DATE=2023-03-29T12:05:00+00:00
AIRFLOW_CTX_TRY_NUMBER=1
AIRFLOW_CTX_DAG_RUN_ID=scheduled__2023-03-29T12:05:00+00:00
[2023-03-29T12:10:30.429+0000] {subprocess.py:63} INFO - Tmp dir root location: 
 /tmp
[2023-03-29T12:10:30.433+0000] {subprocess.py:75} INFO - Running command: ['/bin/bash', '-c', 'for i in {1..5}; do echo $i; sleep 1; done']
[2023-03-29T12:10:30.500+0000] {subprocess.py:86} INFO - Output:
[2023-03-29T12:10:30.512+0000] {subprocess.py:93} INFO - 1
[2023-03-29T12:10:31.526+0000] {subprocess.py:93} INFO - 2
[2023-03-29T12:10:32.540+0000] {subprocess.py:93} INFO - 3
[2023-03-29T12:10:33.551+0000] {subprocess.py:93} INFO - 4
[2023-03-29T12:10:34.566+0000] {subprocess.py:93} INFO - 5
[2023-03-29T12:10:35.574+0000] {subprocess.py:97} INFO - Command exited with return code 0
[2023-03-29T12:10:35.636+0000] {taskinstance.py:1326} INFO - Marking task as SUCCESS. dag_id=my_dag, task_id=my_task, execution_date=20230329T120500, start_date=20230329T121029, end_date=20230329T121035
[2023-03-29T12:10:35.718+0000] {local_task_job.py:212} INFO - Task exited with return code 0
[2023-03-29T12:10:35.761+0000] {taskinstance.py:2585} INFO - 1 downstream tasks scheduled from follow-on schedule check
