[2023-03-28T16:40:14.681+0000] {taskinstance.py:1084} INFO - Dependencies all met for dep_context=non-requeueable deps ti=<TaskInstance: my_dag.my_task scheduled__2023-03-28T16:35:00+00:00 [queued]>
[2023-03-28T16:40:14.704+0000] {taskinstance.py:1084} INFO - Dependencies all met for dep_context=requeueable deps ti=<TaskInstance: my_dag.my_task scheduled__2023-03-28T16:35:00+00:00 [queued]>
[2023-03-28T16:40:14.705+0000] {taskinstance.py:1282} INFO - 
--------------------------------------------------------------------------------
[2023-03-28T16:40:14.707+0000] {taskinstance.py:1283} INFO - Starting attempt 1 of 1
[2023-03-28T16:40:14.708+0000] {taskinstance.py:1284} INFO - 
--------------------------------------------------------------------------------
[2023-03-28T16:40:14.741+0000] {taskinstance.py:1303} INFO - Executing <Task(BashOperator): my_task> on 2023-03-28 16:35:00+00:00
[2023-03-28T16:40:14.755+0000] {standard_task_runner.py:55} INFO - Started process 350 to run task
[2023-03-28T16:40:14.766+0000] {standard_task_runner.py:82} INFO - Running: ['***', 'tasks', 'run', 'my_dag', 'my_task', 'scheduled__2023-03-28T16:35:00+00:00', '--job-id', '181', '--raw', '--subdir', 'DAGS_FOLDER/test.py', '--cfg-path', '/tmp/tmpbnlih9j3']
[2023-03-28T16:40:14.771+0000] {standard_task_runner.py:83} INFO - Job 181: Subtask my_task
[2023-03-28T16:40:14.995+0000] {task_command.py:388} INFO - Running <TaskInstance: my_dag.my_task scheduled__2023-03-28T16:35:00+00:00 [running]> on host 18cf4662f3ac
[2023-03-28T16:40:15.326+0000] {taskinstance.py:1511} INFO - Exporting the following env vars:
AIRFLOW_CTX_DAG_OWNER=***
AIRFLOW_CTX_DAG_ID=my_dag
AIRFLOW_CTX_TASK_ID=my_task
AIRFLOW_CTX_EXECUTION_DATE=2023-03-28T16:35:00+00:00
AIRFLOW_CTX_TRY_NUMBER=1
AIRFLOW_CTX_DAG_RUN_ID=scheduled__2023-03-28T16:35:00+00:00
[2023-03-28T16:40:15.332+0000] {subprocess.py:63} INFO - Tmp dir root location: 
 /tmp
[2023-03-28T16:40:15.335+0000] {subprocess.py:75} INFO - Running command: ['/bin/bash', '-c', 'for i in {1..5}; do echo $i; sleep 1; done']
[2023-03-28T16:40:15.357+0000] {subprocess.py:86} INFO - Output:
[2023-03-28T16:40:15.364+0000] {subprocess.py:93} INFO - 1
[2023-03-28T16:40:16.371+0000] {subprocess.py:93} INFO - 2
[2023-03-28T16:40:17.381+0000] {subprocess.py:93} INFO - 3
[2023-03-28T16:40:18.386+0000] {subprocess.py:93} INFO - 4
[2023-03-28T16:40:19.393+0000] {subprocess.py:93} INFO - 5
[2023-03-28T16:40:20.404+0000] {subprocess.py:97} INFO - Command exited with return code 0
[2023-03-28T16:40:20.461+0000] {taskinstance.py:1326} INFO - Marking task as SUCCESS. dag_id=my_dag, task_id=my_task, execution_date=20230328T163500, start_date=20230328T164014, end_date=20230328T164020
[2023-03-28T16:40:20.504+0000] {local_task_job.py:212} INFO - Task exited with return code 0
[2023-03-28T16:40:20.535+0000] {taskinstance.py:2585} INFO - 0 downstream tasks scheduled from follow-on schedule check
