[2023-03-29T23:54:45.779+0000] {taskinstance.py:1084} INFO - Dependencies all met for dep_context=non-requeueable deps ti=<TaskInstance: tax_income.model_predict manual__2023-03-29T23:50:30.173185+00:00 [queued]>
[2023-03-29T23:54:45.809+0000] {taskinstance.py:1084} INFO - Dependencies all met for dep_context=requeueable deps ti=<TaskInstance: tax_income.model_predict manual__2023-03-29T23:50:30.173185+00:00 [queued]>
[2023-03-29T23:54:45.812+0000] {taskinstance.py:1282} INFO - 
--------------------------------------------------------------------------------
[2023-03-29T23:54:45.817+0000] {taskinstance.py:1283} INFO - Starting attempt 1 of 2
[2023-03-29T23:54:45.819+0000] {taskinstance.py:1284} INFO - 
--------------------------------------------------------------------------------
[2023-03-29T23:54:45.899+0000] {taskinstance.py:1303} INFO - Executing <Task(PythonOperator): model_predict> on 2023-03-29 23:50:30.173185+00:00
[2023-03-29T23:54:46.006+0000] {standard_task_runner.py:55} INFO - Started process 87 to run task
[2023-03-29T23:54:46.091+0000] {standard_task_runner.py:82} INFO - Running: ['***', 'tasks', 'run', 'tax_income', 'model_predict', 'manual__2023-03-29T23:50:30.173185+00:00', '--job-id', '575', '--raw', '--subdir', 'DAGS_FOLDER/test.py', '--cfg-path', '/tmp/tmp0bony9fn']
[2023-03-29T23:54:46.115+0000] {standard_task_runner.py:83} INFO - Job 575: Subtask model_predict
[2023-03-29T23:54:46.470+0000] {task_command.py:388} INFO - Running <TaskInstance: tax_income.model_predict manual__2023-03-29T23:50:30.173185+00:00 [running]> on host 32688d23169d
[2023-03-29T23:54:46.741+0000] {taskinstance.py:1511} INFO - Exporting the following env vars:
AIRFLOW_CTX_DAG_OWNER=***
AIRFLOW_CTX_DAG_ID=tax_income
AIRFLOW_CTX_TASK_ID=model_predict
AIRFLOW_CTX_EXECUTION_DATE=2023-03-29T23:50:30.173185+00:00
AIRFLOW_CTX_TRY_NUMBER=1
AIRFLOW_CTX_DAG_RUN_ID=manual__2023-03-29T23:50:30.173185+00:00
[2023-03-29T23:54:46.745+0000] {test.py:130} INFO - Loading data from BigQuery...
[2023-03-29T23:54:49.779+0000] {warnings.py:110} WARNING - /home/***/.local/lib/python3.7/site-packages/google/cloud/bigquery/table.py:1988: UserWarning: A progress bar was requested, but there was an error loading the tqdm library. Please install tqdm to use the progress bar functionality.
  create_bqstorage_client=create_bqstorage_client,

[2023-03-29T23:56:14.869+0000] {gbq.py:352} INFO - Total time taken 87.81 s.
Finished at 2023-03-29 23:56:14.
[2023-03-29T23:56:14.907+0000] {test.py:145} INFO - One-hot encoding categorical features...
[2023-03-29T23:56:15.875+0000] {test.py:151} INFO - Loading XGBoost model and performing predictions...
[2023-03-29T23:56:16.025+0000] {logging_mixin.py:137} INFO - [23:56:16] WARNING: ../src/learner.cc:749: Found JSON model saved before XGBoost 1.6, please save the model using current version again. The support for old JSON model will be discontinued in XGBoost 2.3.
[2023-03-29T23:56:18.735+0000] {test.py:157} INFO - Adding predictions to DataFrame...
[2023-03-29T23:56:20.053+0000] {test.py:163} INFO - Exporting DataFrame to BigQuery...
[2023-03-29T23:56:34.229+0000] {gbq.py:606} INFO - 199522 out of 199522 rows loaded.
[2023-03-29T23:56:34.523+0000] {test.py:179} INFO - Finished model_predict function.
[2023-03-29T23:56:34.806+0000] {python.py:177} INFO - Done. Returned value was: None
[2023-03-29T23:56:38.140+0000] {taskinstance.py:1326} INFO - Marking task as SUCCESS. dag_id=tax_income, task_id=model_predict, execution_date=20230329T235030, start_date=20230329T235445, end_date=20230329T235638
[2023-03-29T23:56:42.216+0000] {local_task_job.py:212} INFO - Task exited with return code 0
[2023-03-29T23:56:46.744+0000] {taskinstance.py:2585} INFO - 0 downstream tasks scheduled from follow-on schedule check
