[2023-03-28T23:25:34.389+0000] {taskinstance.py:1084} INFO - Dependencies all met for dep_context=non-requeueable deps ti=<TaskInstance: my_dag.load_predict scheduled__2023-03-28T23:20:00+00:00 [queued]>
[2023-03-28T23:25:34.434+0000] {taskinstance.py:1084} INFO - Dependencies all met for dep_context=requeueable deps ti=<TaskInstance: my_dag.load_predict scheduled__2023-03-28T23:20:00+00:00 [queued]>
[2023-03-28T23:25:34.441+0000] {taskinstance.py:1282} INFO - 
--------------------------------------------------------------------------------
[2023-03-28T23:25:34.443+0000] {taskinstance.py:1283} INFO - Starting attempt 1 of 1
[2023-03-28T23:25:34.446+0000] {taskinstance.py:1284} INFO - 
--------------------------------------------------------------------------------
[2023-03-28T23:25:34.487+0000] {taskinstance.py:1303} INFO - Executing <Task(PythonOperator): load_predict> on 2023-03-28 23:20:00+00:00
[2023-03-28T23:25:34.500+0000] {standard_task_runner.py:55} INFO - Started process 4300 to run task
[2023-03-28T23:25:34.508+0000] {standard_task_runner.py:82} INFO - Running: ['***', 'tasks', 'run', 'my_dag', 'load_predict', 'scheduled__2023-03-28T23:20:00+00:00', '--job-id', '256', '--raw', '--subdir', 'DAGS_FOLDER/test.py', '--cfg-path', '/tmp/tmptks85ci8']
[2023-03-28T23:25:34.514+0000] {standard_task_runner.py:83} INFO - Job 256: Subtask load_predict
[2023-03-28T23:25:34.642+0000] {task_command.py:388} INFO - Running <TaskInstance: my_dag.load_predict scheduled__2023-03-28T23:20:00+00:00 [running]> on host 18cf4662f3ac
[2023-03-28T23:25:34.780+0000] {taskinstance.py:1511} INFO - Exporting the following env vars:
AIRFLOW_CTX_DAG_OWNER=***
AIRFLOW_CTX_DAG_ID=my_dag
AIRFLOW_CTX_TASK_ID=load_predict
AIRFLOW_CTX_EXECUTION_DATE=2023-03-28T23:20:00+00:00
AIRFLOW_CTX_TRY_NUMBER=1
AIRFLOW_CTX_DAG_RUN_ID=scheduled__2023-03-28T23:20:00+00:00
[2023-03-28T23:25:37.965+0000] {warnings.py:110} WARNING - /home/***/.local/lib/python3.7/site-packages/google/cloud/bigquery/table.py:1988: UserWarning: A progress bar was requested, but there was an error loading the tqdm library. Please install tqdm to use the progress bar functionality.
  create_bqstorage_client=create_bqstorage_client,

[2023-03-28T23:25:57.404+0000] {gbq.py:352} INFO - Total time taken 22.47 s.
Finished at 2023-03-28 23:25:57.
[2023-03-28T23:25:57.433+0000] {logging_mixin.py:137} INFO - testtttt         age      sex  ...                                education tax_filer_status
0         0     Male  ...                                 Children         - 50000.
1         0     Male  ...                                 Children         - 50000.
2         0   Female  ...                                 Children         - 50000.
3         0     Male  ...                                 Children         - 50000.
4         0     Male  ...                                 Children         - 50000.
...     ...      ...  ...                                      ...              ...
399039   90     Male  ...   Prof school degree (MD DDS DVM LLB JD)         - 50000.
399040   90     Male  ...   Prof school degree (MD DDS DVM LLB JD)         - 50000.
399041   90   Female  ...   Prof school degree (MD DDS DVM LLB JD)          50000+.
399042   90     Male  ...   Prof school degree (MD DDS DVM LLB JD)         - 50000.
399043   90   Female  ...   Prof school degree (MD DDS DVM LLB JD)          50000+.

[399044 rows x 5 columns]
[2023-03-28T23:25:57.438+0000] {python.py:177} INFO - Done. Returned value was: None
[2023-03-28T23:25:57.469+0000] {taskinstance.py:1326} INFO - Marking task as SUCCESS. dag_id=my_dag, task_id=load_predict, execution_date=20230328T232000, start_date=20230328T232534, end_date=20230328T232557
[2023-03-28T23:25:57.633+0000] {local_task_job.py:212} INFO - Task exited with return code 0
[2023-03-28T23:25:57.672+0000] {taskinstance.py:2585} INFO - 0 downstream tasks scheduled from follow-on schedule check
