[2023-03-29T20:55:05.470+0000] {taskinstance.py:1084} INFO - Dependencies all met for dep_context=non-requeueable deps ti=<TaskInstance: my_dag.extract_and_load scheduled__2023-03-29T20:50:00+00:00 [queued]>
[2023-03-29T20:55:05.493+0000] {taskinstance.py:1084} INFO - Dependencies all met for dep_context=requeueable deps ti=<TaskInstance: my_dag.extract_and_load scheduled__2023-03-29T20:50:00+00:00 [queued]>
[2023-03-29T20:55:05.494+0000] {taskinstance.py:1282} INFO - 
--------------------------------------------------------------------------------
[2023-03-29T20:55:05.498+0000] {taskinstance.py:1283} INFO - Starting attempt 1 of 1
[2023-03-29T20:55:05.500+0000] {taskinstance.py:1284} INFO - 
--------------------------------------------------------------------------------
[2023-03-29T20:55:05.536+0000] {taskinstance.py:1303} INFO - Executing <Task(PythonOperator): extract_and_load> on 2023-03-29 20:50:00+00:00
[2023-03-29T20:55:05.565+0000] {standard_task_runner.py:55} INFO - Started process 757 to run task
[2023-03-29T20:55:05.575+0000] {standard_task_runner.py:82} INFO - Running: ['***', 'tasks', 'run', 'my_dag', 'extract_and_load', 'scheduled__2023-03-29T20:50:00+00:00', '--job-id', '514', '--raw', '--subdir', 'DAGS_FOLDER/test.py', '--cfg-path', '/tmp/tmp34_3z405']
[2023-03-29T20:55:05.581+0000] {standard_task_runner.py:83} INFO - Job 514: Subtask extract_and_load
[2023-03-29T20:55:05.783+0000] {task_command.py:388} INFO - Running <TaskInstance: my_dag.extract_and_load scheduled__2023-03-29T20:50:00+00:00 [running]> on host 32688d23169d
[2023-03-29T20:55:05.997+0000] {taskinstance.py:1511} INFO - Exporting the following env vars:
AIRFLOW_CTX_DAG_OWNER=***
AIRFLOW_CTX_DAG_ID=my_dag
AIRFLOW_CTX_TASK_ID=extract_and_load
AIRFLOW_CTX_EXECUTION_DATE=2023-03-29T20:50:00+00:00
AIRFLOW_CTX_TRY_NUMBER=1
AIRFLOW_CTX_DAG_RUN_ID=scheduled__2023-03-29T20:50:00+00:00
[2023-03-29T20:55:28.965+0000] {gbq.py:606} INFO - 199522 out of 199522 rows loaded.
[2023-03-29T20:55:28.976+0000] {python.py:177} INFO - Done. Returned value was: None
[2023-03-29T20:55:29.773+0000] {taskinstance.py:1326} INFO - Marking task as SUCCESS. dag_id=my_dag, task_id=extract_and_load, execution_date=20230329T205000, start_date=20230329T205505, end_date=20230329T205529
[2023-03-29T20:55:30.150+0000] {local_task_job.py:212} INFO - Task exited with return code 0
[2023-03-29T20:55:30.287+0000] {taskinstance.py:2585} INFO - 1 downstream tasks scheduled from follow-on schedule check
