[2023-03-29T00:41:43.642+0000] {taskinstance.py:1084} INFO - Dependencies all met for dep_context=non-requeueable deps ti=<TaskInstance: my_dag.my_task scheduled__2023-03-29T00:35:00+00:00 [queued]>
[2023-03-29T00:41:43.683+0000] {taskinstance.py:1084} INFO - Dependencies all met for dep_context=requeueable deps ti=<TaskInstance: my_dag.my_task scheduled__2023-03-29T00:35:00+00:00 [queued]>
[2023-03-29T00:41:43.685+0000] {taskinstance.py:1282} INFO - 
--------------------------------------------------------------------------------
[2023-03-29T00:41:43.687+0000] {taskinstance.py:1283} INFO - Starting attempt 1 of 1
[2023-03-29T00:41:43.690+0000] {taskinstance.py:1284} INFO - 
--------------------------------------------------------------------------------
[2023-03-29T00:41:43.738+0000] {taskinstance.py:1303} INFO - Executing <Task(BashOperator): my_task> on 2023-03-29 00:35:00+00:00
[2023-03-29T00:41:43.760+0000] {standard_task_runner.py:55} INFO - Started process 516 to run task
[2023-03-29T00:41:43.781+0000] {standard_task_runner.py:82} INFO - Running: ['***', 'tasks', 'run', 'my_dag', 'my_task', 'scheduled__2023-03-29T00:35:00+00:00', '--job-id', '274', '--raw', '--subdir', 'DAGS_FOLDER/test.py', '--cfg-path', '/tmp/tmpdfqw2cj6']
[2023-03-29T00:41:43.786+0000] {standard_task_runner.py:83} INFO - Job 274: Subtask my_task
[2023-03-29T00:41:44.220+0000] {task_command.py:388} INFO - Running <TaskInstance: my_dag.my_task scheduled__2023-03-29T00:35:00+00:00 [running]> on host 18cf4662f3ac
[2023-03-29T00:41:44.436+0000] {taskinstance.py:1511} INFO - Exporting the following env vars:
AIRFLOW_CTX_DAG_OWNER=***
AIRFLOW_CTX_DAG_ID=my_dag
AIRFLOW_CTX_TASK_ID=my_task
AIRFLOW_CTX_EXECUTION_DATE=2023-03-29T00:35:00+00:00
AIRFLOW_CTX_TRY_NUMBER=1
AIRFLOW_CTX_DAG_RUN_ID=scheduled__2023-03-29T00:35:00+00:00
[2023-03-29T00:41:44.442+0000] {subprocess.py:63} INFO - Tmp dir root location: 
 /tmp
[2023-03-29T00:41:44.448+0000] {subprocess.py:75} INFO - Running command: ['/bin/bash', '-c', 'for i in {1..5}; do echo $i; sleep 1; done']
[2023-03-29T00:41:44.479+0000] {subprocess.py:86} INFO - Output:
[2023-03-29T00:41:44.491+0000] {subprocess.py:93} INFO - 1
[2023-03-29T00:41:45.508+0000] {subprocess.py:93} INFO - 2
[2023-03-29T00:41:46.527+0000] {subprocess.py:93} INFO - 3
[2023-03-29T00:41:47.547+0000] {subprocess.py:93} INFO - 4
[2023-03-29T00:41:48.551+0000] {subprocess.py:93} INFO - 5
[2023-03-29T00:41:49.574+0000] {subprocess.py:97} INFO - Command exited with return code 0
[2023-03-29T00:41:49.699+0000] {taskinstance.py:1326} INFO - Marking task as SUCCESS. dag_id=my_dag, task_id=my_task, execution_date=20230329T003500, start_date=20230329T004143, end_date=20230329T004149
[2023-03-29T00:41:49.809+0000] {local_task_job.py:212} INFO - Task exited with return code 0
[2023-03-29T00:41:49.854+0000] {taskinstance.py:2585} INFO - 1 downstream tasks scheduled from follow-on schedule check
