[2023-03-29T21:40:24.895+0000] {taskinstance.py:1084} INFO - Dependencies all met for dep_context=non-requeueable deps ti=<TaskInstance: my_dag.model_predict scheduled__2023-03-29T21:35:00+00:00 [queued]>
[2023-03-29T21:40:24.926+0000] {taskinstance.py:1084} INFO - Dependencies all met for dep_context=requeueable deps ti=<TaskInstance: my_dag.model_predict scheduled__2023-03-29T21:35:00+00:00 [queued]>
[2023-03-29T21:40:24.928+0000] {taskinstance.py:1282} INFO - 
--------------------------------------------------------------------------------
[2023-03-29T21:40:24.929+0000] {taskinstance.py:1283} INFO - Starting attempt 1 of 1
[2023-03-29T21:40:24.931+0000] {taskinstance.py:1284} INFO - 
--------------------------------------------------------------------------------
[2023-03-29T21:40:24.976+0000] {taskinstance.py:1303} INFO - Executing <Task(PythonOperator): model_predict> on 2023-03-29 21:35:00+00:00
[2023-03-29T21:40:24.997+0000] {standard_task_runner.py:55} INFO - Started process 1614 to run task
[2023-03-29T21:40:25.010+0000] {standard_task_runner.py:82} INFO - Running: ['***', 'tasks', 'run', 'my_dag', 'model_predict', 'scheduled__2023-03-29T21:35:00+00:00', '--job-id', '532', '--raw', '--subdir', 'DAGS_FOLDER/test.py', '--cfg-path', '/tmp/tmp20ux2bcu']
[2023-03-29T21:40:25.017+0000] {standard_task_runner.py:83} INFO - Job 532: Subtask model_predict
[2023-03-29T21:40:25.173+0000] {task_command.py:388} INFO - Running <TaskInstance: my_dag.model_predict scheduled__2023-03-29T21:35:00+00:00 [running]> on host 32688d23169d
[2023-03-29T21:40:25.321+0000] {taskinstance.py:1511} INFO - Exporting the following env vars:
AIRFLOW_CTX_DAG_OWNER=***
AIRFLOW_CTX_DAG_ID=my_dag
AIRFLOW_CTX_TASK_ID=model_predict
AIRFLOW_CTX_EXECUTION_DATE=2023-03-29T21:35:00+00:00
AIRFLOW_CTX_TRY_NUMBER=1
AIRFLOW_CTX_DAG_RUN_ID=scheduled__2023-03-29T21:35:00+00:00
[2023-03-29T21:40:28.020+0000] {warnings.py:110} WARNING - /home/***/.local/lib/python3.7/site-packages/google/cloud/bigquery/table.py:1988: UserWarning: A progress bar was requested, but there was an error loading the tqdm library. Please install tqdm to use the progress bar functionality.
  create_bqstorage_client=create_bqstorage_client,

[2023-03-29T21:40:38.508+0000] {gbq.py:352} INFO - Total time taken 13.03 s.
Finished at 2023-03-29 21:40:38.
[2023-03-29T21:40:38.646+0000] {logging_mixin.py:137} INFO - [21:40:38] WARNING: ../src/learner.cc:749: Found JSON model saved before XGBoost 1.6, please save the model using current version again. The support for old JSON model will be discontinued in XGBoost 2.3.
[2023-03-29T21:40:39.164+0000] {logging_mixin.py:137} INFO -         age      sex  ...                 tax_filer_stat predictions-tax
0        15     Male  ...                         Single        0.000846
1        15     Male  ...                         Single        0.000319
2        15     Male  ...                         Single        0.000319
3        15     Male  ...                         Single        0.000146
4        15   Female  ...                         Single        0.000144
...     ...      ...  ...                            ...             ...
199517   90     Male  ...   Joint one under 65 & one 65+        0.064528
199518   90   Female  ...   Joint one under 65 & one 65+        0.033536
199519   90     Male  ...   Joint one under 65 & one 65+        0.125377
199520   90   Female  ...   Joint one under 65 & one 65+        0.096431
199521   90     Male  ...   Joint one under 65 & one 65+        0.236067

[199522 rows x 6 columns]
[2023-03-29T21:40:46.664+0000] {gbq.py:606} INFO - 199522 out of 199522 rows loaded.
[2023-03-29T21:40:46.666+0000] {python.py:177} INFO - Done. Returned value was: None
[2023-03-29T21:40:46.707+0000] {taskinstance.py:1326} INFO - Marking task as SUCCESS. dag_id=my_dag, task_id=model_predict, execution_date=20230329T213500, start_date=20230329T214024, end_date=20230329T214046
[2023-03-29T21:40:46.816+0000] {local_task_job.py:212} INFO - Task exited with return code 0
[2023-03-29T21:40:46.864+0000] {taskinstance.py:2585} INFO - 0 downstream tasks scheduled from follow-on schedule check
