[2023-03-28T20:05:02.643+0000] {taskinstance.py:1084} INFO - Dependencies all met for dep_context=non-requeueable deps ti=<TaskInstance: my_dag.extract_and_load scheduled__2023-03-28T20:00:00+00:00 [queued]>
[2023-03-28T20:05:02.667+0000] {taskinstance.py:1084} INFO - Dependencies all met for dep_context=requeueable deps ti=<TaskInstance: my_dag.extract_and_load scheduled__2023-03-28T20:00:00+00:00 [queued]>
[2023-03-28T20:05:02.668+0000] {taskinstance.py:1282} INFO - 
--------------------------------------------------------------------------------
[2023-03-28T20:05:02.672+0000] {taskinstance.py:1283} INFO - Starting attempt 1 of 1
[2023-03-28T20:05:02.674+0000] {taskinstance.py:1284} INFO - 
--------------------------------------------------------------------------------
[2023-03-28T20:05:02.702+0000] {taskinstance.py:1303} INFO - Executing <Task(PythonOperator): extract_and_load> on 2023-03-28 20:00:00+00:00
[2023-03-28T20:05:02.712+0000] {standard_task_runner.py:55} INFO - Started process 3358 to run task
[2023-03-28T20:05:02.720+0000] {standard_task_runner.py:82} INFO - Running: ['***', 'tasks', 'run', 'my_dag', 'extract_and_load', 'scheduled__2023-03-28T20:00:00+00:00', '--job-id', '226', '--raw', '--subdir', 'DAGS_FOLDER/test.py', '--cfg-path', '/tmp/tmpdmxpsblw']
[2023-03-28T20:05:02.730+0000] {standard_task_runner.py:83} INFO - Job 226: Subtask extract_and_load
[2023-03-28T20:05:02.981+0000] {task_command.py:388} INFO - Running <TaskInstance: my_dag.extract_and_load scheduled__2023-03-28T20:00:00+00:00 [running]> on host 18cf4662f3ac
[2023-03-28T20:05:03.235+0000] {taskinstance.py:1511} INFO - Exporting the following env vars:
AIRFLOW_CTX_DAG_OWNER=***
AIRFLOW_CTX_DAG_ID=my_dag
AIRFLOW_CTX_TASK_ID=extract_and_load
AIRFLOW_CTX_EXECUTION_DATE=2023-03-28T20:00:00+00:00
AIRFLOW_CTX_TRY_NUMBER=1
AIRFLOW_CTX_DAG_RUN_ID=scheduled__2023-03-28T20:00:00+00:00
[2023-03-28T20:05:03.243+0000] {logging_mixin.py:137} INFO - eeeee test-chronotruck test-chr-ml/primary/data.csv
[2023-03-28T20:05:32.690+0000] {logging_mixin.py:137} INFO - rasssss
[2023-03-28T20:05:38.968+0000] {gbq.py:606} INFO - 199522 out of 199522 rows loaded.
[2023-03-28T20:05:39.002+0000] {logging_mixin.py:137} INFO - test ras          age      sex
0        58     Male
1        18   Female
2         9   Female
3        10   Female
4        48   Female
...     ...      ...
199517   87     Male
199518   65     Male
199519   47     Male
199520   16   Female
199521   32   Female

[199522 rows x 2 columns]
[2023-03-28T20:05:39.064+0000] {python.py:177} INFO - Done. Returned value was: None
[2023-03-28T20:05:39.087+0000] {taskinstance.py:1326} INFO - Marking task as SUCCESS. dag_id=my_dag, task_id=extract_and_load, execution_date=20230328T200000, start_date=20230328T200502, end_date=20230328T200539
[2023-03-28T20:05:39.177+0000] {local_task_job.py:212} INFO - Task exited with return code 0
[2023-03-28T20:05:39.229+0000] {taskinstance.py:2585} INFO - 1 downstream tasks scheduled from follow-on schedule check
