[2023-03-29T10:58:03.476+0000] {taskinstance.py:1084} INFO - Dependencies all met for dep_context=non-requeueable deps ti=<TaskInstance: my_dag.my_task scheduled__2023-03-29T10:50:00+00:00 [queued]>
[2023-03-29T10:58:03.515+0000] {taskinstance.py:1084} INFO - Dependencies all met for dep_context=requeueable deps ti=<TaskInstance: my_dag.my_task scheduled__2023-03-29T10:50:00+00:00 [queued]>
[2023-03-29T10:58:03.516+0000] {taskinstance.py:1282} INFO - 
--------------------------------------------------------------------------------
[2023-03-29T10:58:03.518+0000] {taskinstance.py:1283} INFO - Starting attempt 1 of 1
[2023-03-29T10:58:03.519+0000] {taskinstance.py:1284} INFO - 
--------------------------------------------------------------------------------
[2023-03-29T10:58:03.580+0000] {taskinstance.py:1303} INFO - Executing <Task(BashOperator): my_task> on 2023-03-29 10:50:00+00:00
[2023-03-29T10:58:03.633+0000] {standard_task_runner.py:55} INFO - Started process 511 to run task
[2023-03-29T10:58:03.675+0000] {standard_task_runner.py:82} INFO - Running: ['***', 'tasks', 'run', 'my_dag', 'my_task', 'scheduled__2023-03-29T10:50:00+00:00', '--job-id', '319', '--raw', '--subdir', 'DAGS_FOLDER/test.py', '--cfg-path', '/tmp/tmp_yxyz41f']
[2023-03-29T10:58:03.702+0000] {standard_task_runner.py:83} INFO - Job 319: Subtask my_task
[2023-03-29T10:58:03.908+0000] {task_command.py:388} INFO - Running <TaskInstance: my_dag.my_task scheduled__2023-03-29T10:50:00+00:00 [running]> on host e7ec0deaf382
[2023-03-29T10:58:04.170+0000] {taskinstance.py:1511} INFO - Exporting the following env vars:
AIRFLOW_CTX_DAG_OWNER=***
AIRFLOW_CTX_DAG_ID=my_dag
AIRFLOW_CTX_TASK_ID=my_task
AIRFLOW_CTX_EXECUTION_DATE=2023-03-29T10:50:00+00:00
AIRFLOW_CTX_TRY_NUMBER=1
AIRFLOW_CTX_DAG_RUN_ID=scheduled__2023-03-29T10:50:00+00:00
[2023-03-29T10:58:04.181+0000] {subprocess.py:63} INFO - Tmp dir root location: 
 /tmp
[2023-03-29T10:58:04.185+0000] {subprocess.py:75} INFO - Running command: ['/bin/bash', '-c', 'for i in {1..5}; do echo $i; sleep 1; done']
[2023-03-29T10:58:04.263+0000] {subprocess.py:86} INFO - Output:
[2023-03-29T10:58:04.266+0000] {subprocess.py:93} INFO - 1
[2023-03-29T10:58:05.309+0000] {subprocess.py:93} INFO - 2
[2023-03-29T10:58:06.345+0000] {subprocess.py:93} INFO - 3
[2023-03-29T10:58:07.342+0000] {subprocess.py:93} INFO - 4
[2023-03-29T10:58:08.349+0000] {subprocess.py:93} INFO - 5
[2023-03-29T10:58:09.357+0000] {subprocess.py:97} INFO - Command exited with return code 0
[2023-03-29T10:58:09.407+0000] {taskinstance.py:1326} INFO - Marking task as SUCCESS. dag_id=my_dag, task_id=my_task, execution_date=20230329T105000, start_date=20230329T105803, end_date=20230329T105809
[2023-03-29T10:58:09.468+0000] {local_task_job.py:212} INFO - Task exited with return code 0
[2023-03-29T10:58:09.506+0000] {taskinstance.py:2585} INFO - 1 downstream tasks scheduled from follow-on schedule check
