[2023-03-29T22:36:07.709+0000] {taskinstance.py:1084} INFO - Dependencies all met for dep_context=non-requeueable deps ti=<TaskInstance: my_dag.model_predict scheduled__2023-03-29T22:30:00+00:00 [queued]>
[2023-03-29T22:36:07.786+0000] {taskinstance.py:1084} INFO - Dependencies all met for dep_context=requeueable deps ti=<TaskInstance: my_dag.model_predict scheduled__2023-03-29T22:30:00+00:00 [queued]>
[2023-03-29T22:36:07.789+0000] {taskinstance.py:1282} INFO - 
--------------------------------------------------------------------------------
[2023-03-29T22:36:07.793+0000] {taskinstance.py:1283} INFO - Starting attempt 1 of 1
[2023-03-29T22:36:07.796+0000] {taskinstance.py:1284} INFO - 
--------------------------------------------------------------------------------
[2023-03-29T22:36:07.878+0000] {taskinstance.py:1303} INFO - Executing <Task(PythonOperator): model_predict> on 2023-03-29 22:30:00+00:00
[2023-03-29T22:36:07.891+0000] {standard_task_runner.py:55} INFO - Started process 2426 to run task
[2023-03-29T22:36:07.900+0000] {standard_task_runner.py:82} INFO - Running: ['***', 'tasks', 'run', 'my_dag', 'model_predict', 'scheduled__2023-03-29T22:30:00+00:00', '--job-id', '550', '--raw', '--subdir', 'DAGS_FOLDER/test.py', '--cfg-path', '/tmp/tmp0wil3idj']
[2023-03-29T22:36:07.907+0000] {standard_task_runner.py:83} INFO - Job 550: Subtask model_predict
[2023-03-29T22:36:08.105+0000] {task_command.py:388} INFO - Running <TaskInstance: my_dag.model_predict scheduled__2023-03-29T22:30:00+00:00 [running]> on host 32688d23169d
[2023-03-29T22:36:08.332+0000] {taskinstance.py:1511} INFO - Exporting the following env vars:
AIRFLOW_CTX_DAG_OWNER=***
AIRFLOW_CTX_DAG_ID=my_dag
AIRFLOW_CTX_TASK_ID=model_predict
AIRFLOW_CTX_EXECUTION_DATE=2023-03-29T22:30:00+00:00
AIRFLOW_CTX_TRY_NUMBER=1
AIRFLOW_CTX_DAG_RUN_ID=scheduled__2023-03-29T22:30:00+00:00
[2023-03-29T22:36:08.339+0000] {test.py:124} INFO - Loading data from BigQuery...
[2023-03-29T22:36:11.200+0000] {warnings.py:110} WARNING - /home/***/.local/lib/python3.7/site-packages/google/cloud/bigquery/table.py:1988: UserWarning: A progress bar was requested, but there was an error loading the tqdm library. Please install tqdm to use the progress bar functionality.
  create_bqstorage_client=create_bqstorage_client,

[2023-03-29T22:36:21.479+0000] {gbq.py:352} INFO - Total time taken 12.92 s.
Finished at 2023-03-29 22:36:21.
[2023-03-29T22:36:21.482+0000] {test.py:139} INFO - One-hot encoding categorical features...
[2023-03-29T22:36:21.624+0000] {test.py:145} INFO - Loading XGBoost model and performing predictions...
[2023-03-29T22:36:21.724+0000] {logging_mixin.py:137} INFO - [22:36:21] WARNING: ../src/learner.cc:749: Found JSON model saved before XGBoost 1.6, please save the model using current version again. The support for old JSON model will be discontinued in XGBoost 2.3.
[2023-03-29T22:36:23.759+0000] {test.py:151} INFO - Adding predictions to DataFrame...
[2023-03-29T22:36:23.761+0000] {test.py:156} INFO - Exporting DataFrame to BigQuery...
[2023-03-29T22:36:32.364+0000] {gbq.py:606} INFO - 199522 out of 199522 rows loaded.
[2023-03-29T22:36:32.366+0000] {test.py:172} INFO - Finished model_predict function.
[2023-03-29T22:36:32.374+0000] {python.py:177} INFO - Done. Returned value was: None
[2023-03-29T22:36:32.497+0000] {taskinstance.py:1326} INFO - Marking task as SUCCESS. dag_id=my_dag, task_id=model_predict, execution_date=20230329T223000, start_date=20230329T223607, end_date=20230329T223632
[2023-03-29T22:36:32.795+0000] {local_task_job.py:212} INFO - Task exited with return code 0
[2023-03-29T22:36:32.978+0000] {taskinstance.py:2585} INFO - 0 downstream tasks scheduled from follow-on schedule check
