[2023-03-29T21:45:03.503+0000] {taskinstance.py:1084} INFO - Dependencies all met for dep_context=non-requeueable deps ti=<TaskInstance: my_dag.extract_and_load scheduled__2023-03-29T21:40:00+00:00 [queued]>
[2023-03-29T21:45:03.538+0000] {taskinstance.py:1084} INFO - Dependencies all met for dep_context=requeueable deps ti=<TaskInstance: my_dag.extract_and_load scheduled__2023-03-29T21:40:00+00:00 [queued]>
[2023-03-29T21:45:03.547+0000] {taskinstance.py:1282} INFO - 
--------------------------------------------------------------------------------
[2023-03-29T21:45:03.554+0000] {taskinstance.py:1283} INFO - Starting attempt 1 of 1
[2023-03-29T21:45:03.556+0000] {taskinstance.py:1284} INFO - 
--------------------------------------------------------------------------------
[2023-03-29T21:45:03.615+0000] {taskinstance.py:1303} INFO - Executing <Task(PythonOperator): extract_and_load> on 2023-03-29 21:40:00+00:00
[2023-03-29T21:45:03.632+0000] {standard_task_runner.py:55} INFO - Started process 1701 to run task
[2023-03-29T21:45:03.649+0000] {standard_task_runner.py:82} INFO - Running: ['***', 'tasks', 'run', 'my_dag', 'extract_and_load', 'scheduled__2023-03-29T21:40:00+00:00', '--job-id', '533', '--raw', '--subdir', 'DAGS_FOLDER/test.py', '--cfg-path', '/tmp/tmp9ae17vb1']
[2023-03-29T21:45:03.656+0000] {standard_task_runner.py:83} INFO - Job 533: Subtask extract_and_load
[2023-03-29T21:45:03.844+0000] {task_command.py:388} INFO - Running <TaskInstance: my_dag.extract_and_load scheduled__2023-03-29T21:40:00+00:00 [running]> on host 32688d23169d
[2023-03-29T21:45:04.017+0000] {taskinstance.py:1511} INFO - Exporting the following env vars:
AIRFLOW_CTX_DAG_OWNER=***
AIRFLOW_CTX_DAG_ID=my_dag
AIRFLOW_CTX_TASK_ID=extract_and_load
AIRFLOW_CTX_EXECUTION_DATE=2023-03-29T21:40:00+00:00
AIRFLOW_CTX_TRY_NUMBER=1
AIRFLOW_CTX_DAG_RUN_ID=scheduled__2023-03-29T21:40:00+00:00
[2023-03-29T21:45:04.021+0000] {test.py:60} INFO - Starting load_csv_from_bucket function...
[2023-03-29T21:45:04.141+0000] {test.py:69} INFO - Downloading CSV files from test-chr-ml/primary/data.csv 
[2023-03-29T21:45:11.371+0000] {test.py:78} INFO - Concatenating CSV files into a single DataFrame...
[2023-03-29T21:45:16.581+0000] {test.py:86} INFO - Select specific columns and rename them
[2023-03-29T21:45:17.222+0000] {test.py:93} INFO - Exporting DataFrame to BigQuery...
[2023-03-29T21:45:29.884+0000] {gbq.py:606} INFO - 199522 out of 199522 rows loaded.
[2023-03-29T21:45:29.886+0000] {test.py:110} INFO - Finished load_csv_from_bucket function.
[2023-03-29T21:45:29.888+0000] {python.py:177} INFO - Done. Returned value was: None
[2023-03-29T21:45:29.957+0000] {taskinstance.py:1326} INFO - Marking task as SUCCESS. dag_id=my_dag, task_id=extract_and_load, execution_date=20230329T214000, start_date=20230329T214503, end_date=20230329T214529
[2023-03-29T21:45:30.061+0000] {local_task_job.py:212} INFO - Task exited with return code 0
[2023-03-29T21:45:30.099+0000] {taskinstance.py:2585} INFO - 0 downstream tasks scheduled from follow-on schedule check
