[2023-03-29T03:04:14.344+0000] {taskinstance.py:1084} INFO - Dependencies all met for dep_context=non-requeueable deps ti=<TaskInstance: my_dag.extract_and_load scheduled__2023-03-29T02:55:00+00:00 [queued]>
[2023-03-29T03:04:18.002+0000] {taskinstance.py:1084} INFO - Dependencies all met for dep_context=requeueable deps ti=<TaskInstance: my_dag.extract_and_load scheduled__2023-03-29T02:55:00+00:00 [queued]>
[2023-03-29T03:04:18.044+0000] {taskinstance.py:1282} INFO - 
--------------------------------------------------------------------------------
[2023-03-29T03:04:18.053+0000] {taskinstance.py:1283} INFO - Starting attempt 1 of 1
[2023-03-29T03:04:18.060+0000] {taskinstance.py:1284} INFO - 
--------------------------------------------------------------------------------
[2023-03-29T03:04:18.849+0000] {taskinstance.py:1303} INFO - Executing <Task(PythonOperator): extract_and_load> on 2023-03-29 02:55:00+00:00
[2023-03-29T03:04:24.964+0000] {standard_task_runner.py:55} INFO - Started process 1550 to run task
[2023-03-29T03:04:25.077+0000] {standard_task_runner.py:82} INFO - Running: ['***', 'tasks', 'run', 'my_dag', 'extract_and_load', 'scheduled__2023-03-29T02:55:00+00:00', '--job-id', '302', '--raw', '--subdir', 'DAGS_FOLDER/test.py', '--cfg-path', '/tmp/tmpfapomodu']
[2023-03-29T03:04:25.680+0000] {standard_task_runner.py:83} INFO - Job 302: Subtask extract_and_load
[2023-03-29T03:04:42.228+0000] {task_command.py:388} INFO - Running <TaskInstance: my_dag.extract_and_load scheduled__2023-03-29T02:55:00+00:00 [running]> on host 18cf4662f3ac
[2023-03-29T03:04:57.573+0000] {taskinstance.py:1511} INFO - Exporting the following env vars:
AIRFLOW_CTX_DAG_OWNER=***
AIRFLOW_CTX_DAG_ID=my_dag
AIRFLOW_CTX_TASK_ID=extract_and_load
AIRFLOW_CTX_EXECUTION_DATE=2023-03-29T02:55:00+00:00
AIRFLOW_CTX_TRY_NUMBER=1
AIRFLOW_CTX_DAG_RUN_ID=scheduled__2023-03-29T02:55:00+00:00
[2023-03-29T03:04:58.063+0000] {logging_mixin.py:137} INFO - eeeee test-chronotruck test-chr-ml/primary/data.csv
[2023-03-29T03:14:51.095+0000] {logging_mixin.py:137} INFO - rasssss
