[2023-03-29T20:18:30.933+0000] {taskinstance.py:1084} INFO - Dependencies all met for dep_context=non-requeueable deps ti=<TaskInstance: my_dag.model_predict scheduled__2023-03-29T20:10:00+00:00 [queued]>
[2023-03-29T20:18:30.958+0000] {taskinstance.py:1084} INFO - Dependencies all met for dep_context=requeueable deps ti=<TaskInstance: my_dag.model_predict scheduled__2023-03-29T20:10:00+00:00 [queued]>
[2023-03-29T20:18:30.960+0000] {taskinstance.py:1282} INFO - 
--------------------------------------------------------------------------------
[2023-03-29T20:18:30.964+0000] {taskinstance.py:1283} INFO - Starting attempt 1 of 1
[2023-03-29T20:18:30.966+0000] {taskinstance.py:1284} INFO - 
--------------------------------------------------------------------------------
[2023-03-29T20:18:31.003+0000] {taskinstance.py:1303} INFO - Executing <Task(PythonOperator): model_predict> on 2023-03-29 20:10:00+00:00
[2023-03-29T20:18:31.013+0000] {standard_task_runner.py:55} INFO - Started process 92 to run task
[2023-03-29T20:18:31.031+0000] {standard_task_runner.py:82} INFO - Running: ['***', 'tasks', 'run', 'my_dag', 'model_predict', 'scheduled__2023-03-29T20:10:00+00:00', '--job-id', '500', '--raw', '--subdir', 'DAGS_FOLDER/test.py', '--cfg-path', '/tmp/tmphdh9xf2i']
[2023-03-29T20:18:31.036+0000] {standard_task_runner.py:83} INFO - Job 500: Subtask model_predict
[2023-03-29T20:18:31.181+0000] {task_command.py:388} INFO - Running <TaskInstance: my_dag.model_predict scheduled__2023-03-29T20:10:00+00:00 [running]> on host 32688d23169d
[2023-03-29T20:18:31.386+0000] {taskinstance.py:1511} INFO - Exporting the following env vars:
AIRFLOW_CTX_DAG_OWNER=***
AIRFLOW_CTX_DAG_ID=my_dag
AIRFLOW_CTX_TASK_ID=model_predict
AIRFLOW_CTX_EXECUTION_DATE=2023-03-29T20:10:00+00:00
AIRFLOW_CTX_TRY_NUMBER=1
AIRFLOW_CTX_DAG_RUN_ID=scheduled__2023-03-29T20:10:00+00:00
[2023-03-29T20:18:34.527+0000] {warnings.py:110} WARNING - /home/***/.local/lib/python3.7/site-packages/google/cloud/bigquery/table.py:1988: UserWarning: A progress bar was requested, but there was an error loading the tqdm library. Please install tqdm to use the progress bar functionality.
  create_bqstorage_client=create_bqstorage_client,

[2023-03-29T20:18:44.820+0000] {gbq.py:352} INFO - Total time taken 13.11 s.
Finished at 2023-03-29 20:18:44.
[2023-03-29T20:18:44.823+0000] {taskinstance.py:1775} ERROR - Task failed with exception
Traceback (most recent call last):
  File "/home/airflow/.local/lib/python3.7/site-packages/airflow/operators/python.py", line 175, in execute
    return_value = self.execute_callable()
  File "/home/airflow/.local/lib/python3.7/site-packages/airflow/operators/python.py", line 192, in execute_callable
    return self.python_callable(*self.op_args, **self.op_kwargs)
  File "/opt/airflow/dags/test.py", line 112, in model_predict
    features=features.iloc[:, [0,12,7,4,19]]
  File "/home/airflow/.local/lib/python3.7/site-packages/pandas/core/indexing.py", line 925, in __getitem__
    return self._getitem_tuple(key)
  File "/home/airflow/.local/lib/python3.7/site-packages/pandas/core/indexing.py", line 1506, in _getitem_tuple
    self._has_valid_tuple(tup)
  File "/home/airflow/.local/lib/python3.7/site-packages/pandas/core/indexing.py", line 754, in _has_valid_tuple
    self._validate_key(k, i)
  File "/home/airflow/.local/lib/python3.7/site-packages/pandas/core/indexing.py", line 1424, in _validate_key
    raise IndexError("positional indexers are out-of-bounds")
IndexError: positional indexers are out-of-bounds
[2023-03-29T20:18:44.864+0000] {taskinstance.py:1326} INFO - Marking task as FAILED. dag_id=my_dag, task_id=model_predict, execution_date=20230329T201000, start_date=20230329T201830, end_date=20230329T201844
[2023-03-29T20:18:44.896+0000] {standard_task_runner.py:105} ERROR - Failed to execute job 500 for task model_predict (positional indexers are out-of-bounds; 92)
[2023-03-29T20:18:44.985+0000] {local_task_job.py:212} INFO - Task exited with return code 1
[2023-03-29T20:18:45.014+0000] {taskinstance.py:2585} INFO - 0 downstream tasks scheduled from follow-on schedule check
