[2023-03-29T20:45:29.625+0000] {taskinstance.py:1084} INFO - Dependencies all met for dep_context=non-requeueable deps ti=<TaskInstance: my_dag.model_predict scheduled__2023-03-29T20:40:00+00:00 [queued]>
[2023-03-29T20:45:29.663+0000] {taskinstance.py:1084} INFO - Dependencies all met for dep_context=requeueable deps ti=<TaskInstance: my_dag.model_predict scheduled__2023-03-29T20:40:00+00:00 [queued]>
[2023-03-29T20:45:29.665+0000] {taskinstance.py:1282} INFO - 
--------------------------------------------------------------------------------
[2023-03-29T20:45:29.666+0000] {taskinstance.py:1283} INFO - Starting attempt 1 of 1
[2023-03-29T20:45:29.671+0000] {taskinstance.py:1284} INFO - 
--------------------------------------------------------------------------------
[2023-03-29T20:45:29.734+0000] {taskinstance.py:1303} INFO - Executing <Task(PythonOperator): model_predict> on 2023-03-29 20:40:00+00:00
[2023-03-29T20:45:29.760+0000] {standard_task_runner.py:55} INFO - Started process 593 to run task
[2023-03-29T20:45:29.781+0000] {standard_task_runner.py:82} INFO - Running: ['***', 'tasks', 'run', 'my_dag', 'model_predict', 'scheduled__2023-03-29T20:40:00+00:00', '--job-id', '511', '--raw', '--subdir', 'DAGS_FOLDER/test.py', '--cfg-path', '/tmp/tmp1k8deod9']
[2023-03-29T20:45:29.791+0000] {standard_task_runner.py:83} INFO - Job 511: Subtask model_predict
[2023-03-29T20:45:29.942+0000] {task_command.py:388} INFO - Running <TaskInstance: my_dag.model_predict scheduled__2023-03-29T20:40:00+00:00 [running]> on host 32688d23169d
[2023-03-29T20:45:30.170+0000] {taskinstance.py:1511} INFO - Exporting the following env vars:
AIRFLOW_CTX_DAG_OWNER=***
AIRFLOW_CTX_DAG_ID=my_dag
AIRFLOW_CTX_TASK_ID=model_predict
AIRFLOW_CTX_EXECUTION_DATE=2023-03-29T20:40:00+00:00
AIRFLOW_CTX_TRY_NUMBER=1
AIRFLOW_CTX_DAG_RUN_ID=scheduled__2023-03-29T20:40:00+00:00
[2023-03-29T20:45:33.261+0000] {warnings.py:110} WARNING - /home/***/.local/lib/python3.7/site-packages/google/cloud/bigquery/table.py:1988: UserWarning: A progress bar was requested, but there was an error loading the tqdm library. Please install tqdm to use the progress bar functionality.
  create_bqstorage_client=create_bqstorage_client,

[2023-03-29T20:45:50.556+0000] {gbq.py:352} INFO - Total time taken 20.21 s.
Finished at 2023-03-29 20:45:50.
[2023-03-29T20:45:50.923+0000] {logging_mixin.py:137} INFO - [20:45:50] WARNING: ../src/learner.cc:749: Found JSON model saved before XGBoost 1.6, please save the model using current version again. The support for old JSON model will be discontinued in XGBoost 2.3.
[2023-03-29T20:46:02.334+0000] {gbq.py:606} INFO - 199522 out of 199522 rows loaded.
[2023-03-29T20:46:02.336+0000] {python.py:177} INFO - Done. Returned value was: None
[2023-03-29T20:46:02.375+0000] {taskinstance.py:1326} INFO - Marking task as SUCCESS. dag_id=my_dag, task_id=model_predict, execution_date=20230329T204000, start_date=20230329T204529, end_date=20230329T204602
[2023-03-29T20:46:02.508+0000] {local_task_job.py:212} INFO - Task exited with return code 0
[2023-03-29T20:46:02.548+0000] {taskinstance.py:2585} INFO - 0 downstream tasks scheduled from follow-on schedule check
