[2023-03-29T14:51:57.354+0000] {taskinstance.py:1084} INFO - Dependencies all met for dep_context=non-requeueable deps ti=<TaskInstance: my_dag.extract_and_load scheduled__2023-03-29T14:45:00+00:00 [queued]>
[2023-03-29T14:51:58.652+0000] {taskinstance.py:1084} INFO - Dependencies all met for dep_context=requeueable deps ti=<TaskInstance: my_dag.extract_and_load scheduled__2023-03-29T14:45:00+00:00 [queued]>
[2023-03-29T14:51:58.660+0000] {taskinstance.py:1282} INFO - 
--------------------------------------------------------------------------------
[2023-03-29T14:51:58.668+0000] {taskinstance.py:1283} INFO - Starting attempt 1 of 1
[2023-03-29T14:51:58.673+0000] {taskinstance.py:1284} INFO - 
--------------------------------------------------------------------------------
[2023-03-29T14:51:59.614+0000] {taskinstance.py:1303} INFO - Executing <Task(PythonOperator): extract_and_load> on 2023-03-29 14:45:00+00:00
[2023-03-29T14:52:01.040+0000] {standard_task_runner.py:55} INFO - Started process 2709 to run task
[2023-03-29T14:52:01.295+0000] {standard_task_runner.py:82} INFO - Running: ['***', 'tasks', 'run', 'my_dag', 'extract_and_load', 'scheduled__2023-03-29T14:45:00+00:00', '--job-id', '408', '--raw', '--subdir', 'DAGS_FOLDER/test.py', '--cfg-path', '/tmp/tmp1tacra3m']
[2023-03-29T14:52:01.519+0000] {standard_task_runner.py:83} INFO - Job 408: Subtask extract_and_load
[2023-03-29T14:52:04.350+0000] {task_command.py:388} INFO - Running <TaskInstance: my_dag.extract_and_load scheduled__2023-03-29T14:45:00+00:00 [running]> on host e7ec0deaf382
[2023-03-29T14:52:07.274+0000] {taskinstance.py:1511} INFO - Exporting the following env vars:
AIRFLOW_CTX_DAG_OWNER=***
AIRFLOW_CTX_DAG_ID=my_dag
AIRFLOW_CTX_TASK_ID=extract_and_load
AIRFLOW_CTX_EXECUTION_DATE=2023-03-29T14:45:00+00:00
AIRFLOW_CTX_TRY_NUMBER=1
AIRFLOW_CTX_DAG_RUN_ID=scheduled__2023-03-29T14:45:00+00:00
[2023-03-29T14:52:08.999+0000] {logging_mixin.py:137} INFO - eeeee test-chronotruck test-chr-ml/primary/data.csv
[2023-03-29T14:58:42.606+0000] {logging_mixin.py:137} INFO - rasssss
[2023-03-29T14:59:46.022+0000] {gbq.py:606} INFO - 199522 out of 199522 rows loaded.
[2023-03-29T14:59:55.121+0000] {logging_mixin.py:137} INFO - test ras ggdgg  ssssss          age      sex  ...                    education tax_filer_status
0        58     Male  ...   Some college but no degree         - 50000.
1        18   Female  ...                   10th grade         - 50000.
2         9   Female  ...                     Children         - 50000.
3        10   Female  ...                     Children         - 50000.
4        48   Female  ...   Some college but no degree         - 50000.
...     ...      ...  ...                          ...              ...
199517   87     Male  ...            7th and 8th grade         - 50000.
199518   65     Male  ...                   11th grade         - 50000.
199519   47     Male  ...   Some college but no degree         - 50000.
199520   16   Female  ...                   10th grade         - 50000.
199521   32   Female  ...         High school graduate         - 50000.

[199522 rows x 5 columns]
[2023-03-29T15:00:29.470+0000] {python.py:177} INFO - Done. Returned value was: None
[2023-03-29T15:00:34.469+0000] {taskinstance.py:1326} INFO - Marking task as SUCCESS. dag_id=my_dag, task_id=extract_and_load, execution_date=20230329T144500, start_date=20230329T145157, end_date=20230329T150034
[2023-03-29T15:00:56.028+0000] {local_task_job.py:277} WARNING - State of this instance has been externally set to success. Terminating instance.
[2023-03-29T15:01:02.196+0000] {process_utils.py:133} INFO - Sending Signals.SIGTERM to group 2709. PIDs of all processes in the group: [2709]
[2023-03-29T15:01:02.347+0000] {process_utils.py:84} INFO - Sending the signal Signals.SIGTERM to group 2709
[2023-03-29T15:01:10.538+0000] {process_utils.py:79} INFO - Process psutil.Process(pid=2709, status='terminated', exitcode=0, started='14:52:00') (2709) terminated with exit code 0
