[2023-03-29T11:30:22.147+0000] {taskinstance.py:1084} INFO - Dependencies all met for dep_context=non-requeueable deps ti=<TaskInstance: my_dag.my_task scheduled__2023-03-29T11:25:00+00:00 [queued]>
[2023-03-29T11:30:22.166+0000] {taskinstance.py:1084} INFO - Dependencies all met for dep_context=requeueable deps ti=<TaskInstance: my_dag.my_task scheduled__2023-03-29T11:25:00+00:00 [queued]>
[2023-03-29T11:30:22.168+0000] {taskinstance.py:1282} INFO - 
--------------------------------------------------------------------------------
[2023-03-29T11:30:22.170+0000] {taskinstance.py:1283} INFO - Starting attempt 1 of 1
[2023-03-29T11:30:22.171+0000] {taskinstance.py:1284} INFO - 
--------------------------------------------------------------------------------
[2023-03-29T11:30:22.201+0000] {taskinstance.py:1303} INFO - Executing <Task(BashOperator): my_task> on 2023-03-29 11:25:00+00:00
[2023-03-29T11:30:22.214+0000] {standard_task_runner.py:55} INFO - Started process 919 to run task
[2023-03-29T11:30:22.223+0000] {standard_task_runner.py:82} INFO - Running: ['***', 'tasks', 'run', 'my_dag', 'my_task', 'scheduled__2023-03-29T11:25:00+00:00', '--job-id', '339', '--raw', '--subdir', 'DAGS_FOLDER/test.py', '--cfg-path', '/tmp/tmpbumq6uu1']
[2023-03-29T11:30:22.231+0000] {standard_task_runner.py:83} INFO - Job 339: Subtask my_task
[2023-03-29T11:30:22.385+0000] {task_command.py:388} INFO - Running <TaskInstance: my_dag.my_task scheduled__2023-03-29T11:25:00+00:00 [running]> on host e7ec0deaf382
[2023-03-29T11:30:22.613+0000] {taskinstance.py:1511} INFO - Exporting the following env vars:
AIRFLOW_CTX_DAG_OWNER=***
AIRFLOW_CTX_DAG_ID=my_dag
AIRFLOW_CTX_TASK_ID=my_task
AIRFLOW_CTX_EXECUTION_DATE=2023-03-29T11:25:00+00:00
AIRFLOW_CTX_TRY_NUMBER=1
AIRFLOW_CTX_DAG_RUN_ID=scheduled__2023-03-29T11:25:00+00:00
[2023-03-29T11:30:22.618+0000] {subprocess.py:63} INFO - Tmp dir root location: 
 /tmp
[2023-03-29T11:30:22.620+0000] {subprocess.py:75} INFO - Running command: ['/bin/bash', '-c', 'for i in {1..5}; do echo $i; sleep 1; done']
[2023-03-29T11:30:22.647+0000] {subprocess.py:86} INFO - Output:
[2023-03-29T11:30:22.652+0000] {subprocess.py:93} INFO - 1
[2023-03-29T11:30:23.658+0000] {subprocess.py:93} INFO - 2
[2023-03-29T11:30:24.671+0000] {subprocess.py:93} INFO - 3
[2023-03-29T11:30:25.680+0000] {subprocess.py:93} INFO - 4
[2023-03-29T11:30:26.689+0000] {subprocess.py:93} INFO - 5
[2023-03-29T11:30:27.699+0000] {subprocess.py:97} INFO - Command exited with return code 0
[2023-03-29T11:30:27.761+0000] {taskinstance.py:1326} INFO - Marking task as SUCCESS. dag_id=my_dag, task_id=my_task, execution_date=20230329T112500, start_date=20230329T113022, end_date=20230329T113027
[2023-03-29T11:30:27.828+0000] {local_task_job.py:212} INFO - Task exited with return code 0
[2023-03-29T11:30:27.868+0000] {taskinstance.py:2585} INFO - 1 downstream tasks scheduled from follow-on schedule check
