[2023-03-30T00:01:57.514+0000] {taskinstance.py:1084} INFO - Dependencies all met for dep_context=non-requeueable deps ti=<TaskInstance: tax_income.model_predict manual__2023-03-30T00:01:21.774195+00:00 [queued]>
[2023-03-30T00:01:57.535+0000] {taskinstance.py:1084} INFO - Dependencies all met for dep_context=requeueable deps ti=<TaskInstance: tax_income.model_predict manual__2023-03-30T00:01:21.774195+00:00 [queued]>
[2023-03-30T00:01:57.536+0000] {taskinstance.py:1282} INFO - 
--------------------------------------------------------------------------------
[2023-03-30T00:01:57.538+0000] {taskinstance.py:1283} INFO - Starting attempt 1 of 2
[2023-03-30T00:01:57.540+0000] {taskinstance.py:1284} INFO - 
--------------------------------------------------------------------------------
[2023-03-30T00:01:57.574+0000] {taskinstance.py:1303} INFO - Executing <Task(PythonOperator): model_predict> on 2023-03-30 00:01:21.774195+00:00
[2023-03-30T00:01:57.586+0000] {standard_task_runner.py:55} INFO - Started process 224 to run task
[2023-03-30T00:01:57.597+0000] {standard_task_runner.py:82} INFO - Running: ['***', 'tasks', 'run', 'tax_income', 'model_predict', 'manual__2023-03-30T00:01:21.774195+00:00', '--job-id', '580', '--raw', '--subdir', 'DAGS_FOLDER/dag_model.py', '--cfg-path', '/tmp/tmp663p3194']
[2023-03-30T00:01:57.603+0000] {standard_task_runner.py:83} INFO - Job 580: Subtask model_predict
[2023-03-30T00:01:57.748+0000] {task_command.py:388} INFO - Running <TaskInstance: tax_income.model_predict manual__2023-03-30T00:01:21.774195+00:00 [running]> on host 32688d23169d
[2023-03-30T00:01:57.897+0000] {taskinstance.py:1511} INFO - Exporting the following env vars:
AIRFLOW_CTX_DAG_OWNER=***
AIRFLOW_CTX_DAG_ID=tax_income
AIRFLOW_CTX_TASK_ID=model_predict
AIRFLOW_CTX_EXECUTION_DATE=2023-03-30T00:01:21.774195+00:00
AIRFLOW_CTX_TRY_NUMBER=1
AIRFLOW_CTX_DAG_RUN_ID=manual__2023-03-30T00:01:21.774195+00:00
[2023-03-30T00:01:57.901+0000] {dag_model.py:130} INFO - Loading data from BigQuery...
[2023-03-30T00:02:01.207+0000] {warnings.py:110} WARNING - /home/***/.local/lib/python3.7/site-packages/google/cloud/bigquery/table.py:1988: UserWarning: A progress bar was requested, but there was an error loading the tqdm library. Please install tqdm to use the progress bar functionality.
  create_bqstorage_client=create_bqstorage_client,

[2023-03-30T00:02:15.965+0000] {gbq.py:352} INFO - Total time taken 17.91 s.
Finished at 2023-03-30 00:02:15.
[2023-03-30T00:02:15.968+0000] {dag_model.py:145} INFO - One-hot encoding categorical features...
[2023-03-30T00:02:16.091+0000] {dag_model.py:151} INFO - Loading XGBoost model and performing predictions...
[2023-03-30T00:02:16.133+0000] {logging_mixin.py:137} INFO - [00:02:16] WARNING: ../src/learner.cc:749: Found JSON model saved before XGBoost 1.6, please save the model using current version again. The support for old JSON model will be discontinued in XGBoost 2.3.
[2023-03-30T00:02:17.142+0000] {dag_model.py:157} INFO - Adding predictions to DataFrame...
[2023-03-30T00:02:17.306+0000] {dag_model.py:163} INFO - Exporting DataFrame to BigQuery...
[2023-03-30T00:02:26.310+0000] {gbq.py:606} INFO - 199522 out of 199522 rows loaded.
[2023-03-30T00:02:26.312+0000] {dag_model.py:179} INFO - Finished model_predict function.
[2023-03-30T00:02:26.316+0000] {python.py:177} INFO - Done. Returned value was: None
[2023-03-30T00:02:26.345+0000] {taskinstance.py:1326} INFO - Marking task as SUCCESS. dag_id=tax_income, task_id=model_predict, execution_date=20230330T000121, start_date=20230330T000157, end_date=20230330T000226
[2023-03-30T00:02:26.462+0000] {local_task_job.py:212} INFO - Task exited with return code 0
[2023-03-30T00:02:26.498+0000] {taskinstance.py:2585} INFO - 0 downstream tasks scheduled from follow-on schedule check
