[2023-03-29T10:20:43.457+0000] {taskinstance.py:1084} INFO - Dependencies all met for dep_context=non-requeueable deps ti=<TaskInstance: my_dag.my_task scheduled__2023-03-29T10:15:00+00:00 [queued]>
[2023-03-29T10:20:43.483+0000] {taskinstance.py:1084} INFO - Dependencies all met for dep_context=requeueable deps ti=<TaskInstance: my_dag.my_task scheduled__2023-03-29T10:15:00+00:00 [queued]>
[2023-03-29T10:20:43.485+0000] {taskinstance.py:1282} INFO - 
--------------------------------------------------------------------------------
[2023-03-29T10:20:43.487+0000] {taskinstance.py:1283} INFO - Starting attempt 1 of 1
[2023-03-29T10:20:43.488+0000] {taskinstance.py:1284} INFO - 
--------------------------------------------------------------------------------
[2023-03-29T10:20:43.517+0000] {taskinstance.py:1303} INFO - Executing <Task(BashOperator): my_task> on 2023-03-29 10:15:00+00:00
[2023-03-29T10:20:43.528+0000] {standard_task_runner.py:55} INFO - Started process 206 to run task
[2023-03-29T10:20:43.539+0000] {standard_task_runner.py:82} INFO - Running: ['***', 'tasks', 'run', 'my_dag', 'my_task', 'scheduled__2023-03-29T10:15:00+00:00', '--job-id', '308', '--raw', '--subdir', 'DAGS_FOLDER/test.py', '--cfg-path', '/tmp/tmpl96ylpcf']
[2023-03-29T10:20:43.545+0000] {standard_task_runner.py:83} INFO - Job 308: Subtask my_task
[2023-03-29T10:20:43.687+0000] {task_command.py:388} INFO - Running <TaskInstance: my_dag.my_task scheduled__2023-03-29T10:15:00+00:00 [running]> on host e7ec0deaf382
[2023-03-29T10:20:43.829+0000] {taskinstance.py:1511} INFO - Exporting the following env vars:
AIRFLOW_CTX_DAG_OWNER=***
AIRFLOW_CTX_DAG_ID=my_dag
AIRFLOW_CTX_TASK_ID=my_task
AIRFLOW_CTX_EXECUTION_DATE=2023-03-29T10:15:00+00:00
AIRFLOW_CTX_TRY_NUMBER=1
AIRFLOW_CTX_DAG_RUN_ID=scheduled__2023-03-29T10:15:00+00:00
[2023-03-29T10:20:43.833+0000] {subprocess.py:63} INFO - Tmp dir root location: 
 /tmp
[2023-03-29T10:20:43.837+0000] {subprocess.py:75} INFO - Running command: ['/bin/bash', '-c', 'for i in {1..5}; do echo $i; sleep 1; done']
[2023-03-29T10:20:43.893+0000] {subprocess.py:86} INFO - Output:
[2023-03-29T10:20:43.912+0000] {subprocess.py:93} INFO - 1
[2023-03-29T10:20:44.929+0000] {subprocess.py:93} INFO - 2
[2023-03-29T10:20:45.938+0000] {subprocess.py:93} INFO - 3
[2023-03-29T10:20:46.946+0000] {subprocess.py:93} INFO - 4
[2023-03-29T10:20:47.956+0000] {subprocess.py:93} INFO - 5
[2023-03-29T10:20:48.967+0000] {subprocess.py:97} INFO - Command exited with return code 0
[2023-03-29T10:20:49.028+0000] {taskinstance.py:1326} INFO - Marking task as SUCCESS. dag_id=my_dag, task_id=my_task, execution_date=20230329T101500, start_date=20230329T102043, end_date=20230329T102049
[2023-03-29T10:20:49.108+0000] {local_task_job.py:212} INFO - Task exited with return code 0
[2023-03-29T10:20:49.154+0000] {taskinstance.py:2585} INFO - 1 downstream tasks scheduled from follow-on schedule check
