[2023-03-28T23:35:34.663+0000] {taskinstance.py:1084} INFO - Dependencies all met for dep_context=non-requeueable deps ti=<TaskInstance: my_dag.my_task scheduled__2023-03-28T23:30:00+00:00 [queued]>
[2023-03-28T23:35:34.690+0000] {taskinstance.py:1084} INFO - Dependencies all met for dep_context=requeueable deps ti=<TaskInstance: my_dag.my_task scheduled__2023-03-28T23:30:00+00:00 [queued]>
[2023-03-28T23:35:34.692+0000] {taskinstance.py:1282} INFO - 
--------------------------------------------------------------------------------
[2023-03-28T23:35:34.694+0000] {taskinstance.py:1283} INFO - Starting attempt 1 of 1
[2023-03-28T23:35:34.695+0000] {taskinstance.py:1284} INFO - 
--------------------------------------------------------------------------------
[2023-03-28T23:35:34.731+0000] {taskinstance.py:1303} INFO - Executing <Task(BashOperator): my_task> on 2023-03-28 23:30:00+00:00
[2023-03-28T23:35:34.741+0000] {standard_task_runner.py:55} INFO - Started process 4482 to run task
[2023-03-28T23:35:34.753+0000] {standard_task_runner.py:82} INFO - Running: ['***', 'tasks', 'run', 'my_dag', 'my_task', 'scheduled__2023-03-28T23:30:00+00:00', '--job-id', '261', '--raw', '--subdir', 'DAGS_FOLDER/test.py', '--cfg-path', '/tmp/tmp34j9rxwr']
[2023-03-28T23:35:34.757+0000] {standard_task_runner.py:83} INFO - Job 261: Subtask my_task
[2023-03-28T23:35:35.039+0000] {task_command.py:388} INFO - Running <TaskInstance: my_dag.my_task scheduled__2023-03-28T23:30:00+00:00 [running]> on host 18cf4662f3ac
[2023-03-28T23:35:35.209+0000] {taskinstance.py:1511} INFO - Exporting the following env vars:
AIRFLOW_CTX_DAG_OWNER=***
AIRFLOW_CTX_DAG_ID=my_dag
AIRFLOW_CTX_TASK_ID=my_task
AIRFLOW_CTX_EXECUTION_DATE=2023-03-28T23:30:00+00:00
AIRFLOW_CTX_TRY_NUMBER=1
AIRFLOW_CTX_DAG_RUN_ID=scheduled__2023-03-28T23:30:00+00:00
[2023-03-28T23:35:35.214+0000] {subprocess.py:63} INFO - Tmp dir root location: 
 /tmp
[2023-03-28T23:35:35.216+0000] {subprocess.py:75} INFO - Running command: ['/bin/bash', '-c', 'for i in {1..5}; do echo $i; sleep 1; done']
[2023-03-28T23:35:35.246+0000] {subprocess.py:86} INFO - Output:
[2023-03-28T23:35:35.251+0000] {subprocess.py:93} INFO - 1
[2023-03-28T23:35:36.256+0000] {subprocess.py:93} INFO - 2
[2023-03-28T23:35:37.269+0000] {subprocess.py:93} INFO - 3
[2023-03-28T23:35:38.277+0000] {subprocess.py:93} INFO - 4
[2023-03-28T23:35:39.287+0000] {subprocess.py:93} INFO - 5
[2023-03-28T23:35:40.298+0000] {subprocess.py:97} INFO - Command exited with return code 0
[2023-03-28T23:35:40.372+0000] {taskinstance.py:1326} INFO - Marking task as SUCCESS. dag_id=my_dag, task_id=my_task, execution_date=20230328T233000, start_date=20230328T233534, end_date=20230328T233540
[2023-03-28T23:35:40.454+0000] {local_task_job.py:212} INFO - Task exited with return code 0
[2023-03-28T23:35:40.502+0000] {taskinstance.py:2585} INFO - 1 downstream tasks scheduled from follow-on schedule check
