[2023-03-28T22:51:00.074+0000] {taskinstance.py:1084} INFO - Dependencies all met for dep_context=non-requeueable deps ti=<TaskInstance: my_dag.extract_and_load scheduled__2023-03-28T22:40:00+00:00 [queued]>
[2023-03-28T22:51:00.170+0000] {taskinstance.py:1084} INFO - Dependencies all met for dep_context=requeueable deps ti=<TaskInstance: my_dag.extract_and_load scheduled__2023-03-28T22:40:00+00:00 [queued]>
[2023-03-28T22:51:00.181+0000] {taskinstance.py:1282} INFO - 
--------------------------------------------------------------------------------
[2023-03-28T22:51:00.183+0000] {taskinstance.py:1283} INFO - Starting attempt 1 of 1
[2023-03-28T22:51:00.184+0000] {taskinstance.py:1284} INFO - 
--------------------------------------------------------------------------------
[2023-03-28T22:51:00.318+0000] {taskinstance.py:1303} INFO - Executing <Task(PythonOperator): extract_and_load> on 2023-03-28 22:40:00+00:00
[2023-03-28T22:51:00.354+0000] {standard_task_runner.py:55} INFO - Started process 3586 to run task
[2023-03-28T22:51:00.401+0000] {standard_task_runner.py:82} INFO - Running: ['***', 'tasks', 'run', 'my_dag', 'extract_and_load', 'scheduled__2023-03-28T22:40:00+00:00', '--job-id', '232', '--raw', '--subdir', 'DAGS_FOLDER/test.py', '--cfg-path', '/tmp/tmpq7hdl1wm']
[2023-03-28T22:51:00.423+0000] {standard_task_runner.py:83} INFO - Job 232: Subtask extract_and_load
[2023-03-28T22:51:00.783+0000] {task_command.py:388} INFO - Running <TaskInstance: my_dag.extract_and_load scheduled__2023-03-28T22:40:00+00:00 [running]> on host 18cf4662f3ac
[2023-03-28T22:51:01.284+0000] {taskinstance.py:1511} INFO - Exporting the following env vars:
AIRFLOW_CTX_DAG_OWNER=***
AIRFLOW_CTX_DAG_ID=my_dag
AIRFLOW_CTX_TASK_ID=extract_and_load
AIRFLOW_CTX_EXECUTION_DATE=2023-03-28T22:40:00+00:00
AIRFLOW_CTX_TRY_NUMBER=1
AIRFLOW_CTX_DAG_RUN_ID=scheduled__2023-03-28T22:40:00+00:00
[2023-03-28T22:51:01.293+0000] {logging_mixin.py:137} INFO - eeeee test-chronotruck test-chr-ml/primary/data.csv
[2023-03-28T22:51:54.176+0000] {logging_mixin.py:137} INFO - rasssss
[2023-03-28T22:52:07.762+0000] {gbq.py:606} INFO - 171207 out of 171207 rows loaded.
[2023-03-28T22:52:08.067+0000] {logging_mixin.py:137} INFO - test ras ggdgg  ssssss          age      sex
0        58     Male
1        18   Female
2         9   Female
3        10   Female
4        48   Female
...     ...      ...
171202   89   Female
171203   56   Female
171204   24   Female
171205   44     Male
171206    9      NaN

[171207 rows x 2 columns]
[2023-03-28T22:52:08.240+0000] {python.py:177} INFO - Done. Returned value was: None
[2023-03-28T22:52:08.278+0000] {taskinstance.py:1326} INFO - Marking task as SUCCESS. dag_id=my_dag, task_id=extract_and_load, execution_date=20230328T224000, start_date=20230328T225100, end_date=20230328T225208
[2023-03-28T22:52:08.757+0000] {local_task_job.py:212} INFO - Task exited with return code 0
[2023-03-28T22:52:09.040+0000] {taskinstance.py:2585} INFO - 1 downstream tasks scheduled from follow-on schedule check
