[2023-03-28T23:05:04.063+0000] {taskinstance.py:1084} INFO - Dependencies all met for dep_context=non-requeueable deps ti=<TaskInstance: my_dag.extract_and_load scheduled__2023-03-28T23:00:00+00:00 [queued]>
[2023-03-28T23:05:04.084+0000] {taskinstance.py:1084} INFO - Dependencies all met for dep_context=requeueable deps ti=<TaskInstance: my_dag.extract_and_load scheduled__2023-03-28T23:00:00+00:00 [queued]>
[2023-03-28T23:05:04.086+0000] {taskinstance.py:1282} INFO - 
--------------------------------------------------------------------------------
[2023-03-28T23:05:04.087+0000] {taskinstance.py:1283} INFO - Starting attempt 1 of 1
[2023-03-28T23:05:04.091+0000] {taskinstance.py:1284} INFO - 
--------------------------------------------------------------------------------
[2023-03-28T23:05:04.164+0000] {taskinstance.py:1303} INFO - Executing <Task(PythonOperator): extract_and_load> on 2023-03-28 23:00:00+00:00
[2023-03-28T23:05:04.182+0000] {standard_task_runner.py:55} INFO - Started process 3874 to run task
[2023-03-28T23:05:04.202+0000] {standard_task_runner.py:82} INFO - Running: ['***', 'tasks', 'run', 'my_dag', 'extract_and_load', 'scheduled__2023-03-28T23:00:00+00:00', '--job-id', '242', '--raw', '--subdir', 'DAGS_FOLDER/test.py', '--cfg-path', '/tmp/tmptxhbs3qj']
[2023-03-28T23:05:04.217+0000] {standard_task_runner.py:83} INFO - Job 242: Subtask extract_and_load
[2023-03-28T23:05:04.612+0000] {task_command.py:388} INFO - Running <TaskInstance: my_dag.extract_and_load scheduled__2023-03-28T23:00:00+00:00 [running]> on host 18cf4662f3ac
[2023-03-28T23:05:04.997+0000] {taskinstance.py:1511} INFO - Exporting the following env vars:
AIRFLOW_CTX_DAG_OWNER=***
AIRFLOW_CTX_DAG_ID=my_dag
AIRFLOW_CTX_TASK_ID=extract_and_load
AIRFLOW_CTX_EXECUTION_DATE=2023-03-28T23:00:00+00:00
AIRFLOW_CTX_TRY_NUMBER=1
AIRFLOW_CTX_DAG_RUN_ID=scheduled__2023-03-28T23:00:00+00:00
[2023-03-28T23:05:05.000+0000] {logging_mixin.py:137} INFO - eeeee test-chronotruck test-chr-ml/primary/data.csv
[2023-03-28T23:05:20.688+0000] {logging_mixin.py:137} INFO - rasssss
[2023-03-28T23:05:28.304+0000] {gbq.py:606} INFO - 199522 out of 199522 rows loaded.
[2023-03-28T23:05:28.332+0000] {logging_mixin.py:137} INFO - test ras ggdgg  ssssss          age      sex
0        58     Male
1        18   Female
2         9   Female
3        10   Female
4        48   Female
...     ...      ...
199517   87     Male
199518   65     Male
199519   47     Male
199520   16   Female
199521   32   Female

[199522 rows x 2 columns]
[2023-03-28T23:05:28.504+0000] {python.py:177} INFO - Done. Returned value was: None
[2023-03-28T23:05:28.579+0000] {taskinstance.py:1326} INFO - Marking task as SUCCESS. dag_id=my_dag, task_id=extract_and_load, execution_date=20230328T230000, start_date=20230328T230504, end_date=20230328T230528
[2023-03-28T23:05:28.738+0000] {local_task_job.py:212} INFO - Task exited with return code 0
[2023-03-28T23:05:28.793+0000] {taskinstance.py:2585} INFO - 1 downstream tasks scheduled from follow-on schedule check
