[2023-03-29T11:25:30.134+0000] {taskinstance.py:1084} INFO - Dependencies all met for dep_context=non-requeueable deps ti=<TaskInstance: my_dag.my_task scheduled__2023-03-29T11:20:00+00:00 [queued]>
[2023-03-29T11:25:30.198+0000] {taskinstance.py:1084} INFO - Dependencies all met for dep_context=requeueable deps ti=<TaskInstance: my_dag.my_task scheduled__2023-03-29T11:20:00+00:00 [queued]>
[2023-03-29T11:25:30.203+0000] {taskinstance.py:1282} INFO - 
--------------------------------------------------------------------------------
[2023-03-29T11:25:30.206+0000] {taskinstance.py:1283} INFO - Starting attempt 1 of 1
[2023-03-29T11:25:30.208+0000] {taskinstance.py:1284} INFO - 
--------------------------------------------------------------------------------
[2023-03-29T11:25:30.245+0000] {taskinstance.py:1303} INFO - Executing <Task(BashOperator): my_task> on 2023-03-29 11:20:00+00:00
[2023-03-29T11:25:30.261+0000] {standard_task_runner.py:55} INFO - Started process 820 to run task
[2023-03-29T11:25:30.277+0000] {standard_task_runner.py:82} INFO - Running: ['***', 'tasks', 'run', 'my_dag', 'my_task', 'scheduled__2023-03-29T11:20:00+00:00', '--job-id', '336', '--raw', '--subdir', 'DAGS_FOLDER/test.py', '--cfg-path', '/tmp/tmpxlya6jrq']
[2023-03-29T11:25:30.283+0000] {standard_task_runner.py:83} INFO - Job 336: Subtask my_task
[2023-03-29T11:25:30.438+0000] {task_command.py:388} INFO - Running <TaskInstance: my_dag.my_task scheduled__2023-03-29T11:20:00+00:00 [running]> on host e7ec0deaf382
[2023-03-29T11:25:30.654+0000] {taskinstance.py:1511} INFO - Exporting the following env vars:
AIRFLOW_CTX_DAG_OWNER=***
AIRFLOW_CTX_DAG_ID=my_dag
AIRFLOW_CTX_TASK_ID=my_task
AIRFLOW_CTX_EXECUTION_DATE=2023-03-29T11:20:00+00:00
AIRFLOW_CTX_TRY_NUMBER=1
AIRFLOW_CTX_DAG_RUN_ID=scheduled__2023-03-29T11:20:00+00:00
[2023-03-29T11:25:30.659+0000] {subprocess.py:63} INFO - Tmp dir root location: 
 /tmp
[2023-03-29T11:25:30.669+0000] {subprocess.py:75} INFO - Running command: ['/bin/bash', '-c', 'for i in {1..5}; do echo $i; sleep 1; done']
[2023-03-29T11:25:30.746+0000] {subprocess.py:86} INFO - Output:
[2023-03-29T11:25:30.761+0000] {subprocess.py:93} INFO - 1
[2023-03-29T11:25:31.777+0000] {subprocess.py:93} INFO - 2
[2023-03-29T11:25:32.783+0000] {subprocess.py:93} INFO - 3
[2023-03-29T11:25:33.791+0000] {subprocess.py:93} INFO - 4
[2023-03-29T11:25:34.805+0000] {subprocess.py:93} INFO - 5
[2023-03-29T11:25:35.816+0000] {subprocess.py:97} INFO - Command exited with return code 0
[2023-03-29T11:25:35.867+0000] {taskinstance.py:1326} INFO - Marking task as SUCCESS. dag_id=my_dag, task_id=my_task, execution_date=20230329T112000, start_date=20230329T112530, end_date=20230329T112535
[2023-03-29T11:25:35.937+0000] {local_task_job.py:212} INFO - Task exited with return code 0
[2023-03-29T11:25:35.991+0000] {taskinstance.py:2585} INFO - 1 downstream tasks scheduled from follow-on schedule check
