[2023-03-29T11:15:25.238+0000] {taskinstance.py:1084} INFO - Dependencies all met for dep_context=non-requeueable deps ti=<TaskInstance: my_dag.extract_and_load scheduled__2023-03-29T11:05:00+00:00 [queued]>
[2023-03-29T11:15:25.325+0000] {taskinstance.py:1084} INFO - Dependencies all met for dep_context=requeueable deps ti=<TaskInstance: my_dag.extract_and_load scheduled__2023-03-29T11:05:00+00:00 [queued]>
[2023-03-29T11:15:25.328+0000] {taskinstance.py:1282} INFO - 
--------------------------------------------------------------------------------
[2023-03-29T11:15:25.331+0000] {taskinstance.py:1283} INFO - Starting attempt 1 of 1
[2023-03-29T11:15:25.335+0000] {taskinstance.py:1284} INFO - 
--------------------------------------------------------------------------------
[2023-03-29T11:15:25.460+0000] {taskinstance.py:1303} INFO - Executing <Task(PythonOperator): extract_and_load> on 2023-03-29 11:05:00+00:00
[2023-03-29T11:15:25.502+0000] {standard_task_runner.py:55} INFO - Started process 614 to run task
[2023-03-29T11:15:25.550+0000] {standard_task_runner.py:82} INFO - Running: ['***', 'tasks', 'run', 'my_dag', 'extract_and_load', 'scheduled__2023-03-29T11:05:00+00:00', '--job-id', '326', '--raw', '--subdir', 'DAGS_FOLDER/test.py', '--cfg-path', '/tmp/tmpzu0ns0so']
[2023-03-29T11:15:25.569+0000] {standard_task_runner.py:83} INFO - Job 326: Subtask extract_and_load
[2023-03-29T11:15:26.177+0000] {task_command.py:388} INFO - Running <TaskInstance: my_dag.extract_and_load scheduled__2023-03-29T11:05:00+00:00 [running]> on host e7ec0deaf382
[2023-03-29T11:15:26.590+0000] {taskinstance.py:1511} INFO - Exporting the following env vars:
AIRFLOW_CTX_DAG_OWNER=***
AIRFLOW_CTX_DAG_ID=my_dag
AIRFLOW_CTX_TASK_ID=extract_and_load
AIRFLOW_CTX_EXECUTION_DATE=2023-03-29T11:05:00+00:00
AIRFLOW_CTX_TRY_NUMBER=1
AIRFLOW_CTX_DAG_RUN_ID=scheduled__2023-03-29T11:05:00+00:00
[2023-03-29T11:15:26.593+0000] {logging_mixin.py:137} INFO - eeeee test-chronotruck test-chr-ml/primary/data.csv
[2023-03-29T11:15:39.108+0000] {logging_mixin.py:137} INFO - rasssss
[2023-03-29T11:15:49.929+0000] {gbq.py:606} INFO - 54372 out of 54372 rows loaded.
[2023-03-29T11:15:50.338+0000] {logging_mixin.py:137} INFO - test ras ggdgg  ssssss         age      sex  ...                    education tax_filer_status
0       58     Male  ...   Some college but no degree         - 50000.
1       18   Female  ...                   10th grade         - 50000.
2        9   Female  ...                     Children         - 50000.
3       10   Female  ...                     Children         - 50000.
4       48   Female  ...   Some college but no degree         - 50000.
...    ...      ...  ...                          ...              ...
54367   38   Female  ...         High school graduate         - 50000.
54368   36     Male  ...         High school graduate         - 50000.
54369   34     Male  ...         High school graduate         - 50000.
54370   19     Male  ...         High school graduate         - 50000.
54371   11   Female  ...                     Children              NaN

[54372 rows x 5 columns]
[2023-03-29T11:15:51.307+0000] {python.py:177} INFO - Done. Returned value was: None
[2023-03-29T11:15:51.616+0000] {taskinstance.py:1326} INFO - Marking task as SUCCESS. dag_id=my_dag, task_id=extract_and_load, execution_date=20230329T110500, start_date=20230329T111525, end_date=20230329T111551
[2023-03-29T11:15:51.998+0000] {local_task_job.py:212} INFO - Task exited with return code 0
[2023-03-29T11:15:52.347+0000] {taskinstance.py:2585} INFO - 1 downstream tasks scheduled from follow-on schedule check
