[2023-03-29T11:57:42.575+0000] {taskinstance.py:1084} INFO - Dependencies all met for dep_context=non-requeueable deps ti=<TaskInstance: my_dag.my_task scheduled__2023-03-29T11:50:00+00:00 [queued]>
[2023-03-29T11:57:42.617+0000] {taskinstance.py:1084} INFO - Dependencies all met for dep_context=requeueable deps ti=<TaskInstance: my_dag.my_task scheduled__2023-03-29T11:50:00+00:00 [queued]>
[2023-03-29T11:57:42.619+0000] {taskinstance.py:1282} INFO - 
--------------------------------------------------------------------------------
[2023-03-29T11:57:42.623+0000] {taskinstance.py:1283} INFO - Starting attempt 1 of 1
[2023-03-29T11:57:42.624+0000] {taskinstance.py:1284} INFO - 
--------------------------------------------------------------------------------
[2023-03-29T11:57:42.669+0000] {taskinstance.py:1303} INFO - Executing <Task(BashOperator): my_task> on 2023-03-29 11:50:00+00:00
[2023-03-29T11:57:42.687+0000] {standard_task_runner.py:55} INFO - Started process 1396 to run task
[2023-03-29T11:57:42.703+0000] {standard_task_runner.py:82} INFO - Running: ['***', 'tasks', 'run', 'my_dag', 'my_task', 'scheduled__2023-03-29T11:50:00+00:00', '--job-id', '354', '--raw', '--subdir', 'DAGS_FOLDER/test.py', '--cfg-path', '/tmp/tmpbgpwe4o4']
[2023-03-29T11:57:42.744+0000] {standard_task_runner.py:83} INFO - Job 354: Subtask my_task
[2023-03-29T11:57:42.968+0000] {task_command.py:388} INFO - Running <TaskInstance: my_dag.my_task scheduled__2023-03-29T11:50:00+00:00 [running]> on host e7ec0deaf382
[2023-03-29T11:57:43.126+0000] {taskinstance.py:1511} INFO - Exporting the following env vars:
AIRFLOW_CTX_DAG_OWNER=***
AIRFLOW_CTX_DAG_ID=my_dag
AIRFLOW_CTX_TASK_ID=my_task
AIRFLOW_CTX_EXECUTION_DATE=2023-03-29T11:50:00+00:00
AIRFLOW_CTX_TRY_NUMBER=1
AIRFLOW_CTX_DAG_RUN_ID=scheduled__2023-03-29T11:50:00+00:00
[2023-03-29T11:57:43.131+0000] {subprocess.py:63} INFO - Tmp dir root location: 
 /tmp
[2023-03-29T11:57:43.133+0000] {subprocess.py:75} INFO - Running command: ['/bin/bash', '-c', 'for i in {1..5}; do echo $i; sleep 1; done']
[2023-03-29T11:57:43.160+0000] {subprocess.py:86} INFO - Output:
[2023-03-29T11:57:43.165+0000] {subprocess.py:93} INFO - 1
[2023-03-29T11:57:44.171+0000] {subprocess.py:93} INFO - 2
[2023-03-29T11:57:45.177+0000] {subprocess.py:93} INFO - 3
[2023-03-29T11:57:46.186+0000] {subprocess.py:93} INFO - 4
[2023-03-29T11:57:47.194+0000] {subprocess.py:93} INFO - 5
[2023-03-29T11:57:48.205+0000] {subprocess.py:97} INFO - Command exited with return code 0
[2023-03-29T11:57:48.254+0000] {taskinstance.py:1326} INFO - Marking task as SUCCESS. dag_id=my_dag, task_id=my_task, execution_date=20230329T115000, start_date=20230329T115742, end_date=20230329T115748
[2023-03-29T11:57:48.328+0000] {local_task_job.py:212} INFO - Task exited with return code 0
[2023-03-29T11:57:48.372+0000] {taskinstance.py:2585} INFO - 1 downstream tasks scheduled from follow-on schedule check
