[2023-03-29T11:50:23.990+0000] {taskinstance.py:1084} INFO - Dependencies all met for dep_context=non-requeueable deps ti=<TaskInstance: my_dag.my_task scheduled__2023-03-29T11:45:00+00:00 [queued]>
[2023-03-29T11:50:24.011+0000] {taskinstance.py:1084} INFO - Dependencies all met for dep_context=requeueable deps ti=<TaskInstance: my_dag.my_task scheduled__2023-03-29T11:45:00+00:00 [queued]>
[2023-03-29T11:50:24.012+0000] {taskinstance.py:1282} INFO - 
--------------------------------------------------------------------------------
[2023-03-29T11:50:24.014+0000] {taskinstance.py:1283} INFO - Starting attempt 1 of 1
[2023-03-29T11:50:24.015+0000] {taskinstance.py:1284} INFO - 
--------------------------------------------------------------------------------
[2023-03-29T11:50:24.046+0000] {taskinstance.py:1303} INFO - Executing <Task(BashOperator): my_task> on 2023-03-29 11:45:00+00:00
[2023-03-29T11:50:24.057+0000] {standard_task_runner.py:55} INFO - Started process 1328 to run task
[2023-03-29T11:50:24.067+0000] {standard_task_runner.py:82} INFO - Running: ['***', 'tasks', 'run', 'my_dag', 'my_task', 'scheduled__2023-03-29T11:45:00+00:00', '--job-id', '351', '--raw', '--subdir', 'DAGS_FOLDER/test.py', '--cfg-path', '/tmp/tmpfyio18l1']
[2023-03-29T11:50:24.072+0000] {standard_task_runner.py:83} INFO - Job 351: Subtask my_task
[2023-03-29T11:50:24.197+0000] {task_command.py:388} INFO - Running <TaskInstance: my_dag.my_task scheduled__2023-03-29T11:45:00+00:00 [running]> on host e7ec0deaf382
[2023-03-29T11:50:24.342+0000] {taskinstance.py:1511} INFO - Exporting the following env vars:
AIRFLOW_CTX_DAG_OWNER=***
AIRFLOW_CTX_DAG_ID=my_dag
AIRFLOW_CTX_TASK_ID=my_task
AIRFLOW_CTX_EXECUTION_DATE=2023-03-29T11:45:00+00:00
AIRFLOW_CTX_TRY_NUMBER=1
AIRFLOW_CTX_DAG_RUN_ID=scheduled__2023-03-29T11:45:00+00:00
[2023-03-29T11:50:24.345+0000] {subprocess.py:63} INFO - Tmp dir root location: 
 /tmp
[2023-03-29T11:50:24.347+0000] {subprocess.py:75} INFO - Running command: ['/bin/bash', '-c', 'for i in {1..5}; do echo $i; sleep 1; done']
[2023-03-29T11:50:24.374+0000] {subprocess.py:86} INFO - Output:
[2023-03-29T11:50:24.380+0000] {subprocess.py:93} INFO - 1
[2023-03-29T11:50:25.387+0000] {subprocess.py:93} INFO - 2
[2023-03-29T11:50:26.393+0000] {subprocess.py:93} INFO - 3
[2023-03-29T11:50:27.411+0000] {subprocess.py:93} INFO - 4
[2023-03-29T11:50:28.423+0000] {subprocess.py:93} INFO - 5
[2023-03-29T11:50:29.444+0000] {subprocess.py:97} INFO - Command exited with return code 0
[2023-03-29T11:50:29.505+0000] {taskinstance.py:1326} INFO - Marking task as SUCCESS. dag_id=my_dag, task_id=my_task, execution_date=20230329T114500, start_date=20230329T115023, end_date=20230329T115029
[2023-03-29T11:50:29.587+0000] {local_task_job.py:212} INFO - Task exited with return code 0
[2023-03-29T11:50:29.636+0000] {taskinstance.py:2585} INFO - 1 downstream tasks scheduled from follow-on schedule check
