[2023-03-29T23:58:38.662+0000] {taskinstance.py:1084} INFO - Dependencies all met for dep_context=non-requeueable deps ti=<TaskInstance: tax_income.extract_and_load manual__2023-03-29T23:58:27.177209+00:00 [queued]>
[2023-03-29T23:58:38.684+0000] {taskinstance.py:1084} INFO - Dependencies all met for dep_context=requeueable deps ti=<TaskInstance: tax_income.extract_and_load manual__2023-03-29T23:58:27.177209+00:00 [queued]>
[2023-03-29T23:58:38.689+0000] {taskinstance.py:1282} INFO - 
--------------------------------------------------------------------------------
[2023-03-29T23:58:38.691+0000] {taskinstance.py:1283} INFO - Starting attempt 1 of 2
[2023-03-29T23:58:38.693+0000] {taskinstance.py:1284} INFO - 
--------------------------------------------------------------------------------
[2023-03-29T23:58:38.730+0000] {taskinstance.py:1303} INFO - Executing <Task(PythonOperator): extract_and_load> on 2023-03-29 23:58:27.177209+00:00
[2023-03-29T23:58:38.747+0000] {standard_task_runner.py:55} INFO - Started process 158 to run task
[2023-03-29T23:58:38.778+0000] {standard_task_runner.py:82} INFO - Running: ['***', 'tasks', 'run', 'tax_income', 'extract_and_load', 'manual__2023-03-29T23:58:27.177209+00:00', '--job-id', '577', '--raw', '--subdir', 'DAGS_FOLDER/test.py', '--cfg-path', '/tmp/tmpchcx2ti3']
[2023-03-29T23:58:38.791+0000] {standard_task_runner.py:83} INFO - Job 577: Subtask extract_and_load
[2023-03-29T23:58:39.026+0000] {task_command.py:388} INFO - Running <TaskInstance: tax_income.extract_and_load manual__2023-03-29T23:58:27.177209+00:00 [running]> on host 32688d23169d
[2023-03-29T23:58:39.405+0000] {taskinstance.py:1511} INFO - Exporting the following env vars:
AIRFLOW_CTX_DAG_OWNER=***
AIRFLOW_CTX_DAG_ID=tax_income
AIRFLOW_CTX_TASK_ID=extract_and_load
AIRFLOW_CTX_EXECUTION_DATE=2023-03-29T23:58:27.177209+00:00
AIRFLOW_CTX_TRY_NUMBER=1
AIRFLOW_CTX_DAG_RUN_ID=manual__2023-03-29T23:58:27.177209+00:00
[2023-03-29T23:58:39.430+0000] {test.py:66} INFO - Starting load_csv_from_bucket function...
[2023-03-29T23:58:39.687+0000] {test.py:75} INFO - Downloading CSV files from test-chr-ml 
[2023-03-29T23:58:56.602+0000] {test.py:91} INFO - Concatenating CSV files into a single DataFrame...
[2023-03-29T23:58:59.614+0000] {test.py:99} INFO - Select specific columns and rename them
[2023-03-29T23:58:59.880+0000] {test.py:106} INFO - Exporting DataFrame to BigQuery...
[2023-03-29T23:59:12.093+0000] {gbq.py:606} INFO - 199522 out of 199522 rows loaded.
[2023-03-29T23:59:12.098+0000] {test.py:123} INFO - Finished load_csv_from_bucket function.
[2023-03-29T23:59:12.103+0000] {python.py:177} INFO - Done. Returned value was: None
[2023-03-29T23:59:12.287+0000] {taskinstance.py:1326} INFO - Marking task as SUCCESS. dag_id=tax_income, task_id=extract_and_load, execution_date=20230329T235827, start_date=20230329T235838, end_date=20230329T235912
[2023-03-29T23:59:12.412+0000] {local_task_job.py:212} INFO - Task exited with return code 0
[2023-03-29T23:59:12.454+0000] {taskinstance.py:2585} INFO - 1 downstream tasks scheduled from follow-on schedule check
