[2023-03-29T20:40:27.752+0000] {taskinstance.py:1084} INFO - Dependencies all met for dep_context=non-requeueable deps ti=<TaskInstance: my_dag.model_predict scheduled__2023-03-29T20:35:00+00:00 [queued]>
[2023-03-29T20:40:27.774+0000] {taskinstance.py:1084} INFO - Dependencies all met for dep_context=requeueable deps ti=<TaskInstance: my_dag.model_predict scheduled__2023-03-29T20:35:00+00:00 [queued]>
[2023-03-29T20:40:27.776+0000] {taskinstance.py:1282} INFO - 
--------------------------------------------------------------------------------
[2023-03-29T20:40:27.777+0000] {taskinstance.py:1283} INFO - Starting attempt 1 of 1
[2023-03-29T20:40:27.779+0000] {taskinstance.py:1284} INFO - 
--------------------------------------------------------------------------------
[2023-03-29T20:40:27.808+0000] {taskinstance.py:1303} INFO - Executing <Task(PythonOperator): model_predict> on 2023-03-29 20:35:00+00:00
[2023-03-29T20:40:27.819+0000] {standard_task_runner.py:55} INFO - Started process 492 to run task
[2023-03-29T20:40:27.830+0000] {standard_task_runner.py:82} INFO - Running: ['***', 'tasks', 'run', 'my_dag', 'model_predict', 'scheduled__2023-03-29T20:35:00+00:00', '--job-id', '509', '--raw', '--subdir', 'DAGS_FOLDER/test.py', '--cfg-path', '/tmp/tmppvu60s_o']
[2023-03-29T20:40:27.835+0000] {standard_task_runner.py:83} INFO - Job 509: Subtask model_predict
[2023-03-29T20:40:27.969+0000] {task_command.py:388} INFO - Running <TaskInstance: my_dag.model_predict scheduled__2023-03-29T20:35:00+00:00 [running]> on host 32688d23169d
[2023-03-29T20:40:28.136+0000] {taskinstance.py:1511} INFO - Exporting the following env vars:
AIRFLOW_CTX_DAG_OWNER=***
AIRFLOW_CTX_DAG_ID=my_dag
AIRFLOW_CTX_TASK_ID=model_predict
AIRFLOW_CTX_EXECUTION_DATE=2023-03-29T20:35:00+00:00
AIRFLOW_CTX_TRY_NUMBER=1
AIRFLOW_CTX_DAG_RUN_ID=scheduled__2023-03-29T20:35:00+00:00
[2023-03-29T20:40:30.832+0000] {warnings.py:110} WARNING - /home/***/.local/lib/python3.7/site-packages/google/cloud/bigquery/table.py:1988: UserWarning: A progress bar was requested, but there was an error loading the tqdm library. Please install tqdm to use the progress bar functionality.
  create_bqstorage_client=create_bqstorage_client,

[2023-03-29T20:40:41.984+0000] {gbq.py:352} INFO - Total time taken 13.7 s.
Finished at 2023-03-29 20:40:41.
[2023-03-29T20:40:42.103+0000] {logging_mixin.py:137} INFO - [20:40:42] WARNING: ../src/learner.cc:749: Found JSON model saved before XGBoost 1.6, please save the model using current version again. The support for old JSON model will be discontinued in XGBoost 2.3.
[2023-03-29T20:40:42.672+0000] {logging_mixin.py:137} INFO - [0.000846   0.00031937 0.00031937 ... 0.12537709 0.09643111 0.23606738]
[2023-03-29T20:40:42.676+0000] {python.py:177} INFO - Done. Returned value was: None
[2023-03-29T20:40:42.696+0000] {taskinstance.py:1326} INFO - Marking task as SUCCESS. dag_id=my_dag, task_id=model_predict, execution_date=20230329T203500, start_date=20230329T204027, end_date=20230329T204042
[2023-03-29T20:40:42.776+0000] {local_task_job.py:212} INFO - Task exited with return code 0
[2023-03-29T20:40:42.811+0000] {taskinstance.py:2585} INFO - 0 downstream tasks scheduled from follow-on schedule check
