[2023-03-29T11:16:04.876+0000] {taskinstance.py:1084} INFO - Dependencies all met for dep_context=non-requeueable deps ti=<TaskInstance: my_dag.my_task scheduled__2023-03-29T11:05:00+00:00 [queued]>
[2023-03-29T11:16:04.914+0000] {taskinstance.py:1084} INFO - Dependencies all met for dep_context=requeueable deps ti=<TaskInstance: my_dag.my_task scheduled__2023-03-29T11:05:00+00:00 [queued]>
[2023-03-29T11:16:04.915+0000] {taskinstance.py:1282} INFO - 
--------------------------------------------------------------------------------
[2023-03-29T11:16:04.917+0000] {taskinstance.py:1283} INFO - Starting attempt 1 of 1
[2023-03-29T11:16:04.920+0000] {taskinstance.py:1284} INFO - 
--------------------------------------------------------------------------------
[2023-03-29T11:16:04.963+0000] {taskinstance.py:1303} INFO - Executing <Task(BashOperator): my_task> on 2023-03-29 11:05:00+00:00
[2023-03-29T11:16:04.978+0000] {standard_task_runner.py:55} INFO - Started process 629 to run task
[2023-03-29T11:16:04.994+0000] {standard_task_runner.py:82} INFO - Running: ['***', 'tasks', 'run', 'my_dag', 'my_task', 'scheduled__2023-03-29T11:05:00+00:00', '--job-id', '328', '--raw', '--subdir', 'DAGS_FOLDER/test.py', '--cfg-path', '/tmp/tmp0brq6rod']
[2023-03-29T11:16:05.000+0000] {standard_task_runner.py:83} INFO - Job 328: Subtask my_task
[2023-03-29T11:16:05.165+0000] {task_command.py:388} INFO - Running <TaskInstance: my_dag.my_task scheduled__2023-03-29T11:05:00+00:00 [running]> on host e7ec0deaf382
[2023-03-29T11:16:05.393+0000] {taskinstance.py:1511} INFO - Exporting the following env vars:
AIRFLOW_CTX_DAG_OWNER=***
AIRFLOW_CTX_DAG_ID=my_dag
AIRFLOW_CTX_TASK_ID=my_task
AIRFLOW_CTX_EXECUTION_DATE=2023-03-29T11:05:00+00:00
AIRFLOW_CTX_TRY_NUMBER=1
AIRFLOW_CTX_DAG_RUN_ID=scheduled__2023-03-29T11:05:00+00:00
[2023-03-29T11:16:05.404+0000] {subprocess.py:63} INFO - Tmp dir root location: 
 /tmp
[2023-03-29T11:16:05.407+0000] {subprocess.py:75} INFO - Running command: ['/bin/bash', '-c', 'for i in {1..5}; do echo $i; sleep 1; done']
[2023-03-29T11:16:05.510+0000] {subprocess.py:86} INFO - Output:
[2023-03-29T11:16:05.531+0000] {subprocess.py:93} INFO - 1
[2023-03-29T11:16:06.540+0000] {subprocess.py:93} INFO - 2
[2023-03-29T11:16:07.567+0000] {subprocess.py:93} INFO - 3
[2023-03-29T11:16:08.576+0000] {subprocess.py:93} INFO - 4
[2023-03-29T11:16:09.590+0000] {subprocess.py:93} INFO - 5
[2023-03-29T11:16:10.604+0000] {subprocess.py:97} INFO - Command exited with return code 0
[2023-03-29T11:16:10.779+0000] {taskinstance.py:1326} INFO - Marking task as SUCCESS. dag_id=my_dag, task_id=my_task, execution_date=20230329T110500, start_date=20230329T111604, end_date=20230329T111610
[2023-03-29T11:16:10.969+0000] {local_task_job.py:212} INFO - Task exited with return code 0
[2023-03-29T11:16:11.057+0000] {taskinstance.py:2585} INFO - 1 downstream tasks scheduled from follow-on schedule check
