[2023-03-29T21:05:03.005+0000] {taskinstance.py:1084} INFO - Dependencies all met for dep_context=non-requeueable deps ti=<TaskInstance: my_dag.extract_and_load scheduled__2023-03-29T21:00:00+00:00 [queued]>
[2023-03-29T21:05:03.026+0000] {taskinstance.py:1084} INFO - Dependencies all met for dep_context=requeueable deps ti=<TaskInstance: my_dag.extract_and_load scheduled__2023-03-29T21:00:00+00:00 [queued]>
[2023-03-29T21:05:03.027+0000] {taskinstance.py:1282} INFO - 
--------------------------------------------------------------------------------
[2023-03-29T21:05:03.029+0000] {taskinstance.py:1283} INFO - Starting attempt 1 of 1
[2023-03-29T21:05:03.031+0000] {taskinstance.py:1284} INFO - 
--------------------------------------------------------------------------------
[2023-03-29T21:05:03.059+0000] {taskinstance.py:1303} INFO - Executing <Task(PythonOperator): extract_and_load> on 2023-03-29 21:00:00+00:00
[2023-03-29T21:05:03.074+0000] {standard_task_runner.py:55} INFO - Started process 935 to run task
[2023-03-29T21:05:03.083+0000] {standard_task_runner.py:82} INFO - Running: ['***', 'tasks', 'run', 'my_dag', 'extract_and_load', 'scheduled__2023-03-29T21:00:00+00:00', '--job-id', '517', '--raw', '--subdir', 'DAGS_FOLDER/test.py', '--cfg-path', '/tmp/tmpug27t15u']
[2023-03-29T21:05:03.087+0000] {standard_task_runner.py:83} INFO - Job 517: Subtask extract_and_load
[2023-03-29T21:05:03.225+0000] {task_command.py:388} INFO - Running <TaskInstance: my_dag.extract_and_load scheduled__2023-03-29T21:00:00+00:00 [running]> on host 32688d23169d
[2023-03-29T21:05:03.390+0000] {taskinstance.py:1511} INFO - Exporting the following env vars:
AIRFLOW_CTX_DAG_OWNER=***
AIRFLOW_CTX_DAG_ID=my_dag
AIRFLOW_CTX_TASK_ID=extract_and_load
AIRFLOW_CTX_EXECUTION_DATE=2023-03-29T21:00:00+00:00
AIRFLOW_CTX_TRY_NUMBER=1
AIRFLOW_CTX_DAG_RUN_ID=scheduled__2023-03-29T21:00:00+00:00
[2023-03-29T21:05:25.168+0000] {gbq.py:606} INFO - 199522 out of 199522 rows loaded.
[2023-03-29T21:05:25.171+0000] {python.py:177} INFO - Done. Returned value was: None
[2023-03-29T21:05:25.253+0000] {taskinstance.py:1326} INFO - Marking task as SUCCESS. dag_id=my_dag, task_id=extract_and_load, execution_date=20230329T210000, start_date=20230329T210503, end_date=20230329T210525
[2023-03-29T21:05:25.333+0000] {local_task_job.py:212} INFO - Task exited with return code 0
[2023-03-29T21:05:25.385+0000] {taskinstance.py:2585} INFO - 1 downstream tasks scheduled from follow-on schedule check
