[2023-03-29T12:20:03.603+0000] {taskinstance.py:1084} INFO - Dependencies all met for dep_context=non-requeueable deps ti=<TaskInstance: my_dag.my_task scheduled__2023-03-29T12:15:00+00:00 [queued]>
[2023-03-29T12:20:03.650+0000] {taskinstance.py:1084} INFO - Dependencies all met for dep_context=requeueable deps ti=<TaskInstance: my_dag.my_task scheduled__2023-03-29T12:15:00+00:00 [queued]>
[2023-03-29T12:20:03.651+0000] {taskinstance.py:1282} INFO - 
--------------------------------------------------------------------------------
[2023-03-29T12:20:03.653+0000] {taskinstance.py:1283} INFO - Starting attempt 1 of 1
[2023-03-29T12:20:03.655+0000] {taskinstance.py:1284} INFO - 
--------------------------------------------------------------------------------
[2023-03-29T12:20:03.689+0000] {taskinstance.py:1303} INFO - Executing <Task(BashOperator): my_task> on 2023-03-29 12:15:00+00:00
[2023-03-29T12:20:03.709+0000] {standard_task_runner.py:55} INFO - Started process 1738 to run task
[2023-03-29T12:20:03.734+0000] {standard_task_runner.py:82} INFO - Running: ['***', 'tasks', 'run', 'my_dag', 'my_task', 'scheduled__2023-03-29T12:15:00+00:00', '--job-id', '367', '--raw', '--subdir', 'DAGS_FOLDER/test.py', '--cfg-path', '/tmp/tmpezp1hftt']
[2023-03-29T12:20:03.740+0000] {standard_task_runner.py:83} INFO - Job 367: Subtask my_task
[2023-03-29T12:20:03.927+0000] {task_command.py:388} INFO - Running <TaskInstance: my_dag.my_task scheduled__2023-03-29T12:15:00+00:00 [running]> on host e7ec0deaf382
[2023-03-29T12:20:04.136+0000] {taskinstance.py:1511} INFO - Exporting the following env vars:
AIRFLOW_CTX_DAG_OWNER=***
AIRFLOW_CTX_DAG_ID=my_dag
AIRFLOW_CTX_TASK_ID=my_task
AIRFLOW_CTX_EXECUTION_DATE=2023-03-29T12:15:00+00:00
AIRFLOW_CTX_TRY_NUMBER=1
AIRFLOW_CTX_DAG_RUN_ID=scheduled__2023-03-29T12:15:00+00:00
[2023-03-29T12:20:04.142+0000] {subprocess.py:63} INFO - Tmp dir root location: 
 /tmp
[2023-03-29T12:20:04.145+0000] {subprocess.py:75} INFO - Running command: ['/bin/bash', '-c', 'for i in {1..5}; do echo $i; sleep 1; done']
[2023-03-29T12:20:04.181+0000] {subprocess.py:86} INFO - Output:
[2023-03-29T12:20:04.186+0000] {subprocess.py:93} INFO - 1
[2023-03-29T12:20:05.191+0000] {subprocess.py:93} INFO - 2
[2023-03-29T12:20:06.213+0000] {subprocess.py:93} INFO - 3
[2023-03-29T12:20:07.258+0000] {subprocess.py:93} INFO - 4
[2023-03-29T12:20:08.343+0000] {subprocess.py:93} INFO - 5
[2023-03-29T12:20:09.370+0000] {subprocess.py:97} INFO - Command exited with return code 0
[2023-03-29T12:20:09.528+0000] {taskinstance.py:1326} INFO - Marking task as SUCCESS. dag_id=my_dag, task_id=my_task, execution_date=20230329T121500, start_date=20230329T122003, end_date=20230329T122009
[2023-03-29T12:20:09.871+0000] {local_task_job.py:212} INFO - Task exited with return code 0
[2023-03-29T12:20:10.015+0000] {taskinstance.py:2585} INFO - 0 downstream tasks scheduled from follow-on schedule check
