[2023-03-28T23:15:34.599+0000] {taskinstance.py:1084} INFO - Dependencies all met for dep_context=non-requeueable deps ti=<TaskInstance: my_dag.my_task scheduled__2023-03-28T23:10:00+00:00 [queued]>
[2023-03-28T23:15:34.681+0000] {taskinstance.py:1084} INFO - Dependencies all met for dep_context=requeueable deps ti=<TaskInstance: my_dag.my_task scheduled__2023-03-28T23:10:00+00:00 [queued]>
[2023-03-28T23:15:34.685+0000] {taskinstance.py:1282} INFO - 
--------------------------------------------------------------------------------
[2023-03-28T23:15:34.694+0000] {taskinstance.py:1283} INFO - Starting attempt 1 of 1
[2023-03-28T23:15:34.696+0000] {taskinstance.py:1284} INFO - 
--------------------------------------------------------------------------------
[2023-03-28T23:15:34.895+0000] {taskinstance.py:1303} INFO - Executing <Task(BashOperator): my_task> on 2023-03-28 23:10:00+00:00
[2023-03-28T23:15:35.028+0000] {standard_task_runner.py:55} INFO - Started process 4086 to run task
[2023-03-28T23:15:35.196+0000] {standard_task_runner.py:82} INFO - Running: ['***', 'tasks', 'run', 'my_dag', 'my_task', 'scheduled__2023-03-28T23:10:00+00:00', '--job-id', '249', '--raw', '--subdir', 'DAGS_FOLDER/test.py', '--cfg-path', '/tmp/tmp3z3mt05u']
[2023-03-28T23:15:35.298+0000] {standard_task_runner.py:83} INFO - Job 249: Subtask my_task
[2023-03-28T23:15:36.539+0000] {task_command.py:388} INFO - Running <TaskInstance: my_dag.my_task scheduled__2023-03-28T23:10:00+00:00 [running]> on host 18cf4662f3ac
[2023-03-28T23:15:37.252+0000] {taskinstance.py:1511} INFO - Exporting the following env vars:
AIRFLOW_CTX_DAG_OWNER=***
AIRFLOW_CTX_DAG_ID=my_dag
AIRFLOW_CTX_TASK_ID=my_task
AIRFLOW_CTX_EXECUTION_DATE=2023-03-28T23:10:00+00:00
AIRFLOW_CTX_TRY_NUMBER=1
AIRFLOW_CTX_DAG_RUN_ID=scheduled__2023-03-28T23:10:00+00:00
[2023-03-28T23:15:37.259+0000] {subprocess.py:63} INFO - Tmp dir root location: 
 /tmp
[2023-03-28T23:15:37.261+0000] {subprocess.py:75} INFO - Running command: ['/bin/bash', '-c', 'for i in {1..5}; do echo $i; sleep 1; done']
[2023-03-28T23:15:37.301+0000] {subprocess.py:86} INFO - Output:
[2023-03-28T23:15:37.311+0000] {subprocess.py:93} INFO - 1
[2023-03-28T23:15:38.321+0000] {subprocess.py:93} INFO - 2
[2023-03-28T23:15:39.372+0000] {subprocess.py:93} INFO - 3
[2023-03-28T23:15:40.397+0000] {subprocess.py:93} INFO - 4
[2023-03-28T23:15:41.404+0000] {subprocess.py:93} INFO - 5
[2023-03-28T23:15:42.417+0000] {subprocess.py:97} INFO - Command exited with return code 0
[2023-03-28T23:15:42.613+0000] {taskinstance.py:1326} INFO - Marking task as SUCCESS. dag_id=my_dag, task_id=my_task, execution_date=20230328T231000, start_date=20230328T231534, end_date=20230328T231542
[2023-03-28T23:15:42.812+0000] {local_task_job.py:212} INFO - Task exited with return code 0
[2023-03-28T23:15:42.995+0000] {taskinstance.py:2585} INFO - 1 downstream tasks scheduled from follow-on schedule check
