[2023-03-29T23:54:45.648+0000] {taskinstance.py:1084} INFO - Dependencies all met for dep_context=non-requeueable deps ti=<TaskInstance: tax_income.extract_and_load manual__2023-03-29T23:49:39.928420+00:00 [queued]>
[2023-03-29T23:54:45.795+0000] {taskinstance.py:1084} INFO - Dependencies all met for dep_context=requeueable deps ti=<TaskInstance: tax_income.extract_and_load manual__2023-03-29T23:49:39.928420+00:00 [queued]>
[2023-03-29T23:54:45.797+0000] {taskinstance.py:1282} INFO - 
--------------------------------------------------------------------------------
[2023-03-29T23:54:45.801+0000] {taskinstance.py:1283} INFO - Starting attempt 2 of 2
[2023-03-29T23:54:45.802+0000] {taskinstance.py:1284} INFO - 
--------------------------------------------------------------------------------
[2023-03-29T23:54:45.942+0000] {taskinstance.py:1303} INFO - Executing <Task(PythonOperator): extract_and_load> on 2023-03-29 23:49:39.928420+00:00
[2023-03-29T23:54:46.032+0000] {standard_task_runner.py:55} INFO - Started process 88 to run task
[2023-03-29T23:54:46.095+0000] {standard_task_runner.py:82} INFO - Running: ['***', 'tasks', 'run', 'tax_income', 'extract_and_load', 'manual__2023-03-29T23:49:39.928420+00:00', '--job-id', '574', '--raw', '--subdir', 'DAGS_FOLDER/test.py', '--cfg-path', '/tmp/tmp24rg5gcf']
[2023-03-29T23:54:46.119+0000] {standard_task_runner.py:83} INFO - Job 574: Subtask extract_and_load
[2023-03-29T23:54:46.511+0000] {task_command.py:388} INFO - Running <TaskInstance: tax_income.extract_and_load manual__2023-03-29T23:49:39.928420+00:00 [running]> on host 32688d23169d
[2023-03-29T23:54:46.821+0000] {taskinstance.py:1511} INFO - Exporting the following env vars:
AIRFLOW_CTX_DAG_OWNER=***
AIRFLOW_CTX_DAG_ID=tax_income
AIRFLOW_CTX_TASK_ID=extract_and_load
AIRFLOW_CTX_EXECUTION_DATE=2023-03-29T23:49:39.928420+00:00
AIRFLOW_CTX_TRY_NUMBER=2
AIRFLOW_CTX_DAG_RUN_ID=manual__2023-03-29T23:49:39.928420+00:00
[2023-03-29T23:54:46.825+0000] {test.py:66} INFO - Starting load_csv_from_bucket function...
[2023-03-29T23:54:47.144+0000] {test.py:75} INFO - Downloading CSV files from test-chr-ml 
[2023-03-29T23:54:54.901+0000] {test.py:91} INFO - Concatenating CSV files into a single DataFrame...
[2023-03-29T23:55:00.635+0000] {test.py:99} INFO - Select specific columns and rename them
[2023-03-29T23:55:03.971+0000] {test.py:106} INFO - Exporting DataFrame to BigQuery...
[2023-03-29T23:55:35.005+0000] {gbq.py:606} INFO - 199522 out of 199522 rows loaded.
[2023-03-29T23:55:36.551+0000] {test.py:123} INFO - Finished load_csv_from_bucket function.
[2023-03-29T23:55:48.363+0000] {python.py:177} INFO - Done. Returned value was: None
[2023-03-29T23:55:49.620+0000] {taskinstance.py:1326} INFO - Marking task as SUCCESS. dag_id=tax_income, task_id=extract_and_load, execution_date=20230329T234939, start_date=20230329T235445, end_date=20230329T235549
[2023-03-29T23:55:57.377+0000] {local_task_job.py:212} INFO - Task exited with return code 0
[2023-03-29T23:55:57.717+0000] {taskinstance.py:2585} INFO - 0 downstream tasks scheduled from follow-on schedule check
