[2023-03-29T02:02:50.372+0000] {taskinstance.py:1084} INFO - Dependencies all met for dep_context=non-requeueable deps ti=<TaskInstance: my_dag.my_task scheduled__2023-03-29T01:50:00+00:00 [queued]>
[2023-03-29T02:02:50.429+0000] {taskinstance.py:1084} INFO - Dependencies all met for dep_context=requeueable deps ti=<TaskInstance: my_dag.my_task scheduled__2023-03-29T01:50:00+00:00 [queued]>
[2023-03-29T02:02:50.432+0000] {taskinstance.py:1282} INFO - 
--------------------------------------------------------------------------------
[2023-03-29T02:02:50.433+0000] {taskinstance.py:1283} INFO - Starting attempt 1 of 1
[2023-03-29T02:02:50.434+0000] {taskinstance.py:1284} INFO - 
--------------------------------------------------------------------------------
[2023-03-29T02:02:50.589+0000] {taskinstance.py:1303} INFO - Executing <Task(BashOperator): my_task> on 2023-03-29 01:50:00+00:00
[2023-03-29T02:02:55.874+0000] {standard_task_runner.py:55} INFO - Started process 1185 to run task
[2023-03-29T02:02:56.006+0000] {standard_task_runner.py:82} INFO - Running: ['***', 'tasks', 'run', 'my_dag', 'my_task', 'scheduled__2023-03-29T01:50:00+00:00', '--job-id', '294', '--raw', '--subdir', 'DAGS_FOLDER/test.py', '--cfg-path', '/tmp/tmplb6yrsuq']
[2023-03-29T02:02:56.053+0000] {standard_task_runner.py:83} INFO - Job 294: Subtask my_task
[2023-03-29T02:02:57.259+0000] {task_command.py:388} INFO - Running <TaskInstance: my_dag.my_task scheduled__2023-03-29T01:50:00+00:00 [running]> on host 18cf4662f3ac
[2023-03-29T02:03:01.281+0000] {taskinstance.py:1511} INFO - Exporting the following env vars:
AIRFLOW_CTX_DAG_OWNER=***
AIRFLOW_CTX_DAG_ID=my_dag
AIRFLOW_CTX_TASK_ID=my_task
AIRFLOW_CTX_EXECUTION_DATE=2023-03-29T01:50:00+00:00
AIRFLOW_CTX_TRY_NUMBER=1
AIRFLOW_CTX_DAG_RUN_ID=scheduled__2023-03-29T01:50:00+00:00
[2023-03-29T02:03:01.455+0000] {subprocess.py:63} INFO - Tmp dir root location: 
 /tmp
[2023-03-29T02:03:01.487+0000] {subprocess.py:75} INFO - Running command: ['/bin/bash', '-c', 'for i in {1..5}; do echo $i; sleep 1; done']
[2023-03-29T02:03:03.076+0000] {subprocess.py:86} INFO - Output:
[2023-03-29T02:03:03.291+0000] {subprocess.py:93} INFO - 1
[2023-03-29T02:03:04.499+0000] {subprocess.py:93} INFO - 2
[2023-03-29T02:03:05.581+0000] {subprocess.py:93} INFO - 3
[2023-03-29T02:03:06.594+0000] {subprocess.py:93} INFO - 4
[2023-03-29T02:03:08.907+0000] {subprocess.py:93} INFO - 5
[2023-03-29T02:03:10.548+0000] {subprocess.py:97} INFO - Command exited with return code 0
[2023-03-29T02:03:12.020+0000] {taskinstance.py:1326} INFO - Marking task as SUCCESS. dag_id=my_dag, task_id=my_task, execution_date=20230329T015000, start_date=20230329T020250, end_date=20230329T020312
[2023-03-29T02:03:17.401+0000] {local_task_job.py:212} INFO - Task exited with return code 0
[2023-03-29T02:03:18.200+0000] {taskinstance.py:2585} INFO - 0 downstream tasks scheduled from follow-on schedule check
