[2023-03-29T10:25:53.638+0000] {taskinstance.py:1084} INFO - Dependencies all met for dep_context=non-requeueable deps ti=<TaskInstance: my_dag.my_task scheduled__2023-03-29T10:20:00+00:00 [queued]>
[2023-03-29T10:25:53.705+0000] {taskinstance.py:1084} INFO - Dependencies all met for dep_context=requeueable deps ti=<TaskInstance: my_dag.my_task scheduled__2023-03-29T10:20:00+00:00 [queued]>
[2023-03-29T10:25:53.708+0000] {taskinstance.py:1282} INFO - 
--------------------------------------------------------------------------------
[2023-03-29T10:25:53.711+0000] {taskinstance.py:1283} INFO - Starting attempt 1 of 1
[2023-03-29T10:25:53.715+0000] {taskinstance.py:1284} INFO - 
--------------------------------------------------------------------------------
[2023-03-29T10:25:53.795+0000] {taskinstance.py:1303} INFO - Executing <Task(BashOperator): my_task> on 2023-03-29 10:20:00+00:00
[2023-03-29T10:25:53.835+0000] {standard_task_runner.py:55} INFO - Started process 296 to run task
[2023-03-29T10:25:53.857+0000] {standard_task_runner.py:82} INFO - Running: ['***', 'tasks', 'run', 'my_dag', 'my_task', 'scheduled__2023-03-29T10:20:00+00:00', '--job-id', '311', '--raw', '--subdir', 'DAGS_FOLDER/test.py', '--cfg-path', '/tmp/tmpsj6378z9']
[2023-03-29T10:25:53.869+0000] {standard_task_runner.py:83} INFO - Job 311: Subtask my_task
[2023-03-29T10:25:54.027+0000] {task_command.py:388} INFO - Running <TaskInstance: my_dag.my_task scheduled__2023-03-29T10:20:00+00:00 [running]> on host e7ec0deaf382
[2023-03-29T10:25:54.208+0000] {taskinstance.py:1511} INFO - Exporting the following env vars:
AIRFLOW_CTX_DAG_OWNER=***
AIRFLOW_CTX_DAG_ID=my_dag
AIRFLOW_CTX_TASK_ID=my_task
AIRFLOW_CTX_EXECUTION_DATE=2023-03-29T10:20:00+00:00
AIRFLOW_CTX_TRY_NUMBER=1
AIRFLOW_CTX_DAG_RUN_ID=scheduled__2023-03-29T10:20:00+00:00
[2023-03-29T10:25:54.216+0000] {subprocess.py:63} INFO - Tmp dir root location: 
 /tmp
[2023-03-29T10:25:54.220+0000] {subprocess.py:75} INFO - Running command: ['/bin/bash', '-c', 'for i in {1..5}; do echo $i; sleep 1; done']
[2023-03-29T10:25:54.255+0000] {subprocess.py:86} INFO - Output:
[2023-03-29T10:25:54.270+0000] {subprocess.py:93} INFO - 1
[2023-03-29T10:25:55.279+0000] {subprocess.py:93} INFO - 2
[2023-03-29T10:25:56.284+0000] {subprocess.py:93} INFO - 3
[2023-03-29T10:25:57.288+0000] {subprocess.py:93} INFO - 4
[2023-03-29T10:25:58.310+0000] {subprocess.py:93} INFO - 5
[2023-03-29T10:25:59.356+0000] {subprocess.py:97} INFO - Command exited with return code 0
[2023-03-29T10:25:59.833+0000] {taskinstance.py:1326} INFO - Marking task as SUCCESS. dag_id=my_dag, task_id=my_task, execution_date=20230329T102000, start_date=20230329T102553, end_date=20230329T102559
[2023-03-29T10:26:00.307+0000] {local_task_job.py:212} INFO - Task exited with return code 0
[2023-03-29T10:26:00.749+0000] {taskinstance.py:2585} INFO - 0 downstream tasks scheduled from follow-on schedule check
