[2023-03-29T23:53:21.189+0000] {taskinstance.py:1084} INFO - Dependencies all met for dep_context=non-requeueable deps ti=<TaskInstance: tax_income.extract_and_load manual__2023-03-29T23:50:30.173185+00:00 [queued]>
[2023-03-29T23:53:21.245+0000] {taskinstance.py:1084} INFO - Dependencies all met for dep_context=requeueable deps ti=<TaskInstance: tax_income.extract_and_load manual__2023-03-29T23:50:30.173185+00:00 [queued]>
[2023-03-29T23:53:21.247+0000] {taskinstance.py:1282} INFO - 
--------------------------------------------------------------------------------
[2023-03-29T23:53:21.250+0000] {taskinstance.py:1283} INFO - Starting attempt 1 of 2
[2023-03-29T23:53:21.253+0000] {taskinstance.py:1284} INFO - 
--------------------------------------------------------------------------------
[2023-03-29T23:53:21.302+0000] {taskinstance.py:1303} INFO - Executing <Task(PythonOperator): extract_and_load> on 2023-03-29 23:50:30.173185+00:00
[2023-03-29T23:53:21.324+0000] {standard_task_runner.py:55} INFO - Started process 61 to run task
[2023-03-29T23:53:21.426+0000] {standard_task_runner.py:82} INFO - Running: ['***', 'tasks', 'run', 'tax_income', 'extract_and_load', 'manual__2023-03-29T23:50:30.173185+00:00', '--job-id', '573', '--raw', '--subdir', 'DAGS_FOLDER/test.py', '--cfg-path', '/tmp/tmpj9hts0zj']
[2023-03-29T23:53:21.678+0000] {standard_task_runner.py:83} INFO - Job 573: Subtask extract_and_load
[2023-03-29T23:53:22.799+0000] {task_command.py:388} INFO - Running <TaskInstance: tax_income.extract_and_load manual__2023-03-29T23:50:30.173185+00:00 [running]> on host 32688d23169d
[2023-03-29T23:53:23.089+0000] {taskinstance.py:1511} INFO - Exporting the following env vars:
AIRFLOW_CTX_DAG_OWNER=***
AIRFLOW_CTX_DAG_ID=tax_income
AIRFLOW_CTX_TASK_ID=extract_and_load
AIRFLOW_CTX_EXECUTION_DATE=2023-03-29T23:50:30.173185+00:00
AIRFLOW_CTX_TRY_NUMBER=1
AIRFLOW_CTX_DAG_RUN_ID=manual__2023-03-29T23:50:30.173185+00:00
[2023-03-29T23:53:23.097+0000] {test.py:66} INFO - Starting load_csv_from_bucket function...
[2023-03-29T23:53:23.284+0000] {test.py:75} INFO - Downloading CSV files from test-chr-ml 
[2023-03-29T23:54:01.105+0000] {test.py:91} INFO - Concatenating CSV files into a single DataFrame...
[2023-03-29T23:54:09.733+0000] {test.py:99} INFO - Select specific columns and rename them
[2023-03-29T23:54:10.489+0000] {test.py:106} INFO - Exporting DataFrame to BigQuery...
[2023-03-29T23:54:21.071+0000] {gbq.py:606} INFO - 199522 out of 199522 rows loaded.
[2023-03-29T23:54:21.079+0000] {test.py:123} INFO - Finished load_csv_from_bucket function.
[2023-03-29T23:54:21.084+0000] {python.py:177} INFO - Done. Returned value was: None
[2023-03-29T23:54:21.592+0000] {taskinstance.py:1326} INFO - Marking task as SUCCESS. dag_id=tax_income, task_id=extract_and_load, execution_date=20230329T235030, start_date=20230329T235321, end_date=20230329T235421
[2023-03-29T23:54:23.173+0000] {local_task_job.py:212} INFO - Task exited with return code 0
[2023-03-29T23:54:24.063+0000] {taskinstance.py:2585} INFO - 0 downstream tasks scheduled from follow-on schedule check
