[2023-03-29T12:15:34.803+0000] {taskinstance.py:1084} INFO - Dependencies all met for dep_context=non-requeueable deps ti=<TaskInstance: my_dag.my_task scheduled__2023-03-29T03:15:00+00:00 [queued]>
[2023-03-29T12:15:34.869+0000] {taskinstance.py:1084} INFO - Dependencies all met for dep_context=requeueable deps ti=<TaskInstance: my_dag.my_task scheduled__2023-03-29T03:15:00+00:00 [queued]>
[2023-03-29T12:15:34.872+0000] {taskinstance.py:1282} INFO - 
--------------------------------------------------------------------------------
[2023-03-29T12:15:34.875+0000] {taskinstance.py:1283} INFO - Starting attempt 1 of 1
[2023-03-29T12:15:34.878+0000] {taskinstance.py:1284} INFO - 
--------------------------------------------------------------------------------
[2023-03-29T12:15:35.039+0000] {taskinstance.py:1303} INFO - Executing <Task(BashOperator): my_task> on 2023-03-29 03:15:00+00:00
[2023-03-29T12:15:35.099+0000] {standard_task_runner.py:55} INFO - Started process 1648 to run task
[2023-03-29T12:15:35.242+0000] {standard_task_runner.py:82} INFO - Running: ['***', 'tasks', 'run', 'my_dag', 'my_task', 'scheduled__2023-03-29T03:15:00+00:00', '--job-id', '364', '--raw', '--subdir', 'DAGS_FOLDER/test.py', '--cfg-path', '/tmp/tmp2w8yrlig']
[2023-03-29T12:15:35.278+0000] {standard_task_runner.py:83} INFO - Job 364: Subtask my_task
[2023-03-29T12:15:35.867+0000] {task_command.py:388} INFO - Running <TaskInstance: my_dag.my_task scheduled__2023-03-29T03:15:00+00:00 [running]> on host e7ec0deaf382
[2023-03-29T12:15:36.378+0000] {taskinstance.py:1511} INFO - Exporting the following env vars:
AIRFLOW_CTX_DAG_OWNER=***
AIRFLOW_CTX_DAG_ID=my_dag
AIRFLOW_CTX_TASK_ID=my_task
AIRFLOW_CTX_EXECUTION_DATE=2023-03-29T03:15:00+00:00
AIRFLOW_CTX_TRY_NUMBER=1
AIRFLOW_CTX_DAG_RUN_ID=scheduled__2023-03-29T03:15:00+00:00
[2023-03-29T12:15:36.383+0000] {subprocess.py:63} INFO - Tmp dir root location: 
 /tmp
[2023-03-29T12:15:36.388+0000] {subprocess.py:75} INFO - Running command: ['/bin/bash', '-c', 'for i in {1..5}; do echo $i; sleep 1; done']
[2023-03-29T12:15:36.485+0000] {subprocess.py:86} INFO - Output:
[2023-03-29T12:15:36.519+0000] {subprocess.py:93} INFO - 1
[2023-03-29T12:15:37.529+0000] {subprocess.py:93} INFO - 2
[2023-03-29T12:15:38.605+0000] {subprocess.py:93} INFO - 3
[2023-03-29T12:15:39.619+0000] {subprocess.py:93} INFO - 4
[2023-03-29T12:15:40.660+0000] {subprocess.py:93} INFO - 5
[2023-03-29T12:15:41.677+0000] {subprocess.py:97} INFO - Command exited with return code 0
[2023-03-29T12:15:41.785+0000] {taskinstance.py:1326} INFO - Marking task as SUCCESS. dag_id=my_dag, task_id=my_task, execution_date=20230329T031500, start_date=20230329T121534, end_date=20230329T121541
[2023-03-29T12:15:41.970+0000] {local_task_job.py:212} INFO - Task exited with return code 0
[2023-03-29T12:15:42.170+0000] {taskinstance.py:2585} INFO - 0 downstream tasks scheduled from follow-on schedule check
