[2023-03-30T00:01:27.331+0000] {taskinstance.py:1084} INFO - Dependencies all met for dep_context=non-requeueable deps ti=<TaskInstance: tax_income.extract_and_load manual__2023-03-30T00:01:21.774195+00:00 [queued]>
[2023-03-30T00:01:27.355+0000] {taskinstance.py:1084} INFO - Dependencies all met for dep_context=requeueable deps ti=<TaskInstance: tax_income.extract_and_load manual__2023-03-30T00:01:21.774195+00:00 [queued]>
[2023-03-30T00:01:27.357+0000] {taskinstance.py:1282} INFO - 
--------------------------------------------------------------------------------
[2023-03-30T00:01:27.359+0000] {taskinstance.py:1283} INFO - Starting attempt 1 of 2
[2023-03-30T00:01:27.361+0000] {taskinstance.py:1284} INFO - 
--------------------------------------------------------------------------------
[2023-03-30T00:01:27.409+0000] {taskinstance.py:1303} INFO - Executing <Task(PythonOperator): extract_and_load> on 2023-03-30 00:01:21.774195+00:00
[2023-03-30T00:01:27.424+0000] {standard_task_runner.py:55} INFO - Started process 219 to run task
[2023-03-30T00:01:27.439+0000] {standard_task_runner.py:82} INFO - Running: ['***', 'tasks', 'run', 'tax_income', 'extract_and_load', 'manual__2023-03-30T00:01:21.774195+00:00', '--job-id', '579', '--raw', '--subdir', 'DAGS_FOLDER/dag_model.py', '--cfg-path', '/tmp/tmpv1rk6ee2']
[2023-03-30T00:01:27.447+0000] {standard_task_runner.py:83} INFO - Job 579: Subtask extract_and_load
[2023-03-30T00:01:27.610+0000] {task_command.py:388} INFO - Running <TaskInstance: tax_income.extract_and_load manual__2023-03-30T00:01:21.774195+00:00 [running]> on host 32688d23169d
[2023-03-30T00:01:27.845+0000] {taskinstance.py:1511} INFO - Exporting the following env vars:
AIRFLOW_CTX_DAG_OWNER=***
AIRFLOW_CTX_DAG_ID=tax_income
AIRFLOW_CTX_TASK_ID=extract_and_load
AIRFLOW_CTX_EXECUTION_DATE=2023-03-30T00:01:21.774195+00:00
AIRFLOW_CTX_TRY_NUMBER=1
AIRFLOW_CTX_DAG_RUN_ID=manual__2023-03-30T00:01:21.774195+00:00
[2023-03-30T00:01:27.849+0000] {dag_model.py:66} INFO - Starting load_csv_from_bucket function...
[2023-03-30T00:01:27.987+0000] {dag_model.py:75} INFO - Downloading CSV files from test-chr-ml 
[2023-03-30T00:01:40.484+0000] {dag_model.py:91} INFO - Concatenating CSV files into a single DataFrame...
[2023-03-30T00:01:43.705+0000] {dag_model.py:99} INFO - Select specific columns and rename them
[2023-03-30T00:01:43.937+0000] {dag_model.py:106} INFO - Exporting DataFrame to BigQuery...
[2023-03-30T00:01:53.846+0000] {gbq.py:606} INFO - 199522 out of 199522 rows loaded.
[2023-03-30T00:01:53.848+0000] {dag_model.py:123} INFO - Finished load_csv_from_bucket function.
[2023-03-30T00:01:53.850+0000] {python.py:177} INFO - Done. Returned value was: None
[2023-03-30T00:01:53.925+0000] {taskinstance.py:1326} INFO - Marking task as SUCCESS. dag_id=tax_income, task_id=extract_and_load, execution_date=20230330T000121, start_date=20230330T000127, end_date=20230330T000153
[2023-03-30T00:01:54.016+0000] {local_task_job.py:212} INFO - Task exited with return code 0
[2023-03-30T00:01:54.063+0000] {taskinstance.py:2585} INFO - 1 downstream tasks scheduled from follow-on schedule check
