[2023-03-28T17:20:22.587+0000] {taskinstance.py:1084} INFO - Dependencies all met for dep_context=non-requeueable deps ti=<TaskInstance: my_dag.my_task scheduled__2023-03-28T17:15:00+00:00 [queued]>
[2023-03-28T17:20:22.619+0000] {taskinstance.py:1084} INFO - Dependencies all met for dep_context=requeueable deps ti=<TaskInstance: my_dag.my_task scheduled__2023-03-28T17:15:00+00:00 [queued]>
[2023-03-28T17:20:22.621+0000] {taskinstance.py:1282} INFO - 
--------------------------------------------------------------------------------
[2023-03-28T17:20:22.624+0000] {taskinstance.py:1283} INFO - Starting attempt 1 of 1
[2023-03-28T17:20:22.626+0000] {taskinstance.py:1284} INFO - 
--------------------------------------------------------------------------------
[2023-03-28T17:20:22.675+0000] {taskinstance.py:1303} INFO - Executing <Task(BashOperator): my_task> on 2023-03-28 17:15:00+00:00
[2023-03-28T17:20:22.689+0000] {standard_task_runner.py:55} INFO - Started process 767 to run task
[2023-03-28T17:20:22.708+0000] {standard_task_runner.py:82} INFO - Running: ['***', 'tasks', 'run', 'my_dag', 'my_task', 'scheduled__2023-03-28T17:15:00+00:00', '--job-id', '193', '--raw', '--subdir', 'DAGS_FOLDER/test.py', '--cfg-path', '/tmp/tmp0bqx81ux']
[2023-03-28T17:20:22.714+0000] {standard_task_runner.py:83} INFO - Job 193: Subtask my_task
[2023-03-28T17:20:22.912+0000] {task_command.py:388} INFO - Running <TaskInstance: my_dag.my_task scheduled__2023-03-28T17:15:00+00:00 [running]> on host 18cf4662f3ac
[2023-03-28T17:20:23.123+0000] {taskinstance.py:1511} INFO - Exporting the following env vars:
AIRFLOW_CTX_DAG_OWNER=***
AIRFLOW_CTX_DAG_ID=my_dag
AIRFLOW_CTX_TASK_ID=my_task
AIRFLOW_CTX_EXECUTION_DATE=2023-03-28T17:15:00+00:00
AIRFLOW_CTX_TRY_NUMBER=1
AIRFLOW_CTX_DAG_RUN_ID=scheduled__2023-03-28T17:15:00+00:00
[2023-03-28T17:20:23.128+0000] {subprocess.py:63} INFO - Tmp dir root location: 
 /tmp
[2023-03-28T17:20:23.131+0000] {subprocess.py:75} INFO - Running command: ['/bin/bash', '-c', 'for i in {1..5}; do echo $i; sleep 1; done']
[2023-03-28T17:20:23.167+0000] {subprocess.py:86} INFO - Output:
[2023-03-28T17:20:23.173+0000] {subprocess.py:93} INFO - 1
[2023-03-28T17:20:24.235+0000] {subprocess.py:93} INFO - 2
[2023-03-28T17:20:25.264+0000] {subprocess.py:93} INFO - 3
[2023-03-28T17:20:26.292+0000] {subprocess.py:93} INFO - 4
[2023-03-28T17:20:27.303+0000] {subprocess.py:93} INFO - 5
[2023-03-28T17:20:28.313+0000] {subprocess.py:97} INFO - Command exited with return code 0
[2023-03-28T17:20:28.371+0000] {taskinstance.py:1326} INFO - Marking task as SUCCESS. dag_id=my_dag, task_id=my_task, execution_date=20230328T171500, start_date=20230328T172022, end_date=20230328T172028
[2023-03-28T17:20:28.440+0000] {local_task_job.py:212} INFO - Task exited with return code 0
[2023-03-28T17:20:28.474+0000] {taskinstance.py:2585} INFO - 0 downstream tasks scheduled from follow-on schedule check
